<?xml version="1.0" encoding="utf-8"?>
<TestRun id="c23c2ef5-9dd5-4b51-b977-24e3a2b2a00a" name="terry@DESKTOP-J6M8022 2025-08-22 05:03:59" runUser="DESKTOP-J6M8022\terry" xmlns="http://microsoft.com/schemas/VisualStudio/TeamTest/2010">
  <Times creation="2025-08-22T05:03:59.7963768+08:00" queuing="2025-08-22T05:03:59.7963771+08:00" start="2025-08-22T05:03:58.8811792+08:00" finish="2025-08-22T05:04:30.4231285+08:00" />
  <TestSettings name="default" id="a85e1ac5-fdab-48ff-b305-6e0d44dd8dfb">
    <Deployment runDeploymentRoot="terry_DESKTOP-J6M8022_2025-08-22_05_03_59" />
  </TestSettings>
  <Results>
    <UnitTestResult executionId="abd9dd07-92d3-482e-bb33-e4b0f9442e67" testId="7aba6d95-cdac-4d3b-fc1e-d345b65a933b" testName="SystemMonitor.Tests.ContractTests.Hello_Request_Serializes_To_SnakeCase" computerName="DESKTOP-J6M8022" duration="00:00:00.0012656" startTime="2025-08-22T05:03:59.7507663+08:00" endTime="2025-08-22T05:03:59.7507666+08:00" testType="13cdc9d9-ddb5-4fa4-a97d-d965ccfc6d4b" outcome="Passed" testListId="8c84fa94-04c1-424b-9868-57a2d4851a1d" relativeResultsDirectory="abd9dd07-92d3-482e-bb33-e4b0f9442e67" />
    <UnitTestResult executionId="edebe65a-9655-44d0-8af3-a14d0d493abd" testId="69d6d1aa-b426-63fd-4c85-4eac53250980" testName="SystemMonitor.Tests.SchemaTests.QueryHistory_Schema_Valid" computerName="DESKTOP-J6M8022" duration="00:00:00.0041832" startTime="2025-08-22T05:03:59.9443922+08:00" endTime="2025-08-22T05:03:59.9443926+08:00" testType="13cdc9d9-ddb5-4fa4-a97d-d965ccfc6d4b" outcome="Passed" testListId="8c84fa94-04c1-424b-9868-57a2d4851a1d" relativeResultsDirectory="edebe65a-9655-44d0-8af3-a14d0d493abd" />
    <UnitTestResult executionId="929ee8f0-8530-49d4-b19b-40580763fb8f" testId="d1ecf483-dfd0-e8fd-412c-75343e5fd3e3" testName="SystemMonitor.Tests.UnitTest1.SnakeCase_Serialization_ShouldUseSnakeCaseNames" computerName="DESKTOP-J6M8022" duration="00:00:00.0003159" startTime="2025-08-22T05:03:59.7552662+08:00" endTime="2025-08-22T05:03:59.7552665+08:00" testType="13cdc9d9-ddb5-4fa4-a97d-d965ccfc6d4b" outcome="Passed" testListId="8c84fa94-04c1-424b-9868-57a2d4851a1d" relativeResultsDirectory="929ee8f0-8530-49d4-b19b-40580763fb8f" />
    <UnitTestResult executionId="a337196a-0e26-4c2c-ab75-6a5ef0cb5669" testId="f4df6398-0c14-b3dd-5ee6-c8f487d7504a" testName="SystemMonitor.Tests.ContractTests.Snapshot_Request_Serializes_To_SnakeCase" computerName="DESKTOP-J6M8022" duration="00:00:00.0006566" startTime="2025-08-22T05:03:59.6923559+08:00" endTime="2025-08-22T05:03:59.6923561+08:00" testType="13cdc9d9-ddb5-4fa4-a97d-d965ccfc6d4b" outcome="Passed" testListId="8c84fa94-04c1-424b-9868-57a2d4851a1d" relativeResultsDirectory="a337196a-0e26-4c2c-ab75-6a5ef0cb5669" />
    <UnitTestResult executionId="06b0114b-f421-4987-ae6f-14f14fb769db" testId="316b5766-01a4-b945-df1a-1d07ac1dfded" testName="SystemMonitor.Tests.SchemaTests.BurstSubscribe_Schema_Valid" computerName="DESKTOP-J6M8022" duration="00:00:00.0004902" startTime="2025-08-22T05:03:59.9487038+08:00" endTime="2025-08-22T05:03:59.9487039+08:00" testType="13cdc9d9-ddb5-4fa4-a97d-d965ccfc6d4b" outcome="Passed" testListId="8c84fa94-04c1-424b-9868-57a2d4851a1d" relativeResultsDirectory="06b0114b-f421-4987-ae6f-14f14fb769db" />
    <UnitTestResult executionId="24a2d4db-19c9-42e9-a65a-00c6267f8973" testId="af91bfef-d9e3-90f4-bf1f-8322352913ff" testName="SystemMonitor.Tests.SchemaTests.QueryHistory_Schema_Invalid_Granularity" computerName="DESKTOP-J6M8022" duration="00:00:00.0028943" startTime="2025-08-22T05:03:59.9474746+08:00" endTime="2025-08-22T05:03:59.9474747+08:00" testType="13cdc9d9-ddb5-4fa4-a97d-d965ccfc6d4b" outcome="Passed" testListId="8c84fa94-04c1-424b-9868-57a2d4851a1d" relativeResultsDirectory="24a2d4db-19c9-42e9-a65a-00c6267f8973" />
    <UnitTestResult executionId="ef48526e-e4ba-464b-8fb7-a537057f7f1e" testId="ef813fb4-1132-cb92-7e68-0c9ef045b6b7" testName="SystemMonitor.Tests.EndToEndTests.Metrics_CpuMem_Ranges" computerName="DESKTOP-J6M8022" duration="00:00:00.0010000" startTime="2025-08-22T05:04:06.7150785+08:00" endTime="2025-08-22T05:04:06.7150787+08:00" testType="13cdc9d9-ddb5-4fa4-a97d-d965ccfc6d4b" outcome="Failed" testListId="8c84fa94-04c1-424b-9868-57a2d4851a1d" relativeResultsDirectory="ef48526e-e4ba-464b-8fb7-a537057f7f1e">
      <Output>
        <ErrorInfo>
          <Message>System.InvalidOperationException : Service exited while waiting for pipe. Code=1. Tail:
[svc][out] 姝ｅ湪鐢熸垚...&#xD;
[svc][out] C:\code\sys-sensor-v3\src\SystemMonitor.Service\Services\RpcHostedService.cs(201,31): error CS0103: 褰撳墠涓婁笅鏂囦腑涓嶅瓨鍦ㄥ悕绉扳€淭ryCreateCounter鈥?[C:\code\sys-sensor-v3\src\SystemMonitor.Service\SystemMonitor.Service.csproj]&#xD;
[svc][out] C:\code\sys-sensor-v3\src\SystemMonitor.Service\Services\RpcHostedService.cs(203,35): error CS0103: 褰撳墠涓婁笅鏂囦腑涓嶅瓨鍦ㄥ悕绉扳€淭ryCreateCounter鈥?[C:\code\sys-sensor-v3\src\SystemMonitor.Service\SystemMonitor.Service.csproj]&#xD;
[svc][out] C:\code\sys-sensor-v3\src\SystemMonitor.Service\Program.cs(76,13): warning CA1416: 鍙湪鎵€鏈夊钩鍙颁笂璁块棶姝よ皟鐢ㄧ珯鐐广€?RpcHostedService" 浠呭湪 'windows' 涓婂彈鏀寔銆?(https://learn.microsoft.com/dotnet/fundamentals/code-analysis/quality-rules/ca1416) [C:\code\sys-sensor-v3\src\SystemMonitor.Service\SystemMonitor.Service.csproj]&#xD;
[svc][err] 鐢熸垚澶辫触銆傝淇鐢熸垚閿欒骞堕噸鏂拌繍琛屻€?
[file-log-tail]
2025-08-22 05:00:07.505 +08:00 [INF] DESKTOP-J6M8022 34864/11 SystemMonitor.Service.Worker Worker running at: "2025-08-22T05:00:07.5059406+08:00"&#xD;
2025-08-22 05:00:08.115 +08:00 [INF] DESKTOP-J6M8022 34864/11 SystemMonitor.Service.Services.RpcHostedService 客户端已连接&#xD;
2025-08-22 05:00:08.115 +08:00 [INF] DESKTOP-J6M8022 34864/11 SystemMonitor.Service.Services.RpcHostedService 客户端会话建立: conn="3ebaf5c9-7a90-4c1f-8d06-77e4b9511b6b"&#xD;
2025-08-22 05:00:08.119 +08:00 [INF] DESKTOP-J6M8022 34864/11 SystemMonitor.Service.Services.RpcHostedService 客户端断开：已达到流的结尾。 conn="3ebaf5c9-7a90-4c1f-8d06-77e4b9511b6b"&#xD;
2025-08-22 05:00:08.515 +08:00 [INF] DESKTOP-J6M8022 34864/11 SystemMonitor.Service.Worker Worker running at: "2025-08-22T05:00:08.5155952+08:00"&#xD;
2025-08-22 05:00:09.524 +08:00 [INF] DESKTOP-J6M8022 34864/9 SystemMonitor.Service.Worker Worker running at: "2025-08-22T05:00:09.5241284+08:00"&#xD;
2025-08-22 05:00:10.532 +08:00 [INF] DESKTOP-J6M8022 34864/8 SystemMonitor.Service.Worker Worker running at: "2025-08-22T05:00:10.5324730+08:00"&#xD;
2025-08-22 05:00:11.535 +08:00 [INF] DESKTOP-J6M8022 34864/12 SystemMonitor.Service.Worker Worker running at: "2025-08-22T05:00:11.5357528+08:00"&#xD;
2025-08-22 05:00:12.548 +08:00 [INF] DESKTOP-J6M8022 34864/8 SystemMonitor.Service.Worker Worker running at: "2025-08-22T05:00:12.5481912+08:00"&#xD;
2025-08-22 05:00:13.107 +08:00 [INF] DESKTOP-J6M8022 34864/12 SystemMonitor.Service.Services.RpcHostedService 客户端已连接&#xD;
2025-08-22 05:00:13.107 +08:00 [INF] DESKTOP-J6M8022 34864/12 SystemMonitor.Service.Services.RpcHostedService 客户端会话建立: conn="27a81c38-4647-493a-8fb8-8f2e144087dc"&#xD;
2025-08-22 05:00:13.111 +08:00 [INF] DESKTOP-J6M8022 34864/11 SystemMonitor.Service.Services.RpcHostedService 客户端断开：已达到流的结尾。 conn="27a81c38-4647-493a-8fb8-8f2e144087dc"&#xD;
2025-08-22 05:00:13.384 +08:00 [INF] DESKTOP-J6M8022 34864/8 SystemMonitor.Service.Services.RpcHostedService 客户端已连接&#xD;
2025-08-22 05:00:13.384 +08:00 [INF] DESKTOP-J6M8022 34864/8 SystemMonitor.Service.Services.RpcHostedService 客户端会话建立: conn="25e61bd6-9b34-4b1b-8730-8dd26623668c"&#xD;
2025-08-22 05:00:13.405 +08:00 [INF] DESKTOP-J6M8022 34864/8 SystemMonitor.Service.Services.RpcHostedService snapshot called, modules=*&#xD;
2025-08-22 05:00:13.408 +08:00 [INF] DESKTOP-J6M8022 34864/9 SystemMonitor.Service.Services.RpcHostedService 客户端断开：已达到流的结尾。 conn="25e61bd6-9b34-4b1b-8730-8dd26623668c"&#xD;
2025-08-22 05:00:13.551 +08:00 [INF] DESKTOP-J6M8022 34864/12 SystemMonitor.Service.Worker Worker running at: "2025-08-22T05:00:13.5519178+08:00"&#xD;
2025-08-22 05:00:14.561 +08:00 [INF] DESKTOP-J6M8022 34864/8 SystemMonitor.Service.Worker Worker running at: "2025-08-22T05:00:14.5613344+08:00"&#xD;
2025-08-22 05:00:15.574 +08:00 [INF] DESKTOP-J6M8022 34864/8 SystemMonitor.Service.Worker Worker running at: "2025-08-22T05:00:15.5741996+08:00"&#xD;
2025-08-22 05:00:16.580 +08:00 [INF] DESKTOP-J6M8022 34864/12 SystemMonitor.Service.Worker Worker running at: "2025-08-22T05:00:16.5802431+08:00"&#xD;
2025-08-22 05:00:17.583 +08:00 [INF] DESKTOP-J6M8022 34864/12 SystemMonitor.Service.Worker Worker running at: "2025-08-22T05:00:17.5832737+08:00"&#xD;
2025-08-22 05:00:18.114 +08:00 [INF] DESKTOP-J6M8022 34864/11 SystemMonitor.Service.Services.RpcHostedService 客户端已连接&#xD;
2025-08-22 05:00:18.114 +08:00 [INF] DESKTOP-J6M8022 34864/11 SystemMonitor.Service.Services.RpcHostedService 客户端会话建立: conn="8619790b-69c5-445b-ab8d-8526df618427"&#xD;
2025-08-22 05:00:18.116 +08:00 [INF] DESKTOP-J6M8022 34864/12 SystemMonitor.Service.Services.RpcHostedService 客户端断开：已达到流的结尾。 conn="8619790b-69c5-445b-ab8d-8526df618427"&#xD;
2025-08-22 05:00:18.595 +08:00 [INF] DESKTOP-J6M8022 34864/11 SystemMonitor.Service.Worker Worker running at: "2025-08-22T05:00:18.5953464+08:00"&#xD;
2025-08-22 05:00:19.605 +08:00 [INF] DESKTOP-J6M8022 34864/11 SystemMonitor.Service.Worker Worker running at: "2025-08-22T05:00:19.6052530+08:00"&#xD;
2025-08-22 05:00:20.613 +08:00 [INF] DESKTOP-J6M8022 34864/13 SystemMonitor.Service.Worker Worker running at: "2025-08-22T05:00:20.6131263+08:00"&#xD;
2025-08-22 05:00:21.613 +08:00 [INF] DESKTOP-J6M8022 34864/11 SystemMonitor.Service.Worker Worker running at: "2025-08-22T05:00:21.6130098+08:00"&#xD;
2025-08-22 05:00:22.624 +08:00 [INF] DESKTOP-J6M8022 34864/13 SystemMonitor.Service.Worker Worker running at: "2025-08-22T05:00:22.6244940+08:00"&#xD;
2025-08-22 05:00:23.105 +08:00 [INF] DESKTOP-J6M8022 34864/13 SystemMonitor.Service.Services.RpcHostedService 客户端已连接&#xD;
2025-08-22 05:00:23.105 +08:00 [INF] DESKTOP-J6M8022 34864/13 SystemMonitor.Service.Services.RpcHostedService 客户端会话建立: conn="849f5c90-811a-4eb3-97ea-73e1b9d03257"&#xD;
2025-08-22 05:00:23.108 +08:00 [INF] DESKTOP-J6M8022 34864/8 SystemMonitor.Service.Services.RpcHostedService 客户端断开：已达到流的结尾。 conn="849f5c90-811a-4eb3-97ea-73e1b9d03257"&#xD;
2025-08-22 05:00:23.627 +08:00 [INF] DESKTOP-J6M8022 34864/13 SystemMonitor.Service.Worker Worker running at: "2025-08-22T05:00:23.6275367+08:00"&#xD;
2025-08-22 05:00:24.631 +08:00 [INF] DESKTOP-J6M8022 34864/8 SystemMonitor.Service.Worker Worker running at: "2025-08-22T05:00:24.6319373+08:00"&#xD;
2025-08-22 05:00:25.643 +08:00 [INF] DESKTOP-J6M8022 34864/13 SystemMonitor.Service.Worker Worker running at: "2025-08-22T05:00:25.6437810+08:00"&#xD;
2025-08-22 05:00:26.649 +08:00 [INF] DESKTOP-J6M8022 34864/10 SystemMonitor.Service.Worker Worker running at: "2025-08-22T05:00:26.6498268+08:00"&#xD;
2025-08-22 05:00:27.653 +08:00 [INF] DESKTOP-J6M8022 34864/13 SystemMonitor.Service.Worker Worker running at: "2025-08-22T05:00:27.6536723+08:00"&#xD;
2025-08-22 05:00:28.104 +08:00 [INF] DESKTOP-J6M8022 34864/13 SystemMonitor.Service.Services.RpcHostedService 客户端已连接&#xD;
2025-08-22 05:00:28.104 +08:00 [INF] DESKTOP-J6M8022 34864/13 SystemMonitor.Service.Services.RpcHostedService 客户端会话建立: conn="58087a9a-4fe9-4ab7-893a-962c7c34de4d"&#xD;
2025-08-22 05:00:28.108 +08:00 [INF] DESKTOP-J6M8022 34864/10 SystemMonitor.Service.Services.RpcHostedService 客户端断开：已达到流的结尾。 conn="58087a9a-4fe9-4ab7-893a-962c7c34de4d"&#xD;
2025-08-22 05:00:28.658 +08:00 [INF] DESKTOP-J6M8022 34864/10 SystemMonitor.Service.Worker Worker running at: "2025-08-22T05:00:28.6580477+08:00"&#xD;
2025-08-22 05:00:29.667 +08:00 [INF] DESKTOP-J6M8022 34864/10 SystemMonitor.Service.Worker Worker running at: "2025-08-22T05:00:29.6670246+08:00"&#xD;
2025-08-22 05:00:30.671 +08:00 [INF] DESKTOP-J6M8022 34864/11 SystemMonitor.Service.Worker Worker running at: "2025-08-22T05:00:30.6718324+08:00"&#xD;
2025-08-22 05:00:31.677 +08:00 [INF] DESKTOP-J6M8022 34864/11 SystemMonitor.Service.Worker Worker running at: "2025-08-22T05:00:31.6773257+08:00"&#xD;
2025-08-22 05:00:32.687 +08:00 [INF] DESKTOP-J6M8022 34864/8 SystemMonitor.Service.Worker Worker running at: "2025-08-22T05:00:32.6879602+08:00"&#xD;
2025-08-22 05:00:33.104 +08:00 [INF] DESKTOP-J6M8022 34864/11 SystemMonitor.Service.Services.RpcHostedService 客户端已连接&#xD;
2025-08-22 05:00:33.104 +08:00 [INF] DESKTOP-J6M8022 34864/11 SystemMonitor.Service.Services.RpcHostedService 客户端会话建立: conn="f2efc72f-7360-4d95-8499-7acad765c432"&#xD;
2025-08-22 05:00:33.107 +08:00 [INF] DESKTOP-J6M8022 34864/11 SystemMonitor.Service.Services.RpcHostedService 客户端断开：已达到流的结尾。 conn="f2efc72f-7360-4d95-8499-7acad765c432"&#xD;
2025-08-22 05:00:33.703 +08:00 [INF] DESKTOP-J6M8022 34864/8 SystemMonitor.Service.Worker Worker running at: "2025-08-22T05:00:33.7031716+08:00"&#xD;
2025-08-22 05:00:34.705 +08:00 [INF] DESKTOP-J6M8022 34864/13 SystemMonitor.Service.Worker Worker running at: "2025-08-22T05:00:34.7053006+08:00"&#xD;
2025-08-22 05:00:35.716 +08:00 [INF] DESKTOP-J6M8022 34864/11 SystemMonitor.Service.Worker Worker running at: "2025-08-22T05:00:35.7161477+08:00"&#xD;
2025-08-22 05:00:36.721 +08:00 [INF] DESKTOP-J6M8022 34864/12 SystemMonitor.Service.Worker Worker running at: "2025-08-22T05:00:36.7213935+08:00"&#xD;
2025-08-22 05:00:37.725 +08:00 [INF] DESKTOP-J6M8022 34864/12 SystemMonitor.Service.Worker Worker running at: "2025-08-22T05:00:37.7251514+08:00"&#xD;
2025-08-22 05:00:38.118 +08:00 [INF] DESKTOP-J6M8022 34864/13 SystemMonitor.Service.Services.RpcHostedService 客户端已连接&#xD;
2025-08-22 05:00:38.118 +08:00 [INF] DESKTOP-J6M8022 34864/13 SystemMonitor.Service.Services.RpcHostedService 客户端会话建立: conn="b439ecab-ffb2-4843-8f54-1844ad704c06"&#xD;
2025-08-22 05:00:38.121 +08:00 [INF] DESKTOP-J6M8022 34864/13 SystemMonitor.Service.Services.RpcHostedService 客户端断开：已达到流的结尾。 conn="b439ecab-ffb2-4843-8f54-1844ad704c06"&#xD;
2025-08-22 05:00:38.725 +08:00 [INF] DESKTOP-J6M8022 34864/8 SystemMonitor.Service.Worker Worker running at: "2025-08-22T05:00:38.7259519+08:00"&#xD;
2025-08-22 05:00:39.740 +08:00 [INF] DESKTOP-J6M8022 34864/11 SystemMonitor.Service.Worker Worker running at: "2025-08-22T05:00:39.7403082+08:00"&#xD;
2025-08-22 05:00:40.742 +08:00 [INF] DESKTOP-J6M8022 34864/11 SystemMonitor.Service.Worker Worker running at: "2025-08-22T05:00:40.7425737+08:00"&#xD;
2025-08-22 05:00:41.745 +08:00 [INF] DESKTOP-J6M8022 34864/13 SystemMonitor.Service.Worker Worker running at: "2025-08-22T05:00:41.7451229+08:00"&#xD;
2025-08-22 05:00:42.751 +08:00 [INF] DESKTOP-J6M8022 34864/11 SystemMonitor.Service.Worker Worker running at: "2025-08-22T05:00:42.7515665+08:00"&#xD;
2025-08-22 05:00:43.110 +08:00 [INF] DESKTOP-J6M8022 34864/14 SystemMonitor.Service.Services.RpcHostedService 客户端已连接&#xD;
2025-08-22 05:00:43.110 +08:00 [INF] DESKTOP-J6M8022 34864/14 SystemMonitor.Service.Services.RpcHostedService 客户端会话建立: conn="ec82b613-da05-4264-84fe-3fb03c945d2f"&#xD;
2025-08-22 05:00:43.120 +08:00 [INF] DESKTOP-J6M8022 34864/9 SystemMonitor.Service.Services.RpcHostedService 客户端断开：已达到流的结尾。 conn="ec82b613-da05-4264-84fe-3fb03c945d2f"&#xD;
2025-08-22 05:00:43.389 +08:00 [INF] DESKTOP-J6M8022 34864/13 SystemMonitor.Service.Services.RpcHostedService 客户端已连接&#xD;
2025-08-22 05:00:43.389 +08:00 [INF] DESKTOP-J6M8022 34864/13 SystemMonitor.Service.Services.RpcHostedService 客户端会话建立: conn="2f7dc9d3-2402-4294-ba61-bc663df8cf82"&#xD;
2025-08-22 05:00:43.398 +08:00 [INF] DESKTOP-J6M8022 34864/13 SystemMonitor.Service.Services.RpcHostedService snapshot called, modules=*&#xD;
2025-08-22 05:00:43.407 +08:00 [INF] DESKTOP-J6M8022 34864/13 SystemMonitor.Service.Services.RpcHostedService 客户端断开：已达到流的结尾。 conn="2f7dc9d3-2402-4294-ba61-bc663df8cf82"&#xD;
2025-08-22 05:00:43.756 +08:00 [INF] DESKTOP-J6M8022 34864/13 SystemMonitor.Service.Worker Worker running at: "2025-08-22T05:00:43.7565234+08:00"&#xD;
2025-08-22 05:00:44.757 +08:00 [INF] DESKTOP-J6M8022 34864/11 SystemMonitor.Service.Worker Worker running at: "2025-08-22T05:00:44.7577675+08:00"&#xD;
2025-08-22 05:00:45.762 +08:00 [INF] DESKTOP-J6M8022 34864/11 SystemMonitor.Service.Worker Worker running at: "2025-08-22T05:00:45.7627674+08:00"&#xD;
2025-08-22 05:00:46.772 +08:00 [INF] DESKTOP-J6M8022 34864/11 SystemMonitor.Service.Worker Worker running at: "2025-08-22T05:00:46.7724296+08:00"&#xD;
2025-08-22 05:00:47.772 +08:00 [INF] DESKTOP-J6M8022 34864/11 SystemMonitor.Service.Worker Worker running at: "2025-08-22T05:00:47.7724414+08:00"&#xD;
2025-08-22 05:00:48.113 +08:00 [INF] DESKTOP-J6M8022 34864/11 SystemMonitor.Service.Services.RpcHostedService 客户端已连接&#xD;
2025-08-22 05:00:48.113 +08:00 [INF] DESKTOP-J6M8022 34864/11 SystemMonitor.Service.Services.RpcHostedService 客户端会话建立: conn="0b57ec2b-be63-49bb-9b61-b642d4a6bad8"&#xD;
2025-08-22 05:00:48.118 +08:00 [INF] DESKTOP-J6M8022 34864/11 SystemMonitor.Service.Services.RpcHostedService 客户端断开：已达到流的结尾。 conn="0b57ec2b-be63-49bb-9b61-b642d4a6bad8"&#xD;
2025-08-22 05:00:48.786 +08:00 [INF] DESKTOP-J6M8022 34864/14 SystemMonitor.Service.Worker Worker running at: "2025-08-22T05:00:48.7861767+08:00"&#xD;
2025-08-22 05:00:49.797 +08:00 [INF] DESKTOP-J6M8022 34864/14 SystemMonitor.Service.Worker Worker running at: "2025-08-22T05:00:49.7971060+08:00"&#xD;
2025-08-22 05:00:50.810 +08:00 [INF] DESKTOP-J6M8022 34864/14 SystemMonitor.Service.Worker Worker running at: "2025-08-22T05:00:50.8103703+08:00"&#xD;
2025-08-22 05:00:51.819 +08:00 [INF] DESKTOP-J6M8022 34864/14 SystemMonitor.Service.Worker Worker running at: "2025-08-22T05:00:51.8191149+08:00"&#xD;
2025-08-22 05:00:52.832 +08:00 [INF] DESKTOP-J6M8022 34864/14 SystemMonitor.Service.Worker Worker running at: "2025-08-22T05:00:52.8322629+08:00"&#xD;
2025-08-22 05:00:53.102 +08:00 [INF] DESKTOP-J6M8022 34864/14 SystemMonitor.Service.Services.RpcHostedService 客户端已连接&#xD;
2025-08-22 05:00:53.102 +08:00 [INF] DESKTOP-J6M8022 34864/14 SystemMonitor.Service.Services.RpcHostedService 客户端会话建立: conn="a1d8b427-d708-44e2-9952-15a5a936e6af"&#xD;
2025-08-22 05:00:53.105 +08:00 [INF] DESKTOP-J6M8022 34864/13 SystemMonitor.Service.Services.RpcHostedService 客户端断开：已达到流的结尾。 conn="a1d8b427-d708-44e2-9952-15a5a936e6af"&#xD;
2025-08-22 05:00:53.839 +08:00 [INF] DESKTOP-J6M8022 34864/9 SystemMonitor.Service.Worker Worker running at: "2025-08-22T05:00:53.8390210+08:00"&#xD;
2025-08-22 05:00:54.844 +08:00 [INF] DESKTOP-J6M8022 34864/9 SystemMonitor.Service.Worker Worker running at: "2025-08-22T05:00:54.8440332+08:00"&#xD;
2025-08-22 05:00:55.849 +08:00 [INF] DESKTOP-J6M8022 34864/14 SystemMonitor.Service.Worker Worker running at: "2025-08-22T05:00:55.8498931+08:00"&#xD;
2025-08-22 05:00:56.855 +08:00 [INF] DESKTOP-J6M8022 34864/12 SystemMonitor.Service.Worker Worker running at: "2025-08-22T05:00:56.8554623+08:00"&#xD;
2025-08-22 05:00:57.861 +08:00 [INF] DESKTOP-J6M8022 34864/12 SystemMonitor.Service.Worker Worker running at: "2025-08-22T05:00:57.8610329+08:00"&#xD;
2025-08-22 05:00:58.111 +08:00 [INF] DESKTOP-J6M8022 34864/8 SystemMonitor.Service.Services.RpcHostedService 客户端已连接&#xD;
2025-08-22 05:00:58.111 +08:00 [INF] DESKTOP-J6M8022 34864/8 SystemMonitor.Service.Services.RpcHostedService 客户端会话建立: conn="667ed3f1-bd30-41e0-92ff-80608571c1ce"&#xD;
2025-08-22 05:00:58.116 +08:00 [INF] DESKTOP-J6M8022 34864/12 SystemMonitor.Service.Services.RpcHostedService 客户端断开：已达到流的结尾。 conn="667ed3f1-bd30-41e0-92ff-80608571c1ce"&#xD;
2025-08-22 05:00:58.863 +08:00 [INF] DESKTOP-J6M8022 34864/8 SystemMonitor.Service.Worker Worker running at: "2025-08-22T05:00:58.8635685+08:00"&#xD;
2025-08-22 05:00:59.864 +08:00 [INF] DESKTOP-J6M8022 34864/13 SystemMonitor.Service.Worker Worker running at: "2025-08-22T05:00:59.8639948+08:00"&#xD;
2025-08-22 05:01:00.871 +08:00 [INF] DESKTOP-J6M8022 34864/8 SystemMonitor.Service.Worker Worker running at: "2025-08-22T05:01:00.8711317+08:00"&#xD;
2025-08-22 05:01:01.872 +08:00 [INF] DESKTOP-J6M8022 34864/8 SystemMonitor.Service.Worker Worker running at: "2025-08-22T05:01:01.8723849+08:00"&#xD;
2025-08-22 05:01:02.874 +08:00 [INF] DESKTOP-J6M8022 34864/13 SystemMonitor.Service.Worker Worker running at: "2025-08-22T05:01:02.8742125+08:00"&#xD;
2025-08-22 05:01:03.109 +08:00 [INF] DESKTOP-J6M8022 34864/13 SystemMonitor.Service.Services.RpcHostedService 客户端已连接&#xD;
2025-08-22 05:01:03.109 +08:00 [INF] DESKTOP-J6M8022 34864/13 SystemMonitor.Service.Services.RpcHostedService 客户端会话建立: conn="6f7008b5-fb8e-492a-bb7e-9769bc95aca3"&#xD;
2025-08-22 05:01:03.113 +08:00 [INF] DESKTOP-J6M8022 34864/13 SystemMonitor.Service.Services.RpcHostedService 客户端断开：已达到流的结尾。 conn="6f7008b5-fb8e-492a-bb7e-9769bc95aca3"&#xD;
2025-08-22 05:01:03.878 +08:00 [INF] DESKTOP-J6M8022 34864/9 SystemMonitor.Service.Worker Worker running at: "2025-08-22T05:01:03.8780156+08:00"&#xD;
2025-08-22 05:01:04.882 +08:00 [INF] DESKTOP-J6M8022 34864/9 SystemMonitor.Service.Worker Worker running at: "2025-08-22T05:01:04.8824276+08:00"&#xD;
2025-08-22 05:01:05.888 +08:00 [INF] DESKTOP-J6M8022 34864/9 SystemMonitor.Service.Worker Worker running at: "2025-08-22T05:01:05.8884444+08:00"&#xD;
2025-08-22 05:01:06.898 +08:00 [INF] DESKTOP-J6M8022 34864/13 SystemMonitor.Service.Worker Worker running at: "2025-08-22T05:01:06.8980438+08:00"&#xD;
2025-08-22 05:01:07.902 +08:00 [INF] DESKTOP-J6M8022 34864/12 SystemMonitor.Service.Worker Worker running at: "2025-08-22T05:01:07.9022915+08:00"&#xD;
2025-08-22 05:01:08.106 +08:00 [INF] DESKTOP-J6M8022 34864/12 SystemMonitor.Service.Services.RpcHostedService 客户端已连接&#xD;
2025-08-22 05:01:08.106 +08:00 [INF] DESKTOP-J6M8022 34864/12 SystemMonitor.Service.Services.RpcHostedService 客户端会话建立: conn="57e57623-52be-4bde-b1c7-694c9251d418"&#xD;
2025-08-22 05:01:08.111 +08:00 [INF] DESKTOP-J6M8022 34864/14 SystemMonitor.Service.Services.RpcHostedService 客户端断开：已达到流的结尾。 conn="57e57623-52be-4bde-b1c7-694c9251d418"&#xD;
2025-08-22 05:01:08.904 +08:00 [INF] DESKTOP-J6M8022 34864/13 SystemMonitor.Service.Worker Worker running at: "2025-08-22T05:01:08.9045942+08:00"&#xD;
2025-08-22 05:01:09.905 +08:00 [INF] DESKTOP-J6M8022 34864/12 SystemMonitor.Service.Worker Worker running at: "2025-08-22T05:01:09.9059497+08:00"&#xD;
2025-08-22 05:01:10.910 +08:00 [INF] DESKTOP-J6M8022 34864/8 SystemMonitor.Service.Worker Worker running at: "2025-08-22T05:01:10.9104565+08:00"&#xD;
2025-08-22 05:01:11.913 +08:00 [INF] DESKTOP-J6M8022 34864/12 SystemMonitor.Service.Worker Worker running at: "2025-08-22T05:01:11.9132884+08:00"&#xD;
2025-08-22 05:01:12.917 +08:00 [INF] DESKTOP-J6M8022 34864/8 SystemMonitor.Service.Worker Worker running at: "2025-08-22T05:01:12.9173706+08:00"&#xD;
2025-08-22 05:01:13.103 +08:00 [INF] DESKTOP-J6M8022 34864/8 SystemMonitor.Service.Services.RpcHostedService 客户端已连接&#xD;
2025-08-22 05:01:13.103 +08:00 [INF] DESKTOP-J6M8022 34864/8 SystemMonitor.Service.Services.RpcHostedService 客户端会话建立: conn="8c8ff938-4ec2-4b63-94b8-07d74318db55"&#xD;
2025-08-22 05:01:13.107 +08:00 [INF] DESKTOP-J6M8022 34864/12 SystemMonitor.Service.Services.RpcHostedService 客户端断开：已达到流的结尾。 conn="8c8ff938-4ec2-4b63-94b8-07d74318db55"&#xD;
2025-08-22 05:01:13.395 +08:00 [INF] DESKTOP-J6M8022 34864/8 SystemMonitor.Service.Services.RpcHostedService 客户端已连接&#xD;
2025-08-22 05:01:13.395 +08:00 [INF] DESKTOP-J6M8022 34864/8 SystemMonitor.Service.Services.RpcHostedService 客户端会话建立: conn="0d0e45ce-49cf-483b-8035-5df65c66b336"&#xD;
2025-08-22 05:01:13.409 +08:00 [INF] DESKTOP-J6M8022 34864/8 SystemMonitor.Service.Services.RpcHostedService snapshot called, modules=*&#xD;
2025-08-22 05:01:13.415 +08:00 [INF] DESKTOP-J6M8022 34864/12 SystemMonitor.Service.Services.RpcHostedService 客户端断开：已达到流的结尾。 conn="0d0e45ce-49cf-483b-8035-5df65c66b336"&#xD;
2025-08-22 05:01:13.923 +08:00 [INF] DESKTOP-J6M8022 34864/14 SystemMonitor.Service.Worker Worker running at: "2025-08-22T05:01:13.9232807+08:00"&#xD;
2025-08-22 05:01:14.929 +08:00 [INF] DESKTOP-J6M8022 34864/12 SystemMonitor.Service.Worker Worker running at: "2025-08-22T05:01:14.9292827+08:00"&#xD;
2025-08-22 05:01:15.932 +08:00 [INF] DESKTOP-J6M8022 34864/8 SystemMonitor.Service.Worker Worker running at: "2025-08-22T05:01:15.9326500+08:00"&#xD;
2025-08-22 05:01:16.939 +08:00 [INF] DESKTOP-J6M8022 34864/14 SystemMonitor.Service.Worker Worker running at: "2025-08-22T05:01:16.9393680+08:00"&#xD;
2025-08-22 05:01:17.943 +08:00 [INF] DESKTOP-J6M8022 34864/8 SystemMonitor.Service.Worker Worker running at: "2025-08-22T05:01:17.9432416+08:00"&#xD;
2025-08-22 05:01:18.116 +08:00 [INF] DESKTOP-J6M8022 34864/8 SystemMonitor.Service.Services.RpcHostedService 客户端已连接&#xD;
2025-08-22 05:01:18.116 +08:00 [INF] DESKTOP-J6M8022 34864/8 SystemMonitor.Service.Services.RpcHostedService 客户端会话建立: conn="4caa660b-18e4-4979-bebe-31bdd3b07642"&#xD;
2025-08-22 05:01:18.119 +08:00 [INF] DESKTOP-J6M8022 34864/12 SystemMonitor.Service.Services.RpcHostedService 客户端断开：已达到流的结尾。 conn="4caa660b-18e4-4979-bebe-31bdd3b07642"&#xD;
2025-08-22 05:01:18.947 +08:00 [INF] DESKTOP-J6M8022 34864/8 SystemMonitor.Service.Worker Worker running at: "2025-08-22T05:01:18.9470563+08:00"&#xD;
2025-08-22 05:01:19.950 +08:00 [INF] DESKTOP-J6M8022 34864/8 SystemMonitor.Service.Worker Worker running at: "2025-08-22T05:01:19.9501774+08:00"&#xD;
2025-08-22 05:01:20.958 +08:00 [INF] DESKTOP-J6M8022 34864/8 SystemMonitor.Service.Worker Worker running at: "2025-08-22T05:01:20.9579718+08:00"&#xD;
2025-08-22 05:01:21.959 +08:00 [INF] DESKTOP-J6M8022 34864/14 SystemMonitor.Service.Worker Worker running at: "2025-08-22T05:01:21.9594726+08:00"&#xD;
2025-08-22 05:01:22.963 +08:00 [INF] DESKTOP-J6M8022 34864/8 SystemMonitor.Service.Worker Worker running at: "2025-08-22T05:01:22.9634519+08:00"&#xD;
2025-08-22 05:01:23.105 +08:00 [INF] DESKTOP-J6M8022 34864/8 SystemMonitor.Service.Services.RpcHostedService 客户端已连接&#xD;
2025-08-22 05:01:23.105 +08:00 [INF] DESKTOP-J6M8022 34864/8 SystemMonitor.Service.Services.RpcHostedService 客户端会话建立: conn="8639769c-80fa-407f-b9a9-4050afd76198"&#xD;
2025-08-22 05:01:23.107 +08:00 [INF] DESKTOP-J6M8022 34864/14 SystemMonitor.Service.Services.RpcHostedService 客户端断开：已达到流的结尾。 conn="8639769c-80fa-407f-b9a9-4050afd76198"&#xD;
2025-08-22 05:01:23.971 +08:00 [INF] DESKTOP-J6M8022 34864/11 SystemMonitor.Service.Worker Worker running at: "2025-08-22T05:01:23.9715344+08:00"&#xD;
2025-08-22 05:01:24.982 +08:00 [INF] DESKTOP-J6M8022 34864/11 SystemMonitor.Service.Worker Worker running at: "2025-08-22T05:01:24.9819615+08:00"&#xD;
2025-08-22 05:01:25.994 +08:00 [INF] DESKTOP-J6M8022 34864/11 SystemMonitor.Service.Worker Worker running at: "2025-08-22T05:01:25.9941989+08:00"&#xD;
2025-08-22 05:01:26.999 +08:00 [INF] DESKTOP-J6M8022 34864/8 SystemMonitor.Service.Worker Worker running at: "2025-08-22T05:01:26.9999359+08:00"&#xD;
2025-08-22 05:01:28.013 +08:00 [INF] DESKTOP-J6M8022 34864/11 SystemMonitor.Service.Worker Worker running at: "2025-08-22T05:01:28.0133025+08:00"&#xD;
2025-08-22 05:01:28.109 +08:00 [INF] DESKTOP-J6M8022 34864/11 SystemMonitor.Service.Services.RpcHostedService 客户端已连接&#xD;
2025-08-22 05:01:28.109 +08:00 [INF] DESKTOP-J6M8022 34864/11 SystemMonitor.Service.Services.RpcHostedService 客户端会话建立: conn="fda2e581-c0a4-4aa4-a5e0-11787ca179bd"&#xD;
2025-08-22 05:01:28.112 +08:00 [INF] DESKTOP-J6M8022 34864/11 SystemMonitor.Service.Services.RpcHostedService 客户端断开：已达到流的结尾。 conn="fda2e581-c0a4-4aa4-a5e0-11787ca179bd"&#xD;
2025-08-22 05:01:29.018 +08:00 [INF] DESKTOP-J6M8022 34864/11 SystemMonitor.Service.Worker Worker running at: "2025-08-22T05:01:29.0183364+08:00"&#xD;
2025-08-22 05:01:30.019 +08:00 [INF] DESKTOP-J6M8022 34864/8 SystemMonitor.Service.Worker Worker running at: "2025-08-22T05:01:30.0195935+08:00"&#xD;
2025-08-22 05:01:31.026 +08:00 [INF] DESKTOP-J6M8022 34864/8 SystemMonitor.Service.Worker Worker running at: "2025-08-22T05:01:31.0262398+08:00"&#xD;
2025-08-22 05:01:32.031 +08:00 [INF] DESKTOP-J6M8022 34864/12 SystemMonitor.Service.Worker Worker running at: "2025-08-22T05:01:32.0310132+08:00"&#xD;
2025-08-22 05:01:33.035 +08:00 [INF] DESKTOP-J6M8022 34864/12 SystemMonitor.Service.Worker Worker running at: "2025-08-22T05:01:33.0357910+08:00"&#xD;
2025-08-22 05:01:33.116 +08:00 [INF] DESKTOP-J6M8022 34864/12 SystemMonitor.Service.Services.RpcHostedService 客户端已连接&#xD;
2025-08-22 05:01:33.116 +08:00 [INF] DESKTOP-J6M8022 34864/12 SystemMonitor.Service.Services.RpcHostedService 客户端会话建立: conn="34e1094f-2d5d-4eb2-b05a-37c0e40cc011"&#xD;
2025-08-22 05:01:33.119 +08:00 [INF] DESKTOP-J6M8022 34864/8 SystemMonitor.Service.Services.RpcHostedService 客户端断开：已达到流的结尾。 conn="34e1094f-2d5d-4eb2-b05a-37c0e40cc011"&#xD;
2025-08-22 05:01:34.041 +08:00 [INF] DESKTOP-J6M8022 34864/8 SystemMonitor.Service.Worker Worker running at: "2025-08-22T05:01:34.0416262+08:00"&#xD;
2025-08-22 05:01:35.045 +08:00 [INF] DESKTOP-J6M8022 34864/8 SystemMonitor.Service.Worker Worker running at: "2025-08-22T05:01:35.0457088+08:00"&#xD;
2025-08-22 05:01:36.047 +08:00 [INF] DESKTOP-J6M8022 34864/12 SystemMonitor.Service.Worker Worker running at: "2025-08-22T05:01:36.0479378+08:00"&#xD;
2025-08-22 05:01:37.050 +08:00 [INF] DESKTOP-J6M8022 34864/12 SystemMonitor.Service.Worker Worker running at: "2025-08-22T05:01:37.0504892+08:00"&#xD;
2025-08-22 05:01:38.061 +08:00 [INF] DESKTOP-J6M8022 34864/14 SystemMonitor.Service.Worker Worker running at: "2025-08-22T05:01:38.0614429+08:00"&#xD;
2025-08-22 05:01:38.110 +08:00 [INF] DESKTOP-J6M8022 34864/12 SystemMonitor.Service.Services.RpcHostedService 客户端已连接&#xD;
2025-08-22 05:01:38.110 +08:00 [INF] DESKTOP-J6M8022 34864/12 SystemMonitor.Service.Services.RpcHostedService 客户端会话建立: conn="06117a62-6040-4241-9927-358af4226d43"&#xD;
2025-08-22 05:01:38.113 +08:00 [INF] DESKTOP-J6M8022 34864/14 SystemMonitor.Service.Services.RpcHostedService 客户端断开：已达到流的结尾。 conn="06117a62-6040-4241-9927-358af4226d43"&#xD;
2025-08-22 05:01:39.064 +08:00 [INF] DESKTOP-J6M8022 34864/14 SystemMonitor.Service.Worker Worker running at: "2025-08-22T05:01:39.0644324+08:00"&#xD;
2025-08-22 05:01:40.069 +08:00 [INF] DESKTOP-J6M8022 34864/8 SystemMonitor.Service.Worker Worker running at: "2025-08-22T05:01:40.0698228+08:00"&#xD;
2025-08-22 05:01:41.072 +08:00 [INF] DESKTOP-J6M8022 34864/8 SystemMonitor.Service.Worker Worker running at: "2025-08-22T05:01:41.0721700+08:00"&#xD;
2025-08-22 05:01:42.086 +08:00 [INF] DESKTOP-J6M8022 34864/11 SystemMonitor.Service.Worker Worker running at: "2025-08-22T05:01:42.0860513+08:00"&#xD;
2025-08-22 05:01:43.101 +08:00 [INF] DESKTOP-J6M8022 34864/8 SystemMonitor.Service.Worker Worker running at: "2025-08-22T05:01:43.1011436+08:00"&#xD;
2025-08-22 05:01:43.105 +08:00 [INF] DESKTOP-J6M8022 34864/9 SystemMonitor.Service.Services.RpcHostedService 客户端已连接&#xD;
2025-08-22 05:01:43.105 +08:00 [INF] DESKTOP-J6M8022 34864/9 SystemMonitor.Service.Services.RpcHostedService 客户端会话建立: conn="860b5ccb-a321-4101-b6d7-ba8cfd17c2fa"&#xD;
2025-08-22 05:01:43.109 +08:00 [INF] DESKTOP-J6M8022 34864/8 SystemMonitor.Service.Services.RpcHostedService 客户端断开：已达到流的结尾。 conn="860b5ccb-a321-4101-b6d7-ba8cfd17c2fa"&#xD;
2025-08-22 05:01:43.386 +08:00 [INF] DESKTOP-J6M8022 34864/11 SystemMonitor.Service.Services.RpcHostedService 客户端已连接&#xD;
2025-08-22 05:01:43.386 +08:00 [INF] DESKTOP-J6M8022 34864/11 SystemMonitor.Service.Services.RpcHostedService 客户端会话建立: conn="7103465a-6b36-49d0-b971-0765ff27b367"&#xD;
2025-08-22 05:01:43.387 +08:00 [INF] DESKTOP-J6M8022 34864/11 SystemMonitor.Service.Services.RpcHostedService snapshot called, modules=*&#xD;
2025-08-22 05:01:43.394 +08:00 [INF] DESKTOP-J6M8022 34864/14 SystemMonitor.Service.Services.RpcHostedService 客户端断开：已达到流的结尾。 conn="7103465a-6b36-49d0-b971-0765ff27b367"&#xD;
2025-08-22 05:01:44.107 +08:00 [INF] DESKTOP-J6M8022 34864/11 SystemMonitor.Service.Worker Worker running at: "2025-08-22T05:01:44.1078485+08:00"&#xD;
2025-08-22 05:01:45.116 +08:00 [INF] DESKTOP-J6M8022 34864/8 SystemMonitor.Service.Worker Worker running at: "2025-08-22T05:01:45.1165225+08:00"&#xD;
2025-08-22 05:01:46.125 +08:00 [INF] DESKTOP-J6M8022 34864/8 SystemMonitor.Service.Worker Worker running at: "2025-08-22T05:01:46.1259467+08:00"&#xD;
2025-08-22 05:01:47.131 +08:00 [INF] DESKTOP-J6M8022 34864/8 SystemMonitor.Service.Worker Worker running at: "2025-08-22T05:01:47.1319177+08:00"&#xD;
2025-08-22 05:01:48.110 +08:00 [INF] DESKTOP-J6M8022 34864/9 SystemMonitor.Service.Services.RpcHostedService 客户端已连接&#xD;
2025-08-22 05:01:48.111 +08:00 [INF] DESKTOP-J6M8022 34864/9 SystemMonitor.Service.Services.RpcHostedService 客户端会话建立: conn="dc929a0f-2511-48c2-b921-bb00e3b2d95e"&#xD;
2025-08-22 05:01:48.113 +08:00 [INF] DESKTOP-J6M8022 34864/9 SystemMonitor.Service.Services.RpcHostedService 客户端断开：已达到流的结尾。 conn="dc929a0f-2511-48c2-b921-bb00e3b2d95e"&#xD;
2025-08-22 05:01:48.139 +08:00 [INF] DESKTOP-J6M8022 34864/9 SystemMonitor.Service.Worker Worker running at: "2025-08-22T05:01:48.1397480+08:00"&#xD;
2025-08-22 05:01:49.149 +08:00 [INF] DESKTOP-J6M8022 34864/9 SystemMonitor.Service.Worker Worker running at: "2025-08-22T05:01:49.1490602+08:00"&#xD;
2025-08-22 05:01:50.156 +08:00 [INF] DESKTOP-J6M8022 34864/9 SystemMonitor.Service.Worker Worker running at: "2025-08-22T05:01:50.1565687+08:00"&#xD;
2025-08-22 05:01:51.163 +08:00 [INF] DESKTOP-J6M8022 34864/8 SystemMonitor.Service.Worker Worker running at: "2025-08-22T05:01:51.1638742+08:00"&#xD;
2025-08-22 05:01:52.175 +08:00 [INF] DESKTOP-J6M8022 34864/8 SystemMonitor.Service.Worker Worker running at: "2025-08-22T05:01:52.1751866+08:00"&#xD;
2025-08-22 05:01:53.106 +08:00 [INF] DESKTOP-J6M8022 34864/8 SystemMonitor.Service.Services.RpcHostedService 客户端已连接&#xD;
2025-08-22 05:01:53.106 +08:00 [INF] DESKTOP-J6M8022 34864/8 SystemMonitor.Service.Services.RpcHostedService 客户端会话建立: conn="cf08e297-f8bc-42e5-a912-8cdf3760d104"&#xD;
2025-08-22 05:01:53.109 +08:00 [INF] DESKTOP-J6M8022 34864/14 SystemMonitor.Service.Services.RpcHostedService 客户端断开：已达到流的结尾。 conn="cf08e297-f8bc-42e5-a912-8cdf3760d104"&#xD;
2025-08-22 05:01:53.183 +08:00 [INF] DESKTOP-J6M8022 34864/12 SystemMonitor.Service.Worker Worker running at: "2025-08-22T05:01:53.1832976+08:00"&#xD;
2025-08-22 05:01:54.188 +08:00 [INF] DESKTOP-J6M8022 34864/12 SystemMonitor.Service.Worker Worker running at: "2025-08-22T05:01:54.1886519+08:00"&#xD;
2025-08-22 05:01:55.189 +08:00 [INF] DESKTOP-J6M8022 34864/12 SystemMonitor.Service.Worker Worker running at: "2025-08-22T05:01:55.1890118+08:00"&#xD;
2025-08-22 05:01:56.201 +08:00 [INF] DESKTOP-J6M8022 34864/14 SystemMonitor.Service.Worker Worker running at: "2025-08-22T05:01:56.2011712+08:00"&#xD;
2025-08-22 05:01:57.203 +08:00 [INF] DESKTOP-J6M8022 34864/12 SystemMonitor.Service.Worker Worker running at: "2025-08-22T05:01:57.2030740+08:00"&#xD;
2025-08-22 05:01:58.150 +08:00 [INF] DESKTOP-J6M8022 34864/11 SystemMonitor.Service.Services.RpcHostedService 客户端已连接&#xD;
2025-08-22 05:01:58.150 +08:00 [INF] DESKTOP-J6M8022 34864/11 SystemMonitor.Service.Services.RpcHostedService 客户端会话建立: conn="12ea3cb9-6e37-4a78-8a02-17ba9963b724"&#xD;
2025-08-22 05:01:58.164 +08:00 [INF] DESKTOP-J6M8022 34864/14 SystemMonitor.Service.Services.RpcHostedService 客户端断开：已达到流的结尾。 conn="12ea3cb9-6e37-4a78-8a02-17ba9963b724"&#xD;
2025-08-22 05:01:58.220 +08:00 [INF] DESKTOP-J6M8022 34864/14 SystemMonitor.Service.Worker Worker running at: "2025-08-22T05:01:58.2204087+08:00"&#xD;
2025-08-22 05:01:59.232 +08:00 [INF] DESKTOP-J6M8022 34864/11 SystemMonitor.Service.Worker Worker running at: "2025-08-22T05:01:59.2321592+08:00"&#xD;
2025-08-22 05:02:00.236 +08:00 [INF] DESKTOP-J6M8022 34864/14 SystemMonitor.Service.Worker Worker running at: "2025-08-22T05:02:00.2367533+08:00"&#xD;
2025-08-22 05:02:01.245 +08:00 [INF] DESKTOP-J6M8022 34864/11 SystemMonitor.Service.Worker Worker running at: "2025-08-22T05:02:01.2451701+08:00"&#xD;
2025-08-22 05:02:02.255 +08:00 [INF] DESKTOP-J6M8022 34864/11 SystemMonitor.Service.Worker Worker running at: "2025-08-22T05:02:02.2559126+08:00"</Message>
          <StackTrace>   at SystemMonitor.Tests.EndToEndTests.WaitPipeReadyAsync(TimeSpan timeout) in C:\code\sys-sensor-v3\src\SystemMonitor.Tests\EndToEndTests.cs:line 151&#xD;
   at SystemMonitor.Tests.EndToEndTests.InitializeAsync() in C:\code\sys-sensor-v3\src\SystemMonitor.Tests\EndToEndTests.cs:line 278</StackTrace>
        </ErrorInfo>
      </Output>
    </UnitTestResult>
    <UnitTestResult executionId="31e07f26-420f-4f27-93f5-027c2b3826db" testId="c7e17ebe-07f3-5913-71e6-f1c4a943136f" testName="SystemMonitor.Tests.SchemaTests.BurstSubscribe_Schema_Invalid_EmptyModules" computerName="DESKTOP-J6M8022" duration="00:00:00.0073487" startTime="2025-08-22T05:03:59.9561571+08:00" endTime="2025-08-22T05:03:59.9561573+08:00" testType="13cdc9d9-ddb5-4fa4-a97d-d965ccfc6d4b" outcome="Passed" testListId="8c84fa94-04c1-424b-9868-57a2d4851a1d" relativeResultsDirectory="31e07f26-420f-4f27-93f5-027c2b3826db" />
    <UnitTestResult executionId="f3fbf3df-f6e8-4139-bf85-7ef45c0c8362" testId="afa476e6-1342-0de1-8963-ea8bca4835e6" testName="SystemMonitor.Tests.EndToEndTests.QueryHistory_Aggregations_10s_1m" computerName="DESKTOP-J6M8022" duration="00:00:00.0010000" startTime="2025-08-22T05:04:10.8128258+08:00" endTime="2025-08-22T05:04:10.8128259+08:00" testType="13cdc9d9-ddb5-4fa4-a97d-d965ccfc6d4b" outcome="Failed" testListId="8c84fa94-04c1-424b-9868-57a2d4851a1d" relativeResultsDirectory="f3fbf3df-f6e8-4139-bf85-7ef45c0c8362">
      <Output>
        <ErrorInfo>
          <Message>System.InvalidOperationException : Service exited while waiting for pipe. Code=1. Tail:
[svc][out] 姝ｅ湪鐢熸垚...&#xD;
[svc][out] C:\code\sys-sensor-v3\src\SystemMonitor.Service\Services\RpcHostedService.cs(201,31): error CS0103: 褰撳墠涓婁笅鏂囦腑涓嶅瓨鍦ㄥ悕绉扳€淭ryCreateCounter鈥?[C:\code\sys-sensor-v3\src\SystemMonitor.Service\SystemMonitor.Service.csproj]&#xD;
[svc][out] C:\code\sys-sensor-v3\src\SystemMonitor.Service\Services\RpcHostedService.cs(203,35): error CS0103: 褰撳墠涓婁笅鏂囦腑涓嶅瓨鍦ㄥ悕绉扳€淭ryCreateCounter鈥?[C:\code\sys-sensor-v3\src\SystemMonitor.Service\SystemMonitor.Service.csproj]&#xD;
[svc][out] C:\code\sys-sensor-v3\src\SystemMonitor.Service\Program.cs(76,13): warning CA1416: 鍙湪鎵€鏈夊钩鍙颁笂璁块棶姝よ皟鐢ㄧ珯鐐广€?RpcHostedService" 浠呭湪 'windows' 涓婂彈鏀寔銆?(https://learn.microsoft.com/dotnet/fundamentals/code-analysis/quality-rules/ca1416) [C:\code\sys-sensor-v3\src\SystemMonitor.Service\SystemMonitor.Service.csproj]&#xD;
[svc][err] 鐢熸垚澶辫触銆傝淇鐢熸垚閿欒骞堕噸鏂拌繍琛屻€?
[file-log-tail]
2025-08-22 05:00:07.505 +08:00 [INF] DESKTOP-J6M8022 34864/11 SystemMonitor.Service.Worker Worker running at: "2025-08-22T05:00:07.5059406+08:00"&#xD;
2025-08-22 05:00:08.115 +08:00 [INF] DESKTOP-J6M8022 34864/11 SystemMonitor.Service.Services.RpcHostedService 客户端已连接&#xD;
2025-08-22 05:00:08.115 +08:00 [INF] DESKTOP-J6M8022 34864/11 SystemMonitor.Service.Services.RpcHostedService 客户端会话建立: conn="3ebaf5c9-7a90-4c1f-8d06-77e4b9511b6b"&#xD;
2025-08-22 05:00:08.119 +08:00 [INF] DESKTOP-J6M8022 34864/11 SystemMonitor.Service.Services.RpcHostedService 客户端断开：已达到流的结尾。 conn="3ebaf5c9-7a90-4c1f-8d06-77e4b9511b6b"&#xD;
2025-08-22 05:00:08.515 +08:00 [INF] DESKTOP-J6M8022 34864/11 SystemMonitor.Service.Worker Worker running at: "2025-08-22T05:00:08.5155952+08:00"&#xD;
2025-08-22 05:00:09.524 +08:00 [INF] DESKTOP-J6M8022 34864/9 SystemMonitor.Service.Worker Worker running at: "2025-08-22T05:00:09.5241284+08:00"&#xD;
2025-08-22 05:00:10.532 +08:00 [INF] DESKTOP-J6M8022 34864/8 SystemMonitor.Service.Worker Worker running at: "2025-08-22T05:00:10.5324730+08:00"&#xD;
2025-08-22 05:00:11.535 +08:00 [INF] DESKTOP-J6M8022 34864/12 SystemMonitor.Service.Worker Worker running at: "2025-08-22T05:00:11.5357528+08:00"&#xD;
2025-08-22 05:00:12.548 +08:00 [INF] DESKTOP-J6M8022 34864/8 SystemMonitor.Service.Worker Worker running at: "2025-08-22T05:00:12.5481912+08:00"&#xD;
2025-08-22 05:00:13.107 +08:00 [INF] DESKTOP-J6M8022 34864/12 SystemMonitor.Service.Services.RpcHostedService 客户端已连接&#xD;
2025-08-22 05:00:13.107 +08:00 [INF] DESKTOP-J6M8022 34864/12 SystemMonitor.Service.Services.RpcHostedService 客户端会话建立: conn="27a81c38-4647-493a-8fb8-8f2e144087dc"&#xD;
2025-08-22 05:00:13.111 +08:00 [INF] DESKTOP-J6M8022 34864/11 SystemMonitor.Service.Services.RpcHostedService 客户端断开：已达到流的结尾。 conn="27a81c38-4647-493a-8fb8-8f2e144087dc"&#xD;
2025-08-22 05:00:13.384 +08:00 [INF] DESKTOP-J6M8022 34864/8 SystemMonitor.Service.Services.RpcHostedService 客户端已连接&#xD;
2025-08-22 05:00:13.384 +08:00 [INF] DESKTOP-J6M8022 34864/8 SystemMonitor.Service.Services.RpcHostedService 客户端会话建立: conn="25e61bd6-9b34-4b1b-8730-8dd26623668c"&#xD;
2025-08-22 05:00:13.405 +08:00 [INF] DESKTOP-J6M8022 34864/8 SystemMonitor.Service.Services.RpcHostedService snapshot called, modules=*&#xD;
2025-08-22 05:00:13.408 +08:00 [INF] DESKTOP-J6M8022 34864/9 SystemMonitor.Service.Services.RpcHostedService 客户端断开：已达到流的结尾。 conn="25e61bd6-9b34-4b1b-8730-8dd26623668c"&#xD;
2025-08-22 05:00:13.551 +08:00 [INF] DESKTOP-J6M8022 34864/12 SystemMonitor.Service.Worker Worker running at: "2025-08-22T05:00:13.5519178+08:00"&#xD;
2025-08-22 05:00:14.561 +08:00 [INF] DESKTOP-J6M8022 34864/8 SystemMonitor.Service.Worker Worker running at: "2025-08-22T05:00:14.5613344+08:00"&#xD;
2025-08-22 05:00:15.574 +08:00 [INF] DESKTOP-J6M8022 34864/8 SystemMonitor.Service.Worker Worker running at: "2025-08-22T05:00:15.5741996+08:00"&#xD;
2025-08-22 05:00:16.580 +08:00 [INF] DESKTOP-J6M8022 34864/12 SystemMonitor.Service.Worker Worker running at: "2025-08-22T05:00:16.5802431+08:00"&#xD;
2025-08-22 05:00:17.583 +08:00 [INF] DESKTOP-J6M8022 34864/12 SystemMonitor.Service.Worker Worker running at: "2025-08-22T05:00:17.5832737+08:00"&#xD;
2025-08-22 05:00:18.114 +08:00 [INF] DESKTOP-J6M8022 34864/11 SystemMonitor.Service.Services.RpcHostedService 客户端已连接&#xD;
2025-08-22 05:00:18.114 +08:00 [INF] DESKTOP-J6M8022 34864/11 SystemMonitor.Service.Services.RpcHostedService 客户端会话建立: conn="8619790b-69c5-445b-ab8d-8526df618427"&#xD;
2025-08-22 05:00:18.116 +08:00 [INF] DESKTOP-J6M8022 34864/12 SystemMonitor.Service.Services.RpcHostedService 客户端断开：已达到流的结尾。 conn="8619790b-69c5-445b-ab8d-8526df618427"&#xD;
2025-08-22 05:00:18.595 +08:00 [INF] DESKTOP-J6M8022 34864/11 SystemMonitor.Service.Worker Worker running at: "2025-08-22T05:00:18.5953464+08:00"&#xD;
2025-08-22 05:00:19.605 +08:00 [INF] DESKTOP-J6M8022 34864/11 SystemMonitor.Service.Worker Worker running at: "2025-08-22T05:00:19.6052530+08:00"&#xD;
2025-08-22 05:00:20.613 +08:00 [INF] DESKTOP-J6M8022 34864/13 SystemMonitor.Service.Worker Worker running at: "2025-08-22T05:00:20.6131263+08:00"&#xD;
2025-08-22 05:00:21.613 +08:00 [INF] DESKTOP-J6M8022 34864/11 SystemMonitor.Service.Worker Worker running at: "2025-08-22T05:00:21.6130098+08:00"&#xD;
2025-08-22 05:00:22.624 +08:00 [INF] DESKTOP-J6M8022 34864/13 SystemMonitor.Service.Worker Worker running at: "2025-08-22T05:00:22.6244940+08:00"&#xD;
2025-08-22 05:00:23.105 +08:00 [INF] DESKTOP-J6M8022 34864/13 SystemMonitor.Service.Services.RpcHostedService 客户端已连接&#xD;
2025-08-22 05:00:23.105 +08:00 [INF] DESKTOP-J6M8022 34864/13 SystemMonitor.Service.Services.RpcHostedService 客户端会话建立: conn="849f5c90-811a-4eb3-97ea-73e1b9d03257"&#xD;
2025-08-22 05:00:23.108 +08:00 [INF] DESKTOP-J6M8022 34864/8 SystemMonitor.Service.Services.RpcHostedService 客户端断开：已达到流的结尾。 conn="849f5c90-811a-4eb3-97ea-73e1b9d03257"&#xD;
2025-08-22 05:00:23.627 +08:00 [INF] DESKTOP-J6M8022 34864/13 SystemMonitor.Service.Worker Worker running at: "2025-08-22T05:00:23.6275367+08:00"&#xD;
2025-08-22 05:00:24.631 +08:00 [INF] DESKTOP-J6M8022 34864/8 SystemMonitor.Service.Worker Worker running at: "2025-08-22T05:00:24.6319373+08:00"&#xD;
2025-08-22 05:00:25.643 +08:00 [INF] DESKTOP-J6M8022 34864/13 SystemMonitor.Service.Worker Worker running at: "2025-08-22T05:00:25.6437810+08:00"&#xD;
2025-08-22 05:00:26.649 +08:00 [INF] DESKTOP-J6M8022 34864/10 SystemMonitor.Service.Worker Worker running at: "2025-08-22T05:00:26.6498268+08:00"&#xD;
2025-08-22 05:00:27.653 +08:00 [INF] DESKTOP-J6M8022 34864/13 SystemMonitor.Service.Worker Worker running at: "2025-08-22T05:00:27.6536723+08:00"&#xD;
2025-08-22 05:00:28.104 +08:00 [INF] DESKTOP-J6M8022 34864/13 SystemMonitor.Service.Services.RpcHostedService 客户端已连接&#xD;
2025-08-22 05:00:28.104 +08:00 [INF] DESKTOP-J6M8022 34864/13 SystemMonitor.Service.Services.RpcHostedService 客户端会话建立: conn="58087a9a-4fe9-4ab7-893a-962c7c34de4d"&#xD;
2025-08-22 05:00:28.108 +08:00 [INF] DESKTOP-J6M8022 34864/10 SystemMonitor.Service.Services.RpcHostedService 客户端断开：已达到流的结尾。 conn="58087a9a-4fe9-4ab7-893a-962c7c34de4d"&#xD;
2025-08-22 05:00:28.658 +08:00 [INF] DESKTOP-J6M8022 34864/10 SystemMonitor.Service.Worker Worker running at: "2025-08-22T05:00:28.6580477+08:00"&#xD;
2025-08-22 05:00:29.667 +08:00 [INF] DESKTOP-J6M8022 34864/10 SystemMonitor.Service.Worker Worker running at: "2025-08-22T05:00:29.6670246+08:00"&#xD;
2025-08-22 05:00:30.671 +08:00 [INF] DESKTOP-J6M8022 34864/11 SystemMonitor.Service.Worker Worker running at: "2025-08-22T05:00:30.6718324+08:00"&#xD;
2025-08-22 05:00:31.677 +08:00 [INF] DESKTOP-J6M8022 34864/11 SystemMonitor.Service.Worker Worker running at: "2025-08-22T05:00:31.6773257+08:00"&#xD;
2025-08-22 05:00:32.687 +08:00 [INF] DESKTOP-J6M8022 34864/8 SystemMonitor.Service.Worker Worker running at: "2025-08-22T05:00:32.6879602+08:00"&#xD;
2025-08-22 05:00:33.104 +08:00 [INF] DESKTOP-J6M8022 34864/11 SystemMonitor.Service.Services.RpcHostedService 客户端已连接&#xD;
2025-08-22 05:00:33.104 +08:00 [INF] DESKTOP-J6M8022 34864/11 SystemMonitor.Service.Services.RpcHostedService 客户端会话建立: conn="f2efc72f-7360-4d95-8499-7acad765c432"&#xD;
2025-08-22 05:00:33.107 +08:00 [INF] DESKTOP-J6M8022 34864/11 SystemMonitor.Service.Services.RpcHostedService 客户端断开：已达到流的结尾。 conn="f2efc72f-7360-4d95-8499-7acad765c432"&#xD;
2025-08-22 05:00:33.703 +08:00 [INF] DESKTOP-J6M8022 34864/8 SystemMonitor.Service.Worker Worker running at: "2025-08-22T05:00:33.7031716+08:00"&#xD;
2025-08-22 05:00:34.705 +08:00 [INF] DESKTOP-J6M8022 34864/13 SystemMonitor.Service.Worker Worker running at: "2025-08-22T05:00:34.7053006+08:00"&#xD;
2025-08-22 05:00:35.716 +08:00 [INF] DESKTOP-J6M8022 34864/11 SystemMonitor.Service.Worker Worker running at: "2025-08-22T05:00:35.7161477+08:00"&#xD;
2025-08-22 05:00:36.721 +08:00 [INF] DESKTOP-J6M8022 34864/12 SystemMonitor.Service.Worker Worker running at: "2025-08-22T05:00:36.7213935+08:00"&#xD;
2025-08-22 05:00:37.725 +08:00 [INF] DESKTOP-J6M8022 34864/12 SystemMonitor.Service.Worker Worker running at: "2025-08-22T05:00:37.7251514+08:00"&#xD;
2025-08-22 05:00:38.118 +08:00 [INF] DESKTOP-J6M8022 34864/13 SystemMonitor.Service.Services.RpcHostedService 客户端已连接&#xD;
2025-08-22 05:00:38.118 +08:00 [INF] DESKTOP-J6M8022 34864/13 SystemMonitor.Service.Services.RpcHostedService 客户端会话建立: conn="b439ecab-ffb2-4843-8f54-1844ad704c06"&#xD;
2025-08-22 05:00:38.121 +08:00 [INF] DESKTOP-J6M8022 34864/13 SystemMonitor.Service.Services.RpcHostedService 客户端断开：已达到流的结尾。 conn="b439ecab-ffb2-4843-8f54-1844ad704c06"&#xD;
2025-08-22 05:00:38.725 +08:00 [INF] DESKTOP-J6M8022 34864/8 SystemMonitor.Service.Worker Worker running at: "2025-08-22T05:00:38.7259519+08:00"&#xD;
2025-08-22 05:00:39.740 +08:00 [INF] DESKTOP-J6M8022 34864/11 SystemMonitor.Service.Worker Worker running at: "2025-08-22T05:00:39.7403082+08:00"&#xD;
2025-08-22 05:00:40.742 +08:00 [INF] DESKTOP-J6M8022 34864/11 SystemMonitor.Service.Worker Worker running at: "2025-08-22T05:00:40.7425737+08:00"&#xD;
2025-08-22 05:00:41.745 +08:00 [INF] DESKTOP-J6M8022 34864/13 SystemMonitor.Service.Worker Worker running at: "2025-08-22T05:00:41.7451229+08:00"&#xD;
2025-08-22 05:00:42.751 +08:00 [INF] DESKTOP-J6M8022 34864/11 SystemMonitor.Service.Worker Worker running at: "2025-08-22T05:00:42.7515665+08:00"&#xD;
2025-08-22 05:00:43.110 +08:00 [INF] DESKTOP-J6M8022 34864/14 SystemMonitor.Service.Services.RpcHostedService 客户端已连接&#xD;
2025-08-22 05:00:43.110 +08:00 [INF] DESKTOP-J6M8022 34864/14 SystemMonitor.Service.Services.RpcHostedService 客户端会话建立: conn="ec82b613-da05-4264-84fe-3fb03c945d2f"&#xD;
2025-08-22 05:00:43.120 +08:00 [INF] DESKTOP-J6M8022 34864/9 SystemMonitor.Service.Services.RpcHostedService 客户端断开：已达到流的结尾。 conn="ec82b613-da05-4264-84fe-3fb03c945d2f"&#xD;
2025-08-22 05:00:43.389 +08:00 [INF] DESKTOP-J6M8022 34864/13 SystemMonitor.Service.Services.RpcHostedService 客户端已连接&#xD;
2025-08-22 05:00:43.389 +08:00 [INF] DESKTOP-J6M8022 34864/13 SystemMonitor.Service.Services.RpcHostedService 客户端会话建立: conn="2f7dc9d3-2402-4294-ba61-bc663df8cf82"&#xD;
2025-08-22 05:00:43.398 +08:00 [INF] DESKTOP-J6M8022 34864/13 SystemMonitor.Service.Services.RpcHostedService snapshot called, modules=*&#xD;
2025-08-22 05:00:43.407 +08:00 [INF] DESKTOP-J6M8022 34864/13 SystemMonitor.Service.Services.RpcHostedService 客户端断开：已达到流的结尾。 conn="2f7dc9d3-2402-4294-ba61-bc663df8cf82"&#xD;
2025-08-22 05:00:43.756 +08:00 [INF] DESKTOP-J6M8022 34864/13 SystemMonitor.Service.Worker Worker running at: "2025-08-22T05:00:43.7565234+08:00"&#xD;
2025-08-22 05:00:44.757 +08:00 [INF] DESKTOP-J6M8022 34864/11 SystemMonitor.Service.Worker Worker running at: "2025-08-22T05:00:44.7577675+08:00"&#xD;
2025-08-22 05:00:45.762 +08:00 [INF] DESKTOP-J6M8022 34864/11 SystemMonitor.Service.Worker Worker running at: "2025-08-22T05:00:45.7627674+08:00"&#xD;
2025-08-22 05:00:46.772 +08:00 [INF] DESKTOP-J6M8022 34864/11 SystemMonitor.Service.Worker Worker running at: "2025-08-22T05:00:46.7724296+08:00"&#xD;
2025-08-22 05:00:47.772 +08:00 [INF] DESKTOP-J6M8022 34864/11 SystemMonitor.Service.Worker Worker running at: "2025-08-22T05:00:47.7724414+08:00"&#xD;
2025-08-22 05:00:48.113 +08:00 [INF] DESKTOP-J6M8022 34864/11 SystemMonitor.Service.Services.RpcHostedService 客户端已连接&#xD;
2025-08-22 05:00:48.113 +08:00 [INF] DESKTOP-J6M8022 34864/11 SystemMonitor.Service.Services.RpcHostedService 客户端会话建立: conn="0b57ec2b-be63-49bb-9b61-b642d4a6bad8"&#xD;
2025-08-22 05:00:48.118 +08:00 [INF] DESKTOP-J6M8022 34864/11 SystemMonitor.Service.Services.RpcHostedService 客户端断开：已达到流的结尾。 conn="0b57ec2b-be63-49bb-9b61-b642d4a6bad8"&#xD;
2025-08-22 05:00:48.786 +08:00 [INF] DESKTOP-J6M8022 34864/14 SystemMonitor.Service.Worker Worker running at: "2025-08-22T05:00:48.7861767+08:00"&#xD;
2025-08-22 05:00:49.797 +08:00 [INF] DESKTOP-J6M8022 34864/14 SystemMonitor.Service.Worker Worker running at: "2025-08-22T05:00:49.7971060+08:00"&#xD;
2025-08-22 05:00:50.810 +08:00 [INF] DESKTOP-J6M8022 34864/14 SystemMonitor.Service.Worker Worker running at: "2025-08-22T05:00:50.8103703+08:00"&#xD;
2025-08-22 05:00:51.819 +08:00 [INF] DESKTOP-J6M8022 34864/14 SystemMonitor.Service.Worker Worker running at: "2025-08-22T05:00:51.8191149+08:00"&#xD;
2025-08-22 05:00:52.832 +08:00 [INF] DESKTOP-J6M8022 34864/14 SystemMonitor.Service.Worker Worker running at: "2025-08-22T05:00:52.8322629+08:00"&#xD;
2025-08-22 05:00:53.102 +08:00 [INF] DESKTOP-J6M8022 34864/14 SystemMonitor.Service.Services.RpcHostedService 客户端已连接&#xD;
2025-08-22 05:00:53.102 +08:00 [INF] DESKTOP-J6M8022 34864/14 SystemMonitor.Service.Services.RpcHostedService 客户端会话建立: conn="a1d8b427-d708-44e2-9952-15a5a936e6af"&#xD;
2025-08-22 05:00:53.105 +08:00 [INF] DESKTOP-J6M8022 34864/13 SystemMonitor.Service.Services.RpcHostedService 客户端断开：已达到流的结尾。 conn="a1d8b427-d708-44e2-9952-15a5a936e6af"&#xD;
2025-08-22 05:00:53.839 +08:00 [INF] DESKTOP-J6M8022 34864/9 SystemMonitor.Service.Worker Worker running at: "2025-08-22T05:00:53.8390210+08:00"&#xD;
2025-08-22 05:00:54.844 +08:00 [INF] DESKTOP-J6M8022 34864/9 SystemMonitor.Service.Worker Worker running at: "2025-08-22T05:00:54.8440332+08:00"&#xD;
2025-08-22 05:00:55.849 +08:00 [INF] DESKTOP-J6M8022 34864/14 SystemMonitor.Service.Worker Worker running at: "2025-08-22T05:00:55.8498931+08:00"&#xD;
2025-08-22 05:00:56.855 +08:00 [INF] DESKTOP-J6M8022 34864/12 SystemMonitor.Service.Worker Worker running at: "2025-08-22T05:00:56.8554623+08:00"&#xD;
2025-08-22 05:00:57.861 +08:00 [INF] DESKTOP-J6M8022 34864/12 SystemMonitor.Service.Worker Worker running at: "2025-08-22T05:00:57.8610329+08:00"&#xD;
2025-08-22 05:00:58.111 +08:00 [INF] DESKTOP-J6M8022 34864/8 SystemMonitor.Service.Services.RpcHostedService 客户端已连接&#xD;
2025-08-22 05:00:58.111 +08:00 [INF] DESKTOP-J6M8022 34864/8 SystemMonitor.Service.Services.RpcHostedService 客户端会话建立: conn="667ed3f1-bd30-41e0-92ff-80608571c1ce"&#xD;
2025-08-22 05:00:58.116 +08:00 [INF] DESKTOP-J6M8022 34864/12 SystemMonitor.Service.Services.RpcHostedService 客户端断开：已达到流的结尾。 conn="667ed3f1-bd30-41e0-92ff-80608571c1ce"&#xD;
2025-08-22 05:00:58.863 +08:00 [INF] DESKTOP-J6M8022 34864/8 SystemMonitor.Service.Worker Worker running at: "2025-08-22T05:00:58.8635685+08:00"&#xD;
2025-08-22 05:00:59.864 +08:00 [INF] DESKTOP-J6M8022 34864/13 SystemMonitor.Service.Worker Worker running at: "2025-08-22T05:00:59.8639948+08:00"&#xD;
2025-08-22 05:01:00.871 +08:00 [INF] DESKTOP-J6M8022 34864/8 SystemMonitor.Service.Worker Worker running at: "2025-08-22T05:01:00.8711317+08:00"&#xD;
2025-08-22 05:01:01.872 +08:00 [INF] DESKTOP-J6M8022 34864/8 SystemMonitor.Service.Worker Worker running at: "2025-08-22T05:01:01.8723849+08:00"&#xD;
2025-08-22 05:01:02.874 +08:00 [INF] DESKTOP-J6M8022 34864/13 SystemMonitor.Service.Worker Worker running at: "2025-08-22T05:01:02.8742125+08:00"&#xD;
2025-08-22 05:01:03.109 +08:00 [INF] DESKTOP-J6M8022 34864/13 SystemMonitor.Service.Services.RpcHostedService 客户端已连接&#xD;
2025-08-22 05:01:03.109 +08:00 [INF] DESKTOP-J6M8022 34864/13 SystemMonitor.Service.Services.RpcHostedService 客户端会话建立: conn="6f7008b5-fb8e-492a-bb7e-9769bc95aca3"&#xD;
2025-08-22 05:01:03.113 +08:00 [INF] DESKTOP-J6M8022 34864/13 SystemMonitor.Service.Services.RpcHostedService 客户端断开：已达到流的结尾。 conn="6f7008b5-fb8e-492a-bb7e-9769bc95aca3"&#xD;
2025-08-22 05:01:03.878 +08:00 [INF] DESKTOP-J6M8022 34864/9 SystemMonitor.Service.Worker Worker running at: "2025-08-22T05:01:03.8780156+08:00"&#xD;
2025-08-22 05:01:04.882 +08:00 [INF] DESKTOP-J6M8022 34864/9 SystemMonitor.Service.Worker Worker running at: "2025-08-22T05:01:04.8824276+08:00"&#xD;
2025-08-22 05:01:05.888 +08:00 [INF] DESKTOP-J6M8022 34864/9 SystemMonitor.Service.Worker Worker running at: "2025-08-22T05:01:05.8884444+08:00"&#xD;
2025-08-22 05:01:06.898 +08:00 [INF] DESKTOP-J6M8022 34864/13 SystemMonitor.Service.Worker Worker running at: "2025-08-22T05:01:06.8980438+08:00"&#xD;
2025-08-22 05:01:07.902 +08:00 [INF] DESKTOP-J6M8022 34864/12 SystemMonitor.Service.Worker Worker running at: "2025-08-22T05:01:07.9022915+08:00"&#xD;
2025-08-22 05:01:08.106 +08:00 [INF] DESKTOP-J6M8022 34864/12 SystemMonitor.Service.Services.RpcHostedService 客户端已连接&#xD;
2025-08-22 05:01:08.106 +08:00 [INF] DESKTOP-J6M8022 34864/12 SystemMonitor.Service.Services.RpcHostedService 客户端会话建立: conn="57e57623-52be-4bde-b1c7-694c9251d418"&#xD;
2025-08-22 05:01:08.111 +08:00 [INF] DESKTOP-J6M8022 34864/14 SystemMonitor.Service.Services.RpcHostedService 客户端断开：已达到流的结尾。 conn="57e57623-52be-4bde-b1c7-694c9251d418"&#xD;
2025-08-22 05:01:08.904 +08:00 [INF] DESKTOP-J6M8022 34864/13 SystemMonitor.Service.Worker Worker running at: "2025-08-22T05:01:08.9045942+08:00"&#xD;
2025-08-22 05:01:09.905 +08:00 [INF] DESKTOP-J6M8022 34864/12 SystemMonitor.Service.Worker Worker running at: "2025-08-22T05:01:09.9059497+08:00"&#xD;
2025-08-22 05:01:10.910 +08:00 [INF] DESKTOP-J6M8022 34864/8 SystemMonitor.Service.Worker Worker running at: "2025-08-22T05:01:10.9104565+08:00"&#xD;
2025-08-22 05:01:11.913 +08:00 [INF] DESKTOP-J6M8022 34864/12 SystemMonitor.Service.Worker Worker running at: "2025-08-22T05:01:11.9132884+08:00"&#xD;
2025-08-22 05:01:12.917 +08:00 [INF] DESKTOP-J6M8022 34864/8 SystemMonitor.Service.Worker Worker running at: "2025-08-22T05:01:12.9173706+08:00"&#xD;
2025-08-22 05:01:13.103 +08:00 [INF] DESKTOP-J6M8022 34864/8 SystemMonitor.Service.Services.RpcHostedService 客户端已连接&#xD;
2025-08-22 05:01:13.103 +08:00 [INF] DESKTOP-J6M8022 34864/8 SystemMonitor.Service.Services.RpcHostedService 客户端会话建立: conn="8c8ff938-4ec2-4b63-94b8-07d74318db55"&#xD;
2025-08-22 05:01:13.107 +08:00 [INF] DESKTOP-J6M8022 34864/12 SystemMonitor.Service.Services.RpcHostedService 客户端断开：已达到流的结尾。 conn="8c8ff938-4ec2-4b63-94b8-07d74318db55"&#xD;
2025-08-22 05:01:13.395 +08:00 [INF] DESKTOP-J6M8022 34864/8 SystemMonitor.Service.Services.RpcHostedService 客户端已连接&#xD;
2025-08-22 05:01:13.395 +08:00 [INF] DESKTOP-J6M8022 34864/8 SystemMonitor.Service.Services.RpcHostedService 客户端会话建立: conn="0d0e45ce-49cf-483b-8035-5df65c66b336"&#xD;
2025-08-22 05:01:13.409 +08:00 [INF] DESKTOP-J6M8022 34864/8 SystemMonitor.Service.Services.RpcHostedService snapshot called, modules=*&#xD;
2025-08-22 05:01:13.415 +08:00 [INF] DESKTOP-J6M8022 34864/12 SystemMonitor.Service.Services.RpcHostedService 客户端断开：已达到流的结尾。 conn="0d0e45ce-49cf-483b-8035-5df65c66b336"&#xD;
2025-08-22 05:01:13.923 +08:00 [INF] DESKTOP-J6M8022 34864/14 SystemMonitor.Service.Worker Worker running at: "2025-08-22T05:01:13.9232807+08:00"&#xD;
2025-08-22 05:01:14.929 +08:00 [INF] DESKTOP-J6M8022 34864/12 SystemMonitor.Service.Worker Worker running at: "2025-08-22T05:01:14.9292827+08:00"&#xD;
2025-08-22 05:01:15.932 +08:00 [INF] DESKTOP-J6M8022 34864/8 SystemMonitor.Service.Worker Worker running at: "2025-08-22T05:01:15.9326500+08:00"&#xD;
2025-08-22 05:01:16.939 +08:00 [INF] DESKTOP-J6M8022 34864/14 SystemMonitor.Service.Worker Worker running at: "2025-08-22T05:01:16.9393680+08:00"&#xD;
2025-08-22 05:01:17.943 +08:00 [INF] DESKTOP-J6M8022 34864/8 SystemMonitor.Service.Worker Worker running at: "2025-08-22T05:01:17.9432416+08:00"&#xD;
2025-08-22 05:01:18.116 +08:00 [INF] DESKTOP-J6M8022 34864/8 SystemMonitor.Service.Services.RpcHostedService 客户端已连接&#xD;
2025-08-22 05:01:18.116 +08:00 [INF] DESKTOP-J6M8022 34864/8 SystemMonitor.Service.Services.RpcHostedService 客户端会话建立: conn="4caa660b-18e4-4979-bebe-31bdd3b07642"&#xD;
2025-08-22 05:01:18.119 +08:00 [INF] DESKTOP-J6M8022 34864/12 SystemMonitor.Service.Services.RpcHostedService 客户端断开：已达到流的结尾。 conn="4caa660b-18e4-4979-bebe-31bdd3b07642"&#xD;
2025-08-22 05:01:18.947 +08:00 [INF] DESKTOP-J6M8022 34864/8 SystemMonitor.Service.Worker Worker running at: "2025-08-22T05:01:18.9470563+08:00"&#xD;
2025-08-22 05:01:19.950 +08:00 [INF] DESKTOP-J6M8022 34864/8 SystemMonitor.Service.Worker Worker running at: "2025-08-22T05:01:19.9501774+08:00"&#xD;
2025-08-22 05:01:20.958 +08:00 [INF] DESKTOP-J6M8022 34864/8 SystemMonitor.Service.Worker Worker running at: "2025-08-22T05:01:20.9579718+08:00"&#xD;
2025-08-22 05:01:21.959 +08:00 [INF] DESKTOP-J6M8022 34864/14 SystemMonitor.Service.Worker Worker running at: "2025-08-22T05:01:21.9594726+08:00"&#xD;
2025-08-22 05:01:22.963 +08:00 [INF] DESKTOP-J6M8022 34864/8 SystemMonitor.Service.Worker Worker running at: "2025-08-22T05:01:22.9634519+08:00"&#xD;
2025-08-22 05:01:23.105 +08:00 [INF] DESKTOP-J6M8022 34864/8 SystemMonitor.Service.Services.RpcHostedService 客户端已连接&#xD;
2025-08-22 05:01:23.105 +08:00 [INF] DESKTOP-J6M8022 34864/8 SystemMonitor.Service.Services.RpcHostedService 客户端会话建立: conn="8639769c-80fa-407f-b9a9-4050afd76198"&#xD;
2025-08-22 05:01:23.107 +08:00 [INF] DESKTOP-J6M8022 34864/14 SystemMonitor.Service.Services.RpcHostedService 客户端断开：已达到流的结尾。 conn="8639769c-80fa-407f-b9a9-4050afd76198"&#xD;
2025-08-22 05:01:23.971 +08:00 [INF] DESKTOP-J6M8022 34864/11 SystemMonitor.Service.Worker Worker running at: "2025-08-22T05:01:23.9715344+08:00"&#xD;
2025-08-22 05:01:24.982 +08:00 [INF] DESKTOP-J6M8022 34864/11 SystemMonitor.Service.Worker Worker running at: "2025-08-22T05:01:24.9819615+08:00"&#xD;
2025-08-22 05:01:25.994 +08:00 [INF] DESKTOP-J6M8022 34864/11 SystemMonitor.Service.Worker Worker running at: "2025-08-22T05:01:25.9941989+08:00"&#xD;
2025-08-22 05:01:26.999 +08:00 [INF] DESKTOP-J6M8022 34864/8 SystemMonitor.Service.Worker Worker running at: "2025-08-22T05:01:26.9999359+08:00"&#xD;
2025-08-22 05:01:28.013 +08:00 [INF] DESKTOP-J6M8022 34864/11 SystemMonitor.Service.Worker Worker running at: "2025-08-22T05:01:28.0133025+08:00"&#xD;
2025-08-22 05:01:28.109 +08:00 [INF] DESKTOP-J6M8022 34864/11 SystemMonitor.Service.Services.RpcHostedService 客户端已连接&#xD;
2025-08-22 05:01:28.109 +08:00 [INF] DESKTOP-J6M8022 34864/11 SystemMonitor.Service.Services.RpcHostedService 客户端会话建立: conn="fda2e581-c0a4-4aa4-a5e0-11787ca179bd"&#xD;
2025-08-22 05:01:28.112 +08:00 [INF] DESKTOP-J6M8022 34864/11 SystemMonitor.Service.Services.RpcHostedService 客户端断开：已达到流的结尾。 conn="fda2e581-c0a4-4aa4-a5e0-11787ca179bd"&#xD;
2025-08-22 05:01:29.018 +08:00 [INF] DESKTOP-J6M8022 34864/11 SystemMonitor.Service.Worker Worker running at: "2025-08-22T05:01:29.0183364+08:00"&#xD;
2025-08-22 05:01:30.019 +08:00 [INF] DESKTOP-J6M8022 34864/8 SystemMonitor.Service.Worker Worker running at: "2025-08-22T05:01:30.0195935+08:00"&#xD;
2025-08-22 05:01:31.026 +08:00 [INF] DESKTOP-J6M8022 34864/8 SystemMonitor.Service.Worker Worker running at: "2025-08-22T05:01:31.0262398+08:00"&#xD;
2025-08-22 05:01:32.031 +08:00 [INF] DESKTOP-J6M8022 34864/12 SystemMonitor.Service.Worker Worker running at: "2025-08-22T05:01:32.0310132+08:00"&#xD;
2025-08-22 05:01:33.035 +08:00 [INF] DESKTOP-J6M8022 34864/12 SystemMonitor.Service.Worker Worker running at: "2025-08-22T05:01:33.0357910+08:00"&#xD;
2025-08-22 05:01:33.116 +08:00 [INF] DESKTOP-J6M8022 34864/12 SystemMonitor.Service.Services.RpcHostedService 客户端已连接&#xD;
2025-08-22 05:01:33.116 +08:00 [INF] DESKTOP-J6M8022 34864/12 SystemMonitor.Service.Services.RpcHostedService 客户端会话建立: conn="34e1094f-2d5d-4eb2-b05a-37c0e40cc011"&#xD;
2025-08-22 05:01:33.119 +08:00 [INF] DESKTOP-J6M8022 34864/8 SystemMonitor.Service.Services.RpcHostedService 客户端断开：已达到流的结尾。 conn="34e1094f-2d5d-4eb2-b05a-37c0e40cc011"&#xD;
2025-08-22 05:01:34.041 +08:00 [INF] DESKTOP-J6M8022 34864/8 SystemMonitor.Service.Worker Worker running at: "2025-08-22T05:01:34.0416262+08:00"&#xD;
2025-08-22 05:01:35.045 +08:00 [INF] DESKTOP-J6M8022 34864/8 SystemMonitor.Service.Worker Worker running at: "2025-08-22T05:01:35.0457088+08:00"&#xD;
2025-08-22 05:01:36.047 +08:00 [INF] DESKTOP-J6M8022 34864/12 SystemMonitor.Service.Worker Worker running at: "2025-08-22T05:01:36.0479378+08:00"&#xD;
2025-08-22 05:01:37.050 +08:00 [INF] DESKTOP-J6M8022 34864/12 SystemMonitor.Service.Worker Worker running at: "2025-08-22T05:01:37.0504892+08:00"&#xD;
2025-08-22 05:01:38.061 +08:00 [INF] DESKTOP-J6M8022 34864/14 SystemMonitor.Service.Worker Worker running at: "2025-08-22T05:01:38.0614429+08:00"&#xD;
2025-08-22 05:01:38.110 +08:00 [INF] DESKTOP-J6M8022 34864/12 SystemMonitor.Service.Services.RpcHostedService 客户端已连接&#xD;
2025-08-22 05:01:38.110 +08:00 [INF] DESKTOP-J6M8022 34864/12 SystemMonitor.Service.Services.RpcHostedService 客户端会话建立: conn="06117a62-6040-4241-9927-358af4226d43"&#xD;
2025-08-22 05:01:38.113 +08:00 [INF] DESKTOP-J6M8022 34864/14 SystemMonitor.Service.Services.RpcHostedService 客户端断开：已达到流的结尾。 conn="06117a62-6040-4241-9927-358af4226d43"&#xD;
2025-08-22 05:01:39.064 +08:00 [INF] DESKTOP-J6M8022 34864/14 SystemMonitor.Service.Worker Worker running at: "2025-08-22T05:01:39.0644324+08:00"&#xD;
2025-08-22 05:01:40.069 +08:00 [INF] DESKTOP-J6M8022 34864/8 SystemMonitor.Service.Worker Worker running at: "2025-08-22T05:01:40.0698228+08:00"&#xD;
2025-08-22 05:01:41.072 +08:00 [INF] DESKTOP-J6M8022 34864/8 SystemMonitor.Service.Worker Worker running at: "2025-08-22T05:01:41.0721700+08:00"&#xD;
2025-08-22 05:01:42.086 +08:00 [INF] DESKTOP-J6M8022 34864/11 SystemMonitor.Service.Worker Worker running at: "2025-08-22T05:01:42.0860513+08:00"&#xD;
2025-08-22 05:01:43.101 +08:00 [INF] DESKTOP-J6M8022 34864/8 SystemMonitor.Service.Worker Worker running at: "2025-08-22T05:01:43.1011436+08:00"&#xD;
2025-08-22 05:01:43.105 +08:00 [INF] DESKTOP-J6M8022 34864/9 SystemMonitor.Service.Services.RpcHostedService 客户端已连接&#xD;
2025-08-22 05:01:43.105 +08:00 [INF] DESKTOP-J6M8022 34864/9 SystemMonitor.Service.Services.RpcHostedService 客户端会话建立: conn="860b5ccb-a321-4101-b6d7-ba8cfd17c2fa"&#xD;
2025-08-22 05:01:43.109 +08:00 [INF] DESKTOP-J6M8022 34864/8 SystemMonitor.Service.Services.RpcHostedService 客户端断开：已达到流的结尾。 conn="860b5ccb-a321-4101-b6d7-ba8cfd17c2fa"&#xD;
2025-08-22 05:01:43.386 +08:00 [INF] DESKTOP-J6M8022 34864/11 SystemMonitor.Service.Services.RpcHostedService 客户端已连接&#xD;
2025-08-22 05:01:43.386 +08:00 [INF] DESKTOP-J6M8022 34864/11 SystemMonitor.Service.Services.RpcHostedService 客户端会话建立: conn="7103465a-6b36-49d0-b971-0765ff27b367"&#xD;
2025-08-22 05:01:43.387 +08:00 [INF] DESKTOP-J6M8022 34864/11 SystemMonitor.Service.Services.RpcHostedService snapshot called, modules=*&#xD;
2025-08-22 05:01:43.394 +08:00 [INF] DESKTOP-J6M8022 34864/14 SystemMonitor.Service.Services.RpcHostedService 客户端断开：已达到流的结尾。 conn="7103465a-6b36-49d0-b971-0765ff27b367"&#xD;
2025-08-22 05:01:44.107 +08:00 [INF] DESKTOP-J6M8022 34864/11 SystemMonitor.Service.Worker Worker running at: "2025-08-22T05:01:44.1078485+08:00"&#xD;
2025-08-22 05:01:45.116 +08:00 [INF] DESKTOP-J6M8022 34864/8 SystemMonitor.Service.Worker Worker running at: "2025-08-22T05:01:45.1165225+08:00"&#xD;
2025-08-22 05:01:46.125 +08:00 [INF] DESKTOP-J6M8022 34864/8 SystemMonitor.Service.Worker Worker running at: "2025-08-22T05:01:46.1259467+08:00"&#xD;
2025-08-22 05:01:47.131 +08:00 [INF] DESKTOP-J6M8022 34864/8 SystemMonitor.Service.Worker Worker running at: "2025-08-22T05:01:47.1319177+08:00"&#xD;
2025-08-22 05:01:48.110 +08:00 [INF] DESKTOP-J6M8022 34864/9 SystemMonitor.Service.Services.RpcHostedService 客户端已连接&#xD;
2025-08-22 05:01:48.111 +08:00 [INF] DESKTOP-J6M8022 34864/9 SystemMonitor.Service.Services.RpcHostedService 客户端会话建立: conn="dc929a0f-2511-48c2-b921-bb00e3b2d95e"&#xD;
2025-08-22 05:01:48.113 +08:00 [INF] DESKTOP-J6M8022 34864/9 SystemMonitor.Service.Services.RpcHostedService 客户端断开：已达到流的结尾。 conn="dc929a0f-2511-48c2-b921-bb00e3b2d95e"&#xD;
2025-08-22 05:01:48.139 +08:00 [INF] DESKTOP-J6M8022 34864/9 SystemMonitor.Service.Worker Worker running at: "2025-08-22T05:01:48.1397480+08:00"&#xD;
2025-08-22 05:01:49.149 +08:00 [INF] DESKTOP-J6M8022 34864/9 SystemMonitor.Service.Worker Worker running at: "2025-08-22T05:01:49.1490602+08:00"&#xD;
2025-08-22 05:01:50.156 +08:00 [INF] DESKTOP-J6M8022 34864/9 SystemMonitor.Service.Worker Worker running at: "2025-08-22T05:01:50.1565687+08:00"&#xD;
2025-08-22 05:01:51.163 +08:00 [INF] DESKTOP-J6M8022 34864/8 SystemMonitor.Service.Worker Worker running at: "2025-08-22T05:01:51.1638742+08:00"&#xD;
2025-08-22 05:01:52.175 +08:00 [INF] DESKTOP-J6M8022 34864/8 SystemMonitor.Service.Worker Worker running at: "2025-08-22T05:01:52.1751866+08:00"&#xD;
2025-08-22 05:01:53.106 +08:00 [INF] DESKTOP-J6M8022 34864/8 SystemMonitor.Service.Services.RpcHostedService 客户端已连接&#xD;
2025-08-22 05:01:53.106 +08:00 [INF] DESKTOP-J6M8022 34864/8 SystemMonitor.Service.Services.RpcHostedService 客户端会话建立: conn="cf08e297-f8bc-42e5-a912-8cdf3760d104"&#xD;
2025-08-22 05:01:53.109 +08:00 [INF] DESKTOP-J6M8022 34864/14 SystemMonitor.Service.Services.RpcHostedService 客户端断开：已达到流的结尾。 conn="cf08e297-f8bc-42e5-a912-8cdf3760d104"&#xD;
2025-08-22 05:01:53.183 +08:00 [INF] DESKTOP-J6M8022 34864/12 SystemMonitor.Service.Worker Worker running at: "2025-08-22T05:01:53.1832976+08:00"&#xD;
2025-08-22 05:01:54.188 +08:00 [INF] DESKTOP-J6M8022 34864/12 SystemMonitor.Service.Worker Worker running at: "2025-08-22T05:01:54.1886519+08:00"&#xD;
2025-08-22 05:01:55.189 +08:00 [INF] DESKTOP-J6M8022 34864/12 SystemMonitor.Service.Worker Worker running at: "2025-08-22T05:01:55.1890118+08:00"&#xD;
2025-08-22 05:01:56.201 +08:00 [INF] DESKTOP-J6M8022 34864/14 SystemMonitor.Service.Worker Worker running at: "2025-08-22T05:01:56.2011712+08:00"&#xD;
2025-08-22 05:01:57.203 +08:00 [INF] DESKTOP-J6M8022 34864/12 SystemMonitor.Service.Worker Worker running at: "2025-08-22T05:01:57.2030740+08:00"&#xD;
2025-08-22 05:01:58.150 +08:00 [INF] DESKTOP-J6M8022 34864/11 SystemMonitor.Service.Services.RpcHostedService 客户端已连接&#xD;
2025-08-22 05:01:58.150 +08:00 [INF] DESKTOP-J6M8022 34864/11 SystemMonitor.Service.Services.RpcHostedService 客户端会话建立: conn="12ea3cb9-6e37-4a78-8a02-17ba9963b724"&#xD;
2025-08-22 05:01:58.164 +08:00 [INF] DESKTOP-J6M8022 34864/14 SystemMonitor.Service.Services.RpcHostedService 客户端断开：已达到流的结尾。 conn="12ea3cb9-6e37-4a78-8a02-17ba9963b724"&#xD;
2025-08-22 05:01:58.220 +08:00 [INF] DESKTOP-J6M8022 34864/14 SystemMonitor.Service.Worker Worker running at: "2025-08-22T05:01:58.2204087+08:00"&#xD;
2025-08-22 05:01:59.232 +08:00 [INF] DESKTOP-J6M8022 34864/11 SystemMonitor.Service.Worker Worker running at: "2025-08-22T05:01:59.2321592+08:00"&#xD;
2025-08-22 05:02:00.236 +08:00 [INF] DESKTOP-J6M8022 34864/14 SystemMonitor.Service.Worker Worker running at: "2025-08-22T05:02:00.2367533+08:00"&#xD;
2025-08-22 05:02:01.245 +08:00 [INF] DESKTOP-J6M8022 34864/11 SystemMonitor.Service.Worker Worker running at: "2025-08-22T05:02:01.2451701+08:00"&#xD;
2025-08-22 05:02:02.255 +08:00 [INF] DESKTOP-J6M8022 34864/11 SystemMonitor.Service.Worker Worker running at: "2025-08-22T05:02:02.2559126+08:00"</Message>
          <StackTrace>   at SystemMonitor.Tests.EndToEndTests.WaitPipeReadyAsync(TimeSpan timeout) in C:\code\sys-sensor-v3\src\SystemMonitor.Tests\EndToEndTests.cs:line 151&#xD;
   at SystemMonitor.Tests.EndToEndTests.InitializeAsync() in C:\code\sys-sensor-v3\src\SystemMonitor.Tests\EndToEndTests.cs:line 278</StackTrace>
        </ErrorInfo>
      </Output>
    </UnitTestResult>
    <UnitTestResult executionId="bc9b7273-3f04-4ed3-b27a-2262f5e725e2" testId="1625b824-bf75-ff81-2ccc-b11736dbaaf3" testName="SystemMonitor.Tests.EndToEndTests.Snapshot_CpuMem_Ranges" computerName="DESKTOP-J6M8022" duration="00:00:00.0010000" startTime="2025-08-22T05:04:30.3566071+08:00" endTime="2025-08-22T05:04:30.3566073+08:00" testType="13cdc9d9-ddb5-4fa4-a97d-d965ccfc6d4b" outcome="Failed" testListId="8c84fa94-04c1-424b-9868-57a2d4851a1d" relativeResultsDirectory="bc9b7273-3f04-4ed3-b27a-2262f5e725e2">
      <Output>
        <ErrorInfo>
          <Message>System.InvalidOperationException : Service exited while waiting for pipe. Code=1. Tail:
[svc][out] 姝ｅ湪鐢熸垚...&#xD;
[svc][out] C:\code\sys-sensor-v3\src\SystemMonitor.Service\Services\RpcHostedService.cs(201,31): error CS0103: 褰撳墠涓婁笅鏂囦腑涓嶅瓨鍦ㄥ悕绉扳€淭ryCreateCounter鈥?[C:\code\sys-sensor-v3\src\SystemMonitor.Service\SystemMonitor.Service.csproj]&#xD;
[svc][out] C:\code\sys-sensor-v3\src\SystemMonitor.Service\Services\RpcHostedService.cs(203,35): error CS0103: 褰撳墠涓婁笅鏂囦腑涓嶅瓨鍦ㄥ悕绉扳€淭ryCreateCounter鈥?[C:\code\sys-sensor-v3\src\SystemMonitor.Service\SystemMonitor.Service.csproj]&#xD;
[svc][out] C:\code\sys-sensor-v3\src\SystemMonitor.Service\Program.cs(76,13): warning CA1416: 鍙湪鎵€鏈夊钩鍙颁笂璁块棶姝よ皟鐢ㄧ珯鐐广€?RpcHostedService" 浠呭湪 'windows' 涓婂彈鏀寔銆?(https://learn.microsoft.com/dotnet/fundamentals/code-analysis/quality-rules/ca1416) [C:\code\sys-sensor-v3\src\SystemMonitor.Service\SystemMonitor.Service.csproj]&#xD;
[svc][err] 鐢熸垚澶辫触銆傝淇鐢熸垚閿欒骞堕噸鏂拌繍琛屻€?
[file-log-tail]
2025-08-22 05:00:07.505 +08:00 [INF] DESKTOP-J6M8022 34864/11 SystemMonitor.Service.Worker Worker running at: "2025-08-22T05:00:07.5059406+08:00"&#xD;
2025-08-22 05:00:08.115 +08:00 [INF] DESKTOP-J6M8022 34864/11 SystemMonitor.Service.Services.RpcHostedService 客户端已连接&#xD;
2025-08-22 05:00:08.115 +08:00 [INF] DESKTOP-J6M8022 34864/11 SystemMonitor.Service.Services.RpcHostedService 客户端会话建立: conn="3ebaf5c9-7a90-4c1f-8d06-77e4b9511b6b"&#xD;
2025-08-22 05:00:08.119 +08:00 [INF] DESKTOP-J6M8022 34864/11 SystemMonitor.Service.Services.RpcHostedService 客户端断开：已达到流的结尾。 conn="3ebaf5c9-7a90-4c1f-8d06-77e4b9511b6b"&#xD;
2025-08-22 05:00:08.515 +08:00 [INF] DESKTOP-J6M8022 34864/11 SystemMonitor.Service.Worker Worker running at: "2025-08-22T05:00:08.5155952+08:00"&#xD;
2025-08-22 05:00:09.524 +08:00 [INF] DESKTOP-J6M8022 34864/9 SystemMonitor.Service.Worker Worker running at: "2025-08-22T05:00:09.5241284+08:00"&#xD;
2025-08-22 05:00:10.532 +08:00 [INF] DESKTOP-J6M8022 34864/8 SystemMonitor.Service.Worker Worker running at: "2025-08-22T05:00:10.5324730+08:00"&#xD;
2025-08-22 05:00:11.535 +08:00 [INF] DESKTOP-J6M8022 34864/12 SystemMonitor.Service.Worker Worker running at: "2025-08-22T05:00:11.5357528+08:00"&#xD;
2025-08-22 05:00:12.548 +08:00 [INF] DESKTOP-J6M8022 34864/8 SystemMonitor.Service.Worker Worker running at: "2025-08-22T05:00:12.5481912+08:00"&#xD;
2025-08-22 05:00:13.107 +08:00 [INF] DESKTOP-J6M8022 34864/12 SystemMonitor.Service.Services.RpcHostedService 客户端已连接&#xD;
2025-08-22 05:00:13.107 +08:00 [INF] DESKTOP-J6M8022 34864/12 SystemMonitor.Service.Services.RpcHostedService 客户端会话建立: conn="27a81c38-4647-493a-8fb8-8f2e144087dc"&#xD;
2025-08-22 05:00:13.111 +08:00 [INF] DESKTOP-J6M8022 34864/11 SystemMonitor.Service.Services.RpcHostedService 客户端断开：已达到流的结尾。 conn="27a81c38-4647-493a-8fb8-8f2e144087dc"&#xD;
2025-08-22 05:00:13.384 +08:00 [INF] DESKTOP-J6M8022 34864/8 SystemMonitor.Service.Services.RpcHostedService 客户端已连接&#xD;
2025-08-22 05:00:13.384 +08:00 [INF] DESKTOP-J6M8022 34864/8 SystemMonitor.Service.Services.RpcHostedService 客户端会话建立: conn="25e61bd6-9b34-4b1b-8730-8dd26623668c"&#xD;
2025-08-22 05:00:13.405 +08:00 [INF] DESKTOP-J6M8022 34864/8 SystemMonitor.Service.Services.RpcHostedService snapshot called, modules=*&#xD;
2025-08-22 05:00:13.408 +08:00 [INF] DESKTOP-J6M8022 34864/9 SystemMonitor.Service.Services.RpcHostedService 客户端断开：已达到流的结尾。 conn="25e61bd6-9b34-4b1b-8730-8dd26623668c"&#xD;
2025-08-22 05:00:13.551 +08:00 [INF] DESKTOP-J6M8022 34864/12 SystemMonitor.Service.Worker Worker running at: "2025-08-22T05:00:13.5519178+08:00"&#xD;
2025-08-22 05:00:14.561 +08:00 [INF] DESKTOP-J6M8022 34864/8 SystemMonitor.Service.Worker Worker running at: "2025-08-22T05:00:14.5613344+08:00"&#xD;
2025-08-22 05:00:15.574 +08:00 [INF] DESKTOP-J6M8022 34864/8 SystemMonitor.Service.Worker Worker running at: "2025-08-22T05:00:15.5741996+08:00"&#xD;
2025-08-22 05:00:16.580 +08:00 [INF] DESKTOP-J6M8022 34864/12 SystemMonitor.Service.Worker Worker running at: "2025-08-22T05:00:16.5802431+08:00"&#xD;
2025-08-22 05:00:17.583 +08:00 [INF] DESKTOP-J6M8022 34864/12 SystemMonitor.Service.Worker Worker running at: "2025-08-22T05:00:17.5832737+08:00"&#xD;
2025-08-22 05:00:18.114 +08:00 [INF] DESKTOP-J6M8022 34864/11 SystemMonitor.Service.Services.RpcHostedService 客户端已连接&#xD;
2025-08-22 05:00:18.114 +08:00 [INF] DESKTOP-J6M8022 34864/11 SystemMonitor.Service.Services.RpcHostedService 客户端会话建立: conn="8619790b-69c5-445b-ab8d-8526df618427"&#xD;
2025-08-22 05:00:18.116 +08:00 [INF] DESKTOP-J6M8022 34864/12 SystemMonitor.Service.Services.RpcHostedService 客户端断开：已达到流的结尾。 conn="8619790b-69c5-445b-ab8d-8526df618427"&#xD;
2025-08-22 05:00:18.595 +08:00 [INF] DESKTOP-J6M8022 34864/11 SystemMonitor.Service.Worker Worker running at: "2025-08-22T05:00:18.5953464+08:00"&#xD;
2025-08-22 05:00:19.605 +08:00 [INF] DESKTOP-J6M8022 34864/11 SystemMonitor.Service.Worker Worker running at: "2025-08-22T05:00:19.6052530+08:00"&#xD;
2025-08-22 05:00:20.613 +08:00 [INF] DESKTOP-J6M8022 34864/13 SystemMonitor.Service.Worker Worker running at: "2025-08-22T05:00:20.6131263+08:00"&#xD;
2025-08-22 05:00:21.613 +08:00 [INF] DESKTOP-J6M8022 34864/11 SystemMonitor.Service.Worker Worker running at: "2025-08-22T05:00:21.6130098+08:00"&#xD;
2025-08-22 05:00:22.624 +08:00 [INF] DESKTOP-J6M8022 34864/13 SystemMonitor.Service.Worker Worker running at: "2025-08-22T05:00:22.6244940+08:00"&#xD;
2025-08-22 05:00:23.105 +08:00 [INF] DESKTOP-J6M8022 34864/13 SystemMonitor.Service.Services.RpcHostedService 客户端已连接&#xD;
2025-08-22 05:00:23.105 +08:00 [INF] DESKTOP-J6M8022 34864/13 SystemMonitor.Service.Services.RpcHostedService 客户端会话建立: conn="849f5c90-811a-4eb3-97ea-73e1b9d03257"&#xD;
2025-08-22 05:00:23.108 +08:00 [INF] DESKTOP-J6M8022 34864/8 SystemMonitor.Service.Services.RpcHostedService 客户端断开：已达到流的结尾。 conn="849f5c90-811a-4eb3-97ea-73e1b9d03257"&#xD;
2025-08-22 05:00:23.627 +08:00 [INF] DESKTOP-J6M8022 34864/13 SystemMonitor.Service.Worker Worker running at: "2025-08-22T05:00:23.6275367+08:00"&#xD;
2025-08-22 05:00:24.631 +08:00 [INF] DESKTOP-J6M8022 34864/8 SystemMonitor.Service.Worker Worker running at: "2025-08-22T05:00:24.6319373+08:00"&#xD;
2025-08-22 05:00:25.643 +08:00 [INF] DESKTOP-J6M8022 34864/13 SystemMonitor.Service.Worker Worker running at: "2025-08-22T05:00:25.6437810+08:00"&#xD;
2025-08-22 05:00:26.649 +08:00 [INF] DESKTOP-J6M8022 34864/10 SystemMonitor.Service.Worker Worker running at: "2025-08-22T05:00:26.6498268+08:00"&#xD;
2025-08-22 05:00:27.653 +08:00 [INF] DESKTOP-J6M8022 34864/13 SystemMonitor.Service.Worker Worker running at: "2025-08-22T05:00:27.6536723+08:00"&#xD;
2025-08-22 05:00:28.104 +08:00 [INF] DESKTOP-J6M8022 34864/13 SystemMonitor.Service.Services.RpcHostedService 客户端已连接&#xD;
2025-08-22 05:00:28.104 +08:00 [INF] DESKTOP-J6M8022 34864/13 SystemMonitor.Service.Services.RpcHostedService 客户端会话建立: conn="58087a9a-4fe9-4ab7-893a-962c7c34de4d"&#xD;
2025-08-22 05:00:28.108 +08:00 [INF] DESKTOP-J6M8022 34864/10 SystemMonitor.Service.Services.RpcHostedService 客户端断开：已达到流的结尾。 conn="58087a9a-4fe9-4ab7-893a-962c7c34de4d"&#xD;
2025-08-22 05:00:28.658 +08:00 [INF] DESKTOP-J6M8022 34864/10 SystemMonitor.Service.Worker Worker running at: "2025-08-22T05:00:28.6580477+08:00"&#xD;
2025-08-22 05:00:29.667 +08:00 [INF] DESKTOP-J6M8022 34864/10 SystemMonitor.Service.Worker Worker running at: "2025-08-22T05:00:29.6670246+08:00"&#xD;
2025-08-22 05:00:30.671 +08:00 [INF] DESKTOP-J6M8022 34864/11 SystemMonitor.Service.Worker Worker running at: "2025-08-22T05:00:30.6718324+08:00"&#xD;
2025-08-22 05:00:31.677 +08:00 [INF] DESKTOP-J6M8022 34864/11 SystemMonitor.Service.Worker Worker running at: "2025-08-22T05:00:31.6773257+08:00"&#xD;
2025-08-22 05:00:32.687 +08:00 [INF] DESKTOP-J6M8022 34864/8 SystemMonitor.Service.Worker Worker running at: "2025-08-22T05:00:32.6879602+08:00"&#xD;
2025-08-22 05:00:33.104 +08:00 [INF] DESKTOP-J6M8022 34864/11 SystemMonitor.Service.Services.RpcHostedService 客户端已连接&#xD;
2025-08-22 05:00:33.104 +08:00 [INF] DESKTOP-J6M8022 34864/11 SystemMonitor.Service.Services.RpcHostedService 客户端会话建立: conn="f2efc72f-7360-4d95-8499-7acad765c432"&#xD;
2025-08-22 05:00:33.107 +08:00 [INF] DESKTOP-J6M8022 34864/11 SystemMonitor.Service.Services.RpcHostedService 客户端断开：已达到流的结尾。 conn="f2efc72f-7360-4d95-8499-7acad765c432"&#xD;
2025-08-22 05:00:33.703 +08:00 [INF] DESKTOP-J6M8022 34864/8 SystemMonitor.Service.Worker Worker running at: "2025-08-22T05:00:33.7031716+08:00"&#xD;
2025-08-22 05:00:34.705 +08:00 [INF] DESKTOP-J6M8022 34864/13 SystemMonitor.Service.Worker Worker running at: "2025-08-22T05:00:34.7053006+08:00"&#xD;
2025-08-22 05:00:35.716 +08:00 [INF] DESKTOP-J6M8022 34864/11 SystemMonitor.Service.Worker Worker running at: "2025-08-22T05:00:35.7161477+08:00"&#xD;
2025-08-22 05:00:36.721 +08:00 [INF] DESKTOP-J6M8022 34864/12 SystemMonitor.Service.Worker Worker running at: "2025-08-22T05:00:36.7213935+08:00"&#xD;
2025-08-22 05:00:37.725 +08:00 [INF] DESKTOP-J6M8022 34864/12 SystemMonitor.Service.Worker Worker running at: "2025-08-22T05:00:37.7251514+08:00"&#xD;
2025-08-22 05:00:38.118 +08:00 [INF] DESKTOP-J6M8022 34864/13 SystemMonitor.Service.Services.RpcHostedService 客户端已连接&#xD;
2025-08-22 05:00:38.118 +08:00 [INF] DESKTOP-J6M8022 34864/13 SystemMonitor.Service.Services.RpcHostedService 客户端会话建立: conn="b439ecab-ffb2-4843-8f54-1844ad704c06"&#xD;
2025-08-22 05:00:38.121 +08:00 [INF] DESKTOP-J6M8022 34864/13 SystemMonitor.Service.Services.RpcHostedService 客户端断开：已达到流的结尾。 conn="b439ecab-ffb2-4843-8f54-1844ad704c06"&#xD;
2025-08-22 05:00:38.725 +08:00 [INF] DESKTOP-J6M8022 34864/8 SystemMonitor.Service.Worker Worker running at: "2025-08-22T05:00:38.7259519+08:00"&#xD;
2025-08-22 05:00:39.740 +08:00 [INF] DESKTOP-J6M8022 34864/11 SystemMonitor.Service.Worker Worker running at: "2025-08-22T05:00:39.7403082+08:00"&#xD;
2025-08-22 05:00:40.742 +08:00 [INF] DESKTOP-J6M8022 34864/11 SystemMonitor.Service.Worker Worker running at: "2025-08-22T05:00:40.7425737+08:00"&#xD;
2025-08-22 05:00:41.745 +08:00 [INF] DESKTOP-J6M8022 34864/13 SystemMonitor.Service.Worker Worker running at: "2025-08-22T05:00:41.7451229+08:00"&#xD;
2025-08-22 05:00:42.751 +08:00 [INF] DESKTOP-J6M8022 34864/11 SystemMonitor.Service.Worker Worker running at: "2025-08-22T05:00:42.7515665+08:00"&#xD;
2025-08-22 05:00:43.110 +08:00 [INF] DESKTOP-J6M8022 34864/14 SystemMonitor.Service.Services.RpcHostedService 客户端已连接&#xD;
2025-08-22 05:00:43.110 +08:00 [INF] DESKTOP-J6M8022 34864/14 SystemMonitor.Service.Services.RpcHostedService 客户端会话建立: conn="ec82b613-da05-4264-84fe-3fb03c945d2f"&#xD;
2025-08-22 05:00:43.120 +08:00 [INF] DESKTOP-J6M8022 34864/9 SystemMonitor.Service.Services.RpcHostedService 客户端断开：已达到流的结尾。 conn="ec82b613-da05-4264-84fe-3fb03c945d2f"&#xD;
2025-08-22 05:00:43.389 +08:00 [INF] DESKTOP-J6M8022 34864/13 SystemMonitor.Service.Services.RpcHostedService 客户端已连接&#xD;
2025-08-22 05:00:43.389 +08:00 [INF] DESKTOP-J6M8022 34864/13 SystemMonitor.Service.Services.RpcHostedService 客户端会话建立: conn="2f7dc9d3-2402-4294-ba61-bc663df8cf82"&#xD;
2025-08-22 05:00:43.398 +08:00 [INF] DESKTOP-J6M8022 34864/13 SystemMonitor.Service.Services.RpcHostedService snapshot called, modules=*&#xD;
2025-08-22 05:00:43.407 +08:00 [INF] DESKTOP-J6M8022 34864/13 SystemMonitor.Service.Services.RpcHostedService 客户端断开：已达到流的结尾。 conn="2f7dc9d3-2402-4294-ba61-bc663df8cf82"&#xD;
2025-08-22 05:00:43.756 +08:00 [INF] DESKTOP-J6M8022 34864/13 SystemMonitor.Service.Worker Worker running at: "2025-08-22T05:00:43.7565234+08:00"&#xD;
2025-08-22 05:00:44.757 +08:00 [INF] DESKTOP-J6M8022 34864/11 SystemMonitor.Service.Worker Worker running at: "2025-08-22T05:00:44.7577675+08:00"&#xD;
2025-08-22 05:00:45.762 +08:00 [INF] DESKTOP-J6M8022 34864/11 SystemMonitor.Service.Worker Worker running at: "2025-08-22T05:00:45.7627674+08:00"&#xD;
2025-08-22 05:00:46.772 +08:00 [INF] DESKTOP-J6M8022 34864/11 SystemMonitor.Service.Worker Worker running at: "2025-08-22T05:00:46.7724296+08:00"&#xD;
2025-08-22 05:00:47.772 +08:00 [INF] DESKTOP-J6M8022 34864/11 SystemMonitor.Service.Worker Worker running at: "2025-08-22T05:00:47.7724414+08:00"&#xD;
2025-08-22 05:00:48.113 +08:00 [INF] DESKTOP-J6M8022 34864/11 SystemMonitor.Service.Services.RpcHostedService 客户端已连接&#xD;
2025-08-22 05:00:48.113 +08:00 [INF] DESKTOP-J6M8022 34864/11 SystemMonitor.Service.Services.RpcHostedService 客户端会话建立: conn="0b57ec2b-be63-49bb-9b61-b642d4a6bad8"&#xD;
2025-08-22 05:00:48.118 +08:00 [INF] DESKTOP-J6M8022 34864/11 SystemMonitor.Service.Services.RpcHostedService 客户端断开：已达到流的结尾。 conn="0b57ec2b-be63-49bb-9b61-b642d4a6bad8"&#xD;
2025-08-22 05:00:48.786 +08:00 [INF] DESKTOP-J6M8022 34864/14 SystemMonitor.Service.Worker Worker running at: "2025-08-22T05:00:48.7861767+08:00"&#xD;
2025-08-22 05:00:49.797 +08:00 [INF] DESKTOP-J6M8022 34864/14 SystemMonitor.Service.Worker Worker running at: "2025-08-22T05:00:49.7971060+08:00"&#xD;
2025-08-22 05:00:50.810 +08:00 [INF] DESKTOP-J6M8022 34864/14 SystemMonitor.Service.Worker Worker running at: "2025-08-22T05:00:50.8103703+08:00"&#xD;
2025-08-22 05:00:51.819 +08:00 [INF] DESKTOP-J6M8022 34864/14 SystemMonitor.Service.Worker Worker running at: "2025-08-22T05:00:51.8191149+08:00"&#xD;
2025-08-22 05:00:52.832 +08:00 [INF] DESKTOP-J6M8022 34864/14 SystemMonitor.Service.Worker Worker running at: "2025-08-22T05:00:52.8322629+08:00"&#xD;
2025-08-22 05:00:53.102 +08:00 [INF] DESKTOP-J6M8022 34864/14 SystemMonitor.Service.Services.RpcHostedService 客户端已连接&#xD;
2025-08-22 05:00:53.102 +08:00 [INF] DESKTOP-J6M8022 34864/14 SystemMonitor.Service.Services.RpcHostedService 客户端会话建立: conn="a1d8b427-d708-44e2-9952-15a5a936e6af"&#xD;
2025-08-22 05:00:53.105 +08:00 [INF] DESKTOP-J6M8022 34864/13 SystemMonitor.Service.Services.RpcHostedService 客户端断开：已达到流的结尾。 conn="a1d8b427-d708-44e2-9952-15a5a936e6af"&#xD;
2025-08-22 05:00:53.839 +08:00 [INF] DESKTOP-J6M8022 34864/9 SystemMonitor.Service.Worker Worker running at: "2025-08-22T05:00:53.8390210+08:00"&#xD;
2025-08-22 05:00:54.844 +08:00 [INF] DESKTOP-J6M8022 34864/9 SystemMonitor.Service.Worker Worker running at: "2025-08-22T05:00:54.8440332+08:00"&#xD;
2025-08-22 05:00:55.849 +08:00 [INF] DESKTOP-J6M8022 34864/14 SystemMonitor.Service.Worker Worker running at: "2025-08-22T05:00:55.8498931+08:00"&#xD;
2025-08-22 05:00:56.855 +08:00 [INF] DESKTOP-J6M8022 34864/12 SystemMonitor.Service.Worker Worker running at: "2025-08-22T05:00:56.8554623+08:00"&#xD;
2025-08-22 05:00:57.861 +08:00 [INF] DESKTOP-J6M8022 34864/12 SystemMonitor.Service.Worker Worker running at: "2025-08-22T05:00:57.8610329+08:00"&#xD;
2025-08-22 05:00:58.111 +08:00 [INF] DESKTOP-J6M8022 34864/8 SystemMonitor.Service.Services.RpcHostedService 客户端已连接&#xD;
2025-08-22 05:00:58.111 +08:00 [INF] DESKTOP-J6M8022 34864/8 SystemMonitor.Service.Services.RpcHostedService 客户端会话建立: conn="667ed3f1-bd30-41e0-92ff-80608571c1ce"&#xD;
2025-08-22 05:00:58.116 +08:00 [INF] DESKTOP-J6M8022 34864/12 SystemMonitor.Service.Services.RpcHostedService 客户端断开：已达到流的结尾。 conn="667ed3f1-bd30-41e0-92ff-80608571c1ce"&#xD;
2025-08-22 05:00:58.863 +08:00 [INF] DESKTOP-J6M8022 34864/8 SystemMonitor.Service.Worker Worker running at: "2025-08-22T05:00:58.8635685+08:00"&#xD;
2025-08-22 05:00:59.864 +08:00 [INF] DESKTOP-J6M8022 34864/13 SystemMonitor.Service.Worker Worker running at: "2025-08-22T05:00:59.8639948+08:00"&#xD;
2025-08-22 05:01:00.871 +08:00 [INF] DESKTOP-J6M8022 34864/8 SystemMonitor.Service.Worker Worker running at: "2025-08-22T05:01:00.8711317+08:00"&#xD;
2025-08-22 05:01:01.872 +08:00 [INF] DESKTOP-J6M8022 34864/8 SystemMonitor.Service.Worker Worker running at: "2025-08-22T05:01:01.8723849+08:00"&#xD;
2025-08-22 05:01:02.874 +08:00 [INF] DESKTOP-J6M8022 34864/13 SystemMonitor.Service.Worker Worker running at: "2025-08-22T05:01:02.8742125+08:00"&#xD;
2025-08-22 05:01:03.109 +08:00 [INF] DESKTOP-J6M8022 34864/13 SystemMonitor.Service.Services.RpcHostedService 客户端已连接&#xD;
2025-08-22 05:01:03.109 +08:00 [INF] DESKTOP-J6M8022 34864/13 SystemMonitor.Service.Services.RpcHostedService 客户端会话建立: conn="6f7008b5-fb8e-492a-bb7e-9769bc95aca3"&#xD;
2025-08-22 05:01:03.113 +08:00 [INF] DESKTOP-J6M8022 34864/13 SystemMonitor.Service.Services.RpcHostedService 客户端断开：已达到流的结尾。 conn="6f7008b5-fb8e-492a-bb7e-9769bc95aca3"&#xD;
2025-08-22 05:01:03.878 +08:00 [INF] DESKTOP-J6M8022 34864/9 SystemMonitor.Service.Worker Worker running at: "2025-08-22T05:01:03.8780156+08:00"&#xD;
2025-08-22 05:01:04.882 +08:00 [INF] DESKTOP-J6M8022 34864/9 SystemMonitor.Service.Worker Worker running at: "2025-08-22T05:01:04.8824276+08:00"&#xD;
2025-08-22 05:01:05.888 +08:00 [INF] DESKTOP-J6M8022 34864/9 SystemMonitor.Service.Worker Worker running at: "2025-08-22T05:01:05.8884444+08:00"&#xD;
2025-08-22 05:01:06.898 +08:00 [INF] DESKTOP-J6M8022 34864/13 SystemMonitor.Service.Worker Worker running at: "2025-08-22T05:01:06.8980438+08:00"&#xD;
2025-08-22 05:01:07.902 +08:00 [INF] DESKTOP-J6M8022 34864/12 SystemMonitor.Service.Worker Worker running at: "2025-08-22T05:01:07.9022915+08:00"&#xD;
2025-08-22 05:01:08.106 +08:00 [INF] DESKTOP-J6M8022 34864/12 SystemMonitor.Service.Services.RpcHostedService 客户端已连接&#xD;
2025-08-22 05:01:08.106 +08:00 [INF] DESKTOP-J6M8022 34864/12 SystemMonitor.Service.Services.RpcHostedService 客户端会话建立: conn="57e57623-52be-4bde-b1c7-694c9251d418"&#xD;
2025-08-22 05:01:08.111 +08:00 [INF] DESKTOP-J6M8022 34864/14 SystemMonitor.Service.Services.RpcHostedService 客户端断开：已达到流的结尾。 conn="57e57623-52be-4bde-b1c7-694c9251d418"&#xD;
2025-08-22 05:01:08.904 +08:00 [INF] DESKTOP-J6M8022 34864/13 SystemMonitor.Service.Worker Worker running at: "2025-08-22T05:01:08.9045942+08:00"&#xD;
2025-08-22 05:01:09.905 +08:00 [INF] DESKTOP-J6M8022 34864/12 SystemMonitor.Service.Worker Worker running at: "2025-08-22T05:01:09.9059497+08:00"&#xD;
2025-08-22 05:01:10.910 +08:00 [INF] DESKTOP-J6M8022 34864/8 SystemMonitor.Service.Worker Worker running at: "2025-08-22T05:01:10.9104565+08:00"&#xD;
2025-08-22 05:01:11.913 +08:00 [INF] DESKTOP-J6M8022 34864/12 SystemMonitor.Service.Worker Worker running at: "2025-08-22T05:01:11.9132884+08:00"&#xD;
2025-08-22 05:01:12.917 +08:00 [INF] DESKTOP-J6M8022 34864/8 SystemMonitor.Service.Worker Worker running at: "2025-08-22T05:01:12.9173706+08:00"&#xD;
2025-08-22 05:01:13.103 +08:00 [INF] DESKTOP-J6M8022 34864/8 SystemMonitor.Service.Services.RpcHostedService 客户端已连接&#xD;
2025-08-22 05:01:13.103 +08:00 [INF] DESKTOP-J6M8022 34864/8 SystemMonitor.Service.Services.RpcHostedService 客户端会话建立: conn="8c8ff938-4ec2-4b63-94b8-07d74318db55"&#xD;
2025-08-22 05:01:13.107 +08:00 [INF] DESKTOP-J6M8022 34864/12 SystemMonitor.Service.Services.RpcHostedService 客户端断开：已达到流的结尾。 conn="8c8ff938-4ec2-4b63-94b8-07d74318db55"&#xD;
2025-08-22 05:01:13.395 +08:00 [INF] DESKTOP-J6M8022 34864/8 SystemMonitor.Service.Services.RpcHostedService 客户端已连接&#xD;
2025-08-22 05:01:13.395 +08:00 [INF] DESKTOP-J6M8022 34864/8 SystemMonitor.Service.Services.RpcHostedService 客户端会话建立: conn="0d0e45ce-49cf-483b-8035-5df65c66b336"&#xD;
2025-08-22 05:01:13.409 +08:00 [INF] DESKTOP-J6M8022 34864/8 SystemMonitor.Service.Services.RpcHostedService snapshot called, modules=*&#xD;
2025-08-22 05:01:13.415 +08:00 [INF] DESKTOP-J6M8022 34864/12 SystemMonitor.Service.Services.RpcHostedService 客户端断开：已达到流的结尾。 conn="0d0e45ce-49cf-483b-8035-5df65c66b336"&#xD;
2025-08-22 05:01:13.923 +08:00 [INF] DESKTOP-J6M8022 34864/14 SystemMonitor.Service.Worker Worker running at: "2025-08-22T05:01:13.9232807+08:00"&#xD;
2025-08-22 05:01:14.929 +08:00 [INF] DESKTOP-J6M8022 34864/12 SystemMonitor.Service.Worker Worker running at: "2025-08-22T05:01:14.9292827+08:00"&#xD;
2025-08-22 05:01:15.932 +08:00 [INF] DESKTOP-J6M8022 34864/8 SystemMonitor.Service.Worker Worker running at: "2025-08-22T05:01:15.9326500+08:00"&#xD;
2025-08-22 05:01:16.939 +08:00 [INF] DESKTOP-J6M8022 34864/14 SystemMonitor.Service.Worker Worker running at: "2025-08-22T05:01:16.9393680+08:00"&#xD;
2025-08-22 05:01:17.943 +08:00 [INF] DESKTOP-J6M8022 34864/8 SystemMonitor.Service.Worker Worker running at: "2025-08-22T05:01:17.9432416+08:00"&#xD;
2025-08-22 05:01:18.116 +08:00 [INF] DESKTOP-J6M8022 34864/8 SystemMonitor.Service.Services.RpcHostedService 客户端已连接&#xD;
2025-08-22 05:01:18.116 +08:00 [INF] DESKTOP-J6M8022 34864/8 SystemMonitor.Service.Services.RpcHostedService 客户端会话建立: conn="4caa660b-18e4-4979-bebe-31bdd3b07642"&#xD;
2025-08-22 05:01:18.119 +08:00 [INF] DESKTOP-J6M8022 34864/12 SystemMonitor.Service.Services.RpcHostedService 客户端断开：已达到流的结尾。 conn="4caa660b-18e4-4979-bebe-31bdd3b07642"&#xD;
2025-08-22 05:01:18.947 +08:00 [INF] DESKTOP-J6M8022 34864/8 SystemMonitor.Service.Worker Worker running at: "2025-08-22T05:01:18.9470563+08:00"&#xD;
2025-08-22 05:01:19.950 +08:00 [INF] DESKTOP-J6M8022 34864/8 SystemMonitor.Service.Worker Worker running at: "2025-08-22T05:01:19.9501774+08:00"&#xD;
2025-08-22 05:01:20.958 +08:00 [INF] DESKTOP-J6M8022 34864/8 SystemMonitor.Service.Worker Worker running at: "2025-08-22T05:01:20.9579718+08:00"&#xD;
2025-08-22 05:01:21.959 +08:00 [INF] DESKTOP-J6M8022 34864/14 SystemMonitor.Service.Worker Worker running at: "2025-08-22T05:01:21.9594726+08:00"&#xD;
2025-08-22 05:01:22.963 +08:00 [INF] DESKTOP-J6M8022 34864/8 SystemMonitor.Service.Worker Worker running at: "2025-08-22T05:01:22.9634519+08:00"&#xD;
2025-08-22 05:01:23.105 +08:00 [INF] DESKTOP-J6M8022 34864/8 SystemMonitor.Service.Services.RpcHostedService 客户端已连接&#xD;
2025-08-22 05:01:23.105 +08:00 [INF] DESKTOP-J6M8022 34864/8 SystemMonitor.Service.Services.RpcHostedService 客户端会话建立: conn="8639769c-80fa-407f-b9a9-4050afd76198"&#xD;
2025-08-22 05:01:23.107 +08:00 [INF] DESKTOP-J6M8022 34864/14 SystemMonitor.Service.Services.RpcHostedService 客户端断开：已达到流的结尾。 conn="8639769c-80fa-407f-b9a9-4050afd76198"&#xD;
2025-08-22 05:01:23.971 +08:00 [INF] DESKTOP-J6M8022 34864/11 SystemMonitor.Service.Worker Worker running at: "2025-08-22T05:01:23.9715344+08:00"&#xD;
2025-08-22 05:01:24.982 +08:00 [INF] DESKTOP-J6M8022 34864/11 SystemMonitor.Service.Worker Worker running at: "2025-08-22T05:01:24.9819615+08:00"&#xD;
2025-08-22 05:01:25.994 +08:00 [INF] DESKTOP-J6M8022 34864/11 SystemMonitor.Service.Worker Worker running at: "2025-08-22T05:01:25.9941989+08:00"&#xD;
2025-08-22 05:01:26.999 +08:00 [INF] DESKTOP-J6M8022 34864/8 SystemMonitor.Service.Worker Worker running at: "2025-08-22T05:01:26.9999359+08:00"&#xD;
2025-08-22 05:01:28.013 +08:00 [INF] DESKTOP-J6M8022 34864/11 SystemMonitor.Service.Worker Worker running at: "2025-08-22T05:01:28.0133025+08:00"&#xD;
2025-08-22 05:01:28.109 +08:00 [INF] DESKTOP-J6M8022 34864/11 SystemMonitor.Service.Services.RpcHostedService 客户端已连接&#xD;
2025-08-22 05:01:28.109 +08:00 [INF] DESKTOP-J6M8022 34864/11 SystemMonitor.Service.Services.RpcHostedService 客户端会话建立: conn="fda2e581-c0a4-4aa4-a5e0-11787ca179bd"&#xD;
2025-08-22 05:01:28.112 +08:00 [INF] DESKTOP-J6M8022 34864/11 SystemMonitor.Service.Services.RpcHostedService 客户端断开：已达到流的结尾。 conn="fda2e581-c0a4-4aa4-a5e0-11787ca179bd"&#xD;
2025-08-22 05:01:29.018 +08:00 [INF] DESKTOP-J6M8022 34864/11 SystemMonitor.Service.Worker Worker running at: "2025-08-22T05:01:29.0183364+08:00"&#xD;
2025-08-22 05:01:30.019 +08:00 [INF] DESKTOP-J6M8022 34864/8 SystemMonitor.Service.Worker Worker running at: "2025-08-22T05:01:30.0195935+08:00"&#xD;
2025-08-22 05:01:31.026 +08:00 [INF] DESKTOP-J6M8022 34864/8 SystemMonitor.Service.Worker Worker running at: "2025-08-22T05:01:31.0262398+08:00"&#xD;
2025-08-22 05:01:32.031 +08:00 [INF] DESKTOP-J6M8022 34864/12 SystemMonitor.Service.Worker Worker running at: "2025-08-22T05:01:32.0310132+08:00"&#xD;
2025-08-22 05:01:33.035 +08:00 [INF] DESKTOP-J6M8022 34864/12 SystemMonitor.Service.Worker Worker running at: "2025-08-22T05:01:33.0357910+08:00"&#xD;
2025-08-22 05:01:33.116 +08:00 [INF] DESKTOP-J6M8022 34864/12 SystemMonitor.Service.Services.RpcHostedService 客户端已连接&#xD;
2025-08-22 05:01:33.116 +08:00 [INF] DESKTOP-J6M8022 34864/12 SystemMonitor.Service.Services.RpcHostedService 客户端会话建立: conn="34e1094f-2d5d-4eb2-b05a-37c0e40cc011"&#xD;
2025-08-22 05:01:33.119 +08:00 [INF] DESKTOP-J6M8022 34864/8 SystemMonitor.Service.Services.RpcHostedService 客户端断开：已达到流的结尾。 conn="34e1094f-2d5d-4eb2-b05a-37c0e40cc011"&#xD;
2025-08-22 05:01:34.041 +08:00 [INF] DESKTOP-J6M8022 34864/8 SystemMonitor.Service.Worker Worker running at: "2025-08-22T05:01:34.0416262+08:00"&#xD;
2025-08-22 05:01:35.045 +08:00 [INF] DESKTOP-J6M8022 34864/8 SystemMonitor.Service.Worker Worker running at: "2025-08-22T05:01:35.0457088+08:00"&#xD;
2025-08-22 05:01:36.047 +08:00 [INF] DESKTOP-J6M8022 34864/12 SystemMonitor.Service.Worker Worker running at: "2025-08-22T05:01:36.0479378+08:00"&#xD;
2025-08-22 05:01:37.050 +08:00 [INF] DESKTOP-J6M8022 34864/12 SystemMonitor.Service.Worker Worker running at: "2025-08-22T05:01:37.0504892+08:00"&#xD;
2025-08-22 05:01:38.061 +08:00 [INF] DESKTOP-J6M8022 34864/14 SystemMonitor.Service.Worker Worker running at: "2025-08-22T05:01:38.0614429+08:00"&#xD;
2025-08-22 05:01:38.110 +08:00 [INF] DESKTOP-J6M8022 34864/12 SystemMonitor.Service.Services.RpcHostedService 客户端已连接&#xD;
2025-08-22 05:01:38.110 +08:00 [INF] DESKTOP-J6M8022 34864/12 SystemMonitor.Service.Services.RpcHostedService 客户端会话建立: conn="06117a62-6040-4241-9927-358af4226d43"&#xD;
2025-08-22 05:01:38.113 +08:00 [INF] DESKTOP-J6M8022 34864/14 SystemMonitor.Service.Services.RpcHostedService 客户端断开：已达到流的结尾。 conn="06117a62-6040-4241-9927-358af4226d43"&#xD;
2025-08-22 05:01:39.064 +08:00 [INF] DESKTOP-J6M8022 34864/14 SystemMonitor.Service.Worker Worker running at: "2025-08-22T05:01:39.0644324+08:00"&#xD;
2025-08-22 05:01:40.069 +08:00 [INF] DESKTOP-J6M8022 34864/8 SystemMonitor.Service.Worker Worker running at: "2025-08-22T05:01:40.0698228+08:00"&#xD;
2025-08-22 05:01:41.072 +08:00 [INF] DESKTOP-J6M8022 34864/8 SystemMonitor.Service.Worker Worker running at: "2025-08-22T05:01:41.0721700+08:00"&#xD;
2025-08-22 05:01:42.086 +08:00 [INF] DESKTOP-J6M8022 34864/11 SystemMonitor.Service.Worker Worker running at: "2025-08-22T05:01:42.0860513+08:00"&#xD;
2025-08-22 05:01:43.101 +08:00 [INF] DESKTOP-J6M8022 34864/8 SystemMonitor.Service.Worker Worker running at: "2025-08-22T05:01:43.1011436+08:00"&#xD;
2025-08-22 05:01:43.105 +08:00 [INF] DESKTOP-J6M8022 34864/9 SystemMonitor.Service.Services.RpcHostedService 客户端已连接&#xD;
2025-08-22 05:01:43.105 +08:00 [INF] DESKTOP-J6M8022 34864/9 SystemMonitor.Service.Services.RpcHostedService 客户端会话建立: conn="860b5ccb-a321-4101-b6d7-ba8cfd17c2fa"&#xD;
2025-08-22 05:01:43.109 +08:00 [INF] DESKTOP-J6M8022 34864/8 SystemMonitor.Service.Services.RpcHostedService 客户端断开：已达到流的结尾。 conn="860b5ccb-a321-4101-b6d7-ba8cfd17c2fa"&#xD;
2025-08-22 05:01:43.386 +08:00 [INF] DESKTOP-J6M8022 34864/11 SystemMonitor.Service.Services.RpcHostedService 客户端已连接&#xD;
2025-08-22 05:01:43.386 +08:00 [INF] DESKTOP-J6M8022 34864/11 SystemMonitor.Service.Services.RpcHostedService 客户端会话建立: conn="7103465a-6b36-49d0-b971-0765ff27b367"&#xD;
2025-08-22 05:01:43.387 +08:00 [INF] DESKTOP-J6M8022 34864/11 SystemMonitor.Service.Services.RpcHostedService snapshot called, modules=*&#xD;
2025-08-22 05:01:43.394 +08:00 [INF] DESKTOP-J6M8022 34864/14 SystemMonitor.Service.Services.RpcHostedService 客户端断开：已达到流的结尾。 conn="7103465a-6b36-49d0-b971-0765ff27b367"&#xD;
2025-08-22 05:01:44.107 +08:00 [INF] DESKTOP-J6M8022 34864/11 SystemMonitor.Service.Worker Worker running at: "2025-08-22T05:01:44.1078485+08:00"&#xD;
2025-08-22 05:01:45.116 +08:00 [INF] DESKTOP-J6M8022 34864/8 SystemMonitor.Service.Worker Worker running at: "2025-08-22T05:01:45.1165225+08:00"&#xD;
2025-08-22 05:01:46.125 +08:00 [INF] DESKTOP-J6M8022 34864/8 SystemMonitor.Service.Worker Worker running at: "2025-08-22T05:01:46.1259467+08:00"&#xD;
2025-08-22 05:01:47.131 +08:00 [INF] DESKTOP-J6M8022 34864/8 SystemMonitor.Service.Worker Worker running at: "2025-08-22T05:01:47.1319177+08:00"&#xD;
2025-08-22 05:01:48.110 +08:00 [INF] DESKTOP-J6M8022 34864/9 SystemMonitor.Service.Services.RpcHostedService 客户端已连接&#xD;
2025-08-22 05:01:48.111 +08:00 [INF] DESKTOP-J6M8022 34864/9 SystemMonitor.Service.Services.RpcHostedService 客户端会话建立: conn="dc929a0f-2511-48c2-b921-bb00e3b2d95e"&#xD;
2025-08-22 05:01:48.113 +08:00 [INF] DESKTOP-J6M8022 34864/9 SystemMonitor.Service.Services.RpcHostedService 客户端断开：已达到流的结尾。 conn="dc929a0f-2511-48c2-b921-bb00e3b2d95e"&#xD;
2025-08-22 05:01:48.139 +08:00 [INF] DESKTOP-J6M8022 34864/9 SystemMonitor.Service.Worker Worker running at: "2025-08-22T05:01:48.1397480+08:00"&#xD;
2025-08-22 05:01:49.149 +08:00 [INF] DESKTOP-J6M8022 34864/9 SystemMonitor.Service.Worker Worker running at: "2025-08-22T05:01:49.1490602+08:00"&#xD;
2025-08-22 05:01:50.156 +08:00 [INF] DESKTOP-J6M8022 34864/9 SystemMonitor.Service.Worker Worker running at: "2025-08-22T05:01:50.1565687+08:00"&#xD;
2025-08-22 05:01:51.163 +08:00 [INF] DESKTOP-J6M8022 34864/8 SystemMonitor.Service.Worker Worker running at: "2025-08-22T05:01:51.1638742+08:00"&#xD;
2025-08-22 05:01:52.175 +08:00 [INF] DESKTOP-J6M8022 34864/8 SystemMonitor.Service.Worker Worker running at: "2025-08-22T05:01:52.1751866+08:00"&#xD;
2025-08-22 05:01:53.106 +08:00 [INF] DESKTOP-J6M8022 34864/8 SystemMonitor.Service.Services.RpcHostedService 客户端已连接&#xD;
2025-08-22 05:01:53.106 +08:00 [INF] DESKTOP-J6M8022 34864/8 SystemMonitor.Service.Services.RpcHostedService 客户端会话建立: conn="cf08e297-f8bc-42e5-a912-8cdf3760d104"&#xD;
2025-08-22 05:01:53.109 +08:00 [INF] DESKTOP-J6M8022 34864/14 SystemMonitor.Service.Services.RpcHostedService 客户端断开：已达到流的结尾。 conn="cf08e297-f8bc-42e5-a912-8cdf3760d104"&#xD;
2025-08-22 05:01:53.183 +08:00 [INF] DESKTOP-J6M8022 34864/12 SystemMonitor.Service.Worker Worker running at: "2025-08-22T05:01:53.1832976+08:00"&#xD;
2025-08-22 05:01:54.188 +08:00 [INF] DESKTOP-J6M8022 34864/12 SystemMonitor.Service.Worker Worker running at: "2025-08-22T05:01:54.1886519+08:00"&#xD;
2025-08-22 05:01:55.189 +08:00 [INF] DESKTOP-J6M8022 34864/12 SystemMonitor.Service.Worker Worker running at: "2025-08-22T05:01:55.1890118+08:00"&#xD;
2025-08-22 05:01:56.201 +08:00 [INF] DESKTOP-J6M8022 34864/14 SystemMonitor.Service.Worker Worker running at: "2025-08-22T05:01:56.2011712+08:00"&#xD;
2025-08-22 05:01:57.203 +08:00 [INF] DESKTOP-J6M8022 34864/12 SystemMonitor.Service.Worker Worker running at: "2025-08-22T05:01:57.2030740+08:00"&#xD;
2025-08-22 05:01:58.150 +08:00 [INF] DESKTOP-J6M8022 34864/11 SystemMonitor.Service.Services.RpcHostedService 客户端已连接&#xD;
2025-08-22 05:01:58.150 +08:00 [INF] DESKTOP-J6M8022 34864/11 SystemMonitor.Service.Services.RpcHostedService 客户端会话建立: conn="12ea3cb9-6e37-4a78-8a02-17ba9963b724"&#xD;
2025-08-22 05:01:58.164 +08:00 [INF] DESKTOP-J6M8022 34864/14 SystemMonitor.Service.Services.RpcHostedService 客户端断开：已达到流的结尾。 conn="12ea3cb9-6e37-4a78-8a02-17ba9963b724"&#xD;
2025-08-22 05:01:58.220 +08:00 [INF] DESKTOP-J6M8022 34864/14 SystemMonitor.Service.Worker Worker running at: "2025-08-22T05:01:58.2204087+08:00"&#xD;
2025-08-22 05:01:59.232 +08:00 [INF] DESKTOP-J6M8022 34864/11 SystemMonitor.Service.Worker Worker running at: "2025-08-22T05:01:59.2321592+08:00"&#xD;
2025-08-22 05:02:00.236 +08:00 [INF] DESKTOP-J6M8022 34864/14 SystemMonitor.Service.Worker Worker running at: "2025-08-22T05:02:00.2367533+08:00"&#xD;
2025-08-22 05:02:01.245 +08:00 [INF] DESKTOP-J6M8022 34864/11 SystemMonitor.Service.Worker Worker running at: "2025-08-22T05:02:01.2451701+08:00"&#xD;
2025-08-22 05:02:02.255 +08:00 [INF] DESKTOP-J6M8022 34864/11 SystemMonitor.Service.Worker Worker running at: "2025-08-22T05:02:02.2559126+08:00"</Message>
          <StackTrace>   at SystemMonitor.Tests.EndToEndTests.WaitPipeReadyAsync(TimeSpan timeout) in C:\code\sys-sensor-v3\src\SystemMonitor.Tests\EndToEndTests.cs:line 151&#xD;
   at SystemMonitor.Tests.EndToEndTests.InitializeAsync() in C:\code\sys-sensor-v3\src\SystemMonitor.Tests\EndToEndTests.cs:line 278</StackTrace>
        </ErrorInfo>
      </Output>
    </UnitTestResult>
    <UnitTestResult executionId="49f6c847-772a-4146-bf03-a37e30e4eb13" testId="575383ac-a422-d1e5-3903-2da7ffd1b577" testName="SystemMonitor.Tests.EndToEndTests.Metrics_Throttle_Burst_Recovery_Works" computerName="DESKTOP-J6M8022" duration="00:00:00.0010000" startTime="2025-08-22T05:04:16.8686157+08:00" endTime="2025-08-22T05:04:16.8686158+08:00" testType="13cdc9d9-ddb5-4fa4-a97d-d965ccfc6d4b" outcome="Failed" testListId="8c84fa94-04c1-424b-9868-57a2d4851a1d" relativeResultsDirectory="49f6c847-772a-4146-bf03-a37e30e4eb13">
      <Output>
        <ErrorInfo>
          <Message>System.InvalidOperationException : Service exited while waiting for pipe. Code=1. Tail:
[svc][out] 姝ｅ湪鐢熸垚...&#xD;
[svc][out] C:\code\sys-sensor-v3\src\SystemMonitor.Service\Services\RpcHostedService.cs(201,31): error CS0103: 褰撳墠涓婁笅鏂囦腑涓嶅瓨鍦ㄥ悕绉扳€淭ryCreateCounter鈥?[C:\code\sys-sensor-v3\src\SystemMonitor.Service\SystemMonitor.Service.csproj]&#xD;
[svc][out] C:\code\sys-sensor-v3\src\SystemMonitor.Service\Services\RpcHostedService.cs(203,35): error CS0103: 褰撳墠涓婁笅鏂囦腑涓嶅瓨鍦ㄥ悕绉扳€淭ryCreateCounter鈥?[C:\code\sys-sensor-v3\src\SystemMonitor.Service\SystemMonitor.Service.csproj]&#xD;
[svc][out] C:\code\sys-sensor-v3\src\SystemMonitor.Service\Program.cs(76,13): warning CA1416: 鍙湪鎵€鏈夊钩鍙颁笂璁块棶姝よ皟鐢ㄧ珯鐐广€?RpcHostedService" 浠呭湪 'windows' 涓婂彈鏀寔銆?(https://learn.microsoft.com/dotnet/fundamentals/code-analysis/quality-rules/ca1416) [C:\code\sys-sensor-v3\src\SystemMonitor.Service\SystemMonitor.Service.csproj]&#xD;
[svc][err] 鐢熸垚澶辫触銆傝淇鐢熸垚閿欒骞堕噸鏂拌繍琛屻€?
[file-log-tail]
2025-08-22 05:00:07.505 +08:00 [INF] DESKTOP-J6M8022 34864/11 SystemMonitor.Service.Worker Worker running at: "2025-08-22T05:00:07.5059406+08:00"&#xD;
2025-08-22 05:00:08.115 +08:00 [INF] DESKTOP-J6M8022 34864/11 SystemMonitor.Service.Services.RpcHostedService 客户端已连接&#xD;
2025-08-22 05:00:08.115 +08:00 [INF] DESKTOP-J6M8022 34864/11 SystemMonitor.Service.Services.RpcHostedService 客户端会话建立: conn="3ebaf5c9-7a90-4c1f-8d06-77e4b9511b6b"&#xD;
2025-08-22 05:00:08.119 +08:00 [INF] DESKTOP-J6M8022 34864/11 SystemMonitor.Service.Services.RpcHostedService 客户端断开：已达到流的结尾。 conn="3ebaf5c9-7a90-4c1f-8d06-77e4b9511b6b"&#xD;
2025-08-22 05:00:08.515 +08:00 [INF] DESKTOP-J6M8022 34864/11 SystemMonitor.Service.Worker Worker running at: "2025-08-22T05:00:08.5155952+08:00"&#xD;
2025-08-22 05:00:09.524 +08:00 [INF] DESKTOP-J6M8022 34864/9 SystemMonitor.Service.Worker Worker running at: "2025-08-22T05:00:09.5241284+08:00"&#xD;
2025-08-22 05:00:10.532 +08:00 [INF] DESKTOP-J6M8022 34864/8 SystemMonitor.Service.Worker Worker running at: "2025-08-22T05:00:10.5324730+08:00"&#xD;
2025-08-22 05:00:11.535 +08:00 [INF] DESKTOP-J6M8022 34864/12 SystemMonitor.Service.Worker Worker running at: "2025-08-22T05:00:11.5357528+08:00"&#xD;
2025-08-22 05:00:12.548 +08:00 [INF] DESKTOP-J6M8022 34864/8 SystemMonitor.Service.Worker Worker running at: "2025-08-22T05:00:12.5481912+08:00"&#xD;
2025-08-22 05:00:13.107 +08:00 [INF] DESKTOP-J6M8022 34864/12 SystemMonitor.Service.Services.RpcHostedService 客户端已连接&#xD;
2025-08-22 05:00:13.107 +08:00 [INF] DESKTOP-J6M8022 34864/12 SystemMonitor.Service.Services.RpcHostedService 客户端会话建立: conn="27a81c38-4647-493a-8fb8-8f2e144087dc"&#xD;
2025-08-22 05:00:13.111 +08:00 [INF] DESKTOP-J6M8022 34864/11 SystemMonitor.Service.Services.RpcHostedService 客户端断开：已达到流的结尾。 conn="27a81c38-4647-493a-8fb8-8f2e144087dc"&#xD;
2025-08-22 05:00:13.384 +08:00 [INF] DESKTOP-J6M8022 34864/8 SystemMonitor.Service.Services.RpcHostedService 客户端已连接&#xD;
2025-08-22 05:00:13.384 +08:00 [INF] DESKTOP-J6M8022 34864/8 SystemMonitor.Service.Services.RpcHostedService 客户端会话建立: conn="25e61bd6-9b34-4b1b-8730-8dd26623668c"&#xD;
2025-08-22 05:00:13.405 +08:00 [INF] DESKTOP-J6M8022 34864/8 SystemMonitor.Service.Services.RpcHostedService snapshot called, modules=*&#xD;
2025-08-22 05:00:13.408 +08:00 [INF] DESKTOP-J6M8022 34864/9 SystemMonitor.Service.Services.RpcHostedService 客户端断开：已达到流的结尾。 conn="25e61bd6-9b34-4b1b-8730-8dd26623668c"&#xD;
2025-08-22 05:00:13.551 +08:00 [INF] DESKTOP-J6M8022 34864/12 SystemMonitor.Service.Worker Worker running at: "2025-08-22T05:00:13.5519178+08:00"&#xD;
2025-08-22 05:00:14.561 +08:00 [INF] DESKTOP-J6M8022 34864/8 SystemMonitor.Service.Worker Worker running at: "2025-08-22T05:00:14.5613344+08:00"&#xD;
2025-08-22 05:00:15.574 +08:00 [INF] DESKTOP-J6M8022 34864/8 SystemMonitor.Service.Worker Worker running at: "2025-08-22T05:00:15.5741996+08:00"&#xD;
2025-08-22 05:00:16.580 +08:00 [INF] DESKTOP-J6M8022 34864/12 SystemMonitor.Service.Worker Worker running at: "2025-08-22T05:00:16.5802431+08:00"&#xD;
2025-08-22 05:00:17.583 +08:00 [INF] DESKTOP-J6M8022 34864/12 SystemMonitor.Service.Worker Worker running at: "2025-08-22T05:00:17.5832737+08:00"&#xD;
2025-08-22 05:00:18.114 +08:00 [INF] DESKTOP-J6M8022 34864/11 SystemMonitor.Service.Services.RpcHostedService 客户端已连接&#xD;
2025-08-22 05:00:18.114 +08:00 [INF] DESKTOP-J6M8022 34864/11 SystemMonitor.Service.Services.RpcHostedService 客户端会话建立: conn="8619790b-69c5-445b-ab8d-8526df618427"&#xD;
2025-08-22 05:00:18.116 +08:00 [INF] DESKTOP-J6M8022 34864/12 SystemMonitor.Service.Services.RpcHostedService 客户端断开：已达到流的结尾。 conn="8619790b-69c5-445b-ab8d-8526df618427"&#xD;
2025-08-22 05:00:18.595 +08:00 [INF] DESKTOP-J6M8022 34864/11 SystemMonitor.Service.Worker Worker running at: "2025-08-22T05:00:18.5953464+08:00"&#xD;
2025-08-22 05:00:19.605 +08:00 [INF] DESKTOP-J6M8022 34864/11 SystemMonitor.Service.Worker Worker running at: "2025-08-22T05:00:19.6052530+08:00"&#xD;
2025-08-22 05:00:20.613 +08:00 [INF] DESKTOP-J6M8022 34864/13 SystemMonitor.Service.Worker Worker running at: "2025-08-22T05:00:20.6131263+08:00"&#xD;
2025-08-22 05:00:21.613 +08:00 [INF] DESKTOP-J6M8022 34864/11 SystemMonitor.Service.Worker Worker running at: "2025-08-22T05:00:21.6130098+08:00"&#xD;
2025-08-22 05:00:22.624 +08:00 [INF] DESKTOP-J6M8022 34864/13 SystemMonitor.Service.Worker Worker running at: "2025-08-22T05:00:22.6244940+08:00"&#xD;
2025-08-22 05:00:23.105 +08:00 [INF] DESKTOP-J6M8022 34864/13 SystemMonitor.Service.Services.RpcHostedService 客户端已连接&#xD;
2025-08-22 05:00:23.105 +08:00 [INF] DESKTOP-J6M8022 34864/13 SystemMonitor.Service.Services.RpcHostedService 客户端会话建立: conn="849f5c90-811a-4eb3-97ea-73e1b9d03257"&#xD;
2025-08-22 05:00:23.108 +08:00 [INF] DESKTOP-J6M8022 34864/8 SystemMonitor.Service.Services.RpcHostedService 客户端断开：已达到流的结尾。 conn="849f5c90-811a-4eb3-97ea-73e1b9d03257"&#xD;
2025-08-22 05:00:23.627 +08:00 [INF] DESKTOP-J6M8022 34864/13 SystemMonitor.Service.Worker Worker running at: "2025-08-22T05:00:23.6275367+08:00"&#xD;
2025-08-22 05:00:24.631 +08:00 [INF] DESKTOP-J6M8022 34864/8 SystemMonitor.Service.Worker Worker running at: "2025-08-22T05:00:24.6319373+08:00"&#xD;
2025-08-22 05:00:25.643 +08:00 [INF] DESKTOP-J6M8022 34864/13 SystemMonitor.Service.Worker Worker running at: "2025-08-22T05:00:25.6437810+08:00"&#xD;
2025-08-22 05:00:26.649 +08:00 [INF] DESKTOP-J6M8022 34864/10 SystemMonitor.Service.Worker Worker running at: "2025-08-22T05:00:26.6498268+08:00"&#xD;
2025-08-22 05:00:27.653 +08:00 [INF] DESKTOP-J6M8022 34864/13 SystemMonitor.Service.Worker Worker running at: "2025-08-22T05:00:27.6536723+08:00"&#xD;
2025-08-22 05:00:28.104 +08:00 [INF] DESKTOP-J6M8022 34864/13 SystemMonitor.Service.Services.RpcHostedService 客户端已连接&#xD;
2025-08-22 05:00:28.104 +08:00 [INF] DESKTOP-J6M8022 34864/13 SystemMonitor.Service.Services.RpcHostedService 客户端会话建立: conn="58087a9a-4fe9-4ab7-893a-962c7c34de4d"&#xD;
2025-08-22 05:00:28.108 +08:00 [INF] DESKTOP-J6M8022 34864/10 SystemMonitor.Service.Services.RpcHostedService 客户端断开：已达到流的结尾。 conn="58087a9a-4fe9-4ab7-893a-962c7c34de4d"&#xD;
2025-08-22 05:00:28.658 +08:00 [INF] DESKTOP-J6M8022 34864/10 SystemMonitor.Service.Worker Worker running at: "2025-08-22T05:00:28.6580477+08:00"&#xD;
2025-08-22 05:00:29.667 +08:00 [INF] DESKTOP-J6M8022 34864/10 SystemMonitor.Service.Worker Worker running at: "2025-08-22T05:00:29.6670246+08:00"&#xD;
2025-08-22 05:00:30.671 +08:00 [INF] DESKTOP-J6M8022 34864/11 SystemMonitor.Service.Worker Worker running at: "2025-08-22T05:00:30.6718324+08:00"&#xD;
2025-08-22 05:00:31.677 +08:00 [INF] DESKTOP-J6M8022 34864/11 SystemMonitor.Service.Worker Worker running at: "2025-08-22T05:00:31.6773257+08:00"&#xD;
2025-08-22 05:00:32.687 +08:00 [INF] DESKTOP-J6M8022 34864/8 SystemMonitor.Service.Worker Worker running at: "2025-08-22T05:00:32.6879602+08:00"&#xD;
2025-08-22 05:00:33.104 +08:00 [INF] DESKTOP-J6M8022 34864/11 SystemMonitor.Service.Services.RpcHostedService 客户端已连接&#xD;
2025-08-22 05:00:33.104 +08:00 [INF] DESKTOP-J6M8022 34864/11 SystemMonitor.Service.Services.RpcHostedService 客户端会话建立: conn="f2efc72f-7360-4d95-8499-7acad765c432"&#xD;
2025-08-22 05:00:33.107 +08:00 [INF] DESKTOP-J6M8022 34864/11 SystemMonitor.Service.Services.RpcHostedService 客户端断开：已达到流的结尾。 conn="f2efc72f-7360-4d95-8499-7acad765c432"&#xD;
2025-08-22 05:00:33.703 +08:00 [INF] DESKTOP-J6M8022 34864/8 SystemMonitor.Service.Worker Worker running at: "2025-08-22T05:00:33.7031716+08:00"&#xD;
2025-08-22 05:00:34.705 +08:00 [INF] DESKTOP-J6M8022 34864/13 SystemMonitor.Service.Worker Worker running at: "2025-08-22T05:00:34.7053006+08:00"&#xD;
2025-08-22 05:00:35.716 +08:00 [INF] DESKTOP-J6M8022 34864/11 SystemMonitor.Service.Worker Worker running at: "2025-08-22T05:00:35.7161477+08:00"&#xD;
2025-08-22 05:00:36.721 +08:00 [INF] DESKTOP-J6M8022 34864/12 SystemMonitor.Service.Worker Worker running at: "2025-08-22T05:00:36.7213935+08:00"&#xD;
2025-08-22 05:00:37.725 +08:00 [INF] DESKTOP-J6M8022 34864/12 SystemMonitor.Service.Worker Worker running at: "2025-08-22T05:00:37.7251514+08:00"&#xD;
2025-08-22 05:00:38.118 +08:00 [INF] DESKTOP-J6M8022 34864/13 SystemMonitor.Service.Services.RpcHostedService 客户端已连接&#xD;
2025-08-22 05:00:38.118 +08:00 [INF] DESKTOP-J6M8022 34864/13 SystemMonitor.Service.Services.RpcHostedService 客户端会话建立: conn="b439ecab-ffb2-4843-8f54-1844ad704c06"&#xD;
2025-08-22 05:00:38.121 +08:00 [INF] DESKTOP-J6M8022 34864/13 SystemMonitor.Service.Services.RpcHostedService 客户端断开：已达到流的结尾。 conn="b439ecab-ffb2-4843-8f54-1844ad704c06"&#xD;
2025-08-22 05:00:38.725 +08:00 [INF] DESKTOP-J6M8022 34864/8 SystemMonitor.Service.Worker Worker running at: "2025-08-22T05:00:38.7259519+08:00"&#xD;
2025-08-22 05:00:39.740 +08:00 [INF] DESKTOP-J6M8022 34864/11 SystemMonitor.Service.Worker Worker running at: "2025-08-22T05:00:39.7403082+08:00"&#xD;
2025-08-22 05:00:40.742 +08:00 [INF] DESKTOP-J6M8022 34864/11 SystemMonitor.Service.Worker Worker running at: "2025-08-22T05:00:40.7425737+08:00"&#xD;
2025-08-22 05:00:41.745 +08:00 [INF] DESKTOP-J6M8022 34864/13 SystemMonitor.Service.Worker Worker running at: "2025-08-22T05:00:41.7451229+08:00"&#xD;
2025-08-22 05:00:42.751 +08:00 [INF] DESKTOP-J6M8022 34864/11 SystemMonitor.Service.Worker Worker running at: "2025-08-22T05:00:42.7515665+08:00"&#xD;
2025-08-22 05:00:43.110 +08:00 [INF] DESKTOP-J6M8022 34864/14 SystemMonitor.Service.Services.RpcHostedService 客户端已连接&#xD;
2025-08-22 05:00:43.110 +08:00 [INF] DESKTOP-J6M8022 34864/14 SystemMonitor.Service.Services.RpcHostedService 客户端会话建立: conn="ec82b613-da05-4264-84fe-3fb03c945d2f"&#xD;
2025-08-22 05:00:43.120 +08:00 [INF] DESKTOP-J6M8022 34864/9 SystemMonitor.Service.Services.RpcHostedService 客户端断开：已达到流的结尾。 conn="ec82b613-da05-4264-84fe-3fb03c945d2f"&#xD;
2025-08-22 05:00:43.389 +08:00 [INF] DESKTOP-J6M8022 34864/13 SystemMonitor.Service.Services.RpcHostedService 客户端已连接&#xD;
2025-08-22 05:00:43.389 +08:00 [INF] DESKTOP-J6M8022 34864/13 SystemMonitor.Service.Services.RpcHostedService 客户端会话建立: conn="2f7dc9d3-2402-4294-ba61-bc663df8cf82"&#xD;
2025-08-22 05:00:43.398 +08:00 [INF] DESKTOP-J6M8022 34864/13 SystemMonitor.Service.Services.RpcHostedService snapshot called, modules=*&#xD;
2025-08-22 05:00:43.407 +08:00 [INF] DESKTOP-J6M8022 34864/13 SystemMonitor.Service.Services.RpcHostedService 客户端断开：已达到流的结尾。 conn="2f7dc9d3-2402-4294-ba61-bc663df8cf82"&#xD;
2025-08-22 05:00:43.756 +08:00 [INF] DESKTOP-J6M8022 34864/13 SystemMonitor.Service.Worker Worker running at: "2025-08-22T05:00:43.7565234+08:00"&#xD;
2025-08-22 05:00:44.757 +08:00 [INF] DESKTOP-J6M8022 34864/11 SystemMonitor.Service.Worker Worker running at: "2025-08-22T05:00:44.7577675+08:00"&#xD;
2025-08-22 05:00:45.762 +08:00 [INF] DESKTOP-J6M8022 34864/11 SystemMonitor.Service.Worker Worker running at: "2025-08-22T05:00:45.7627674+08:00"&#xD;
2025-08-22 05:00:46.772 +08:00 [INF] DESKTOP-J6M8022 34864/11 SystemMonitor.Service.Worker Worker running at: "2025-08-22T05:00:46.7724296+08:00"&#xD;
2025-08-22 05:00:47.772 +08:00 [INF] DESKTOP-J6M8022 34864/11 SystemMonitor.Service.Worker Worker running at: "2025-08-22T05:00:47.7724414+08:00"&#xD;
2025-08-22 05:00:48.113 +08:00 [INF] DESKTOP-J6M8022 34864/11 SystemMonitor.Service.Services.RpcHostedService 客户端已连接&#xD;
2025-08-22 05:00:48.113 +08:00 [INF] DESKTOP-J6M8022 34864/11 SystemMonitor.Service.Services.RpcHostedService 客户端会话建立: conn="0b57ec2b-be63-49bb-9b61-b642d4a6bad8"&#xD;
2025-08-22 05:00:48.118 +08:00 [INF] DESKTOP-J6M8022 34864/11 SystemMonitor.Service.Services.RpcHostedService 客户端断开：已达到流的结尾。 conn="0b57ec2b-be63-49bb-9b61-b642d4a6bad8"&#xD;
2025-08-22 05:00:48.786 +08:00 [INF] DESKTOP-J6M8022 34864/14 SystemMonitor.Service.Worker Worker running at: "2025-08-22T05:00:48.7861767+08:00"&#xD;
2025-08-22 05:00:49.797 +08:00 [INF] DESKTOP-J6M8022 34864/14 SystemMonitor.Service.Worker Worker running at: "2025-08-22T05:00:49.7971060+08:00"&#xD;
2025-08-22 05:00:50.810 +08:00 [INF] DESKTOP-J6M8022 34864/14 SystemMonitor.Service.Worker Worker running at: "2025-08-22T05:00:50.8103703+08:00"&#xD;
2025-08-22 05:00:51.819 +08:00 [INF] DESKTOP-J6M8022 34864/14 SystemMonitor.Service.Worker Worker running at: "2025-08-22T05:00:51.8191149+08:00"&#xD;
2025-08-22 05:00:52.832 +08:00 [INF] DESKTOP-J6M8022 34864/14 SystemMonitor.Service.Worker Worker running at: "2025-08-22T05:00:52.8322629+08:00"&#xD;
2025-08-22 05:00:53.102 +08:00 [INF] DESKTOP-J6M8022 34864/14 SystemMonitor.Service.Services.RpcHostedService 客户端已连接&#xD;
2025-08-22 05:00:53.102 +08:00 [INF] DESKTOP-J6M8022 34864/14 SystemMonitor.Service.Services.RpcHostedService 客户端会话建立: conn="a1d8b427-d708-44e2-9952-15a5a936e6af"&#xD;
2025-08-22 05:00:53.105 +08:00 [INF] DESKTOP-J6M8022 34864/13 SystemMonitor.Service.Services.RpcHostedService 客户端断开：已达到流的结尾。 conn="a1d8b427-d708-44e2-9952-15a5a936e6af"&#xD;
2025-08-22 05:00:53.839 +08:00 [INF] DESKTOP-J6M8022 34864/9 SystemMonitor.Service.Worker Worker running at: "2025-08-22T05:00:53.8390210+08:00"&#xD;
2025-08-22 05:00:54.844 +08:00 [INF] DESKTOP-J6M8022 34864/9 SystemMonitor.Service.Worker Worker running at: "2025-08-22T05:00:54.8440332+08:00"&#xD;
2025-08-22 05:00:55.849 +08:00 [INF] DESKTOP-J6M8022 34864/14 SystemMonitor.Service.Worker Worker running at: "2025-08-22T05:00:55.8498931+08:00"&#xD;
2025-08-22 05:00:56.855 +08:00 [INF] DESKTOP-J6M8022 34864/12 SystemMonitor.Service.Worker Worker running at: "2025-08-22T05:00:56.8554623+08:00"&#xD;
2025-08-22 05:00:57.861 +08:00 [INF] DESKTOP-J6M8022 34864/12 SystemMonitor.Service.Worker Worker running at: "2025-08-22T05:00:57.8610329+08:00"&#xD;
2025-08-22 05:00:58.111 +08:00 [INF] DESKTOP-J6M8022 34864/8 SystemMonitor.Service.Services.RpcHostedService 客户端已连接&#xD;
2025-08-22 05:00:58.111 +08:00 [INF] DESKTOP-J6M8022 34864/8 SystemMonitor.Service.Services.RpcHostedService 客户端会话建立: conn="667ed3f1-bd30-41e0-92ff-80608571c1ce"&#xD;
2025-08-22 05:00:58.116 +08:00 [INF] DESKTOP-J6M8022 34864/12 SystemMonitor.Service.Services.RpcHostedService 客户端断开：已达到流的结尾。 conn="667ed3f1-bd30-41e0-92ff-80608571c1ce"&#xD;
2025-08-22 05:00:58.863 +08:00 [INF] DESKTOP-J6M8022 34864/8 SystemMonitor.Service.Worker Worker running at: "2025-08-22T05:00:58.8635685+08:00"&#xD;
2025-08-22 05:00:59.864 +08:00 [INF] DESKTOP-J6M8022 34864/13 SystemMonitor.Service.Worker Worker running at: "2025-08-22T05:00:59.8639948+08:00"&#xD;
2025-08-22 05:01:00.871 +08:00 [INF] DESKTOP-J6M8022 34864/8 SystemMonitor.Service.Worker Worker running at: "2025-08-22T05:01:00.8711317+08:00"&#xD;
2025-08-22 05:01:01.872 +08:00 [INF] DESKTOP-J6M8022 34864/8 SystemMonitor.Service.Worker Worker running at: "2025-08-22T05:01:01.8723849+08:00"&#xD;
2025-08-22 05:01:02.874 +08:00 [INF] DESKTOP-J6M8022 34864/13 SystemMonitor.Service.Worker Worker running at: "2025-08-22T05:01:02.8742125+08:00"&#xD;
2025-08-22 05:01:03.109 +08:00 [INF] DESKTOP-J6M8022 34864/13 SystemMonitor.Service.Services.RpcHostedService 客户端已连接&#xD;
2025-08-22 05:01:03.109 +08:00 [INF] DESKTOP-J6M8022 34864/13 SystemMonitor.Service.Services.RpcHostedService 客户端会话建立: conn="6f7008b5-fb8e-492a-bb7e-9769bc95aca3"&#xD;
2025-08-22 05:01:03.113 +08:00 [INF] DESKTOP-J6M8022 34864/13 SystemMonitor.Service.Services.RpcHostedService 客户端断开：已达到流的结尾。 conn="6f7008b5-fb8e-492a-bb7e-9769bc95aca3"&#xD;
2025-08-22 05:01:03.878 +08:00 [INF] DESKTOP-J6M8022 34864/9 SystemMonitor.Service.Worker Worker running at: "2025-08-22T05:01:03.8780156+08:00"&#xD;
2025-08-22 05:01:04.882 +08:00 [INF] DESKTOP-J6M8022 34864/9 SystemMonitor.Service.Worker Worker running at: "2025-08-22T05:01:04.8824276+08:00"&#xD;
2025-08-22 05:01:05.888 +08:00 [INF] DESKTOP-J6M8022 34864/9 SystemMonitor.Service.Worker Worker running at: "2025-08-22T05:01:05.8884444+08:00"&#xD;
2025-08-22 05:01:06.898 +08:00 [INF] DESKTOP-J6M8022 34864/13 SystemMonitor.Service.Worker Worker running at: "2025-08-22T05:01:06.8980438+08:00"&#xD;
2025-08-22 05:01:07.902 +08:00 [INF] DESKTOP-J6M8022 34864/12 SystemMonitor.Service.Worker Worker running at: "2025-08-22T05:01:07.9022915+08:00"&#xD;
2025-08-22 05:01:08.106 +08:00 [INF] DESKTOP-J6M8022 34864/12 SystemMonitor.Service.Services.RpcHostedService 客户端已连接&#xD;
2025-08-22 05:01:08.106 +08:00 [INF] DESKTOP-J6M8022 34864/12 SystemMonitor.Service.Services.RpcHostedService 客户端会话建立: conn="57e57623-52be-4bde-b1c7-694c9251d418"&#xD;
2025-08-22 05:01:08.111 +08:00 [INF] DESKTOP-J6M8022 34864/14 SystemMonitor.Service.Services.RpcHostedService 客户端断开：已达到流的结尾。 conn="57e57623-52be-4bde-b1c7-694c9251d418"&#xD;
2025-08-22 05:01:08.904 +08:00 [INF] DESKTOP-J6M8022 34864/13 SystemMonitor.Service.Worker Worker running at: "2025-08-22T05:01:08.9045942+08:00"&#xD;
2025-08-22 05:01:09.905 +08:00 [INF] DESKTOP-J6M8022 34864/12 SystemMonitor.Service.Worker Worker running at: "2025-08-22T05:01:09.9059497+08:00"&#xD;
2025-08-22 05:01:10.910 +08:00 [INF] DESKTOP-J6M8022 34864/8 SystemMonitor.Service.Worker Worker running at: "2025-08-22T05:01:10.9104565+08:00"&#xD;
2025-08-22 05:01:11.913 +08:00 [INF] DESKTOP-J6M8022 34864/12 SystemMonitor.Service.Worker Worker running at: "2025-08-22T05:01:11.9132884+08:00"&#xD;
2025-08-22 05:01:12.917 +08:00 [INF] DESKTOP-J6M8022 34864/8 SystemMonitor.Service.Worker Worker running at: "2025-08-22T05:01:12.9173706+08:00"&#xD;
2025-08-22 05:01:13.103 +08:00 [INF] DESKTOP-J6M8022 34864/8 SystemMonitor.Service.Services.RpcHostedService 客户端已连接&#xD;
2025-08-22 05:01:13.103 +08:00 [INF] DESKTOP-J6M8022 34864/8 SystemMonitor.Service.Services.RpcHostedService 客户端会话建立: conn="8c8ff938-4ec2-4b63-94b8-07d74318db55"&#xD;
2025-08-22 05:01:13.107 +08:00 [INF] DESKTOP-J6M8022 34864/12 SystemMonitor.Service.Services.RpcHostedService 客户端断开：已达到流的结尾。 conn="8c8ff938-4ec2-4b63-94b8-07d74318db55"&#xD;
2025-08-22 05:01:13.395 +08:00 [INF] DESKTOP-J6M8022 34864/8 SystemMonitor.Service.Services.RpcHostedService 客户端已连接&#xD;
2025-08-22 05:01:13.395 +08:00 [INF] DESKTOP-J6M8022 34864/8 SystemMonitor.Service.Services.RpcHostedService 客户端会话建立: conn="0d0e45ce-49cf-483b-8035-5df65c66b336"&#xD;
2025-08-22 05:01:13.409 +08:00 [INF] DESKTOP-J6M8022 34864/8 SystemMonitor.Service.Services.RpcHostedService snapshot called, modules=*&#xD;
2025-08-22 05:01:13.415 +08:00 [INF] DESKTOP-J6M8022 34864/12 SystemMonitor.Service.Services.RpcHostedService 客户端断开：已达到流的结尾。 conn="0d0e45ce-49cf-483b-8035-5df65c66b336"&#xD;
2025-08-22 05:01:13.923 +08:00 [INF] DESKTOP-J6M8022 34864/14 SystemMonitor.Service.Worker Worker running at: "2025-08-22T05:01:13.9232807+08:00"&#xD;
2025-08-22 05:01:14.929 +08:00 [INF] DESKTOP-J6M8022 34864/12 SystemMonitor.Service.Worker Worker running at: "2025-08-22T05:01:14.9292827+08:00"&#xD;
2025-08-22 05:01:15.932 +08:00 [INF] DESKTOP-J6M8022 34864/8 SystemMonitor.Service.Worker Worker running at: "2025-08-22T05:01:15.9326500+08:00"&#xD;
2025-08-22 05:01:16.939 +08:00 [INF] DESKTOP-J6M8022 34864/14 SystemMonitor.Service.Worker Worker running at: "2025-08-22T05:01:16.9393680+08:00"&#xD;
2025-08-22 05:01:17.943 +08:00 [INF] DESKTOP-J6M8022 34864/8 SystemMonitor.Service.Worker Worker running at: "2025-08-22T05:01:17.9432416+08:00"&#xD;
2025-08-22 05:01:18.116 +08:00 [INF] DESKTOP-J6M8022 34864/8 SystemMonitor.Service.Services.RpcHostedService 客户端已连接&#xD;
2025-08-22 05:01:18.116 +08:00 [INF] DESKTOP-J6M8022 34864/8 SystemMonitor.Service.Services.RpcHostedService 客户端会话建立: conn="4caa660b-18e4-4979-bebe-31bdd3b07642"&#xD;
2025-08-22 05:01:18.119 +08:00 [INF] DESKTOP-J6M8022 34864/12 SystemMonitor.Service.Services.RpcHostedService 客户端断开：已达到流的结尾。 conn="4caa660b-18e4-4979-bebe-31bdd3b07642"&#xD;
2025-08-22 05:01:18.947 +08:00 [INF] DESKTOP-J6M8022 34864/8 SystemMonitor.Service.Worker Worker running at: "2025-08-22T05:01:18.9470563+08:00"&#xD;
2025-08-22 05:01:19.950 +08:00 [INF] DESKTOP-J6M8022 34864/8 SystemMonitor.Service.Worker Worker running at: "2025-08-22T05:01:19.9501774+08:00"&#xD;
2025-08-22 05:01:20.958 +08:00 [INF] DESKTOP-J6M8022 34864/8 SystemMonitor.Service.Worker Worker running at: "2025-08-22T05:01:20.9579718+08:00"&#xD;
2025-08-22 05:01:21.959 +08:00 [INF] DESKTOP-J6M8022 34864/14 SystemMonitor.Service.Worker Worker running at: "2025-08-22T05:01:21.9594726+08:00"&#xD;
2025-08-22 05:01:22.963 +08:00 [INF] DESKTOP-J6M8022 34864/8 SystemMonitor.Service.Worker Worker running at: "2025-08-22T05:01:22.9634519+08:00"&#xD;
2025-08-22 05:01:23.105 +08:00 [INF] DESKTOP-J6M8022 34864/8 SystemMonitor.Service.Services.RpcHostedService 客户端已连接&#xD;
2025-08-22 05:01:23.105 +08:00 [INF] DESKTOP-J6M8022 34864/8 SystemMonitor.Service.Services.RpcHostedService 客户端会话建立: conn="8639769c-80fa-407f-b9a9-4050afd76198"&#xD;
2025-08-22 05:01:23.107 +08:00 [INF] DESKTOP-J6M8022 34864/14 SystemMonitor.Service.Services.RpcHostedService 客户端断开：已达到流的结尾。 conn="8639769c-80fa-407f-b9a9-4050afd76198"&#xD;
2025-08-22 05:01:23.971 +08:00 [INF] DESKTOP-J6M8022 34864/11 SystemMonitor.Service.Worker Worker running at: "2025-08-22T05:01:23.9715344+08:00"&#xD;
2025-08-22 05:01:24.982 +08:00 [INF] DESKTOP-J6M8022 34864/11 SystemMonitor.Service.Worker Worker running at: "2025-08-22T05:01:24.9819615+08:00"&#xD;
2025-08-22 05:01:25.994 +08:00 [INF] DESKTOP-J6M8022 34864/11 SystemMonitor.Service.Worker Worker running at: "2025-08-22T05:01:25.9941989+08:00"&#xD;
2025-08-22 05:01:26.999 +08:00 [INF] DESKTOP-J6M8022 34864/8 SystemMonitor.Service.Worker Worker running at: "2025-08-22T05:01:26.9999359+08:00"&#xD;
2025-08-22 05:01:28.013 +08:00 [INF] DESKTOP-J6M8022 34864/11 SystemMonitor.Service.Worker Worker running at: "2025-08-22T05:01:28.0133025+08:00"&#xD;
2025-08-22 05:01:28.109 +08:00 [INF] DESKTOP-J6M8022 34864/11 SystemMonitor.Service.Services.RpcHostedService 客户端已连接&#xD;
2025-08-22 05:01:28.109 +08:00 [INF] DESKTOP-J6M8022 34864/11 SystemMonitor.Service.Services.RpcHostedService 客户端会话建立: conn="fda2e581-c0a4-4aa4-a5e0-11787ca179bd"&#xD;
2025-08-22 05:01:28.112 +08:00 [INF] DESKTOP-J6M8022 34864/11 SystemMonitor.Service.Services.RpcHostedService 客户端断开：已达到流的结尾。 conn="fda2e581-c0a4-4aa4-a5e0-11787ca179bd"&#xD;
2025-08-22 05:01:29.018 +08:00 [INF] DESKTOP-J6M8022 34864/11 SystemMonitor.Service.Worker Worker running at: "2025-08-22T05:01:29.0183364+08:00"&#xD;
2025-08-22 05:01:30.019 +08:00 [INF] DESKTOP-J6M8022 34864/8 SystemMonitor.Service.Worker Worker running at: "2025-08-22T05:01:30.0195935+08:00"&#xD;
2025-08-22 05:01:31.026 +08:00 [INF] DESKTOP-J6M8022 34864/8 SystemMonitor.Service.Worker Worker running at: "2025-08-22T05:01:31.0262398+08:00"&#xD;
2025-08-22 05:01:32.031 +08:00 [INF] DESKTOP-J6M8022 34864/12 SystemMonitor.Service.Worker Worker running at: "2025-08-22T05:01:32.0310132+08:00"&#xD;
2025-08-22 05:01:33.035 +08:00 [INF] DESKTOP-J6M8022 34864/12 SystemMonitor.Service.Worker Worker running at: "2025-08-22T05:01:33.0357910+08:00"&#xD;
2025-08-22 05:01:33.116 +08:00 [INF] DESKTOP-J6M8022 34864/12 SystemMonitor.Service.Services.RpcHostedService 客户端已连接&#xD;
2025-08-22 05:01:33.116 +08:00 [INF] DESKTOP-J6M8022 34864/12 SystemMonitor.Service.Services.RpcHostedService 客户端会话建立: conn="34e1094f-2d5d-4eb2-b05a-37c0e40cc011"&#xD;
2025-08-22 05:01:33.119 +08:00 [INF] DESKTOP-J6M8022 34864/8 SystemMonitor.Service.Services.RpcHostedService 客户端断开：已达到流的结尾。 conn="34e1094f-2d5d-4eb2-b05a-37c0e40cc011"&#xD;
2025-08-22 05:01:34.041 +08:00 [INF] DESKTOP-J6M8022 34864/8 SystemMonitor.Service.Worker Worker running at: "2025-08-22T05:01:34.0416262+08:00"&#xD;
2025-08-22 05:01:35.045 +08:00 [INF] DESKTOP-J6M8022 34864/8 SystemMonitor.Service.Worker Worker running at: "2025-08-22T05:01:35.0457088+08:00"&#xD;
2025-08-22 05:01:36.047 +08:00 [INF] DESKTOP-J6M8022 34864/12 SystemMonitor.Service.Worker Worker running at: "2025-08-22T05:01:36.0479378+08:00"&#xD;
2025-08-22 05:01:37.050 +08:00 [INF] DESKTOP-J6M8022 34864/12 SystemMonitor.Service.Worker Worker running at: "2025-08-22T05:01:37.0504892+08:00"&#xD;
2025-08-22 05:01:38.061 +08:00 [INF] DESKTOP-J6M8022 34864/14 SystemMonitor.Service.Worker Worker running at: "2025-08-22T05:01:38.0614429+08:00"&#xD;
2025-08-22 05:01:38.110 +08:00 [INF] DESKTOP-J6M8022 34864/12 SystemMonitor.Service.Services.RpcHostedService 客户端已连接&#xD;
2025-08-22 05:01:38.110 +08:00 [INF] DESKTOP-J6M8022 34864/12 SystemMonitor.Service.Services.RpcHostedService 客户端会话建立: conn="06117a62-6040-4241-9927-358af4226d43"&#xD;
2025-08-22 05:01:38.113 +08:00 [INF] DESKTOP-J6M8022 34864/14 SystemMonitor.Service.Services.RpcHostedService 客户端断开：已达到流的结尾。 conn="06117a62-6040-4241-9927-358af4226d43"&#xD;
2025-08-22 05:01:39.064 +08:00 [INF] DESKTOP-J6M8022 34864/14 SystemMonitor.Service.Worker Worker running at: "2025-08-22T05:01:39.0644324+08:00"&#xD;
2025-08-22 05:01:40.069 +08:00 [INF] DESKTOP-J6M8022 34864/8 SystemMonitor.Service.Worker Worker running at: "2025-08-22T05:01:40.0698228+08:00"&#xD;
2025-08-22 05:01:41.072 +08:00 [INF] DESKTOP-J6M8022 34864/8 SystemMonitor.Service.Worker Worker running at: "2025-08-22T05:01:41.0721700+08:00"&#xD;
2025-08-22 05:01:42.086 +08:00 [INF] DESKTOP-J6M8022 34864/11 SystemMonitor.Service.Worker Worker running at: "2025-08-22T05:01:42.0860513+08:00"&#xD;
2025-08-22 05:01:43.101 +08:00 [INF] DESKTOP-J6M8022 34864/8 SystemMonitor.Service.Worker Worker running at: "2025-08-22T05:01:43.1011436+08:00"&#xD;
2025-08-22 05:01:43.105 +08:00 [INF] DESKTOP-J6M8022 34864/9 SystemMonitor.Service.Services.RpcHostedService 客户端已连接&#xD;
2025-08-22 05:01:43.105 +08:00 [INF] DESKTOP-J6M8022 34864/9 SystemMonitor.Service.Services.RpcHostedService 客户端会话建立: conn="860b5ccb-a321-4101-b6d7-ba8cfd17c2fa"&#xD;
2025-08-22 05:01:43.109 +08:00 [INF] DESKTOP-J6M8022 34864/8 SystemMonitor.Service.Services.RpcHostedService 客户端断开：已达到流的结尾。 conn="860b5ccb-a321-4101-b6d7-ba8cfd17c2fa"&#xD;
2025-08-22 05:01:43.386 +08:00 [INF] DESKTOP-J6M8022 34864/11 SystemMonitor.Service.Services.RpcHostedService 客户端已连接&#xD;
2025-08-22 05:01:43.386 +08:00 [INF] DESKTOP-J6M8022 34864/11 SystemMonitor.Service.Services.RpcHostedService 客户端会话建立: conn="7103465a-6b36-49d0-b971-0765ff27b367"&#xD;
2025-08-22 05:01:43.387 +08:00 [INF] DESKTOP-J6M8022 34864/11 SystemMonitor.Service.Services.RpcHostedService snapshot called, modules=*&#xD;
2025-08-22 05:01:43.394 +08:00 [INF] DESKTOP-J6M8022 34864/14 SystemMonitor.Service.Services.RpcHostedService 客户端断开：已达到流的结尾。 conn="7103465a-6b36-49d0-b971-0765ff27b367"&#xD;
2025-08-22 05:01:44.107 +08:00 [INF] DESKTOP-J6M8022 34864/11 SystemMonitor.Service.Worker Worker running at: "2025-08-22T05:01:44.1078485+08:00"&#xD;
2025-08-22 05:01:45.116 +08:00 [INF] DESKTOP-J6M8022 34864/8 SystemMonitor.Service.Worker Worker running at: "2025-08-22T05:01:45.1165225+08:00"&#xD;
2025-08-22 05:01:46.125 +08:00 [INF] DESKTOP-J6M8022 34864/8 SystemMonitor.Service.Worker Worker running at: "2025-08-22T05:01:46.1259467+08:00"&#xD;
2025-08-22 05:01:47.131 +08:00 [INF] DESKTOP-J6M8022 34864/8 SystemMonitor.Service.Worker Worker running at: "2025-08-22T05:01:47.1319177+08:00"&#xD;
2025-08-22 05:01:48.110 +08:00 [INF] DESKTOP-J6M8022 34864/9 SystemMonitor.Service.Services.RpcHostedService 客户端已连接&#xD;
2025-08-22 05:01:48.111 +08:00 [INF] DESKTOP-J6M8022 34864/9 SystemMonitor.Service.Services.RpcHostedService 客户端会话建立: conn="dc929a0f-2511-48c2-b921-bb00e3b2d95e"&#xD;
2025-08-22 05:01:48.113 +08:00 [INF] DESKTOP-J6M8022 34864/9 SystemMonitor.Service.Services.RpcHostedService 客户端断开：已达到流的结尾。 conn="dc929a0f-2511-48c2-b921-bb00e3b2d95e"&#xD;
2025-08-22 05:01:48.139 +08:00 [INF] DESKTOP-J6M8022 34864/9 SystemMonitor.Service.Worker Worker running at: "2025-08-22T05:01:48.1397480+08:00"&#xD;
2025-08-22 05:01:49.149 +08:00 [INF] DESKTOP-J6M8022 34864/9 SystemMonitor.Service.Worker Worker running at: "2025-08-22T05:01:49.1490602+08:00"&#xD;
2025-08-22 05:01:50.156 +08:00 [INF] DESKTOP-J6M8022 34864/9 SystemMonitor.Service.Worker Worker running at: "2025-08-22T05:01:50.1565687+08:00"&#xD;
2025-08-22 05:01:51.163 +08:00 [INF] DESKTOP-J6M8022 34864/8 SystemMonitor.Service.Worker Worker running at: "2025-08-22T05:01:51.1638742+08:00"&#xD;
2025-08-22 05:01:52.175 +08:00 [INF] DESKTOP-J6M8022 34864/8 SystemMonitor.Service.Worker Worker running at: "2025-08-22T05:01:52.1751866+08:00"&#xD;
2025-08-22 05:01:53.106 +08:00 [INF] DESKTOP-J6M8022 34864/8 SystemMonitor.Service.Services.RpcHostedService 客户端已连接&#xD;
2025-08-22 05:01:53.106 +08:00 [INF] DESKTOP-J6M8022 34864/8 SystemMonitor.Service.Services.RpcHostedService 客户端会话建立: conn="cf08e297-f8bc-42e5-a912-8cdf3760d104"&#xD;
2025-08-22 05:01:53.109 +08:00 [INF] DESKTOP-J6M8022 34864/14 SystemMonitor.Service.Services.RpcHostedService 客户端断开：已达到流的结尾。 conn="cf08e297-f8bc-42e5-a912-8cdf3760d104"&#xD;
2025-08-22 05:01:53.183 +08:00 [INF] DESKTOP-J6M8022 34864/12 SystemMonitor.Service.Worker Worker running at: "2025-08-22T05:01:53.1832976+08:00"&#xD;
2025-08-22 05:01:54.188 +08:00 [INF] DESKTOP-J6M8022 34864/12 SystemMonitor.Service.Worker Worker running at: "2025-08-22T05:01:54.1886519+08:00"&#xD;
2025-08-22 05:01:55.189 +08:00 [INF] DESKTOP-J6M8022 34864/12 SystemMonitor.Service.Worker Worker running at: "2025-08-22T05:01:55.1890118+08:00"&#xD;
2025-08-22 05:01:56.201 +08:00 [INF] DESKTOP-J6M8022 34864/14 SystemMonitor.Service.Worker Worker running at: "2025-08-22T05:01:56.2011712+08:00"&#xD;
2025-08-22 05:01:57.203 +08:00 [INF] DESKTOP-J6M8022 34864/12 SystemMonitor.Service.Worker Worker running at: "2025-08-22T05:01:57.2030740+08:00"&#xD;
2025-08-22 05:01:58.150 +08:00 [INF] DESKTOP-J6M8022 34864/11 SystemMonitor.Service.Services.RpcHostedService 客户端已连接&#xD;
2025-08-22 05:01:58.150 +08:00 [INF] DESKTOP-J6M8022 34864/11 SystemMonitor.Service.Services.RpcHostedService 客户端会话建立: conn="12ea3cb9-6e37-4a78-8a02-17ba9963b724"&#xD;
2025-08-22 05:01:58.164 +08:00 [INF] DESKTOP-J6M8022 34864/14 SystemMonitor.Service.Services.RpcHostedService 客户端断开：已达到流的结尾。 conn="12ea3cb9-6e37-4a78-8a02-17ba9963b724"&#xD;
2025-08-22 05:01:58.220 +08:00 [INF] DESKTOP-J6M8022 34864/14 SystemMonitor.Service.Worker Worker running at: "2025-08-22T05:01:58.2204087+08:00"&#xD;
2025-08-22 05:01:59.232 +08:00 [INF] DESKTOP-J6M8022 34864/11 SystemMonitor.Service.Worker Worker running at: "2025-08-22T05:01:59.2321592+08:00"&#xD;
2025-08-22 05:02:00.236 +08:00 [INF] DESKTOP-J6M8022 34864/14 SystemMonitor.Service.Worker Worker running at: "2025-08-22T05:02:00.2367533+08:00"&#xD;
2025-08-22 05:02:01.245 +08:00 [INF] DESKTOP-J6M8022 34864/11 SystemMonitor.Service.Worker Worker running at: "2025-08-22T05:02:01.2451701+08:00"&#xD;
2025-08-22 05:02:02.255 +08:00 [INF] DESKTOP-J6M8022 34864/11 SystemMonitor.Service.Worker Worker running at: "2025-08-22T05:02:02.2559126+08:00"</Message>
          <StackTrace>   at SystemMonitor.Tests.EndToEndTests.WaitPipeReadyAsync(TimeSpan timeout) in C:\code\sys-sensor-v3\src\SystemMonitor.Tests\EndToEndTests.cs:line 151&#xD;
   at SystemMonitor.Tests.EndToEndTests.InitializeAsync() in C:\code\sys-sensor-v3\src\SystemMonitor.Tests\EndToEndTests.cs:line 278</StackTrace>
        </ErrorInfo>
      </Output>
    </UnitTestResult>
    <UnitTestResult executionId="b897fb6b-d6d4-48eb-b3b5-07d7e7b560ca" testId="648e89fa-b178-023e-6b9f-b12e893716da" testName="SystemMonitor.Tests.EndToEndTests.Hello_Then_Snapshot_Works" computerName="DESKTOP-J6M8022" duration="00:00:00.0010000" startTime="2025-08-22T05:04:26.4165141+08:00" endTime="2025-08-22T05:04:26.4165143+08:00" testType="13cdc9d9-ddb5-4fa4-a97d-d965ccfc6d4b" outcome="Failed" testListId="8c84fa94-04c1-424b-9868-57a2d4851a1d" relativeResultsDirectory="b897fb6b-d6d4-48eb-b3b5-07d7e7b560ca">
      <Output>
        <ErrorInfo>
          <Message>System.InvalidOperationException : Service exited while waiting for pipe. Code=1. Tail:
[svc][out] 姝ｅ湪鐢熸垚...&#xD;
[svc][out] C:\code\sys-sensor-v3\src\SystemMonitor.Service\Services\RpcHostedService.cs(201,31): error CS0103: 褰撳墠涓婁笅鏂囦腑涓嶅瓨鍦ㄥ悕绉扳€淭ryCreateCounter鈥?[C:\code\sys-sensor-v3\src\SystemMonitor.Service\SystemMonitor.Service.csproj]&#xD;
[svc][out] C:\code\sys-sensor-v3\src\SystemMonitor.Service\Services\RpcHostedService.cs(203,35): error CS0103: 褰撳墠涓婁笅鏂囦腑涓嶅瓨鍦ㄥ悕绉扳€淭ryCreateCounter鈥?[C:\code\sys-sensor-v3\src\SystemMonitor.Service\SystemMonitor.Service.csproj]&#xD;
[svc][out] C:\code\sys-sensor-v3\src\SystemMonitor.Service\Program.cs(76,13): warning CA1416: 鍙湪鎵€鏈夊钩鍙颁笂璁块棶姝よ皟鐢ㄧ珯鐐广€?RpcHostedService" 浠呭湪 'windows' 涓婂彈鏀寔銆?(https://learn.microsoft.com/dotnet/fundamentals/code-analysis/quality-rules/ca1416) [C:\code\sys-sensor-v3\src\SystemMonitor.Service\SystemMonitor.Service.csproj]&#xD;
[svc][err] 鐢熸垚澶辫触銆傝淇鐢熸垚閿欒骞堕噸鏂拌繍琛屻€?
[file-log-tail]
2025-08-22 05:00:07.505 +08:00 [INF] DESKTOP-J6M8022 34864/11 SystemMonitor.Service.Worker Worker running at: "2025-08-22T05:00:07.5059406+08:00"&#xD;
2025-08-22 05:00:08.115 +08:00 [INF] DESKTOP-J6M8022 34864/11 SystemMonitor.Service.Services.RpcHostedService 客户端已连接&#xD;
2025-08-22 05:00:08.115 +08:00 [INF] DESKTOP-J6M8022 34864/11 SystemMonitor.Service.Services.RpcHostedService 客户端会话建立: conn="3ebaf5c9-7a90-4c1f-8d06-77e4b9511b6b"&#xD;
2025-08-22 05:00:08.119 +08:00 [INF] DESKTOP-J6M8022 34864/11 SystemMonitor.Service.Services.RpcHostedService 客户端断开：已达到流的结尾。 conn="3ebaf5c9-7a90-4c1f-8d06-77e4b9511b6b"&#xD;
2025-08-22 05:00:08.515 +08:00 [INF] DESKTOP-J6M8022 34864/11 SystemMonitor.Service.Worker Worker running at: "2025-08-22T05:00:08.5155952+08:00"&#xD;
2025-08-22 05:00:09.524 +08:00 [INF] DESKTOP-J6M8022 34864/9 SystemMonitor.Service.Worker Worker running at: "2025-08-22T05:00:09.5241284+08:00"&#xD;
2025-08-22 05:00:10.532 +08:00 [INF] DESKTOP-J6M8022 34864/8 SystemMonitor.Service.Worker Worker running at: "2025-08-22T05:00:10.5324730+08:00"&#xD;
2025-08-22 05:00:11.535 +08:00 [INF] DESKTOP-J6M8022 34864/12 SystemMonitor.Service.Worker Worker running at: "2025-08-22T05:00:11.5357528+08:00"&#xD;
2025-08-22 05:00:12.548 +08:00 [INF] DESKTOP-J6M8022 34864/8 SystemMonitor.Service.Worker Worker running at: "2025-08-22T05:00:12.5481912+08:00"&#xD;
2025-08-22 05:00:13.107 +08:00 [INF] DESKTOP-J6M8022 34864/12 SystemMonitor.Service.Services.RpcHostedService 客户端已连接&#xD;
2025-08-22 05:00:13.107 +08:00 [INF] DESKTOP-J6M8022 34864/12 SystemMonitor.Service.Services.RpcHostedService 客户端会话建立: conn="27a81c38-4647-493a-8fb8-8f2e144087dc"&#xD;
2025-08-22 05:00:13.111 +08:00 [INF] DESKTOP-J6M8022 34864/11 SystemMonitor.Service.Services.RpcHostedService 客户端断开：已达到流的结尾。 conn="27a81c38-4647-493a-8fb8-8f2e144087dc"&#xD;
2025-08-22 05:00:13.384 +08:00 [INF] DESKTOP-J6M8022 34864/8 SystemMonitor.Service.Services.RpcHostedService 客户端已连接&#xD;
2025-08-22 05:00:13.384 +08:00 [INF] DESKTOP-J6M8022 34864/8 SystemMonitor.Service.Services.RpcHostedService 客户端会话建立: conn="25e61bd6-9b34-4b1b-8730-8dd26623668c"&#xD;
2025-08-22 05:00:13.405 +08:00 [INF] DESKTOP-J6M8022 34864/8 SystemMonitor.Service.Services.RpcHostedService snapshot called, modules=*&#xD;
2025-08-22 05:00:13.408 +08:00 [INF] DESKTOP-J6M8022 34864/9 SystemMonitor.Service.Services.RpcHostedService 客户端断开：已达到流的结尾。 conn="25e61bd6-9b34-4b1b-8730-8dd26623668c"&#xD;
2025-08-22 05:00:13.551 +08:00 [INF] DESKTOP-J6M8022 34864/12 SystemMonitor.Service.Worker Worker running at: "2025-08-22T05:00:13.5519178+08:00"&#xD;
2025-08-22 05:00:14.561 +08:00 [INF] DESKTOP-J6M8022 34864/8 SystemMonitor.Service.Worker Worker running at: "2025-08-22T05:00:14.5613344+08:00"&#xD;
2025-08-22 05:00:15.574 +08:00 [INF] DESKTOP-J6M8022 34864/8 SystemMonitor.Service.Worker Worker running at: "2025-08-22T05:00:15.5741996+08:00"&#xD;
2025-08-22 05:00:16.580 +08:00 [INF] DESKTOP-J6M8022 34864/12 SystemMonitor.Service.Worker Worker running at: "2025-08-22T05:00:16.5802431+08:00"&#xD;
2025-08-22 05:00:17.583 +08:00 [INF] DESKTOP-J6M8022 34864/12 SystemMonitor.Service.Worker Worker running at: "2025-08-22T05:00:17.5832737+08:00"&#xD;
2025-08-22 05:00:18.114 +08:00 [INF] DESKTOP-J6M8022 34864/11 SystemMonitor.Service.Services.RpcHostedService 客户端已连接&#xD;
2025-08-22 05:00:18.114 +08:00 [INF] DESKTOP-J6M8022 34864/11 SystemMonitor.Service.Services.RpcHostedService 客户端会话建立: conn="8619790b-69c5-445b-ab8d-8526df618427"&#xD;
2025-08-22 05:00:18.116 +08:00 [INF] DESKTOP-J6M8022 34864/12 SystemMonitor.Service.Services.RpcHostedService 客户端断开：已达到流的结尾。 conn="8619790b-69c5-445b-ab8d-8526df618427"&#xD;
2025-08-22 05:00:18.595 +08:00 [INF] DESKTOP-J6M8022 34864/11 SystemMonitor.Service.Worker Worker running at: "2025-08-22T05:00:18.5953464+08:00"&#xD;
2025-08-22 05:00:19.605 +08:00 [INF] DESKTOP-J6M8022 34864/11 SystemMonitor.Service.Worker Worker running at: "2025-08-22T05:00:19.6052530+08:00"&#xD;
2025-08-22 05:00:20.613 +08:00 [INF] DESKTOP-J6M8022 34864/13 SystemMonitor.Service.Worker Worker running at: "2025-08-22T05:00:20.6131263+08:00"&#xD;
2025-08-22 05:00:21.613 +08:00 [INF] DESKTOP-J6M8022 34864/11 SystemMonitor.Service.Worker Worker running at: "2025-08-22T05:00:21.6130098+08:00"&#xD;
2025-08-22 05:00:22.624 +08:00 [INF] DESKTOP-J6M8022 34864/13 SystemMonitor.Service.Worker Worker running at: "2025-08-22T05:00:22.6244940+08:00"&#xD;
2025-08-22 05:00:23.105 +08:00 [INF] DESKTOP-J6M8022 34864/13 SystemMonitor.Service.Services.RpcHostedService 客户端已连接&#xD;
2025-08-22 05:00:23.105 +08:00 [INF] DESKTOP-J6M8022 34864/13 SystemMonitor.Service.Services.RpcHostedService 客户端会话建立: conn="849f5c90-811a-4eb3-97ea-73e1b9d03257"&#xD;
2025-08-22 05:00:23.108 +08:00 [INF] DESKTOP-J6M8022 34864/8 SystemMonitor.Service.Services.RpcHostedService 客户端断开：已达到流的结尾。 conn="849f5c90-811a-4eb3-97ea-73e1b9d03257"&#xD;
2025-08-22 05:00:23.627 +08:00 [INF] DESKTOP-J6M8022 34864/13 SystemMonitor.Service.Worker Worker running at: "2025-08-22T05:00:23.6275367+08:00"&#xD;
2025-08-22 05:00:24.631 +08:00 [INF] DESKTOP-J6M8022 34864/8 SystemMonitor.Service.Worker Worker running at: "2025-08-22T05:00:24.6319373+08:00"&#xD;
2025-08-22 05:00:25.643 +08:00 [INF] DESKTOP-J6M8022 34864/13 SystemMonitor.Service.Worker Worker running at: "2025-08-22T05:00:25.6437810+08:00"&#xD;
2025-08-22 05:00:26.649 +08:00 [INF] DESKTOP-J6M8022 34864/10 SystemMonitor.Service.Worker Worker running at: "2025-08-22T05:00:26.6498268+08:00"&#xD;
2025-08-22 05:00:27.653 +08:00 [INF] DESKTOP-J6M8022 34864/13 SystemMonitor.Service.Worker Worker running at: "2025-08-22T05:00:27.6536723+08:00"&#xD;
2025-08-22 05:00:28.104 +08:00 [INF] DESKTOP-J6M8022 34864/13 SystemMonitor.Service.Services.RpcHostedService 客户端已连接&#xD;
2025-08-22 05:00:28.104 +08:00 [INF] DESKTOP-J6M8022 34864/13 SystemMonitor.Service.Services.RpcHostedService 客户端会话建立: conn="58087a9a-4fe9-4ab7-893a-962c7c34de4d"&#xD;
2025-08-22 05:00:28.108 +08:00 [INF] DESKTOP-J6M8022 34864/10 SystemMonitor.Service.Services.RpcHostedService 客户端断开：已达到流的结尾。 conn="58087a9a-4fe9-4ab7-893a-962c7c34de4d"&#xD;
2025-08-22 05:00:28.658 +08:00 [INF] DESKTOP-J6M8022 34864/10 SystemMonitor.Service.Worker Worker running at: "2025-08-22T05:00:28.6580477+08:00"&#xD;
2025-08-22 05:00:29.667 +08:00 [INF] DESKTOP-J6M8022 34864/10 SystemMonitor.Service.Worker Worker running at: "2025-08-22T05:00:29.6670246+08:00"&#xD;
2025-08-22 05:00:30.671 +08:00 [INF] DESKTOP-J6M8022 34864/11 SystemMonitor.Service.Worker Worker running at: "2025-08-22T05:00:30.6718324+08:00"&#xD;
2025-08-22 05:00:31.677 +08:00 [INF] DESKTOP-J6M8022 34864/11 SystemMonitor.Service.Worker Worker running at: "2025-08-22T05:00:31.6773257+08:00"&#xD;
2025-08-22 05:00:32.687 +08:00 [INF] DESKTOP-J6M8022 34864/8 SystemMonitor.Service.Worker Worker running at: "2025-08-22T05:00:32.6879602+08:00"&#xD;
2025-08-22 05:00:33.104 +08:00 [INF] DESKTOP-J6M8022 34864/11 SystemMonitor.Service.Services.RpcHostedService 客户端已连接&#xD;
2025-08-22 05:00:33.104 +08:00 [INF] DESKTOP-J6M8022 34864/11 SystemMonitor.Service.Services.RpcHostedService 客户端会话建立: conn="f2efc72f-7360-4d95-8499-7acad765c432"&#xD;
2025-08-22 05:00:33.107 +08:00 [INF] DESKTOP-J6M8022 34864/11 SystemMonitor.Service.Services.RpcHostedService 客户端断开：已达到流的结尾。 conn="f2efc72f-7360-4d95-8499-7acad765c432"&#xD;
2025-08-22 05:00:33.703 +08:00 [INF] DESKTOP-J6M8022 34864/8 SystemMonitor.Service.Worker Worker running at: "2025-08-22T05:00:33.7031716+08:00"&#xD;
2025-08-22 05:00:34.705 +08:00 [INF] DESKTOP-J6M8022 34864/13 SystemMonitor.Service.Worker Worker running at: "2025-08-22T05:00:34.7053006+08:00"&#xD;
2025-08-22 05:00:35.716 +08:00 [INF] DESKTOP-J6M8022 34864/11 SystemMonitor.Service.Worker Worker running at: "2025-08-22T05:00:35.7161477+08:00"&#xD;
2025-08-22 05:00:36.721 +08:00 [INF] DESKTOP-J6M8022 34864/12 SystemMonitor.Service.Worker Worker running at: "2025-08-22T05:00:36.7213935+08:00"&#xD;
2025-08-22 05:00:37.725 +08:00 [INF] DESKTOP-J6M8022 34864/12 SystemMonitor.Service.Worker Worker running at: "2025-08-22T05:00:37.7251514+08:00"&#xD;
2025-08-22 05:00:38.118 +08:00 [INF] DESKTOP-J6M8022 34864/13 SystemMonitor.Service.Services.RpcHostedService 客户端已连接&#xD;
2025-08-22 05:00:38.118 +08:00 [INF] DESKTOP-J6M8022 34864/13 SystemMonitor.Service.Services.RpcHostedService 客户端会话建立: conn="b439ecab-ffb2-4843-8f54-1844ad704c06"&#xD;
2025-08-22 05:00:38.121 +08:00 [INF] DESKTOP-J6M8022 34864/13 SystemMonitor.Service.Services.RpcHostedService 客户端断开：已达到流的结尾。 conn="b439ecab-ffb2-4843-8f54-1844ad704c06"&#xD;
2025-08-22 05:00:38.725 +08:00 [INF] DESKTOP-J6M8022 34864/8 SystemMonitor.Service.Worker Worker running at: "2025-08-22T05:00:38.7259519+08:00"&#xD;
2025-08-22 05:00:39.740 +08:00 [INF] DESKTOP-J6M8022 34864/11 SystemMonitor.Service.Worker Worker running at: "2025-08-22T05:00:39.7403082+08:00"&#xD;
2025-08-22 05:00:40.742 +08:00 [INF] DESKTOP-J6M8022 34864/11 SystemMonitor.Service.Worker Worker running at: "2025-08-22T05:00:40.7425737+08:00"&#xD;
2025-08-22 05:00:41.745 +08:00 [INF] DESKTOP-J6M8022 34864/13 SystemMonitor.Service.Worker Worker running at: "2025-08-22T05:00:41.7451229+08:00"&#xD;
2025-08-22 05:00:42.751 +08:00 [INF] DESKTOP-J6M8022 34864/11 SystemMonitor.Service.Worker Worker running at: "2025-08-22T05:00:42.7515665+08:00"&#xD;
2025-08-22 05:00:43.110 +08:00 [INF] DESKTOP-J6M8022 34864/14 SystemMonitor.Service.Services.RpcHostedService 客户端已连接&#xD;
2025-08-22 05:00:43.110 +08:00 [INF] DESKTOP-J6M8022 34864/14 SystemMonitor.Service.Services.RpcHostedService 客户端会话建立: conn="ec82b613-da05-4264-84fe-3fb03c945d2f"&#xD;
2025-08-22 05:00:43.120 +08:00 [INF] DESKTOP-J6M8022 34864/9 SystemMonitor.Service.Services.RpcHostedService 客户端断开：已达到流的结尾。 conn="ec82b613-da05-4264-84fe-3fb03c945d2f"&#xD;
2025-08-22 05:00:43.389 +08:00 [INF] DESKTOP-J6M8022 34864/13 SystemMonitor.Service.Services.RpcHostedService 客户端已连接&#xD;
2025-08-22 05:00:43.389 +08:00 [INF] DESKTOP-J6M8022 34864/13 SystemMonitor.Service.Services.RpcHostedService 客户端会话建立: conn="2f7dc9d3-2402-4294-ba61-bc663df8cf82"&#xD;
2025-08-22 05:00:43.398 +08:00 [INF] DESKTOP-J6M8022 34864/13 SystemMonitor.Service.Services.RpcHostedService snapshot called, modules=*&#xD;
2025-08-22 05:00:43.407 +08:00 [INF] DESKTOP-J6M8022 34864/13 SystemMonitor.Service.Services.RpcHostedService 客户端断开：已达到流的结尾。 conn="2f7dc9d3-2402-4294-ba61-bc663df8cf82"&#xD;
2025-08-22 05:00:43.756 +08:00 [INF] DESKTOP-J6M8022 34864/13 SystemMonitor.Service.Worker Worker running at: "2025-08-22T05:00:43.7565234+08:00"&#xD;
2025-08-22 05:00:44.757 +08:00 [INF] DESKTOP-J6M8022 34864/11 SystemMonitor.Service.Worker Worker running at: "2025-08-22T05:00:44.7577675+08:00"&#xD;
2025-08-22 05:00:45.762 +08:00 [INF] DESKTOP-J6M8022 34864/11 SystemMonitor.Service.Worker Worker running at: "2025-08-22T05:00:45.7627674+08:00"&#xD;
2025-08-22 05:00:46.772 +08:00 [INF] DESKTOP-J6M8022 34864/11 SystemMonitor.Service.Worker Worker running at: "2025-08-22T05:00:46.7724296+08:00"&#xD;
2025-08-22 05:00:47.772 +08:00 [INF] DESKTOP-J6M8022 34864/11 SystemMonitor.Service.Worker Worker running at: "2025-08-22T05:00:47.7724414+08:00"&#xD;
2025-08-22 05:00:48.113 +08:00 [INF] DESKTOP-J6M8022 34864/11 SystemMonitor.Service.Services.RpcHostedService 客户端已连接&#xD;
2025-08-22 05:00:48.113 +08:00 [INF] DESKTOP-J6M8022 34864/11 SystemMonitor.Service.Services.RpcHostedService 客户端会话建立: conn="0b57ec2b-be63-49bb-9b61-b642d4a6bad8"&#xD;
2025-08-22 05:00:48.118 +08:00 [INF] DESKTOP-J6M8022 34864/11 SystemMonitor.Service.Services.RpcHostedService 客户端断开：已达到流的结尾。 conn="0b57ec2b-be63-49bb-9b61-b642d4a6bad8"&#xD;
2025-08-22 05:00:48.786 +08:00 [INF] DESKTOP-J6M8022 34864/14 SystemMonitor.Service.Worker Worker running at: "2025-08-22T05:00:48.7861767+08:00"&#xD;
2025-08-22 05:00:49.797 +08:00 [INF] DESKTOP-J6M8022 34864/14 SystemMonitor.Service.Worker Worker running at: "2025-08-22T05:00:49.7971060+08:00"&#xD;
2025-08-22 05:00:50.810 +08:00 [INF] DESKTOP-J6M8022 34864/14 SystemMonitor.Service.Worker Worker running at: "2025-08-22T05:00:50.8103703+08:00"&#xD;
2025-08-22 05:00:51.819 +08:00 [INF] DESKTOP-J6M8022 34864/14 SystemMonitor.Service.Worker Worker running at: "2025-08-22T05:00:51.8191149+08:00"&#xD;
2025-08-22 05:00:52.832 +08:00 [INF] DESKTOP-J6M8022 34864/14 SystemMonitor.Service.Worker Worker running at: "2025-08-22T05:00:52.8322629+08:00"&#xD;
2025-08-22 05:00:53.102 +08:00 [INF] DESKTOP-J6M8022 34864/14 SystemMonitor.Service.Services.RpcHostedService 客户端已连接&#xD;
2025-08-22 05:00:53.102 +08:00 [INF] DESKTOP-J6M8022 34864/14 SystemMonitor.Service.Services.RpcHostedService 客户端会话建立: conn="a1d8b427-d708-44e2-9952-15a5a936e6af"&#xD;
2025-08-22 05:00:53.105 +08:00 [INF] DESKTOP-J6M8022 34864/13 SystemMonitor.Service.Services.RpcHostedService 客户端断开：已达到流的结尾。 conn="a1d8b427-d708-44e2-9952-15a5a936e6af"&#xD;
2025-08-22 05:00:53.839 +08:00 [INF] DESKTOP-J6M8022 34864/9 SystemMonitor.Service.Worker Worker running at: "2025-08-22T05:00:53.8390210+08:00"&#xD;
2025-08-22 05:00:54.844 +08:00 [INF] DESKTOP-J6M8022 34864/9 SystemMonitor.Service.Worker Worker running at: "2025-08-22T05:00:54.8440332+08:00"&#xD;
2025-08-22 05:00:55.849 +08:00 [INF] DESKTOP-J6M8022 34864/14 SystemMonitor.Service.Worker Worker running at: "2025-08-22T05:00:55.8498931+08:00"&#xD;
2025-08-22 05:00:56.855 +08:00 [INF] DESKTOP-J6M8022 34864/12 SystemMonitor.Service.Worker Worker running at: "2025-08-22T05:00:56.8554623+08:00"&#xD;
2025-08-22 05:00:57.861 +08:00 [INF] DESKTOP-J6M8022 34864/12 SystemMonitor.Service.Worker Worker running at: "2025-08-22T05:00:57.8610329+08:00"&#xD;
2025-08-22 05:00:58.111 +08:00 [INF] DESKTOP-J6M8022 34864/8 SystemMonitor.Service.Services.RpcHostedService 客户端已连接&#xD;
2025-08-22 05:00:58.111 +08:00 [INF] DESKTOP-J6M8022 34864/8 SystemMonitor.Service.Services.RpcHostedService 客户端会话建立: conn="667ed3f1-bd30-41e0-92ff-80608571c1ce"&#xD;
2025-08-22 05:00:58.116 +08:00 [INF] DESKTOP-J6M8022 34864/12 SystemMonitor.Service.Services.RpcHostedService 客户端断开：已达到流的结尾。 conn="667ed3f1-bd30-41e0-92ff-80608571c1ce"&#xD;
2025-08-22 05:00:58.863 +08:00 [INF] DESKTOP-J6M8022 34864/8 SystemMonitor.Service.Worker Worker running at: "2025-08-22T05:00:58.8635685+08:00"&#xD;
2025-08-22 05:00:59.864 +08:00 [INF] DESKTOP-J6M8022 34864/13 SystemMonitor.Service.Worker Worker running at: "2025-08-22T05:00:59.8639948+08:00"&#xD;
2025-08-22 05:01:00.871 +08:00 [INF] DESKTOP-J6M8022 34864/8 SystemMonitor.Service.Worker Worker running at: "2025-08-22T05:01:00.8711317+08:00"&#xD;
2025-08-22 05:01:01.872 +08:00 [INF] DESKTOP-J6M8022 34864/8 SystemMonitor.Service.Worker Worker running at: "2025-08-22T05:01:01.8723849+08:00"&#xD;
2025-08-22 05:01:02.874 +08:00 [INF] DESKTOP-J6M8022 34864/13 SystemMonitor.Service.Worker Worker running at: "2025-08-22T05:01:02.8742125+08:00"&#xD;
2025-08-22 05:01:03.109 +08:00 [INF] DESKTOP-J6M8022 34864/13 SystemMonitor.Service.Services.RpcHostedService 客户端已连接&#xD;
2025-08-22 05:01:03.109 +08:00 [INF] DESKTOP-J6M8022 34864/13 SystemMonitor.Service.Services.RpcHostedService 客户端会话建立: conn="6f7008b5-fb8e-492a-bb7e-9769bc95aca3"&#xD;
2025-08-22 05:01:03.113 +08:00 [INF] DESKTOP-J6M8022 34864/13 SystemMonitor.Service.Services.RpcHostedService 客户端断开：已达到流的结尾。 conn="6f7008b5-fb8e-492a-bb7e-9769bc95aca3"&#xD;
2025-08-22 05:01:03.878 +08:00 [INF] DESKTOP-J6M8022 34864/9 SystemMonitor.Service.Worker Worker running at: "2025-08-22T05:01:03.8780156+08:00"&#xD;
2025-08-22 05:01:04.882 +08:00 [INF] DESKTOP-J6M8022 34864/9 SystemMonitor.Service.Worker Worker running at: "2025-08-22T05:01:04.8824276+08:00"&#xD;
2025-08-22 05:01:05.888 +08:00 [INF] DESKTOP-J6M8022 34864/9 SystemMonitor.Service.Worker Worker running at: "2025-08-22T05:01:05.8884444+08:00"&#xD;
2025-08-22 05:01:06.898 +08:00 [INF] DESKTOP-J6M8022 34864/13 SystemMonitor.Service.Worker Worker running at: "2025-08-22T05:01:06.8980438+08:00"&#xD;
2025-08-22 05:01:07.902 +08:00 [INF] DESKTOP-J6M8022 34864/12 SystemMonitor.Service.Worker Worker running at: "2025-08-22T05:01:07.9022915+08:00"&#xD;
2025-08-22 05:01:08.106 +08:00 [INF] DESKTOP-J6M8022 34864/12 SystemMonitor.Service.Services.RpcHostedService 客户端已连接&#xD;
2025-08-22 05:01:08.106 +08:00 [INF] DESKTOP-J6M8022 34864/12 SystemMonitor.Service.Services.RpcHostedService 客户端会话建立: conn="57e57623-52be-4bde-b1c7-694c9251d418"&#xD;
2025-08-22 05:01:08.111 +08:00 [INF] DESKTOP-J6M8022 34864/14 SystemMonitor.Service.Services.RpcHostedService 客户端断开：已达到流的结尾。 conn="57e57623-52be-4bde-b1c7-694c9251d418"&#xD;
2025-08-22 05:01:08.904 +08:00 [INF] DESKTOP-J6M8022 34864/13 SystemMonitor.Service.Worker Worker running at: "2025-08-22T05:01:08.9045942+08:00"&#xD;
2025-08-22 05:01:09.905 +08:00 [INF] DESKTOP-J6M8022 34864/12 SystemMonitor.Service.Worker Worker running at: "2025-08-22T05:01:09.9059497+08:00"&#xD;
2025-08-22 05:01:10.910 +08:00 [INF] DESKTOP-J6M8022 34864/8 SystemMonitor.Service.Worker Worker running at: "2025-08-22T05:01:10.9104565+08:00"&#xD;
2025-08-22 05:01:11.913 +08:00 [INF] DESKTOP-J6M8022 34864/12 SystemMonitor.Service.Worker Worker running at: "2025-08-22T05:01:11.9132884+08:00"&#xD;
2025-08-22 05:01:12.917 +08:00 [INF] DESKTOP-J6M8022 34864/8 SystemMonitor.Service.Worker Worker running at: "2025-08-22T05:01:12.9173706+08:00"&#xD;
2025-08-22 05:01:13.103 +08:00 [INF] DESKTOP-J6M8022 34864/8 SystemMonitor.Service.Services.RpcHostedService 客户端已连接&#xD;
2025-08-22 05:01:13.103 +08:00 [INF] DESKTOP-J6M8022 34864/8 SystemMonitor.Service.Services.RpcHostedService 客户端会话建立: conn="8c8ff938-4ec2-4b63-94b8-07d74318db55"&#xD;
2025-08-22 05:01:13.107 +08:00 [INF] DESKTOP-J6M8022 34864/12 SystemMonitor.Service.Services.RpcHostedService 客户端断开：已达到流的结尾。 conn="8c8ff938-4ec2-4b63-94b8-07d74318db55"&#xD;
2025-08-22 05:01:13.395 +08:00 [INF] DESKTOP-J6M8022 34864/8 SystemMonitor.Service.Services.RpcHostedService 客户端已连接&#xD;
2025-08-22 05:01:13.395 +08:00 [INF] DESKTOP-J6M8022 34864/8 SystemMonitor.Service.Services.RpcHostedService 客户端会话建立: conn="0d0e45ce-49cf-483b-8035-5df65c66b336"&#xD;
2025-08-22 05:01:13.409 +08:00 [INF] DESKTOP-J6M8022 34864/8 SystemMonitor.Service.Services.RpcHostedService snapshot called, modules=*&#xD;
2025-08-22 05:01:13.415 +08:00 [INF] DESKTOP-J6M8022 34864/12 SystemMonitor.Service.Services.RpcHostedService 客户端断开：已达到流的结尾。 conn="0d0e45ce-49cf-483b-8035-5df65c66b336"&#xD;
2025-08-22 05:01:13.923 +08:00 [INF] DESKTOP-J6M8022 34864/14 SystemMonitor.Service.Worker Worker running at: "2025-08-22T05:01:13.9232807+08:00"&#xD;
2025-08-22 05:01:14.929 +08:00 [INF] DESKTOP-J6M8022 34864/12 SystemMonitor.Service.Worker Worker running at: "2025-08-22T05:01:14.9292827+08:00"&#xD;
2025-08-22 05:01:15.932 +08:00 [INF] DESKTOP-J6M8022 34864/8 SystemMonitor.Service.Worker Worker running at: "2025-08-22T05:01:15.9326500+08:00"&#xD;
2025-08-22 05:01:16.939 +08:00 [INF] DESKTOP-J6M8022 34864/14 SystemMonitor.Service.Worker Worker running at: "2025-08-22T05:01:16.9393680+08:00"&#xD;
2025-08-22 05:01:17.943 +08:00 [INF] DESKTOP-J6M8022 34864/8 SystemMonitor.Service.Worker Worker running at: "2025-08-22T05:01:17.9432416+08:00"&#xD;
2025-08-22 05:01:18.116 +08:00 [INF] DESKTOP-J6M8022 34864/8 SystemMonitor.Service.Services.RpcHostedService 客户端已连接&#xD;
2025-08-22 05:01:18.116 +08:00 [INF] DESKTOP-J6M8022 34864/8 SystemMonitor.Service.Services.RpcHostedService 客户端会话建立: conn="4caa660b-18e4-4979-bebe-31bdd3b07642"&#xD;
2025-08-22 05:01:18.119 +08:00 [INF] DESKTOP-J6M8022 34864/12 SystemMonitor.Service.Services.RpcHostedService 客户端断开：已达到流的结尾。 conn="4caa660b-18e4-4979-bebe-31bdd3b07642"&#xD;
2025-08-22 05:01:18.947 +08:00 [INF] DESKTOP-J6M8022 34864/8 SystemMonitor.Service.Worker Worker running at: "2025-08-22T05:01:18.9470563+08:00"&#xD;
2025-08-22 05:01:19.950 +08:00 [INF] DESKTOP-J6M8022 34864/8 SystemMonitor.Service.Worker Worker running at: "2025-08-22T05:01:19.9501774+08:00"&#xD;
2025-08-22 05:01:20.958 +08:00 [INF] DESKTOP-J6M8022 34864/8 SystemMonitor.Service.Worker Worker running at: "2025-08-22T05:01:20.9579718+08:00"&#xD;
2025-08-22 05:01:21.959 +08:00 [INF] DESKTOP-J6M8022 34864/14 SystemMonitor.Service.Worker Worker running at: "2025-08-22T05:01:21.9594726+08:00"&#xD;
2025-08-22 05:01:22.963 +08:00 [INF] DESKTOP-J6M8022 34864/8 SystemMonitor.Service.Worker Worker running at: "2025-08-22T05:01:22.9634519+08:00"&#xD;
2025-08-22 05:01:23.105 +08:00 [INF] DESKTOP-J6M8022 34864/8 SystemMonitor.Service.Services.RpcHostedService 客户端已连接&#xD;
2025-08-22 05:01:23.105 +08:00 [INF] DESKTOP-J6M8022 34864/8 SystemMonitor.Service.Services.RpcHostedService 客户端会话建立: conn="8639769c-80fa-407f-b9a9-4050afd76198"&#xD;
2025-08-22 05:01:23.107 +08:00 [INF] DESKTOP-J6M8022 34864/14 SystemMonitor.Service.Services.RpcHostedService 客户端断开：已达到流的结尾。 conn="8639769c-80fa-407f-b9a9-4050afd76198"&#xD;
2025-08-22 05:01:23.971 +08:00 [INF] DESKTOP-J6M8022 34864/11 SystemMonitor.Service.Worker Worker running at: "2025-08-22T05:01:23.9715344+08:00"&#xD;
2025-08-22 05:01:24.982 +08:00 [INF] DESKTOP-J6M8022 34864/11 SystemMonitor.Service.Worker Worker running at: "2025-08-22T05:01:24.9819615+08:00"&#xD;
2025-08-22 05:01:25.994 +08:00 [INF] DESKTOP-J6M8022 34864/11 SystemMonitor.Service.Worker Worker running at: "2025-08-22T05:01:25.9941989+08:00"&#xD;
2025-08-22 05:01:26.999 +08:00 [INF] DESKTOP-J6M8022 34864/8 SystemMonitor.Service.Worker Worker running at: "2025-08-22T05:01:26.9999359+08:00"&#xD;
2025-08-22 05:01:28.013 +08:00 [INF] DESKTOP-J6M8022 34864/11 SystemMonitor.Service.Worker Worker running at: "2025-08-22T05:01:28.0133025+08:00"&#xD;
2025-08-22 05:01:28.109 +08:00 [INF] DESKTOP-J6M8022 34864/11 SystemMonitor.Service.Services.RpcHostedService 客户端已连接&#xD;
2025-08-22 05:01:28.109 +08:00 [INF] DESKTOP-J6M8022 34864/11 SystemMonitor.Service.Services.RpcHostedService 客户端会话建立: conn="fda2e581-c0a4-4aa4-a5e0-11787ca179bd"&#xD;
2025-08-22 05:01:28.112 +08:00 [INF] DESKTOP-J6M8022 34864/11 SystemMonitor.Service.Services.RpcHostedService 客户端断开：已达到流的结尾。 conn="fda2e581-c0a4-4aa4-a5e0-11787ca179bd"&#xD;
2025-08-22 05:01:29.018 +08:00 [INF] DESKTOP-J6M8022 34864/11 SystemMonitor.Service.Worker Worker running at: "2025-08-22T05:01:29.0183364+08:00"&#xD;
2025-08-22 05:01:30.019 +08:00 [INF] DESKTOP-J6M8022 34864/8 SystemMonitor.Service.Worker Worker running at: "2025-08-22T05:01:30.0195935+08:00"&#xD;
2025-08-22 05:01:31.026 +08:00 [INF] DESKTOP-J6M8022 34864/8 SystemMonitor.Service.Worker Worker running at: "2025-08-22T05:01:31.0262398+08:00"&#xD;
2025-08-22 05:01:32.031 +08:00 [INF] DESKTOP-J6M8022 34864/12 SystemMonitor.Service.Worker Worker running at: "2025-08-22T05:01:32.0310132+08:00"&#xD;
2025-08-22 05:01:33.035 +08:00 [INF] DESKTOP-J6M8022 34864/12 SystemMonitor.Service.Worker Worker running at: "2025-08-22T05:01:33.0357910+08:00"&#xD;
2025-08-22 05:01:33.116 +08:00 [INF] DESKTOP-J6M8022 34864/12 SystemMonitor.Service.Services.RpcHostedService 客户端已连接&#xD;
2025-08-22 05:01:33.116 +08:00 [INF] DESKTOP-J6M8022 34864/12 SystemMonitor.Service.Services.RpcHostedService 客户端会话建立: conn="34e1094f-2d5d-4eb2-b05a-37c0e40cc011"&#xD;
2025-08-22 05:01:33.119 +08:00 [INF] DESKTOP-J6M8022 34864/8 SystemMonitor.Service.Services.RpcHostedService 客户端断开：已达到流的结尾。 conn="34e1094f-2d5d-4eb2-b05a-37c0e40cc011"&#xD;
2025-08-22 05:01:34.041 +08:00 [INF] DESKTOP-J6M8022 34864/8 SystemMonitor.Service.Worker Worker running at: "2025-08-22T05:01:34.0416262+08:00"&#xD;
2025-08-22 05:01:35.045 +08:00 [INF] DESKTOP-J6M8022 34864/8 SystemMonitor.Service.Worker Worker running at: "2025-08-22T05:01:35.0457088+08:00"&#xD;
2025-08-22 05:01:36.047 +08:00 [INF] DESKTOP-J6M8022 34864/12 SystemMonitor.Service.Worker Worker running at: "2025-08-22T05:01:36.0479378+08:00"&#xD;
2025-08-22 05:01:37.050 +08:00 [INF] DESKTOP-J6M8022 34864/12 SystemMonitor.Service.Worker Worker running at: "2025-08-22T05:01:37.0504892+08:00"&#xD;
2025-08-22 05:01:38.061 +08:00 [INF] DESKTOP-J6M8022 34864/14 SystemMonitor.Service.Worker Worker running at: "2025-08-22T05:01:38.0614429+08:00"&#xD;
2025-08-22 05:01:38.110 +08:00 [INF] DESKTOP-J6M8022 34864/12 SystemMonitor.Service.Services.RpcHostedService 客户端已连接&#xD;
2025-08-22 05:01:38.110 +08:00 [INF] DESKTOP-J6M8022 34864/12 SystemMonitor.Service.Services.RpcHostedService 客户端会话建立: conn="06117a62-6040-4241-9927-358af4226d43"&#xD;
2025-08-22 05:01:38.113 +08:00 [INF] DESKTOP-J6M8022 34864/14 SystemMonitor.Service.Services.RpcHostedService 客户端断开：已达到流的结尾。 conn="06117a62-6040-4241-9927-358af4226d43"&#xD;
2025-08-22 05:01:39.064 +08:00 [INF] DESKTOP-J6M8022 34864/14 SystemMonitor.Service.Worker Worker running at: "2025-08-22T05:01:39.0644324+08:00"&#xD;
2025-08-22 05:01:40.069 +08:00 [INF] DESKTOP-J6M8022 34864/8 SystemMonitor.Service.Worker Worker running at: "2025-08-22T05:01:40.0698228+08:00"&#xD;
2025-08-22 05:01:41.072 +08:00 [INF] DESKTOP-J6M8022 34864/8 SystemMonitor.Service.Worker Worker running at: "2025-08-22T05:01:41.0721700+08:00"&#xD;
2025-08-22 05:01:42.086 +08:00 [INF] DESKTOP-J6M8022 34864/11 SystemMonitor.Service.Worker Worker running at: "2025-08-22T05:01:42.0860513+08:00"&#xD;
2025-08-22 05:01:43.101 +08:00 [INF] DESKTOP-J6M8022 34864/8 SystemMonitor.Service.Worker Worker running at: "2025-08-22T05:01:43.1011436+08:00"&#xD;
2025-08-22 05:01:43.105 +08:00 [INF] DESKTOP-J6M8022 34864/9 SystemMonitor.Service.Services.RpcHostedService 客户端已连接&#xD;
2025-08-22 05:01:43.105 +08:00 [INF] DESKTOP-J6M8022 34864/9 SystemMonitor.Service.Services.RpcHostedService 客户端会话建立: conn="860b5ccb-a321-4101-b6d7-ba8cfd17c2fa"&#xD;
2025-08-22 05:01:43.109 +08:00 [INF] DESKTOP-J6M8022 34864/8 SystemMonitor.Service.Services.RpcHostedService 客户端断开：已达到流的结尾。 conn="860b5ccb-a321-4101-b6d7-ba8cfd17c2fa"&#xD;
2025-08-22 05:01:43.386 +08:00 [INF] DESKTOP-J6M8022 34864/11 SystemMonitor.Service.Services.RpcHostedService 客户端已连接&#xD;
2025-08-22 05:01:43.386 +08:00 [INF] DESKTOP-J6M8022 34864/11 SystemMonitor.Service.Services.RpcHostedService 客户端会话建立: conn="7103465a-6b36-49d0-b971-0765ff27b367"&#xD;
2025-08-22 05:01:43.387 +08:00 [INF] DESKTOP-J6M8022 34864/11 SystemMonitor.Service.Services.RpcHostedService snapshot called, modules=*&#xD;
2025-08-22 05:01:43.394 +08:00 [INF] DESKTOP-J6M8022 34864/14 SystemMonitor.Service.Services.RpcHostedService 客户端断开：已达到流的结尾。 conn="7103465a-6b36-49d0-b971-0765ff27b367"&#xD;
2025-08-22 05:01:44.107 +08:00 [INF] DESKTOP-J6M8022 34864/11 SystemMonitor.Service.Worker Worker running at: "2025-08-22T05:01:44.1078485+08:00"&#xD;
2025-08-22 05:01:45.116 +08:00 [INF] DESKTOP-J6M8022 34864/8 SystemMonitor.Service.Worker Worker running at: "2025-08-22T05:01:45.1165225+08:00"&#xD;
2025-08-22 05:01:46.125 +08:00 [INF] DESKTOP-J6M8022 34864/8 SystemMonitor.Service.Worker Worker running at: "2025-08-22T05:01:46.1259467+08:00"&#xD;
2025-08-22 05:01:47.131 +08:00 [INF] DESKTOP-J6M8022 34864/8 SystemMonitor.Service.Worker Worker running at: "2025-08-22T05:01:47.1319177+08:00"&#xD;
2025-08-22 05:01:48.110 +08:00 [INF] DESKTOP-J6M8022 34864/9 SystemMonitor.Service.Services.RpcHostedService 客户端已连接&#xD;
2025-08-22 05:01:48.111 +08:00 [INF] DESKTOP-J6M8022 34864/9 SystemMonitor.Service.Services.RpcHostedService 客户端会话建立: conn="dc929a0f-2511-48c2-b921-bb00e3b2d95e"&#xD;
2025-08-22 05:01:48.113 +08:00 [INF] DESKTOP-J6M8022 34864/9 SystemMonitor.Service.Services.RpcHostedService 客户端断开：已达到流的结尾。 conn="dc929a0f-2511-48c2-b921-bb00e3b2d95e"&#xD;
2025-08-22 05:01:48.139 +08:00 [INF] DESKTOP-J6M8022 34864/9 SystemMonitor.Service.Worker Worker running at: "2025-08-22T05:01:48.1397480+08:00"&#xD;
2025-08-22 05:01:49.149 +08:00 [INF] DESKTOP-J6M8022 34864/9 SystemMonitor.Service.Worker Worker running at: "2025-08-22T05:01:49.1490602+08:00"&#xD;
2025-08-22 05:01:50.156 +08:00 [INF] DESKTOP-J6M8022 34864/9 SystemMonitor.Service.Worker Worker running at: "2025-08-22T05:01:50.1565687+08:00"&#xD;
2025-08-22 05:01:51.163 +08:00 [INF] DESKTOP-J6M8022 34864/8 SystemMonitor.Service.Worker Worker running at: "2025-08-22T05:01:51.1638742+08:00"&#xD;
2025-08-22 05:01:52.175 +08:00 [INF] DESKTOP-J6M8022 34864/8 SystemMonitor.Service.Worker Worker running at: "2025-08-22T05:01:52.1751866+08:00"&#xD;
2025-08-22 05:01:53.106 +08:00 [INF] DESKTOP-J6M8022 34864/8 SystemMonitor.Service.Services.RpcHostedService 客户端已连接&#xD;
2025-08-22 05:01:53.106 +08:00 [INF] DESKTOP-J6M8022 34864/8 SystemMonitor.Service.Services.RpcHostedService 客户端会话建立: conn="cf08e297-f8bc-42e5-a912-8cdf3760d104"&#xD;
2025-08-22 05:01:53.109 +08:00 [INF] DESKTOP-J6M8022 34864/14 SystemMonitor.Service.Services.RpcHostedService 客户端断开：已达到流的结尾。 conn="cf08e297-f8bc-42e5-a912-8cdf3760d104"&#xD;
2025-08-22 05:01:53.183 +08:00 [INF] DESKTOP-J6M8022 34864/12 SystemMonitor.Service.Worker Worker running at: "2025-08-22T05:01:53.1832976+08:00"&#xD;
2025-08-22 05:01:54.188 +08:00 [INF] DESKTOP-J6M8022 34864/12 SystemMonitor.Service.Worker Worker running at: "2025-08-22T05:01:54.1886519+08:00"&#xD;
2025-08-22 05:01:55.189 +08:00 [INF] DESKTOP-J6M8022 34864/12 SystemMonitor.Service.Worker Worker running at: "2025-08-22T05:01:55.1890118+08:00"&#xD;
2025-08-22 05:01:56.201 +08:00 [INF] DESKTOP-J6M8022 34864/14 SystemMonitor.Service.Worker Worker running at: "2025-08-22T05:01:56.2011712+08:00"&#xD;
2025-08-22 05:01:57.203 +08:00 [INF] DESKTOP-J6M8022 34864/12 SystemMonitor.Service.Worker Worker running at: "2025-08-22T05:01:57.2030740+08:00"&#xD;
2025-08-22 05:01:58.150 +08:00 [INF] DESKTOP-J6M8022 34864/11 SystemMonitor.Service.Services.RpcHostedService 客户端已连接&#xD;
2025-08-22 05:01:58.150 +08:00 [INF] DESKTOP-J6M8022 34864/11 SystemMonitor.Service.Services.RpcHostedService 客户端会话建立: conn="12ea3cb9-6e37-4a78-8a02-17ba9963b724"&#xD;
2025-08-22 05:01:58.164 +08:00 [INF] DESKTOP-J6M8022 34864/14 SystemMonitor.Service.Services.RpcHostedService 客户端断开：已达到流的结尾。 conn="12ea3cb9-6e37-4a78-8a02-17ba9963b724"&#xD;
2025-08-22 05:01:58.220 +08:00 [INF] DESKTOP-J6M8022 34864/14 SystemMonitor.Service.Worker Worker running at: "2025-08-22T05:01:58.2204087+08:00"&#xD;
2025-08-22 05:01:59.232 +08:00 [INF] DESKTOP-J6M8022 34864/11 SystemMonitor.Service.Worker Worker running at: "2025-08-22T05:01:59.2321592+08:00"&#xD;
2025-08-22 05:02:00.236 +08:00 [INF] DESKTOP-J6M8022 34864/14 SystemMonitor.Service.Worker Worker running at: "2025-08-22T05:02:00.2367533+08:00"&#xD;
2025-08-22 05:02:01.245 +08:00 [INF] DESKTOP-J6M8022 34864/11 SystemMonitor.Service.Worker Worker running at: "2025-08-22T05:02:01.2451701+08:00"&#xD;
2025-08-22 05:02:02.255 +08:00 [INF] DESKTOP-J6M8022 34864/11 SystemMonitor.Service.Worker Worker running at: "2025-08-22T05:02:02.2559126+08:00"</Message>
          <StackTrace>   at SystemMonitor.Tests.EndToEndTests.WaitPipeReadyAsync(TimeSpan timeout) in C:\code\sys-sensor-v3\src\SystemMonitor.Tests\EndToEndTests.cs:line 151&#xD;
   at SystemMonitor.Tests.EndToEndTests.InitializeAsync() in C:\code\sys-sensor-v3\src\SystemMonitor.Tests\EndToEndTests.cs:line 278</StackTrace>
        </ErrorInfo>
      </Output>
    </UnitTestResult>
    <UnitTestResult executionId="8863edb1-68eb-4f47-a657-3a968adeb57e" testId="897198c2-e013-2fdc-4de0-ccbd44dab1f1" testName="SystemMonitor.Tests.UnitTest1.Test1" computerName="DESKTOP-J6M8022" duration="00:00:00.0000395" startTime="2025-08-22T05:03:59.7554314+08:00" endTime="2025-08-22T05:03:59.7554315+08:00" testType="13cdc9d9-ddb5-4fa4-a97d-d965ccfc6d4b" outcome="Passed" testListId="8c84fa94-04c1-424b-9868-57a2d4851a1d" relativeResultsDirectory="8863edb1-68eb-4f47-a657-3a968adeb57e" />
    <UnitTestResult executionId="9be31f3d-5451-49d0-9f55-63a17023dae9" testId="deff2b50-b04e-659a-fcb1-aacff92daa42" testName="SystemMonitor.Tests.ContractTests.Hello_Request_Should_Not_Contain_PascalCase_Keys" computerName="DESKTOP-J6M8022" duration="00:00:00.0014472" startTime="2025-08-22T05:03:59.6877785+08:00" endTime="2025-08-22T05:03:59.6877787+08:00" testType="13cdc9d9-ddb5-4fa4-a97d-d965ccfc6d4b" outcome="Passed" testListId="8c84fa94-04c1-424b-9868-57a2d4851a1d" relativeResultsDirectory="9be31f3d-5451-49d0-9f55-63a17023dae9" />
    <UnitTestResult executionId="6a918ab4-7d6d-4ae0-a93d-622b2b9673b2" testId="18b35648-a566-3499-95ec-e14d308dcba6" testName="SystemMonitor.Tests.EndToEndTests.Hello_Unsupported_Capability_Fails" computerName="DESKTOP-J6M8022" duration="00:00:00.0010000" startTime="2025-08-22T05:04:24.2025241+08:00" endTime="2025-08-22T05:04:24.2025244+08:00" testType="13cdc9d9-ddb5-4fa4-a97d-d965ccfc6d4b" outcome="Failed" testListId="8c84fa94-04c1-424b-9868-57a2d4851a1d" relativeResultsDirectory="6a918ab4-7d6d-4ae0-a93d-622b2b9673b2">
      <Output>
        <ErrorInfo>
          <Message>System.InvalidOperationException : Service exited while waiting for pipe. Code=1. Tail:
[svc][out] 姝ｅ湪鐢熸垚...&#xD;
[svc][out] C:\code\sys-sensor-v3\src\SystemMonitor.Service\Services\RpcHostedService.cs(201,31): error CS0103: 褰撳墠涓婁笅鏂囦腑涓嶅瓨鍦ㄥ悕绉扳€淭ryCreateCounter鈥?[C:\code\sys-sensor-v3\src\SystemMonitor.Service\SystemMonitor.Service.csproj]&#xD;
[svc][out] C:\code\sys-sensor-v3\src\SystemMonitor.Service\Services\RpcHostedService.cs(203,35): error CS0103: 褰撳墠涓婁笅鏂囦腑涓嶅瓨鍦ㄥ悕绉扳€淭ryCreateCounter鈥?[C:\code\sys-sensor-v3\src\SystemMonitor.Service\SystemMonitor.Service.csproj]&#xD;
[svc][out] C:\code\sys-sensor-v3\src\SystemMonitor.Service\Program.cs(76,13): warning CA1416: 鍙湪鎵€鏈夊钩鍙颁笂璁块棶姝よ皟鐢ㄧ珯鐐广€?RpcHostedService" 浠呭湪 'windows' 涓婂彈鏀寔銆?(https://learn.microsoft.com/dotnet/fundamentals/code-analysis/quality-rules/ca1416) [C:\code\sys-sensor-v3\src\SystemMonitor.Service\SystemMonitor.Service.csproj]&#xD;
[svc][err] 鐢熸垚澶辫触銆傝淇鐢熸垚閿欒骞堕噸鏂拌繍琛屻€?
[file-log-tail]
2025-08-22 05:00:07.505 +08:00 [INF] DESKTOP-J6M8022 34864/11 SystemMonitor.Service.Worker Worker running at: "2025-08-22T05:00:07.5059406+08:00"&#xD;
2025-08-22 05:00:08.115 +08:00 [INF] DESKTOP-J6M8022 34864/11 SystemMonitor.Service.Services.RpcHostedService 客户端已连接&#xD;
2025-08-22 05:00:08.115 +08:00 [INF] DESKTOP-J6M8022 34864/11 SystemMonitor.Service.Services.RpcHostedService 客户端会话建立: conn="3ebaf5c9-7a90-4c1f-8d06-77e4b9511b6b"&#xD;
2025-08-22 05:00:08.119 +08:00 [INF] DESKTOP-J6M8022 34864/11 SystemMonitor.Service.Services.RpcHostedService 客户端断开：已达到流的结尾。 conn="3ebaf5c9-7a90-4c1f-8d06-77e4b9511b6b"&#xD;
2025-08-22 05:00:08.515 +08:00 [INF] DESKTOP-J6M8022 34864/11 SystemMonitor.Service.Worker Worker running at: "2025-08-22T05:00:08.5155952+08:00"&#xD;
2025-08-22 05:00:09.524 +08:00 [INF] DESKTOP-J6M8022 34864/9 SystemMonitor.Service.Worker Worker running at: "2025-08-22T05:00:09.5241284+08:00"&#xD;
2025-08-22 05:00:10.532 +08:00 [INF] DESKTOP-J6M8022 34864/8 SystemMonitor.Service.Worker Worker running at: "2025-08-22T05:00:10.5324730+08:00"&#xD;
2025-08-22 05:00:11.535 +08:00 [INF] DESKTOP-J6M8022 34864/12 SystemMonitor.Service.Worker Worker running at: "2025-08-22T05:00:11.5357528+08:00"&#xD;
2025-08-22 05:00:12.548 +08:00 [INF] DESKTOP-J6M8022 34864/8 SystemMonitor.Service.Worker Worker running at: "2025-08-22T05:00:12.5481912+08:00"&#xD;
2025-08-22 05:00:13.107 +08:00 [INF] DESKTOP-J6M8022 34864/12 SystemMonitor.Service.Services.RpcHostedService 客户端已连接&#xD;
2025-08-22 05:00:13.107 +08:00 [INF] DESKTOP-J6M8022 34864/12 SystemMonitor.Service.Services.RpcHostedService 客户端会话建立: conn="27a81c38-4647-493a-8fb8-8f2e144087dc"&#xD;
2025-08-22 05:00:13.111 +08:00 [INF] DESKTOP-J6M8022 34864/11 SystemMonitor.Service.Services.RpcHostedService 客户端断开：已达到流的结尾。 conn="27a81c38-4647-493a-8fb8-8f2e144087dc"&#xD;
2025-08-22 05:00:13.384 +08:00 [INF] DESKTOP-J6M8022 34864/8 SystemMonitor.Service.Services.RpcHostedService 客户端已连接&#xD;
2025-08-22 05:00:13.384 +08:00 [INF] DESKTOP-J6M8022 34864/8 SystemMonitor.Service.Services.RpcHostedService 客户端会话建立: conn="25e61bd6-9b34-4b1b-8730-8dd26623668c"&#xD;
2025-08-22 05:00:13.405 +08:00 [INF] DESKTOP-J6M8022 34864/8 SystemMonitor.Service.Services.RpcHostedService snapshot called, modules=*&#xD;
2025-08-22 05:00:13.408 +08:00 [INF] DESKTOP-J6M8022 34864/9 SystemMonitor.Service.Services.RpcHostedService 客户端断开：已达到流的结尾。 conn="25e61bd6-9b34-4b1b-8730-8dd26623668c"&#xD;
2025-08-22 05:00:13.551 +08:00 [INF] DESKTOP-J6M8022 34864/12 SystemMonitor.Service.Worker Worker running at: "2025-08-22T05:00:13.5519178+08:00"&#xD;
2025-08-22 05:00:14.561 +08:00 [INF] DESKTOP-J6M8022 34864/8 SystemMonitor.Service.Worker Worker running at: "2025-08-22T05:00:14.5613344+08:00"&#xD;
2025-08-22 05:00:15.574 +08:00 [INF] DESKTOP-J6M8022 34864/8 SystemMonitor.Service.Worker Worker running at: "2025-08-22T05:00:15.5741996+08:00"&#xD;
2025-08-22 05:00:16.580 +08:00 [INF] DESKTOP-J6M8022 34864/12 SystemMonitor.Service.Worker Worker running at: "2025-08-22T05:00:16.5802431+08:00"&#xD;
2025-08-22 05:00:17.583 +08:00 [INF] DESKTOP-J6M8022 34864/12 SystemMonitor.Service.Worker Worker running at: "2025-08-22T05:00:17.5832737+08:00"&#xD;
2025-08-22 05:00:18.114 +08:00 [INF] DESKTOP-J6M8022 34864/11 SystemMonitor.Service.Services.RpcHostedService 客户端已连接&#xD;
2025-08-22 05:00:18.114 +08:00 [INF] DESKTOP-J6M8022 34864/11 SystemMonitor.Service.Services.RpcHostedService 客户端会话建立: conn="8619790b-69c5-445b-ab8d-8526df618427"&#xD;
2025-08-22 05:00:18.116 +08:00 [INF] DESKTOP-J6M8022 34864/12 SystemMonitor.Service.Services.RpcHostedService 客户端断开：已达到流的结尾。 conn="8619790b-69c5-445b-ab8d-8526df618427"&#xD;
2025-08-22 05:00:18.595 +08:00 [INF] DESKTOP-J6M8022 34864/11 SystemMonitor.Service.Worker Worker running at: "2025-08-22T05:00:18.5953464+08:00"&#xD;
2025-08-22 05:00:19.605 +08:00 [INF] DESKTOP-J6M8022 34864/11 SystemMonitor.Service.Worker Worker running at: "2025-08-22T05:00:19.6052530+08:00"&#xD;
2025-08-22 05:00:20.613 +08:00 [INF] DESKTOP-J6M8022 34864/13 SystemMonitor.Service.Worker Worker running at: "2025-08-22T05:00:20.6131263+08:00"&#xD;
2025-08-22 05:00:21.613 +08:00 [INF] DESKTOP-J6M8022 34864/11 SystemMonitor.Service.Worker Worker running at: "2025-08-22T05:00:21.6130098+08:00"&#xD;
2025-08-22 05:00:22.624 +08:00 [INF] DESKTOP-J6M8022 34864/13 SystemMonitor.Service.Worker Worker running at: "2025-08-22T05:00:22.6244940+08:00"&#xD;
2025-08-22 05:00:23.105 +08:00 [INF] DESKTOP-J6M8022 34864/13 SystemMonitor.Service.Services.RpcHostedService 客户端已连接&#xD;
2025-08-22 05:00:23.105 +08:00 [INF] DESKTOP-J6M8022 34864/13 SystemMonitor.Service.Services.RpcHostedService 客户端会话建立: conn="849f5c90-811a-4eb3-97ea-73e1b9d03257"&#xD;
2025-08-22 05:00:23.108 +08:00 [INF] DESKTOP-J6M8022 34864/8 SystemMonitor.Service.Services.RpcHostedService 客户端断开：已达到流的结尾。 conn="849f5c90-811a-4eb3-97ea-73e1b9d03257"&#xD;
2025-08-22 05:00:23.627 +08:00 [INF] DESKTOP-J6M8022 34864/13 SystemMonitor.Service.Worker Worker running at: "2025-08-22T05:00:23.6275367+08:00"&#xD;
2025-08-22 05:00:24.631 +08:00 [INF] DESKTOP-J6M8022 34864/8 SystemMonitor.Service.Worker Worker running at: "2025-08-22T05:00:24.6319373+08:00"&#xD;
2025-08-22 05:00:25.643 +08:00 [INF] DESKTOP-J6M8022 34864/13 SystemMonitor.Service.Worker Worker running at: "2025-08-22T05:00:25.6437810+08:00"&#xD;
2025-08-22 05:00:26.649 +08:00 [INF] DESKTOP-J6M8022 34864/10 SystemMonitor.Service.Worker Worker running at: "2025-08-22T05:00:26.6498268+08:00"&#xD;
2025-08-22 05:00:27.653 +08:00 [INF] DESKTOP-J6M8022 34864/13 SystemMonitor.Service.Worker Worker running at: "2025-08-22T05:00:27.6536723+08:00"&#xD;
2025-08-22 05:00:28.104 +08:00 [INF] DESKTOP-J6M8022 34864/13 SystemMonitor.Service.Services.RpcHostedService 客户端已连接&#xD;
2025-08-22 05:00:28.104 +08:00 [INF] DESKTOP-J6M8022 34864/13 SystemMonitor.Service.Services.RpcHostedService 客户端会话建立: conn="58087a9a-4fe9-4ab7-893a-962c7c34de4d"&#xD;
2025-08-22 05:00:28.108 +08:00 [INF] DESKTOP-J6M8022 34864/10 SystemMonitor.Service.Services.RpcHostedService 客户端断开：已达到流的结尾。 conn="58087a9a-4fe9-4ab7-893a-962c7c34de4d"&#xD;
2025-08-22 05:00:28.658 +08:00 [INF] DESKTOP-J6M8022 34864/10 SystemMonitor.Service.Worker Worker running at: "2025-08-22T05:00:28.6580477+08:00"&#xD;
2025-08-22 05:00:29.667 +08:00 [INF] DESKTOP-J6M8022 34864/10 SystemMonitor.Service.Worker Worker running at: "2025-08-22T05:00:29.6670246+08:00"&#xD;
2025-08-22 05:00:30.671 +08:00 [INF] DESKTOP-J6M8022 34864/11 SystemMonitor.Service.Worker Worker running at: "2025-08-22T05:00:30.6718324+08:00"&#xD;
2025-08-22 05:00:31.677 +08:00 [INF] DESKTOP-J6M8022 34864/11 SystemMonitor.Service.Worker Worker running at: "2025-08-22T05:00:31.6773257+08:00"&#xD;
2025-08-22 05:00:32.687 +08:00 [INF] DESKTOP-J6M8022 34864/8 SystemMonitor.Service.Worker Worker running at: "2025-08-22T05:00:32.6879602+08:00"&#xD;
2025-08-22 05:00:33.104 +08:00 [INF] DESKTOP-J6M8022 34864/11 SystemMonitor.Service.Services.RpcHostedService 客户端已连接&#xD;
2025-08-22 05:00:33.104 +08:00 [INF] DESKTOP-J6M8022 34864/11 SystemMonitor.Service.Services.RpcHostedService 客户端会话建立: conn="f2efc72f-7360-4d95-8499-7acad765c432"&#xD;
2025-08-22 05:00:33.107 +08:00 [INF] DESKTOP-J6M8022 34864/11 SystemMonitor.Service.Services.RpcHostedService 客户端断开：已达到流的结尾。 conn="f2efc72f-7360-4d95-8499-7acad765c432"&#xD;
2025-08-22 05:00:33.703 +08:00 [INF] DESKTOP-J6M8022 34864/8 SystemMonitor.Service.Worker Worker running at: "2025-08-22T05:00:33.7031716+08:00"&#xD;
2025-08-22 05:00:34.705 +08:00 [INF] DESKTOP-J6M8022 34864/13 SystemMonitor.Service.Worker Worker running at: "2025-08-22T05:00:34.7053006+08:00"&#xD;
2025-08-22 05:00:35.716 +08:00 [INF] DESKTOP-J6M8022 34864/11 SystemMonitor.Service.Worker Worker running at: "2025-08-22T05:00:35.7161477+08:00"&#xD;
2025-08-22 05:00:36.721 +08:00 [INF] DESKTOP-J6M8022 34864/12 SystemMonitor.Service.Worker Worker running at: "2025-08-22T05:00:36.7213935+08:00"&#xD;
2025-08-22 05:00:37.725 +08:00 [INF] DESKTOP-J6M8022 34864/12 SystemMonitor.Service.Worker Worker running at: "2025-08-22T05:00:37.7251514+08:00"&#xD;
2025-08-22 05:00:38.118 +08:00 [INF] DESKTOP-J6M8022 34864/13 SystemMonitor.Service.Services.RpcHostedService 客户端已连接&#xD;
2025-08-22 05:00:38.118 +08:00 [INF] DESKTOP-J6M8022 34864/13 SystemMonitor.Service.Services.RpcHostedService 客户端会话建立: conn="b439ecab-ffb2-4843-8f54-1844ad704c06"&#xD;
2025-08-22 05:00:38.121 +08:00 [INF] DESKTOP-J6M8022 34864/13 SystemMonitor.Service.Services.RpcHostedService 客户端断开：已达到流的结尾。 conn="b439ecab-ffb2-4843-8f54-1844ad704c06"&#xD;
2025-08-22 05:00:38.725 +08:00 [INF] DESKTOP-J6M8022 34864/8 SystemMonitor.Service.Worker Worker running at: "2025-08-22T05:00:38.7259519+08:00"&#xD;
2025-08-22 05:00:39.740 +08:00 [INF] DESKTOP-J6M8022 34864/11 SystemMonitor.Service.Worker Worker running at: "2025-08-22T05:00:39.7403082+08:00"&#xD;
2025-08-22 05:00:40.742 +08:00 [INF] DESKTOP-J6M8022 34864/11 SystemMonitor.Service.Worker Worker running at: "2025-08-22T05:00:40.7425737+08:00"&#xD;
2025-08-22 05:00:41.745 +08:00 [INF] DESKTOP-J6M8022 34864/13 SystemMonitor.Service.Worker Worker running at: "2025-08-22T05:00:41.7451229+08:00"&#xD;
2025-08-22 05:00:42.751 +08:00 [INF] DESKTOP-J6M8022 34864/11 SystemMonitor.Service.Worker Worker running at: "2025-08-22T05:00:42.7515665+08:00"&#xD;
2025-08-22 05:00:43.110 +08:00 [INF] DESKTOP-J6M8022 34864/14 SystemMonitor.Service.Services.RpcHostedService 客户端已连接&#xD;
2025-08-22 05:00:43.110 +08:00 [INF] DESKTOP-J6M8022 34864/14 SystemMonitor.Service.Services.RpcHostedService 客户端会话建立: conn="ec82b613-da05-4264-84fe-3fb03c945d2f"&#xD;
2025-08-22 05:00:43.120 +08:00 [INF] DESKTOP-J6M8022 34864/9 SystemMonitor.Service.Services.RpcHostedService 客户端断开：已达到流的结尾。 conn="ec82b613-da05-4264-84fe-3fb03c945d2f"&#xD;
2025-08-22 05:00:43.389 +08:00 [INF] DESKTOP-J6M8022 34864/13 SystemMonitor.Service.Services.RpcHostedService 客户端已连接&#xD;
2025-08-22 05:00:43.389 +08:00 [INF] DESKTOP-J6M8022 34864/13 SystemMonitor.Service.Services.RpcHostedService 客户端会话建立: conn="2f7dc9d3-2402-4294-ba61-bc663df8cf82"&#xD;
2025-08-22 05:00:43.398 +08:00 [INF] DESKTOP-J6M8022 34864/13 SystemMonitor.Service.Services.RpcHostedService snapshot called, modules=*&#xD;
2025-08-22 05:00:43.407 +08:00 [INF] DESKTOP-J6M8022 34864/13 SystemMonitor.Service.Services.RpcHostedService 客户端断开：已达到流的结尾。 conn="2f7dc9d3-2402-4294-ba61-bc663df8cf82"&#xD;
2025-08-22 05:00:43.756 +08:00 [INF] DESKTOP-J6M8022 34864/13 SystemMonitor.Service.Worker Worker running at: "2025-08-22T05:00:43.7565234+08:00"&#xD;
2025-08-22 05:00:44.757 +08:00 [INF] DESKTOP-J6M8022 34864/11 SystemMonitor.Service.Worker Worker running at: "2025-08-22T05:00:44.7577675+08:00"&#xD;
2025-08-22 05:00:45.762 +08:00 [INF] DESKTOP-J6M8022 34864/11 SystemMonitor.Service.Worker Worker running at: "2025-08-22T05:00:45.7627674+08:00"&#xD;
2025-08-22 05:00:46.772 +08:00 [INF] DESKTOP-J6M8022 34864/11 SystemMonitor.Service.Worker Worker running at: "2025-08-22T05:00:46.7724296+08:00"&#xD;
2025-08-22 05:00:47.772 +08:00 [INF] DESKTOP-J6M8022 34864/11 SystemMonitor.Service.Worker Worker running at: "2025-08-22T05:00:47.7724414+08:00"&#xD;
2025-08-22 05:00:48.113 +08:00 [INF] DESKTOP-J6M8022 34864/11 SystemMonitor.Service.Services.RpcHostedService 客户端已连接&#xD;
2025-08-22 05:00:48.113 +08:00 [INF] DESKTOP-J6M8022 34864/11 SystemMonitor.Service.Services.RpcHostedService 客户端会话建立: conn="0b57ec2b-be63-49bb-9b61-b642d4a6bad8"&#xD;
2025-08-22 05:00:48.118 +08:00 [INF] DESKTOP-J6M8022 34864/11 SystemMonitor.Service.Services.RpcHostedService 客户端断开：已达到流的结尾。 conn="0b57ec2b-be63-49bb-9b61-b642d4a6bad8"&#xD;
2025-08-22 05:00:48.786 +08:00 [INF] DESKTOP-J6M8022 34864/14 SystemMonitor.Service.Worker Worker running at: "2025-08-22T05:00:48.7861767+08:00"&#xD;
2025-08-22 05:00:49.797 +08:00 [INF] DESKTOP-J6M8022 34864/14 SystemMonitor.Service.Worker Worker running at: "2025-08-22T05:00:49.7971060+08:00"&#xD;
2025-08-22 05:00:50.810 +08:00 [INF] DESKTOP-J6M8022 34864/14 SystemMonitor.Service.Worker Worker running at: "2025-08-22T05:00:50.8103703+08:00"&#xD;
2025-08-22 05:00:51.819 +08:00 [INF] DESKTOP-J6M8022 34864/14 SystemMonitor.Service.Worker Worker running at: "2025-08-22T05:00:51.8191149+08:00"&#xD;
2025-08-22 05:00:52.832 +08:00 [INF] DESKTOP-J6M8022 34864/14 SystemMonitor.Service.Worker Worker running at: "2025-08-22T05:00:52.8322629+08:00"&#xD;
2025-08-22 05:00:53.102 +08:00 [INF] DESKTOP-J6M8022 34864/14 SystemMonitor.Service.Services.RpcHostedService 客户端已连接&#xD;
2025-08-22 05:00:53.102 +08:00 [INF] DESKTOP-J6M8022 34864/14 SystemMonitor.Service.Services.RpcHostedService 客户端会话建立: conn="a1d8b427-d708-44e2-9952-15a5a936e6af"&#xD;
2025-08-22 05:00:53.105 +08:00 [INF] DESKTOP-J6M8022 34864/13 SystemMonitor.Service.Services.RpcHostedService 客户端断开：已达到流的结尾。 conn="a1d8b427-d708-44e2-9952-15a5a936e6af"&#xD;
2025-08-22 05:00:53.839 +08:00 [INF] DESKTOP-J6M8022 34864/9 SystemMonitor.Service.Worker Worker running at: "2025-08-22T05:00:53.8390210+08:00"&#xD;
2025-08-22 05:00:54.844 +08:00 [INF] DESKTOP-J6M8022 34864/9 SystemMonitor.Service.Worker Worker running at: "2025-08-22T05:00:54.8440332+08:00"&#xD;
2025-08-22 05:00:55.849 +08:00 [INF] DESKTOP-J6M8022 34864/14 SystemMonitor.Service.Worker Worker running at: "2025-08-22T05:00:55.8498931+08:00"&#xD;
2025-08-22 05:00:56.855 +08:00 [INF] DESKTOP-J6M8022 34864/12 SystemMonitor.Service.Worker Worker running at: "2025-08-22T05:00:56.8554623+08:00"&#xD;
2025-08-22 05:00:57.861 +08:00 [INF] DESKTOP-J6M8022 34864/12 SystemMonitor.Service.Worker Worker running at: "2025-08-22T05:00:57.8610329+08:00"&#xD;
2025-08-22 05:00:58.111 +08:00 [INF] DESKTOP-J6M8022 34864/8 SystemMonitor.Service.Services.RpcHostedService 客户端已连接&#xD;
2025-08-22 05:00:58.111 +08:00 [INF] DESKTOP-J6M8022 34864/8 SystemMonitor.Service.Services.RpcHostedService 客户端会话建立: conn="667ed3f1-bd30-41e0-92ff-80608571c1ce"&#xD;
2025-08-22 05:00:58.116 +08:00 [INF] DESKTOP-J6M8022 34864/12 SystemMonitor.Service.Services.RpcHostedService 客户端断开：已达到流的结尾。 conn="667ed3f1-bd30-41e0-92ff-80608571c1ce"&#xD;
2025-08-22 05:00:58.863 +08:00 [INF] DESKTOP-J6M8022 34864/8 SystemMonitor.Service.Worker Worker running at: "2025-08-22T05:00:58.8635685+08:00"&#xD;
2025-08-22 05:00:59.864 +08:00 [INF] DESKTOP-J6M8022 34864/13 SystemMonitor.Service.Worker Worker running at: "2025-08-22T05:00:59.8639948+08:00"&#xD;
2025-08-22 05:01:00.871 +08:00 [INF] DESKTOP-J6M8022 34864/8 SystemMonitor.Service.Worker Worker running at: "2025-08-22T05:01:00.8711317+08:00"&#xD;
2025-08-22 05:01:01.872 +08:00 [INF] DESKTOP-J6M8022 34864/8 SystemMonitor.Service.Worker Worker running at: "2025-08-22T05:01:01.8723849+08:00"&#xD;
2025-08-22 05:01:02.874 +08:00 [INF] DESKTOP-J6M8022 34864/13 SystemMonitor.Service.Worker Worker running at: "2025-08-22T05:01:02.8742125+08:00"&#xD;
2025-08-22 05:01:03.109 +08:00 [INF] DESKTOP-J6M8022 34864/13 SystemMonitor.Service.Services.RpcHostedService 客户端已连接&#xD;
2025-08-22 05:01:03.109 +08:00 [INF] DESKTOP-J6M8022 34864/13 SystemMonitor.Service.Services.RpcHostedService 客户端会话建立: conn="6f7008b5-fb8e-492a-bb7e-9769bc95aca3"&#xD;
2025-08-22 05:01:03.113 +08:00 [INF] DESKTOP-J6M8022 34864/13 SystemMonitor.Service.Services.RpcHostedService 客户端断开：已达到流的结尾。 conn="6f7008b5-fb8e-492a-bb7e-9769bc95aca3"&#xD;
2025-08-22 05:01:03.878 +08:00 [INF] DESKTOP-J6M8022 34864/9 SystemMonitor.Service.Worker Worker running at: "2025-08-22T05:01:03.8780156+08:00"&#xD;
2025-08-22 05:01:04.882 +08:00 [INF] DESKTOP-J6M8022 34864/9 SystemMonitor.Service.Worker Worker running at: "2025-08-22T05:01:04.8824276+08:00"&#xD;
2025-08-22 05:01:05.888 +08:00 [INF] DESKTOP-J6M8022 34864/9 SystemMonitor.Service.Worker Worker running at: "2025-08-22T05:01:05.8884444+08:00"&#xD;
2025-08-22 05:01:06.898 +08:00 [INF] DESKTOP-J6M8022 34864/13 SystemMonitor.Service.Worker Worker running at: "2025-08-22T05:01:06.8980438+08:00"&#xD;
2025-08-22 05:01:07.902 +08:00 [INF] DESKTOP-J6M8022 34864/12 SystemMonitor.Service.Worker Worker running at: "2025-08-22T05:01:07.9022915+08:00"&#xD;
2025-08-22 05:01:08.106 +08:00 [INF] DESKTOP-J6M8022 34864/12 SystemMonitor.Service.Services.RpcHostedService 客户端已连接&#xD;
2025-08-22 05:01:08.106 +08:00 [INF] DESKTOP-J6M8022 34864/12 SystemMonitor.Service.Services.RpcHostedService 客户端会话建立: conn="57e57623-52be-4bde-b1c7-694c9251d418"&#xD;
2025-08-22 05:01:08.111 +08:00 [INF] DESKTOP-J6M8022 34864/14 SystemMonitor.Service.Services.RpcHostedService 客户端断开：已达到流的结尾。 conn="57e57623-52be-4bde-b1c7-694c9251d418"&#xD;
2025-08-22 05:01:08.904 +08:00 [INF] DESKTOP-J6M8022 34864/13 SystemMonitor.Service.Worker Worker running at: "2025-08-22T05:01:08.9045942+08:00"&#xD;
2025-08-22 05:01:09.905 +08:00 [INF] DESKTOP-J6M8022 34864/12 SystemMonitor.Service.Worker Worker running at: "2025-08-22T05:01:09.9059497+08:00"&#xD;
2025-08-22 05:01:10.910 +08:00 [INF] DESKTOP-J6M8022 34864/8 SystemMonitor.Service.Worker Worker running at: "2025-08-22T05:01:10.9104565+08:00"&#xD;
2025-08-22 05:01:11.913 +08:00 [INF] DESKTOP-J6M8022 34864/12 SystemMonitor.Service.Worker Worker running at: "2025-08-22T05:01:11.9132884+08:00"&#xD;
2025-08-22 05:01:12.917 +08:00 [INF] DESKTOP-J6M8022 34864/8 SystemMonitor.Service.Worker Worker running at: "2025-08-22T05:01:12.9173706+08:00"&#xD;
2025-08-22 05:01:13.103 +08:00 [INF] DESKTOP-J6M8022 34864/8 SystemMonitor.Service.Services.RpcHostedService 客户端已连接&#xD;
2025-08-22 05:01:13.103 +08:00 [INF] DESKTOP-J6M8022 34864/8 SystemMonitor.Service.Services.RpcHostedService 客户端会话建立: conn="8c8ff938-4ec2-4b63-94b8-07d74318db55"&#xD;
2025-08-22 05:01:13.107 +08:00 [INF] DESKTOP-J6M8022 34864/12 SystemMonitor.Service.Services.RpcHostedService 客户端断开：已达到流的结尾。 conn="8c8ff938-4ec2-4b63-94b8-07d74318db55"&#xD;
2025-08-22 05:01:13.395 +08:00 [INF] DESKTOP-J6M8022 34864/8 SystemMonitor.Service.Services.RpcHostedService 客户端已连接&#xD;
2025-08-22 05:01:13.395 +08:00 [INF] DESKTOP-J6M8022 34864/8 SystemMonitor.Service.Services.RpcHostedService 客户端会话建立: conn="0d0e45ce-49cf-483b-8035-5df65c66b336"&#xD;
2025-08-22 05:01:13.409 +08:00 [INF] DESKTOP-J6M8022 34864/8 SystemMonitor.Service.Services.RpcHostedService snapshot called, modules=*&#xD;
2025-08-22 05:01:13.415 +08:00 [INF] DESKTOP-J6M8022 34864/12 SystemMonitor.Service.Services.RpcHostedService 客户端断开：已达到流的结尾。 conn="0d0e45ce-49cf-483b-8035-5df65c66b336"&#xD;
2025-08-22 05:01:13.923 +08:00 [INF] DESKTOP-J6M8022 34864/14 SystemMonitor.Service.Worker Worker running at: "2025-08-22T05:01:13.9232807+08:00"&#xD;
2025-08-22 05:01:14.929 +08:00 [INF] DESKTOP-J6M8022 34864/12 SystemMonitor.Service.Worker Worker running at: "2025-08-22T05:01:14.9292827+08:00"&#xD;
2025-08-22 05:01:15.932 +08:00 [INF] DESKTOP-J6M8022 34864/8 SystemMonitor.Service.Worker Worker running at: "2025-08-22T05:01:15.9326500+08:00"&#xD;
2025-08-22 05:01:16.939 +08:00 [INF] DESKTOP-J6M8022 34864/14 SystemMonitor.Service.Worker Worker running at: "2025-08-22T05:01:16.9393680+08:00"&#xD;
2025-08-22 05:01:17.943 +08:00 [INF] DESKTOP-J6M8022 34864/8 SystemMonitor.Service.Worker Worker running at: "2025-08-22T05:01:17.9432416+08:00"&#xD;
2025-08-22 05:01:18.116 +08:00 [INF] DESKTOP-J6M8022 34864/8 SystemMonitor.Service.Services.RpcHostedService 客户端已连接&#xD;
2025-08-22 05:01:18.116 +08:00 [INF] DESKTOP-J6M8022 34864/8 SystemMonitor.Service.Services.RpcHostedService 客户端会话建立: conn="4caa660b-18e4-4979-bebe-31bdd3b07642"&#xD;
2025-08-22 05:01:18.119 +08:00 [INF] DESKTOP-J6M8022 34864/12 SystemMonitor.Service.Services.RpcHostedService 客户端断开：已达到流的结尾。 conn="4caa660b-18e4-4979-bebe-31bdd3b07642"&#xD;
2025-08-22 05:01:18.947 +08:00 [INF] DESKTOP-J6M8022 34864/8 SystemMonitor.Service.Worker Worker running at: "2025-08-22T05:01:18.9470563+08:00"&#xD;
2025-08-22 05:01:19.950 +08:00 [INF] DESKTOP-J6M8022 34864/8 SystemMonitor.Service.Worker Worker running at: "2025-08-22T05:01:19.9501774+08:00"&#xD;
2025-08-22 05:01:20.958 +08:00 [INF] DESKTOP-J6M8022 34864/8 SystemMonitor.Service.Worker Worker running at: "2025-08-22T05:01:20.9579718+08:00"&#xD;
2025-08-22 05:01:21.959 +08:00 [INF] DESKTOP-J6M8022 34864/14 SystemMonitor.Service.Worker Worker running at: "2025-08-22T05:01:21.9594726+08:00"&#xD;
2025-08-22 05:01:22.963 +08:00 [INF] DESKTOP-J6M8022 34864/8 SystemMonitor.Service.Worker Worker running at: "2025-08-22T05:01:22.9634519+08:00"&#xD;
2025-08-22 05:01:23.105 +08:00 [INF] DESKTOP-J6M8022 34864/8 SystemMonitor.Service.Services.RpcHostedService 客户端已连接&#xD;
2025-08-22 05:01:23.105 +08:00 [INF] DESKTOP-J6M8022 34864/8 SystemMonitor.Service.Services.RpcHostedService 客户端会话建立: conn="8639769c-80fa-407f-b9a9-4050afd76198"&#xD;
2025-08-22 05:01:23.107 +08:00 [INF] DESKTOP-J6M8022 34864/14 SystemMonitor.Service.Services.RpcHostedService 客户端断开：已达到流的结尾。 conn="8639769c-80fa-407f-b9a9-4050afd76198"&#xD;
2025-08-22 05:01:23.971 +08:00 [INF] DESKTOP-J6M8022 34864/11 SystemMonitor.Service.Worker Worker running at: "2025-08-22T05:01:23.9715344+08:00"&#xD;
2025-08-22 05:01:24.982 +08:00 [INF] DESKTOP-J6M8022 34864/11 SystemMonitor.Service.Worker Worker running at: "2025-08-22T05:01:24.9819615+08:00"&#xD;
2025-08-22 05:01:25.994 +08:00 [INF] DESKTOP-J6M8022 34864/11 SystemMonitor.Service.Worker Worker running at: "2025-08-22T05:01:25.9941989+08:00"&#xD;
2025-08-22 05:01:26.999 +08:00 [INF] DESKTOP-J6M8022 34864/8 SystemMonitor.Service.Worker Worker running at: "2025-08-22T05:01:26.9999359+08:00"&#xD;
2025-08-22 05:01:28.013 +08:00 [INF] DESKTOP-J6M8022 34864/11 SystemMonitor.Service.Worker Worker running at: "2025-08-22T05:01:28.0133025+08:00"&#xD;
2025-08-22 05:01:28.109 +08:00 [INF] DESKTOP-J6M8022 34864/11 SystemMonitor.Service.Services.RpcHostedService 客户端已连接&#xD;
2025-08-22 05:01:28.109 +08:00 [INF] DESKTOP-J6M8022 34864/11 SystemMonitor.Service.Services.RpcHostedService 客户端会话建立: conn="fda2e581-c0a4-4aa4-a5e0-11787ca179bd"&#xD;
2025-08-22 05:01:28.112 +08:00 [INF] DESKTOP-J6M8022 34864/11 SystemMonitor.Service.Services.RpcHostedService 客户端断开：已达到流的结尾。 conn="fda2e581-c0a4-4aa4-a5e0-11787ca179bd"&#xD;
2025-08-22 05:01:29.018 +08:00 [INF] DESKTOP-J6M8022 34864/11 SystemMonitor.Service.Worker Worker running at: "2025-08-22T05:01:29.0183364+08:00"&#xD;
2025-08-22 05:01:30.019 +08:00 [INF] DESKTOP-J6M8022 34864/8 SystemMonitor.Service.Worker Worker running at: "2025-08-22T05:01:30.0195935+08:00"&#xD;
2025-08-22 05:01:31.026 +08:00 [INF] DESKTOP-J6M8022 34864/8 SystemMonitor.Service.Worker Worker running at: "2025-08-22T05:01:31.0262398+08:00"&#xD;
2025-08-22 05:01:32.031 +08:00 [INF] DESKTOP-J6M8022 34864/12 SystemMonitor.Service.Worker Worker running at: "2025-08-22T05:01:32.0310132+08:00"&#xD;
2025-08-22 05:01:33.035 +08:00 [INF] DESKTOP-J6M8022 34864/12 SystemMonitor.Service.Worker Worker running at: "2025-08-22T05:01:33.0357910+08:00"&#xD;
2025-08-22 05:01:33.116 +08:00 [INF] DESKTOP-J6M8022 34864/12 SystemMonitor.Service.Services.RpcHostedService 客户端已连接&#xD;
2025-08-22 05:01:33.116 +08:00 [INF] DESKTOP-J6M8022 34864/12 SystemMonitor.Service.Services.RpcHostedService 客户端会话建立: conn="34e1094f-2d5d-4eb2-b05a-37c0e40cc011"&#xD;
2025-08-22 05:01:33.119 +08:00 [INF] DESKTOP-J6M8022 34864/8 SystemMonitor.Service.Services.RpcHostedService 客户端断开：已达到流的结尾。 conn="34e1094f-2d5d-4eb2-b05a-37c0e40cc011"&#xD;
2025-08-22 05:01:34.041 +08:00 [INF] DESKTOP-J6M8022 34864/8 SystemMonitor.Service.Worker Worker running at: "2025-08-22T05:01:34.0416262+08:00"&#xD;
2025-08-22 05:01:35.045 +08:00 [INF] DESKTOP-J6M8022 34864/8 SystemMonitor.Service.Worker Worker running at: "2025-08-22T05:01:35.0457088+08:00"&#xD;
2025-08-22 05:01:36.047 +08:00 [INF] DESKTOP-J6M8022 34864/12 SystemMonitor.Service.Worker Worker running at: "2025-08-22T05:01:36.0479378+08:00"&#xD;
2025-08-22 05:01:37.050 +08:00 [INF] DESKTOP-J6M8022 34864/12 SystemMonitor.Service.Worker Worker running at: "2025-08-22T05:01:37.0504892+08:00"&#xD;
2025-08-22 05:01:38.061 +08:00 [INF] DESKTOP-J6M8022 34864/14 SystemMonitor.Service.Worker Worker running at: "2025-08-22T05:01:38.0614429+08:00"&#xD;
2025-08-22 05:01:38.110 +08:00 [INF] DESKTOP-J6M8022 34864/12 SystemMonitor.Service.Services.RpcHostedService 客户端已连接&#xD;
2025-08-22 05:01:38.110 +08:00 [INF] DESKTOP-J6M8022 34864/12 SystemMonitor.Service.Services.RpcHostedService 客户端会话建立: conn="06117a62-6040-4241-9927-358af4226d43"&#xD;
2025-08-22 05:01:38.113 +08:00 [INF] DESKTOP-J6M8022 34864/14 SystemMonitor.Service.Services.RpcHostedService 客户端断开：已达到流的结尾。 conn="06117a62-6040-4241-9927-358af4226d43"&#xD;
2025-08-22 05:01:39.064 +08:00 [INF] DESKTOP-J6M8022 34864/14 SystemMonitor.Service.Worker Worker running at: "2025-08-22T05:01:39.0644324+08:00"&#xD;
2025-08-22 05:01:40.069 +08:00 [INF] DESKTOP-J6M8022 34864/8 SystemMonitor.Service.Worker Worker running at: "2025-08-22T05:01:40.0698228+08:00"&#xD;
2025-08-22 05:01:41.072 +08:00 [INF] DESKTOP-J6M8022 34864/8 SystemMonitor.Service.Worker Worker running at: "2025-08-22T05:01:41.0721700+08:00"&#xD;
2025-08-22 05:01:42.086 +08:00 [INF] DESKTOP-J6M8022 34864/11 SystemMonitor.Service.Worker Worker running at: "2025-08-22T05:01:42.0860513+08:00"&#xD;
2025-08-22 05:01:43.101 +08:00 [INF] DESKTOP-J6M8022 34864/8 SystemMonitor.Service.Worker Worker running at: "2025-08-22T05:01:43.1011436+08:00"&#xD;
2025-08-22 05:01:43.105 +08:00 [INF] DESKTOP-J6M8022 34864/9 SystemMonitor.Service.Services.RpcHostedService 客户端已连接&#xD;
2025-08-22 05:01:43.105 +08:00 [INF] DESKTOP-J6M8022 34864/9 SystemMonitor.Service.Services.RpcHostedService 客户端会话建立: conn="860b5ccb-a321-4101-b6d7-ba8cfd17c2fa"&#xD;
2025-08-22 05:01:43.109 +08:00 [INF] DESKTOP-J6M8022 34864/8 SystemMonitor.Service.Services.RpcHostedService 客户端断开：已达到流的结尾。 conn="860b5ccb-a321-4101-b6d7-ba8cfd17c2fa"&#xD;
2025-08-22 05:01:43.386 +08:00 [INF] DESKTOP-J6M8022 34864/11 SystemMonitor.Service.Services.RpcHostedService 客户端已连接&#xD;
2025-08-22 05:01:43.386 +08:00 [INF] DESKTOP-J6M8022 34864/11 SystemMonitor.Service.Services.RpcHostedService 客户端会话建立: conn="7103465a-6b36-49d0-b971-0765ff27b367"&#xD;
2025-08-22 05:01:43.387 +08:00 [INF] DESKTOP-J6M8022 34864/11 SystemMonitor.Service.Services.RpcHostedService snapshot called, modules=*&#xD;
2025-08-22 05:01:43.394 +08:00 [INF] DESKTOP-J6M8022 34864/14 SystemMonitor.Service.Services.RpcHostedService 客户端断开：已达到流的结尾。 conn="7103465a-6b36-49d0-b971-0765ff27b367"&#xD;
2025-08-22 05:01:44.107 +08:00 [INF] DESKTOP-J6M8022 34864/11 SystemMonitor.Service.Worker Worker running at: "2025-08-22T05:01:44.1078485+08:00"&#xD;
2025-08-22 05:01:45.116 +08:00 [INF] DESKTOP-J6M8022 34864/8 SystemMonitor.Service.Worker Worker running at: "2025-08-22T05:01:45.1165225+08:00"&#xD;
2025-08-22 05:01:46.125 +08:00 [INF] DESKTOP-J6M8022 34864/8 SystemMonitor.Service.Worker Worker running at: "2025-08-22T05:01:46.1259467+08:00"&#xD;
2025-08-22 05:01:47.131 +08:00 [INF] DESKTOP-J6M8022 34864/8 SystemMonitor.Service.Worker Worker running at: "2025-08-22T05:01:47.1319177+08:00"&#xD;
2025-08-22 05:01:48.110 +08:00 [INF] DESKTOP-J6M8022 34864/9 SystemMonitor.Service.Services.RpcHostedService 客户端已连接&#xD;
2025-08-22 05:01:48.111 +08:00 [INF] DESKTOP-J6M8022 34864/9 SystemMonitor.Service.Services.RpcHostedService 客户端会话建立: conn="dc929a0f-2511-48c2-b921-bb00e3b2d95e"&#xD;
2025-08-22 05:01:48.113 +08:00 [INF] DESKTOP-J6M8022 34864/9 SystemMonitor.Service.Services.RpcHostedService 客户端断开：已达到流的结尾。 conn="dc929a0f-2511-48c2-b921-bb00e3b2d95e"&#xD;
2025-08-22 05:01:48.139 +08:00 [INF] DESKTOP-J6M8022 34864/9 SystemMonitor.Service.Worker Worker running at: "2025-08-22T05:01:48.1397480+08:00"&#xD;
2025-08-22 05:01:49.149 +08:00 [INF] DESKTOP-J6M8022 34864/9 SystemMonitor.Service.Worker Worker running at: "2025-08-22T05:01:49.1490602+08:00"&#xD;
2025-08-22 05:01:50.156 +08:00 [INF] DESKTOP-J6M8022 34864/9 SystemMonitor.Service.Worker Worker running at: "2025-08-22T05:01:50.1565687+08:00"&#xD;
2025-08-22 05:01:51.163 +08:00 [INF] DESKTOP-J6M8022 34864/8 SystemMonitor.Service.Worker Worker running at: "2025-08-22T05:01:51.1638742+08:00"&#xD;
2025-08-22 05:01:52.175 +08:00 [INF] DESKTOP-J6M8022 34864/8 SystemMonitor.Service.Worker Worker running at: "2025-08-22T05:01:52.1751866+08:00"&#xD;
2025-08-22 05:01:53.106 +08:00 [INF] DESKTOP-J6M8022 34864/8 SystemMonitor.Service.Services.RpcHostedService 客户端已连接&#xD;
2025-08-22 05:01:53.106 +08:00 [INF] DESKTOP-J6M8022 34864/8 SystemMonitor.Service.Services.RpcHostedService 客户端会话建立: conn="cf08e297-f8bc-42e5-a912-8cdf3760d104"&#xD;
2025-08-22 05:01:53.109 +08:00 [INF] DESKTOP-J6M8022 34864/14 SystemMonitor.Service.Services.RpcHostedService 客户端断开：已达到流的结尾。 conn="cf08e297-f8bc-42e5-a912-8cdf3760d104"&#xD;
2025-08-22 05:01:53.183 +08:00 [INF] DESKTOP-J6M8022 34864/12 SystemMonitor.Service.Worker Worker running at: "2025-08-22T05:01:53.1832976+08:00"&#xD;
2025-08-22 05:01:54.188 +08:00 [INF] DESKTOP-J6M8022 34864/12 SystemMonitor.Service.Worker Worker running at: "2025-08-22T05:01:54.1886519+08:00"&#xD;
2025-08-22 05:01:55.189 +08:00 [INF] DESKTOP-J6M8022 34864/12 SystemMonitor.Service.Worker Worker running at: "2025-08-22T05:01:55.1890118+08:00"&#xD;
2025-08-22 05:01:56.201 +08:00 [INF] DESKTOP-J6M8022 34864/14 SystemMonitor.Service.Worker Worker running at: "2025-08-22T05:01:56.2011712+08:00"&#xD;
2025-08-22 05:01:57.203 +08:00 [INF] DESKTOP-J6M8022 34864/12 SystemMonitor.Service.Worker Worker running at: "2025-08-22T05:01:57.2030740+08:00"&#xD;
2025-08-22 05:01:58.150 +08:00 [INF] DESKTOP-J6M8022 34864/11 SystemMonitor.Service.Services.RpcHostedService 客户端已连接&#xD;
2025-08-22 05:01:58.150 +08:00 [INF] DESKTOP-J6M8022 34864/11 SystemMonitor.Service.Services.RpcHostedService 客户端会话建立: conn="12ea3cb9-6e37-4a78-8a02-17ba9963b724"&#xD;
2025-08-22 05:01:58.164 +08:00 [INF] DESKTOP-J6M8022 34864/14 SystemMonitor.Service.Services.RpcHostedService 客户端断开：已达到流的结尾。 conn="12ea3cb9-6e37-4a78-8a02-17ba9963b724"&#xD;
2025-08-22 05:01:58.220 +08:00 [INF] DESKTOP-J6M8022 34864/14 SystemMonitor.Service.Worker Worker running at: "2025-08-22T05:01:58.2204087+08:00"&#xD;
2025-08-22 05:01:59.232 +08:00 [INF] DESKTOP-J6M8022 34864/11 SystemMonitor.Service.Worker Worker running at: "2025-08-22T05:01:59.2321592+08:00"&#xD;
2025-08-22 05:02:00.236 +08:00 [INF] DESKTOP-J6M8022 34864/14 SystemMonitor.Service.Worker Worker running at: "2025-08-22T05:02:00.2367533+08:00"&#xD;
2025-08-22 05:02:01.245 +08:00 [INF] DESKTOP-J6M8022 34864/11 SystemMonitor.Service.Worker Worker running at: "2025-08-22T05:02:01.2451701+08:00"&#xD;
2025-08-22 05:02:02.255 +08:00 [INF] DESKTOP-J6M8022 34864/11 SystemMonitor.Service.Worker Worker running at: "2025-08-22T05:02:02.2559126+08:00"</Message>
          <StackTrace>   at SystemMonitor.Tests.EndToEndTests.WaitPipeReadyAsync(TimeSpan timeout) in C:\code\sys-sensor-v3\src\SystemMonitor.Tests\EndToEndTests.cs:line 151&#xD;
   at SystemMonitor.Tests.EndToEndTests.InitializeAsync() in C:\code\sys-sensor-v3\src\SystemMonitor.Tests\EndToEndTests.cs:line 278</StackTrace>
        </ErrorInfo>
      </Output>
    </UnitTestResult>
    <UnitTestResult executionId="bf91f6e8-06b0-45f6-bc69-da7e0bcf98b4" testId="0f77d0ed-59fb-971b-4d70-0677c148fa79" testName="SystemMonitor.Tests.EndToEndTests.QueryHistory_Edges_And_Bucketing" computerName="DESKTOP-J6M8022" duration="00:00:00.0010000" startTime="2025-08-22T05:04:04.3652126+08:00" endTime="2025-08-22T05:04:04.3652128+08:00" testType="13cdc9d9-ddb5-4fa4-a97d-d965ccfc6d4b" outcome="Failed" testListId="8c84fa94-04c1-424b-9868-57a2d4851a1d" relativeResultsDirectory="bf91f6e8-06b0-45f6-bc69-da7e0bcf98b4">
      <Output>
        <ErrorInfo>
          <Message>System.InvalidOperationException : Service exited while waiting for pipe. Code=1. Tail:
[svc][out] 姝ｅ湪鐢熸垚...&#xD;
[svc][out] C:\code\sys-sensor-v3\src\SystemMonitor.Service\Services\RpcHostedService.cs(201,31): error CS0103: 褰撳墠涓婁笅鏂囦腑涓嶅瓨鍦ㄥ悕绉扳€淭ryCreateCounter鈥?[C:\code\sys-sensor-v3\src\SystemMonitor.Service\SystemMonitor.Service.csproj]&#xD;
[svc][out] C:\code\sys-sensor-v3\src\SystemMonitor.Service\Services\RpcHostedService.cs(203,35): error CS0103: 褰撳墠涓婁笅鏂囦腑涓嶅瓨鍦ㄥ悕绉扳€淭ryCreateCounter鈥?[C:\code\sys-sensor-v3\src\SystemMonitor.Service\SystemMonitor.Service.csproj]&#xD;
[svc][out] C:\code\sys-sensor-v3\src\SystemMonitor.Service\Program.cs(76,13): warning CA1416: 鍙湪鎵€鏈夊钩鍙颁笂璁块棶姝よ皟鐢ㄧ珯鐐广€?RpcHostedService" 浠呭湪 'windows' 涓婂彈鏀寔銆?(https://learn.microsoft.com/dotnet/fundamentals/code-analysis/quality-rules/ca1416) [C:\code\sys-sensor-v3\src\SystemMonitor.Service\SystemMonitor.Service.csproj]&#xD;
[svc][err] 鐢熸垚澶辫触銆傝淇鐢熸垚閿欒骞堕噸鏂拌繍琛屻€?
[file-log-tail]
2025-08-22 05:00:07.505 +08:00 [INF] DESKTOP-J6M8022 34864/11 SystemMonitor.Service.Worker Worker running at: "2025-08-22T05:00:07.5059406+08:00"&#xD;
2025-08-22 05:00:08.115 +08:00 [INF] DESKTOP-J6M8022 34864/11 SystemMonitor.Service.Services.RpcHostedService 客户端已连接&#xD;
2025-08-22 05:00:08.115 +08:00 [INF] DESKTOP-J6M8022 34864/11 SystemMonitor.Service.Services.RpcHostedService 客户端会话建立: conn="3ebaf5c9-7a90-4c1f-8d06-77e4b9511b6b"&#xD;
2025-08-22 05:00:08.119 +08:00 [INF] DESKTOP-J6M8022 34864/11 SystemMonitor.Service.Services.RpcHostedService 客户端断开：已达到流的结尾。 conn="3ebaf5c9-7a90-4c1f-8d06-77e4b9511b6b"&#xD;
2025-08-22 05:00:08.515 +08:00 [INF] DESKTOP-J6M8022 34864/11 SystemMonitor.Service.Worker Worker running at: "2025-08-22T05:00:08.5155952+08:00"&#xD;
2025-08-22 05:00:09.524 +08:00 [INF] DESKTOP-J6M8022 34864/9 SystemMonitor.Service.Worker Worker running at: "2025-08-22T05:00:09.5241284+08:00"&#xD;
2025-08-22 05:00:10.532 +08:00 [INF] DESKTOP-J6M8022 34864/8 SystemMonitor.Service.Worker Worker running at: "2025-08-22T05:00:10.5324730+08:00"&#xD;
2025-08-22 05:00:11.535 +08:00 [INF] DESKTOP-J6M8022 34864/12 SystemMonitor.Service.Worker Worker running at: "2025-08-22T05:00:11.5357528+08:00"&#xD;
2025-08-22 05:00:12.548 +08:00 [INF] DESKTOP-J6M8022 34864/8 SystemMonitor.Service.Worker Worker running at: "2025-08-22T05:00:12.5481912+08:00"&#xD;
2025-08-22 05:00:13.107 +08:00 [INF] DESKTOP-J6M8022 34864/12 SystemMonitor.Service.Services.RpcHostedService 客户端已连接&#xD;
2025-08-22 05:00:13.107 +08:00 [INF] DESKTOP-J6M8022 34864/12 SystemMonitor.Service.Services.RpcHostedService 客户端会话建立: conn="27a81c38-4647-493a-8fb8-8f2e144087dc"&#xD;
2025-08-22 05:00:13.111 +08:00 [INF] DESKTOP-J6M8022 34864/11 SystemMonitor.Service.Services.RpcHostedService 客户端断开：已达到流的结尾。 conn="27a81c38-4647-493a-8fb8-8f2e144087dc"&#xD;
2025-08-22 05:00:13.384 +08:00 [INF] DESKTOP-J6M8022 34864/8 SystemMonitor.Service.Services.RpcHostedService 客户端已连接&#xD;
2025-08-22 05:00:13.384 +08:00 [INF] DESKTOP-J6M8022 34864/8 SystemMonitor.Service.Services.RpcHostedService 客户端会话建立: conn="25e61bd6-9b34-4b1b-8730-8dd26623668c"&#xD;
2025-08-22 05:00:13.405 +08:00 [INF] DESKTOP-J6M8022 34864/8 SystemMonitor.Service.Services.RpcHostedService snapshot called, modules=*&#xD;
2025-08-22 05:00:13.408 +08:00 [INF] DESKTOP-J6M8022 34864/9 SystemMonitor.Service.Services.RpcHostedService 客户端断开：已达到流的结尾。 conn="25e61bd6-9b34-4b1b-8730-8dd26623668c"&#xD;
2025-08-22 05:00:13.551 +08:00 [INF] DESKTOP-J6M8022 34864/12 SystemMonitor.Service.Worker Worker running at: "2025-08-22T05:00:13.5519178+08:00"&#xD;
2025-08-22 05:00:14.561 +08:00 [INF] DESKTOP-J6M8022 34864/8 SystemMonitor.Service.Worker Worker running at: "2025-08-22T05:00:14.5613344+08:00"&#xD;
2025-08-22 05:00:15.574 +08:00 [INF] DESKTOP-J6M8022 34864/8 SystemMonitor.Service.Worker Worker running at: "2025-08-22T05:00:15.5741996+08:00"&#xD;
2025-08-22 05:00:16.580 +08:00 [INF] DESKTOP-J6M8022 34864/12 SystemMonitor.Service.Worker Worker running at: "2025-08-22T05:00:16.5802431+08:00"&#xD;
2025-08-22 05:00:17.583 +08:00 [INF] DESKTOP-J6M8022 34864/12 SystemMonitor.Service.Worker Worker running at: "2025-08-22T05:00:17.5832737+08:00"&#xD;
2025-08-22 05:00:18.114 +08:00 [INF] DESKTOP-J6M8022 34864/11 SystemMonitor.Service.Services.RpcHostedService 客户端已连接&#xD;
2025-08-22 05:00:18.114 +08:00 [INF] DESKTOP-J6M8022 34864/11 SystemMonitor.Service.Services.RpcHostedService 客户端会话建立: conn="8619790b-69c5-445b-ab8d-8526df618427"&#xD;
2025-08-22 05:00:18.116 +08:00 [INF] DESKTOP-J6M8022 34864/12 SystemMonitor.Service.Services.RpcHostedService 客户端断开：已达到流的结尾。 conn="8619790b-69c5-445b-ab8d-8526df618427"&#xD;
2025-08-22 05:00:18.595 +08:00 [INF] DESKTOP-J6M8022 34864/11 SystemMonitor.Service.Worker Worker running at: "2025-08-22T05:00:18.5953464+08:00"&#xD;
2025-08-22 05:00:19.605 +08:00 [INF] DESKTOP-J6M8022 34864/11 SystemMonitor.Service.Worker Worker running at: "2025-08-22T05:00:19.6052530+08:00"&#xD;
2025-08-22 05:00:20.613 +08:00 [INF] DESKTOP-J6M8022 34864/13 SystemMonitor.Service.Worker Worker running at: "2025-08-22T05:00:20.6131263+08:00"&#xD;
2025-08-22 05:00:21.613 +08:00 [INF] DESKTOP-J6M8022 34864/11 SystemMonitor.Service.Worker Worker running at: "2025-08-22T05:00:21.6130098+08:00"&#xD;
2025-08-22 05:00:22.624 +08:00 [INF] DESKTOP-J6M8022 34864/13 SystemMonitor.Service.Worker Worker running at: "2025-08-22T05:00:22.6244940+08:00"&#xD;
2025-08-22 05:00:23.105 +08:00 [INF] DESKTOP-J6M8022 34864/13 SystemMonitor.Service.Services.RpcHostedService 客户端已连接&#xD;
2025-08-22 05:00:23.105 +08:00 [INF] DESKTOP-J6M8022 34864/13 SystemMonitor.Service.Services.RpcHostedService 客户端会话建立: conn="849f5c90-811a-4eb3-97ea-73e1b9d03257"&#xD;
2025-08-22 05:00:23.108 +08:00 [INF] DESKTOP-J6M8022 34864/8 SystemMonitor.Service.Services.RpcHostedService 客户端断开：已达到流的结尾。 conn="849f5c90-811a-4eb3-97ea-73e1b9d03257"&#xD;
2025-08-22 05:00:23.627 +08:00 [INF] DESKTOP-J6M8022 34864/13 SystemMonitor.Service.Worker Worker running at: "2025-08-22T05:00:23.6275367+08:00"&#xD;
2025-08-22 05:00:24.631 +08:00 [INF] DESKTOP-J6M8022 34864/8 SystemMonitor.Service.Worker Worker running at: "2025-08-22T05:00:24.6319373+08:00"&#xD;
2025-08-22 05:00:25.643 +08:00 [INF] DESKTOP-J6M8022 34864/13 SystemMonitor.Service.Worker Worker running at: "2025-08-22T05:00:25.6437810+08:00"&#xD;
2025-08-22 05:00:26.649 +08:00 [INF] DESKTOP-J6M8022 34864/10 SystemMonitor.Service.Worker Worker running at: "2025-08-22T05:00:26.6498268+08:00"&#xD;
2025-08-22 05:00:27.653 +08:00 [INF] DESKTOP-J6M8022 34864/13 SystemMonitor.Service.Worker Worker running at: "2025-08-22T05:00:27.6536723+08:00"&#xD;
2025-08-22 05:00:28.104 +08:00 [INF] DESKTOP-J6M8022 34864/13 SystemMonitor.Service.Services.RpcHostedService 客户端已连接&#xD;
2025-08-22 05:00:28.104 +08:00 [INF] DESKTOP-J6M8022 34864/13 SystemMonitor.Service.Services.RpcHostedService 客户端会话建立: conn="58087a9a-4fe9-4ab7-893a-962c7c34de4d"&#xD;
2025-08-22 05:00:28.108 +08:00 [INF] DESKTOP-J6M8022 34864/10 SystemMonitor.Service.Services.RpcHostedService 客户端断开：已达到流的结尾。 conn="58087a9a-4fe9-4ab7-893a-962c7c34de4d"&#xD;
2025-08-22 05:00:28.658 +08:00 [INF] DESKTOP-J6M8022 34864/10 SystemMonitor.Service.Worker Worker running at: "2025-08-22T05:00:28.6580477+08:00"&#xD;
2025-08-22 05:00:29.667 +08:00 [INF] DESKTOP-J6M8022 34864/10 SystemMonitor.Service.Worker Worker running at: "2025-08-22T05:00:29.6670246+08:00"&#xD;
2025-08-22 05:00:30.671 +08:00 [INF] DESKTOP-J6M8022 34864/11 SystemMonitor.Service.Worker Worker running at: "2025-08-22T05:00:30.6718324+08:00"&#xD;
2025-08-22 05:00:31.677 +08:00 [INF] DESKTOP-J6M8022 34864/11 SystemMonitor.Service.Worker Worker running at: "2025-08-22T05:00:31.6773257+08:00"&#xD;
2025-08-22 05:00:32.687 +08:00 [INF] DESKTOP-J6M8022 34864/8 SystemMonitor.Service.Worker Worker running at: "2025-08-22T05:00:32.6879602+08:00"&#xD;
2025-08-22 05:00:33.104 +08:00 [INF] DESKTOP-J6M8022 34864/11 SystemMonitor.Service.Services.RpcHostedService 客户端已连接&#xD;
2025-08-22 05:00:33.104 +08:00 [INF] DESKTOP-J6M8022 34864/11 SystemMonitor.Service.Services.RpcHostedService 客户端会话建立: conn="f2efc72f-7360-4d95-8499-7acad765c432"&#xD;
2025-08-22 05:00:33.107 +08:00 [INF] DESKTOP-J6M8022 34864/11 SystemMonitor.Service.Services.RpcHostedService 客户端断开：已达到流的结尾。 conn="f2efc72f-7360-4d95-8499-7acad765c432"&#xD;
2025-08-22 05:00:33.703 +08:00 [INF] DESKTOP-J6M8022 34864/8 SystemMonitor.Service.Worker Worker running at: "2025-08-22T05:00:33.7031716+08:00"&#xD;
2025-08-22 05:00:34.705 +08:00 [INF] DESKTOP-J6M8022 34864/13 SystemMonitor.Service.Worker Worker running at: "2025-08-22T05:00:34.7053006+08:00"&#xD;
2025-08-22 05:00:35.716 +08:00 [INF] DESKTOP-J6M8022 34864/11 SystemMonitor.Service.Worker Worker running at: "2025-08-22T05:00:35.7161477+08:00"&#xD;
2025-08-22 05:00:36.721 +08:00 [INF] DESKTOP-J6M8022 34864/12 SystemMonitor.Service.Worker Worker running at: "2025-08-22T05:00:36.7213935+08:00"&#xD;
2025-08-22 05:00:37.725 +08:00 [INF] DESKTOP-J6M8022 34864/12 SystemMonitor.Service.Worker Worker running at: "2025-08-22T05:00:37.7251514+08:00"&#xD;
2025-08-22 05:00:38.118 +08:00 [INF] DESKTOP-J6M8022 34864/13 SystemMonitor.Service.Services.RpcHostedService 客户端已连接&#xD;
2025-08-22 05:00:38.118 +08:00 [INF] DESKTOP-J6M8022 34864/13 SystemMonitor.Service.Services.RpcHostedService 客户端会话建立: conn="b439ecab-ffb2-4843-8f54-1844ad704c06"&#xD;
2025-08-22 05:00:38.121 +08:00 [INF] DESKTOP-J6M8022 34864/13 SystemMonitor.Service.Services.RpcHostedService 客户端断开：已达到流的结尾。 conn="b439ecab-ffb2-4843-8f54-1844ad704c06"&#xD;
2025-08-22 05:00:38.725 +08:00 [INF] DESKTOP-J6M8022 34864/8 SystemMonitor.Service.Worker Worker running at: "2025-08-22T05:00:38.7259519+08:00"&#xD;
2025-08-22 05:00:39.740 +08:00 [INF] DESKTOP-J6M8022 34864/11 SystemMonitor.Service.Worker Worker running at: "2025-08-22T05:00:39.7403082+08:00"&#xD;
2025-08-22 05:00:40.742 +08:00 [INF] DESKTOP-J6M8022 34864/11 SystemMonitor.Service.Worker Worker running at: "2025-08-22T05:00:40.7425737+08:00"&#xD;
2025-08-22 05:00:41.745 +08:00 [INF] DESKTOP-J6M8022 34864/13 SystemMonitor.Service.Worker Worker running at: "2025-08-22T05:00:41.7451229+08:00"&#xD;
2025-08-22 05:00:42.751 +08:00 [INF] DESKTOP-J6M8022 34864/11 SystemMonitor.Service.Worker Worker running at: "2025-08-22T05:00:42.7515665+08:00"&#xD;
2025-08-22 05:00:43.110 +08:00 [INF] DESKTOP-J6M8022 34864/14 SystemMonitor.Service.Services.RpcHostedService 客户端已连接&#xD;
2025-08-22 05:00:43.110 +08:00 [INF] DESKTOP-J6M8022 34864/14 SystemMonitor.Service.Services.RpcHostedService 客户端会话建立: conn="ec82b613-da05-4264-84fe-3fb03c945d2f"&#xD;
2025-08-22 05:00:43.120 +08:00 [INF] DESKTOP-J6M8022 34864/9 SystemMonitor.Service.Services.RpcHostedService 客户端断开：已达到流的结尾。 conn="ec82b613-da05-4264-84fe-3fb03c945d2f"&#xD;
2025-08-22 05:00:43.389 +08:00 [INF] DESKTOP-J6M8022 34864/13 SystemMonitor.Service.Services.RpcHostedService 客户端已连接&#xD;
2025-08-22 05:00:43.389 +08:00 [INF] DESKTOP-J6M8022 34864/13 SystemMonitor.Service.Services.RpcHostedService 客户端会话建立: conn="2f7dc9d3-2402-4294-ba61-bc663df8cf82"&#xD;
2025-08-22 05:00:43.398 +08:00 [INF] DESKTOP-J6M8022 34864/13 SystemMonitor.Service.Services.RpcHostedService snapshot called, modules=*&#xD;
2025-08-22 05:00:43.407 +08:00 [INF] DESKTOP-J6M8022 34864/13 SystemMonitor.Service.Services.RpcHostedService 客户端断开：已达到流的结尾。 conn="2f7dc9d3-2402-4294-ba61-bc663df8cf82"&#xD;
2025-08-22 05:00:43.756 +08:00 [INF] DESKTOP-J6M8022 34864/13 SystemMonitor.Service.Worker Worker running at: "2025-08-22T05:00:43.7565234+08:00"&#xD;
2025-08-22 05:00:44.757 +08:00 [INF] DESKTOP-J6M8022 34864/11 SystemMonitor.Service.Worker Worker running at: "2025-08-22T05:00:44.7577675+08:00"&#xD;
2025-08-22 05:00:45.762 +08:00 [INF] DESKTOP-J6M8022 34864/11 SystemMonitor.Service.Worker Worker running at: "2025-08-22T05:00:45.7627674+08:00"&#xD;
2025-08-22 05:00:46.772 +08:00 [INF] DESKTOP-J6M8022 34864/11 SystemMonitor.Service.Worker Worker running at: "2025-08-22T05:00:46.7724296+08:00"&#xD;
2025-08-22 05:00:47.772 +08:00 [INF] DESKTOP-J6M8022 34864/11 SystemMonitor.Service.Worker Worker running at: "2025-08-22T05:00:47.7724414+08:00"&#xD;
2025-08-22 05:00:48.113 +08:00 [INF] DESKTOP-J6M8022 34864/11 SystemMonitor.Service.Services.RpcHostedService 客户端已连接&#xD;
2025-08-22 05:00:48.113 +08:00 [INF] DESKTOP-J6M8022 34864/11 SystemMonitor.Service.Services.RpcHostedService 客户端会话建立: conn="0b57ec2b-be63-49bb-9b61-b642d4a6bad8"&#xD;
2025-08-22 05:00:48.118 +08:00 [INF] DESKTOP-J6M8022 34864/11 SystemMonitor.Service.Services.RpcHostedService 客户端断开：已达到流的结尾。 conn="0b57ec2b-be63-49bb-9b61-b642d4a6bad8"&#xD;
2025-08-22 05:00:48.786 +08:00 [INF] DESKTOP-J6M8022 34864/14 SystemMonitor.Service.Worker Worker running at: "2025-08-22T05:00:48.7861767+08:00"&#xD;
2025-08-22 05:00:49.797 +08:00 [INF] DESKTOP-J6M8022 34864/14 SystemMonitor.Service.Worker Worker running at: "2025-08-22T05:00:49.7971060+08:00"&#xD;
2025-08-22 05:00:50.810 +08:00 [INF] DESKTOP-J6M8022 34864/14 SystemMonitor.Service.Worker Worker running at: "2025-08-22T05:00:50.8103703+08:00"&#xD;
2025-08-22 05:00:51.819 +08:00 [INF] DESKTOP-J6M8022 34864/14 SystemMonitor.Service.Worker Worker running at: "2025-08-22T05:00:51.8191149+08:00"&#xD;
2025-08-22 05:00:52.832 +08:00 [INF] DESKTOP-J6M8022 34864/14 SystemMonitor.Service.Worker Worker running at: "2025-08-22T05:00:52.8322629+08:00"&#xD;
2025-08-22 05:00:53.102 +08:00 [INF] DESKTOP-J6M8022 34864/14 SystemMonitor.Service.Services.RpcHostedService 客户端已连接&#xD;
2025-08-22 05:00:53.102 +08:00 [INF] DESKTOP-J6M8022 34864/14 SystemMonitor.Service.Services.RpcHostedService 客户端会话建立: conn="a1d8b427-d708-44e2-9952-15a5a936e6af"&#xD;
2025-08-22 05:00:53.105 +08:00 [INF] DESKTOP-J6M8022 34864/13 SystemMonitor.Service.Services.RpcHostedService 客户端断开：已达到流的结尾。 conn="a1d8b427-d708-44e2-9952-15a5a936e6af"&#xD;
2025-08-22 05:00:53.839 +08:00 [INF] DESKTOP-J6M8022 34864/9 SystemMonitor.Service.Worker Worker running at: "2025-08-22T05:00:53.8390210+08:00"&#xD;
2025-08-22 05:00:54.844 +08:00 [INF] DESKTOP-J6M8022 34864/9 SystemMonitor.Service.Worker Worker running at: "2025-08-22T05:00:54.8440332+08:00"&#xD;
2025-08-22 05:00:55.849 +08:00 [INF] DESKTOP-J6M8022 34864/14 SystemMonitor.Service.Worker Worker running at: "2025-08-22T05:00:55.8498931+08:00"&#xD;
2025-08-22 05:00:56.855 +08:00 [INF] DESKTOP-J6M8022 34864/12 SystemMonitor.Service.Worker Worker running at: "2025-08-22T05:00:56.8554623+08:00"&#xD;
2025-08-22 05:00:57.861 +08:00 [INF] DESKTOP-J6M8022 34864/12 SystemMonitor.Service.Worker Worker running at: "2025-08-22T05:00:57.8610329+08:00"&#xD;
2025-08-22 05:00:58.111 +08:00 [INF] DESKTOP-J6M8022 34864/8 SystemMonitor.Service.Services.RpcHostedService 客户端已连接&#xD;
2025-08-22 05:00:58.111 +08:00 [INF] DESKTOP-J6M8022 34864/8 SystemMonitor.Service.Services.RpcHostedService 客户端会话建立: conn="667ed3f1-bd30-41e0-92ff-80608571c1ce"&#xD;
2025-08-22 05:00:58.116 +08:00 [INF] DESKTOP-J6M8022 34864/12 SystemMonitor.Service.Services.RpcHostedService 客户端断开：已达到流的结尾。 conn="667ed3f1-bd30-41e0-92ff-80608571c1ce"&#xD;
2025-08-22 05:00:58.863 +08:00 [INF] DESKTOP-J6M8022 34864/8 SystemMonitor.Service.Worker Worker running at: "2025-08-22T05:00:58.8635685+08:00"&#xD;
2025-08-22 05:00:59.864 +08:00 [INF] DESKTOP-J6M8022 34864/13 SystemMonitor.Service.Worker Worker running at: "2025-08-22T05:00:59.8639948+08:00"&#xD;
2025-08-22 05:01:00.871 +08:00 [INF] DESKTOP-J6M8022 34864/8 SystemMonitor.Service.Worker Worker running at: "2025-08-22T05:01:00.8711317+08:00"&#xD;
2025-08-22 05:01:01.872 +08:00 [INF] DESKTOP-J6M8022 34864/8 SystemMonitor.Service.Worker Worker running at: "2025-08-22T05:01:01.8723849+08:00"&#xD;
2025-08-22 05:01:02.874 +08:00 [INF] DESKTOP-J6M8022 34864/13 SystemMonitor.Service.Worker Worker running at: "2025-08-22T05:01:02.8742125+08:00"&#xD;
2025-08-22 05:01:03.109 +08:00 [INF] DESKTOP-J6M8022 34864/13 SystemMonitor.Service.Services.RpcHostedService 客户端已连接&#xD;
2025-08-22 05:01:03.109 +08:00 [INF] DESKTOP-J6M8022 34864/13 SystemMonitor.Service.Services.RpcHostedService 客户端会话建立: conn="6f7008b5-fb8e-492a-bb7e-9769bc95aca3"&#xD;
2025-08-22 05:01:03.113 +08:00 [INF] DESKTOP-J6M8022 34864/13 SystemMonitor.Service.Services.RpcHostedService 客户端断开：已达到流的结尾。 conn="6f7008b5-fb8e-492a-bb7e-9769bc95aca3"&#xD;
2025-08-22 05:01:03.878 +08:00 [INF] DESKTOP-J6M8022 34864/9 SystemMonitor.Service.Worker Worker running at: "2025-08-22T05:01:03.8780156+08:00"&#xD;
2025-08-22 05:01:04.882 +08:00 [INF] DESKTOP-J6M8022 34864/9 SystemMonitor.Service.Worker Worker running at: "2025-08-22T05:01:04.8824276+08:00"&#xD;
2025-08-22 05:01:05.888 +08:00 [INF] DESKTOP-J6M8022 34864/9 SystemMonitor.Service.Worker Worker running at: "2025-08-22T05:01:05.8884444+08:00"&#xD;
2025-08-22 05:01:06.898 +08:00 [INF] DESKTOP-J6M8022 34864/13 SystemMonitor.Service.Worker Worker running at: "2025-08-22T05:01:06.8980438+08:00"&#xD;
2025-08-22 05:01:07.902 +08:00 [INF] DESKTOP-J6M8022 34864/12 SystemMonitor.Service.Worker Worker running at: "2025-08-22T05:01:07.9022915+08:00"&#xD;
2025-08-22 05:01:08.106 +08:00 [INF] DESKTOP-J6M8022 34864/12 SystemMonitor.Service.Services.RpcHostedService 客户端已连接&#xD;
2025-08-22 05:01:08.106 +08:00 [INF] DESKTOP-J6M8022 34864/12 SystemMonitor.Service.Services.RpcHostedService 客户端会话建立: conn="57e57623-52be-4bde-b1c7-694c9251d418"&#xD;
2025-08-22 05:01:08.111 +08:00 [INF] DESKTOP-J6M8022 34864/14 SystemMonitor.Service.Services.RpcHostedService 客户端断开：已达到流的结尾。 conn="57e57623-52be-4bde-b1c7-694c9251d418"&#xD;
2025-08-22 05:01:08.904 +08:00 [INF] DESKTOP-J6M8022 34864/13 SystemMonitor.Service.Worker Worker running at: "2025-08-22T05:01:08.9045942+08:00"&#xD;
2025-08-22 05:01:09.905 +08:00 [INF] DESKTOP-J6M8022 34864/12 SystemMonitor.Service.Worker Worker running at: "2025-08-22T05:01:09.9059497+08:00"&#xD;
2025-08-22 05:01:10.910 +08:00 [INF] DESKTOP-J6M8022 34864/8 SystemMonitor.Service.Worker Worker running at: "2025-08-22T05:01:10.9104565+08:00"&#xD;
2025-08-22 05:01:11.913 +08:00 [INF] DESKTOP-J6M8022 34864/12 SystemMonitor.Service.Worker Worker running at: "2025-08-22T05:01:11.9132884+08:00"&#xD;
2025-08-22 05:01:12.917 +08:00 [INF] DESKTOP-J6M8022 34864/8 SystemMonitor.Service.Worker Worker running at: "2025-08-22T05:01:12.9173706+08:00"&#xD;
2025-08-22 05:01:13.103 +08:00 [INF] DESKTOP-J6M8022 34864/8 SystemMonitor.Service.Services.RpcHostedService 客户端已连接&#xD;
2025-08-22 05:01:13.103 +08:00 [INF] DESKTOP-J6M8022 34864/8 SystemMonitor.Service.Services.RpcHostedService 客户端会话建立: conn="8c8ff938-4ec2-4b63-94b8-07d74318db55"&#xD;
2025-08-22 05:01:13.107 +08:00 [INF] DESKTOP-J6M8022 34864/12 SystemMonitor.Service.Services.RpcHostedService 客户端断开：已达到流的结尾。 conn="8c8ff938-4ec2-4b63-94b8-07d74318db55"&#xD;
2025-08-22 05:01:13.395 +08:00 [INF] DESKTOP-J6M8022 34864/8 SystemMonitor.Service.Services.RpcHostedService 客户端已连接&#xD;
2025-08-22 05:01:13.395 +08:00 [INF] DESKTOP-J6M8022 34864/8 SystemMonitor.Service.Services.RpcHostedService 客户端会话建立: conn="0d0e45ce-49cf-483b-8035-5df65c66b336"&#xD;
2025-08-22 05:01:13.409 +08:00 [INF] DESKTOP-J6M8022 34864/8 SystemMonitor.Service.Services.RpcHostedService snapshot called, modules=*&#xD;
2025-08-22 05:01:13.415 +08:00 [INF] DESKTOP-J6M8022 34864/12 SystemMonitor.Service.Services.RpcHostedService 客户端断开：已达到流的结尾。 conn="0d0e45ce-49cf-483b-8035-5df65c66b336"&#xD;
2025-08-22 05:01:13.923 +08:00 [INF] DESKTOP-J6M8022 34864/14 SystemMonitor.Service.Worker Worker running at: "2025-08-22T05:01:13.9232807+08:00"&#xD;
2025-08-22 05:01:14.929 +08:00 [INF] DESKTOP-J6M8022 34864/12 SystemMonitor.Service.Worker Worker running at: "2025-08-22T05:01:14.9292827+08:00"&#xD;
2025-08-22 05:01:15.932 +08:00 [INF] DESKTOP-J6M8022 34864/8 SystemMonitor.Service.Worker Worker running at: "2025-08-22T05:01:15.9326500+08:00"&#xD;
2025-08-22 05:01:16.939 +08:00 [INF] DESKTOP-J6M8022 34864/14 SystemMonitor.Service.Worker Worker running at: "2025-08-22T05:01:16.9393680+08:00"&#xD;
2025-08-22 05:01:17.943 +08:00 [INF] DESKTOP-J6M8022 34864/8 SystemMonitor.Service.Worker Worker running at: "2025-08-22T05:01:17.9432416+08:00"&#xD;
2025-08-22 05:01:18.116 +08:00 [INF] DESKTOP-J6M8022 34864/8 SystemMonitor.Service.Services.RpcHostedService 客户端已连接&#xD;
2025-08-22 05:01:18.116 +08:00 [INF] DESKTOP-J6M8022 34864/8 SystemMonitor.Service.Services.RpcHostedService 客户端会话建立: conn="4caa660b-18e4-4979-bebe-31bdd3b07642"&#xD;
2025-08-22 05:01:18.119 +08:00 [INF] DESKTOP-J6M8022 34864/12 SystemMonitor.Service.Services.RpcHostedService 客户端断开：已达到流的结尾。 conn="4caa660b-18e4-4979-bebe-31bdd3b07642"&#xD;
2025-08-22 05:01:18.947 +08:00 [INF] DESKTOP-J6M8022 34864/8 SystemMonitor.Service.Worker Worker running at: "2025-08-22T05:01:18.9470563+08:00"&#xD;
2025-08-22 05:01:19.950 +08:00 [INF] DESKTOP-J6M8022 34864/8 SystemMonitor.Service.Worker Worker running at: "2025-08-22T05:01:19.9501774+08:00"&#xD;
2025-08-22 05:01:20.958 +08:00 [INF] DESKTOP-J6M8022 34864/8 SystemMonitor.Service.Worker Worker running at: "2025-08-22T05:01:20.9579718+08:00"&#xD;
2025-08-22 05:01:21.959 +08:00 [INF] DESKTOP-J6M8022 34864/14 SystemMonitor.Service.Worker Worker running at: "2025-08-22T05:01:21.9594726+08:00"&#xD;
2025-08-22 05:01:22.963 +08:00 [INF] DESKTOP-J6M8022 34864/8 SystemMonitor.Service.Worker Worker running at: "2025-08-22T05:01:22.9634519+08:00"&#xD;
2025-08-22 05:01:23.105 +08:00 [INF] DESKTOP-J6M8022 34864/8 SystemMonitor.Service.Services.RpcHostedService 客户端已连接&#xD;
2025-08-22 05:01:23.105 +08:00 [INF] DESKTOP-J6M8022 34864/8 SystemMonitor.Service.Services.RpcHostedService 客户端会话建立: conn="8639769c-80fa-407f-b9a9-4050afd76198"&#xD;
2025-08-22 05:01:23.107 +08:00 [INF] DESKTOP-J6M8022 34864/14 SystemMonitor.Service.Services.RpcHostedService 客户端断开：已达到流的结尾。 conn="8639769c-80fa-407f-b9a9-4050afd76198"&#xD;
2025-08-22 05:01:23.971 +08:00 [INF] DESKTOP-J6M8022 34864/11 SystemMonitor.Service.Worker Worker running at: "2025-08-22T05:01:23.9715344+08:00"&#xD;
2025-08-22 05:01:24.982 +08:00 [INF] DESKTOP-J6M8022 34864/11 SystemMonitor.Service.Worker Worker running at: "2025-08-22T05:01:24.9819615+08:00"&#xD;
2025-08-22 05:01:25.994 +08:00 [INF] DESKTOP-J6M8022 34864/11 SystemMonitor.Service.Worker Worker running at: "2025-08-22T05:01:25.9941989+08:00"&#xD;
2025-08-22 05:01:26.999 +08:00 [INF] DESKTOP-J6M8022 34864/8 SystemMonitor.Service.Worker Worker running at: "2025-08-22T05:01:26.9999359+08:00"&#xD;
2025-08-22 05:01:28.013 +08:00 [INF] DESKTOP-J6M8022 34864/11 SystemMonitor.Service.Worker Worker running at: "2025-08-22T05:01:28.0133025+08:00"&#xD;
2025-08-22 05:01:28.109 +08:00 [INF] DESKTOP-J6M8022 34864/11 SystemMonitor.Service.Services.RpcHostedService 客户端已连接&#xD;
2025-08-22 05:01:28.109 +08:00 [INF] DESKTOP-J6M8022 34864/11 SystemMonitor.Service.Services.RpcHostedService 客户端会话建立: conn="fda2e581-c0a4-4aa4-a5e0-11787ca179bd"&#xD;
2025-08-22 05:01:28.112 +08:00 [INF] DESKTOP-J6M8022 34864/11 SystemMonitor.Service.Services.RpcHostedService 客户端断开：已达到流的结尾。 conn="fda2e581-c0a4-4aa4-a5e0-11787ca179bd"&#xD;
2025-08-22 05:01:29.018 +08:00 [INF] DESKTOP-J6M8022 34864/11 SystemMonitor.Service.Worker Worker running at: "2025-08-22T05:01:29.0183364+08:00"&#xD;
2025-08-22 05:01:30.019 +08:00 [INF] DESKTOP-J6M8022 34864/8 SystemMonitor.Service.Worker Worker running at: "2025-08-22T05:01:30.0195935+08:00"&#xD;
2025-08-22 05:01:31.026 +08:00 [INF] DESKTOP-J6M8022 34864/8 SystemMonitor.Service.Worker Worker running at: "2025-08-22T05:01:31.0262398+08:00"&#xD;
2025-08-22 05:01:32.031 +08:00 [INF] DESKTOP-J6M8022 34864/12 SystemMonitor.Service.Worker Worker running at: "2025-08-22T05:01:32.0310132+08:00"&#xD;
2025-08-22 05:01:33.035 +08:00 [INF] DESKTOP-J6M8022 34864/12 SystemMonitor.Service.Worker Worker running at: "2025-08-22T05:01:33.0357910+08:00"&#xD;
2025-08-22 05:01:33.116 +08:00 [INF] DESKTOP-J6M8022 34864/12 SystemMonitor.Service.Services.RpcHostedService 客户端已连接&#xD;
2025-08-22 05:01:33.116 +08:00 [INF] DESKTOP-J6M8022 34864/12 SystemMonitor.Service.Services.RpcHostedService 客户端会话建立: conn="34e1094f-2d5d-4eb2-b05a-37c0e40cc011"&#xD;
2025-08-22 05:01:33.119 +08:00 [INF] DESKTOP-J6M8022 34864/8 SystemMonitor.Service.Services.RpcHostedService 客户端断开：已达到流的结尾。 conn="34e1094f-2d5d-4eb2-b05a-37c0e40cc011"&#xD;
2025-08-22 05:01:34.041 +08:00 [INF] DESKTOP-J6M8022 34864/8 SystemMonitor.Service.Worker Worker running at: "2025-08-22T05:01:34.0416262+08:00"&#xD;
2025-08-22 05:01:35.045 +08:00 [INF] DESKTOP-J6M8022 34864/8 SystemMonitor.Service.Worker Worker running at: "2025-08-22T05:01:35.0457088+08:00"&#xD;
2025-08-22 05:01:36.047 +08:00 [INF] DESKTOP-J6M8022 34864/12 SystemMonitor.Service.Worker Worker running at: "2025-08-22T05:01:36.0479378+08:00"&#xD;
2025-08-22 05:01:37.050 +08:00 [INF] DESKTOP-J6M8022 34864/12 SystemMonitor.Service.Worker Worker running at: "2025-08-22T05:01:37.0504892+08:00"&#xD;
2025-08-22 05:01:38.061 +08:00 [INF] DESKTOP-J6M8022 34864/14 SystemMonitor.Service.Worker Worker running at: "2025-08-22T05:01:38.0614429+08:00"&#xD;
2025-08-22 05:01:38.110 +08:00 [INF] DESKTOP-J6M8022 34864/12 SystemMonitor.Service.Services.RpcHostedService 客户端已连接&#xD;
2025-08-22 05:01:38.110 +08:00 [INF] DESKTOP-J6M8022 34864/12 SystemMonitor.Service.Services.RpcHostedService 客户端会话建立: conn="06117a62-6040-4241-9927-358af4226d43"&#xD;
2025-08-22 05:01:38.113 +08:00 [INF] DESKTOP-J6M8022 34864/14 SystemMonitor.Service.Services.RpcHostedService 客户端断开：已达到流的结尾。 conn="06117a62-6040-4241-9927-358af4226d43"&#xD;
2025-08-22 05:01:39.064 +08:00 [INF] DESKTOP-J6M8022 34864/14 SystemMonitor.Service.Worker Worker running at: "2025-08-22T05:01:39.0644324+08:00"&#xD;
2025-08-22 05:01:40.069 +08:00 [INF] DESKTOP-J6M8022 34864/8 SystemMonitor.Service.Worker Worker running at: "2025-08-22T05:01:40.0698228+08:00"&#xD;
2025-08-22 05:01:41.072 +08:00 [INF] DESKTOP-J6M8022 34864/8 SystemMonitor.Service.Worker Worker running at: "2025-08-22T05:01:41.0721700+08:00"&#xD;
2025-08-22 05:01:42.086 +08:00 [INF] DESKTOP-J6M8022 34864/11 SystemMonitor.Service.Worker Worker running at: "2025-08-22T05:01:42.0860513+08:00"&#xD;
2025-08-22 05:01:43.101 +08:00 [INF] DESKTOP-J6M8022 34864/8 SystemMonitor.Service.Worker Worker running at: "2025-08-22T05:01:43.1011436+08:00"&#xD;
2025-08-22 05:01:43.105 +08:00 [INF] DESKTOP-J6M8022 34864/9 SystemMonitor.Service.Services.RpcHostedService 客户端已连接&#xD;
2025-08-22 05:01:43.105 +08:00 [INF] DESKTOP-J6M8022 34864/9 SystemMonitor.Service.Services.RpcHostedService 客户端会话建立: conn="860b5ccb-a321-4101-b6d7-ba8cfd17c2fa"&#xD;
2025-08-22 05:01:43.109 +08:00 [INF] DESKTOP-J6M8022 34864/8 SystemMonitor.Service.Services.RpcHostedService 客户端断开：已达到流的结尾。 conn="860b5ccb-a321-4101-b6d7-ba8cfd17c2fa"&#xD;
2025-08-22 05:01:43.386 +08:00 [INF] DESKTOP-J6M8022 34864/11 SystemMonitor.Service.Services.RpcHostedService 客户端已连接&#xD;
2025-08-22 05:01:43.386 +08:00 [INF] DESKTOP-J6M8022 34864/11 SystemMonitor.Service.Services.RpcHostedService 客户端会话建立: conn="7103465a-6b36-49d0-b971-0765ff27b367"&#xD;
2025-08-22 05:01:43.387 +08:00 [INF] DESKTOP-J6M8022 34864/11 SystemMonitor.Service.Services.RpcHostedService snapshot called, modules=*&#xD;
2025-08-22 05:01:43.394 +08:00 [INF] DESKTOP-J6M8022 34864/14 SystemMonitor.Service.Services.RpcHostedService 客户端断开：已达到流的结尾。 conn="7103465a-6b36-49d0-b971-0765ff27b367"&#xD;
2025-08-22 05:01:44.107 +08:00 [INF] DESKTOP-J6M8022 34864/11 SystemMonitor.Service.Worker Worker running at: "2025-08-22T05:01:44.1078485+08:00"&#xD;
2025-08-22 05:01:45.116 +08:00 [INF] DESKTOP-J6M8022 34864/8 SystemMonitor.Service.Worker Worker running at: "2025-08-22T05:01:45.1165225+08:00"&#xD;
2025-08-22 05:01:46.125 +08:00 [INF] DESKTOP-J6M8022 34864/8 SystemMonitor.Service.Worker Worker running at: "2025-08-22T05:01:46.1259467+08:00"&#xD;
2025-08-22 05:01:47.131 +08:00 [INF] DESKTOP-J6M8022 34864/8 SystemMonitor.Service.Worker Worker running at: "2025-08-22T05:01:47.1319177+08:00"&#xD;
2025-08-22 05:01:48.110 +08:00 [INF] DESKTOP-J6M8022 34864/9 SystemMonitor.Service.Services.RpcHostedService 客户端已连接&#xD;
2025-08-22 05:01:48.111 +08:00 [INF] DESKTOP-J6M8022 34864/9 SystemMonitor.Service.Services.RpcHostedService 客户端会话建立: conn="dc929a0f-2511-48c2-b921-bb00e3b2d95e"&#xD;
2025-08-22 05:01:48.113 +08:00 [INF] DESKTOP-J6M8022 34864/9 SystemMonitor.Service.Services.RpcHostedService 客户端断开：已达到流的结尾。 conn="dc929a0f-2511-48c2-b921-bb00e3b2d95e"&#xD;
2025-08-22 05:01:48.139 +08:00 [INF] DESKTOP-J6M8022 34864/9 SystemMonitor.Service.Worker Worker running at: "2025-08-22T05:01:48.1397480+08:00"&#xD;
2025-08-22 05:01:49.149 +08:00 [INF] DESKTOP-J6M8022 34864/9 SystemMonitor.Service.Worker Worker running at: "2025-08-22T05:01:49.1490602+08:00"&#xD;
2025-08-22 05:01:50.156 +08:00 [INF] DESKTOP-J6M8022 34864/9 SystemMonitor.Service.Worker Worker running at: "2025-08-22T05:01:50.1565687+08:00"&#xD;
2025-08-22 05:01:51.163 +08:00 [INF] DESKTOP-J6M8022 34864/8 SystemMonitor.Service.Worker Worker running at: "2025-08-22T05:01:51.1638742+08:00"&#xD;
2025-08-22 05:01:52.175 +08:00 [INF] DESKTOP-J6M8022 34864/8 SystemMonitor.Service.Worker Worker running at: "2025-08-22T05:01:52.1751866+08:00"&#xD;
2025-08-22 05:01:53.106 +08:00 [INF] DESKTOP-J6M8022 34864/8 SystemMonitor.Service.Services.RpcHostedService 客户端已连接&#xD;
2025-08-22 05:01:53.106 +08:00 [INF] DESKTOP-J6M8022 34864/8 SystemMonitor.Service.Services.RpcHostedService 客户端会话建立: conn="cf08e297-f8bc-42e5-a912-8cdf3760d104"&#xD;
2025-08-22 05:01:53.109 +08:00 [INF] DESKTOP-J6M8022 34864/14 SystemMonitor.Service.Services.RpcHostedService 客户端断开：已达到流的结尾。 conn="cf08e297-f8bc-42e5-a912-8cdf3760d104"&#xD;
2025-08-22 05:01:53.183 +08:00 [INF] DESKTOP-J6M8022 34864/12 SystemMonitor.Service.Worker Worker running at: "2025-08-22T05:01:53.1832976+08:00"&#xD;
2025-08-22 05:01:54.188 +08:00 [INF] DESKTOP-J6M8022 34864/12 SystemMonitor.Service.Worker Worker running at: "2025-08-22T05:01:54.1886519+08:00"&#xD;
2025-08-22 05:01:55.189 +08:00 [INF] DESKTOP-J6M8022 34864/12 SystemMonitor.Service.Worker Worker running at: "2025-08-22T05:01:55.1890118+08:00"&#xD;
2025-08-22 05:01:56.201 +08:00 [INF] DESKTOP-J6M8022 34864/14 SystemMonitor.Service.Worker Worker running at: "2025-08-22T05:01:56.2011712+08:00"&#xD;
2025-08-22 05:01:57.203 +08:00 [INF] DESKTOP-J6M8022 34864/12 SystemMonitor.Service.Worker Worker running at: "2025-08-22T05:01:57.2030740+08:00"&#xD;
2025-08-22 05:01:58.150 +08:00 [INF] DESKTOP-J6M8022 34864/11 SystemMonitor.Service.Services.RpcHostedService 客户端已连接&#xD;
2025-08-22 05:01:58.150 +08:00 [INF] DESKTOP-J6M8022 34864/11 SystemMonitor.Service.Services.RpcHostedService 客户端会话建立: conn="12ea3cb9-6e37-4a78-8a02-17ba9963b724"&#xD;
2025-08-22 05:01:58.164 +08:00 [INF] DESKTOP-J6M8022 34864/14 SystemMonitor.Service.Services.RpcHostedService 客户端断开：已达到流的结尾。 conn="12ea3cb9-6e37-4a78-8a02-17ba9963b724"&#xD;
2025-08-22 05:01:58.220 +08:00 [INF] DESKTOP-J6M8022 34864/14 SystemMonitor.Service.Worker Worker running at: "2025-08-22T05:01:58.2204087+08:00"&#xD;
2025-08-22 05:01:59.232 +08:00 [INF] DESKTOP-J6M8022 34864/11 SystemMonitor.Service.Worker Worker running at: "2025-08-22T05:01:59.2321592+08:00"&#xD;
2025-08-22 05:02:00.236 +08:00 [INF] DESKTOP-J6M8022 34864/14 SystemMonitor.Service.Worker Worker running at: "2025-08-22T05:02:00.2367533+08:00"&#xD;
2025-08-22 05:02:01.245 +08:00 [INF] DESKTOP-J6M8022 34864/11 SystemMonitor.Service.Worker Worker running at: "2025-08-22T05:02:01.2451701+08:00"&#xD;
2025-08-22 05:02:02.255 +08:00 [INF] DESKTOP-J6M8022 34864/11 SystemMonitor.Service.Worker Worker running at: "2025-08-22T05:02:02.2559126+08:00"</Message>
          <StackTrace>   at SystemMonitor.Tests.EndToEndTests.WaitPipeReadyAsync(TimeSpan timeout) in C:\code\sys-sensor-v3\src\SystemMonitor.Tests\EndToEndTests.cs:line 151&#xD;
   at SystemMonitor.Tests.EndToEndTests.InitializeAsync() in C:\code\sys-sensor-v3\src\SystemMonitor.Tests\EndToEndTests.cs:line 278</StackTrace>
        </ErrorInfo>
      </Output>
    </UnitTestResult>
    <UnitTestResult executionId="5669bc72-2bc2-4155-a9f0-b2d6849ec6fd" testId="a5cee8d5-e1e7-16a2-597a-8c6cbc2b8be8" testName="SystemMonitor.Tests.EndToEndTests.Hello_Protocol_NotSupported_Fails" computerName="DESKTOP-J6M8022" duration="00:00:00.0010000" startTime="2025-08-22T05:04:19.4642965+08:00" endTime="2025-08-22T05:04:19.4642972+08:00" testType="13cdc9d9-ddb5-4fa4-a97d-d965ccfc6d4b" outcome="Failed" testListId="8c84fa94-04c1-424b-9868-57a2d4851a1d" relativeResultsDirectory="5669bc72-2bc2-4155-a9f0-b2d6849ec6fd">
      <Output>
        <ErrorInfo>
          <Message>System.InvalidOperationException : Service exited while waiting for pipe. Code=1. Tail:
[svc][out] 姝ｅ湪鐢熸垚...&#xD;
[svc][out] C:\code\sys-sensor-v3\src\SystemMonitor.Service\Services\RpcHostedService.cs(201,31): error CS0103: 褰撳墠涓婁笅鏂囦腑涓嶅瓨鍦ㄥ悕绉扳€淭ryCreateCounter鈥?[C:\code\sys-sensor-v3\src\SystemMonitor.Service\SystemMonitor.Service.csproj]&#xD;
[svc][out] C:\code\sys-sensor-v3\src\SystemMonitor.Service\Services\RpcHostedService.cs(203,35): error CS0103: 褰撳墠涓婁笅鏂囦腑涓嶅瓨鍦ㄥ悕绉扳€淭ryCreateCounter鈥?[C:\code\sys-sensor-v3\src\SystemMonitor.Service\SystemMonitor.Service.csproj]&#xD;
[svc][out] C:\code\sys-sensor-v3\src\SystemMonitor.Service\Program.cs(76,13): warning CA1416: 鍙湪鎵€鏈夊钩鍙颁笂璁块棶姝よ皟鐢ㄧ珯鐐广€?RpcHostedService" 浠呭湪 'windows' 涓婂彈鏀寔銆?(https://learn.microsoft.com/dotnet/fundamentals/code-analysis/quality-rules/ca1416) [C:\code\sys-sensor-v3\src\SystemMonitor.Service\SystemMonitor.Service.csproj]&#xD;
[svc][err] 鐢熸垚澶辫触銆傝淇鐢熸垚閿欒骞堕噸鏂拌繍琛屻€?
[file-log-tail]
2025-08-22 05:00:07.505 +08:00 [INF] DESKTOP-J6M8022 34864/11 SystemMonitor.Service.Worker Worker running at: "2025-08-22T05:00:07.5059406+08:00"&#xD;
2025-08-22 05:00:08.115 +08:00 [INF] DESKTOP-J6M8022 34864/11 SystemMonitor.Service.Services.RpcHostedService 客户端已连接&#xD;
2025-08-22 05:00:08.115 +08:00 [INF] DESKTOP-J6M8022 34864/11 SystemMonitor.Service.Services.RpcHostedService 客户端会话建立: conn="3ebaf5c9-7a90-4c1f-8d06-77e4b9511b6b"&#xD;
2025-08-22 05:00:08.119 +08:00 [INF] DESKTOP-J6M8022 34864/11 SystemMonitor.Service.Services.RpcHostedService 客户端断开：已达到流的结尾。 conn="3ebaf5c9-7a90-4c1f-8d06-77e4b9511b6b"&#xD;
2025-08-22 05:00:08.515 +08:00 [INF] DESKTOP-J6M8022 34864/11 SystemMonitor.Service.Worker Worker running at: "2025-08-22T05:00:08.5155952+08:00"&#xD;
2025-08-22 05:00:09.524 +08:00 [INF] DESKTOP-J6M8022 34864/9 SystemMonitor.Service.Worker Worker running at: "2025-08-22T05:00:09.5241284+08:00"&#xD;
2025-08-22 05:00:10.532 +08:00 [INF] DESKTOP-J6M8022 34864/8 SystemMonitor.Service.Worker Worker running at: "2025-08-22T05:00:10.5324730+08:00"&#xD;
2025-08-22 05:00:11.535 +08:00 [INF] DESKTOP-J6M8022 34864/12 SystemMonitor.Service.Worker Worker running at: "2025-08-22T05:00:11.5357528+08:00"&#xD;
2025-08-22 05:00:12.548 +08:00 [INF] DESKTOP-J6M8022 34864/8 SystemMonitor.Service.Worker Worker running at: "2025-08-22T05:00:12.5481912+08:00"&#xD;
2025-08-22 05:00:13.107 +08:00 [INF] DESKTOP-J6M8022 34864/12 SystemMonitor.Service.Services.RpcHostedService 客户端已连接&#xD;
2025-08-22 05:00:13.107 +08:00 [INF] DESKTOP-J6M8022 34864/12 SystemMonitor.Service.Services.RpcHostedService 客户端会话建立: conn="27a81c38-4647-493a-8fb8-8f2e144087dc"&#xD;
2025-08-22 05:00:13.111 +08:00 [INF] DESKTOP-J6M8022 34864/11 SystemMonitor.Service.Services.RpcHostedService 客户端断开：已达到流的结尾。 conn="27a81c38-4647-493a-8fb8-8f2e144087dc"&#xD;
2025-08-22 05:00:13.384 +08:00 [INF] DESKTOP-J6M8022 34864/8 SystemMonitor.Service.Services.RpcHostedService 客户端已连接&#xD;
2025-08-22 05:00:13.384 +08:00 [INF] DESKTOP-J6M8022 34864/8 SystemMonitor.Service.Services.RpcHostedService 客户端会话建立: conn="25e61bd6-9b34-4b1b-8730-8dd26623668c"&#xD;
2025-08-22 05:00:13.405 +08:00 [INF] DESKTOP-J6M8022 34864/8 SystemMonitor.Service.Services.RpcHostedService snapshot called, modules=*&#xD;
2025-08-22 05:00:13.408 +08:00 [INF] DESKTOP-J6M8022 34864/9 SystemMonitor.Service.Services.RpcHostedService 客户端断开：已达到流的结尾。 conn="25e61bd6-9b34-4b1b-8730-8dd26623668c"&#xD;
2025-08-22 05:00:13.551 +08:00 [INF] DESKTOP-J6M8022 34864/12 SystemMonitor.Service.Worker Worker running at: "2025-08-22T05:00:13.5519178+08:00"&#xD;
2025-08-22 05:00:14.561 +08:00 [INF] DESKTOP-J6M8022 34864/8 SystemMonitor.Service.Worker Worker running at: "2025-08-22T05:00:14.5613344+08:00"&#xD;
2025-08-22 05:00:15.574 +08:00 [INF] DESKTOP-J6M8022 34864/8 SystemMonitor.Service.Worker Worker running at: "2025-08-22T05:00:15.5741996+08:00"&#xD;
2025-08-22 05:00:16.580 +08:00 [INF] DESKTOP-J6M8022 34864/12 SystemMonitor.Service.Worker Worker running at: "2025-08-22T05:00:16.5802431+08:00"&#xD;
2025-08-22 05:00:17.583 +08:00 [INF] DESKTOP-J6M8022 34864/12 SystemMonitor.Service.Worker Worker running at: "2025-08-22T05:00:17.5832737+08:00"&#xD;
2025-08-22 05:00:18.114 +08:00 [INF] DESKTOP-J6M8022 34864/11 SystemMonitor.Service.Services.RpcHostedService 客户端已连接&#xD;
2025-08-22 05:00:18.114 +08:00 [INF] DESKTOP-J6M8022 34864/11 SystemMonitor.Service.Services.RpcHostedService 客户端会话建立: conn="8619790b-69c5-445b-ab8d-8526df618427"&#xD;
2025-08-22 05:00:18.116 +08:00 [INF] DESKTOP-J6M8022 34864/12 SystemMonitor.Service.Services.RpcHostedService 客户端断开：已达到流的结尾。 conn="8619790b-69c5-445b-ab8d-8526df618427"&#xD;
2025-08-22 05:00:18.595 +08:00 [INF] DESKTOP-J6M8022 34864/11 SystemMonitor.Service.Worker Worker running at: "2025-08-22T05:00:18.5953464+08:00"&#xD;
2025-08-22 05:00:19.605 +08:00 [INF] DESKTOP-J6M8022 34864/11 SystemMonitor.Service.Worker Worker running at: "2025-08-22T05:00:19.6052530+08:00"&#xD;
2025-08-22 05:00:20.613 +08:00 [INF] DESKTOP-J6M8022 34864/13 SystemMonitor.Service.Worker Worker running at: "2025-08-22T05:00:20.6131263+08:00"&#xD;
2025-08-22 05:00:21.613 +08:00 [INF] DESKTOP-J6M8022 34864/11 SystemMonitor.Service.Worker Worker running at: "2025-08-22T05:00:21.6130098+08:00"&#xD;
2025-08-22 05:00:22.624 +08:00 [INF] DESKTOP-J6M8022 34864/13 SystemMonitor.Service.Worker Worker running at: "2025-08-22T05:00:22.6244940+08:00"&#xD;
2025-08-22 05:00:23.105 +08:00 [INF] DESKTOP-J6M8022 34864/13 SystemMonitor.Service.Services.RpcHostedService 客户端已连接&#xD;
2025-08-22 05:00:23.105 +08:00 [INF] DESKTOP-J6M8022 34864/13 SystemMonitor.Service.Services.RpcHostedService 客户端会话建立: conn="849f5c90-811a-4eb3-97ea-73e1b9d03257"&#xD;
2025-08-22 05:00:23.108 +08:00 [INF] DESKTOP-J6M8022 34864/8 SystemMonitor.Service.Services.RpcHostedService 客户端断开：已达到流的结尾。 conn="849f5c90-811a-4eb3-97ea-73e1b9d03257"&#xD;
2025-08-22 05:00:23.627 +08:00 [INF] DESKTOP-J6M8022 34864/13 SystemMonitor.Service.Worker Worker running at: "2025-08-22T05:00:23.6275367+08:00"&#xD;
2025-08-22 05:00:24.631 +08:00 [INF] DESKTOP-J6M8022 34864/8 SystemMonitor.Service.Worker Worker running at: "2025-08-22T05:00:24.6319373+08:00"&#xD;
2025-08-22 05:00:25.643 +08:00 [INF] DESKTOP-J6M8022 34864/13 SystemMonitor.Service.Worker Worker running at: "2025-08-22T05:00:25.6437810+08:00"&#xD;
2025-08-22 05:00:26.649 +08:00 [INF] DESKTOP-J6M8022 34864/10 SystemMonitor.Service.Worker Worker running at: "2025-08-22T05:00:26.6498268+08:00"&#xD;
2025-08-22 05:00:27.653 +08:00 [INF] DESKTOP-J6M8022 34864/13 SystemMonitor.Service.Worker Worker running at: "2025-08-22T05:00:27.6536723+08:00"&#xD;
2025-08-22 05:00:28.104 +08:00 [INF] DESKTOP-J6M8022 34864/13 SystemMonitor.Service.Services.RpcHostedService 客户端已连接&#xD;
2025-08-22 05:00:28.104 +08:00 [INF] DESKTOP-J6M8022 34864/13 SystemMonitor.Service.Services.RpcHostedService 客户端会话建立: conn="58087a9a-4fe9-4ab7-893a-962c7c34de4d"&#xD;
2025-08-22 05:00:28.108 +08:00 [INF] DESKTOP-J6M8022 34864/10 SystemMonitor.Service.Services.RpcHostedService 客户端断开：已达到流的结尾。 conn="58087a9a-4fe9-4ab7-893a-962c7c34de4d"&#xD;
2025-08-22 05:00:28.658 +08:00 [INF] DESKTOP-J6M8022 34864/10 SystemMonitor.Service.Worker Worker running at: "2025-08-22T05:00:28.6580477+08:00"&#xD;
2025-08-22 05:00:29.667 +08:00 [INF] DESKTOP-J6M8022 34864/10 SystemMonitor.Service.Worker Worker running at: "2025-08-22T05:00:29.6670246+08:00"&#xD;
2025-08-22 05:00:30.671 +08:00 [INF] DESKTOP-J6M8022 34864/11 SystemMonitor.Service.Worker Worker running at: "2025-08-22T05:00:30.6718324+08:00"&#xD;
2025-08-22 05:00:31.677 +08:00 [INF] DESKTOP-J6M8022 34864/11 SystemMonitor.Service.Worker Worker running at: "2025-08-22T05:00:31.6773257+08:00"&#xD;
2025-08-22 05:00:32.687 +08:00 [INF] DESKTOP-J6M8022 34864/8 SystemMonitor.Service.Worker Worker running at: "2025-08-22T05:00:32.6879602+08:00"&#xD;
2025-08-22 05:00:33.104 +08:00 [INF] DESKTOP-J6M8022 34864/11 SystemMonitor.Service.Services.RpcHostedService 客户端已连接&#xD;
2025-08-22 05:00:33.104 +08:00 [INF] DESKTOP-J6M8022 34864/11 SystemMonitor.Service.Services.RpcHostedService 客户端会话建立: conn="f2efc72f-7360-4d95-8499-7acad765c432"&#xD;
2025-08-22 05:00:33.107 +08:00 [INF] DESKTOP-J6M8022 34864/11 SystemMonitor.Service.Services.RpcHostedService 客户端断开：已达到流的结尾。 conn="f2efc72f-7360-4d95-8499-7acad765c432"&#xD;
2025-08-22 05:00:33.703 +08:00 [INF] DESKTOP-J6M8022 34864/8 SystemMonitor.Service.Worker Worker running at: "2025-08-22T05:00:33.7031716+08:00"&#xD;
2025-08-22 05:00:34.705 +08:00 [INF] DESKTOP-J6M8022 34864/13 SystemMonitor.Service.Worker Worker running at: "2025-08-22T05:00:34.7053006+08:00"&#xD;
2025-08-22 05:00:35.716 +08:00 [INF] DESKTOP-J6M8022 34864/11 SystemMonitor.Service.Worker Worker running at: "2025-08-22T05:00:35.7161477+08:00"&#xD;
2025-08-22 05:00:36.721 +08:00 [INF] DESKTOP-J6M8022 34864/12 SystemMonitor.Service.Worker Worker running at: "2025-08-22T05:00:36.7213935+08:00"&#xD;
2025-08-22 05:00:37.725 +08:00 [INF] DESKTOP-J6M8022 34864/12 SystemMonitor.Service.Worker Worker running at: "2025-08-22T05:00:37.7251514+08:00"&#xD;
2025-08-22 05:00:38.118 +08:00 [INF] DESKTOP-J6M8022 34864/13 SystemMonitor.Service.Services.RpcHostedService 客户端已连接&#xD;
2025-08-22 05:00:38.118 +08:00 [INF] DESKTOP-J6M8022 34864/13 SystemMonitor.Service.Services.RpcHostedService 客户端会话建立: conn="b439ecab-ffb2-4843-8f54-1844ad704c06"&#xD;
2025-08-22 05:00:38.121 +08:00 [INF] DESKTOP-J6M8022 34864/13 SystemMonitor.Service.Services.RpcHostedService 客户端断开：已达到流的结尾。 conn="b439ecab-ffb2-4843-8f54-1844ad704c06"&#xD;
2025-08-22 05:00:38.725 +08:00 [INF] DESKTOP-J6M8022 34864/8 SystemMonitor.Service.Worker Worker running at: "2025-08-22T05:00:38.7259519+08:00"&#xD;
2025-08-22 05:00:39.740 +08:00 [INF] DESKTOP-J6M8022 34864/11 SystemMonitor.Service.Worker Worker running at: "2025-08-22T05:00:39.7403082+08:00"&#xD;
2025-08-22 05:00:40.742 +08:00 [INF] DESKTOP-J6M8022 34864/11 SystemMonitor.Service.Worker Worker running at: "2025-08-22T05:00:40.7425737+08:00"&#xD;
2025-08-22 05:00:41.745 +08:00 [INF] DESKTOP-J6M8022 34864/13 SystemMonitor.Service.Worker Worker running at: "2025-08-22T05:00:41.7451229+08:00"&#xD;
2025-08-22 05:00:42.751 +08:00 [INF] DESKTOP-J6M8022 34864/11 SystemMonitor.Service.Worker Worker running at: "2025-08-22T05:00:42.7515665+08:00"&#xD;
2025-08-22 05:00:43.110 +08:00 [INF] DESKTOP-J6M8022 34864/14 SystemMonitor.Service.Services.RpcHostedService 客户端已连接&#xD;
2025-08-22 05:00:43.110 +08:00 [INF] DESKTOP-J6M8022 34864/14 SystemMonitor.Service.Services.RpcHostedService 客户端会话建立: conn="ec82b613-da05-4264-84fe-3fb03c945d2f"&#xD;
2025-08-22 05:00:43.120 +08:00 [INF] DESKTOP-J6M8022 34864/9 SystemMonitor.Service.Services.RpcHostedService 客户端断开：已达到流的结尾。 conn="ec82b613-da05-4264-84fe-3fb03c945d2f"&#xD;
2025-08-22 05:00:43.389 +08:00 [INF] DESKTOP-J6M8022 34864/13 SystemMonitor.Service.Services.RpcHostedService 客户端已连接&#xD;
2025-08-22 05:00:43.389 +08:00 [INF] DESKTOP-J6M8022 34864/13 SystemMonitor.Service.Services.RpcHostedService 客户端会话建立: conn="2f7dc9d3-2402-4294-ba61-bc663df8cf82"&#xD;
2025-08-22 05:00:43.398 +08:00 [INF] DESKTOP-J6M8022 34864/13 SystemMonitor.Service.Services.RpcHostedService snapshot called, modules=*&#xD;
2025-08-22 05:00:43.407 +08:00 [INF] DESKTOP-J6M8022 34864/13 SystemMonitor.Service.Services.RpcHostedService 客户端断开：已达到流的结尾。 conn="2f7dc9d3-2402-4294-ba61-bc663df8cf82"&#xD;
2025-08-22 05:00:43.756 +08:00 [INF] DESKTOP-J6M8022 34864/13 SystemMonitor.Service.Worker Worker running at: "2025-08-22T05:00:43.7565234+08:00"&#xD;
2025-08-22 05:00:44.757 +08:00 [INF] DESKTOP-J6M8022 34864/11 SystemMonitor.Service.Worker Worker running at: "2025-08-22T05:00:44.7577675+08:00"&#xD;
2025-08-22 05:00:45.762 +08:00 [INF] DESKTOP-J6M8022 34864/11 SystemMonitor.Service.Worker Worker running at: "2025-08-22T05:00:45.7627674+08:00"&#xD;
2025-08-22 05:00:46.772 +08:00 [INF] DESKTOP-J6M8022 34864/11 SystemMonitor.Service.Worker Worker running at: "2025-08-22T05:00:46.7724296+08:00"&#xD;
2025-08-22 05:00:47.772 +08:00 [INF] DESKTOP-J6M8022 34864/11 SystemMonitor.Service.Worker Worker running at: "2025-08-22T05:00:47.7724414+08:00"&#xD;
2025-08-22 05:00:48.113 +08:00 [INF] DESKTOP-J6M8022 34864/11 SystemMonitor.Service.Services.RpcHostedService 客户端已连接&#xD;
2025-08-22 05:00:48.113 +08:00 [INF] DESKTOP-J6M8022 34864/11 SystemMonitor.Service.Services.RpcHostedService 客户端会话建立: conn="0b57ec2b-be63-49bb-9b61-b642d4a6bad8"&#xD;
2025-08-22 05:00:48.118 +08:00 [INF] DESKTOP-J6M8022 34864/11 SystemMonitor.Service.Services.RpcHostedService 客户端断开：已达到流的结尾。 conn="0b57ec2b-be63-49bb-9b61-b642d4a6bad8"&#xD;
2025-08-22 05:00:48.786 +08:00 [INF] DESKTOP-J6M8022 34864/14 SystemMonitor.Service.Worker Worker running at: "2025-08-22T05:00:48.7861767+08:00"&#xD;
2025-08-22 05:00:49.797 +08:00 [INF] DESKTOP-J6M8022 34864/14 SystemMonitor.Service.Worker Worker running at: "2025-08-22T05:00:49.7971060+08:00"&#xD;
2025-08-22 05:00:50.810 +08:00 [INF] DESKTOP-J6M8022 34864/14 SystemMonitor.Service.Worker Worker running at: "2025-08-22T05:00:50.8103703+08:00"&#xD;
2025-08-22 05:00:51.819 +08:00 [INF] DESKTOP-J6M8022 34864/14 SystemMonitor.Service.Worker Worker running at: "2025-08-22T05:00:51.8191149+08:00"&#xD;
2025-08-22 05:00:52.832 +08:00 [INF] DESKTOP-J6M8022 34864/14 SystemMonitor.Service.Worker Worker running at: "2025-08-22T05:00:52.8322629+08:00"&#xD;
2025-08-22 05:00:53.102 +08:00 [INF] DESKTOP-J6M8022 34864/14 SystemMonitor.Service.Services.RpcHostedService 客户端已连接&#xD;
2025-08-22 05:00:53.102 +08:00 [INF] DESKTOP-J6M8022 34864/14 SystemMonitor.Service.Services.RpcHostedService 客户端会话建立: conn="a1d8b427-d708-44e2-9952-15a5a936e6af"&#xD;
2025-08-22 05:00:53.105 +08:00 [INF] DESKTOP-J6M8022 34864/13 SystemMonitor.Service.Services.RpcHostedService 客户端断开：已达到流的结尾。 conn="a1d8b427-d708-44e2-9952-15a5a936e6af"&#xD;
2025-08-22 05:00:53.839 +08:00 [INF] DESKTOP-J6M8022 34864/9 SystemMonitor.Service.Worker Worker running at: "2025-08-22T05:00:53.8390210+08:00"&#xD;
2025-08-22 05:00:54.844 +08:00 [INF] DESKTOP-J6M8022 34864/9 SystemMonitor.Service.Worker Worker running at: "2025-08-22T05:00:54.8440332+08:00"&#xD;
2025-08-22 05:00:55.849 +08:00 [INF] DESKTOP-J6M8022 34864/14 SystemMonitor.Service.Worker Worker running at: "2025-08-22T05:00:55.8498931+08:00"&#xD;
2025-08-22 05:00:56.855 +08:00 [INF] DESKTOP-J6M8022 34864/12 SystemMonitor.Service.Worker Worker running at: "2025-08-22T05:00:56.8554623+08:00"&#xD;
2025-08-22 05:00:57.861 +08:00 [INF] DESKTOP-J6M8022 34864/12 SystemMonitor.Service.Worker Worker running at: "2025-08-22T05:00:57.8610329+08:00"&#xD;
2025-08-22 05:00:58.111 +08:00 [INF] DESKTOP-J6M8022 34864/8 SystemMonitor.Service.Services.RpcHostedService 客户端已连接&#xD;
2025-08-22 05:00:58.111 +08:00 [INF] DESKTOP-J6M8022 34864/8 SystemMonitor.Service.Services.RpcHostedService 客户端会话建立: conn="667ed3f1-bd30-41e0-92ff-80608571c1ce"&#xD;
2025-08-22 05:00:58.116 +08:00 [INF] DESKTOP-J6M8022 34864/12 SystemMonitor.Service.Services.RpcHostedService 客户端断开：已达到流的结尾。 conn="667ed3f1-bd30-41e0-92ff-80608571c1ce"&#xD;
2025-08-22 05:00:58.863 +08:00 [INF] DESKTOP-J6M8022 34864/8 SystemMonitor.Service.Worker Worker running at: "2025-08-22T05:00:58.8635685+08:00"&#xD;
2025-08-22 05:00:59.864 +08:00 [INF] DESKTOP-J6M8022 34864/13 SystemMonitor.Service.Worker Worker running at: "2025-08-22T05:00:59.8639948+08:00"&#xD;
2025-08-22 05:01:00.871 +08:00 [INF] DESKTOP-J6M8022 34864/8 SystemMonitor.Service.Worker Worker running at: "2025-08-22T05:01:00.8711317+08:00"&#xD;
2025-08-22 05:01:01.872 +08:00 [INF] DESKTOP-J6M8022 34864/8 SystemMonitor.Service.Worker Worker running at: "2025-08-22T05:01:01.8723849+08:00"&#xD;
2025-08-22 05:01:02.874 +08:00 [INF] DESKTOP-J6M8022 34864/13 SystemMonitor.Service.Worker Worker running at: "2025-08-22T05:01:02.8742125+08:00"&#xD;
2025-08-22 05:01:03.109 +08:00 [INF] DESKTOP-J6M8022 34864/13 SystemMonitor.Service.Services.RpcHostedService 客户端已连接&#xD;
2025-08-22 05:01:03.109 +08:00 [INF] DESKTOP-J6M8022 34864/13 SystemMonitor.Service.Services.RpcHostedService 客户端会话建立: conn="6f7008b5-fb8e-492a-bb7e-9769bc95aca3"&#xD;
2025-08-22 05:01:03.113 +08:00 [INF] DESKTOP-J6M8022 34864/13 SystemMonitor.Service.Services.RpcHostedService 客户端断开：已达到流的结尾。 conn="6f7008b5-fb8e-492a-bb7e-9769bc95aca3"&#xD;
2025-08-22 05:01:03.878 +08:00 [INF] DESKTOP-J6M8022 34864/9 SystemMonitor.Service.Worker Worker running at: "2025-08-22T05:01:03.8780156+08:00"&#xD;
2025-08-22 05:01:04.882 +08:00 [INF] DESKTOP-J6M8022 34864/9 SystemMonitor.Service.Worker Worker running at: "2025-08-22T05:01:04.8824276+08:00"&#xD;
2025-08-22 05:01:05.888 +08:00 [INF] DESKTOP-J6M8022 34864/9 SystemMonitor.Service.Worker Worker running at: "2025-08-22T05:01:05.8884444+08:00"&#xD;
2025-08-22 05:01:06.898 +08:00 [INF] DESKTOP-J6M8022 34864/13 SystemMonitor.Service.Worker Worker running at: "2025-08-22T05:01:06.8980438+08:00"&#xD;
2025-08-22 05:01:07.902 +08:00 [INF] DESKTOP-J6M8022 34864/12 SystemMonitor.Service.Worker Worker running at: "2025-08-22T05:01:07.9022915+08:00"&#xD;
2025-08-22 05:01:08.106 +08:00 [INF] DESKTOP-J6M8022 34864/12 SystemMonitor.Service.Services.RpcHostedService 客户端已连接&#xD;
2025-08-22 05:01:08.106 +08:00 [INF] DESKTOP-J6M8022 34864/12 SystemMonitor.Service.Services.RpcHostedService 客户端会话建立: conn="57e57623-52be-4bde-b1c7-694c9251d418"&#xD;
2025-08-22 05:01:08.111 +08:00 [INF] DESKTOP-J6M8022 34864/14 SystemMonitor.Service.Services.RpcHostedService 客户端断开：已达到流的结尾。 conn="57e57623-52be-4bde-b1c7-694c9251d418"&#xD;
2025-08-22 05:01:08.904 +08:00 [INF] DESKTOP-J6M8022 34864/13 SystemMonitor.Service.Worker Worker running at: "2025-08-22T05:01:08.9045942+08:00"&#xD;
2025-08-22 05:01:09.905 +08:00 [INF] DESKTOP-J6M8022 34864/12 SystemMonitor.Service.Worker Worker running at: "2025-08-22T05:01:09.9059497+08:00"&#xD;
2025-08-22 05:01:10.910 +08:00 [INF] DESKTOP-J6M8022 34864/8 SystemMonitor.Service.Worker Worker running at: "2025-08-22T05:01:10.9104565+08:00"&#xD;
2025-08-22 05:01:11.913 +08:00 [INF] DESKTOP-J6M8022 34864/12 SystemMonitor.Service.Worker Worker running at: "2025-08-22T05:01:11.9132884+08:00"&#xD;
2025-08-22 05:01:12.917 +08:00 [INF] DESKTOP-J6M8022 34864/8 SystemMonitor.Service.Worker Worker running at: "2025-08-22T05:01:12.9173706+08:00"&#xD;
2025-08-22 05:01:13.103 +08:00 [INF] DESKTOP-J6M8022 34864/8 SystemMonitor.Service.Services.RpcHostedService 客户端已连接&#xD;
2025-08-22 05:01:13.103 +08:00 [INF] DESKTOP-J6M8022 34864/8 SystemMonitor.Service.Services.RpcHostedService 客户端会话建立: conn="8c8ff938-4ec2-4b63-94b8-07d74318db55"&#xD;
2025-08-22 05:01:13.107 +08:00 [INF] DESKTOP-J6M8022 34864/12 SystemMonitor.Service.Services.RpcHostedService 客户端断开：已达到流的结尾。 conn="8c8ff938-4ec2-4b63-94b8-07d74318db55"&#xD;
2025-08-22 05:01:13.395 +08:00 [INF] DESKTOP-J6M8022 34864/8 SystemMonitor.Service.Services.RpcHostedService 客户端已连接&#xD;
2025-08-22 05:01:13.395 +08:00 [INF] DESKTOP-J6M8022 34864/8 SystemMonitor.Service.Services.RpcHostedService 客户端会话建立: conn="0d0e45ce-49cf-483b-8035-5df65c66b336"&#xD;
2025-08-22 05:01:13.409 +08:00 [INF] DESKTOP-J6M8022 34864/8 SystemMonitor.Service.Services.RpcHostedService snapshot called, modules=*&#xD;
2025-08-22 05:01:13.415 +08:00 [INF] DESKTOP-J6M8022 34864/12 SystemMonitor.Service.Services.RpcHostedService 客户端断开：已达到流的结尾。 conn="0d0e45ce-49cf-483b-8035-5df65c66b336"&#xD;
2025-08-22 05:01:13.923 +08:00 [INF] DESKTOP-J6M8022 34864/14 SystemMonitor.Service.Worker Worker running at: "2025-08-22T05:01:13.9232807+08:00"&#xD;
2025-08-22 05:01:14.929 +08:00 [INF] DESKTOP-J6M8022 34864/12 SystemMonitor.Service.Worker Worker running at: "2025-08-22T05:01:14.9292827+08:00"&#xD;
2025-08-22 05:01:15.932 +08:00 [INF] DESKTOP-J6M8022 34864/8 SystemMonitor.Service.Worker Worker running at: "2025-08-22T05:01:15.9326500+08:00"&#xD;
2025-08-22 05:01:16.939 +08:00 [INF] DESKTOP-J6M8022 34864/14 SystemMonitor.Service.Worker Worker running at: "2025-08-22T05:01:16.9393680+08:00"&#xD;
2025-08-22 05:01:17.943 +08:00 [INF] DESKTOP-J6M8022 34864/8 SystemMonitor.Service.Worker Worker running at: "2025-08-22T05:01:17.9432416+08:00"&#xD;
2025-08-22 05:01:18.116 +08:00 [INF] DESKTOP-J6M8022 34864/8 SystemMonitor.Service.Services.RpcHostedService 客户端已连接&#xD;
2025-08-22 05:01:18.116 +08:00 [INF] DESKTOP-J6M8022 34864/8 SystemMonitor.Service.Services.RpcHostedService 客户端会话建立: conn="4caa660b-18e4-4979-bebe-31bdd3b07642"&#xD;
2025-08-22 05:01:18.119 +08:00 [INF] DESKTOP-J6M8022 34864/12 SystemMonitor.Service.Services.RpcHostedService 客户端断开：已达到流的结尾。 conn="4caa660b-18e4-4979-bebe-31bdd3b07642"&#xD;
2025-08-22 05:01:18.947 +08:00 [INF] DESKTOP-J6M8022 34864/8 SystemMonitor.Service.Worker Worker running at: "2025-08-22T05:01:18.9470563+08:00"&#xD;
2025-08-22 05:01:19.950 +08:00 [INF] DESKTOP-J6M8022 34864/8 SystemMonitor.Service.Worker Worker running at: "2025-08-22T05:01:19.9501774+08:00"&#xD;
2025-08-22 05:01:20.958 +08:00 [INF] DESKTOP-J6M8022 34864/8 SystemMonitor.Service.Worker Worker running at: "2025-08-22T05:01:20.9579718+08:00"&#xD;
2025-08-22 05:01:21.959 +08:00 [INF] DESKTOP-J6M8022 34864/14 SystemMonitor.Service.Worker Worker running at: "2025-08-22T05:01:21.9594726+08:00"&#xD;
2025-08-22 05:01:22.963 +08:00 [INF] DESKTOP-J6M8022 34864/8 SystemMonitor.Service.Worker Worker running at: "2025-08-22T05:01:22.9634519+08:00"&#xD;
2025-08-22 05:01:23.105 +08:00 [INF] DESKTOP-J6M8022 34864/8 SystemMonitor.Service.Services.RpcHostedService 客户端已连接&#xD;
2025-08-22 05:01:23.105 +08:00 [INF] DESKTOP-J6M8022 34864/8 SystemMonitor.Service.Services.RpcHostedService 客户端会话建立: conn="8639769c-80fa-407f-b9a9-4050afd76198"&#xD;
2025-08-22 05:01:23.107 +08:00 [INF] DESKTOP-J6M8022 34864/14 SystemMonitor.Service.Services.RpcHostedService 客户端断开：已达到流的结尾。 conn="8639769c-80fa-407f-b9a9-4050afd76198"&#xD;
2025-08-22 05:01:23.971 +08:00 [INF] DESKTOP-J6M8022 34864/11 SystemMonitor.Service.Worker Worker running at: "2025-08-22T05:01:23.9715344+08:00"&#xD;
2025-08-22 05:01:24.982 +08:00 [INF] DESKTOP-J6M8022 34864/11 SystemMonitor.Service.Worker Worker running at: "2025-08-22T05:01:24.9819615+08:00"&#xD;
2025-08-22 05:01:25.994 +08:00 [INF] DESKTOP-J6M8022 34864/11 SystemMonitor.Service.Worker Worker running at: "2025-08-22T05:01:25.9941989+08:00"&#xD;
2025-08-22 05:01:26.999 +08:00 [INF] DESKTOP-J6M8022 34864/8 SystemMonitor.Service.Worker Worker running at: "2025-08-22T05:01:26.9999359+08:00"&#xD;
2025-08-22 05:01:28.013 +08:00 [INF] DESKTOP-J6M8022 34864/11 SystemMonitor.Service.Worker Worker running at: "2025-08-22T05:01:28.0133025+08:00"&#xD;
2025-08-22 05:01:28.109 +08:00 [INF] DESKTOP-J6M8022 34864/11 SystemMonitor.Service.Services.RpcHostedService 客户端已连接&#xD;
2025-08-22 05:01:28.109 +08:00 [INF] DESKTOP-J6M8022 34864/11 SystemMonitor.Service.Services.RpcHostedService 客户端会话建立: conn="fda2e581-c0a4-4aa4-a5e0-11787ca179bd"&#xD;
2025-08-22 05:01:28.112 +08:00 [INF] DESKTOP-J6M8022 34864/11 SystemMonitor.Service.Services.RpcHostedService 客户端断开：已达到流的结尾。 conn="fda2e581-c0a4-4aa4-a5e0-11787ca179bd"&#xD;
2025-08-22 05:01:29.018 +08:00 [INF] DESKTOP-J6M8022 34864/11 SystemMonitor.Service.Worker Worker running at: "2025-08-22T05:01:29.0183364+08:00"&#xD;
2025-08-22 05:01:30.019 +08:00 [INF] DESKTOP-J6M8022 34864/8 SystemMonitor.Service.Worker Worker running at: "2025-08-22T05:01:30.0195935+08:00"&#xD;
2025-08-22 05:01:31.026 +08:00 [INF] DESKTOP-J6M8022 34864/8 SystemMonitor.Service.Worker Worker running at: "2025-08-22T05:01:31.0262398+08:00"&#xD;
2025-08-22 05:01:32.031 +08:00 [INF] DESKTOP-J6M8022 34864/12 SystemMonitor.Service.Worker Worker running at: "2025-08-22T05:01:32.0310132+08:00"&#xD;
2025-08-22 05:01:33.035 +08:00 [INF] DESKTOP-J6M8022 34864/12 SystemMonitor.Service.Worker Worker running at: "2025-08-22T05:01:33.0357910+08:00"&#xD;
2025-08-22 05:01:33.116 +08:00 [INF] DESKTOP-J6M8022 34864/12 SystemMonitor.Service.Services.RpcHostedService 客户端已连接&#xD;
2025-08-22 05:01:33.116 +08:00 [INF] DESKTOP-J6M8022 34864/12 SystemMonitor.Service.Services.RpcHostedService 客户端会话建立: conn="34e1094f-2d5d-4eb2-b05a-37c0e40cc011"&#xD;
2025-08-22 05:01:33.119 +08:00 [INF] DESKTOP-J6M8022 34864/8 SystemMonitor.Service.Services.RpcHostedService 客户端断开：已达到流的结尾。 conn="34e1094f-2d5d-4eb2-b05a-37c0e40cc011"&#xD;
2025-08-22 05:01:34.041 +08:00 [INF] DESKTOP-J6M8022 34864/8 SystemMonitor.Service.Worker Worker running at: "2025-08-22T05:01:34.0416262+08:00"&#xD;
2025-08-22 05:01:35.045 +08:00 [INF] DESKTOP-J6M8022 34864/8 SystemMonitor.Service.Worker Worker running at: "2025-08-22T05:01:35.0457088+08:00"&#xD;
2025-08-22 05:01:36.047 +08:00 [INF] DESKTOP-J6M8022 34864/12 SystemMonitor.Service.Worker Worker running at: "2025-08-22T05:01:36.0479378+08:00"&#xD;
2025-08-22 05:01:37.050 +08:00 [INF] DESKTOP-J6M8022 34864/12 SystemMonitor.Service.Worker Worker running at: "2025-08-22T05:01:37.0504892+08:00"&#xD;
2025-08-22 05:01:38.061 +08:00 [INF] DESKTOP-J6M8022 34864/14 SystemMonitor.Service.Worker Worker running at: "2025-08-22T05:01:38.0614429+08:00"&#xD;
2025-08-22 05:01:38.110 +08:00 [INF] DESKTOP-J6M8022 34864/12 SystemMonitor.Service.Services.RpcHostedService 客户端已连接&#xD;
2025-08-22 05:01:38.110 +08:00 [INF] DESKTOP-J6M8022 34864/12 SystemMonitor.Service.Services.RpcHostedService 客户端会话建立: conn="06117a62-6040-4241-9927-358af4226d43"&#xD;
2025-08-22 05:01:38.113 +08:00 [INF] DESKTOP-J6M8022 34864/14 SystemMonitor.Service.Services.RpcHostedService 客户端断开：已达到流的结尾。 conn="06117a62-6040-4241-9927-358af4226d43"&#xD;
2025-08-22 05:01:39.064 +08:00 [INF] DESKTOP-J6M8022 34864/14 SystemMonitor.Service.Worker Worker running at: "2025-08-22T05:01:39.0644324+08:00"&#xD;
2025-08-22 05:01:40.069 +08:00 [INF] DESKTOP-J6M8022 34864/8 SystemMonitor.Service.Worker Worker running at: "2025-08-22T05:01:40.0698228+08:00"&#xD;
2025-08-22 05:01:41.072 +08:00 [INF] DESKTOP-J6M8022 34864/8 SystemMonitor.Service.Worker Worker running at: "2025-08-22T05:01:41.0721700+08:00"&#xD;
2025-08-22 05:01:42.086 +08:00 [INF] DESKTOP-J6M8022 34864/11 SystemMonitor.Service.Worker Worker running at: "2025-08-22T05:01:42.0860513+08:00"&#xD;
2025-08-22 05:01:43.101 +08:00 [INF] DESKTOP-J6M8022 34864/8 SystemMonitor.Service.Worker Worker running at: "2025-08-22T05:01:43.1011436+08:00"&#xD;
2025-08-22 05:01:43.105 +08:00 [INF] DESKTOP-J6M8022 34864/9 SystemMonitor.Service.Services.RpcHostedService 客户端已连接&#xD;
2025-08-22 05:01:43.105 +08:00 [INF] DESKTOP-J6M8022 34864/9 SystemMonitor.Service.Services.RpcHostedService 客户端会话建立: conn="860b5ccb-a321-4101-b6d7-ba8cfd17c2fa"&#xD;
2025-08-22 05:01:43.109 +08:00 [INF] DESKTOP-J6M8022 34864/8 SystemMonitor.Service.Services.RpcHostedService 客户端断开：已达到流的结尾。 conn="860b5ccb-a321-4101-b6d7-ba8cfd17c2fa"&#xD;
2025-08-22 05:01:43.386 +08:00 [INF] DESKTOP-J6M8022 34864/11 SystemMonitor.Service.Services.RpcHostedService 客户端已连接&#xD;
2025-08-22 05:01:43.386 +08:00 [INF] DESKTOP-J6M8022 34864/11 SystemMonitor.Service.Services.RpcHostedService 客户端会话建立: conn="7103465a-6b36-49d0-b971-0765ff27b367"&#xD;
2025-08-22 05:01:43.387 +08:00 [INF] DESKTOP-J6M8022 34864/11 SystemMonitor.Service.Services.RpcHostedService snapshot called, modules=*&#xD;
2025-08-22 05:01:43.394 +08:00 [INF] DESKTOP-J6M8022 34864/14 SystemMonitor.Service.Services.RpcHostedService 客户端断开：已达到流的结尾。 conn="7103465a-6b36-49d0-b971-0765ff27b367"&#xD;
2025-08-22 05:01:44.107 +08:00 [INF] DESKTOP-J6M8022 34864/11 SystemMonitor.Service.Worker Worker running at: "2025-08-22T05:01:44.1078485+08:00"&#xD;
2025-08-22 05:01:45.116 +08:00 [INF] DESKTOP-J6M8022 34864/8 SystemMonitor.Service.Worker Worker running at: "2025-08-22T05:01:45.1165225+08:00"&#xD;
2025-08-22 05:01:46.125 +08:00 [INF] DESKTOP-J6M8022 34864/8 SystemMonitor.Service.Worker Worker running at: "2025-08-22T05:01:46.1259467+08:00"&#xD;
2025-08-22 05:01:47.131 +08:00 [INF] DESKTOP-J6M8022 34864/8 SystemMonitor.Service.Worker Worker running at: "2025-08-22T05:01:47.1319177+08:00"&#xD;
2025-08-22 05:01:48.110 +08:00 [INF] DESKTOP-J6M8022 34864/9 SystemMonitor.Service.Services.RpcHostedService 客户端已连接&#xD;
2025-08-22 05:01:48.111 +08:00 [INF] DESKTOP-J6M8022 34864/9 SystemMonitor.Service.Services.RpcHostedService 客户端会话建立: conn="dc929a0f-2511-48c2-b921-bb00e3b2d95e"&#xD;
2025-08-22 05:01:48.113 +08:00 [INF] DESKTOP-J6M8022 34864/9 SystemMonitor.Service.Services.RpcHostedService 客户端断开：已达到流的结尾。 conn="dc929a0f-2511-48c2-b921-bb00e3b2d95e"&#xD;
2025-08-22 05:01:48.139 +08:00 [INF] DESKTOP-J6M8022 34864/9 SystemMonitor.Service.Worker Worker running at: "2025-08-22T05:01:48.1397480+08:00"&#xD;
2025-08-22 05:01:49.149 +08:00 [INF] DESKTOP-J6M8022 34864/9 SystemMonitor.Service.Worker Worker running at: "2025-08-22T05:01:49.1490602+08:00"&#xD;
2025-08-22 05:01:50.156 +08:00 [INF] DESKTOP-J6M8022 34864/9 SystemMonitor.Service.Worker Worker running at: "2025-08-22T05:01:50.1565687+08:00"&#xD;
2025-08-22 05:01:51.163 +08:00 [INF] DESKTOP-J6M8022 34864/8 SystemMonitor.Service.Worker Worker running at: "2025-08-22T05:01:51.1638742+08:00"&#xD;
2025-08-22 05:01:52.175 +08:00 [INF] DESKTOP-J6M8022 34864/8 SystemMonitor.Service.Worker Worker running at: "2025-08-22T05:01:52.1751866+08:00"&#xD;
2025-08-22 05:01:53.106 +08:00 [INF] DESKTOP-J6M8022 34864/8 SystemMonitor.Service.Services.RpcHostedService 客户端已连接&#xD;
2025-08-22 05:01:53.106 +08:00 [INF] DESKTOP-J6M8022 34864/8 SystemMonitor.Service.Services.RpcHostedService 客户端会话建立: conn="cf08e297-f8bc-42e5-a912-8cdf3760d104"&#xD;
2025-08-22 05:01:53.109 +08:00 [INF] DESKTOP-J6M8022 34864/14 SystemMonitor.Service.Services.RpcHostedService 客户端断开：已达到流的结尾。 conn="cf08e297-f8bc-42e5-a912-8cdf3760d104"&#xD;
2025-08-22 05:01:53.183 +08:00 [INF] DESKTOP-J6M8022 34864/12 SystemMonitor.Service.Worker Worker running at: "2025-08-22T05:01:53.1832976+08:00"&#xD;
2025-08-22 05:01:54.188 +08:00 [INF] DESKTOP-J6M8022 34864/12 SystemMonitor.Service.Worker Worker running at: "2025-08-22T05:01:54.1886519+08:00"&#xD;
2025-08-22 05:01:55.189 +08:00 [INF] DESKTOP-J6M8022 34864/12 SystemMonitor.Service.Worker Worker running at: "2025-08-22T05:01:55.1890118+08:00"&#xD;
2025-08-22 05:01:56.201 +08:00 [INF] DESKTOP-J6M8022 34864/14 SystemMonitor.Service.Worker Worker running at: "2025-08-22T05:01:56.2011712+08:00"&#xD;
2025-08-22 05:01:57.203 +08:00 [INF] DESKTOP-J6M8022 34864/12 SystemMonitor.Service.Worker Worker running at: "2025-08-22T05:01:57.2030740+08:00"&#xD;
2025-08-22 05:01:58.150 +08:00 [INF] DESKTOP-J6M8022 34864/11 SystemMonitor.Service.Services.RpcHostedService 客户端已连接&#xD;
2025-08-22 05:01:58.150 +08:00 [INF] DESKTOP-J6M8022 34864/11 SystemMonitor.Service.Services.RpcHostedService 客户端会话建立: conn="12ea3cb9-6e37-4a78-8a02-17ba9963b724"&#xD;
2025-08-22 05:01:58.164 +08:00 [INF] DESKTOP-J6M8022 34864/14 SystemMonitor.Service.Services.RpcHostedService 客户端断开：已达到流的结尾。 conn="12ea3cb9-6e37-4a78-8a02-17ba9963b724"&#xD;
2025-08-22 05:01:58.220 +08:00 [INF] DESKTOP-J6M8022 34864/14 SystemMonitor.Service.Worker Worker running at: "2025-08-22T05:01:58.2204087+08:00"&#xD;
2025-08-22 05:01:59.232 +08:00 [INF] DESKTOP-J6M8022 34864/11 SystemMonitor.Service.Worker Worker running at: "2025-08-22T05:01:59.2321592+08:00"&#xD;
2025-08-22 05:02:00.236 +08:00 [INF] DESKTOP-J6M8022 34864/14 SystemMonitor.Service.Worker Worker running at: "2025-08-22T05:02:00.2367533+08:00"&#xD;
2025-08-22 05:02:01.245 +08:00 [INF] DESKTOP-J6M8022 34864/11 SystemMonitor.Service.Worker Worker running at: "2025-08-22T05:02:01.2451701+08:00"&#xD;
2025-08-22 05:02:02.255 +08:00 [INF] DESKTOP-J6M8022 34864/11 SystemMonitor.Service.Worker Worker running at: "2025-08-22T05:02:02.2559126+08:00"</Message>
          <StackTrace>   at SystemMonitor.Tests.EndToEndTests.WaitPipeReadyAsync(TimeSpan timeout) in C:\code\sys-sensor-v3\src\SystemMonitor.Tests\EndToEndTests.cs:line 151&#xD;
   at SystemMonitor.Tests.EndToEndTests.InitializeAsync() in C:\code\sys-sensor-v3\src\SystemMonitor.Tests\EndToEndTests.cs:line 278</StackTrace>
        </ErrorInfo>
      </Output>
    </UnitTestResult>
    <UnitTestResult executionId="04dd2ff9-1ab0-43eb-97a3-662e386f7b8f" testId="d46fc4ee-0150-cded-8fbb-ceb1d2e0e4ba" testName="SystemMonitor.Tests.EndToEndTests.SetConfig_And_BurstSubscribe_Works" computerName="DESKTOP-J6M8022" duration="00:00:00.0010000" startTime="2025-08-22T05:04:22.2601440+08:00" endTime="2025-08-22T05:04:22.2601442+08:00" testType="13cdc9d9-ddb5-4fa4-a97d-d965ccfc6d4b" outcome="Failed" testListId="8c84fa94-04c1-424b-9868-57a2d4851a1d" relativeResultsDirectory="04dd2ff9-1ab0-43eb-97a3-662e386f7b8f">
      <Output>
        <ErrorInfo>
          <Message>System.InvalidOperationException : Service exited while waiting for pipe. Code=1. Tail:
[svc][out] 姝ｅ湪鐢熸垚...&#xD;
[svc][out] C:\code\sys-sensor-v3\src\SystemMonitor.Service\Services\RpcHostedService.cs(201,31): error CS0103: 褰撳墠涓婁笅鏂囦腑涓嶅瓨鍦ㄥ悕绉扳€淭ryCreateCounter鈥?[C:\code\sys-sensor-v3\src\SystemMonitor.Service\SystemMonitor.Service.csproj]&#xD;
[svc][out] C:\code\sys-sensor-v3\src\SystemMonitor.Service\Services\RpcHostedService.cs(203,35): error CS0103: 褰撳墠涓婁笅鏂囦腑涓嶅瓨鍦ㄥ悕绉扳€淭ryCreateCounter鈥?[C:\code\sys-sensor-v3\src\SystemMonitor.Service\SystemMonitor.Service.csproj]&#xD;
[svc][out] C:\code\sys-sensor-v3\src\SystemMonitor.Service\Program.cs(76,13): warning CA1416: 鍙湪鎵€鏈夊钩鍙颁笂璁块棶姝よ皟鐢ㄧ珯鐐广€?RpcHostedService" 浠呭湪 'windows' 涓婂彈鏀寔銆?(https://learn.microsoft.com/dotnet/fundamentals/code-analysis/quality-rules/ca1416) [C:\code\sys-sensor-v3\src\SystemMonitor.Service\SystemMonitor.Service.csproj]&#xD;
[svc][err] 鐢熸垚澶辫触銆傝淇鐢熸垚閿欒骞堕噸鏂拌繍琛屻€?
[file-log-tail]
2025-08-22 05:00:07.505 +08:00 [INF] DESKTOP-J6M8022 34864/11 SystemMonitor.Service.Worker Worker running at: "2025-08-22T05:00:07.5059406+08:00"&#xD;
2025-08-22 05:00:08.115 +08:00 [INF] DESKTOP-J6M8022 34864/11 SystemMonitor.Service.Services.RpcHostedService 客户端已连接&#xD;
2025-08-22 05:00:08.115 +08:00 [INF] DESKTOP-J6M8022 34864/11 SystemMonitor.Service.Services.RpcHostedService 客户端会话建立: conn="3ebaf5c9-7a90-4c1f-8d06-77e4b9511b6b"&#xD;
2025-08-22 05:00:08.119 +08:00 [INF] DESKTOP-J6M8022 34864/11 SystemMonitor.Service.Services.RpcHostedService 客户端断开：已达到流的结尾。 conn="3ebaf5c9-7a90-4c1f-8d06-77e4b9511b6b"&#xD;
2025-08-22 05:00:08.515 +08:00 [INF] DESKTOP-J6M8022 34864/11 SystemMonitor.Service.Worker Worker running at: "2025-08-22T05:00:08.5155952+08:00"&#xD;
2025-08-22 05:00:09.524 +08:00 [INF] DESKTOP-J6M8022 34864/9 SystemMonitor.Service.Worker Worker running at: "2025-08-22T05:00:09.5241284+08:00"&#xD;
2025-08-22 05:00:10.532 +08:00 [INF] DESKTOP-J6M8022 34864/8 SystemMonitor.Service.Worker Worker running at: "2025-08-22T05:00:10.5324730+08:00"&#xD;
2025-08-22 05:00:11.535 +08:00 [INF] DESKTOP-J6M8022 34864/12 SystemMonitor.Service.Worker Worker running at: "2025-08-22T05:00:11.5357528+08:00"&#xD;
2025-08-22 05:00:12.548 +08:00 [INF] DESKTOP-J6M8022 34864/8 SystemMonitor.Service.Worker Worker running at: "2025-08-22T05:00:12.5481912+08:00"&#xD;
2025-08-22 05:00:13.107 +08:00 [INF] DESKTOP-J6M8022 34864/12 SystemMonitor.Service.Services.RpcHostedService 客户端已连接&#xD;
2025-08-22 05:00:13.107 +08:00 [INF] DESKTOP-J6M8022 34864/12 SystemMonitor.Service.Services.RpcHostedService 客户端会话建立: conn="27a81c38-4647-493a-8fb8-8f2e144087dc"&#xD;
2025-08-22 05:00:13.111 +08:00 [INF] DESKTOP-J6M8022 34864/11 SystemMonitor.Service.Services.RpcHostedService 客户端断开：已达到流的结尾。 conn="27a81c38-4647-493a-8fb8-8f2e144087dc"&#xD;
2025-08-22 05:00:13.384 +08:00 [INF] DESKTOP-J6M8022 34864/8 SystemMonitor.Service.Services.RpcHostedService 客户端已连接&#xD;
2025-08-22 05:00:13.384 +08:00 [INF] DESKTOP-J6M8022 34864/8 SystemMonitor.Service.Services.RpcHostedService 客户端会话建立: conn="25e61bd6-9b34-4b1b-8730-8dd26623668c"&#xD;
2025-08-22 05:00:13.405 +08:00 [INF] DESKTOP-J6M8022 34864/8 SystemMonitor.Service.Services.RpcHostedService snapshot called, modules=*&#xD;
2025-08-22 05:00:13.408 +08:00 [INF] DESKTOP-J6M8022 34864/9 SystemMonitor.Service.Services.RpcHostedService 客户端断开：已达到流的结尾。 conn="25e61bd6-9b34-4b1b-8730-8dd26623668c"&#xD;
2025-08-22 05:00:13.551 +08:00 [INF] DESKTOP-J6M8022 34864/12 SystemMonitor.Service.Worker Worker running at: "2025-08-22T05:00:13.5519178+08:00"&#xD;
2025-08-22 05:00:14.561 +08:00 [INF] DESKTOP-J6M8022 34864/8 SystemMonitor.Service.Worker Worker running at: "2025-08-22T05:00:14.5613344+08:00"&#xD;
2025-08-22 05:00:15.574 +08:00 [INF] DESKTOP-J6M8022 34864/8 SystemMonitor.Service.Worker Worker running at: "2025-08-22T05:00:15.5741996+08:00"&#xD;
2025-08-22 05:00:16.580 +08:00 [INF] DESKTOP-J6M8022 34864/12 SystemMonitor.Service.Worker Worker running at: "2025-08-22T05:00:16.5802431+08:00"&#xD;
2025-08-22 05:00:17.583 +08:00 [INF] DESKTOP-J6M8022 34864/12 SystemMonitor.Service.Worker Worker running at: "2025-08-22T05:00:17.5832737+08:00"&#xD;
2025-08-22 05:00:18.114 +08:00 [INF] DESKTOP-J6M8022 34864/11 SystemMonitor.Service.Services.RpcHostedService 客户端已连接&#xD;
2025-08-22 05:00:18.114 +08:00 [INF] DESKTOP-J6M8022 34864/11 SystemMonitor.Service.Services.RpcHostedService 客户端会话建立: conn="8619790b-69c5-445b-ab8d-8526df618427"&#xD;
2025-08-22 05:00:18.116 +08:00 [INF] DESKTOP-J6M8022 34864/12 SystemMonitor.Service.Services.RpcHostedService 客户端断开：已达到流的结尾。 conn="8619790b-69c5-445b-ab8d-8526df618427"&#xD;
2025-08-22 05:00:18.595 +08:00 [INF] DESKTOP-J6M8022 34864/11 SystemMonitor.Service.Worker Worker running at: "2025-08-22T05:00:18.5953464+08:00"&#xD;
2025-08-22 05:00:19.605 +08:00 [INF] DESKTOP-J6M8022 34864/11 SystemMonitor.Service.Worker Worker running at: "2025-08-22T05:00:19.6052530+08:00"&#xD;
2025-08-22 05:00:20.613 +08:00 [INF] DESKTOP-J6M8022 34864/13 SystemMonitor.Service.Worker Worker running at: "2025-08-22T05:00:20.6131263+08:00"&#xD;
2025-08-22 05:00:21.613 +08:00 [INF] DESKTOP-J6M8022 34864/11 SystemMonitor.Service.Worker Worker running at: "2025-08-22T05:00:21.6130098+08:00"&#xD;
2025-08-22 05:00:22.624 +08:00 [INF] DESKTOP-J6M8022 34864/13 SystemMonitor.Service.Worker Worker running at: "2025-08-22T05:00:22.6244940+08:00"&#xD;
2025-08-22 05:00:23.105 +08:00 [INF] DESKTOP-J6M8022 34864/13 SystemMonitor.Service.Services.RpcHostedService 客户端已连接&#xD;
2025-08-22 05:00:23.105 +08:00 [INF] DESKTOP-J6M8022 34864/13 SystemMonitor.Service.Services.RpcHostedService 客户端会话建立: conn="849f5c90-811a-4eb3-97ea-73e1b9d03257"&#xD;
2025-08-22 05:00:23.108 +08:00 [INF] DESKTOP-J6M8022 34864/8 SystemMonitor.Service.Services.RpcHostedService 客户端断开：已达到流的结尾。 conn="849f5c90-811a-4eb3-97ea-73e1b9d03257"&#xD;
2025-08-22 05:00:23.627 +08:00 [INF] DESKTOP-J6M8022 34864/13 SystemMonitor.Service.Worker Worker running at: "2025-08-22T05:00:23.6275367+08:00"&#xD;
2025-08-22 05:00:24.631 +08:00 [INF] DESKTOP-J6M8022 34864/8 SystemMonitor.Service.Worker Worker running at: "2025-08-22T05:00:24.6319373+08:00"&#xD;
2025-08-22 05:00:25.643 +08:00 [INF] DESKTOP-J6M8022 34864/13 SystemMonitor.Service.Worker Worker running at: "2025-08-22T05:00:25.6437810+08:00"&#xD;
2025-08-22 05:00:26.649 +08:00 [INF] DESKTOP-J6M8022 34864/10 SystemMonitor.Service.Worker Worker running at: "2025-08-22T05:00:26.6498268+08:00"&#xD;
2025-08-22 05:00:27.653 +08:00 [INF] DESKTOP-J6M8022 34864/13 SystemMonitor.Service.Worker Worker running at: "2025-08-22T05:00:27.6536723+08:00"&#xD;
2025-08-22 05:00:28.104 +08:00 [INF] DESKTOP-J6M8022 34864/13 SystemMonitor.Service.Services.RpcHostedService 客户端已连接&#xD;
2025-08-22 05:00:28.104 +08:00 [INF] DESKTOP-J6M8022 34864/13 SystemMonitor.Service.Services.RpcHostedService 客户端会话建立: conn="58087a9a-4fe9-4ab7-893a-962c7c34de4d"&#xD;
2025-08-22 05:00:28.108 +08:00 [INF] DESKTOP-J6M8022 34864/10 SystemMonitor.Service.Services.RpcHostedService 客户端断开：已达到流的结尾。 conn="58087a9a-4fe9-4ab7-893a-962c7c34de4d"&#xD;
2025-08-22 05:00:28.658 +08:00 [INF] DESKTOP-J6M8022 34864/10 SystemMonitor.Service.Worker Worker running at: "2025-08-22T05:00:28.6580477+08:00"&#xD;
2025-08-22 05:00:29.667 +08:00 [INF] DESKTOP-J6M8022 34864/10 SystemMonitor.Service.Worker Worker running at: "2025-08-22T05:00:29.6670246+08:00"&#xD;
2025-08-22 05:00:30.671 +08:00 [INF] DESKTOP-J6M8022 34864/11 SystemMonitor.Service.Worker Worker running at: "2025-08-22T05:00:30.6718324+08:00"&#xD;
2025-08-22 05:00:31.677 +08:00 [INF] DESKTOP-J6M8022 34864/11 SystemMonitor.Service.Worker Worker running at: "2025-08-22T05:00:31.6773257+08:00"&#xD;
2025-08-22 05:00:32.687 +08:00 [INF] DESKTOP-J6M8022 34864/8 SystemMonitor.Service.Worker Worker running at: "2025-08-22T05:00:32.6879602+08:00"&#xD;
2025-08-22 05:00:33.104 +08:00 [INF] DESKTOP-J6M8022 34864/11 SystemMonitor.Service.Services.RpcHostedService 客户端已连接&#xD;
2025-08-22 05:00:33.104 +08:00 [INF] DESKTOP-J6M8022 34864/11 SystemMonitor.Service.Services.RpcHostedService 客户端会话建立: conn="f2efc72f-7360-4d95-8499-7acad765c432"&#xD;
2025-08-22 05:00:33.107 +08:00 [INF] DESKTOP-J6M8022 34864/11 SystemMonitor.Service.Services.RpcHostedService 客户端断开：已达到流的结尾。 conn="f2efc72f-7360-4d95-8499-7acad765c432"&#xD;
2025-08-22 05:00:33.703 +08:00 [INF] DESKTOP-J6M8022 34864/8 SystemMonitor.Service.Worker Worker running at: "2025-08-22T05:00:33.7031716+08:00"&#xD;
2025-08-22 05:00:34.705 +08:00 [INF] DESKTOP-J6M8022 34864/13 SystemMonitor.Service.Worker Worker running at: "2025-08-22T05:00:34.7053006+08:00"&#xD;
2025-08-22 05:00:35.716 +08:00 [INF] DESKTOP-J6M8022 34864/11 SystemMonitor.Service.Worker Worker running at: "2025-08-22T05:00:35.7161477+08:00"&#xD;
2025-08-22 05:00:36.721 +08:00 [INF] DESKTOP-J6M8022 34864/12 SystemMonitor.Service.Worker Worker running at: "2025-08-22T05:00:36.7213935+08:00"&#xD;
2025-08-22 05:00:37.725 +08:00 [INF] DESKTOP-J6M8022 34864/12 SystemMonitor.Service.Worker Worker running at: "2025-08-22T05:00:37.7251514+08:00"&#xD;
2025-08-22 05:00:38.118 +08:00 [INF] DESKTOP-J6M8022 34864/13 SystemMonitor.Service.Services.RpcHostedService 客户端已连接&#xD;
2025-08-22 05:00:38.118 +08:00 [INF] DESKTOP-J6M8022 34864/13 SystemMonitor.Service.Services.RpcHostedService 客户端会话建立: conn="b439ecab-ffb2-4843-8f54-1844ad704c06"&#xD;
2025-08-22 05:00:38.121 +08:00 [INF] DESKTOP-J6M8022 34864/13 SystemMonitor.Service.Services.RpcHostedService 客户端断开：已达到流的结尾。 conn="b439ecab-ffb2-4843-8f54-1844ad704c06"&#xD;
2025-08-22 05:00:38.725 +08:00 [INF] DESKTOP-J6M8022 34864/8 SystemMonitor.Service.Worker Worker running at: "2025-08-22T05:00:38.7259519+08:00"&#xD;
2025-08-22 05:00:39.740 +08:00 [INF] DESKTOP-J6M8022 34864/11 SystemMonitor.Service.Worker Worker running at: "2025-08-22T05:00:39.7403082+08:00"&#xD;
2025-08-22 05:00:40.742 +08:00 [INF] DESKTOP-J6M8022 34864/11 SystemMonitor.Service.Worker Worker running at: "2025-08-22T05:00:40.7425737+08:00"&#xD;
2025-08-22 05:00:41.745 +08:00 [INF] DESKTOP-J6M8022 34864/13 SystemMonitor.Service.Worker Worker running at: "2025-08-22T05:00:41.7451229+08:00"&#xD;
2025-08-22 05:00:42.751 +08:00 [INF] DESKTOP-J6M8022 34864/11 SystemMonitor.Service.Worker Worker running at: "2025-08-22T05:00:42.7515665+08:00"&#xD;
2025-08-22 05:00:43.110 +08:00 [INF] DESKTOP-J6M8022 34864/14 SystemMonitor.Service.Services.RpcHostedService 客户端已连接&#xD;
2025-08-22 05:00:43.110 +08:00 [INF] DESKTOP-J6M8022 34864/14 SystemMonitor.Service.Services.RpcHostedService 客户端会话建立: conn="ec82b613-da05-4264-84fe-3fb03c945d2f"&#xD;
2025-08-22 05:00:43.120 +08:00 [INF] DESKTOP-J6M8022 34864/9 SystemMonitor.Service.Services.RpcHostedService 客户端断开：已达到流的结尾。 conn="ec82b613-da05-4264-84fe-3fb03c945d2f"&#xD;
2025-08-22 05:00:43.389 +08:00 [INF] DESKTOP-J6M8022 34864/13 SystemMonitor.Service.Services.RpcHostedService 客户端已连接&#xD;
2025-08-22 05:00:43.389 +08:00 [INF] DESKTOP-J6M8022 34864/13 SystemMonitor.Service.Services.RpcHostedService 客户端会话建立: conn="2f7dc9d3-2402-4294-ba61-bc663df8cf82"&#xD;
2025-08-22 05:00:43.398 +08:00 [INF] DESKTOP-J6M8022 34864/13 SystemMonitor.Service.Services.RpcHostedService snapshot called, modules=*&#xD;
2025-08-22 05:00:43.407 +08:00 [INF] DESKTOP-J6M8022 34864/13 SystemMonitor.Service.Services.RpcHostedService 客户端断开：已达到流的结尾。 conn="2f7dc9d3-2402-4294-ba61-bc663df8cf82"&#xD;
2025-08-22 05:00:43.756 +08:00 [INF] DESKTOP-J6M8022 34864/13 SystemMonitor.Service.Worker Worker running at: "2025-08-22T05:00:43.7565234+08:00"&#xD;
2025-08-22 05:00:44.757 +08:00 [INF] DESKTOP-J6M8022 34864/11 SystemMonitor.Service.Worker Worker running at: "2025-08-22T05:00:44.7577675+08:00"&#xD;
2025-08-22 05:00:45.762 +08:00 [INF] DESKTOP-J6M8022 34864/11 SystemMonitor.Service.Worker Worker running at: "2025-08-22T05:00:45.7627674+08:00"&#xD;
2025-08-22 05:00:46.772 +08:00 [INF] DESKTOP-J6M8022 34864/11 SystemMonitor.Service.Worker Worker running at: "2025-08-22T05:00:46.7724296+08:00"&#xD;
2025-08-22 05:00:47.772 +08:00 [INF] DESKTOP-J6M8022 34864/11 SystemMonitor.Service.Worker Worker running at: "2025-08-22T05:00:47.7724414+08:00"&#xD;
2025-08-22 05:00:48.113 +08:00 [INF] DESKTOP-J6M8022 34864/11 SystemMonitor.Service.Services.RpcHostedService 客户端已连接&#xD;
2025-08-22 05:00:48.113 +08:00 [INF] DESKTOP-J6M8022 34864/11 SystemMonitor.Service.Services.RpcHostedService 客户端会话建立: conn="0b57ec2b-be63-49bb-9b61-b642d4a6bad8"&#xD;
2025-08-22 05:00:48.118 +08:00 [INF] DESKTOP-J6M8022 34864/11 SystemMonitor.Service.Services.RpcHostedService 客户端断开：已达到流的结尾。 conn="0b57ec2b-be63-49bb-9b61-b642d4a6bad8"&#xD;
2025-08-22 05:00:48.786 +08:00 [INF] DESKTOP-J6M8022 34864/14 SystemMonitor.Service.Worker Worker running at: "2025-08-22T05:00:48.7861767+08:00"&#xD;
2025-08-22 05:00:49.797 +08:00 [INF] DESKTOP-J6M8022 34864/14 SystemMonitor.Service.Worker Worker running at: "2025-08-22T05:00:49.7971060+08:00"&#xD;
2025-08-22 05:00:50.810 +08:00 [INF] DESKTOP-J6M8022 34864/14 SystemMonitor.Service.Worker Worker running at: "2025-08-22T05:00:50.8103703+08:00"&#xD;
2025-08-22 05:00:51.819 +08:00 [INF] DESKTOP-J6M8022 34864/14 SystemMonitor.Service.Worker Worker running at: "2025-08-22T05:00:51.8191149+08:00"&#xD;
2025-08-22 05:00:52.832 +08:00 [INF] DESKTOP-J6M8022 34864/14 SystemMonitor.Service.Worker Worker running at: "2025-08-22T05:00:52.8322629+08:00"&#xD;
2025-08-22 05:00:53.102 +08:00 [INF] DESKTOP-J6M8022 34864/14 SystemMonitor.Service.Services.RpcHostedService 客户端已连接&#xD;
2025-08-22 05:00:53.102 +08:00 [INF] DESKTOP-J6M8022 34864/14 SystemMonitor.Service.Services.RpcHostedService 客户端会话建立: conn="a1d8b427-d708-44e2-9952-15a5a936e6af"&#xD;
2025-08-22 05:00:53.105 +08:00 [INF] DESKTOP-J6M8022 34864/13 SystemMonitor.Service.Services.RpcHostedService 客户端断开：已达到流的结尾。 conn="a1d8b427-d708-44e2-9952-15a5a936e6af"&#xD;
2025-08-22 05:00:53.839 +08:00 [INF] DESKTOP-J6M8022 34864/9 SystemMonitor.Service.Worker Worker running at: "2025-08-22T05:00:53.8390210+08:00"&#xD;
2025-08-22 05:00:54.844 +08:00 [INF] DESKTOP-J6M8022 34864/9 SystemMonitor.Service.Worker Worker running at: "2025-08-22T05:00:54.8440332+08:00"&#xD;
2025-08-22 05:00:55.849 +08:00 [INF] DESKTOP-J6M8022 34864/14 SystemMonitor.Service.Worker Worker running at: "2025-08-22T05:00:55.8498931+08:00"&#xD;
2025-08-22 05:00:56.855 +08:00 [INF] DESKTOP-J6M8022 34864/12 SystemMonitor.Service.Worker Worker running at: "2025-08-22T05:00:56.8554623+08:00"&#xD;
2025-08-22 05:00:57.861 +08:00 [INF] DESKTOP-J6M8022 34864/12 SystemMonitor.Service.Worker Worker running at: "2025-08-22T05:00:57.8610329+08:00"&#xD;
2025-08-22 05:00:58.111 +08:00 [INF] DESKTOP-J6M8022 34864/8 SystemMonitor.Service.Services.RpcHostedService 客户端已连接&#xD;
2025-08-22 05:00:58.111 +08:00 [INF] DESKTOP-J6M8022 34864/8 SystemMonitor.Service.Services.RpcHostedService 客户端会话建立: conn="667ed3f1-bd30-41e0-92ff-80608571c1ce"&#xD;
2025-08-22 05:00:58.116 +08:00 [INF] DESKTOP-J6M8022 34864/12 SystemMonitor.Service.Services.RpcHostedService 客户端断开：已达到流的结尾。 conn="667ed3f1-bd30-41e0-92ff-80608571c1ce"&#xD;
2025-08-22 05:00:58.863 +08:00 [INF] DESKTOP-J6M8022 34864/8 SystemMonitor.Service.Worker Worker running at: "2025-08-22T05:00:58.8635685+08:00"&#xD;
2025-08-22 05:00:59.864 +08:00 [INF] DESKTOP-J6M8022 34864/13 SystemMonitor.Service.Worker Worker running at: "2025-08-22T05:00:59.8639948+08:00"&#xD;
2025-08-22 05:01:00.871 +08:00 [INF] DESKTOP-J6M8022 34864/8 SystemMonitor.Service.Worker Worker running at: "2025-08-22T05:01:00.8711317+08:00"&#xD;
2025-08-22 05:01:01.872 +08:00 [INF] DESKTOP-J6M8022 34864/8 SystemMonitor.Service.Worker Worker running at: "2025-08-22T05:01:01.8723849+08:00"&#xD;
2025-08-22 05:01:02.874 +08:00 [INF] DESKTOP-J6M8022 34864/13 SystemMonitor.Service.Worker Worker running at: "2025-08-22T05:01:02.8742125+08:00"&#xD;
2025-08-22 05:01:03.109 +08:00 [INF] DESKTOP-J6M8022 34864/13 SystemMonitor.Service.Services.RpcHostedService 客户端已连接&#xD;
2025-08-22 05:01:03.109 +08:00 [INF] DESKTOP-J6M8022 34864/13 SystemMonitor.Service.Services.RpcHostedService 客户端会话建立: conn="6f7008b5-fb8e-492a-bb7e-9769bc95aca3"&#xD;
2025-08-22 05:01:03.113 +08:00 [INF] DESKTOP-J6M8022 34864/13 SystemMonitor.Service.Services.RpcHostedService 客户端断开：已达到流的结尾。 conn="6f7008b5-fb8e-492a-bb7e-9769bc95aca3"&#xD;
2025-08-22 05:01:03.878 +08:00 [INF] DESKTOP-J6M8022 34864/9 SystemMonitor.Service.Worker Worker running at: "2025-08-22T05:01:03.8780156+08:00"&#xD;
2025-08-22 05:01:04.882 +08:00 [INF] DESKTOP-J6M8022 34864/9 SystemMonitor.Service.Worker Worker running at: "2025-08-22T05:01:04.8824276+08:00"&#xD;
2025-08-22 05:01:05.888 +08:00 [INF] DESKTOP-J6M8022 34864/9 SystemMonitor.Service.Worker Worker running at: "2025-08-22T05:01:05.8884444+08:00"&#xD;
2025-08-22 05:01:06.898 +08:00 [INF] DESKTOP-J6M8022 34864/13 SystemMonitor.Service.Worker Worker running at: "2025-08-22T05:01:06.8980438+08:00"&#xD;
2025-08-22 05:01:07.902 +08:00 [INF] DESKTOP-J6M8022 34864/12 SystemMonitor.Service.Worker Worker running at: "2025-08-22T05:01:07.9022915+08:00"&#xD;
2025-08-22 05:01:08.106 +08:00 [INF] DESKTOP-J6M8022 34864/12 SystemMonitor.Service.Services.RpcHostedService 客户端已连接&#xD;
2025-08-22 05:01:08.106 +08:00 [INF] DESKTOP-J6M8022 34864/12 SystemMonitor.Service.Services.RpcHostedService 客户端会话建立: conn="57e57623-52be-4bde-b1c7-694c9251d418"&#xD;
2025-08-22 05:01:08.111 +08:00 [INF] DESKTOP-J6M8022 34864/14 SystemMonitor.Service.Services.RpcHostedService 客户端断开：已达到流的结尾。 conn="57e57623-52be-4bde-b1c7-694c9251d418"&#xD;
2025-08-22 05:01:08.904 +08:00 [INF] DESKTOP-J6M8022 34864/13 SystemMonitor.Service.Worker Worker running at: "2025-08-22T05:01:08.9045942+08:00"&#xD;
2025-08-22 05:01:09.905 +08:00 [INF] DESKTOP-J6M8022 34864/12 SystemMonitor.Service.Worker Worker running at: "2025-08-22T05:01:09.9059497+08:00"&#xD;
2025-08-22 05:01:10.910 +08:00 [INF] DESKTOP-J6M8022 34864/8 SystemMonitor.Service.Worker Worker running at: "2025-08-22T05:01:10.9104565+08:00"&#xD;
2025-08-22 05:01:11.913 +08:00 [INF] DESKTOP-J6M8022 34864/12 SystemMonitor.Service.Worker Worker running at: "2025-08-22T05:01:11.9132884+08:00"&#xD;
2025-08-22 05:01:12.917 +08:00 [INF] DESKTOP-J6M8022 34864/8 SystemMonitor.Service.Worker Worker running at: "2025-08-22T05:01:12.9173706+08:00"&#xD;
2025-08-22 05:01:13.103 +08:00 [INF] DESKTOP-J6M8022 34864/8 SystemMonitor.Service.Services.RpcHostedService 客户端已连接&#xD;
2025-08-22 05:01:13.103 +08:00 [INF] DESKTOP-J6M8022 34864/8 SystemMonitor.Service.Services.RpcHostedService 客户端会话建立: conn="8c8ff938-4ec2-4b63-94b8-07d74318db55"&#xD;
2025-08-22 05:01:13.107 +08:00 [INF] DESKTOP-J6M8022 34864/12 SystemMonitor.Service.Services.RpcHostedService 客户端断开：已达到流的结尾。 conn="8c8ff938-4ec2-4b63-94b8-07d74318db55"&#xD;
2025-08-22 05:01:13.395 +08:00 [INF] DESKTOP-J6M8022 34864/8 SystemMonitor.Service.Services.RpcHostedService 客户端已连接&#xD;
2025-08-22 05:01:13.395 +08:00 [INF] DESKTOP-J6M8022 34864/8 SystemMonitor.Service.Services.RpcHostedService 客户端会话建立: conn="0d0e45ce-49cf-483b-8035-5df65c66b336"&#xD;
2025-08-22 05:01:13.409 +08:00 [INF] DESKTOP-J6M8022 34864/8 SystemMonitor.Service.Services.RpcHostedService snapshot called, modules=*&#xD;
2025-08-22 05:01:13.415 +08:00 [INF] DESKTOP-J6M8022 34864/12 SystemMonitor.Service.Services.RpcHostedService 客户端断开：已达到流的结尾。 conn="0d0e45ce-49cf-483b-8035-5df65c66b336"&#xD;
2025-08-22 05:01:13.923 +08:00 [INF] DESKTOP-J6M8022 34864/14 SystemMonitor.Service.Worker Worker running at: "2025-08-22T05:01:13.9232807+08:00"&#xD;
2025-08-22 05:01:14.929 +08:00 [INF] DESKTOP-J6M8022 34864/12 SystemMonitor.Service.Worker Worker running at: "2025-08-22T05:01:14.9292827+08:00"&#xD;
2025-08-22 05:01:15.932 +08:00 [INF] DESKTOP-J6M8022 34864/8 SystemMonitor.Service.Worker Worker running at: "2025-08-22T05:01:15.9326500+08:00"&#xD;
2025-08-22 05:01:16.939 +08:00 [INF] DESKTOP-J6M8022 34864/14 SystemMonitor.Service.Worker Worker running at: "2025-08-22T05:01:16.9393680+08:00"&#xD;
2025-08-22 05:01:17.943 +08:00 [INF] DESKTOP-J6M8022 34864/8 SystemMonitor.Service.Worker Worker running at: "2025-08-22T05:01:17.9432416+08:00"&#xD;
2025-08-22 05:01:18.116 +08:00 [INF] DESKTOP-J6M8022 34864/8 SystemMonitor.Service.Services.RpcHostedService 客户端已连接&#xD;
2025-08-22 05:01:18.116 +08:00 [INF] DESKTOP-J6M8022 34864/8 SystemMonitor.Service.Services.RpcHostedService 客户端会话建立: conn="4caa660b-18e4-4979-bebe-31bdd3b07642"&#xD;
2025-08-22 05:01:18.119 +08:00 [INF] DESKTOP-J6M8022 34864/12 SystemMonitor.Service.Services.RpcHostedService 客户端断开：已达到流的结尾。 conn="4caa660b-18e4-4979-bebe-31bdd3b07642"&#xD;
2025-08-22 05:01:18.947 +08:00 [INF] DESKTOP-J6M8022 34864/8 SystemMonitor.Service.Worker Worker running at: "2025-08-22T05:01:18.9470563+08:00"&#xD;
2025-08-22 05:01:19.950 +08:00 [INF] DESKTOP-J6M8022 34864/8 SystemMonitor.Service.Worker Worker running at: "2025-08-22T05:01:19.9501774+08:00"&#xD;
2025-08-22 05:01:20.958 +08:00 [INF] DESKTOP-J6M8022 34864/8 SystemMonitor.Service.Worker Worker running at: "2025-08-22T05:01:20.9579718+08:00"&#xD;
2025-08-22 05:01:21.959 +08:00 [INF] DESKTOP-J6M8022 34864/14 SystemMonitor.Service.Worker Worker running at: "2025-08-22T05:01:21.9594726+08:00"&#xD;
2025-08-22 05:01:22.963 +08:00 [INF] DESKTOP-J6M8022 34864/8 SystemMonitor.Service.Worker Worker running at: "2025-08-22T05:01:22.9634519+08:00"&#xD;
2025-08-22 05:01:23.105 +08:00 [INF] DESKTOP-J6M8022 34864/8 SystemMonitor.Service.Services.RpcHostedService 客户端已连接&#xD;
2025-08-22 05:01:23.105 +08:00 [INF] DESKTOP-J6M8022 34864/8 SystemMonitor.Service.Services.RpcHostedService 客户端会话建立: conn="8639769c-80fa-407f-b9a9-4050afd76198"&#xD;
2025-08-22 05:01:23.107 +08:00 [INF] DESKTOP-J6M8022 34864/14 SystemMonitor.Service.Services.RpcHostedService 客户端断开：已达到流的结尾。 conn="8639769c-80fa-407f-b9a9-4050afd76198"&#xD;
2025-08-22 05:01:23.971 +08:00 [INF] DESKTOP-J6M8022 34864/11 SystemMonitor.Service.Worker Worker running at: "2025-08-22T05:01:23.9715344+08:00"&#xD;
2025-08-22 05:01:24.982 +08:00 [INF] DESKTOP-J6M8022 34864/11 SystemMonitor.Service.Worker Worker running at: "2025-08-22T05:01:24.9819615+08:00"&#xD;
2025-08-22 05:01:25.994 +08:00 [INF] DESKTOP-J6M8022 34864/11 SystemMonitor.Service.Worker Worker running at: "2025-08-22T05:01:25.9941989+08:00"&#xD;
2025-08-22 05:01:26.999 +08:00 [INF] DESKTOP-J6M8022 34864/8 SystemMonitor.Service.Worker Worker running at: "2025-08-22T05:01:26.9999359+08:00"&#xD;
2025-08-22 05:01:28.013 +08:00 [INF] DESKTOP-J6M8022 34864/11 SystemMonitor.Service.Worker Worker running at: "2025-08-22T05:01:28.0133025+08:00"&#xD;
2025-08-22 05:01:28.109 +08:00 [INF] DESKTOP-J6M8022 34864/11 SystemMonitor.Service.Services.RpcHostedService 客户端已连接&#xD;
2025-08-22 05:01:28.109 +08:00 [INF] DESKTOP-J6M8022 34864/11 SystemMonitor.Service.Services.RpcHostedService 客户端会话建立: conn="fda2e581-c0a4-4aa4-a5e0-11787ca179bd"&#xD;
2025-08-22 05:01:28.112 +08:00 [INF] DESKTOP-J6M8022 34864/11 SystemMonitor.Service.Services.RpcHostedService 客户端断开：已达到流的结尾。 conn="fda2e581-c0a4-4aa4-a5e0-11787ca179bd"&#xD;
2025-08-22 05:01:29.018 +08:00 [INF] DESKTOP-J6M8022 34864/11 SystemMonitor.Service.Worker Worker running at: "2025-08-22T05:01:29.0183364+08:00"&#xD;
2025-08-22 05:01:30.019 +08:00 [INF] DESKTOP-J6M8022 34864/8 SystemMonitor.Service.Worker Worker running at: "2025-08-22T05:01:30.0195935+08:00"&#xD;
2025-08-22 05:01:31.026 +08:00 [INF] DESKTOP-J6M8022 34864/8 SystemMonitor.Service.Worker Worker running at: "2025-08-22T05:01:31.0262398+08:00"&#xD;
2025-08-22 05:01:32.031 +08:00 [INF] DESKTOP-J6M8022 34864/12 SystemMonitor.Service.Worker Worker running at: "2025-08-22T05:01:32.0310132+08:00"&#xD;
2025-08-22 05:01:33.035 +08:00 [INF] DESKTOP-J6M8022 34864/12 SystemMonitor.Service.Worker Worker running at: "2025-08-22T05:01:33.0357910+08:00"&#xD;
2025-08-22 05:01:33.116 +08:00 [INF] DESKTOP-J6M8022 34864/12 SystemMonitor.Service.Services.RpcHostedService 客户端已连接&#xD;
2025-08-22 05:01:33.116 +08:00 [INF] DESKTOP-J6M8022 34864/12 SystemMonitor.Service.Services.RpcHostedService 客户端会话建立: conn="34e1094f-2d5d-4eb2-b05a-37c0e40cc011"&#xD;
2025-08-22 05:01:33.119 +08:00 [INF] DESKTOP-J6M8022 34864/8 SystemMonitor.Service.Services.RpcHostedService 客户端断开：已达到流的结尾。 conn="34e1094f-2d5d-4eb2-b05a-37c0e40cc011"&#xD;
2025-08-22 05:01:34.041 +08:00 [INF] DESKTOP-J6M8022 34864/8 SystemMonitor.Service.Worker Worker running at: "2025-08-22T05:01:34.0416262+08:00"&#xD;
2025-08-22 05:01:35.045 +08:00 [INF] DESKTOP-J6M8022 34864/8 SystemMonitor.Service.Worker Worker running at: "2025-08-22T05:01:35.0457088+08:00"&#xD;
2025-08-22 05:01:36.047 +08:00 [INF] DESKTOP-J6M8022 34864/12 SystemMonitor.Service.Worker Worker running at: "2025-08-22T05:01:36.0479378+08:00"&#xD;
2025-08-22 05:01:37.050 +08:00 [INF] DESKTOP-J6M8022 34864/12 SystemMonitor.Service.Worker Worker running at: "2025-08-22T05:01:37.0504892+08:00"&#xD;
2025-08-22 05:01:38.061 +08:00 [INF] DESKTOP-J6M8022 34864/14 SystemMonitor.Service.Worker Worker running at: "2025-08-22T05:01:38.0614429+08:00"&#xD;
2025-08-22 05:01:38.110 +08:00 [INF] DESKTOP-J6M8022 34864/12 SystemMonitor.Service.Services.RpcHostedService 客户端已连接&#xD;
2025-08-22 05:01:38.110 +08:00 [INF] DESKTOP-J6M8022 34864/12 SystemMonitor.Service.Services.RpcHostedService 客户端会话建立: conn="06117a62-6040-4241-9927-358af4226d43"&#xD;
2025-08-22 05:01:38.113 +08:00 [INF] DESKTOP-J6M8022 34864/14 SystemMonitor.Service.Services.RpcHostedService 客户端断开：已达到流的结尾。 conn="06117a62-6040-4241-9927-358af4226d43"&#xD;
2025-08-22 05:01:39.064 +08:00 [INF] DESKTOP-J6M8022 34864/14 SystemMonitor.Service.Worker Worker running at: "2025-08-22T05:01:39.0644324+08:00"&#xD;
2025-08-22 05:01:40.069 +08:00 [INF] DESKTOP-J6M8022 34864/8 SystemMonitor.Service.Worker Worker running at: "2025-08-22T05:01:40.0698228+08:00"&#xD;
2025-08-22 05:01:41.072 +08:00 [INF] DESKTOP-J6M8022 34864/8 SystemMonitor.Service.Worker Worker running at: "2025-08-22T05:01:41.0721700+08:00"&#xD;
2025-08-22 05:01:42.086 +08:00 [INF] DESKTOP-J6M8022 34864/11 SystemMonitor.Service.Worker Worker running at: "2025-08-22T05:01:42.0860513+08:00"&#xD;
2025-08-22 05:01:43.101 +08:00 [INF] DESKTOP-J6M8022 34864/8 SystemMonitor.Service.Worker Worker running at: "2025-08-22T05:01:43.1011436+08:00"&#xD;
2025-08-22 05:01:43.105 +08:00 [INF] DESKTOP-J6M8022 34864/9 SystemMonitor.Service.Services.RpcHostedService 客户端已连接&#xD;
2025-08-22 05:01:43.105 +08:00 [INF] DESKTOP-J6M8022 34864/9 SystemMonitor.Service.Services.RpcHostedService 客户端会话建立: conn="860b5ccb-a321-4101-b6d7-ba8cfd17c2fa"&#xD;
2025-08-22 05:01:43.109 +08:00 [INF] DESKTOP-J6M8022 34864/8 SystemMonitor.Service.Services.RpcHostedService 客户端断开：已达到流的结尾。 conn="860b5ccb-a321-4101-b6d7-ba8cfd17c2fa"&#xD;
2025-08-22 05:01:43.386 +08:00 [INF] DESKTOP-J6M8022 34864/11 SystemMonitor.Service.Services.RpcHostedService 客户端已连接&#xD;
2025-08-22 05:01:43.386 +08:00 [INF] DESKTOP-J6M8022 34864/11 SystemMonitor.Service.Services.RpcHostedService 客户端会话建立: conn="7103465a-6b36-49d0-b971-0765ff27b367"&#xD;
2025-08-22 05:01:43.387 +08:00 [INF] DESKTOP-J6M8022 34864/11 SystemMonitor.Service.Services.RpcHostedService snapshot called, modules=*&#xD;
2025-08-22 05:01:43.394 +08:00 [INF] DESKTOP-J6M8022 34864/14 SystemMonitor.Service.Services.RpcHostedService 客户端断开：已达到流的结尾。 conn="7103465a-6b36-49d0-b971-0765ff27b367"&#xD;
2025-08-22 05:01:44.107 +08:00 [INF] DESKTOP-J6M8022 34864/11 SystemMonitor.Service.Worker Worker running at: "2025-08-22T05:01:44.1078485+08:00"&#xD;
2025-08-22 05:01:45.116 +08:00 [INF] DESKTOP-J6M8022 34864/8 SystemMonitor.Service.Worker Worker running at: "2025-08-22T05:01:45.1165225+08:00"&#xD;
2025-08-22 05:01:46.125 +08:00 [INF] DESKTOP-J6M8022 34864/8 SystemMonitor.Service.Worker Worker running at: "2025-08-22T05:01:46.1259467+08:00"&#xD;
2025-08-22 05:01:47.131 +08:00 [INF] DESKTOP-J6M8022 34864/8 SystemMonitor.Service.Worker Worker running at: "2025-08-22T05:01:47.1319177+08:00"&#xD;
2025-08-22 05:01:48.110 +08:00 [INF] DESKTOP-J6M8022 34864/9 SystemMonitor.Service.Services.RpcHostedService 客户端已连接&#xD;
2025-08-22 05:01:48.111 +08:00 [INF] DESKTOP-J6M8022 34864/9 SystemMonitor.Service.Services.RpcHostedService 客户端会话建立: conn="dc929a0f-2511-48c2-b921-bb00e3b2d95e"&#xD;
2025-08-22 05:01:48.113 +08:00 [INF] DESKTOP-J6M8022 34864/9 SystemMonitor.Service.Services.RpcHostedService 客户端断开：已达到流的结尾。 conn="dc929a0f-2511-48c2-b921-bb00e3b2d95e"&#xD;
2025-08-22 05:01:48.139 +08:00 [INF] DESKTOP-J6M8022 34864/9 SystemMonitor.Service.Worker Worker running at: "2025-08-22T05:01:48.1397480+08:00"&#xD;
2025-08-22 05:01:49.149 +08:00 [INF] DESKTOP-J6M8022 34864/9 SystemMonitor.Service.Worker Worker running at: "2025-08-22T05:01:49.1490602+08:00"&#xD;
2025-08-22 05:01:50.156 +08:00 [INF] DESKTOP-J6M8022 34864/9 SystemMonitor.Service.Worker Worker running at: "2025-08-22T05:01:50.1565687+08:00"&#xD;
2025-08-22 05:01:51.163 +08:00 [INF] DESKTOP-J6M8022 34864/8 SystemMonitor.Service.Worker Worker running at: "2025-08-22T05:01:51.1638742+08:00"&#xD;
2025-08-22 05:01:52.175 +08:00 [INF] DESKTOP-J6M8022 34864/8 SystemMonitor.Service.Worker Worker running at: "2025-08-22T05:01:52.1751866+08:00"&#xD;
2025-08-22 05:01:53.106 +08:00 [INF] DESKTOP-J6M8022 34864/8 SystemMonitor.Service.Services.RpcHostedService 客户端已连接&#xD;
2025-08-22 05:01:53.106 +08:00 [INF] DESKTOP-J6M8022 34864/8 SystemMonitor.Service.Services.RpcHostedService 客户端会话建立: conn="cf08e297-f8bc-42e5-a912-8cdf3760d104"&#xD;
2025-08-22 05:01:53.109 +08:00 [INF] DESKTOP-J6M8022 34864/14 SystemMonitor.Service.Services.RpcHostedService 客户端断开：已达到流的结尾。 conn="cf08e297-f8bc-42e5-a912-8cdf3760d104"&#xD;
2025-08-22 05:01:53.183 +08:00 [INF] DESKTOP-J6M8022 34864/12 SystemMonitor.Service.Worker Worker running at: "2025-08-22T05:01:53.1832976+08:00"&#xD;
2025-08-22 05:01:54.188 +08:00 [INF] DESKTOP-J6M8022 34864/12 SystemMonitor.Service.Worker Worker running at: "2025-08-22T05:01:54.1886519+08:00"&#xD;
2025-08-22 05:01:55.189 +08:00 [INF] DESKTOP-J6M8022 34864/12 SystemMonitor.Service.Worker Worker running at: "2025-08-22T05:01:55.1890118+08:00"&#xD;
2025-08-22 05:01:56.201 +08:00 [INF] DESKTOP-J6M8022 34864/14 SystemMonitor.Service.Worker Worker running at: "2025-08-22T05:01:56.2011712+08:00"&#xD;
2025-08-22 05:01:57.203 +08:00 [INF] DESKTOP-J6M8022 34864/12 SystemMonitor.Service.Worker Worker running at: "2025-08-22T05:01:57.2030740+08:00"&#xD;
2025-08-22 05:01:58.150 +08:00 [INF] DESKTOP-J6M8022 34864/11 SystemMonitor.Service.Services.RpcHostedService 客户端已连接&#xD;
2025-08-22 05:01:58.150 +08:00 [INF] DESKTOP-J6M8022 34864/11 SystemMonitor.Service.Services.RpcHostedService 客户端会话建立: conn="12ea3cb9-6e37-4a78-8a02-17ba9963b724"&#xD;
2025-08-22 05:01:58.164 +08:00 [INF] DESKTOP-J6M8022 34864/14 SystemMonitor.Service.Services.RpcHostedService 客户端断开：已达到流的结尾。 conn="12ea3cb9-6e37-4a78-8a02-17ba9963b724"&#xD;
2025-08-22 05:01:58.220 +08:00 [INF] DESKTOP-J6M8022 34864/14 SystemMonitor.Service.Worker Worker running at: "2025-08-22T05:01:58.2204087+08:00"&#xD;
2025-08-22 05:01:59.232 +08:00 [INF] DESKTOP-J6M8022 34864/11 SystemMonitor.Service.Worker Worker running at: "2025-08-22T05:01:59.2321592+08:00"&#xD;
2025-08-22 05:02:00.236 +08:00 [INF] DESKTOP-J6M8022 34864/14 SystemMonitor.Service.Worker Worker running at: "2025-08-22T05:02:00.2367533+08:00"&#xD;
2025-08-22 05:02:01.245 +08:00 [INF] DESKTOP-J6M8022 34864/11 SystemMonitor.Service.Worker Worker running at: "2025-08-22T05:02:01.2451701+08:00"&#xD;
2025-08-22 05:02:02.255 +08:00 [INF] DESKTOP-J6M8022 34864/11 SystemMonitor.Service.Worker Worker running at: "2025-08-22T05:02:02.2559126+08:00"</Message>
          <StackTrace>   at SystemMonitor.Tests.EndToEndTests.WaitPipeReadyAsync(TimeSpan timeout) in C:\code\sys-sensor-v3\src\SystemMonitor.Tests\EndToEndTests.cs:line 151&#xD;
   at SystemMonitor.Tests.EndToEndTests.InitializeAsync() in C:\code\sys-sensor-v3\src\SystemMonitor.Tests\EndToEndTests.cs:line 278</StackTrace>
        </ErrorInfo>
      </Output>
    </UnitTestResult>
    <UnitTestResult executionId="867c0595-c6da-4d3a-8555-ab8bc6f7c8c9" testId="116d7234-8081-621c-9c63-75bb4125b1af" testName="SystemMonitor.Tests.ContractTests.SetConfig_Request_Serializes_To_SnakeCase" computerName="DESKTOP-J6M8022" duration="00:00:00.0003228" startTime="2025-08-22T05:03:59.6862416+08:00" endTime="2025-08-22T05:03:59.6862418+08:00" testType="13cdc9d9-ddb5-4fa4-a97d-d965ccfc6d4b" outcome="Passed" testListId="8c84fa94-04c1-424b-9868-57a2d4851a1d" relativeResultsDirectory="867c0595-c6da-4d3a-8555-ab8bc6f7c8c9" />
    <UnitTestResult executionId="6f970ec7-a812-484b-a0cb-56cf5b7725dd" testId="8efef518-8988-e3e1-bb3e-361f08b825e5" testName="SystemMonitor.Tests.SchemaTests.Snapshot_Schema_Valid_WithModules" computerName="DESKTOP-J6M8022" duration="00:00:00.0054591" startTime="2025-08-22T05:03:59.9302338+08:00" endTime="2025-08-22T05:03:59.9302342+08:00" testType="13cdc9d9-ddb5-4fa4-a97d-d965ccfc6d4b" outcome="Passed" testListId="8c84fa94-04c1-424b-9868-57a2d4851a1d" relativeResultsDirectory="6f970ec7-a812-484b-a0cb-56cf5b7725dd" />
    <UnitTestResult executionId="71263763-6b0a-4bc6-b90c-d4f381fc7898" testId="dc6251cd-01f9-1cce-a502-df54ce71eba2" testName="SystemMonitor.Tests.ContractTests.SetConfig_Request_Should_Not_Contain_PascalCase_Keys" computerName="DESKTOP-J6M8022" duration="00:00:00.0155288" startTime="2025-08-22T05:03:59.6808202+08:00" endTime="2025-08-22T05:03:59.6808204+08:00" testType="13cdc9d9-ddb5-4fa4-a97d-d965ccfc6d4b" outcome="Passed" testListId="8c84fa94-04c1-424b-9868-57a2d4851a1d" relativeResultsDirectory="71263763-6b0a-4bc6-b90c-d4f381fc7898" />
    <UnitTestResult executionId="d562492d-af56-4998-8880-c37e9297a81b" testId="1bc68377-98f3-3224-550a-3a1f98831502" testName="SystemMonitor.Tests.EndToEndTests.Hello_WithoutToken_Fails" computerName="DESKTOP-J6M8022" duration="00:00:00.0010000" startTime="2025-08-22T05:04:02.1830957+08:00" endTime="2025-08-22T05:04:02.1830960+08:00" testType="13cdc9d9-ddb5-4fa4-a97d-d965ccfc6d4b" outcome="Failed" testListId="8c84fa94-04c1-424b-9868-57a2d4851a1d" relativeResultsDirectory="d562492d-af56-4998-8880-c37e9297a81b">
      <Output>
        <ErrorInfo>
          <Message>System.InvalidOperationException : Service exited while waiting for pipe. Code=1. Tail:
[svc][out] 姝ｅ湪鐢熸垚...&#xD;
[svc][out] C:\code\sys-sensor-v3\src\SystemMonitor.Service\Services\RpcHostedService.cs(201,31): error CS0103: 褰撳墠涓婁笅鏂囦腑涓嶅瓨鍦ㄥ悕绉扳€淭ryCreateCounter鈥?[C:\code\sys-sensor-v3\src\SystemMonitor.Service\SystemMonitor.Service.csproj]&#xD;
[svc][out] C:\code\sys-sensor-v3\src\SystemMonitor.Service\Services\RpcHostedService.cs(203,35): error CS0103: 褰撳墠涓婁笅鏂囦腑涓嶅瓨鍦ㄥ悕绉扳€淭ryCreateCounter鈥?[C:\code\sys-sensor-v3\src\SystemMonitor.Service\SystemMonitor.Service.csproj]&#xD;
[svc][out] C:\code\sys-sensor-v3\src\SystemMonitor.Service\Program.cs(76,13): warning CA1416: 鍙湪鎵€鏈夊钩鍙颁笂璁块棶姝よ皟鐢ㄧ珯鐐广€?RpcHostedService" 浠呭湪 'windows' 涓婂彈鏀寔銆?(https://learn.microsoft.com/dotnet/fundamentals/code-analysis/quality-rules/ca1416) [C:\code\sys-sensor-v3\src\SystemMonitor.Service\SystemMonitor.Service.csproj]&#xD;
[svc][err] 鐢熸垚澶辫触銆傝淇鐢熸垚閿欒骞堕噸鏂拌繍琛屻€?
[file-log-tail]
2025-08-22 05:00:07.505 +08:00 [INF] DESKTOP-J6M8022 34864/11 SystemMonitor.Service.Worker Worker running at: "2025-08-22T05:00:07.5059406+08:00"&#xD;
2025-08-22 05:00:08.115 +08:00 [INF] DESKTOP-J6M8022 34864/11 SystemMonitor.Service.Services.RpcHostedService 客户端已连接&#xD;
2025-08-22 05:00:08.115 +08:00 [INF] DESKTOP-J6M8022 34864/11 SystemMonitor.Service.Services.RpcHostedService 客户端会话建立: conn="3ebaf5c9-7a90-4c1f-8d06-77e4b9511b6b"&#xD;
2025-08-22 05:00:08.119 +08:00 [INF] DESKTOP-J6M8022 34864/11 SystemMonitor.Service.Services.RpcHostedService 客户端断开：已达到流的结尾。 conn="3ebaf5c9-7a90-4c1f-8d06-77e4b9511b6b"&#xD;
2025-08-22 05:00:08.515 +08:00 [INF] DESKTOP-J6M8022 34864/11 SystemMonitor.Service.Worker Worker running at: "2025-08-22T05:00:08.5155952+08:00"&#xD;
2025-08-22 05:00:09.524 +08:00 [INF] DESKTOP-J6M8022 34864/9 SystemMonitor.Service.Worker Worker running at: "2025-08-22T05:00:09.5241284+08:00"&#xD;
2025-08-22 05:00:10.532 +08:00 [INF] DESKTOP-J6M8022 34864/8 SystemMonitor.Service.Worker Worker running at: "2025-08-22T05:00:10.5324730+08:00"&#xD;
2025-08-22 05:00:11.535 +08:00 [INF] DESKTOP-J6M8022 34864/12 SystemMonitor.Service.Worker Worker running at: "2025-08-22T05:00:11.5357528+08:00"&#xD;
2025-08-22 05:00:12.548 +08:00 [INF] DESKTOP-J6M8022 34864/8 SystemMonitor.Service.Worker Worker running at: "2025-08-22T05:00:12.5481912+08:00"&#xD;
2025-08-22 05:00:13.107 +08:00 [INF] DESKTOP-J6M8022 34864/12 SystemMonitor.Service.Services.RpcHostedService 客户端已连接&#xD;
2025-08-22 05:00:13.107 +08:00 [INF] DESKTOP-J6M8022 34864/12 SystemMonitor.Service.Services.RpcHostedService 客户端会话建立: conn="27a81c38-4647-493a-8fb8-8f2e144087dc"&#xD;
2025-08-22 05:00:13.111 +08:00 [INF] DESKTOP-J6M8022 34864/11 SystemMonitor.Service.Services.RpcHostedService 客户端断开：已达到流的结尾。 conn="27a81c38-4647-493a-8fb8-8f2e144087dc"&#xD;
2025-08-22 05:00:13.384 +08:00 [INF] DESKTOP-J6M8022 34864/8 SystemMonitor.Service.Services.RpcHostedService 客户端已连接&#xD;
2025-08-22 05:00:13.384 +08:00 [INF] DESKTOP-J6M8022 34864/8 SystemMonitor.Service.Services.RpcHostedService 客户端会话建立: conn="25e61bd6-9b34-4b1b-8730-8dd26623668c"&#xD;
2025-08-22 05:00:13.405 +08:00 [INF] DESKTOP-J6M8022 34864/8 SystemMonitor.Service.Services.RpcHostedService snapshot called, modules=*&#xD;
2025-08-22 05:00:13.408 +08:00 [INF] DESKTOP-J6M8022 34864/9 SystemMonitor.Service.Services.RpcHostedService 客户端断开：已达到流的结尾。 conn="25e61bd6-9b34-4b1b-8730-8dd26623668c"&#xD;
2025-08-22 05:00:13.551 +08:00 [INF] DESKTOP-J6M8022 34864/12 SystemMonitor.Service.Worker Worker running at: "2025-08-22T05:00:13.5519178+08:00"&#xD;
2025-08-22 05:00:14.561 +08:00 [INF] DESKTOP-J6M8022 34864/8 SystemMonitor.Service.Worker Worker running at: "2025-08-22T05:00:14.5613344+08:00"&#xD;
2025-08-22 05:00:15.574 +08:00 [INF] DESKTOP-J6M8022 34864/8 SystemMonitor.Service.Worker Worker running at: "2025-08-22T05:00:15.5741996+08:00"&#xD;
2025-08-22 05:00:16.580 +08:00 [INF] DESKTOP-J6M8022 34864/12 SystemMonitor.Service.Worker Worker running at: "2025-08-22T05:00:16.5802431+08:00"&#xD;
2025-08-22 05:00:17.583 +08:00 [INF] DESKTOP-J6M8022 34864/12 SystemMonitor.Service.Worker Worker running at: "2025-08-22T05:00:17.5832737+08:00"&#xD;
2025-08-22 05:00:18.114 +08:00 [INF] DESKTOP-J6M8022 34864/11 SystemMonitor.Service.Services.RpcHostedService 客户端已连接&#xD;
2025-08-22 05:00:18.114 +08:00 [INF] DESKTOP-J6M8022 34864/11 SystemMonitor.Service.Services.RpcHostedService 客户端会话建立: conn="8619790b-69c5-445b-ab8d-8526df618427"&#xD;
2025-08-22 05:00:18.116 +08:00 [INF] DESKTOP-J6M8022 34864/12 SystemMonitor.Service.Services.RpcHostedService 客户端断开：已达到流的结尾。 conn="8619790b-69c5-445b-ab8d-8526df618427"&#xD;
2025-08-22 05:00:18.595 +08:00 [INF] DESKTOP-J6M8022 34864/11 SystemMonitor.Service.Worker Worker running at: "2025-08-22T05:00:18.5953464+08:00"&#xD;
2025-08-22 05:00:19.605 +08:00 [INF] DESKTOP-J6M8022 34864/11 SystemMonitor.Service.Worker Worker running at: "2025-08-22T05:00:19.6052530+08:00"&#xD;
2025-08-22 05:00:20.613 +08:00 [INF] DESKTOP-J6M8022 34864/13 SystemMonitor.Service.Worker Worker running at: "2025-08-22T05:00:20.6131263+08:00"&#xD;
2025-08-22 05:00:21.613 +08:00 [INF] DESKTOP-J6M8022 34864/11 SystemMonitor.Service.Worker Worker running at: "2025-08-22T05:00:21.6130098+08:00"&#xD;
2025-08-22 05:00:22.624 +08:00 [INF] DESKTOP-J6M8022 34864/13 SystemMonitor.Service.Worker Worker running at: "2025-08-22T05:00:22.6244940+08:00"&#xD;
2025-08-22 05:00:23.105 +08:00 [INF] DESKTOP-J6M8022 34864/13 SystemMonitor.Service.Services.RpcHostedService 客户端已连接&#xD;
2025-08-22 05:00:23.105 +08:00 [INF] DESKTOP-J6M8022 34864/13 SystemMonitor.Service.Services.RpcHostedService 客户端会话建立: conn="849f5c90-811a-4eb3-97ea-73e1b9d03257"&#xD;
2025-08-22 05:00:23.108 +08:00 [INF] DESKTOP-J6M8022 34864/8 SystemMonitor.Service.Services.RpcHostedService 客户端断开：已达到流的结尾。 conn="849f5c90-811a-4eb3-97ea-73e1b9d03257"&#xD;
2025-08-22 05:00:23.627 +08:00 [INF] DESKTOP-J6M8022 34864/13 SystemMonitor.Service.Worker Worker running at: "2025-08-22T05:00:23.6275367+08:00"&#xD;
2025-08-22 05:00:24.631 +08:00 [INF] DESKTOP-J6M8022 34864/8 SystemMonitor.Service.Worker Worker running at: "2025-08-22T05:00:24.6319373+08:00"&#xD;
2025-08-22 05:00:25.643 +08:00 [INF] DESKTOP-J6M8022 34864/13 SystemMonitor.Service.Worker Worker running at: "2025-08-22T05:00:25.6437810+08:00"&#xD;
2025-08-22 05:00:26.649 +08:00 [INF] DESKTOP-J6M8022 34864/10 SystemMonitor.Service.Worker Worker running at: "2025-08-22T05:00:26.6498268+08:00"&#xD;
2025-08-22 05:00:27.653 +08:00 [INF] DESKTOP-J6M8022 34864/13 SystemMonitor.Service.Worker Worker running at: "2025-08-22T05:00:27.6536723+08:00"&#xD;
2025-08-22 05:00:28.104 +08:00 [INF] DESKTOP-J6M8022 34864/13 SystemMonitor.Service.Services.RpcHostedService 客户端已连接&#xD;
2025-08-22 05:00:28.104 +08:00 [INF] DESKTOP-J6M8022 34864/13 SystemMonitor.Service.Services.RpcHostedService 客户端会话建立: conn="58087a9a-4fe9-4ab7-893a-962c7c34de4d"&#xD;
2025-08-22 05:00:28.108 +08:00 [INF] DESKTOP-J6M8022 34864/10 SystemMonitor.Service.Services.RpcHostedService 客户端断开：已达到流的结尾。 conn="58087a9a-4fe9-4ab7-893a-962c7c34de4d"&#xD;
2025-08-22 05:00:28.658 +08:00 [INF] DESKTOP-J6M8022 34864/10 SystemMonitor.Service.Worker Worker running at: "2025-08-22T05:00:28.6580477+08:00"&#xD;
2025-08-22 05:00:29.667 +08:00 [INF] DESKTOP-J6M8022 34864/10 SystemMonitor.Service.Worker Worker running at: "2025-08-22T05:00:29.6670246+08:00"&#xD;
2025-08-22 05:00:30.671 +08:00 [INF] DESKTOP-J6M8022 34864/11 SystemMonitor.Service.Worker Worker running at: "2025-08-22T05:00:30.6718324+08:00"&#xD;
2025-08-22 05:00:31.677 +08:00 [INF] DESKTOP-J6M8022 34864/11 SystemMonitor.Service.Worker Worker running at: "2025-08-22T05:00:31.6773257+08:00"&#xD;
2025-08-22 05:00:32.687 +08:00 [INF] DESKTOP-J6M8022 34864/8 SystemMonitor.Service.Worker Worker running at: "2025-08-22T05:00:32.6879602+08:00"&#xD;
2025-08-22 05:00:33.104 +08:00 [INF] DESKTOP-J6M8022 34864/11 SystemMonitor.Service.Services.RpcHostedService 客户端已连接&#xD;
2025-08-22 05:00:33.104 +08:00 [INF] DESKTOP-J6M8022 34864/11 SystemMonitor.Service.Services.RpcHostedService 客户端会话建立: conn="f2efc72f-7360-4d95-8499-7acad765c432"&#xD;
2025-08-22 05:00:33.107 +08:00 [INF] DESKTOP-J6M8022 34864/11 SystemMonitor.Service.Services.RpcHostedService 客户端断开：已达到流的结尾。 conn="f2efc72f-7360-4d95-8499-7acad765c432"&#xD;
2025-08-22 05:00:33.703 +08:00 [INF] DESKTOP-J6M8022 34864/8 SystemMonitor.Service.Worker Worker running at: "2025-08-22T05:00:33.7031716+08:00"&#xD;
2025-08-22 05:00:34.705 +08:00 [INF] DESKTOP-J6M8022 34864/13 SystemMonitor.Service.Worker Worker running at: "2025-08-22T05:00:34.7053006+08:00"&#xD;
2025-08-22 05:00:35.716 +08:00 [INF] DESKTOP-J6M8022 34864/11 SystemMonitor.Service.Worker Worker running at: "2025-08-22T05:00:35.7161477+08:00"&#xD;
2025-08-22 05:00:36.721 +08:00 [INF] DESKTOP-J6M8022 34864/12 SystemMonitor.Service.Worker Worker running at: "2025-08-22T05:00:36.7213935+08:00"&#xD;
2025-08-22 05:00:37.725 +08:00 [INF] DESKTOP-J6M8022 34864/12 SystemMonitor.Service.Worker Worker running at: "2025-08-22T05:00:37.7251514+08:00"&#xD;
2025-08-22 05:00:38.118 +08:00 [INF] DESKTOP-J6M8022 34864/13 SystemMonitor.Service.Services.RpcHostedService 客户端已连接&#xD;
2025-08-22 05:00:38.118 +08:00 [INF] DESKTOP-J6M8022 34864/13 SystemMonitor.Service.Services.RpcHostedService 客户端会话建立: conn="b439ecab-ffb2-4843-8f54-1844ad704c06"&#xD;
2025-08-22 05:00:38.121 +08:00 [INF] DESKTOP-J6M8022 34864/13 SystemMonitor.Service.Services.RpcHostedService 客户端断开：已达到流的结尾。 conn="b439ecab-ffb2-4843-8f54-1844ad704c06"&#xD;
2025-08-22 05:00:38.725 +08:00 [INF] DESKTOP-J6M8022 34864/8 SystemMonitor.Service.Worker Worker running at: "2025-08-22T05:00:38.7259519+08:00"&#xD;
2025-08-22 05:00:39.740 +08:00 [INF] DESKTOP-J6M8022 34864/11 SystemMonitor.Service.Worker Worker running at: "2025-08-22T05:00:39.7403082+08:00"&#xD;
2025-08-22 05:00:40.742 +08:00 [INF] DESKTOP-J6M8022 34864/11 SystemMonitor.Service.Worker Worker running at: "2025-08-22T05:00:40.7425737+08:00"&#xD;
2025-08-22 05:00:41.745 +08:00 [INF] DESKTOP-J6M8022 34864/13 SystemMonitor.Service.Worker Worker running at: "2025-08-22T05:00:41.7451229+08:00"&#xD;
2025-08-22 05:00:42.751 +08:00 [INF] DESKTOP-J6M8022 34864/11 SystemMonitor.Service.Worker Worker running at: "2025-08-22T05:00:42.7515665+08:00"&#xD;
2025-08-22 05:00:43.110 +08:00 [INF] DESKTOP-J6M8022 34864/14 SystemMonitor.Service.Services.RpcHostedService 客户端已连接&#xD;
2025-08-22 05:00:43.110 +08:00 [INF] DESKTOP-J6M8022 34864/14 SystemMonitor.Service.Services.RpcHostedService 客户端会话建立: conn="ec82b613-da05-4264-84fe-3fb03c945d2f"&#xD;
2025-08-22 05:00:43.120 +08:00 [INF] DESKTOP-J6M8022 34864/9 SystemMonitor.Service.Services.RpcHostedService 客户端断开：已达到流的结尾。 conn="ec82b613-da05-4264-84fe-3fb03c945d2f"&#xD;
2025-08-22 05:00:43.389 +08:00 [INF] DESKTOP-J6M8022 34864/13 SystemMonitor.Service.Services.RpcHostedService 客户端已连接&#xD;
2025-08-22 05:00:43.389 +08:00 [INF] DESKTOP-J6M8022 34864/13 SystemMonitor.Service.Services.RpcHostedService 客户端会话建立: conn="2f7dc9d3-2402-4294-ba61-bc663df8cf82"&#xD;
2025-08-22 05:00:43.398 +08:00 [INF] DESKTOP-J6M8022 34864/13 SystemMonitor.Service.Services.RpcHostedService snapshot called, modules=*&#xD;
2025-08-22 05:00:43.407 +08:00 [INF] DESKTOP-J6M8022 34864/13 SystemMonitor.Service.Services.RpcHostedService 客户端断开：已达到流的结尾。 conn="2f7dc9d3-2402-4294-ba61-bc663df8cf82"&#xD;
2025-08-22 05:00:43.756 +08:00 [INF] DESKTOP-J6M8022 34864/13 SystemMonitor.Service.Worker Worker running at: "2025-08-22T05:00:43.7565234+08:00"&#xD;
2025-08-22 05:00:44.757 +08:00 [INF] DESKTOP-J6M8022 34864/11 SystemMonitor.Service.Worker Worker running at: "2025-08-22T05:00:44.7577675+08:00"&#xD;
2025-08-22 05:00:45.762 +08:00 [INF] DESKTOP-J6M8022 34864/11 SystemMonitor.Service.Worker Worker running at: "2025-08-22T05:00:45.7627674+08:00"&#xD;
2025-08-22 05:00:46.772 +08:00 [INF] DESKTOP-J6M8022 34864/11 SystemMonitor.Service.Worker Worker running at: "2025-08-22T05:00:46.7724296+08:00"&#xD;
2025-08-22 05:00:47.772 +08:00 [INF] DESKTOP-J6M8022 34864/11 SystemMonitor.Service.Worker Worker running at: "2025-08-22T05:00:47.7724414+08:00"&#xD;
2025-08-22 05:00:48.113 +08:00 [INF] DESKTOP-J6M8022 34864/11 SystemMonitor.Service.Services.RpcHostedService 客户端已连接&#xD;
2025-08-22 05:00:48.113 +08:00 [INF] DESKTOP-J6M8022 34864/11 SystemMonitor.Service.Services.RpcHostedService 客户端会话建立: conn="0b57ec2b-be63-49bb-9b61-b642d4a6bad8"&#xD;
2025-08-22 05:00:48.118 +08:00 [INF] DESKTOP-J6M8022 34864/11 SystemMonitor.Service.Services.RpcHostedService 客户端断开：已达到流的结尾。 conn="0b57ec2b-be63-49bb-9b61-b642d4a6bad8"&#xD;
2025-08-22 05:00:48.786 +08:00 [INF] DESKTOP-J6M8022 34864/14 SystemMonitor.Service.Worker Worker running at: "2025-08-22T05:00:48.7861767+08:00"&#xD;
2025-08-22 05:00:49.797 +08:00 [INF] DESKTOP-J6M8022 34864/14 SystemMonitor.Service.Worker Worker running at: "2025-08-22T05:00:49.7971060+08:00"&#xD;
2025-08-22 05:00:50.810 +08:00 [INF] DESKTOP-J6M8022 34864/14 SystemMonitor.Service.Worker Worker running at: "2025-08-22T05:00:50.8103703+08:00"&#xD;
2025-08-22 05:00:51.819 +08:00 [INF] DESKTOP-J6M8022 34864/14 SystemMonitor.Service.Worker Worker running at: "2025-08-22T05:00:51.8191149+08:00"&#xD;
2025-08-22 05:00:52.832 +08:00 [INF] DESKTOP-J6M8022 34864/14 SystemMonitor.Service.Worker Worker running at: "2025-08-22T05:00:52.8322629+08:00"&#xD;
2025-08-22 05:00:53.102 +08:00 [INF] DESKTOP-J6M8022 34864/14 SystemMonitor.Service.Services.RpcHostedService 客户端已连接&#xD;
2025-08-22 05:00:53.102 +08:00 [INF] DESKTOP-J6M8022 34864/14 SystemMonitor.Service.Services.RpcHostedService 客户端会话建立: conn="a1d8b427-d708-44e2-9952-15a5a936e6af"&#xD;
2025-08-22 05:00:53.105 +08:00 [INF] DESKTOP-J6M8022 34864/13 SystemMonitor.Service.Services.RpcHostedService 客户端断开：已达到流的结尾。 conn="a1d8b427-d708-44e2-9952-15a5a936e6af"&#xD;
2025-08-22 05:00:53.839 +08:00 [INF] DESKTOP-J6M8022 34864/9 SystemMonitor.Service.Worker Worker running at: "2025-08-22T05:00:53.8390210+08:00"&#xD;
2025-08-22 05:00:54.844 +08:00 [INF] DESKTOP-J6M8022 34864/9 SystemMonitor.Service.Worker Worker running at: "2025-08-22T05:00:54.8440332+08:00"&#xD;
2025-08-22 05:00:55.849 +08:00 [INF] DESKTOP-J6M8022 34864/14 SystemMonitor.Service.Worker Worker running at: "2025-08-22T05:00:55.8498931+08:00"&#xD;
2025-08-22 05:00:56.855 +08:00 [INF] DESKTOP-J6M8022 34864/12 SystemMonitor.Service.Worker Worker running at: "2025-08-22T05:00:56.8554623+08:00"&#xD;
2025-08-22 05:00:57.861 +08:00 [INF] DESKTOP-J6M8022 34864/12 SystemMonitor.Service.Worker Worker running at: "2025-08-22T05:00:57.8610329+08:00"&#xD;
2025-08-22 05:00:58.111 +08:00 [INF] DESKTOP-J6M8022 34864/8 SystemMonitor.Service.Services.RpcHostedService 客户端已连接&#xD;
2025-08-22 05:00:58.111 +08:00 [INF] DESKTOP-J6M8022 34864/8 SystemMonitor.Service.Services.RpcHostedService 客户端会话建立: conn="667ed3f1-bd30-41e0-92ff-80608571c1ce"&#xD;
2025-08-22 05:00:58.116 +08:00 [INF] DESKTOP-J6M8022 34864/12 SystemMonitor.Service.Services.RpcHostedService 客户端断开：已达到流的结尾。 conn="667ed3f1-bd30-41e0-92ff-80608571c1ce"&#xD;
2025-08-22 05:00:58.863 +08:00 [INF] DESKTOP-J6M8022 34864/8 SystemMonitor.Service.Worker Worker running at: "2025-08-22T05:00:58.8635685+08:00"&#xD;
2025-08-22 05:00:59.864 +08:00 [INF] DESKTOP-J6M8022 34864/13 SystemMonitor.Service.Worker Worker running at: "2025-08-22T05:00:59.8639948+08:00"&#xD;
2025-08-22 05:01:00.871 +08:00 [INF] DESKTOP-J6M8022 34864/8 SystemMonitor.Service.Worker Worker running at: "2025-08-22T05:01:00.8711317+08:00"&#xD;
2025-08-22 05:01:01.872 +08:00 [INF] DESKTOP-J6M8022 34864/8 SystemMonitor.Service.Worker Worker running at: "2025-08-22T05:01:01.8723849+08:00"&#xD;
2025-08-22 05:01:02.874 +08:00 [INF] DESKTOP-J6M8022 34864/13 SystemMonitor.Service.Worker Worker running at: "2025-08-22T05:01:02.8742125+08:00"&#xD;
2025-08-22 05:01:03.109 +08:00 [INF] DESKTOP-J6M8022 34864/13 SystemMonitor.Service.Services.RpcHostedService 客户端已连接&#xD;
2025-08-22 05:01:03.109 +08:00 [INF] DESKTOP-J6M8022 34864/13 SystemMonitor.Service.Services.RpcHostedService 客户端会话建立: conn="6f7008b5-fb8e-492a-bb7e-9769bc95aca3"&#xD;
2025-08-22 05:01:03.113 +08:00 [INF] DESKTOP-J6M8022 34864/13 SystemMonitor.Service.Services.RpcHostedService 客户端断开：已达到流的结尾。 conn="6f7008b5-fb8e-492a-bb7e-9769bc95aca3"&#xD;
2025-08-22 05:01:03.878 +08:00 [INF] DESKTOP-J6M8022 34864/9 SystemMonitor.Service.Worker Worker running at: "2025-08-22T05:01:03.8780156+08:00"&#xD;
2025-08-22 05:01:04.882 +08:00 [INF] DESKTOP-J6M8022 34864/9 SystemMonitor.Service.Worker Worker running at: "2025-08-22T05:01:04.8824276+08:00"&#xD;
2025-08-22 05:01:05.888 +08:00 [INF] DESKTOP-J6M8022 34864/9 SystemMonitor.Service.Worker Worker running at: "2025-08-22T05:01:05.8884444+08:00"&#xD;
2025-08-22 05:01:06.898 +08:00 [INF] DESKTOP-J6M8022 34864/13 SystemMonitor.Service.Worker Worker running at: "2025-08-22T05:01:06.8980438+08:00"&#xD;
2025-08-22 05:01:07.902 +08:00 [INF] DESKTOP-J6M8022 34864/12 SystemMonitor.Service.Worker Worker running at: "2025-08-22T05:01:07.9022915+08:00"&#xD;
2025-08-22 05:01:08.106 +08:00 [INF] DESKTOP-J6M8022 34864/12 SystemMonitor.Service.Services.RpcHostedService 客户端已连接&#xD;
2025-08-22 05:01:08.106 +08:00 [INF] DESKTOP-J6M8022 34864/12 SystemMonitor.Service.Services.RpcHostedService 客户端会话建立: conn="57e57623-52be-4bde-b1c7-694c9251d418"&#xD;
2025-08-22 05:01:08.111 +08:00 [INF] DESKTOP-J6M8022 34864/14 SystemMonitor.Service.Services.RpcHostedService 客户端断开：已达到流的结尾。 conn="57e57623-52be-4bde-b1c7-694c9251d418"&#xD;
2025-08-22 05:01:08.904 +08:00 [INF] DESKTOP-J6M8022 34864/13 SystemMonitor.Service.Worker Worker running at: "2025-08-22T05:01:08.9045942+08:00"&#xD;
2025-08-22 05:01:09.905 +08:00 [INF] DESKTOP-J6M8022 34864/12 SystemMonitor.Service.Worker Worker running at: "2025-08-22T05:01:09.9059497+08:00"&#xD;
2025-08-22 05:01:10.910 +08:00 [INF] DESKTOP-J6M8022 34864/8 SystemMonitor.Service.Worker Worker running at: "2025-08-22T05:01:10.9104565+08:00"&#xD;
2025-08-22 05:01:11.913 +08:00 [INF] DESKTOP-J6M8022 34864/12 SystemMonitor.Service.Worker Worker running at: "2025-08-22T05:01:11.9132884+08:00"&#xD;
2025-08-22 05:01:12.917 +08:00 [INF] DESKTOP-J6M8022 34864/8 SystemMonitor.Service.Worker Worker running at: "2025-08-22T05:01:12.9173706+08:00"&#xD;
2025-08-22 05:01:13.103 +08:00 [INF] DESKTOP-J6M8022 34864/8 SystemMonitor.Service.Services.RpcHostedService 客户端已连接&#xD;
2025-08-22 05:01:13.103 +08:00 [INF] DESKTOP-J6M8022 34864/8 SystemMonitor.Service.Services.RpcHostedService 客户端会话建立: conn="8c8ff938-4ec2-4b63-94b8-07d74318db55"&#xD;
2025-08-22 05:01:13.107 +08:00 [INF] DESKTOP-J6M8022 34864/12 SystemMonitor.Service.Services.RpcHostedService 客户端断开：已达到流的结尾。 conn="8c8ff938-4ec2-4b63-94b8-07d74318db55"&#xD;
2025-08-22 05:01:13.395 +08:00 [INF] DESKTOP-J6M8022 34864/8 SystemMonitor.Service.Services.RpcHostedService 客户端已连接&#xD;
2025-08-22 05:01:13.395 +08:00 [INF] DESKTOP-J6M8022 34864/8 SystemMonitor.Service.Services.RpcHostedService 客户端会话建立: conn="0d0e45ce-49cf-483b-8035-5df65c66b336"&#xD;
2025-08-22 05:01:13.409 +08:00 [INF] DESKTOP-J6M8022 34864/8 SystemMonitor.Service.Services.RpcHostedService snapshot called, modules=*&#xD;
2025-08-22 05:01:13.415 +08:00 [INF] DESKTOP-J6M8022 34864/12 SystemMonitor.Service.Services.RpcHostedService 客户端断开：已达到流的结尾。 conn="0d0e45ce-49cf-483b-8035-5df65c66b336"&#xD;
2025-08-22 05:01:13.923 +08:00 [INF] DESKTOP-J6M8022 34864/14 SystemMonitor.Service.Worker Worker running at: "2025-08-22T05:01:13.9232807+08:00"&#xD;
2025-08-22 05:01:14.929 +08:00 [INF] DESKTOP-J6M8022 34864/12 SystemMonitor.Service.Worker Worker running at: "2025-08-22T05:01:14.9292827+08:00"&#xD;
2025-08-22 05:01:15.932 +08:00 [INF] DESKTOP-J6M8022 34864/8 SystemMonitor.Service.Worker Worker running at: "2025-08-22T05:01:15.9326500+08:00"&#xD;
2025-08-22 05:01:16.939 +08:00 [INF] DESKTOP-J6M8022 34864/14 SystemMonitor.Service.Worker Worker running at: "2025-08-22T05:01:16.9393680+08:00"&#xD;
2025-08-22 05:01:17.943 +08:00 [INF] DESKTOP-J6M8022 34864/8 SystemMonitor.Service.Worker Worker running at: "2025-08-22T05:01:17.9432416+08:00"&#xD;
2025-08-22 05:01:18.116 +08:00 [INF] DESKTOP-J6M8022 34864/8 SystemMonitor.Service.Services.RpcHostedService 客户端已连接&#xD;
2025-08-22 05:01:18.116 +08:00 [INF] DESKTOP-J6M8022 34864/8 SystemMonitor.Service.Services.RpcHostedService 客户端会话建立: conn="4caa660b-18e4-4979-bebe-31bdd3b07642"&#xD;
2025-08-22 05:01:18.119 +08:00 [INF] DESKTOP-J6M8022 34864/12 SystemMonitor.Service.Services.RpcHostedService 客户端断开：已达到流的结尾。 conn="4caa660b-18e4-4979-bebe-31bdd3b07642"&#xD;
2025-08-22 05:01:18.947 +08:00 [INF] DESKTOP-J6M8022 34864/8 SystemMonitor.Service.Worker Worker running at: "2025-08-22T05:01:18.9470563+08:00"&#xD;
2025-08-22 05:01:19.950 +08:00 [INF] DESKTOP-J6M8022 34864/8 SystemMonitor.Service.Worker Worker running at: "2025-08-22T05:01:19.9501774+08:00"&#xD;
2025-08-22 05:01:20.958 +08:00 [INF] DESKTOP-J6M8022 34864/8 SystemMonitor.Service.Worker Worker running at: "2025-08-22T05:01:20.9579718+08:00"&#xD;
2025-08-22 05:01:21.959 +08:00 [INF] DESKTOP-J6M8022 34864/14 SystemMonitor.Service.Worker Worker running at: "2025-08-22T05:01:21.9594726+08:00"&#xD;
2025-08-22 05:01:22.963 +08:00 [INF] DESKTOP-J6M8022 34864/8 SystemMonitor.Service.Worker Worker running at: "2025-08-22T05:01:22.9634519+08:00"&#xD;
2025-08-22 05:01:23.105 +08:00 [INF] DESKTOP-J6M8022 34864/8 SystemMonitor.Service.Services.RpcHostedService 客户端已连接&#xD;
2025-08-22 05:01:23.105 +08:00 [INF] DESKTOP-J6M8022 34864/8 SystemMonitor.Service.Services.RpcHostedService 客户端会话建立: conn="8639769c-80fa-407f-b9a9-4050afd76198"&#xD;
2025-08-22 05:01:23.107 +08:00 [INF] DESKTOP-J6M8022 34864/14 SystemMonitor.Service.Services.RpcHostedService 客户端断开：已达到流的结尾。 conn="8639769c-80fa-407f-b9a9-4050afd76198"&#xD;
2025-08-22 05:01:23.971 +08:00 [INF] DESKTOP-J6M8022 34864/11 SystemMonitor.Service.Worker Worker running at: "2025-08-22T05:01:23.9715344+08:00"&#xD;
2025-08-22 05:01:24.982 +08:00 [INF] DESKTOP-J6M8022 34864/11 SystemMonitor.Service.Worker Worker running at: "2025-08-22T05:01:24.9819615+08:00"&#xD;
2025-08-22 05:01:25.994 +08:00 [INF] DESKTOP-J6M8022 34864/11 SystemMonitor.Service.Worker Worker running at: "2025-08-22T05:01:25.9941989+08:00"&#xD;
2025-08-22 05:01:26.999 +08:00 [INF] DESKTOP-J6M8022 34864/8 SystemMonitor.Service.Worker Worker running at: "2025-08-22T05:01:26.9999359+08:00"&#xD;
2025-08-22 05:01:28.013 +08:00 [INF] DESKTOP-J6M8022 34864/11 SystemMonitor.Service.Worker Worker running at: "2025-08-22T05:01:28.0133025+08:00"&#xD;
2025-08-22 05:01:28.109 +08:00 [INF] DESKTOP-J6M8022 34864/11 SystemMonitor.Service.Services.RpcHostedService 客户端已连接&#xD;
2025-08-22 05:01:28.109 +08:00 [INF] DESKTOP-J6M8022 34864/11 SystemMonitor.Service.Services.RpcHostedService 客户端会话建立: conn="fda2e581-c0a4-4aa4-a5e0-11787ca179bd"&#xD;
2025-08-22 05:01:28.112 +08:00 [INF] DESKTOP-J6M8022 34864/11 SystemMonitor.Service.Services.RpcHostedService 客户端断开：已达到流的结尾。 conn="fda2e581-c0a4-4aa4-a5e0-11787ca179bd"&#xD;
2025-08-22 05:01:29.018 +08:00 [INF] DESKTOP-J6M8022 34864/11 SystemMonitor.Service.Worker Worker running at: "2025-08-22T05:01:29.0183364+08:00"&#xD;
2025-08-22 05:01:30.019 +08:00 [INF] DESKTOP-J6M8022 34864/8 SystemMonitor.Service.Worker Worker running at: "2025-08-22T05:01:30.0195935+08:00"&#xD;
2025-08-22 05:01:31.026 +08:00 [INF] DESKTOP-J6M8022 34864/8 SystemMonitor.Service.Worker Worker running at: "2025-08-22T05:01:31.0262398+08:00"&#xD;
2025-08-22 05:01:32.031 +08:00 [INF] DESKTOP-J6M8022 34864/12 SystemMonitor.Service.Worker Worker running at: "2025-08-22T05:01:32.0310132+08:00"&#xD;
2025-08-22 05:01:33.035 +08:00 [INF] DESKTOP-J6M8022 34864/12 SystemMonitor.Service.Worker Worker running at: "2025-08-22T05:01:33.0357910+08:00"&#xD;
2025-08-22 05:01:33.116 +08:00 [INF] DESKTOP-J6M8022 34864/12 SystemMonitor.Service.Services.RpcHostedService 客户端已连接&#xD;
2025-08-22 05:01:33.116 +08:00 [INF] DESKTOP-J6M8022 34864/12 SystemMonitor.Service.Services.RpcHostedService 客户端会话建立: conn="34e1094f-2d5d-4eb2-b05a-37c0e40cc011"&#xD;
2025-08-22 05:01:33.119 +08:00 [INF] DESKTOP-J6M8022 34864/8 SystemMonitor.Service.Services.RpcHostedService 客户端断开：已达到流的结尾。 conn="34e1094f-2d5d-4eb2-b05a-37c0e40cc011"&#xD;
2025-08-22 05:01:34.041 +08:00 [INF] DESKTOP-J6M8022 34864/8 SystemMonitor.Service.Worker Worker running at: "2025-08-22T05:01:34.0416262+08:00"&#xD;
2025-08-22 05:01:35.045 +08:00 [INF] DESKTOP-J6M8022 34864/8 SystemMonitor.Service.Worker Worker running at: "2025-08-22T05:01:35.0457088+08:00"&#xD;
2025-08-22 05:01:36.047 +08:00 [INF] DESKTOP-J6M8022 34864/12 SystemMonitor.Service.Worker Worker running at: "2025-08-22T05:01:36.0479378+08:00"&#xD;
2025-08-22 05:01:37.050 +08:00 [INF] DESKTOP-J6M8022 34864/12 SystemMonitor.Service.Worker Worker running at: "2025-08-22T05:01:37.0504892+08:00"&#xD;
2025-08-22 05:01:38.061 +08:00 [INF] DESKTOP-J6M8022 34864/14 SystemMonitor.Service.Worker Worker running at: "2025-08-22T05:01:38.0614429+08:00"&#xD;
2025-08-22 05:01:38.110 +08:00 [INF] DESKTOP-J6M8022 34864/12 SystemMonitor.Service.Services.RpcHostedService 客户端已连接&#xD;
2025-08-22 05:01:38.110 +08:00 [INF] DESKTOP-J6M8022 34864/12 SystemMonitor.Service.Services.RpcHostedService 客户端会话建立: conn="06117a62-6040-4241-9927-358af4226d43"&#xD;
2025-08-22 05:01:38.113 +08:00 [INF] DESKTOP-J6M8022 34864/14 SystemMonitor.Service.Services.RpcHostedService 客户端断开：已达到流的结尾。 conn="06117a62-6040-4241-9927-358af4226d43"&#xD;
2025-08-22 05:01:39.064 +08:00 [INF] DESKTOP-J6M8022 34864/14 SystemMonitor.Service.Worker Worker running at: "2025-08-22T05:01:39.0644324+08:00"&#xD;
2025-08-22 05:01:40.069 +08:00 [INF] DESKTOP-J6M8022 34864/8 SystemMonitor.Service.Worker Worker running at: "2025-08-22T05:01:40.0698228+08:00"&#xD;
2025-08-22 05:01:41.072 +08:00 [INF] DESKTOP-J6M8022 34864/8 SystemMonitor.Service.Worker Worker running at: "2025-08-22T05:01:41.0721700+08:00"&#xD;
2025-08-22 05:01:42.086 +08:00 [INF] DESKTOP-J6M8022 34864/11 SystemMonitor.Service.Worker Worker running at: "2025-08-22T05:01:42.0860513+08:00"&#xD;
2025-08-22 05:01:43.101 +08:00 [INF] DESKTOP-J6M8022 34864/8 SystemMonitor.Service.Worker Worker running at: "2025-08-22T05:01:43.1011436+08:00"&#xD;
2025-08-22 05:01:43.105 +08:00 [INF] DESKTOP-J6M8022 34864/9 SystemMonitor.Service.Services.RpcHostedService 客户端已连接&#xD;
2025-08-22 05:01:43.105 +08:00 [INF] DESKTOP-J6M8022 34864/9 SystemMonitor.Service.Services.RpcHostedService 客户端会话建立: conn="860b5ccb-a321-4101-b6d7-ba8cfd17c2fa"&#xD;
2025-08-22 05:01:43.109 +08:00 [INF] DESKTOP-J6M8022 34864/8 SystemMonitor.Service.Services.RpcHostedService 客户端断开：已达到流的结尾。 conn="860b5ccb-a321-4101-b6d7-ba8cfd17c2fa"&#xD;
2025-08-22 05:01:43.386 +08:00 [INF] DESKTOP-J6M8022 34864/11 SystemMonitor.Service.Services.RpcHostedService 客户端已连接&#xD;
2025-08-22 05:01:43.386 +08:00 [INF] DESKTOP-J6M8022 34864/11 SystemMonitor.Service.Services.RpcHostedService 客户端会话建立: conn="7103465a-6b36-49d0-b971-0765ff27b367"&#xD;
2025-08-22 05:01:43.387 +08:00 [INF] DESKTOP-J6M8022 34864/11 SystemMonitor.Service.Services.RpcHostedService snapshot called, modules=*&#xD;
2025-08-22 05:01:43.394 +08:00 [INF] DESKTOP-J6M8022 34864/14 SystemMonitor.Service.Services.RpcHostedService 客户端断开：已达到流的结尾。 conn="7103465a-6b36-49d0-b971-0765ff27b367"&#xD;
2025-08-22 05:01:44.107 +08:00 [INF] DESKTOP-J6M8022 34864/11 SystemMonitor.Service.Worker Worker running at: "2025-08-22T05:01:44.1078485+08:00"&#xD;
2025-08-22 05:01:45.116 +08:00 [INF] DESKTOP-J6M8022 34864/8 SystemMonitor.Service.Worker Worker running at: "2025-08-22T05:01:45.1165225+08:00"&#xD;
2025-08-22 05:01:46.125 +08:00 [INF] DESKTOP-J6M8022 34864/8 SystemMonitor.Service.Worker Worker running at: "2025-08-22T05:01:46.1259467+08:00"&#xD;
2025-08-22 05:01:47.131 +08:00 [INF] DESKTOP-J6M8022 34864/8 SystemMonitor.Service.Worker Worker running at: "2025-08-22T05:01:47.1319177+08:00"&#xD;
2025-08-22 05:01:48.110 +08:00 [INF] DESKTOP-J6M8022 34864/9 SystemMonitor.Service.Services.RpcHostedService 客户端已连接&#xD;
2025-08-22 05:01:48.111 +08:00 [INF] DESKTOP-J6M8022 34864/9 SystemMonitor.Service.Services.RpcHostedService 客户端会话建立: conn="dc929a0f-2511-48c2-b921-bb00e3b2d95e"&#xD;
2025-08-22 05:01:48.113 +08:00 [INF] DESKTOP-J6M8022 34864/9 SystemMonitor.Service.Services.RpcHostedService 客户端断开：已达到流的结尾。 conn="dc929a0f-2511-48c2-b921-bb00e3b2d95e"&#xD;
2025-08-22 05:01:48.139 +08:00 [INF] DESKTOP-J6M8022 34864/9 SystemMonitor.Service.Worker Worker running at: "2025-08-22T05:01:48.1397480+08:00"&#xD;
2025-08-22 05:01:49.149 +08:00 [INF] DESKTOP-J6M8022 34864/9 SystemMonitor.Service.Worker Worker running at: "2025-08-22T05:01:49.1490602+08:00"&#xD;
2025-08-22 05:01:50.156 +08:00 [INF] DESKTOP-J6M8022 34864/9 SystemMonitor.Service.Worker Worker running at: "2025-08-22T05:01:50.1565687+08:00"&#xD;
2025-08-22 05:01:51.163 +08:00 [INF] DESKTOP-J6M8022 34864/8 SystemMonitor.Service.Worker Worker running at: "2025-08-22T05:01:51.1638742+08:00"&#xD;
2025-08-22 05:01:52.175 +08:00 [INF] DESKTOP-J6M8022 34864/8 SystemMonitor.Service.Worker Worker running at: "2025-08-22T05:01:52.1751866+08:00"&#xD;
2025-08-22 05:01:53.106 +08:00 [INF] DESKTOP-J6M8022 34864/8 SystemMonitor.Service.Services.RpcHostedService 客户端已连接&#xD;
2025-08-22 05:01:53.106 +08:00 [INF] DESKTOP-J6M8022 34864/8 SystemMonitor.Service.Services.RpcHostedService 客户端会话建立: conn="cf08e297-f8bc-42e5-a912-8cdf3760d104"&#xD;
2025-08-22 05:01:53.109 +08:00 [INF] DESKTOP-J6M8022 34864/14 SystemMonitor.Service.Services.RpcHostedService 客户端断开：已达到流的结尾。 conn="cf08e297-f8bc-42e5-a912-8cdf3760d104"&#xD;
2025-08-22 05:01:53.183 +08:00 [INF] DESKTOP-J6M8022 34864/12 SystemMonitor.Service.Worker Worker running at: "2025-08-22T05:01:53.1832976+08:00"&#xD;
2025-08-22 05:01:54.188 +08:00 [INF] DESKTOP-J6M8022 34864/12 SystemMonitor.Service.Worker Worker running at: "2025-08-22T05:01:54.1886519+08:00"&#xD;
2025-08-22 05:01:55.189 +08:00 [INF] DESKTOP-J6M8022 34864/12 SystemMonitor.Service.Worker Worker running at: "2025-08-22T05:01:55.1890118+08:00"&#xD;
2025-08-22 05:01:56.201 +08:00 [INF] DESKTOP-J6M8022 34864/14 SystemMonitor.Service.Worker Worker running at: "2025-08-22T05:01:56.2011712+08:00"&#xD;
2025-08-22 05:01:57.203 +08:00 [INF] DESKTOP-J6M8022 34864/12 SystemMonitor.Service.Worker Worker running at: "2025-08-22T05:01:57.2030740+08:00"&#xD;
2025-08-22 05:01:58.150 +08:00 [INF] DESKTOP-J6M8022 34864/11 SystemMonitor.Service.Services.RpcHostedService 客户端已连接&#xD;
2025-08-22 05:01:58.150 +08:00 [INF] DESKTOP-J6M8022 34864/11 SystemMonitor.Service.Services.RpcHostedService 客户端会话建立: conn="12ea3cb9-6e37-4a78-8a02-17ba9963b724"&#xD;
2025-08-22 05:01:58.164 +08:00 [INF] DESKTOP-J6M8022 34864/14 SystemMonitor.Service.Services.RpcHostedService 客户端断开：已达到流的结尾。 conn="12ea3cb9-6e37-4a78-8a02-17ba9963b724"&#xD;
2025-08-22 05:01:58.220 +08:00 [INF] DESKTOP-J6M8022 34864/14 SystemMonitor.Service.Worker Worker running at: "2025-08-22T05:01:58.2204087+08:00"&#xD;
2025-08-22 05:01:59.232 +08:00 [INF] DESKTOP-J6M8022 34864/11 SystemMonitor.Service.Worker Worker running at: "2025-08-22T05:01:59.2321592+08:00"&#xD;
2025-08-22 05:02:00.236 +08:00 [INF] DESKTOP-J6M8022 34864/14 SystemMonitor.Service.Worker Worker running at: "2025-08-22T05:02:00.2367533+08:00"&#xD;
2025-08-22 05:02:01.245 +08:00 [INF] DESKTOP-J6M8022 34864/11 SystemMonitor.Service.Worker Worker running at: "2025-08-22T05:02:01.2451701+08:00"&#xD;
2025-08-22 05:02:02.255 +08:00 [INF] DESKTOP-J6M8022 34864/11 SystemMonitor.Service.Worker Worker running at: "2025-08-22T05:02:02.2559126+08:00"</Message>
          <StackTrace>   at SystemMonitor.Tests.EndToEndTests.WaitPipeReadyAsync(TimeSpan timeout) in C:\code\sys-sensor-v3\src\SystemMonitor.Tests\EndToEndTests.cs:line 151&#xD;
   at SystemMonitor.Tests.EndToEndTests.InitializeAsync() in C:\code\sys-sensor-v3\src\SystemMonitor.Tests\EndToEndTests.cs:line 278</StackTrace>
        </ErrorInfo>
      </Output>
    </UnitTestResult>
    <UnitTestResult executionId="55889195-8cab-4b8b-ab89-7e3f4c98189b" testId="d13cbe31-bcad-db2e-a448-21033afe455a" testName="SystemMonitor.Tests.SchemaTests.Hello_Schema_Invalid_NoToken" computerName="DESKTOP-J6M8022" duration="00:00:00.0047917" startTime="2025-08-22T05:03:59.9400304+08:00" endTime="2025-08-22T05:03:59.9400306+08:00" testType="13cdc9d9-ddb5-4fa4-a97d-d965ccfc6d4b" outcome="Passed" testListId="8c84fa94-04c1-424b-9868-57a2d4851a1d" relativeResultsDirectory="55889195-8cab-4b8b-ab89-7e3f4c98189b" />
    <UnitTestResult executionId="1e0dfc51-b75d-4ef5-9262-ba9e170afd4e" testId="dacf0d9f-52f8-cc00-236f-2f32d31c4af3" testName="SystemMonitor.Tests.EndToEndTests.SetConfig_Invalid_BaseInterval_Fails" computerName="DESKTOP-J6M8022" duration="00:00:00.0010000" startTime="2025-08-22T05:04:14.9378139+08:00" endTime="2025-08-22T05:04:14.9378141+08:00" testType="13cdc9d9-ddb5-4fa4-a97d-d965ccfc6d4b" outcome="Failed" testListId="8c84fa94-04c1-424b-9868-57a2d4851a1d" relativeResultsDirectory="1e0dfc51-b75d-4ef5-9262-ba9e170afd4e">
      <Output>
        <ErrorInfo>
          <Message>System.InvalidOperationException : Service exited while waiting for pipe. Code=1. Tail:
[svc][out] 姝ｅ湪鐢熸垚...&#xD;
[svc][out] C:\code\sys-sensor-v3\src\SystemMonitor.Service\Services\RpcHostedService.cs(201,31): error CS0103: 褰撳墠涓婁笅鏂囦腑涓嶅瓨鍦ㄥ悕绉扳€淭ryCreateCounter鈥?[C:\code\sys-sensor-v3\src\SystemMonitor.Service\SystemMonitor.Service.csproj]&#xD;
[svc][out] C:\code\sys-sensor-v3\src\SystemMonitor.Service\Services\RpcHostedService.cs(203,35): error CS0103: 褰撳墠涓婁笅鏂囦腑涓嶅瓨鍦ㄥ悕绉扳€淭ryCreateCounter鈥?[C:\code\sys-sensor-v3\src\SystemMonitor.Service\SystemMonitor.Service.csproj]&#xD;
[svc][out] C:\code\sys-sensor-v3\src\SystemMonitor.Service\Program.cs(76,13): warning CA1416: 鍙湪鎵€鏈夊钩鍙颁笂璁块棶姝よ皟鐢ㄧ珯鐐广€?RpcHostedService" 浠呭湪 'windows' 涓婂彈鏀寔銆?(https://learn.microsoft.com/dotnet/fundamentals/code-analysis/quality-rules/ca1416) [C:\code\sys-sensor-v3\src\SystemMonitor.Service\SystemMonitor.Service.csproj]&#xD;
[svc][err] 鐢熸垚澶辫触銆傝淇鐢熸垚閿欒骞堕噸鏂拌繍琛屻€?
[file-log-tail]
2025-08-22 05:00:07.505 +08:00 [INF] DESKTOP-J6M8022 34864/11 SystemMonitor.Service.Worker Worker running at: "2025-08-22T05:00:07.5059406+08:00"&#xD;
2025-08-22 05:00:08.115 +08:00 [INF] DESKTOP-J6M8022 34864/11 SystemMonitor.Service.Services.RpcHostedService 客户端已连接&#xD;
2025-08-22 05:00:08.115 +08:00 [INF] DESKTOP-J6M8022 34864/11 SystemMonitor.Service.Services.RpcHostedService 客户端会话建立: conn="3ebaf5c9-7a90-4c1f-8d06-77e4b9511b6b"&#xD;
2025-08-22 05:00:08.119 +08:00 [INF] DESKTOP-J6M8022 34864/11 SystemMonitor.Service.Services.RpcHostedService 客户端断开：已达到流的结尾。 conn="3ebaf5c9-7a90-4c1f-8d06-77e4b9511b6b"&#xD;
2025-08-22 05:00:08.515 +08:00 [INF] DESKTOP-J6M8022 34864/11 SystemMonitor.Service.Worker Worker running at: "2025-08-22T05:00:08.5155952+08:00"&#xD;
2025-08-22 05:00:09.524 +08:00 [INF] DESKTOP-J6M8022 34864/9 SystemMonitor.Service.Worker Worker running at: "2025-08-22T05:00:09.5241284+08:00"&#xD;
2025-08-22 05:00:10.532 +08:00 [INF] DESKTOP-J6M8022 34864/8 SystemMonitor.Service.Worker Worker running at: "2025-08-22T05:00:10.5324730+08:00"&#xD;
2025-08-22 05:00:11.535 +08:00 [INF] DESKTOP-J6M8022 34864/12 SystemMonitor.Service.Worker Worker running at: "2025-08-22T05:00:11.5357528+08:00"&#xD;
2025-08-22 05:00:12.548 +08:00 [INF] DESKTOP-J6M8022 34864/8 SystemMonitor.Service.Worker Worker running at: "2025-08-22T05:00:12.5481912+08:00"&#xD;
2025-08-22 05:00:13.107 +08:00 [INF] DESKTOP-J6M8022 34864/12 SystemMonitor.Service.Services.RpcHostedService 客户端已连接&#xD;
2025-08-22 05:00:13.107 +08:00 [INF] DESKTOP-J6M8022 34864/12 SystemMonitor.Service.Services.RpcHostedService 客户端会话建立: conn="27a81c38-4647-493a-8fb8-8f2e144087dc"&#xD;
2025-08-22 05:00:13.111 +08:00 [INF] DESKTOP-J6M8022 34864/11 SystemMonitor.Service.Services.RpcHostedService 客户端断开：已达到流的结尾。 conn="27a81c38-4647-493a-8fb8-8f2e144087dc"&#xD;
2025-08-22 05:00:13.384 +08:00 [INF] DESKTOP-J6M8022 34864/8 SystemMonitor.Service.Services.RpcHostedService 客户端已连接&#xD;
2025-08-22 05:00:13.384 +08:00 [INF] DESKTOP-J6M8022 34864/8 SystemMonitor.Service.Services.RpcHostedService 客户端会话建立: conn="25e61bd6-9b34-4b1b-8730-8dd26623668c"&#xD;
2025-08-22 05:00:13.405 +08:00 [INF] DESKTOP-J6M8022 34864/8 SystemMonitor.Service.Services.RpcHostedService snapshot called, modules=*&#xD;
2025-08-22 05:00:13.408 +08:00 [INF] DESKTOP-J6M8022 34864/9 SystemMonitor.Service.Services.RpcHostedService 客户端断开：已达到流的结尾。 conn="25e61bd6-9b34-4b1b-8730-8dd26623668c"&#xD;
2025-08-22 05:00:13.551 +08:00 [INF] DESKTOP-J6M8022 34864/12 SystemMonitor.Service.Worker Worker running at: "2025-08-22T05:00:13.5519178+08:00"&#xD;
2025-08-22 05:00:14.561 +08:00 [INF] DESKTOP-J6M8022 34864/8 SystemMonitor.Service.Worker Worker running at: "2025-08-22T05:00:14.5613344+08:00"&#xD;
2025-08-22 05:00:15.574 +08:00 [INF] DESKTOP-J6M8022 34864/8 SystemMonitor.Service.Worker Worker running at: "2025-08-22T05:00:15.5741996+08:00"&#xD;
2025-08-22 05:00:16.580 +08:00 [INF] DESKTOP-J6M8022 34864/12 SystemMonitor.Service.Worker Worker running at: "2025-08-22T05:00:16.5802431+08:00"&#xD;
2025-08-22 05:00:17.583 +08:00 [INF] DESKTOP-J6M8022 34864/12 SystemMonitor.Service.Worker Worker running at: "2025-08-22T05:00:17.5832737+08:00"&#xD;
2025-08-22 05:00:18.114 +08:00 [INF] DESKTOP-J6M8022 34864/11 SystemMonitor.Service.Services.RpcHostedService 客户端已连接&#xD;
2025-08-22 05:00:18.114 +08:00 [INF] DESKTOP-J6M8022 34864/11 SystemMonitor.Service.Services.RpcHostedService 客户端会话建立: conn="8619790b-69c5-445b-ab8d-8526df618427"&#xD;
2025-08-22 05:00:18.116 +08:00 [INF] DESKTOP-J6M8022 34864/12 SystemMonitor.Service.Services.RpcHostedService 客户端断开：已达到流的结尾。 conn="8619790b-69c5-445b-ab8d-8526df618427"&#xD;
2025-08-22 05:00:18.595 +08:00 [INF] DESKTOP-J6M8022 34864/11 SystemMonitor.Service.Worker Worker running at: "2025-08-22T05:00:18.5953464+08:00"&#xD;
2025-08-22 05:00:19.605 +08:00 [INF] DESKTOP-J6M8022 34864/11 SystemMonitor.Service.Worker Worker running at: "2025-08-22T05:00:19.6052530+08:00"&#xD;
2025-08-22 05:00:20.613 +08:00 [INF] DESKTOP-J6M8022 34864/13 SystemMonitor.Service.Worker Worker running at: "2025-08-22T05:00:20.6131263+08:00"&#xD;
2025-08-22 05:00:21.613 +08:00 [INF] DESKTOP-J6M8022 34864/11 SystemMonitor.Service.Worker Worker running at: "2025-08-22T05:00:21.6130098+08:00"&#xD;
2025-08-22 05:00:22.624 +08:00 [INF] DESKTOP-J6M8022 34864/13 SystemMonitor.Service.Worker Worker running at: "2025-08-22T05:00:22.6244940+08:00"&#xD;
2025-08-22 05:00:23.105 +08:00 [INF] DESKTOP-J6M8022 34864/13 SystemMonitor.Service.Services.RpcHostedService 客户端已连接&#xD;
2025-08-22 05:00:23.105 +08:00 [INF] DESKTOP-J6M8022 34864/13 SystemMonitor.Service.Services.RpcHostedService 客户端会话建立: conn="849f5c90-811a-4eb3-97ea-73e1b9d03257"&#xD;
2025-08-22 05:00:23.108 +08:00 [INF] DESKTOP-J6M8022 34864/8 SystemMonitor.Service.Services.RpcHostedService 客户端断开：已达到流的结尾。 conn="849f5c90-811a-4eb3-97ea-73e1b9d03257"&#xD;
2025-08-22 05:00:23.627 +08:00 [INF] DESKTOP-J6M8022 34864/13 SystemMonitor.Service.Worker Worker running at: "2025-08-22T05:00:23.6275367+08:00"&#xD;
2025-08-22 05:00:24.631 +08:00 [INF] DESKTOP-J6M8022 34864/8 SystemMonitor.Service.Worker Worker running at: "2025-08-22T05:00:24.6319373+08:00"&#xD;
2025-08-22 05:00:25.643 +08:00 [INF] DESKTOP-J6M8022 34864/13 SystemMonitor.Service.Worker Worker running at: "2025-08-22T05:00:25.6437810+08:00"&#xD;
2025-08-22 05:00:26.649 +08:00 [INF] DESKTOP-J6M8022 34864/10 SystemMonitor.Service.Worker Worker running at: "2025-08-22T05:00:26.6498268+08:00"&#xD;
2025-08-22 05:00:27.653 +08:00 [INF] DESKTOP-J6M8022 34864/13 SystemMonitor.Service.Worker Worker running at: "2025-08-22T05:00:27.6536723+08:00"&#xD;
2025-08-22 05:00:28.104 +08:00 [INF] DESKTOP-J6M8022 34864/13 SystemMonitor.Service.Services.RpcHostedService 客户端已连接&#xD;
2025-08-22 05:00:28.104 +08:00 [INF] DESKTOP-J6M8022 34864/13 SystemMonitor.Service.Services.RpcHostedService 客户端会话建立: conn="58087a9a-4fe9-4ab7-893a-962c7c34de4d"&#xD;
2025-08-22 05:00:28.108 +08:00 [INF] DESKTOP-J6M8022 34864/10 SystemMonitor.Service.Services.RpcHostedService 客户端断开：已达到流的结尾。 conn="58087a9a-4fe9-4ab7-893a-962c7c34de4d"&#xD;
2025-08-22 05:00:28.658 +08:00 [INF] DESKTOP-J6M8022 34864/10 SystemMonitor.Service.Worker Worker running at: "2025-08-22T05:00:28.6580477+08:00"&#xD;
2025-08-22 05:00:29.667 +08:00 [INF] DESKTOP-J6M8022 34864/10 SystemMonitor.Service.Worker Worker running at: "2025-08-22T05:00:29.6670246+08:00"&#xD;
2025-08-22 05:00:30.671 +08:00 [INF] DESKTOP-J6M8022 34864/11 SystemMonitor.Service.Worker Worker running at: "2025-08-22T05:00:30.6718324+08:00"&#xD;
2025-08-22 05:00:31.677 +08:00 [INF] DESKTOP-J6M8022 34864/11 SystemMonitor.Service.Worker Worker running at: "2025-08-22T05:00:31.6773257+08:00"&#xD;
2025-08-22 05:00:32.687 +08:00 [INF] DESKTOP-J6M8022 34864/8 SystemMonitor.Service.Worker Worker running at: "2025-08-22T05:00:32.6879602+08:00"&#xD;
2025-08-22 05:00:33.104 +08:00 [INF] DESKTOP-J6M8022 34864/11 SystemMonitor.Service.Services.RpcHostedService 客户端已连接&#xD;
2025-08-22 05:00:33.104 +08:00 [INF] DESKTOP-J6M8022 34864/11 SystemMonitor.Service.Services.RpcHostedService 客户端会话建立: conn="f2efc72f-7360-4d95-8499-7acad765c432"&#xD;
2025-08-22 05:00:33.107 +08:00 [INF] DESKTOP-J6M8022 34864/11 SystemMonitor.Service.Services.RpcHostedService 客户端断开：已达到流的结尾。 conn="f2efc72f-7360-4d95-8499-7acad765c432"&#xD;
2025-08-22 05:00:33.703 +08:00 [INF] DESKTOP-J6M8022 34864/8 SystemMonitor.Service.Worker Worker running at: "2025-08-22T05:00:33.7031716+08:00"&#xD;
2025-08-22 05:00:34.705 +08:00 [INF] DESKTOP-J6M8022 34864/13 SystemMonitor.Service.Worker Worker running at: "2025-08-22T05:00:34.7053006+08:00"&#xD;
2025-08-22 05:00:35.716 +08:00 [INF] DESKTOP-J6M8022 34864/11 SystemMonitor.Service.Worker Worker running at: "2025-08-22T05:00:35.7161477+08:00"&#xD;
2025-08-22 05:00:36.721 +08:00 [INF] DESKTOP-J6M8022 34864/12 SystemMonitor.Service.Worker Worker running at: "2025-08-22T05:00:36.7213935+08:00"&#xD;
2025-08-22 05:00:37.725 +08:00 [INF] DESKTOP-J6M8022 34864/12 SystemMonitor.Service.Worker Worker running at: "2025-08-22T05:00:37.7251514+08:00"&#xD;
2025-08-22 05:00:38.118 +08:00 [INF] DESKTOP-J6M8022 34864/13 SystemMonitor.Service.Services.RpcHostedService 客户端已连接&#xD;
2025-08-22 05:00:38.118 +08:00 [INF] DESKTOP-J6M8022 34864/13 SystemMonitor.Service.Services.RpcHostedService 客户端会话建立: conn="b439ecab-ffb2-4843-8f54-1844ad704c06"&#xD;
2025-08-22 05:00:38.121 +08:00 [INF] DESKTOP-J6M8022 34864/13 SystemMonitor.Service.Services.RpcHostedService 客户端断开：已达到流的结尾。 conn="b439ecab-ffb2-4843-8f54-1844ad704c06"&#xD;
2025-08-22 05:00:38.725 +08:00 [INF] DESKTOP-J6M8022 34864/8 SystemMonitor.Service.Worker Worker running at: "2025-08-22T05:00:38.7259519+08:00"&#xD;
2025-08-22 05:00:39.740 +08:00 [INF] DESKTOP-J6M8022 34864/11 SystemMonitor.Service.Worker Worker running at: "2025-08-22T05:00:39.7403082+08:00"&#xD;
2025-08-22 05:00:40.742 +08:00 [INF] DESKTOP-J6M8022 34864/11 SystemMonitor.Service.Worker Worker running at: "2025-08-22T05:00:40.7425737+08:00"&#xD;
2025-08-22 05:00:41.745 +08:00 [INF] DESKTOP-J6M8022 34864/13 SystemMonitor.Service.Worker Worker running at: "2025-08-22T05:00:41.7451229+08:00"&#xD;
2025-08-22 05:00:42.751 +08:00 [INF] DESKTOP-J6M8022 34864/11 SystemMonitor.Service.Worker Worker running at: "2025-08-22T05:00:42.7515665+08:00"&#xD;
2025-08-22 05:00:43.110 +08:00 [INF] DESKTOP-J6M8022 34864/14 SystemMonitor.Service.Services.RpcHostedService 客户端已连接&#xD;
2025-08-22 05:00:43.110 +08:00 [INF] DESKTOP-J6M8022 34864/14 SystemMonitor.Service.Services.RpcHostedService 客户端会话建立: conn="ec82b613-da05-4264-84fe-3fb03c945d2f"&#xD;
2025-08-22 05:00:43.120 +08:00 [INF] DESKTOP-J6M8022 34864/9 SystemMonitor.Service.Services.RpcHostedService 客户端断开：已达到流的结尾。 conn="ec82b613-da05-4264-84fe-3fb03c945d2f"&#xD;
2025-08-22 05:00:43.389 +08:00 [INF] DESKTOP-J6M8022 34864/13 SystemMonitor.Service.Services.RpcHostedService 客户端已连接&#xD;
2025-08-22 05:00:43.389 +08:00 [INF] DESKTOP-J6M8022 34864/13 SystemMonitor.Service.Services.RpcHostedService 客户端会话建立: conn="2f7dc9d3-2402-4294-ba61-bc663df8cf82"&#xD;
2025-08-22 05:00:43.398 +08:00 [INF] DESKTOP-J6M8022 34864/13 SystemMonitor.Service.Services.RpcHostedService snapshot called, modules=*&#xD;
2025-08-22 05:00:43.407 +08:00 [INF] DESKTOP-J6M8022 34864/13 SystemMonitor.Service.Services.RpcHostedService 客户端断开：已达到流的结尾。 conn="2f7dc9d3-2402-4294-ba61-bc663df8cf82"&#xD;
2025-08-22 05:00:43.756 +08:00 [INF] DESKTOP-J6M8022 34864/13 SystemMonitor.Service.Worker Worker running at: "2025-08-22T05:00:43.7565234+08:00"&#xD;
2025-08-22 05:00:44.757 +08:00 [INF] DESKTOP-J6M8022 34864/11 SystemMonitor.Service.Worker Worker running at: "2025-08-22T05:00:44.7577675+08:00"&#xD;
2025-08-22 05:00:45.762 +08:00 [INF] DESKTOP-J6M8022 34864/11 SystemMonitor.Service.Worker Worker running at: "2025-08-22T05:00:45.7627674+08:00"&#xD;
2025-08-22 05:00:46.772 +08:00 [INF] DESKTOP-J6M8022 34864/11 SystemMonitor.Service.Worker Worker running at: "2025-08-22T05:00:46.7724296+08:00"&#xD;
2025-08-22 05:00:47.772 +08:00 [INF] DESKTOP-J6M8022 34864/11 SystemMonitor.Service.Worker Worker running at: "2025-08-22T05:00:47.7724414+08:00"&#xD;
2025-08-22 05:00:48.113 +08:00 [INF] DESKTOP-J6M8022 34864/11 SystemMonitor.Service.Services.RpcHostedService 客户端已连接&#xD;
2025-08-22 05:00:48.113 +08:00 [INF] DESKTOP-J6M8022 34864/11 SystemMonitor.Service.Services.RpcHostedService 客户端会话建立: conn="0b57ec2b-be63-49bb-9b61-b642d4a6bad8"&#xD;
2025-08-22 05:00:48.118 +08:00 [INF] DESKTOP-J6M8022 34864/11 SystemMonitor.Service.Services.RpcHostedService 客户端断开：已达到流的结尾。 conn="0b57ec2b-be63-49bb-9b61-b642d4a6bad8"&#xD;
2025-08-22 05:00:48.786 +08:00 [INF] DESKTOP-J6M8022 34864/14 SystemMonitor.Service.Worker Worker running at: "2025-08-22T05:00:48.7861767+08:00"&#xD;
2025-08-22 05:00:49.797 +08:00 [INF] DESKTOP-J6M8022 34864/14 SystemMonitor.Service.Worker Worker running at: "2025-08-22T05:00:49.7971060+08:00"&#xD;
2025-08-22 05:00:50.810 +08:00 [INF] DESKTOP-J6M8022 34864/14 SystemMonitor.Service.Worker Worker running at: "2025-08-22T05:00:50.8103703+08:00"&#xD;
2025-08-22 05:00:51.819 +08:00 [INF] DESKTOP-J6M8022 34864/14 SystemMonitor.Service.Worker Worker running at: "2025-08-22T05:00:51.8191149+08:00"&#xD;
2025-08-22 05:00:52.832 +08:00 [INF] DESKTOP-J6M8022 34864/14 SystemMonitor.Service.Worker Worker running at: "2025-08-22T05:00:52.8322629+08:00"&#xD;
2025-08-22 05:00:53.102 +08:00 [INF] DESKTOP-J6M8022 34864/14 SystemMonitor.Service.Services.RpcHostedService 客户端已连接&#xD;
2025-08-22 05:00:53.102 +08:00 [INF] DESKTOP-J6M8022 34864/14 SystemMonitor.Service.Services.RpcHostedService 客户端会话建立: conn="a1d8b427-d708-44e2-9952-15a5a936e6af"&#xD;
2025-08-22 05:00:53.105 +08:00 [INF] DESKTOP-J6M8022 34864/13 SystemMonitor.Service.Services.RpcHostedService 客户端断开：已达到流的结尾。 conn="a1d8b427-d708-44e2-9952-15a5a936e6af"&#xD;
2025-08-22 05:00:53.839 +08:00 [INF] DESKTOP-J6M8022 34864/9 SystemMonitor.Service.Worker Worker running at: "2025-08-22T05:00:53.8390210+08:00"&#xD;
2025-08-22 05:00:54.844 +08:00 [INF] DESKTOP-J6M8022 34864/9 SystemMonitor.Service.Worker Worker running at: "2025-08-22T05:00:54.8440332+08:00"&#xD;
2025-08-22 05:00:55.849 +08:00 [INF] DESKTOP-J6M8022 34864/14 SystemMonitor.Service.Worker Worker running at: "2025-08-22T05:00:55.8498931+08:00"&#xD;
2025-08-22 05:00:56.855 +08:00 [INF] DESKTOP-J6M8022 34864/12 SystemMonitor.Service.Worker Worker running at: "2025-08-22T05:00:56.8554623+08:00"&#xD;
2025-08-22 05:00:57.861 +08:00 [INF] DESKTOP-J6M8022 34864/12 SystemMonitor.Service.Worker Worker running at: "2025-08-22T05:00:57.8610329+08:00"&#xD;
2025-08-22 05:00:58.111 +08:00 [INF] DESKTOP-J6M8022 34864/8 SystemMonitor.Service.Services.RpcHostedService 客户端已连接&#xD;
2025-08-22 05:00:58.111 +08:00 [INF] DESKTOP-J6M8022 34864/8 SystemMonitor.Service.Services.RpcHostedService 客户端会话建立: conn="667ed3f1-bd30-41e0-92ff-80608571c1ce"&#xD;
2025-08-22 05:00:58.116 +08:00 [INF] DESKTOP-J6M8022 34864/12 SystemMonitor.Service.Services.RpcHostedService 客户端断开：已达到流的结尾。 conn="667ed3f1-bd30-41e0-92ff-80608571c1ce"&#xD;
2025-08-22 05:00:58.863 +08:00 [INF] DESKTOP-J6M8022 34864/8 SystemMonitor.Service.Worker Worker running at: "2025-08-22T05:00:58.8635685+08:00"&#xD;
2025-08-22 05:00:59.864 +08:00 [INF] DESKTOP-J6M8022 34864/13 SystemMonitor.Service.Worker Worker running at: "2025-08-22T05:00:59.8639948+08:00"&#xD;
2025-08-22 05:01:00.871 +08:00 [INF] DESKTOP-J6M8022 34864/8 SystemMonitor.Service.Worker Worker running at: "2025-08-22T05:01:00.8711317+08:00"&#xD;
2025-08-22 05:01:01.872 +08:00 [INF] DESKTOP-J6M8022 34864/8 SystemMonitor.Service.Worker Worker running at: "2025-08-22T05:01:01.8723849+08:00"&#xD;
2025-08-22 05:01:02.874 +08:00 [INF] DESKTOP-J6M8022 34864/13 SystemMonitor.Service.Worker Worker running at: "2025-08-22T05:01:02.8742125+08:00"&#xD;
2025-08-22 05:01:03.109 +08:00 [INF] DESKTOP-J6M8022 34864/13 SystemMonitor.Service.Services.RpcHostedService 客户端已连接&#xD;
2025-08-22 05:01:03.109 +08:00 [INF] DESKTOP-J6M8022 34864/13 SystemMonitor.Service.Services.RpcHostedService 客户端会话建立: conn="6f7008b5-fb8e-492a-bb7e-9769bc95aca3"&#xD;
2025-08-22 05:01:03.113 +08:00 [INF] DESKTOP-J6M8022 34864/13 SystemMonitor.Service.Services.RpcHostedService 客户端断开：已达到流的结尾。 conn="6f7008b5-fb8e-492a-bb7e-9769bc95aca3"&#xD;
2025-08-22 05:01:03.878 +08:00 [INF] DESKTOP-J6M8022 34864/9 SystemMonitor.Service.Worker Worker running at: "2025-08-22T05:01:03.8780156+08:00"&#xD;
2025-08-22 05:01:04.882 +08:00 [INF] DESKTOP-J6M8022 34864/9 SystemMonitor.Service.Worker Worker running at: "2025-08-22T05:01:04.8824276+08:00"&#xD;
2025-08-22 05:01:05.888 +08:00 [INF] DESKTOP-J6M8022 34864/9 SystemMonitor.Service.Worker Worker running at: "2025-08-22T05:01:05.8884444+08:00"&#xD;
2025-08-22 05:01:06.898 +08:00 [INF] DESKTOP-J6M8022 34864/13 SystemMonitor.Service.Worker Worker running at: "2025-08-22T05:01:06.8980438+08:00"&#xD;
2025-08-22 05:01:07.902 +08:00 [INF] DESKTOP-J6M8022 34864/12 SystemMonitor.Service.Worker Worker running at: "2025-08-22T05:01:07.9022915+08:00"&#xD;
2025-08-22 05:01:08.106 +08:00 [INF] DESKTOP-J6M8022 34864/12 SystemMonitor.Service.Services.RpcHostedService 客户端已连接&#xD;
2025-08-22 05:01:08.106 +08:00 [INF] DESKTOP-J6M8022 34864/12 SystemMonitor.Service.Services.RpcHostedService 客户端会话建立: conn="57e57623-52be-4bde-b1c7-694c9251d418"&#xD;
2025-08-22 05:01:08.111 +08:00 [INF] DESKTOP-J6M8022 34864/14 SystemMonitor.Service.Services.RpcHostedService 客户端断开：已达到流的结尾。 conn="57e57623-52be-4bde-b1c7-694c9251d418"&#xD;
2025-08-22 05:01:08.904 +08:00 [INF] DESKTOP-J6M8022 34864/13 SystemMonitor.Service.Worker Worker running at: "2025-08-22T05:01:08.9045942+08:00"&#xD;
2025-08-22 05:01:09.905 +08:00 [INF] DESKTOP-J6M8022 34864/12 SystemMonitor.Service.Worker Worker running at: "2025-08-22T05:01:09.9059497+08:00"&#xD;
2025-08-22 05:01:10.910 +08:00 [INF] DESKTOP-J6M8022 34864/8 SystemMonitor.Service.Worker Worker running at: "2025-08-22T05:01:10.9104565+08:00"&#xD;
2025-08-22 05:01:11.913 +08:00 [INF] DESKTOP-J6M8022 34864/12 SystemMonitor.Service.Worker Worker running at: "2025-08-22T05:01:11.9132884+08:00"&#xD;
2025-08-22 05:01:12.917 +08:00 [INF] DESKTOP-J6M8022 34864/8 SystemMonitor.Service.Worker Worker running at: "2025-08-22T05:01:12.9173706+08:00"&#xD;
2025-08-22 05:01:13.103 +08:00 [INF] DESKTOP-J6M8022 34864/8 SystemMonitor.Service.Services.RpcHostedService 客户端已连接&#xD;
2025-08-22 05:01:13.103 +08:00 [INF] DESKTOP-J6M8022 34864/8 SystemMonitor.Service.Services.RpcHostedService 客户端会话建立: conn="8c8ff938-4ec2-4b63-94b8-07d74318db55"&#xD;
2025-08-22 05:01:13.107 +08:00 [INF] DESKTOP-J6M8022 34864/12 SystemMonitor.Service.Services.RpcHostedService 客户端断开：已达到流的结尾。 conn="8c8ff938-4ec2-4b63-94b8-07d74318db55"&#xD;
2025-08-22 05:01:13.395 +08:00 [INF] DESKTOP-J6M8022 34864/8 SystemMonitor.Service.Services.RpcHostedService 客户端已连接&#xD;
2025-08-22 05:01:13.395 +08:00 [INF] DESKTOP-J6M8022 34864/8 SystemMonitor.Service.Services.RpcHostedService 客户端会话建立: conn="0d0e45ce-49cf-483b-8035-5df65c66b336"&#xD;
2025-08-22 05:01:13.409 +08:00 [INF] DESKTOP-J6M8022 34864/8 SystemMonitor.Service.Services.RpcHostedService snapshot called, modules=*&#xD;
2025-08-22 05:01:13.415 +08:00 [INF] DESKTOP-J6M8022 34864/12 SystemMonitor.Service.Services.RpcHostedService 客户端断开：已达到流的结尾。 conn="0d0e45ce-49cf-483b-8035-5df65c66b336"&#xD;
2025-08-22 05:01:13.923 +08:00 [INF] DESKTOP-J6M8022 34864/14 SystemMonitor.Service.Worker Worker running at: "2025-08-22T05:01:13.9232807+08:00"&#xD;
2025-08-22 05:01:14.929 +08:00 [INF] DESKTOP-J6M8022 34864/12 SystemMonitor.Service.Worker Worker running at: "2025-08-22T05:01:14.9292827+08:00"&#xD;
2025-08-22 05:01:15.932 +08:00 [INF] DESKTOP-J6M8022 34864/8 SystemMonitor.Service.Worker Worker running at: "2025-08-22T05:01:15.9326500+08:00"&#xD;
2025-08-22 05:01:16.939 +08:00 [INF] DESKTOP-J6M8022 34864/14 SystemMonitor.Service.Worker Worker running at: "2025-08-22T05:01:16.9393680+08:00"&#xD;
2025-08-22 05:01:17.943 +08:00 [INF] DESKTOP-J6M8022 34864/8 SystemMonitor.Service.Worker Worker running at: "2025-08-22T05:01:17.9432416+08:00"&#xD;
2025-08-22 05:01:18.116 +08:00 [INF] DESKTOP-J6M8022 34864/8 SystemMonitor.Service.Services.RpcHostedService 客户端已连接&#xD;
2025-08-22 05:01:18.116 +08:00 [INF] DESKTOP-J6M8022 34864/8 SystemMonitor.Service.Services.RpcHostedService 客户端会话建立: conn="4caa660b-18e4-4979-bebe-31bdd3b07642"&#xD;
2025-08-22 05:01:18.119 +08:00 [INF] DESKTOP-J6M8022 34864/12 SystemMonitor.Service.Services.RpcHostedService 客户端断开：已达到流的结尾。 conn="4caa660b-18e4-4979-bebe-31bdd3b07642"&#xD;
2025-08-22 05:01:18.947 +08:00 [INF] DESKTOP-J6M8022 34864/8 SystemMonitor.Service.Worker Worker running at: "2025-08-22T05:01:18.9470563+08:00"&#xD;
2025-08-22 05:01:19.950 +08:00 [INF] DESKTOP-J6M8022 34864/8 SystemMonitor.Service.Worker Worker running at: "2025-08-22T05:01:19.9501774+08:00"&#xD;
2025-08-22 05:01:20.958 +08:00 [INF] DESKTOP-J6M8022 34864/8 SystemMonitor.Service.Worker Worker running at: "2025-08-22T05:01:20.9579718+08:00"&#xD;
2025-08-22 05:01:21.959 +08:00 [INF] DESKTOP-J6M8022 34864/14 SystemMonitor.Service.Worker Worker running at: "2025-08-22T05:01:21.9594726+08:00"&#xD;
2025-08-22 05:01:22.963 +08:00 [INF] DESKTOP-J6M8022 34864/8 SystemMonitor.Service.Worker Worker running at: "2025-08-22T05:01:22.9634519+08:00"&#xD;
2025-08-22 05:01:23.105 +08:00 [INF] DESKTOP-J6M8022 34864/8 SystemMonitor.Service.Services.RpcHostedService 客户端已连接&#xD;
2025-08-22 05:01:23.105 +08:00 [INF] DESKTOP-J6M8022 34864/8 SystemMonitor.Service.Services.RpcHostedService 客户端会话建立: conn="8639769c-80fa-407f-b9a9-4050afd76198"&#xD;
2025-08-22 05:01:23.107 +08:00 [INF] DESKTOP-J6M8022 34864/14 SystemMonitor.Service.Services.RpcHostedService 客户端断开：已达到流的结尾。 conn="8639769c-80fa-407f-b9a9-4050afd76198"&#xD;
2025-08-22 05:01:23.971 +08:00 [INF] DESKTOP-J6M8022 34864/11 SystemMonitor.Service.Worker Worker running at: "2025-08-22T05:01:23.9715344+08:00"&#xD;
2025-08-22 05:01:24.982 +08:00 [INF] DESKTOP-J6M8022 34864/11 SystemMonitor.Service.Worker Worker running at: "2025-08-22T05:01:24.9819615+08:00"&#xD;
2025-08-22 05:01:25.994 +08:00 [INF] DESKTOP-J6M8022 34864/11 SystemMonitor.Service.Worker Worker running at: "2025-08-22T05:01:25.9941989+08:00"&#xD;
2025-08-22 05:01:26.999 +08:00 [INF] DESKTOP-J6M8022 34864/8 SystemMonitor.Service.Worker Worker running at: "2025-08-22T05:01:26.9999359+08:00"&#xD;
2025-08-22 05:01:28.013 +08:00 [INF] DESKTOP-J6M8022 34864/11 SystemMonitor.Service.Worker Worker running at: "2025-08-22T05:01:28.0133025+08:00"&#xD;
2025-08-22 05:01:28.109 +08:00 [INF] DESKTOP-J6M8022 34864/11 SystemMonitor.Service.Services.RpcHostedService 客户端已连接&#xD;
2025-08-22 05:01:28.109 +08:00 [INF] DESKTOP-J6M8022 34864/11 SystemMonitor.Service.Services.RpcHostedService 客户端会话建立: conn="fda2e581-c0a4-4aa4-a5e0-11787ca179bd"&#xD;
2025-08-22 05:01:28.112 +08:00 [INF] DESKTOP-J6M8022 34864/11 SystemMonitor.Service.Services.RpcHostedService 客户端断开：已达到流的结尾。 conn="fda2e581-c0a4-4aa4-a5e0-11787ca179bd"&#xD;
2025-08-22 05:01:29.018 +08:00 [INF] DESKTOP-J6M8022 34864/11 SystemMonitor.Service.Worker Worker running at: "2025-08-22T05:01:29.0183364+08:00"&#xD;
2025-08-22 05:01:30.019 +08:00 [INF] DESKTOP-J6M8022 34864/8 SystemMonitor.Service.Worker Worker running at: "2025-08-22T05:01:30.0195935+08:00"&#xD;
2025-08-22 05:01:31.026 +08:00 [INF] DESKTOP-J6M8022 34864/8 SystemMonitor.Service.Worker Worker running at: "2025-08-22T05:01:31.0262398+08:00"&#xD;
2025-08-22 05:01:32.031 +08:00 [INF] DESKTOP-J6M8022 34864/12 SystemMonitor.Service.Worker Worker running at: "2025-08-22T05:01:32.0310132+08:00"&#xD;
2025-08-22 05:01:33.035 +08:00 [INF] DESKTOP-J6M8022 34864/12 SystemMonitor.Service.Worker Worker running at: "2025-08-22T05:01:33.0357910+08:00"&#xD;
2025-08-22 05:01:33.116 +08:00 [INF] DESKTOP-J6M8022 34864/12 SystemMonitor.Service.Services.RpcHostedService 客户端已连接&#xD;
2025-08-22 05:01:33.116 +08:00 [INF] DESKTOP-J6M8022 34864/12 SystemMonitor.Service.Services.RpcHostedService 客户端会话建立: conn="34e1094f-2d5d-4eb2-b05a-37c0e40cc011"&#xD;
2025-08-22 05:01:33.119 +08:00 [INF] DESKTOP-J6M8022 34864/8 SystemMonitor.Service.Services.RpcHostedService 客户端断开：已达到流的结尾。 conn="34e1094f-2d5d-4eb2-b05a-37c0e40cc011"&#xD;
2025-08-22 05:01:34.041 +08:00 [INF] DESKTOP-J6M8022 34864/8 SystemMonitor.Service.Worker Worker running at: "2025-08-22T05:01:34.0416262+08:00"&#xD;
2025-08-22 05:01:35.045 +08:00 [INF] DESKTOP-J6M8022 34864/8 SystemMonitor.Service.Worker Worker running at: "2025-08-22T05:01:35.0457088+08:00"&#xD;
2025-08-22 05:01:36.047 +08:00 [INF] DESKTOP-J6M8022 34864/12 SystemMonitor.Service.Worker Worker running at: "2025-08-22T05:01:36.0479378+08:00"&#xD;
2025-08-22 05:01:37.050 +08:00 [INF] DESKTOP-J6M8022 34864/12 SystemMonitor.Service.Worker Worker running at: "2025-08-22T05:01:37.0504892+08:00"&#xD;
2025-08-22 05:01:38.061 +08:00 [INF] DESKTOP-J6M8022 34864/14 SystemMonitor.Service.Worker Worker running at: "2025-08-22T05:01:38.0614429+08:00"&#xD;
2025-08-22 05:01:38.110 +08:00 [INF] DESKTOP-J6M8022 34864/12 SystemMonitor.Service.Services.RpcHostedService 客户端已连接&#xD;
2025-08-22 05:01:38.110 +08:00 [INF] DESKTOP-J6M8022 34864/12 SystemMonitor.Service.Services.RpcHostedService 客户端会话建立: conn="06117a62-6040-4241-9927-358af4226d43"&#xD;
2025-08-22 05:01:38.113 +08:00 [INF] DESKTOP-J6M8022 34864/14 SystemMonitor.Service.Services.RpcHostedService 客户端断开：已达到流的结尾。 conn="06117a62-6040-4241-9927-358af4226d43"&#xD;
2025-08-22 05:01:39.064 +08:00 [INF] DESKTOP-J6M8022 34864/14 SystemMonitor.Service.Worker Worker running at: "2025-08-22T05:01:39.0644324+08:00"&#xD;
2025-08-22 05:01:40.069 +08:00 [INF] DESKTOP-J6M8022 34864/8 SystemMonitor.Service.Worker Worker running at: "2025-08-22T05:01:40.0698228+08:00"&#xD;
2025-08-22 05:01:41.072 +08:00 [INF] DESKTOP-J6M8022 34864/8 SystemMonitor.Service.Worker Worker running at: "2025-08-22T05:01:41.0721700+08:00"&#xD;
2025-08-22 05:01:42.086 +08:00 [INF] DESKTOP-J6M8022 34864/11 SystemMonitor.Service.Worker Worker running at: "2025-08-22T05:01:42.0860513+08:00"&#xD;
2025-08-22 05:01:43.101 +08:00 [INF] DESKTOP-J6M8022 34864/8 SystemMonitor.Service.Worker Worker running at: "2025-08-22T05:01:43.1011436+08:00"&#xD;
2025-08-22 05:01:43.105 +08:00 [INF] DESKTOP-J6M8022 34864/9 SystemMonitor.Service.Services.RpcHostedService 客户端已连接&#xD;
2025-08-22 05:01:43.105 +08:00 [INF] DESKTOP-J6M8022 34864/9 SystemMonitor.Service.Services.RpcHostedService 客户端会话建立: conn="860b5ccb-a321-4101-b6d7-ba8cfd17c2fa"&#xD;
2025-08-22 05:01:43.109 +08:00 [INF] DESKTOP-J6M8022 34864/8 SystemMonitor.Service.Services.RpcHostedService 客户端断开：已达到流的结尾。 conn="860b5ccb-a321-4101-b6d7-ba8cfd17c2fa"&#xD;
2025-08-22 05:01:43.386 +08:00 [INF] DESKTOP-J6M8022 34864/11 SystemMonitor.Service.Services.RpcHostedService 客户端已连接&#xD;
2025-08-22 05:01:43.386 +08:00 [INF] DESKTOP-J6M8022 34864/11 SystemMonitor.Service.Services.RpcHostedService 客户端会话建立: conn="7103465a-6b36-49d0-b971-0765ff27b367"&#xD;
2025-08-22 05:01:43.387 +08:00 [INF] DESKTOP-J6M8022 34864/11 SystemMonitor.Service.Services.RpcHostedService snapshot called, modules=*&#xD;
2025-08-22 05:01:43.394 +08:00 [INF] DESKTOP-J6M8022 34864/14 SystemMonitor.Service.Services.RpcHostedService 客户端断开：已达到流的结尾。 conn="7103465a-6b36-49d0-b971-0765ff27b367"&#xD;
2025-08-22 05:01:44.107 +08:00 [INF] DESKTOP-J6M8022 34864/11 SystemMonitor.Service.Worker Worker running at: "2025-08-22T05:01:44.1078485+08:00"&#xD;
2025-08-22 05:01:45.116 +08:00 [INF] DESKTOP-J6M8022 34864/8 SystemMonitor.Service.Worker Worker running at: "2025-08-22T05:01:45.1165225+08:00"&#xD;
2025-08-22 05:01:46.125 +08:00 [INF] DESKTOP-J6M8022 34864/8 SystemMonitor.Service.Worker Worker running at: "2025-08-22T05:01:46.1259467+08:00"&#xD;
2025-08-22 05:01:47.131 +08:00 [INF] DESKTOP-J6M8022 34864/8 SystemMonitor.Service.Worker Worker running at: "2025-08-22T05:01:47.1319177+08:00"&#xD;
2025-08-22 05:01:48.110 +08:00 [INF] DESKTOP-J6M8022 34864/9 SystemMonitor.Service.Services.RpcHostedService 客户端已连接&#xD;
2025-08-22 05:01:48.111 +08:00 [INF] DESKTOP-J6M8022 34864/9 SystemMonitor.Service.Services.RpcHostedService 客户端会话建立: conn="dc929a0f-2511-48c2-b921-bb00e3b2d95e"&#xD;
2025-08-22 05:01:48.113 +08:00 [INF] DESKTOP-J6M8022 34864/9 SystemMonitor.Service.Services.RpcHostedService 客户端断开：已达到流的结尾。 conn="dc929a0f-2511-48c2-b921-bb00e3b2d95e"&#xD;
2025-08-22 05:01:48.139 +08:00 [INF] DESKTOP-J6M8022 34864/9 SystemMonitor.Service.Worker Worker running at: "2025-08-22T05:01:48.1397480+08:00"&#xD;
2025-08-22 05:01:49.149 +08:00 [INF] DESKTOP-J6M8022 34864/9 SystemMonitor.Service.Worker Worker running at: "2025-08-22T05:01:49.1490602+08:00"&#xD;
2025-08-22 05:01:50.156 +08:00 [INF] DESKTOP-J6M8022 34864/9 SystemMonitor.Service.Worker Worker running at: "2025-08-22T05:01:50.1565687+08:00"&#xD;
2025-08-22 05:01:51.163 +08:00 [INF] DESKTOP-J6M8022 34864/8 SystemMonitor.Service.Worker Worker running at: "2025-08-22T05:01:51.1638742+08:00"&#xD;
2025-08-22 05:01:52.175 +08:00 [INF] DESKTOP-J6M8022 34864/8 SystemMonitor.Service.Worker Worker running at: "2025-08-22T05:01:52.1751866+08:00"&#xD;
2025-08-22 05:01:53.106 +08:00 [INF] DESKTOP-J6M8022 34864/8 SystemMonitor.Service.Services.RpcHostedService 客户端已连接&#xD;
2025-08-22 05:01:53.106 +08:00 [INF] DESKTOP-J6M8022 34864/8 SystemMonitor.Service.Services.RpcHostedService 客户端会话建立: conn="cf08e297-f8bc-42e5-a912-8cdf3760d104"&#xD;
2025-08-22 05:01:53.109 +08:00 [INF] DESKTOP-J6M8022 34864/14 SystemMonitor.Service.Services.RpcHostedService 客户端断开：已达到流的结尾。 conn="cf08e297-f8bc-42e5-a912-8cdf3760d104"&#xD;
2025-08-22 05:01:53.183 +08:00 [INF] DESKTOP-J6M8022 34864/12 SystemMonitor.Service.Worker Worker running at: "2025-08-22T05:01:53.1832976+08:00"&#xD;
2025-08-22 05:01:54.188 +08:00 [INF] DESKTOP-J6M8022 34864/12 SystemMonitor.Service.Worker Worker running at: "2025-08-22T05:01:54.1886519+08:00"&#xD;
2025-08-22 05:01:55.189 +08:00 [INF] DESKTOP-J6M8022 34864/12 SystemMonitor.Service.Worker Worker running at: "2025-08-22T05:01:55.1890118+08:00"&#xD;
2025-08-22 05:01:56.201 +08:00 [INF] DESKTOP-J6M8022 34864/14 SystemMonitor.Service.Worker Worker running at: "2025-08-22T05:01:56.2011712+08:00"&#xD;
2025-08-22 05:01:57.203 +08:00 [INF] DESKTOP-J6M8022 34864/12 SystemMonitor.Service.Worker Worker running at: "2025-08-22T05:01:57.2030740+08:00"&#xD;
2025-08-22 05:01:58.150 +08:00 [INF] DESKTOP-J6M8022 34864/11 SystemMonitor.Service.Services.RpcHostedService 客户端已连接&#xD;
2025-08-22 05:01:58.150 +08:00 [INF] DESKTOP-J6M8022 34864/11 SystemMonitor.Service.Services.RpcHostedService 客户端会话建立: conn="12ea3cb9-6e37-4a78-8a02-17ba9963b724"&#xD;
2025-08-22 05:01:58.164 +08:00 [INF] DESKTOP-J6M8022 34864/14 SystemMonitor.Service.Services.RpcHostedService 客户端断开：已达到流的结尾。 conn="12ea3cb9-6e37-4a78-8a02-17ba9963b724"&#xD;
2025-08-22 05:01:58.220 +08:00 [INF] DESKTOP-J6M8022 34864/14 SystemMonitor.Service.Worker Worker running at: "2025-08-22T05:01:58.2204087+08:00"&#xD;
2025-08-22 05:01:59.232 +08:00 [INF] DESKTOP-J6M8022 34864/11 SystemMonitor.Service.Worker Worker running at: "2025-08-22T05:01:59.2321592+08:00"&#xD;
2025-08-22 05:02:00.236 +08:00 [INF] DESKTOP-J6M8022 34864/14 SystemMonitor.Service.Worker Worker running at: "2025-08-22T05:02:00.2367533+08:00"&#xD;
2025-08-22 05:02:01.245 +08:00 [INF] DESKTOP-J6M8022 34864/11 SystemMonitor.Service.Worker Worker running at: "2025-08-22T05:02:01.2451701+08:00"&#xD;
2025-08-22 05:02:02.255 +08:00 [INF] DESKTOP-J6M8022 34864/11 SystemMonitor.Service.Worker Worker running at: "2025-08-22T05:02:02.2559126+08:00"</Message>
          <StackTrace>   at SystemMonitor.Tests.EndToEndTests.WaitPipeReadyAsync(TimeSpan timeout) in C:\code\sys-sensor-v3\src\SystemMonitor.Tests\EndToEndTests.cs:line 151&#xD;
   at SystemMonitor.Tests.EndToEndTests.InitializeAsync() in C:\code\sys-sensor-v3\src\SystemMonitor.Tests\EndToEndTests.cs:line 278</StackTrace>
        </ErrorInfo>
      </Output>
    </UnitTestResult>
    <UnitTestResult executionId="40540d5c-78e3-4611-bd9f-326907a46840" testId="2fee1618-453a-fb22-e956-2fd9d457aed7" testName="SystemMonitor.Tests.ContractTests.Stop_Request_Serializes_To_SnakeCase" computerName="DESKTOP-J6M8022" duration="00:00:00.0006300" startTime="2025-08-22T05:03:59.6898585+08:00" endTime="2025-08-22T05:03:59.6898587+08:00" testType="13cdc9d9-ddb5-4fa4-a97d-d965ccfc6d4b" outcome="Passed" testListId="8c84fa94-04c1-424b-9868-57a2d4851a1d" relativeResultsDirectory="40540d5c-78e3-4611-bd9f-326907a46840" />
    <UnitTestResult executionId="8244a80f-9648-42a4-a795-bcba66d751a1" testId="f6814e48-0b49-81a9-5412-aa1c3ac48e00" testName="SystemMonitor.Tests.ContractTests.QueryHistory_Request_Serializes_To_SnakeCase" computerName="DESKTOP-J6M8022" duration="00:00:00.0016172" startTime="2025-08-22T05:03:59.6915842+08:00" endTime="2025-08-22T05:03:59.6915845+08:00" testType="13cdc9d9-ddb5-4fa4-a97d-d965ccfc6d4b" outcome="Passed" testListId="8c84fa94-04c1-424b-9868-57a2d4851a1d" relativeResultsDirectory="8244a80f-9648-42a4-a795-bcba66d751a1" />
    <UnitTestResult executionId="176b6251-7e63-406e-919c-11f53fef6b57" testId="ba4d86c4-e56e-4feb-035c-05a39221e7db" testName="SystemMonitor.Tests.EndToEndTests.Snapshot_Cpu_Expanded_Fields" computerName="DESKTOP-J6M8022" duration="00:00:00.0010000" startTime="2025-08-22T05:04:12.9879123+08:00" endTime="2025-08-22T05:04:12.9879124+08:00" testType="13cdc9d9-ddb5-4fa4-a97d-d965ccfc6d4b" outcome="Failed" testListId="8c84fa94-04c1-424b-9868-57a2d4851a1d" relativeResultsDirectory="176b6251-7e63-406e-919c-11f53fef6b57">
      <Output>
        <ErrorInfo>
          <Message>System.InvalidOperationException : Service exited while waiting for pipe. Code=1. Tail:
[svc][out] 姝ｅ湪鐢熸垚...&#xD;
[svc][out] C:\code\sys-sensor-v3\src\SystemMonitor.Service\Services\RpcHostedService.cs(201,31): error CS0103: 褰撳墠涓婁笅鏂囦腑涓嶅瓨鍦ㄥ悕绉扳€淭ryCreateCounter鈥?[C:\code\sys-sensor-v3\src\SystemMonitor.Service\SystemMonitor.Service.csproj]&#xD;
[svc][out] C:\code\sys-sensor-v3\src\SystemMonitor.Service\Services\RpcHostedService.cs(203,35): error CS0103: 褰撳墠涓婁笅鏂囦腑涓嶅瓨鍦ㄥ悕绉扳€淭ryCreateCounter鈥?[C:\code\sys-sensor-v3\src\SystemMonitor.Service\SystemMonitor.Service.csproj]&#xD;
[svc][out] C:\code\sys-sensor-v3\src\SystemMonitor.Service\Program.cs(76,13): warning CA1416: 鍙湪鎵€鏈夊钩鍙颁笂璁块棶姝よ皟鐢ㄧ珯鐐广€?RpcHostedService" 浠呭湪 'windows' 涓婂彈鏀寔銆?(https://learn.microsoft.com/dotnet/fundamentals/code-analysis/quality-rules/ca1416) [C:\code\sys-sensor-v3\src\SystemMonitor.Service\SystemMonitor.Service.csproj]&#xD;
[svc][err] 鐢熸垚澶辫触銆傝淇鐢熸垚閿欒骞堕噸鏂拌繍琛屻€?
[file-log-tail]
2025-08-22 05:00:07.505 +08:00 [INF] DESKTOP-J6M8022 34864/11 SystemMonitor.Service.Worker Worker running at: "2025-08-22T05:00:07.5059406+08:00"&#xD;
2025-08-22 05:00:08.115 +08:00 [INF] DESKTOP-J6M8022 34864/11 SystemMonitor.Service.Services.RpcHostedService 客户端已连接&#xD;
2025-08-22 05:00:08.115 +08:00 [INF] DESKTOP-J6M8022 34864/11 SystemMonitor.Service.Services.RpcHostedService 客户端会话建立: conn="3ebaf5c9-7a90-4c1f-8d06-77e4b9511b6b"&#xD;
2025-08-22 05:00:08.119 +08:00 [INF] DESKTOP-J6M8022 34864/11 SystemMonitor.Service.Services.RpcHostedService 客户端断开：已达到流的结尾。 conn="3ebaf5c9-7a90-4c1f-8d06-77e4b9511b6b"&#xD;
2025-08-22 05:00:08.515 +08:00 [INF] DESKTOP-J6M8022 34864/11 SystemMonitor.Service.Worker Worker running at: "2025-08-22T05:00:08.5155952+08:00"&#xD;
2025-08-22 05:00:09.524 +08:00 [INF] DESKTOP-J6M8022 34864/9 SystemMonitor.Service.Worker Worker running at: "2025-08-22T05:00:09.5241284+08:00"&#xD;
2025-08-22 05:00:10.532 +08:00 [INF] DESKTOP-J6M8022 34864/8 SystemMonitor.Service.Worker Worker running at: "2025-08-22T05:00:10.5324730+08:00"&#xD;
2025-08-22 05:00:11.535 +08:00 [INF] DESKTOP-J6M8022 34864/12 SystemMonitor.Service.Worker Worker running at: "2025-08-22T05:00:11.5357528+08:00"&#xD;
2025-08-22 05:00:12.548 +08:00 [INF] DESKTOP-J6M8022 34864/8 SystemMonitor.Service.Worker Worker running at: "2025-08-22T05:00:12.5481912+08:00"&#xD;
2025-08-22 05:00:13.107 +08:00 [INF] DESKTOP-J6M8022 34864/12 SystemMonitor.Service.Services.RpcHostedService 客户端已连接&#xD;
2025-08-22 05:00:13.107 +08:00 [INF] DESKTOP-J6M8022 34864/12 SystemMonitor.Service.Services.RpcHostedService 客户端会话建立: conn="27a81c38-4647-493a-8fb8-8f2e144087dc"&#xD;
2025-08-22 05:00:13.111 +08:00 [INF] DESKTOP-J6M8022 34864/11 SystemMonitor.Service.Services.RpcHostedService 客户端断开：已达到流的结尾。 conn="27a81c38-4647-493a-8fb8-8f2e144087dc"&#xD;
2025-08-22 05:00:13.384 +08:00 [INF] DESKTOP-J6M8022 34864/8 SystemMonitor.Service.Services.RpcHostedService 客户端已连接&#xD;
2025-08-22 05:00:13.384 +08:00 [INF] DESKTOP-J6M8022 34864/8 SystemMonitor.Service.Services.RpcHostedService 客户端会话建立: conn="25e61bd6-9b34-4b1b-8730-8dd26623668c"&#xD;
2025-08-22 05:00:13.405 +08:00 [INF] DESKTOP-J6M8022 34864/8 SystemMonitor.Service.Services.RpcHostedService snapshot called, modules=*&#xD;
2025-08-22 05:00:13.408 +08:00 [INF] DESKTOP-J6M8022 34864/9 SystemMonitor.Service.Services.RpcHostedService 客户端断开：已达到流的结尾。 conn="25e61bd6-9b34-4b1b-8730-8dd26623668c"&#xD;
2025-08-22 05:00:13.551 +08:00 [INF] DESKTOP-J6M8022 34864/12 SystemMonitor.Service.Worker Worker running at: "2025-08-22T05:00:13.5519178+08:00"&#xD;
2025-08-22 05:00:14.561 +08:00 [INF] DESKTOP-J6M8022 34864/8 SystemMonitor.Service.Worker Worker running at: "2025-08-22T05:00:14.5613344+08:00"&#xD;
2025-08-22 05:00:15.574 +08:00 [INF] DESKTOP-J6M8022 34864/8 SystemMonitor.Service.Worker Worker running at: "2025-08-22T05:00:15.5741996+08:00"&#xD;
2025-08-22 05:00:16.580 +08:00 [INF] DESKTOP-J6M8022 34864/12 SystemMonitor.Service.Worker Worker running at: "2025-08-22T05:00:16.5802431+08:00"&#xD;
2025-08-22 05:00:17.583 +08:00 [INF] DESKTOP-J6M8022 34864/12 SystemMonitor.Service.Worker Worker running at: "2025-08-22T05:00:17.5832737+08:00"&#xD;
2025-08-22 05:00:18.114 +08:00 [INF] DESKTOP-J6M8022 34864/11 SystemMonitor.Service.Services.RpcHostedService 客户端已连接&#xD;
2025-08-22 05:00:18.114 +08:00 [INF] DESKTOP-J6M8022 34864/11 SystemMonitor.Service.Services.RpcHostedService 客户端会话建立: conn="8619790b-69c5-445b-ab8d-8526df618427"&#xD;
2025-08-22 05:00:18.116 +08:00 [INF] DESKTOP-J6M8022 34864/12 SystemMonitor.Service.Services.RpcHostedService 客户端断开：已达到流的结尾。 conn="8619790b-69c5-445b-ab8d-8526df618427"&#xD;
2025-08-22 05:00:18.595 +08:00 [INF] DESKTOP-J6M8022 34864/11 SystemMonitor.Service.Worker Worker running at: "2025-08-22T05:00:18.5953464+08:00"&#xD;
2025-08-22 05:00:19.605 +08:00 [INF] DESKTOP-J6M8022 34864/11 SystemMonitor.Service.Worker Worker running at: "2025-08-22T05:00:19.6052530+08:00"&#xD;
2025-08-22 05:00:20.613 +08:00 [INF] DESKTOP-J6M8022 34864/13 SystemMonitor.Service.Worker Worker running at: "2025-08-22T05:00:20.6131263+08:00"&#xD;
2025-08-22 05:00:21.613 +08:00 [INF] DESKTOP-J6M8022 34864/11 SystemMonitor.Service.Worker Worker running at: "2025-08-22T05:00:21.6130098+08:00"&#xD;
2025-08-22 05:00:22.624 +08:00 [INF] DESKTOP-J6M8022 34864/13 SystemMonitor.Service.Worker Worker running at: "2025-08-22T05:00:22.6244940+08:00"&#xD;
2025-08-22 05:00:23.105 +08:00 [INF] DESKTOP-J6M8022 34864/13 SystemMonitor.Service.Services.RpcHostedService 客户端已连接&#xD;
2025-08-22 05:00:23.105 +08:00 [INF] DESKTOP-J6M8022 34864/13 SystemMonitor.Service.Services.RpcHostedService 客户端会话建立: conn="849f5c90-811a-4eb3-97ea-73e1b9d03257"&#xD;
2025-08-22 05:00:23.108 +08:00 [INF] DESKTOP-J6M8022 34864/8 SystemMonitor.Service.Services.RpcHostedService 客户端断开：已达到流的结尾。 conn="849f5c90-811a-4eb3-97ea-73e1b9d03257"&#xD;
2025-08-22 05:00:23.627 +08:00 [INF] DESKTOP-J6M8022 34864/13 SystemMonitor.Service.Worker Worker running at: "2025-08-22T05:00:23.6275367+08:00"&#xD;
2025-08-22 05:00:24.631 +08:00 [INF] DESKTOP-J6M8022 34864/8 SystemMonitor.Service.Worker Worker running at: "2025-08-22T05:00:24.6319373+08:00"&#xD;
2025-08-22 05:00:25.643 +08:00 [INF] DESKTOP-J6M8022 34864/13 SystemMonitor.Service.Worker Worker running at: "2025-08-22T05:00:25.6437810+08:00"&#xD;
2025-08-22 05:00:26.649 +08:00 [INF] DESKTOP-J6M8022 34864/10 SystemMonitor.Service.Worker Worker running at: "2025-08-22T05:00:26.6498268+08:00"&#xD;
2025-08-22 05:00:27.653 +08:00 [INF] DESKTOP-J6M8022 34864/13 SystemMonitor.Service.Worker Worker running at: "2025-08-22T05:00:27.6536723+08:00"&#xD;
2025-08-22 05:00:28.104 +08:00 [INF] DESKTOP-J6M8022 34864/13 SystemMonitor.Service.Services.RpcHostedService 客户端已连接&#xD;
2025-08-22 05:00:28.104 +08:00 [INF] DESKTOP-J6M8022 34864/13 SystemMonitor.Service.Services.RpcHostedService 客户端会话建立: conn="58087a9a-4fe9-4ab7-893a-962c7c34de4d"&#xD;
2025-08-22 05:00:28.108 +08:00 [INF] DESKTOP-J6M8022 34864/10 SystemMonitor.Service.Services.RpcHostedService 客户端断开：已达到流的结尾。 conn="58087a9a-4fe9-4ab7-893a-962c7c34de4d"&#xD;
2025-08-22 05:00:28.658 +08:00 [INF] DESKTOP-J6M8022 34864/10 SystemMonitor.Service.Worker Worker running at: "2025-08-22T05:00:28.6580477+08:00"&#xD;
2025-08-22 05:00:29.667 +08:00 [INF] DESKTOP-J6M8022 34864/10 SystemMonitor.Service.Worker Worker running at: "2025-08-22T05:00:29.6670246+08:00"&#xD;
2025-08-22 05:00:30.671 +08:00 [INF] DESKTOP-J6M8022 34864/11 SystemMonitor.Service.Worker Worker running at: "2025-08-22T05:00:30.6718324+08:00"&#xD;
2025-08-22 05:00:31.677 +08:00 [INF] DESKTOP-J6M8022 34864/11 SystemMonitor.Service.Worker Worker running at: "2025-08-22T05:00:31.6773257+08:00"&#xD;
2025-08-22 05:00:32.687 +08:00 [INF] DESKTOP-J6M8022 34864/8 SystemMonitor.Service.Worker Worker running at: "2025-08-22T05:00:32.6879602+08:00"&#xD;
2025-08-22 05:00:33.104 +08:00 [INF] DESKTOP-J6M8022 34864/11 SystemMonitor.Service.Services.RpcHostedService 客户端已连接&#xD;
2025-08-22 05:00:33.104 +08:00 [INF] DESKTOP-J6M8022 34864/11 SystemMonitor.Service.Services.RpcHostedService 客户端会话建立: conn="f2efc72f-7360-4d95-8499-7acad765c432"&#xD;
2025-08-22 05:00:33.107 +08:00 [INF] DESKTOP-J6M8022 34864/11 SystemMonitor.Service.Services.RpcHostedService 客户端断开：已达到流的结尾。 conn="f2efc72f-7360-4d95-8499-7acad765c432"&#xD;
2025-08-22 05:00:33.703 +08:00 [INF] DESKTOP-J6M8022 34864/8 SystemMonitor.Service.Worker Worker running at: "2025-08-22T05:00:33.7031716+08:00"&#xD;
2025-08-22 05:00:34.705 +08:00 [INF] DESKTOP-J6M8022 34864/13 SystemMonitor.Service.Worker Worker running at: "2025-08-22T05:00:34.7053006+08:00"&#xD;
2025-08-22 05:00:35.716 +08:00 [INF] DESKTOP-J6M8022 34864/11 SystemMonitor.Service.Worker Worker running at: "2025-08-22T05:00:35.7161477+08:00"&#xD;
2025-08-22 05:00:36.721 +08:00 [INF] DESKTOP-J6M8022 34864/12 SystemMonitor.Service.Worker Worker running at: "2025-08-22T05:00:36.7213935+08:00"&#xD;
2025-08-22 05:00:37.725 +08:00 [INF] DESKTOP-J6M8022 34864/12 SystemMonitor.Service.Worker Worker running at: "2025-08-22T05:00:37.7251514+08:00"&#xD;
2025-08-22 05:00:38.118 +08:00 [INF] DESKTOP-J6M8022 34864/13 SystemMonitor.Service.Services.RpcHostedService 客户端已连接&#xD;
2025-08-22 05:00:38.118 +08:00 [INF] DESKTOP-J6M8022 34864/13 SystemMonitor.Service.Services.RpcHostedService 客户端会话建立: conn="b439ecab-ffb2-4843-8f54-1844ad704c06"&#xD;
2025-08-22 05:00:38.121 +08:00 [INF] DESKTOP-J6M8022 34864/13 SystemMonitor.Service.Services.RpcHostedService 客户端断开：已达到流的结尾。 conn="b439ecab-ffb2-4843-8f54-1844ad704c06"&#xD;
2025-08-22 05:00:38.725 +08:00 [INF] DESKTOP-J6M8022 34864/8 SystemMonitor.Service.Worker Worker running at: "2025-08-22T05:00:38.7259519+08:00"&#xD;
2025-08-22 05:00:39.740 +08:00 [INF] DESKTOP-J6M8022 34864/11 SystemMonitor.Service.Worker Worker running at: "2025-08-22T05:00:39.7403082+08:00"&#xD;
2025-08-22 05:00:40.742 +08:00 [INF] DESKTOP-J6M8022 34864/11 SystemMonitor.Service.Worker Worker running at: "2025-08-22T05:00:40.7425737+08:00"&#xD;
2025-08-22 05:00:41.745 +08:00 [INF] DESKTOP-J6M8022 34864/13 SystemMonitor.Service.Worker Worker running at: "2025-08-22T05:00:41.7451229+08:00"&#xD;
2025-08-22 05:00:42.751 +08:00 [INF] DESKTOP-J6M8022 34864/11 SystemMonitor.Service.Worker Worker running at: "2025-08-22T05:00:42.7515665+08:00"&#xD;
2025-08-22 05:00:43.110 +08:00 [INF] DESKTOP-J6M8022 34864/14 SystemMonitor.Service.Services.RpcHostedService 客户端已连接&#xD;
2025-08-22 05:00:43.110 +08:00 [INF] DESKTOP-J6M8022 34864/14 SystemMonitor.Service.Services.RpcHostedService 客户端会话建立: conn="ec82b613-da05-4264-84fe-3fb03c945d2f"&#xD;
2025-08-22 05:00:43.120 +08:00 [INF] DESKTOP-J6M8022 34864/9 SystemMonitor.Service.Services.RpcHostedService 客户端断开：已达到流的结尾。 conn="ec82b613-da05-4264-84fe-3fb03c945d2f"&#xD;
2025-08-22 05:00:43.389 +08:00 [INF] DESKTOP-J6M8022 34864/13 SystemMonitor.Service.Services.RpcHostedService 客户端已连接&#xD;
2025-08-22 05:00:43.389 +08:00 [INF] DESKTOP-J6M8022 34864/13 SystemMonitor.Service.Services.RpcHostedService 客户端会话建立: conn="2f7dc9d3-2402-4294-ba61-bc663df8cf82"&#xD;
2025-08-22 05:00:43.398 +08:00 [INF] DESKTOP-J6M8022 34864/13 SystemMonitor.Service.Services.RpcHostedService snapshot called, modules=*&#xD;
2025-08-22 05:00:43.407 +08:00 [INF] DESKTOP-J6M8022 34864/13 SystemMonitor.Service.Services.RpcHostedService 客户端断开：已达到流的结尾。 conn="2f7dc9d3-2402-4294-ba61-bc663df8cf82"&#xD;
2025-08-22 05:00:43.756 +08:00 [INF] DESKTOP-J6M8022 34864/13 SystemMonitor.Service.Worker Worker running at: "2025-08-22T05:00:43.7565234+08:00"&#xD;
2025-08-22 05:00:44.757 +08:00 [INF] DESKTOP-J6M8022 34864/11 SystemMonitor.Service.Worker Worker running at: "2025-08-22T05:00:44.7577675+08:00"&#xD;
2025-08-22 05:00:45.762 +08:00 [INF] DESKTOP-J6M8022 34864/11 SystemMonitor.Service.Worker Worker running at: "2025-08-22T05:00:45.7627674+08:00"&#xD;
2025-08-22 05:00:46.772 +08:00 [INF] DESKTOP-J6M8022 34864/11 SystemMonitor.Service.Worker Worker running at: "2025-08-22T05:00:46.7724296+08:00"&#xD;
2025-08-22 05:00:47.772 +08:00 [INF] DESKTOP-J6M8022 34864/11 SystemMonitor.Service.Worker Worker running at: "2025-08-22T05:00:47.7724414+08:00"&#xD;
2025-08-22 05:00:48.113 +08:00 [INF] DESKTOP-J6M8022 34864/11 SystemMonitor.Service.Services.RpcHostedService 客户端已连接&#xD;
2025-08-22 05:00:48.113 +08:00 [INF] DESKTOP-J6M8022 34864/11 SystemMonitor.Service.Services.RpcHostedService 客户端会话建立: conn="0b57ec2b-be63-49bb-9b61-b642d4a6bad8"&#xD;
2025-08-22 05:00:48.118 +08:00 [INF] DESKTOP-J6M8022 34864/11 SystemMonitor.Service.Services.RpcHostedService 客户端断开：已达到流的结尾。 conn="0b57ec2b-be63-49bb-9b61-b642d4a6bad8"&#xD;
2025-08-22 05:00:48.786 +08:00 [INF] DESKTOP-J6M8022 34864/14 SystemMonitor.Service.Worker Worker running at: "2025-08-22T05:00:48.7861767+08:00"&#xD;
2025-08-22 05:00:49.797 +08:00 [INF] DESKTOP-J6M8022 34864/14 SystemMonitor.Service.Worker Worker running at: "2025-08-22T05:00:49.7971060+08:00"&#xD;
2025-08-22 05:00:50.810 +08:00 [INF] DESKTOP-J6M8022 34864/14 SystemMonitor.Service.Worker Worker running at: "2025-08-22T05:00:50.8103703+08:00"&#xD;
2025-08-22 05:00:51.819 +08:00 [INF] DESKTOP-J6M8022 34864/14 SystemMonitor.Service.Worker Worker running at: "2025-08-22T05:00:51.8191149+08:00"&#xD;
2025-08-22 05:00:52.832 +08:00 [INF] DESKTOP-J6M8022 34864/14 SystemMonitor.Service.Worker Worker running at: "2025-08-22T05:00:52.8322629+08:00"&#xD;
2025-08-22 05:00:53.102 +08:00 [INF] DESKTOP-J6M8022 34864/14 SystemMonitor.Service.Services.RpcHostedService 客户端已连接&#xD;
2025-08-22 05:00:53.102 +08:00 [INF] DESKTOP-J6M8022 34864/14 SystemMonitor.Service.Services.RpcHostedService 客户端会话建立: conn="a1d8b427-d708-44e2-9952-15a5a936e6af"&#xD;
2025-08-22 05:00:53.105 +08:00 [INF] DESKTOP-J6M8022 34864/13 SystemMonitor.Service.Services.RpcHostedService 客户端断开：已达到流的结尾。 conn="a1d8b427-d708-44e2-9952-15a5a936e6af"&#xD;
2025-08-22 05:00:53.839 +08:00 [INF] DESKTOP-J6M8022 34864/9 SystemMonitor.Service.Worker Worker running at: "2025-08-22T05:00:53.8390210+08:00"&#xD;
2025-08-22 05:00:54.844 +08:00 [INF] DESKTOP-J6M8022 34864/9 SystemMonitor.Service.Worker Worker running at: "2025-08-22T05:00:54.8440332+08:00"&#xD;
2025-08-22 05:00:55.849 +08:00 [INF] DESKTOP-J6M8022 34864/14 SystemMonitor.Service.Worker Worker running at: "2025-08-22T05:00:55.8498931+08:00"&#xD;
2025-08-22 05:00:56.855 +08:00 [INF] DESKTOP-J6M8022 34864/12 SystemMonitor.Service.Worker Worker running at: "2025-08-22T05:00:56.8554623+08:00"&#xD;
2025-08-22 05:00:57.861 +08:00 [INF] DESKTOP-J6M8022 34864/12 SystemMonitor.Service.Worker Worker running at: "2025-08-22T05:00:57.8610329+08:00"&#xD;
2025-08-22 05:00:58.111 +08:00 [INF] DESKTOP-J6M8022 34864/8 SystemMonitor.Service.Services.RpcHostedService 客户端已连接&#xD;
2025-08-22 05:00:58.111 +08:00 [INF] DESKTOP-J6M8022 34864/8 SystemMonitor.Service.Services.RpcHostedService 客户端会话建立: conn="667ed3f1-bd30-41e0-92ff-80608571c1ce"&#xD;
2025-08-22 05:00:58.116 +08:00 [INF] DESKTOP-J6M8022 34864/12 SystemMonitor.Service.Services.RpcHostedService 客户端断开：已达到流的结尾。 conn="667ed3f1-bd30-41e0-92ff-80608571c1ce"&#xD;
2025-08-22 05:00:58.863 +08:00 [INF] DESKTOP-J6M8022 34864/8 SystemMonitor.Service.Worker Worker running at: "2025-08-22T05:00:58.8635685+08:00"&#xD;
2025-08-22 05:00:59.864 +08:00 [INF] DESKTOP-J6M8022 34864/13 SystemMonitor.Service.Worker Worker running at: "2025-08-22T05:00:59.8639948+08:00"&#xD;
2025-08-22 05:01:00.871 +08:00 [INF] DESKTOP-J6M8022 34864/8 SystemMonitor.Service.Worker Worker running at: "2025-08-22T05:01:00.8711317+08:00"&#xD;
2025-08-22 05:01:01.872 +08:00 [INF] DESKTOP-J6M8022 34864/8 SystemMonitor.Service.Worker Worker running at: "2025-08-22T05:01:01.8723849+08:00"&#xD;
2025-08-22 05:01:02.874 +08:00 [INF] DESKTOP-J6M8022 34864/13 SystemMonitor.Service.Worker Worker running at: "2025-08-22T05:01:02.8742125+08:00"&#xD;
2025-08-22 05:01:03.109 +08:00 [INF] DESKTOP-J6M8022 34864/13 SystemMonitor.Service.Services.RpcHostedService 客户端已连接&#xD;
2025-08-22 05:01:03.109 +08:00 [INF] DESKTOP-J6M8022 34864/13 SystemMonitor.Service.Services.RpcHostedService 客户端会话建立: conn="6f7008b5-fb8e-492a-bb7e-9769bc95aca3"&#xD;
2025-08-22 05:01:03.113 +08:00 [INF] DESKTOP-J6M8022 34864/13 SystemMonitor.Service.Services.RpcHostedService 客户端断开：已达到流的结尾。 conn="6f7008b5-fb8e-492a-bb7e-9769bc95aca3"&#xD;
2025-08-22 05:01:03.878 +08:00 [INF] DESKTOP-J6M8022 34864/9 SystemMonitor.Service.Worker Worker running at: "2025-08-22T05:01:03.8780156+08:00"&#xD;
2025-08-22 05:01:04.882 +08:00 [INF] DESKTOP-J6M8022 34864/9 SystemMonitor.Service.Worker Worker running at: "2025-08-22T05:01:04.8824276+08:00"&#xD;
2025-08-22 05:01:05.888 +08:00 [INF] DESKTOP-J6M8022 34864/9 SystemMonitor.Service.Worker Worker running at: "2025-08-22T05:01:05.8884444+08:00"&#xD;
2025-08-22 05:01:06.898 +08:00 [INF] DESKTOP-J6M8022 34864/13 SystemMonitor.Service.Worker Worker running at: "2025-08-22T05:01:06.8980438+08:00"&#xD;
2025-08-22 05:01:07.902 +08:00 [INF] DESKTOP-J6M8022 34864/12 SystemMonitor.Service.Worker Worker running at: "2025-08-22T05:01:07.9022915+08:00"&#xD;
2025-08-22 05:01:08.106 +08:00 [INF] DESKTOP-J6M8022 34864/12 SystemMonitor.Service.Services.RpcHostedService 客户端已连接&#xD;
2025-08-22 05:01:08.106 +08:00 [INF] DESKTOP-J6M8022 34864/12 SystemMonitor.Service.Services.RpcHostedService 客户端会话建立: conn="57e57623-52be-4bde-b1c7-694c9251d418"&#xD;
2025-08-22 05:01:08.111 +08:00 [INF] DESKTOP-J6M8022 34864/14 SystemMonitor.Service.Services.RpcHostedService 客户端断开：已达到流的结尾。 conn="57e57623-52be-4bde-b1c7-694c9251d418"&#xD;
2025-08-22 05:01:08.904 +08:00 [INF] DESKTOP-J6M8022 34864/13 SystemMonitor.Service.Worker Worker running at: "2025-08-22T05:01:08.9045942+08:00"&#xD;
2025-08-22 05:01:09.905 +08:00 [INF] DESKTOP-J6M8022 34864/12 SystemMonitor.Service.Worker Worker running at: "2025-08-22T05:01:09.9059497+08:00"&#xD;
2025-08-22 05:01:10.910 +08:00 [INF] DESKTOP-J6M8022 34864/8 SystemMonitor.Service.Worker Worker running at: "2025-08-22T05:01:10.9104565+08:00"&#xD;
2025-08-22 05:01:11.913 +08:00 [INF] DESKTOP-J6M8022 34864/12 SystemMonitor.Service.Worker Worker running at: "2025-08-22T05:01:11.9132884+08:00"&#xD;
2025-08-22 05:01:12.917 +08:00 [INF] DESKTOP-J6M8022 34864/8 SystemMonitor.Service.Worker Worker running at: "2025-08-22T05:01:12.9173706+08:00"&#xD;
2025-08-22 05:01:13.103 +08:00 [INF] DESKTOP-J6M8022 34864/8 SystemMonitor.Service.Services.RpcHostedService 客户端已连接&#xD;
2025-08-22 05:01:13.103 +08:00 [INF] DESKTOP-J6M8022 34864/8 SystemMonitor.Service.Services.RpcHostedService 客户端会话建立: conn="8c8ff938-4ec2-4b63-94b8-07d74318db55"&#xD;
2025-08-22 05:01:13.107 +08:00 [INF] DESKTOP-J6M8022 34864/12 SystemMonitor.Service.Services.RpcHostedService 客户端断开：已达到流的结尾。 conn="8c8ff938-4ec2-4b63-94b8-07d74318db55"&#xD;
2025-08-22 05:01:13.395 +08:00 [INF] DESKTOP-J6M8022 34864/8 SystemMonitor.Service.Services.RpcHostedService 客户端已连接&#xD;
2025-08-22 05:01:13.395 +08:00 [INF] DESKTOP-J6M8022 34864/8 SystemMonitor.Service.Services.RpcHostedService 客户端会话建立: conn="0d0e45ce-49cf-483b-8035-5df65c66b336"&#xD;
2025-08-22 05:01:13.409 +08:00 [INF] DESKTOP-J6M8022 34864/8 SystemMonitor.Service.Services.RpcHostedService snapshot called, modules=*&#xD;
2025-08-22 05:01:13.415 +08:00 [INF] DESKTOP-J6M8022 34864/12 SystemMonitor.Service.Services.RpcHostedService 客户端断开：已达到流的结尾。 conn="0d0e45ce-49cf-483b-8035-5df65c66b336"&#xD;
2025-08-22 05:01:13.923 +08:00 [INF] DESKTOP-J6M8022 34864/14 SystemMonitor.Service.Worker Worker running at: "2025-08-22T05:01:13.9232807+08:00"&#xD;
2025-08-22 05:01:14.929 +08:00 [INF] DESKTOP-J6M8022 34864/12 SystemMonitor.Service.Worker Worker running at: "2025-08-22T05:01:14.9292827+08:00"&#xD;
2025-08-22 05:01:15.932 +08:00 [INF] DESKTOP-J6M8022 34864/8 SystemMonitor.Service.Worker Worker running at: "2025-08-22T05:01:15.9326500+08:00"&#xD;
2025-08-22 05:01:16.939 +08:00 [INF] DESKTOP-J6M8022 34864/14 SystemMonitor.Service.Worker Worker running at: "2025-08-22T05:01:16.9393680+08:00"&#xD;
2025-08-22 05:01:17.943 +08:00 [INF] DESKTOP-J6M8022 34864/8 SystemMonitor.Service.Worker Worker running at: "2025-08-22T05:01:17.9432416+08:00"&#xD;
2025-08-22 05:01:18.116 +08:00 [INF] DESKTOP-J6M8022 34864/8 SystemMonitor.Service.Services.RpcHostedService 客户端已连接&#xD;
2025-08-22 05:01:18.116 +08:00 [INF] DESKTOP-J6M8022 34864/8 SystemMonitor.Service.Services.RpcHostedService 客户端会话建立: conn="4caa660b-18e4-4979-bebe-31bdd3b07642"&#xD;
2025-08-22 05:01:18.119 +08:00 [INF] DESKTOP-J6M8022 34864/12 SystemMonitor.Service.Services.RpcHostedService 客户端断开：已达到流的结尾。 conn="4caa660b-18e4-4979-bebe-31bdd3b07642"&#xD;
2025-08-22 05:01:18.947 +08:00 [INF] DESKTOP-J6M8022 34864/8 SystemMonitor.Service.Worker Worker running at: "2025-08-22T05:01:18.9470563+08:00"&#xD;
2025-08-22 05:01:19.950 +08:00 [INF] DESKTOP-J6M8022 34864/8 SystemMonitor.Service.Worker Worker running at: "2025-08-22T05:01:19.9501774+08:00"&#xD;
2025-08-22 05:01:20.958 +08:00 [INF] DESKTOP-J6M8022 34864/8 SystemMonitor.Service.Worker Worker running at: "2025-08-22T05:01:20.9579718+08:00"&#xD;
2025-08-22 05:01:21.959 +08:00 [INF] DESKTOP-J6M8022 34864/14 SystemMonitor.Service.Worker Worker running at: "2025-08-22T05:01:21.9594726+08:00"&#xD;
2025-08-22 05:01:22.963 +08:00 [INF] DESKTOP-J6M8022 34864/8 SystemMonitor.Service.Worker Worker running at: "2025-08-22T05:01:22.9634519+08:00"&#xD;
2025-08-22 05:01:23.105 +08:00 [INF] DESKTOP-J6M8022 34864/8 SystemMonitor.Service.Services.RpcHostedService 客户端已连接&#xD;
2025-08-22 05:01:23.105 +08:00 [INF] DESKTOP-J6M8022 34864/8 SystemMonitor.Service.Services.RpcHostedService 客户端会话建立: conn="8639769c-80fa-407f-b9a9-4050afd76198"&#xD;
2025-08-22 05:01:23.107 +08:00 [INF] DESKTOP-J6M8022 34864/14 SystemMonitor.Service.Services.RpcHostedService 客户端断开：已达到流的结尾。 conn="8639769c-80fa-407f-b9a9-4050afd76198"&#xD;
2025-08-22 05:01:23.971 +08:00 [INF] DESKTOP-J6M8022 34864/11 SystemMonitor.Service.Worker Worker running at: "2025-08-22T05:01:23.9715344+08:00"&#xD;
2025-08-22 05:01:24.982 +08:00 [INF] DESKTOP-J6M8022 34864/11 SystemMonitor.Service.Worker Worker running at: "2025-08-22T05:01:24.9819615+08:00"&#xD;
2025-08-22 05:01:25.994 +08:00 [INF] DESKTOP-J6M8022 34864/11 SystemMonitor.Service.Worker Worker running at: "2025-08-22T05:01:25.9941989+08:00"&#xD;
2025-08-22 05:01:26.999 +08:00 [INF] DESKTOP-J6M8022 34864/8 SystemMonitor.Service.Worker Worker running at: "2025-08-22T05:01:26.9999359+08:00"&#xD;
2025-08-22 05:01:28.013 +08:00 [INF] DESKTOP-J6M8022 34864/11 SystemMonitor.Service.Worker Worker running at: "2025-08-22T05:01:28.0133025+08:00"&#xD;
2025-08-22 05:01:28.109 +08:00 [INF] DESKTOP-J6M8022 34864/11 SystemMonitor.Service.Services.RpcHostedService 客户端已连接&#xD;
2025-08-22 05:01:28.109 +08:00 [INF] DESKTOP-J6M8022 34864/11 SystemMonitor.Service.Services.RpcHostedService 客户端会话建立: conn="fda2e581-c0a4-4aa4-a5e0-11787ca179bd"&#xD;
2025-08-22 05:01:28.112 +08:00 [INF] DESKTOP-J6M8022 34864/11 SystemMonitor.Service.Services.RpcHostedService 客户端断开：已达到流的结尾。 conn="fda2e581-c0a4-4aa4-a5e0-11787ca179bd"&#xD;
2025-08-22 05:01:29.018 +08:00 [INF] DESKTOP-J6M8022 34864/11 SystemMonitor.Service.Worker Worker running at: "2025-08-22T05:01:29.0183364+08:00"&#xD;
2025-08-22 05:01:30.019 +08:00 [INF] DESKTOP-J6M8022 34864/8 SystemMonitor.Service.Worker Worker running at: "2025-08-22T05:01:30.0195935+08:00"&#xD;
2025-08-22 05:01:31.026 +08:00 [INF] DESKTOP-J6M8022 34864/8 SystemMonitor.Service.Worker Worker running at: "2025-08-22T05:01:31.0262398+08:00"&#xD;
2025-08-22 05:01:32.031 +08:00 [INF] DESKTOP-J6M8022 34864/12 SystemMonitor.Service.Worker Worker running at: "2025-08-22T05:01:32.0310132+08:00"&#xD;
2025-08-22 05:01:33.035 +08:00 [INF] DESKTOP-J6M8022 34864/12 SystemMonitor.Service.Worker Worker running at: "2025-08-22T05:01:33.0357910+08:00"&#xD;
2025-08-22 05:01:33.116 +08:00 [INF] DESKTOP-J6M8022 34864/12 SystemMonitor.Service.Services.RpcHostedService 客户端已连接&#xD;
2025-08-22 05:01:33.116 +08:00 [INF] DESKTOP-J6M8022 34864/12 SystemMonitor.Service.Services.RpcHostedService 客户端会话建立: conn="34e1094f-2d5d-4eb2-b05a-37c0e40cc011"&#xD;
2025-08-22 05:01:33.119 +08:00 [INF] DESKTOP-J6M8022 34864/8 SystemMonitor.Service.Services.RpcHostedService 客户端断开：已达到流的结尾。 conn="34e1094f-2d5d-4eb2-b05a-37c0e40cc011"&#xD;
2025-08-22 05:01:34.041 +08:00 [INF] DESKTOP-J6M8022 34864/8 SystemMonitor.Service.Worker Worker running at: "2025-08-22T05:01:34.0416262+08:00"&#xD;
2025-08-22 05:01:35.045 +08:00 [INF] DESKTOP-J6M8022 34864/8 SystemMonitor.Service.Worker Worker running at: "2025-08-22T05:01:35.0457088+08:00"&#xD;
2025-08-22 05:01:36.047 +08:00 [INF] DESKTOP-J6M8022 34864/12 SystemMonitor.Service.Worker Worker running at: "2025-08-22T05:01:36.0479378+08:00"&#xD;
2025-08-22 05:01:37.050 +08:00 [INF] DESKTOP-J6M8022 34864/12 SystemMonitor.Service.Worker Worker running at: "2025-08-22T05:01:37.0504892+08:00"&#xD;
2025-08-22 05:01:38.061 +08:00 [INF] DESKTOP-J6M8022 34864/14 SystemMonitor.Service.Worker Worker running at: "2025-08-22T05:01:38.0614429+08:00"&#xD;
2025-08-22 05:01:38.110 +08:00 [INF] DESKTOP-J6M8022 34864/12 SystemMonitor.Service.Services.RpcHostedService 客户端已连接&#xD;
2025-08-22 05:01:38.110 +08:00 [INF] DESKTOP-J6M8022 34864/12 SystemMonitor.Service.Services.RpcHostedService 客户端会话建立: conn="06117a62-6040-4241-9927-358af4226d43"&#xD;
2025-08-22 05:01:38.113 +08:00 [INF] DESKTOP-J6M8022 34864/14 SystemMonitor.Service.Services.RpcHostedService 客户端断开：已达到流的结尾。 conn="06117a62-6040-4241-9927-358af4226d43"&#xD;
2025-08-22 05:01:39.064 +08:00 [INF] DESKTOP-J6M8022 34864/14 SystemMonitor.Service.Worker Worker running at: "2025-08-22T05:01:39.0644324+08:00"&#xD;
2025-08-22 05:01:40.069 +08:00 [INF] DESKTOP-J6M8022 34864/8 SystemMonitor.Service.Worker Worker running at: "2025-08-22T05:01:40.0698228+08:00"&#xD;
2025-08-22 05:01:41.072 +08:00 [INF] DESKTOP-J6M8022 34864/8 SystemMonitor.Service.Worker Worker running at: "2025-08-22T05:01:41.0721700+08:00"&#xD;
2025-08-22 05:01:42.086 +08:00 [INF] DESKTOP-J6M8022 34864/11 SystemMonitor.Service.Worker Worker running at: "2025-08-22T05:01:42.0860513+08:00"&#xD;
2025-08-22 05:01:43.101 +08:00 [INF] DESKTOP-J6M8022 34864/8 SystemMonitor.Service.Worker Worker running at: "2025-08-22T05:01:43.1011436+08:00"&#xD;
2025-08-22 05:01:43.105 +08:00 [INF] DESKTOP-J6M8022 34864/9 SystemMonitor.Service.Services.RpcHostedService 客户端已连接&#xD;
2025-08-22 05:01:43.105 +08:00 [INF] DESKTOP-J6M8022 34864/9 SystemMonitor.Service.Services.RpcHostedService 客户端会话建立: conn="860b5ccb-a321-4101-b6d7-ba8cfd17c2fa"&#xD;
2025-08-22 05:01:43.109 +08:00 [INF] DESKTOP-J6M8022 34864/8 SystemMonitor.Service.Services.RpcHostedService 客户端断开：已达到流的结尾。 conn="860b5ccb-a321-4101-b6d7-ba8cfd17c2fa"&#xD;
2025-08-22 05:01:43.386 +08:00 [INF] DESKTOP-J6M8022 34864/11 SystemMonitor.Service.Services.RpcHostedService 客户端已连接&#xD;
2025-08-22 05:01:43.386 +08:00 [INF] DESKTOP-J6M8022 34864/11 SystemMonitor.Service.Services.RpcHostedService 客户端会话建立: conn="7103465a-6b36-49d0-b971-0765ff27b367"&#xD;
2025-08-22 05:01:43.387 +08:00 [INF] DESKTOP-J6M8022 34864/11 SystemMonitor.Service.Services.RpcHostedService snapshot called, modules=*&#xD;
2025-08-22 05:01:43.394 +08:00 [INF] DESKTOP-J6M8022 34864/14 SystemMonitor.Service.Services.RpcHostedService 客户端断开：已达到流的结尾。 conn="7103465a-6b36-49d0-b971-0765ff27b367"&#xD;
2025-08-22 05:01:44.107 +08:00 [INF] DESKTOP-J6M8022 34864/11 SystemMonitor.Service.Worker Worker running at: "2025-08-22T05:01:44.1078485+08:00"&#xD;
2025-08-22 05:01:45.116 +08:00 [INF] DESKTOP-J6M8022 34864/8 SystemMonitor.Service.Worker Worker running at: "2025-08-22T05:01:45.1165225+08:00"&#xD;
2025-08-22 05:01:46.125 +08:00 [INF] DESKTOP-J6M8022 34864/8 SystemMonitor.Service.Worker Worker running at: "2025-08-22T05:01:46.1259467+08:00"&#xD;
2025-08-22 05:01:47.131 +08:00 [INF] DESKTOP-J6M8022 34864/8 SystemMonitor.Service.Worker Worker running at: "2025-08-22T05:01:47.1319177+08:00"&#xD;
2025-08-22 05:01:48.110 +08:00 [INF] DESKTOP-J6M8022 34864/9 SystemMonitor.Service.Services.RpcHostedService 客户端已连接&#xD;
2025-08-22 05:01:48.111 +08:00 [INF] DESKTOP-J6M8022 34864/9 SystemMonitor.Service.Services.RpcHostedService 客户端会话建立: conn="dc929a0f-2511-48c2-b921-bb00e3b2d95e"&#xD;
2025-08-22 05:01:48.113 +08:00 [INF] DESKTOP-J6M8022 34864/9 SystemMonitor.Service.Services.RpcHostedService 客户端断开：已达到流的结尾。 conn="dc929a0f-2511-48c2-b921-bb00e3b2d95e"&#xD;
2025-08-22 05:01:48.139 +08:00 [INF] DESKTOP-J6M8022 34864/9 SystemMonitor.Service.Worker Worker running at: "2025-08-22T05:01:48.1397480+08:00"&#xD;
2025-08-22 05:01:49.149 +08:00 [INF] DESKTOP-J6M8022 34864/9 SystemMonitor.Service.Worker Worker running at: "2025-08-22T05:01:49.1490602+08:00"&#xD;
2025-08-22 05:01:50.156 +08:00 [INF] DESKTOP-J6M8022 34864/9 SystemMonitor.Service.Worker Worker running at: "2025-08-22T05:01:50.1565687+08:00"&#xD;
2025-08-22 05:01:51.163 +08:00 [INF] DESKTOP-J6M8022 34864/8 SystemMonitor.Service.Worker Worker running at: "2025-08-22T05:01:51.1638742+08:00"&#xD;
2025-08-22 05:01:52.175 +08:00 [INF] DESKTOP-J6M8022 34864/8 SystemMonitor.Service.Worker Worker running at: "2025-08-22T05:01:52.1751866+08:00"&#xD;
2025-08-22 05:01:53.106 +08:00 [INF] DESKTOP-J6M8022 34864/8 SystemMonitor.Service.Services.RpcHostedService 客户端已连接&#xD;
2025-08-22 05:01:53.106 +08:00 [INF] DESKTOP-J6M8022 34864/8 SystemMonitor.Service.Services.RpcHostedService 客户端会话建立: conn="cf08e297-f8bc-42e5-a912-8cdf3760d104"&#xD;
2025-08-22 05:01:53.109 +08:00 [INF] DESKTOP-J6M8022 34864/14 SystemMonitor.Service.Services.RpcHostedService 客户端断开：已达到流的结尾。 conn="cf08e297-f8bc-42e5-a912-8cdf3760d104"&#xD;
2025-08-22 05:01:53.183 +08:00 [INF] DESKTOP-J6M8022 34864/12 SystemMonitor.Service.Worker Worker running at: "2025-08-22T05:01:53.1832976+08:00"&#xD;
2025-08-22 05:01:54.188 +08:00 [INF] DESKTOP-J6M8022 34864/12 SystemMonitor.Service.Worker Worker running at: "2025-08-22T05:01:54.1886519+08:00"&#xD;
2025-08-22 05:01:55.189 +08:00 [INF] DESKTOP-J6M8022 34864/12 SystemMonitor.Service.Worker Worker running at: "2025-08-22T05:01:55.1890118+08:00"&#xD;
2025-08-22 05:01:56.201 +08:00 [INF] DESKTOP-J6M8022 34864/14 SystemMonitor.Service.Worker Worker running at: "2025-08-22T05:01:56.2011712+08:00"&#xD;
2025-08-22 05:01:57.203 +08:00 [INF] DESKTOP-J6M8022 34864/12 SystemMonitor.Service.Worker Worker running at: "2025-08-22T05:01:57.2030740+08:00"&#xD;
2025-08-22 05:01:58.150 +08:00 [INF] DESKTOP-J6M8022 34864/11 SystemMonitor.Service.Services.RpcHostedService 客户端已连接&#xD;
2025-08-22 05:01:58.150 +08:00 [INF] DESKTOP-J6M8022 34864/11 SystemMonitor.Service.Services.RpcHostedService 客户端会话建立: conn="12ea3cb9-6e37-4a78-8a02-17ba9963b724"&#xD;
2025-08-22 05:01:58.164 +08:00 [INF] DESKTOP-J6M8022 34864/14 SystemMonitor.Service.Services.RpcHostedService 客户端断开：已达到流的结尾。 conn="12ea3cb9-6e37-4a78-8a02-17ba9963b724"&#xD;
2025-08-22 05:01:58.220 +08:00 [INF] DESKTOP-J6M8022 34864/14 SystemMonitor.Service.Worker Worker running at: "2025-08-22T05:01:58.2204087+08:00"&#xD;
2025-08-22 05:01:59.232 +08:00 [INF] DESKTOP-J6M8022 34864/11 SystemMonitor.Service.Worker Worker running at: "2025-08-22T05:01:59.2321592+08:00"&#xD;
2025-08-22 05:02:00.236 +08:00 [INF] DESKTOP-J6M8022 34864/14 SystemMonitor.Service.Worker Worker running at: "2025-08-22T05:02:00.2367533+08:00"&#xD;
2025-08-22 05:02:01.245 +08:00 [INF] DESKTOP-J6M8022 34864/11 SystemMonitor.Service.Worker Worker running at: "2025-08-22T05:02:01.2451701+08:00"&#xD;
2025-08-22 05:02:02.255 +08:00 [INF] DESKTOP-J6M8022 34864/11 SystemMonitor.Service.Worker Worker running at: "2025-08-22T05:02:02.2559126+08:00"</Message>
          <StackTrace>   at SystemMonitor.Tests.EndToEndTests.WaitPipeReadyAsync(TimeSpan timeout) in C:\code\sys-sensor-v3\src\SystemMonitor.Tests\EndToEndTests.cs:line 151&#xD;
   at SystemMonitor.Tests.EndToEndTests.InitializeAsync() in C:\code\sys-sensor-v3\src\SystemMonitor.Tests\EndToEndTests.cs:line 278</StackTrace>
        </ErrorInfo>
      </Output>
    </UnitTestResult>
    <UnitTestResult executionId="051ddb96-582e-4e7c-948f-561ee0b163fc" testId="63eafbb5-a30b-37a9-e05f-fe5729a00075" testName="SystemMonitor.Tests.ContractTests.UpdateCheck_Request_Serializes_To_SnakeCase" computerName="DESKTOP-J6M8022" duration="00:00:00.0010000" startTime="2025-08-22T05:03:59.7517117+08:00" endTime="2025-08-22T05:03:59.7517118+08:00" testType="13cdc9d9-ddb5-4fa4-a97d-d965ccfc6d4b" outcome="NotExecuted" testListId="8c84fa94-04c1-424b-9868-57a2d4851a1d" relativeResultsDirectory="051ddb96-582e-4e7c-948f-561ee0b163fc">
      <Output>
        <ErrorInfo>
          <Message>非 M1：后续里程碑接口</Message>
        </ErrorInfo>
      </Output>
    </UnitTestResult>
    <UnitTestResult executionId="1c20df2a-a652-40c5-89a2-5ce681d2ff45" testId="e1fbd4f1-6ade-f24b-317f-6dbbbf27c5fc" testName="SystemMonitor.Tests.SchemaTests.Hello_Schema_Valid_Minimal" computerName="DESKTOP-J6M8022" duration="00:00:00.0004589" startTime="2025-08-22T05:03:59.9481191+08:00" endTime="2025-08-22T05:03:59.9481192+08:00" testType="13cdc9d9-ddb5-4fa4-a97d-d965ccfc6d4b" outcome="Passed" testListId="8c84fa94-04c1-424b-9868-57a2d4851a1d" relativeResultsDirectory="1c20df2a-a652-40c5-89a2-5ce681d2ff45" />
    <UnitTestResult executionId="edb96339-f5a3-433a-8c9c-3cad14c59480" testId="d17c6ea2-3ca4-386f-c6e7-4b216cf89dd5" testName="SystemMonitor.Tests.ContractTests.UpdateApply_Request_Serializes_To_SnakeCase" computerName="DESKTOP-J6M8022" duration="00:00:00.0010000" startTime="2025-08-22T05:03:59.7512276+08:00" endTime="2025-08-22T05:03:59.7512277+08:00" testType="13cdc9d9-ddb5-4fa4-a97d-d965ccfc6d4b" outcome="NotExecuted" testListId="8c84fa94-04c1-424b-9868-57a2d4851a1d" relativeResultsDirectory="edb96339-f5a3-433a-8c9c-3cad14c59480">
      <Output>
        <ErrorInfo>
          <Message>非 M1：后续里程碑接口</Message>
        </ErrorInfo>
      </Output>
    </UnitTestResult>
    <UnitTestResult executionId="85d9ee40-ea07-429b-b526-67dd24b2479f" testId="825a0899-f60c-7747-10dc-edf9d745369b" testName="SystemMonitor.Tests.ContractTests.Start_Request_Serializes_To_SnakeCase" computerName="DESKTOP-J6M8022" duration="00:00:00.0001745" startTime="2025-08-22T05:03:59.7515209+08:00" endTime="2025-08-22T05:03:59.7515210+08:00" testType="13cdc9d9-ddb5-4fa4-a97d-d965ccfc6d4b" outcome="Passed" testListId="8c84fa94-04c1-424b-9868-57a2d4851a1d" relativeResultsDirectory="85d9ee40-ea07-429b-b526-67dd24b2479f" />
    <UnitTestResult executionId="ec639c4f-7dcb-4c74-9b5f-90333d35f309" testId="7fcfcc39-66f5-e59a-53bb-ab760b3d7c57" testName="SystemMonitor.Tests.SchemaTests.SetConfig_Schema_Invalid_TooSmallInterval" computerName="DESKTOP-J6M8022" duration="00:00:00.1686547" startTime="2025-08-22T05:03:59.9244250+08:00" endTime="2025-08-22T05:03:59.9244252+08:00" testType="13cdc9d9-ddb5-4fa4-a97d-d965ccfc6d4b" outcome="Passed" testListId="8c84fa94-04c1-424b-9868-57a2d4851a1d" relativeResultsDirectory="ec639c4f-7dcb-4c74-9b5f-90333d35f309" />
    <UnitTestResult executionId="77342136-0dc6-48c1-b758-c14b81615e06" testId="e7afe76e-2983-511f-53e6-ec72c360fd06" testName="SystemMonitor.Tests.SchemaTests.SetConfig_Schema_Valid_WithIntervals" computerName="DESKTOP-J6M8022" duration="00:00:00.0031939" startTime="2025-08-22T05:03:59.9336065+08:00" endTime="2025-08-22T05:03:59.9336069+08:00" testType="13cdc9d9-ddb5-4fa4-a97d-d965ccfc6d4b" outcome="Passed" testListId="8c84fa94-04c1-424b-9868-57a2d4851a1d" relativeResultsDirectory="77342136-0dc6-48c1-b758-c14b81615e06" />
    <UnitTestResult executionId="55d6ec55-7feb-434d-8cbb-8c1a2acf10a6" testId="5359d170-82fa-d8d2-2f92-97bc053dca0c" testName="SystemMonitor.Tests.EndToEndTests.QueryHistory_Works" computerName="DESKTOP-J6M8022" duration="00:00:00.0010000" startTime="2025-08-22T05:04:08.6593096+08:00" endTime="2025-08-22T05:04:08.6593097+08:00" testType="13cdc9d9-ddb5-4fa4-a97d-d965ccfc6d4b" outcome="Failed" testListId="8c84fa94-04c1-424b-9868-57a2d4851a1d" relativeResultsDirectory="55d6ec55-7feb-434d-8cbb-8c1a2acf10a6">
      <Output>
        <ErrorInfo>
          <Message>System.InvalidOperationException : Service exited while waiting for pipe. Code=1. Tail:
[svc][out] 姝ｅ湪鐢熸垚...&#xD;
[svc][out] C:\code\sys-sensor-v3\src\SystemMonitor.Service\Services\RpcHostedService.cs(201,31): error CS0103: 褰撳墠涓婁笅鏂囦腑涓嶅瓨鍦ㄥ悕绉扳€淭ryCreateCounter鈥?[C:\code\sys-sensor-v3\src\SystemMonitor.Service\SystemMonitor.Service.csproj]&#xD;
[svc][out] C:\code\sys-sensor-v3\src\SystemMonitor.Service\Services\RpcHostedService.cs(203,35): error CS0103: 褰撳墠涓婁笅鏂囦腑涓嶅瓨鍦ㄥ悕绉扳€淭ryCreateCounter鈥?[C:\code\sys-sensor-v3\src\SystemMonitor.Service\SystemMonitor.Service.csproj]&#xD;
[svc][out] C:\code\sys-sensor-v3\src\SystemMonitor.Service\Program.cs(76,13): warning CA1416: 鍙湪鎵€鏈夊钩鍙颁笂璁块棶姝よ皟鐢ㄧ珯鐐广€?RpcHostedService" 浠呭湪 'windows' 涓婂彈鏀寔銆?(https://learn.microsoft.com/dotnet/fundamentals/code-analysis/quality-rules/ca1416) [C:\code\sys-sensor-v3\src\SystemMonitor.Service\SystemMonitor.Service.csproj]&#xD;
[svc][err] 鐢熸垚澶辫触銆傝淇鐢熸垚閿欒骞堕噸鏂拌繍琛屻€?
[file-log-tail]
2025-08-22 05:00:07.505 +08:00 [INF] DESKTOP-J6M8022 34864/11 SystemMonitor.Service.Worker Worker running at: "2025-08-22T05:00:07.5059406+08:00"&#xD;
2025-08-22 05:00:08.115 +08:00 [INF] DESKTOP-J6M8022 34864/11 SystemMonitor.Service.Services.RpcHostedService 客户端已连接&#xD;
2025-08-22 05:00:08.115 +08:00 [INF] DESKTOP-J6M8022 34864/11 SystemMonitor.Service.Services.RpcHostedService 客户端会话建立: conn="3ebaf5c9-7a90-4c1f-8d06-77e4b9511b6b"&#xD;
2025-08-22 05:00:08.119 +08:00 [INF] DESKTOP-J6M8022 34864/11 SystemMonitor.Service.Services.RpcHostedService 客户端断开：已达到流的结尾。 conn="3ebaf5c9-7a90-4c1f-8d06-77e4b9511b6b"&#xD;
2025-08-22 05:00:08.515 +08:00 [INF] DESKTOP-J6M8022 34864/11 SystemMonitor.Service.Worker Worker running at: "2025-08-22T05:00:08.5155952+08:00"&#xD;
2025-08-22 05:00:09.524 +08:00 [INF] DESKTOP-J6M8022 34864/9 SystemMonitor.Service.Worker Worker running at: "2025-08-22T05:00:09.5241284+08:00"&#xD;
2025-08-22 05:00:10.532 +08:00 [INF] DESKTOP-J6M8022 34864/8 SystemMonitor.Service.Worker Worker running at: "2025-08-22T05:00:10.5324730+08:00"&#xD;
2025-08-22 05:00:11.535 +08:00 [INF] DESKTOP-J6M8022 34864/12 SystemMonitor.Service.Worker Worker running at: "2025-08-22T05:00:11.5357528+08:00"&#xD;
2025-08-22 05:00:12.548 +08:00 [INF] DESKTOP-J6M8022 34864/8 SystemMonitor.Service.Worker Worker running at: "2025-08-22T05:00:12.5481912+08:00"&#xD;
2025-08-22 05:00:13.107 +08:00 [INF] DESKTOP-J6M8022 34864/12 SystemMonitor.Service.Services.RpcHostedService 客户端已连接&#xD;
2025-08-22 05:00:13.107 +08:00 [INF] DESKTOP-J6M8022 34864/12 SystemMonitor.Service.Services.RpcHostedService 客户端会话建立: conn="27a81c38-4647-493a-8fb8-8f2e144087dc"&#xD;
2025-08-22 05:00:13.111 +08:00 [INF] DESKTOP-J6M8022 34864/11 SystemMonitor.Service.Services.RpcHostedService 客户端断开：已达到流的结尾。 conn="27a81c38-4647-493a-8fb8-8f2e144087dc"&#xD;
2025-08-22 05:00:13.384 +08:00 [INF] DESKTOP-J6M8022 34864/8 SystemMonitor.Service.Services.RpcHostedService 客户端已连接&#xD;
2025-08-22 05:00:13.384 +08:00 [INF] DESKTOP-J6M8022 34864/8 SystemMonitor.Service.Services.RpcHostedService 客户端会话建立: conn="25e61bd6-9b34-4b1b-8730-8dd26623668c"&#xD;
2025-08-22 05:00:13.405 +08:00 [INF] DESKTOP-J6M8022 34864/8 SystemMonitor.Service.Services.RpcHostedService snapshot called, modules=*&#xD;
2025-08-22 05:00:13.408 +08:00 [INF] DESKTOP-J6M8022 34864/9 SystemMonitor.Service.Services.RpcHostedService 客户端断开：已达到流的结尾。 conn="25e61bd6-9b34-4b1b-8730-8dd26623668c"&#xD;
2025-08-22 05:00:13.551 +08:00 [INF] DESKTOP-J6M8022 34864/12 SystemMonitor.Service.Worker Worker running at: "2025-08-22T05:00:13.5519178+08:00"&#xD;
2025-08-22 05:00:14.561 +08:00 [INF] DESKTOP-J6M8022 34864/8 SystemMonitor.Service.Worker Worker running at: "2025-08-22T05:00:14.5613344+08:00"&#xD;
2025-08-22 05:00:15.574 +08:00 [INF] DESKTOP-J6M8022 34864/8 SystemMonitor.Service.Worker Worker running at: "2025-08-22T05:00:15.5741996+08:00"&#xD;
2025-08-22 05:00:16.580 +08:00 [INF] DESKTOP-J6M8022 34864/12 SystemMonitor.Service.Worker Worker running at: "2025-08-22T05:00:16.5802431+08:00"&#xD;
2025-08-22 05:00:17.583 +08:00 [INF] DESKTOP-J6M8022 34864/12 SystemMonitor.Service.Worker Worker running at: "2025-08-22T05:00:17.5832737+08:00"&#xD;
2025-08-22 05:00:18.114 +08:00 [INF] DESKTOP-J6M8022 34864/11 SystemMonitor.Service.Services.RpcHostedService 客户端已连接&#xD;
2025-08-22 05:00:18.114 +08:00 [INF] DESKTOP-J6M8022 34864/11 SystemMonitor.Service.Services.RpcHostedService 客户端会话建立: conn="8619790b-69c5-445b-ab8d-8526df618427"&#xD;
2025-08-22 05:00:18.116 +08:00 [INF] DESKTOP-J6M8022 34864/12 SystemMonitor.Service.Services.RpcHostedService 客户端断开：已达到流的结尾。 conn="8619790b-69c5-445b-ab8d-8526df618427"&#xD;
2025-08-22 05:00:18.595 +08:00 [INF] DESKTOP-J6M8022 34864/11 SystemMonitor.Service.Worker Worker running at: "2025-08-22T05:00:18.5953464+08:00"&#xD;
2025-08-22 05:00:19.605 +08:00 [INF] DESKTOP-J6M8022 34864/11 SystemMonitor.Service.Worker Worker running at: "2025-08-22T05:00:19.6052530+08:00"&#xD;
2025-08-22 05:00:20.613 +08:00 [INF] DESKTOP-J6M8022 34864/13 SystemMonitor.Service.Worker Worker running at: "2025-08-22T05:00:20.6131263+08:00"&#xD;
2025-08-22 05:00:21.613 +08:00 [INF] DESKTOP-J6M8022 34864/11 SystemMonitor.Service.Worker Worker running at: "2025-08-22T05:00:21.6130098+08:00"&#xD;
2025-08-22 05:00:22.624 +08:00 [INF] DESKTOP-J6M8022 34864/13 SystemMonitor.Service.Worker Worker running at: "2025-08-22T05:00:22.6244940+08:00"&#xD;
2025-08-22 05:00:23.105 +08:00 [INF] DESKTOP-J6M8022 34864/13 SystemMonitor.Service.Services.RpcHostedService 客户端已连接&#xD;
2025-08-22 05:00:23.105 +08:00 [INF] DESKTOP-J6M8022 34864/13 SystemMonitor.Service.Services.RpcHostedService 客户端会话建立: conn="849f5c90-811a-4eb3-97ea-73e1b9d03257"&#xD;
2025-08-22 05:00:23.108 +08:00 [INF] DESKTOP-J6M8022 34864/8 SystemMonitor.Service.Services.RpcHostedService 客户端断开：已达到流的结尾。 conn="849f5c90-811a-4eb3-97ea-73e1b9d03257"&#xD;
2025-08-22 05:00:23.627 +08:00 [INF] DESKTOP-J6M8022 34864/13 SystemMonitor.Service.Worker Worker running at: "2025-08-22T05:00:23.6275367+08:00"&#xD;
2025-08-22 05:00:24.631 +08:00 [INF] DESKTOP-J6M8022 34864/8 SystemMonitor.Service.Worker Worker running at: "2025-08-22T05:00:24.6319373+08:00"&#xD;
2025-08-22 05:00:25.643 +08:00 [INF] DESKTOP-J6M8022 34864/13 SystemMonitor.Service.Worker Worker running at: "2025-08-22T05:00:25.6437810+08:00"&#xD;
2025-08-22 05:00:26.649 +08:00 [INF] DESKTOP-J6M8022 34864/10 SystemMonitor.Service.Worker Worker running at: "2025-08-22T05:00:26.6498268+08:00"&#xD;
2025-08-22 05:00:27.653 +08:00 [INF] DESKTOP-J6M8022 34864/13 SystemMonitor.Service.Worker Worker running at: "2025-08-22T05:00:27.6536723+08:00"&#xD;
2025-08-22 05:00:28.104 +08:00 [INF] DESKTOP-J6M8022 34864/13 SystemMonitor.Service.Services.RpcHostedService 客户端已连接&#xD;
2025-08-22 05:00:28.104 +08:00 [INF] DESKTOP-J6M8022 34864/13 SystemMonitor.Service.Services.RpcHostedService 客户端会话建立: conn="58087a9a-4fe9-4ab7-893a-962c7c34de4d"&#xD;
2025-08-22 05:00:28.108 +08:00 [INF] DESKTOP-J6M8022 34864/10 SystemMonitor.Service.Services.RpcHostedService 客户端断开：已达到流的结尾。 conn="58087a9a-4fe9-4ab7-893a-962c7c34de4d"&#xD;
2025-08-22 05:00:28.658 +08:00 [INF] DESKTOP-J6M8022 34864/10 SystemMonitor.Service.Worker Worker running at: "2025-08-22T05:00:28.6580477+08:00"&#xD;
2025-08-22 05:00:29.667 +08:00 [INF] DESKTOP-J6M8022 34864/10 SystemMonitor.Service.Worker Worker running at: "2025-08-22T05:00:29.6670246+08:00"&#xD;
2025-08-22 05:00:30.671 +08:00 [INF] DESKTOP-J6M8022 34864/11 SystemMonitor.Service.Worker Worker running at: "2025-08-22T05:00:30.6718324+08:00"&#xD;
2025-08-22 05:00:31.677 +08:00 [INF] DESKTOP-J6M8022 34864/11 SystemMonitor.Service.Worker Worker running at: "2025-08-22T05:00:31.6773257+08:00"&#xD;
2025-08-22 05:00:32.687 +08:00 [INF] DESKTOP-J6M8022 34864/8 SystemMonitor.Service.Worker Worker running at: "2025-08-22T05:00:32.6879602+08:00"&#xD;
2025-08-22 05:00:33.104 +08:00 [INF] DESKTOP-J6M8022 34864/11 SystemMonitor.Service.Services.RpcHostedService 客户端已连接&#xD;
2025-08-22 05:00:33.104 +08:00 [INF] DESKTOP-J6M8022 34864/11 SystemMonitor.Service.Services.RpcHostedService 客户端会话建立: conn="f2efc72f-7360-4d95-8499-7acad765c432"&#xD;
2025-08-22 05:00:33.107 +08:00 [INF] DESKTOP-J6M8022 34864/11 SystemMonitor.Service.Services.RpcHostedService 客户端断开：已达到流的结尾。 conn="f2efc72f-7360-4d95-8499-7acad765c432"&#xD;
2025-08-22 05:00:33.703 +08:00 [INF] DESKTOP-J6M8022 34864/8 SystemMonitor.Service.Worker Worker running at: "2025-08-22T05:00:33.7031716+08:00"&#xD;
2025-08-22 05:00:34.705 +08:00 [INF] DESKTOP-J6M8022 34864/13 SystemMonitor.Service.Worker Worker running at: "2025-08-22T05:00:34.7053006+08:00"&#xD;
2025-08-22 05:00:35.716 +08:00 [INF] DESKTOP-J6M8022 34864/11 SystemMonitor.Service.Worker Worker running at: "2025-08-22T05:00:35.7161477+08:00"&#xD;
2025-08-22 05:00:36.721 +08:00 [INF] DESKTOP-J6M8022 34864/12 SystemMonitor.Service.Worker Worker running at: "2025-08-22T05:00:36.7213935+08:00"&#xD;
2025-08-22 05:00:37.725 +08:00 [INF] DESKTOP-J6M8022 34864/12 SystemMonitor.Service.Worker Worker running at: "2025-08-22T05:00:37.7251514+08:00"&#xD;
2025-08-22 05:00:38.118 +08:00 [INF] DESKTOP-J6M8022 34864/13 SystemMonitor.Service.Services.RpcHostedService 客户端已连接&#xD;
2025-08-22 05:00:38.118 +08:00 [INF] DESKTOP-J6M8022 34864/13 SystemMonitor.Service.Services.RpcHostedService 客户端会话建立: conn="b439ecab-ffb2-4843-8f54-1844ad704c06"&#xD;
2025-08-22 05:00:38.121 +08:00 [INF] DESKTOP-J6M8022 34864/13 SystemMonitor.Service.Services.RpcHostedService 客户端断开：已达到流的结尾。 conn="b439ecab-ffb2-4843-8f54-1844ad704c06"&#xD;
2025-08-22 05:00:38.725 +08:00 [INF] DESKTOP-J6M8022 34864/8 SystemMonitor.Service.Worker Worker running at: "2025-08-22T05:00:38.7259519+08:00"&#xD;
2025-08-22 05:00:39.740 +08:00 [INF] DESKTOP-J6M8022 34864/11 SystemMonitor.Service.Worker Worker running at: "2025-08-22T05:00:39.7403082+08:00"&#xD;
2025-08-22 05:00:40.742 +08:00 [INF] DESKTOP-J6M8022 34864/11 SystemMonitor.Service.Worker Worker running at: "2025-08-22T05:00:40.7425737+08:00"&#xD;
2025-08-22 05:00:41.745 +08:00 [INF] DESKTOP-J6M8022 34864/13 SystemMonitor.Service.Worker Worker running at: "2025-08-22T05:00:41.7451229+08:00"&#xD;
2025-08-22 05:00:42.751 +08:00 [INF] DESKTOP-J6M8022 34864/11 SystemMonitor.Service.Worker Worker running at: "2025-08-22T05:00:42.7515665+08:00"&#xD;
2025-08-22 05:00:43.110 +08:00 [INF] DESKTOP-J6M8022 34864/14 SystemMonitor.Service.Services.RpcHostedService 客户端已连接&#xD;
2025-08-22 05:00:43.110 +08:00 [INF] DESKTOP-J6M8022 34864/14 SystemMonitor.Service.Services.RpcHostedService 客户端会话建立: conn="ec82b613-da05-4264-84fe-3fb03c945d2f"&#xD;
2025-08-22 05:00:43.120 +08:00 [INF] DESKTOP-J6M8022 34864/9 SystemMonitor.Service.Services.RpcHostedService 客户端断开：已达到流的结尾。 conn="ec82b613-da05-4264-84fe-3fb03c945d2f"&#xD;
2025-08-22 05:00:43.389 +08:00 [INF] DESKTOP-J6M8022 34864/13 SystemMonitor.Service.Services.RpcHostedService 客户端已连接&#xD;
2025-08-22 05:00:43.389 +08:00 [INF] DESKTOP-J6M8022 34864/13 SystemMonitor.Service.Services.RpcHostedService 客户端会话建立: conn="2f7dc9d3-2402-4294-ba61-bc663df8cf82"&#xD;
2025-08-22 05:00:43.398 +08:00 [INF] DESKTOP-J6M8022 34864/13 SystemMonitor.Service.Services.RpcHostedService snapshot called, modules=*&#xD;
2025-08-22 05:00:43.407 +08:00 [INF] DESKTOP-J6M8022 34864/13 SystemMonitor.Service.Services.RpcHostedService 客户端断开：已达到流的结尾。 conn="2f7dc9d3-2402-4294-ba61-bc663df8cf82"&#xD;
2025-08-22 05:00:43.756 +08:00 [INF] DESKTOP-J6M8022 34864/13 SystemMonitor.Service.Worker Worker running at: "2025-08-22T05:00:43.7565234+08:00"&#xD;
2025-08-22 05:00:44.757 +08:00 [INF] DESKTOP-J6M8022 34864/11 SystemMonitor.Service.Worker Worker running at: "2025-08-22T05:00:44.7577675+08:00"&#xD;
2025-08-22 05:00:45.762 +08:00 [INF] DESKTOP-J6M8022 34864/11 SystemMonitor.Service.Worker Worker running at: "2025-08-22T05:00:45.7627674+08:00"&#xD;
2025-08-22 05:00:46.772 +08:00 [INF] DESKTOP-J6M8022 34864/11 SystemMonitor.Service.Worker Worker running at: "2025-08-22T05:00:46.7724296+08:00"&#xD;
2025-08-22 05:00:47.772 +08:00 [INF] DESKTOP-J6M8022 34864/11 SystemMonitor.Service.Worker Worker running at: "2025-08-22T05:00:47.7724414+08:00"&#xD;
2025-08-22 05:00:48.113 +08:00 [INF] DESKTOP-J6M8022 34864/11 SystemMonitor.Service.Services.RpcHostedService 客户端已连接&#xD;
2025-08-22 05:00:48.113 +08:00 [INF] DESKTOP-J6M8022 34864/11 SystemMonitor.Service.Services.RpcHostedService 客户端会话建立: conn="0b57ec2b-be63-49bb-9b61-b642d4a6bad8"&#xD;
2025-08-22 05:00:48.118 +08:00 [INF] DESKTOP-J6M8022 34864/11 SystemMonitor.Service.Services.RpcHostedService 客户端断开：已达到流的结尾。 conn="0b57ec2b-be63-49bb-9b61-b642d4a6bad8"&#xD;
2025-08-22 05:00:48.786 +08:00 [INF] DESKTOP-J6M8022 34864/14 SystemMonitor.Service.Worker Worker running at: "2025-08-22T05:00:48.7861767+08:00"&#xD;
2025-08-22 05:00:49.797 +08:00 [INF] DESKTOP-J6M8022 34864/14 SystemMonitor.Service.Worker Worker running at: "2025-08-22T05:00:49.7971060+08:00"&#xD;
2025-08-22 05:00:50.810 +08:00 [INF] DESKTOP-J6M8022 34864/14 SystemMonitor.Service.Worker Worker running at: "2025-08-22T05:00:50.8103703+08:00"&#xD;
2025-08-22 05:00:51.819 +08:00 [INF] DESKTOP-J6M8022 34864/14 SystemMonitor.Service.Worker Worker running at: "2025-08-22T05:00:51.8191149+08:00"&#xD;
2025-08-22 05:00:52.832 +08:00 [INF] DESKTOP-J6M8022 34864/14 SystemMonitor.Service.Worker Worker running at: "2025-08-22T05:00:52.8322629+08:00"&#xD;
2025-08-22 05:00:53.102 +08:00 [INF] DESKTOP-J6M8022 34864/14 SystemMonitor.Service.Services.RpcHostedService 客户端已连接&#xD;
2025-08-22 05:00:53.102 +08:00 [INF] DESKTOP-J6M8022 34864/14 SystemMonitor.Service.Services.RpcHostedService 客户端会话建立: conn="a1d8b427-d708-44e2-9952-15a5a936e6af"&#xD;
2025-08-22 05:00:53.105 +08:00 [INF] DESKTOP-J6M8022 34864/13 SystemMonitor.Service.Services.RpcHostedService 客户端断开：已达到流的结尾。 conn="a1d8b427-d708-44e2-9952-15a5a936e6af"&#xD;
2025-08-22 05:00:53.839 +08:00 [INF] DESKTOP-J6M8022 34864/9 SystemMonitor.Service.Worker Worker running at: "2025-08-22T05:00:53.8390210+08:00"&#xD;
2025-08-22 05:00:54.844 +08:00 [INF] DESKTOP-J6M8022 34864/9 SystemMonitor.Service.Worker Worker running at: "2025-08-22T05:00:54.8440332+08:00"&#xD;
2025-08-22 05:00:55.849 +08:00 [INF] DESKTOP-J6M8022 34864/14 SystemMonitor.Service.Worker Worker running at: "2025-08-22T05:00:55.8498931+08:00"&#xD;
2025-08-22 05:00:56.855 +08:00 [INF] DESKTOP-J6M8022 34864/12 SystemMonitor.Service.Worker Worker running at: "2025-08-22T05:00:56.8554623+08:00"&#xD;
2025-08-22 05:00:57.861 +08:00 [INF] DESKTOP-J6M8022 34864/12 SystemMonitor.Service.Worker Worker running at: "2025-08-22T05:00:57.8610329+08:00"&#xD;
2025-08-22 05:00:58.111 +08:00 [INF] DESKTOP-J6M8022 34864/8 SystemMonitor.Service.Services.RpcHostedService 客户端已连接&#xD;
2025-08-22 05:00:58.111 +08:00 [INF] DESKTOP-J6M8022 34864/8 SystemMonitor.Service.Services.RpcHostedService 客户端会话建立: conn="667ed3f1-bd30-41e0-92ff-80608571c1ce"&#xD;
2025-08-22 05:00:58.116 +08:00 [INF] DESKTOP-J6M8022 34864/12 SystemMonitor.Service.Services.RpcHostedService 客户端断开：已达到流的结尾。 conn="667ed3f1-bd30-41e0-92ff-80608571c1ce"&#xD;
2025-08-22 05:00:58.863 +08:00 [INF] DESKTOP-J6M8022 34864/8 SystemMonitor.Service.Worker Worker running at: "2025-08-22T05:00:58.8635685+08:00"&#xD;
2025-08-22 05:00:59.864 +08:00 [INF] DESKTOP-J6M8022 34864/13 SystemMonitor.Service.Worker Worker running at: "2025-08-22T05:00:59.8639948+08:00"&#xD;
2025-08-22 05:01:00.871 +08:00 [INF] DESKTOP-J6M8022 34864/8 SystemMonitor.Service.Worker Worker running at: "2025-08-22T05:01:00.8711317+08:00"&#xD;
2025-08-22 05:01:01.872 +08:00 [INF] DESKTOP-J6M8022 34864/8 SystemMonitor.Service.Worker Worker running at: "2025-08-22T05:01:01.8723849+08:00"&#xD;
2025-08-22 05:01:02.874 +08:00 [INF] DESKTOP-J6M8022 34864/13 SystemMonitor.Service.Worker Worker running at: "2025-08-22T05:01:02.8742125+08:00"&#xD;
2025-08-22 05:01:03.109 +08:00 [INF] DESKTOP-J6M8022 34864/13 SystemMonitor.Service.Services.RpcHostedService 客户端已连接&#xD;
2025-08-22 05:01:03.109 +08:00 [INF] DESKTOP-J6M8022 34864/13 SystemMonitor.Service.Services.RpcHostedService 客户端会话建立: conn="6f7008b5-fb8e-492a-bb7e-9769bc95aca3"&#xD;
2025-08-22 05:01:03.113 +08:00 [INF] DESKTOP-J6M8022 34864/13 SystemMonitor.Service.Services.RpcHostedService 客户端断开：已达到流的结尾。 conn="6f7008b5-fb8e-492a-bb7e-9769bc95aca3"&#xD;
2025-08-22 05:01:03.878 +08:00 [INF] DESKTOP-J6M8022 34864/9 SystemMonitor.Service.Worker Worker running at: "2025-08-22T05:01:03.8780156+08:00"&#xD;
2025-08-22 05:01:04.882 +08:00 [INF] DESKTOP-J6M8022 34864/9 SystemMonitor.Service.Worker Worker running at: "2025-08-22T05:01:04.8824276+08:00"&#xD;
2025-08-22 05:01:05.888 +08:00 [INF] DESKTOP-J6M8022 34864/9 SystemMonitor.Service.Worker Worker running at: "2025-08-22T05:01:05.8884444+08:00"&#xD;
2025-08-22 05:01:06.898 +08:00 [INF] DESKTOP-J6M8022 34864/13 SystemMonitor.Service.Worker Worker running at: "2025-08-22T05:01:06.8980438+08:00"&#xD;
2025-08-22 05:01:07.902 +08:00 [INF] DESKTOP-J6M8022 34864/12 SystemMonitor.Service.Worker Worker running at: "2025-08-22T05:01:07.9022915+08:00"&#xD;
2025-08-22 05:01:08.106 +08:00 [INF] DESKTOP-J6M8022 34864/12 SystemMonitor.Service.Services.RpcHostedService 客户端已连接&#xD;
2025-08-22 05:01:08.106 +08:00 [INF] DESKTOP-J6M8022 34864/12 SystemMonitor.Service.Services.RpcHostedService 客户端会话建立: conn="57e57623-52be-4bde-b1c7-694c9251d418"&#xD;
2025-08-22 05:01:08.111 +08:00 [INF] DESKTOP-J6M8022 34864/14 SystemMonitor.Service.Services.RpcHostedService 客户端断开：已达到流的结尾。 conn="57e57623-52be-4bde-b1c7-694c9251d418"&#xD;
2025-08-22 05:01:08.904 +08:00 [INF] DESKTOP-J6M8022 34864/13 SystemMonitor.Service.Worker Worker running at: "2025-08-22T05:01:08.9045942+08:00"&#xD;
2025-08-22 05:01:09.905 +08:00 [INF] DESKTOP-J6M8022 34864/12 SystemMonitor.Service.Worker Worker running at: "2025-08-22T05:01:09.9059497+08:00"&#xD;
2025-08-22 05:01:10.910 +08:00 [INF] DESKTOP-J6M8022 34864/8 SystemMonitor.Service.Worker Worker running at: "2025-08-22T05:01:10.9104565+08:00"&#xD;
2025-08-22 05:01:11.913 +08:00 [INF] DESKTOP-J6M8022 34864/12 SystemMonitor.Service.Worker Worker running at: "2025-08-22T05:01:11.9132884+08:00"&#xD;
2025-08-22 05:01:12.917 +08:00 [INF] DESKTOP-J6M8022 34864/8 SystemMonitor.Service.Worker Worker running at: "2025-08-22T05:01:12.9173706+08:00"&#xD;
2025-08-22 05:01:13.103 +08:00 [INF] DESKTOP-J6M8022 34864/8 SystemMonitor.Service.Services.RpcHostedService 客户端已连接&#xD;
2025-08-22 05:01:13.103 +08:00 [INF] DESKTOP-J6M8022 34864/8 SystemMonitor.Service.Services.RpcHostedService 客户端会话建立: conn="8c8ff938-4ec2-4b63-94b8-07d74318db55"&#xD;
2025-08-22 05:01:13.107 +08:00 [INF] DESKTOP-J6M8022 34864/12 SystemMonitor.Service.Services.RpcHostedService 客户端断开：已达到流的结尾。 conn="8c8ff938-4ec2-4b63-94b8-07d74318db55"&#xD;
2025-08-22 05:01:13.395 +08:00 [INF] DESKTOP-J6M8022 34864/8 SystemMonitor.Service.Services.RpcHostedService 客户端已连接&#xD;
2025-08-22 05:01:13.395 +08:00 [INF] DESKTOP-J6M8022 34864/8 SystemMonitor.Service.Services.RpcHostedService 客户端会话建立: conn="0d0e45ce-49cf-483b-8035-5df65c66b336"&#xD;
2025-08-22 05:01:13.409 +08:00 [INF] DESKTOP-J6M8022 34864/8 SystemMonitor.Service.Services.RpcHostedService snapshot called, modules=*&#xD;
2025-08-22 05:01:13.415 +08:00 [INF] DESKTOP-J6M8022 34864/12 SystemMonitor.Service.Services.RpcHostedService 客户端断开：已达到流的结尾。 conn="0d0e45ce-49cf-483b-8035-5df65c66b336"&#xD;
2025-08-22 05:01:13.923 +08:00 [INF] DESKTOP-J6M8022 34864/14 SystemMonitor.Service.Worker Worker running at: "2025-08-22T05:01:13.9232807+08:00"&#xD;
2025-08-22 05:01:14.929 +08:00 [INF] DESKTOP-J6M8022 34864/12 SystemMonitor.Service.Worker Worker running at: "2025-08-22T05:01:14.9292827+08:00"&#xD;
2025-08-22 05:01:15.932 +08:00 [INF] DESKTOP-J6M8022 34864/8 SystemMonitor.Service.Worker Worker running at: "2025-08-22T05:01:15.9326500+08:00"&#xD;
2025-08-22 05:01:16.939 +08:00 [INF] DESKTOP-J6M8022 34864/14 SystemMonitor.Service.Worker Worker running at: "2025-08-22T05:01:16.9393680+08:00"&#xD;
2025-08-22 05:01:17.943 +08:00 [INF] DESKTOP-J6M8022 34864/8 SystemMonitor.Service.Worker Worker running at: "2025-08-22T05:01:17.9432416+08:00"&#xD;
2025-08-22 05:01:18.116 +08:00 [INF] DESKTOP-J6M8022 34864/8 SystemMonitor.Service.Services.RpcHostedService 客户端已连接&#xD;
2025-08-22 05:01:18.116 +08:00 [INF] DESKTOP-J6M8022 34864/8 SystemMonitor.Service.Services.RpcHostedService 客户端会话建立: conn="4caa660b-18e4-4979-bebe-31bdd3b07642"&#xD;
2025-08-22 05:01:18.119 +08:00 [INF] DESKTOP-J6M8022 34864/12 SystemMonitor.Service.Services.RpcHostedService 客户端断开：已达到流的结尾。 conn="4caa660b-18e4-4979-bebe-31bdd3b07642"&#xD;
2025-08-22 05:01:18.947 +08:00 [INF] DESKTOP-J6M8022 34864/8 SystemMonitor.Service.Worker Worker running at: "2025-08-22T05:01:18.9470563+08:00"&#xD;
2025-08-22 05:01:19.950 +08:00 [INF] DESKTOP-J6M8022 34864/8 SystemMonitor.Service.Worker Worker running at: "2025-08-22T05:01:19.9501774+08:00"&#xD;
2025-08-22 05:01:20.958 +08:00 [INF] DESKTOP-J6M8022 34864/8 SystemMonitor.Service.Worker Worker running at: "2025-08-22T05:01:20.9579718+08:00"&#xD;
2025-08-22 05:01:21.959 +08:00 [INF] DESKTOP-J6M8022 34864/14 SystemMonitor.Service.Worker Worker running at: "2025-08-22T05:01:21.9594726+08:00"&#xD;
2025-08-22 05:01:22.963 +08:00 [INF] DESKTOP-J6M8022 34864/8 SystemMonitor.Service.Worker Worker running at: "2025-08-22T05:01:22.9634519+08:00"&#xD;
2025-08-22 05:01:23.105 +08:00 [INF] DESKTOP-J6M8022 34864/8 SystemMonitor.Service.Services.RpcHostedService 客户端已连接&#xD;
2025-08-22 05:01:23.105 +08:00 [INF] DESKTOP-J6M8022 34864/8 SystemMonitor.Service.Services.RpcHostedService 客户端会话建立: conn="8639769c-80fa-407f-b9a9-4050afd76198"&#xD;
2025-08-22 05:01:23.107 +08:00 [INF] DESKTOP-J6M8022 34864/14 SystemMonitor.Service.Services.RpcHostedService 客户端断开：已达到流的结尾。 conn="8639769c-80fa-407f-b9a9-4050afd76198"&#xD;
2025-08-22 05:01:23.971 +08:00 [INF] DESKTOP-J6M8022 34864/11 SystemMonitor.Service.Worker Worker running at: "2025-08-22T05:01:23.9715344+08:00"&#xD;
2025-08-22 05:01:24.982 +08:00 [INF] DESKTOP-J6M8022 34864/11 SystemMonitor.Service.Worker Worker running at: "2025-08-22T05:01:24.9819615+08:00"&#xD;
2025-08-22 05:01:25.994 +08:00 [INF] DESKTOP-J6M8022 34864/11 SystemMonitor.Service.Worker Worker running at: "2025-08-22T05:01:25.9941989+08:00"&#xD;
2025-08-22 05:01:26.999 +08:00 [INF] DESKTOP-J6M8022 34864/8 SystemMonitor.Service.Worker Worker running at: "2025-08-22T05:01:26.9999359+08:00"&#xD;
2025-08-22 05:01:28.013 +08:00 [INF] DESKTOP-J6M8022 34864/11 SystemMonitor.Service.Worker Worker running at: "2025-08-22T05:01:28.0133025+08:00"&#xD;
2025-08-22 05:01:28.109 +08:00 [INF] DESKTOP-J6M8022 34864/11 SystemMonitor.Service.Services.RpcHostedService 客户端已连接&#xD;
2025-08-22 05:01:28.109 +08:00 [INF] DESKTOP-J6M8022 34864/11 SystemMonitor.Service.Services.RpcHostedService 客户端会话建立: conn="fda2e581-c0a4-4aa4-a5e0-11787ca179bd"&#xD;
2025-08-22 05:01:28.112 +08:00 [INF] DESKTOP-J6M8022 34864/11 SystemMonitor.Service.Services.RpcHostedService 客户端断开：已达到流的结尾。 conn="fda2e581-c0a4-4aa4-a5e0-11787ca179bd"&#xD;
2025-08-22 05:01:29.018 +08:00 [INF] DESKTOP-J6M8022 34864/11 SystemMonitor.Service.Worker Worker running at: "2025-08-22T05:01:29.0183364+08:00"&#xD;
2025-08-22 05:01:30.019 +08:00 [INF] DESKTOP-J6M8022 34864/8 SystemMonitor.Service.Worker Worker running at: "2025-08-22T05:01:30.0195935+08:00"&#xD;
2025-08-22 05:01:31.026 +08:00 [INF] DESKTOP-J6M8022 34864/8 SystemMonitor.Service.Worker Worker running at: "2025-08-22T05:01:31.0262398+08:00"&#xD;
2025-08-22 05:01:32.031 +08:00 [INF] DESKTOP-J6M8022 34864/12 SystemMonitor.Service.Worker Worker running at: "2025-08-22T05:01:32.0310132+08:00"&#xD;
2025-08-22 05:01:33.035 +08:00 [INF] DESKTOP-J6M8022 34864/12 SystemMonitor.Service.Worker Worker running at: "2025-08-22T05:01:33.0357910+08:00"&#xD;
2025-08-22 05:01:33.116 +08:00 [INF] DESKTOP-J6M8022 34864/12 SystemMonitor.Service.Services.RpcHostedService 客户端已连接&#xD;
2025-08-22 05:01:33.116 +08:00 [INF] DESKTOP-J6M8022 34864/12 SystemMonitor.Service.Services.RpcHostedService 客户端会话建立: conn="34e1094f-2d5d-4eb2-b05a-37c0e40cc011"&#xD;
2025-08-22 05:01:33.119 +08:00 [INF] DESKTOP-J6M8022 34864/8 SystemMonitor.Service.Services.RpcHostedService 客户端断开：已达到流的结尾。 conn="34e1094f-2d5d-4eb2-b05a-37c0e40cc011"&#xD;
2025-08-22 05:01:34.041 +08:00 [INF] DESKTOP-J6M8022 34864/8 SystemMonitor.Service.Worker Worker running at: "2025-08-22T05:01:34.0416262+08:00"&#xD;
2025-08-22 05:01:35.045 +08:00 [INF] DESKTOP-J6M8022 34864/8 SystemMonitor.Service.Worker Worker running at: "2025-08-22T05:01:35.0457088+08:00"&#xD;
2025-08-22 05:01:36.047 +08:00 [INF] DESKTOP-J6M8022 34864/12 SystemMonitor.Service.Worker Worker running at: "2025-08-22T05:01:36.0479378+08:00"&#xD;
2025-08-22 05:01:37.050 +08:00 [INF] DESKTOP-J6M8022 34864/12 SystemMonitor.Service.Worker Worker running at: "2025-08-22T05:01:37.0504892+08:00"&#xD;
2025-08-22 05:01:38.061 +08:00 [INF] DESKTOP-J6M8022 34864/14 SystemMonitor.Service.Worker Worker running at: "2025-08-22T05:01:38.0614429+08:00"&#xD;
2025-08-22 05:01:38.110 +08:00 [INF] DESKTOP-J6M8022 34864/12 SystemMonitor.Service.Services.RpcHostedService 客户端已连接&#xD;
2025-08-22 05:01:38.110 +08:00 [INF] DESKTOP-J6M8022 34864/12 SystemMonitor.Service.Services.RpcHostedService 客户端会话建立: conn="06117a62-6040-4241-9927-358af4226d43"&#xD;
2025-08-22 05:01:38.113 +08:00 [INF] DESKTOP-J6M8022 34864/14 SystemMonitor.Service.Services.RpcHostedService 客户端断开：已达到流的结尾。 conn="06117a62-6040-4241-9927-358af4226d43"&#xD;
2025-08-22 05:01:39.064 +08:00 [INF] DESKTOP-J6M8022 34864/14 SystemMonitor.Service.Worker Worker running at: "2025-08-22T05:01:39.0644324+08:00"&#xD;
2025-08-22 05:01:40.069 +08:00 [INF] DESKTOP-J6M8022 34864/8 SystemMonitor.Service.Worker Worker running at: "2025-08-22T05:01:40.0698228+08:00"&#xD;
2025-08-22 05:01:41.072 +08:00 [INF] DESKTOP-J6M8022 34864/8 SystemMonitor.Service.Worker Worker running at: "2025-08-22T05:01:41.0721700+08:00"&#xD;
2025-08-22 05:01:42.086 +08:00 [INF] DESKTOP-J6M8022 34864/11 SystemMonitor.Service.Worker Worker running at: "2025-08-22T05:01:42.0860513+08:00"&#xD;
2025-08-22 05:01:43.101 +08:00 [INF] DESKTOP-J6M8022 34864/8 SystemMonitor.Service.Worker Worker running at: "2025-08-22T05:01:43.1011436+08:00"&#xD;
2025-08-22 05:01:43.105 +08:00 [INF] DESKTOP-J6M8022 34864/9 SystemMonitor.Service.Services.RpcHostedService 客户端已连接&#xD;
2025-08-22 05:01:43.105 +08:00 [INF] DESKTOP-J6M8022 34864/9 SystemMonitor.Service.Services.RpcHostedService 客户端会话建立: conn="860b5ccb-a321-4101-b6d7-ba8cfd17c2fa"&#xD;
2025-08-22 05:01:43.109 +08:00 [INF] DESKTOP-J6M8022 34864/8 SystemMonitor.Service.Services.RpcHostedService 客户端断开：已达到流的结尾。 conn="860b5ccb-a321-4101-b6d7-ba8cfd17c2fa"&#xD;
2025-08-22 05:01:43.386 +08:00 [INF] DESKTOP-J6M8022 34864/11 SystemMonitor.Service.Services.RpcHostedService 客户端已连接&#xD;
2025-08-22 05:01:43.386 +08:00 [INF] DESKTOP-J6M8022 34864/11 SystemMonitor.Service.Services.RpcHostedService 客户端会话建立: conn="7103465a-6b36-49d0-b971-0765ff27b367"&#xD;
2025-08-22 05:01:43.387 +08:00 [INF] DESKTOP-J6M8022 34864/11 SystemMonitor.Service.Services.RpcHostedService snapshot called, modules=*&#xD;
2025-08-22 05:01:43.394 +08:00 [INF] DESKTOP-J6M8022 34864/14 SystemMonitor.Service.Services.RpcHostedService 客户端断开：已达到流的结尾。 conn="7103465a-6b36-49d0-b971-0765ff27b367"&#xD;
2025-08-22 05:01:44.107 +08:00 [INF] DESKTOP-J6M8022 34864/11 SystemMonitor.Service.Worker Worker running at: "2025-08-22T05:01:44.1078485+08:00"&#xD;
2025-08-22 05:01:45.116 +08:00 [INF] DESKTOP-J6M8022 34864/8 SystemMonitor.Service.Worker Worker running at: "2025-08-22T05:01:45.1165225+08:00"&#xD;
2025-08-22 05:01:46.125 +08:00 [INF] DESKTOP-J6M8022 34864/8 SystemMonitor.Service.Worker Worker running at: "2025-08-22T05:01:46.1259467+08:00"&#xD;
2025-08-22 05:01:47.131 +08:00 [INF] DESKTOP-J6M8022 34864/8 SystemMonitor.Service.Worker Worker running at: "2025-08-22T05:01:47.1319177+08:00"&#xD;
2025-08-22 05:01:48.110 +08:00 [INF] DESKTOP-J6M8022 34864/9 SystemMonitor.Service.Services.RpcHostedService 客户端已连接&#xD;
2025-08-22 05:01:48.111 +08:00 [INF] DESKTOP-J6M8022 34864/9 SystemMonitor.Service.Services.RpcHostedService 客户端会话建立: conn="dc929a0f-2511-48c2-b921-bb00e3b2d95e"&#xD;
2025-08-22 05:01:48.113 +08:00 [INF] DESKTOP-J6M8022 34864/9 SystemMonitor.Service.Services.RpcHostedService 客户端断开：已达到流的结尾。 conn="dc929a0f-2511-48c2-b921-bb00e3b2d95e"&#xD;
2025-08-22 05:01:48.139 +08:00 [INF] DESKTOP-J6M8022 34864/9 SystemMonitor.Service.Worker Worker running at: "2025-08-22T05:01:48.1397480+08:00"&#xD;
2025-08-22 05:01:49.149 +08:00 [INF] DESKTOP-J6M8022 34864/9 SystemMonitor.Service.Worker Worker running at: "2025-08-22T05:01:49.1490602+08:00"&#xD;
2025-08-22 05:01:50.156 +08:00 [INF] DESKTOP-J6M8022 34864/9 SystemMonitor.Service.Worker Worker running at: "2025-08-22T05:01:50.1565687+08:00"&#xD;
2025-08-22 05:01:51.163 +08:00 [INF] DESKTOP-J6M8022 34864/8 SystemMonitor.Service.Worker Worker running at: "2025-08-22T05:01:51.1638742+08:00"&#xD;
2025-08-22 05:01:52.175 +08:00 [INF] DESKTOP-J6M8022 34864/8 SystemMonitor.Service.Worker Worker running at: "2025-08-22T05:01:52.1751866+08:00"&#xD;
2025-08-22 05:01:53.106 +08:00 [INF] DESKTOP-J6M8022 34864/8 SystemMonitor.Service.Services.RpcHostedService 客户端已连接&#xD;
2025-08-22 05:01:53.106 +08:00 [INF] DESKTOP-J6M8022 34864/8 SystemMonitor.Service.Services.RpcHostedService 客户端会话建立: conn="cf08e297-f8bc-42e5-a912-8cdf3760d104"&#xD;
2025-08-22 05:01:53.109 +08:00 [INF] DESKTOP-J6M8022 34864/14 SystemMonitor.Service.Services.RpcHostedService 客户端断开：已达到流的结尾。 conn="cf08e297-f8bc-42e5-a912-8cdf3760d104"&#xD;
2025-08-22 05:01:53.183 +08:00 [INF] DESKTOP-J6M8022 34864/12 SystemMonitor.Service.Worker Worker running at: "2025-08-22T05:01:53.1832976+08:00"&#xD;
2025-08-22 05:01:54.188 +08:00 [INF] DESKTOP-J6M8022 34864/12 SystemMonitor.Service.Worker Worker running at: "2025-08-22T05:01:54.1886519+08:00"&#xD;
2025-08-22 05:01:55.189 +08:00 [INF] DESKTOP-J6M8022 34864/12 SystemMonitor.Service.Worker Worker running at: "2025-08-22T05:01:55.1890118+08:00"&#xD;
2025-08-22 05:01:56.201 +08:00 [INF] DESKTOP-J6M8022 34864/14 SystemMonitor.Service.Worker Worker running at: "2025-08-22T05:01:56.2011712+08:00"&#xD;
2025-08-22 05:01:57.203 +08:00 [INF] DESKTOP-J6M8022 34864/12 SystemMonitor.Service.Worker Worker running at: "2025-08-22T05:01:57.2030740+08:00"&#xD;
2025-08-22 05:01:58.150 +08:00 [INF] DESKTOP-J6M8022 34864/11 SystemMonitor.Service.Services.RpcHostedService 客户端已连接&#xD;
2025-08-22 05:01:58.150 +08:00 [INF] DESKTOP-J6M8022 34864/11 SystemMonitor.Service.Services.RpcHostedService 客户端会话建立: conn="12ea3cb9-6e37-4a78-8a02-17ba9963b724"&#xD;
2025-08-22 05:01:58.164 +08:00 [INF] DESKTOP-J6M8022 34864/14 SystemMonitor.Service.Services.RpcHostedService 客户端断开：已达到流的结尾。 conn="12ea3cb9-6e37-4a78-8a02-17ba9963b724"&#xD;
2025-08-22 05:01:58.220 +08:00 [INF] DESKTOP-J6M8022 34864/14 SystemMonitor.Service.Worker Worker running at: "2025-08-22T05:01:58.2204087+08:00"&#xD;
2025-08-22 05:01:59.232 +08:00 [INF] DESKTOP-J6M8022 34864/11 SystemMonitor.Service.Worker Worker running at: "2025-08-22T05:01:59.2321592+08:00"&#xD;
2025-08-22 05:02:00.236 +08:00 [INF] DESKTOP-J6M8022 34864/14 SystemMonitor.Service.Worker Worker running at: "2025-08-22T05:02:00.2367533+08:00"&#xD;
2025-08-22 05:02:01.245 +08:00 [INF] DESKTOP-J6M8022 34864/11 SystemMonitor.Service.Worker Worker running at: "2025-08-22T05:02:01.2451701+08:00"&#xD;
2025-08-22 05:02:02.255 +08:00 [INF] DESKTOP-J6M8022 34864/11 SystemMonitor.Service.Worker Worker running at: "2025-08-22T05:02:02.2559126+08:00"</Message>
          <StackTrace>   at SystemMonitor.Tests.EndToEndTests.WaitPipeReadyAsync(TimeSpan timeout) in C:\code\sys-sensor-v3\src\SystemMonitor.Tests\EndToEndTests.cs:line 151&#xD;
   at SystemMonitor.Tests.EndToEndTests.InitializeAsync() in C:\code\sys-sensor-v3\src\SystemMonitor.Tests\EndToEndTests.cs:line 278</StackTrace>
        </ErrorInfo>
      </Output>
    </UnitTestResult>
    <UnitTestResult executionId="d54f00e5-09cc-4ab9-8d20-2b5d6cf486c4" testId="fc84e8aa-81c3-13b2-161d-42cbb3024667" testName="SystemMonitor.Tests.ContractTests.SubscribeMetrics_Request_Serializes_To_SnakeCase" computerName="DESKTOP-J6M8022" duration="00:00:00.0458307" startTime="2025-08-22T05:03:59.6604652+08:00" endTime="2025-08-22T05:03:59.6605078+08:00" testType="13cdc9d9-ddb5-4fa4-a97d-d965ccfc6d4b" outcome="Passed" testListId="8c84fa94-04c1-424b-9868-57a2d4851a1d" relativeResultsDirectory="d54f00e5-09cc-4ab9-8d20-2b5d6cf486c4" />
    <UnitTestResult executionId="5373eaee-7964-44b7-a014-722dfc3906e3" testId="84bddd7b-5fca-ad7f-6631-caa1dc730eca" testName="SystemMonitor.Tests.ContractTests.BurstSubscribe_Request_Serializes_To_SnakeCase" computerName="DESKTOP-J6M8022" duration="00:00:00.0043077" startTime="2025-08-22T05:03:59.6858066+08:00" endTime="2025-08-22T05:03:59.6858069+08:00" testType="13cdc9d9-ddb5-4fa4-a97d-d965ccfc6d4b" outcome="Passed" testListId="8c84fa94-04c1-424b-9868-57a2d4851a1d" relativeResultsDirectory="5373eaee-7964-44b7-a014-722dfc3906e3" />
    <UnitTestResult executionId="603dff61-b795-413f-b55e-4a09ef55ed3e" testId="b63f371d-2541-ba09-aa15-8afdc6da8ab0" testName="SystemMonitor.Tests.EndToEndTests.State_Emitted_On_Start_Burst_Stop" computerName="DESKTOP-J6M8022" duration="00:00:00.0010000" startTime="2025-08-22T05:04:28.3867262+08:00" endTime="2025-08-22T05:04:28.3867268+08:00" testType="13cdc9d9-ddb5-4fa4-a97d-d965ccfc6d4b" outcome="Failed" testListId="8c84fa94-04c1-424b-9868-57a2d4851a1d" relativeResultsDirectory="603dff61-b795-413f-b55e-4a09ef55ed3e">
      <Output>
        <ErrorInfo>
          <Message>System.InvalidOperationException : Service exited while waiting for pipe. Code=1. Tail:
[svc][out] 姝ｅ湪鐢熸垚...&#xD;
[svc][out] C:\code\sys-sensor-v3\src\SystemMonitor.Service\Services\RpcHostedService.cs(201,31): error CS0103: 褰撳墠涓婁笅鏂囦腑涓嶅瓨鍦ㄥ悕绉扳€淭ryCreateCounter鈥?[C:\code\sys-sensor-v3\src\SystemMonitor.Service\SystemMonitor.Service.csproj]&#xD;
[svc][out] C:\code\sys-sensor-v3\src\SystemMonitor.Service\Services\RpcHostedService.cs(203,35): error CS0103: 褰撳墠涓婁笅鏂囦腑涓嶅瓨鍦ㄥ悕绉扳€淭ryCreateCounter鈥?[C:\code\sys-sensor-v3\src\SystemMonitor.Service\SystemMonitor.Service.csproj]&#xD;
[svc][out] C:\code\sys-sensor-v3\src\SystemMonitor.Service\Program.cs(76,13): warning CA1416: 鍙湪鎵€鏈夊钩鍙颁笂璁块棶姝よ皟鐢ㄧ珯鐐广€?RpcHostedService" 浠呭湪 'windows' 涓婂彈鏀寔銆?(https://learn.microsoft.com/dotnet/fundamentals/code-analysis/quality-rules/ca1416) [C:\code\sys-sensor-v3\src\SystemMonitor.Service\SystemMonitor.Service.csproj]&#xD;
[svc][err] 鐢熸垚澶辫触銆傝淇鐢熸垚閿欒骞堕噸鏂拌繍琛屻€?
[file-log-tail]
2025-08-22 05:00:07.505 +08:00 [INF] DESKTOP-J6M8022 34864/11 SystemMonitor.Service.Worker Worker running at: "2025-08-22T05:00:07.5059406+08:00"&#xD;
2025-08-22 05:00:08.115 +08:00 [INF] DESKTOP-J6M8022 34864/11 SystemMonitor.Service.Services.RpcHostedService 客户端已连接&#xD;
2025-08-22 05:00:08.115 +08:00 [INF] DESKTOP-J6M8022 34864/11 SystemMonitor.Service.Services.RpcHostedService 客户端会话建立: conn="3ebaf5c9-7a90-4c1f-8d06-77e4b9511b6b"&#xD;
2025-08-22 05:00:08.119 +08:00 [INF] DESKTOP-J6M8022 34864/11 SystemMonitor.Service.Services.RpcHostedService 客户端断开：已达到流的结尾。 conn="3ebaf5c9-7a90-4c1f-8d06-77e4b9511b6b"&#xD;
2025-08-22 05:00:08.515 +08:00 [INF] DESKTOP-J6M8022 34864/11 SystemMonitor.Service.Worker Worker running at: "2025-08-22T05:00:08.5155952+08:00"&#xD;
2025-08-22 05:00:09.524 +08:00 [INF] DESKTOP-J6M8022 34864/9 SystemMonitor.Service.Worker Worker running at: "2025-08-22T05:00:09.5241284+08:00"&#xD;
2025-08-22 05:00:10.532 +08:00 [INF] DESKTOP-J6M8022 34864/8 SystemMonitor.Service.Worker Worker running at: "2025-08-22T05:00:10.5324730+08:00"&#xD;
2025-08-22 05:00:11.535 +08:00 [INF] DESKTOP-J6M8022 34864/12 SystemMonitor.Service.Worker Worker running at: "2025-08-22T05:00:11.5357528+08:00"&#xD;
2025-08-22 05:00:12.548 +08:00 [INF] DESKTOP-J6M8022 34864/8 SystemMonitor.Service.Worker Worker running at: "2025-08-22T05:00:12.5481912+08:00"&#xD;
2025-08-22 05:00:13.107 +08:00 [INF] DESKTOP-J6M8022 34864/12 SystemMonitor.Service.Services.RpcHostedService 客户端已连接&#xD;
2025-08-22 05:00:13.107 +08:00 [INF] DESKTOP-J6M8022 34864/12 SystemMonitor.Service.Services.RpcHostedService 客户端会话建立: conn="27a81c38-4647-493a-8fb8-8f2e144087dc"&#xD;
2025-08-22 05:00:13.111 +08:00 [INF] DESKTOP-J6M8022 34864/11 SystemMonitor.Service.Services.RpcHostedService 客户端断开：已达到流的结尾。 conn="27a81c38-4647-493a-8fb8-8f2e144087dc"&#xD;
2025-08-22 05:00:13.384 +08:00 [INF] DESKTOP-J6M8022 34864/8 SystemMonitor.Service.Services.RpcHostedService 客户端已连接&#xD;
2025-08-22 05:00:13.384 +08:00 [INF] DESKTOP-J6M8022 34864/8 SystemMonitor.Service.Services.RpcHostedService 客户端会话建立: conn="25e61bd6-9b34-4b1b-8730-8dd26623668c"&#xD;
2025-08-22 05:00:13.405 +08:00 [INF] DESKTOP-J6M8022 34864/8 SystemMonitor.Service.Services.RpcHostedService snapshot called, modules=*&#xD;
2025-08-22 05:00:13.408 +08:00 [INF] DESKTOP-J6M8022 34864/9 SystemMonitor.Service.Services.RpcHostedService 客户端断开：已达到流的结尾。 conn="25e61bd6-9b34-4b1b-8730-8dd26623668c"&#xD;
2025-08-22 05:00:13.551 +08:00 [INF] DESKTOP-J6M8022 34864/12 SystemMonitor.Service.Worker Worker running at: "2025-08-22T05:00:13.5519178+08:00"&#xD;
2025-08-22 05:00:14.561 +08:00 [INF] DESKTOP-J6M8022 34864/8 SystemMonitor.Service.Worker Worker running at: "2025-08-22T05:00:14.5613344+08:00"&#xD;
2025-08-22 05:00:15.574 +08:00 [INF] DESKTOP-J6M8022 34864/8 SystemMonitor.Service.Worker Worker running at: "2025-08-22T05:00:15.5741996+08:00"&#xD;
2025-08-22 05:00:16.580 +08:00 [INF] DESKTOP-J6M8022 34864/12 SystemMonitor.Service.Worker Worker running at: "2025-08-22T05:00:16.5802431+08:00"&#xD;
2025-08-22 05:00:17.583 +08:00 [INF] DESKTOP-J6M8022 34864/12 SystemMonitor.Service.Worker Worker running at: "2025-08-22T05:00:17.5832737+08:00"&#xD;
2025-08-22 05:00:18.114 +08:00 [INF] DESKTOP-J6M8022 34864/11 SystemMonitor.Service.Services.RpcHostedService 客户端已连接&#xD;
2025-08-22 05:00:18.114 +08:00 [INF] DESKTOP-J6M8022 34864/11 SystemMonitor.Service.Services.RpcHostedService 客户端会话建立: conn="8619790b-69c5-445b-ab8d-8526df618427"&#xD;
2025-08-22 05:00:18.116 +08:00 [INF] DESKTOP-J6M8022 34864/12 SystemMonitor.Service.Services.RpcHostedService 客户端断开：已达到流的结尾。 conn="8619790b-69c5-445b-ab8d-8526df618427"&#xD;
2025-08-22 05:00:18.595 +08:00 [INF] DESKTOP-J6M8022 34864/11 SystemMonitor.Service.Worker Worker running at: "2025-08-22T05:00:18.5953464+08:00"&#xD;
2025-08-22 05:00:19.605 +08:00 [INF] DESKTOP-J6M8022 34864/11 SystemMonitor.Service.Worker Worker running at: "2025-08-22T05:00:19.6052530+08:00"&#xD;
2025-08-22 05:00:20.613 +08:00 [INF] DESKTOP-J6M8022 34864/13 SystemMonitor.Service.Worker Worker running at: "2025-08-22T05:00:20.6131263+08:00"&#xD;
2025-08-22 05:00:21.613 +08:00 [INF] DESKTOP-J6M8022 34864/11 SystemMonitor.Service.Worker Worker running at: "2025-08-22T05:00:21.6130098+08:00"&#xD;
2025-08-22 05:00:22.624 +08:00 [INF] DESKTOP-J6M8022 34864/13 SystemMonitor.Service.Worker Worker running at: "2025-08-22T05:00:22.6244940+08:00"&#xD;
2025-08-22 05:00:23.105 +08:00 [INF] DESKTOP-J6M8022 34864/13 SystemMonitor.Service.Services.RpcHostedService 客户端已连接&#xD;
2025-08-22 05:00:23.105 +08:00 [INF] DESKTOP-J6M8022 34864/13 SystemMonitor.Service.Services.RpcHostedService 客户端会话建立: conn="849f5c90-811a-4eb3-97ea-73e1b9d03257"&#xD;
2025-08-22 05:00:23.108 +08:00 [INF] DESKTOP-J6M8022 34864/8 SystemMonitor.Service.Services.RpcHostedService 客户端断开：已达到流的结尾。 conn="849f5c90-811a-4eb3-97ea-73e1b9d03257"&#xD;
2025-08-22 05:00:23.627 +08:00 [INF] DESKTOP-J6M8022 34864/13 SystemMonitor.Service.Worker Worker running at: "2025-08-22T05:00:23.6275367+08:00"&#xD;
2025-08-22 05:00:24.631 +08:00 [INF] DESKTOP-J6M8022 34864/8 SystemMonitor.Service.Worker Worker running at: "2025-08-22T05:00:24.6319373+08:00"&#xD;
2025-08-22 05:00:25.643 +08:00 [INF] DESKTOP-J6M8022 34864/13 SystemMonitor.Service.Worker Worker running at: "2025-08-22T05:00:25.6437810+08:00"&#xD;
2025-08-22 05:00:26.649 +08:00 [INF] DESKTOP-J6M8022 34864/10 SystemMonitor.Service.Worker Worker running at: "2025-08-22T05:00:26.6498268+08:00"&#xD;
2025-08-22 05:00:27.653 +08:00 [INF] DESKTOP-J6M8022 34864/13 SystemMonitor.Service.Worker Worker running at: "2025-08-22T05:00:27.6536723+08:00"&#xD;
2025-08-22 05:00:28.104 +08:00 [INF] DESKTOP-J6M8022 34864/13 SystemMonitor.Service.Services.RpcHostedService 客户端已连接&#xD;
2025-08-22 05:00:28.104 +08:00 [INF] DESKTOP-J6M8022 34864/13 SystemMonitor.Service.Services.RpcHostedService 客户端会话建立: conn="58087a9a-4fe9-4ab7-893a-962c7c34de4d"&#xD;
2025-08-22 05:00:28.108 +08:00 [INF] DESKTOP-J6M8022 34864/10 SystemMonitor.Service.Services.RpcHostedService 客户端断开：已达到流的结尾。 conn="58087a9a-4fe9-4ab7-893a-962c7c34de4d"&#xD;
2025-08-22 05:00:28.658 +08:00 [INF] DESKTOP-J6M8022 34864/10 SystemMonitor.Service.Worker Worker running at: "2025-08-22T05:00:28.6580477+08:00"&#xD;
2025-08-22 05:00:29.667 +08:00 [INF] DESKTOP-J6M8022 34864/10 SystemMonitor.Service.Worker Worker running at: "2025-08-22T05:00:29.6670246+08:00"&#xD;
2025-08-22 05:00:30.671 +08:00 [INF] DESKTOP-J6M8022 34864/11 SystemMonitor.Service.Worker Worker running at: "2025-08-22T05:00:30.6718324+08:00"&#xD;
2025-08-22 05:00:31.677 +08:00 [INF] DESKTOP-J6M8022 34864/11 SystemMonitor.Service.Worker Worker running at: "2025-08-22T05:00:31.6773257+08:00"&#xD;
2025-08-22 05:00:32.687 +08:00 [INF] DESKTOP-J6M8022 34864/8 SystemMonitor.Service.Worker Worker running at: "2025-08-22T05:00:32.6879602+08:00"&#xD;
2025-08-22 05:00:33.104 +08:00 [INF] DESKTOP-J6M8022 34864/11 SystemMonitor.Service.Services.RpcHostedService 客户端已连接&#xD;
2025-08-22 05:00:33.104 +08:00 [INF] DESKTOP-J6M8022 34864/11 SystemMonitor.Service.Services.RpcHostedService 客户端会话建立: conn="f2efc72f-7360-4d95-8499-7acad765c432"&#xD;
2025-08-22 05:00:33.107 +08:00 [INF] DESKTOP-J6M8022 34864/11 SystemMonitor.Service.Services.RpcHostedService 客户端断开：已达到流的结尾。 conn="f2efc72f-7360-4d95-8499-7acad765c432"&#xD;
2025-08-22 05:00:33.703 +08:00 [INF] DESKTOP-J6M8022 34864/8 SystemMonitor.Service.Worker Worker running at: "2025-08-22T05:00:33.7031716+08:00"&#xD;
2025-08-22 05:00:34.705 +08:00 [INF] DESKTOP-J6M8022 34864/13 SystemMonitor.Service.Worker Worker running at: "2025-08-22T05:00:34.7053006+08:00"&#xD;
2025-08-22 05:00:35.716 +08:00 [INF] DESKTOP-J6M8022 34864/11 SystemMonitor.Service.Worker Worker running at: "2025-08-22T05:00:35.7161477+08:00"&#xD;
2025-08-22 05:00:36.721 +08:00 [INF] DESKTOP-J6M8022 34864/12 SystemMonitor.Service.Worker Worker running at: "2025-08-22T05:00:36.7213935+08:00"&#xD;
2025-08-22 05:00:37.725 +08:00 [INF] DESKTOP-J6M8022 34864/12 SystemMonitor.Service.Worker Worker running at: "2025-08-22T05:00:37.7251514+08:00"&#xD;
2025-08-22 05:00:38.118 +08:00 [INF] DESKTOP-J6M8022 34864/13 SystemMonitor.Service.Services.RpcHostedService 客户端已连接&#xD;
2025-08-22 05:00:38.118 +08:00 [INF] DESKTOP-J6M8022 34864/13 SystemMonitor.Service.Services.RpcHostedService 客户端会话建立: conn="b439ecab-ffb2-4843-8f54-1844ad704c06"&#xD;
2025-08-22 05:00:38.121 +08:00 [INF] DESKTOP-J6M8022 34864/13 SystemMonitor.Service.Services.RpcHostedService 客户端断开：已达到流的结尾。 conn="b439ecab-ffb2-4843-8f54-1844ad704c06"&#xD;
2025-08-22 05:00:38.725 +08:00 [INF] DESKTOP-J6M8022 34864/8 SystemMonitor.Service.Worker Worker running at: "2025-08-22T05:00:38.7259519+08:00"&#xD;
2025-08-22 05:00:39.740 +08:00 [INF] DESKTOP-J6M8022 34864/11 SystemMonitor.Service.Worker Worker running at: "2025-08-22T05:00:39.7403082+08:00"&#xD;
2025-08-22 05:00:40.742 +08:00 [INF] DESKTOP-J6M8022 34864/11 SystemMonitor.Service.Worker Worker running at: "2025-08-22T05:00:40.7425737+08:00"&#xD;
2025-08-22 05:00:41.745 +08:00 [INF] DESKTOP-J6M8022 34864/13 SystemMonitor.Service.Worker Worker running at: "2025-08-22T05:00:41.7451229+08:00"&#xD;
2025-08-22 05:00:42.751 +08:00 [INF] DESKTOP-J6M8022 34864/11 SystemMonitor.Service.Worker Worker running at: "2025-08-22T05:00:42.7515665+08:00"&#xD;
2025-08-22 05:00:43.110 +08:00 [INF] DESKTOP-J6M8022 34864/14 SystemMonitor.Service.Services.RpcHostedService 客户端已连接&#xD;
2025-08-22 05:00:43.110 +08:00 [INF] DESKTOP-J6M8022 34864/14 SystemMonitor.Service.Services.RpcHostedService 客户端会话建立: conn="ec82b613-da05-4264-84fe-3fb03c945d2f"&#xD;
2025-08-22 05:00:43.120 +08:00 [INF] DESKTOP-J6M8022 34864/9 SystemMonitor.Service.Services.RpcHostedService 客户端断开：已达到流的结尾。 conn="ec82b613-da05-4264-84fe-3fb03c945d2f"&#xD;
2025-08-22 05:00:43.389 +08:00 [INF] DESKTOP-J6M8022 34864/13 SystemMonitor.Service.Services.RpcHostedService 客户端已连接&#xD;
2025-08-22 05:00:43.389 +08:00 [INF] DESKTOP-J6M8022 34864/13 SystemMonitor.Service.Services.RpcHostedService 客户端会话建立: conn="2f7dc9d3-2402-4294-ba61-bc663df8cf82"&#xD;
2025-08-22 05:00:43.398 +08:00 [INF] DESKTOP-J6M8022 34864/13 SystemMonitor.Service.Services.RpcHostedService snapshot called, modules=*&#xD;
2025-08-22 05:00:43.407 +08:00 [INF] DESKTOP-J6M8022 34864/13 SystemMonitor.Service.Services.RpcHostedService 客户端断开：已达到流的结尾。 conn="2f7dc9d3-2402-4294-ba61-bc663df8cf82"&#xD;
2025-08-22 05:00:43.756 +08:00 [INF] DESKTOP-J6M8022 34864/13 SystemMonitor.Service.Worker Worker running at: "2025-08-22T05:00:43.7565234+08:00"&#xD;
2025-08-22 05:00:44.757 +08:00 [INF] DESKTOP-J6M8022 34864/11 SystemMonitor.Service.Worker Worker running at: "2025-08-22T05:00:44.7577675+08:00"&#xD;
2025-08-22 05:00:45.762 +08:00 [INF] DESKTOP-J6M8022 34864/11 SystemMonitor.Service.Worker Worker running at: "2025-08-22T05:00:45.7627674+08:00"&#xD;
2025-08-22 05:00:46.772 +08:00 [INF] DESKTOP-J6M8022 34864/11 SystemMonitor.Service.Worker Worker running at: "2025-08-22T05:00:46.7724296+08:00"&#xD;
2025-08-22 05:00:47.772 +08:00 [INF] DESKTOP-J6M8022 34864/11 SystemMonitor.Service.Worker Worker running at: "2025-08-22T05:00:47.7724414+08:00"&#xD;
2025-08-22 05:00:48.113 +08:00 [INF] DESKTOP-J6M8022 34864/11 SystemMonitor.Service.Services.RpcHostedService 客户端已连接&#xD;
2025-08-22 05:00:48.113 +08:00 [INF] DESKTOP-J6M8022 34864/11 SystemMonitor.Service.Services.RpcHostedService 客户端会话建立: conn="0b57ec2b-be63-49bb-9b61-b642d4a6bad8"&#xD;
2025-08-22 05:00:48.118 +08:00 [INF] DESKTOP-J6M8022 34864/11 SystemMonitor.Service.Services.RpcHostedService 客户端断开：已达到流的结尾。 conn="0b57ec2b-be63-49bb-9b61-b642d4a6bad8"&#xD;
2025-08-22 05:00:48.786 +08:00 [INF] DESKTOP-J6M8022 34864/14 SystemMonitor.Service.Worker Worker running at: "2025-08-22T05:00:48.7861767+08:00"&#xD;
2025-08-22 05:00:49.797 +08:00 [INF] DESKTOP-J6M8022 34864/14 SystemMonitor.Service.Worker Worker running at: "2025-08-22T05:00:49.7971060+08:00"&#xD;
2025-08-22 05:00:50.810 +08:00 [INF] DESKTOP-J6M8022 34864/14 SystemMonitor.Service.Worker Worker running at: "2025-08-22T05:00:50.8103703+08:00"&#xD;
2025-08-22 05:00:51.819 +08:00 [INF] DESKTOP-J6M8022 34864/14 SystemMonitor.Service.Worker Worker running at: "2025-08-22T05:00:51.8191149+08:00"&#xD;
2025-08-22 05:00:52.832 +08:00 [INF] DESKTOP-J6M8022 34864/14 SystemMonitor.Service.Worker Worker running at: "2025-08-22T05:00:52.8322629+08:00"&#xD;
2025-08-22 05:00:53.102 +08:00 [INF] DESKTOP-J6M8022 34864/14 SystemMonitor.Service.Services.RpcHostedService 客户端已连接&#xD;
2025-08-22 05:00:53.102 +08:00 [INF] DESKTOP-J6M8022 34864/14 SystemMonitor.Service.Services.RpcHostedService 客户端会话建立: conn="a1d8b427-d708-44e2-9952-15a5a936e6af"&#xD;
2025-08-22 05:00:53.105 +08:00 [INF] DESKTOP-J6M8022 34864/13 SystemMonitor.Service.Services.RpcHostedService 客户端断开：已达到流的结尾。 conn="a1d8b427-d708-44e2-9952-15a5a936e6af"&#xD;
2025-08-22 05:00:53.839 +08:00 [INF] DESKTOP-J6M8022 34864/9 SystemMonitor.Service.Worker Worker running at: "2025-08-22T05:00:53.8390210+08:00"&#xD;
2025-08-22 05:00:54.844 +08:00 [INF] DESKTOP-J6M8022 34864/9 SystemMonitor.Service.Worker Worker running at: "2025-08-22T05:00:54.8440332+08:00"&#xD;
2025-08-22 05:00:55.849 +08:00 [INF] DESKTOP-J6M8022 34864/14 SystemMonitor.Service.Worker Worker running at: "2025-08-22T05:00:55.8498931+08:00"&#xD;
2025-08-22 05:00:56.855 +08:00 [INF] DESKTOP-J6M8022 34864/12 SystemMonitor.Service.Worker Worker running at: "2025-08-22T05:00:56.8554623+08:00"&#xD;
2025-08-22 05:00:57.861 +08:00 [INF] DESKTOP-J6M8022 34864/12 SystemMonitor.Service.Worker Worker running at: "2025-08-22T05:00:57.8610329+08:00"&#xD;
2025-08-22 05:00:58.111 +08:00 [INF] DESKTOP-J6M8022 34864/8 SystemMonitor.Service.Services.RpcHostedService 客户端已连接&#xD;
2025-08-22 05:00:58.111 +08:00 [INF] DESKTOP-J6M8022 34864/8 SystemMonitor.Service.Services.RpcHostedService 客户端会话建立: conn="667ed3f1-bd30-41e0-92ff-80608571c1ce"&#xD;
2025-08-22 05:00:58.116 +08:00 [INF] DESKTOP-J6M8022 34864/12 SystemMonitor.Service.Services.RpcHostedService 客户端断开：已达到流的结尾。 conn="667ed3f1-bd30-41e0-92ff-80608571c1ce"&#xD;
2025-08-22 05:00:58.863 +08:00 [INF] DESKTOP-J6M8022 34864/8 SystemMonitor.Service.Worker Worker running at: "2025-08-22T05:00:58.8635685+08:00"&#xD;
2025-08-22 05:00:59.864 +08:00 [INF] DESKTOP-J6M8022 34864/13 SystemMonitor.Service.Worker Worker running at: "2025-08-22T05:00:59.8639948+08:00"&#xD;
2025-08-22 05:01:00.871 +08:00 [INF] DESKTOP-J6M8022 34864/8 SystemMonitor.Service.Worker Worker running at: "2025-08-22T05:01:00.8711317+08:00"&#xD;
2025-08-22 05:01:01.872 +08:00 [INF] DESKTOP-J6M8022 34864/8 SystemMonitor.Service.Worker Worker running at: "2025-08-22T05:01:01.8723849+08:00"&#xD;
2025-08-22 05:01:02.874 +08:00 [INF] DESKTOP-J6M8022 34864/13 SystemMonitor.Service.Worker Worker running at: "2025-08-22T05:01:02.8742125+08:00"&#xD;
2025-08-22 05:01:03.109 +08:00 [INF] DESKTOP-J6M8022 34864/13 SystemMonitor.Service.Services.RpcHostedService 客户端已连接&#xD;
2025-08-22 05:01:03.109 +08:00 [INF] DESKTOP-J6M8022 34864/13 SystemMonitor.Service.Services.RpcHostedService 客户端会话建立: conn="6f7008b5-fb8e-492a-bb7e-9769bc95aca3"&#xD;
2025-08-22 05:01:03.113 +08:00 [INF] DESKTOP-J6M8022 34864/13 SystemMonitor.Service.Services.RpcHostedService 客户端断开：已达到流的结尾。 conn="6f7008b5-fb8e-492a-bb7e-9769bc95aca3"&#xD;
2025-08-22 05:01:03.878 +08:00 [INF] DESKTOP-J6M8022 34864/9 SystemMonitor.Service.Worker Worker running at: "2025-08-22T05:01:03.8780156+08:00"&#xD;
2025-08-22 05:01:04.882 +08:00 [INF] DESKTOP-J6M8022 34864/9 SystemMonitor.Service.Worker Worker running at: "2025-08-22T05:01:04.8824276+08:00"&#xD;
2025-08-22 05:01:05.888 +08:00 [INF] DESKTOP-J6M8022 34864/9 SystemMonitor.Service.Worker Worker running at: "2025-08-22T05:01:05.8884444+08:00"&#xD;
2025-08-22 05:01:06.898 +08:00 [INF] DESKTOP-J6M8022 34864/13 SystemMonitor.Service.Worker Worker running at: "2025-08-22T05:01:06.8980438+08:00"&#xD;
2025-08-22 05:01:07.902 +08:00 [INF] DESKTOP-J6M8022 34864/12 SystemMonitor.Service.Worker Worker running at: "2025-08-22T05:01:07.9022915+08:00"&#xD;
2025-08-22 05:01:08.106 +08:00 [INF] DESKTOP-J6M8022 34864/12 SystemMonitor.Service.Services.RpcHostedService 客户端已连接&#xD;
2025-08-22 05:01:08.106 +08:00 [INF] DESKTOP-J6M8022 34864/12 SystemMonitor.Service.Services.RpcHostedService 客户端会话建立: conn="57e57623-52be-4bde-b1c7-694c9251d418"&#xD;
2025-08-22 05:01:08.111 +08:00 [INF] DESKTOP-J6M8022 34864/14 SystemMonitor.Service.Services.RpcHostedService 客户端断开：已达到流的结尾。 conn="57e57623-52be-4bde-b1c7-694c9251d418"&#xD;
2025-08-22 05:01:08.904 +08:00 [INF] DESKTOP-J6M8022 34864/13 SystemMonitor.Service.Worker Worker running at: "2025-08-22T05:01:08.9045942+08:00"&#xD;
2025-08-22 05:01:09.905 +08:00 [INF] DESKTOP-J6M8022 34864/12 SystemMonitor.Service.Worker Worker running at: "2025-08-22T05:01:09.9059497+08:00"&#xD;
2025-08-22 05:01:10.910 +08:00 [INF] DESKTOP-J6M8022 34864/8 SystemMonitor.Service.Worker Worker running at: "2025-08-22T05:01:10.9104565+08:00"&#xD;
2025-08-22 05:01:11.913 +08:00 [INF] DESKTOP-J6M8022 34864/12 SystemMonitor.Service.Worker Worker running at: "2025-08-22T05:01:11.9132884+08:00"&#xD;
2025-08-22 05:01:12.917 +08:00 [INF] DESKTOP-J6M8022 34864/8 SystemMonitor.Service.Worker Worker running at: "2025-08-22T05:01:12.9173706+08:00"&#xD;
2025-08-22 05:01:13.103 +08:00 [INF] DESKTOP-J6M8022 34864/8 SystemMonitor.Service.Services.RpcHostedService 客户端已连接&#xD;
2025-08-22 05:01:13.103 +08:00 [INF] DESKTOP-J6M8022 34864/8 SystemMonitor.Service.Services.RpcHostedService 客户端会话建立: conn="8c8ff938-4ec2-4b63-94b8-07d74318db55"&#xD;
2025-08-22 05:01:13.107 +08:00 [INF] DESKTOP-J6M8022 34864/12 SystemMonitor.Service.Services.RpcHostedService 客户端断开：已达到流的结尾。 conn="8c8ff938-4ec2-4b63-94b8-07d74318db55"&#xD;
2025-08-22 05:01:13.395 +08:00 [INF] DESKTOP-J6M8022 34864/8 SystemMonitor.Service.Services.RpcHostedService 客户端已连接&#xD;
2025-08-22 05:01:13.395 +08:00 [INF] DESKTOP-J6M8022 34864/8 SystemMonitor.Service.Services.RpcHostedService 客户端会话建立: conn="0d0e45ce-49cf-483b-8035-5df65c66b336"&#xD;
2025-08-22 05:01:13.409 +08:00 [INF] DESKTOP-J6M8022 34864/8 SystemMonitor.Service.Services.RpcHostedService snapshot called, modules=*&#xD;
2025-08-22 05:01:13.415 +08:00 [INF] DESKTOP-J6M8022 34864/12 SystemMonitor.Service.Services.RpcHostedService 客户端断开：已达到流的结尾。 conn="0d0e45ce-49cf-483b-8035-5df65c66b336"&#xD;
2025-08-22 05:01:13.923 +08:00 [INF] DESKTOP-J6M8022 34864/14 SystemMonitor.Service.Worker Worker running at: "2025-08-22T05:01:13.9232807+08:00"&#xD;
2025-08-22 05:01:14.929 +08:00 [INF] DESKTOP-J6M8022 34864/12 SystemMonitor.Service.Worker Worker running at: "2025-08-22T05:01:14.9292827+08:00"&#xD;
2025-08-22 05:01:15.932 +08:00 [INF] DESKTOP-J6M8022 34864/8 SystemMonitor.Service.Worker Worker running at: "2025-08-22T05:01:15.9326500+08:00"&#xD;
2025-08-22 05:01:16.939 +08:00 [INF] DESKTOP-J6M8022 34864/14 SystemMonitor.Service.Worker Worker running at: "2025-08-22T05:01:16.9393680+08:00"&#xD;
2025-08-22 05:01:17.943 +08:00 [INF] DESKTOP-J6M8022 34864/8 SystemMonitor.Service.Worker Worker running at: "2025-08-22T05:01:17.9432416+08:00"&#xD;
2025-08-22 05:01:18.116 +08:00 [INF] DESKTOP-J6M8022 34864/8 SystemMonitor.Service.Services.RpcHostedService 客户端已连接&#xD;
2025-08-22 05:01:18.116 +08:00 [INF] DESKTOP-J6M8022 34864/8 SystemMonitor.Service.Services.RpcHostedService 客户端会话建立: conn="4caa660b-18e4-4979-bebe-31bdd3b07642"&#xD;
2025-08-22 05:01:18.119 +08:00 [INF] DESKTOP-J6M8022 34864/12 SystemMonitor.Service.Services.RpcHostedService 客户端断开：已达到流的结尾。 conn="4caa660b-18e4-4979-bebe-31bdd3b07642"&#xD;
2025-08-22 05:01:18.947 +08:00 [INF] DESKTOP-J6M8022 34864/8 SystemMonitor.Service.Worker Worker running at: "2025-08-22T05:01:18.9470563+08:00"&#xD;
2025-08-22 05:01:19.950 +08:00 [INF] DESKTOP-J6M8022 34864/8 SystemMonitor.Service.Worker Worker running at: "2025-08-22T05:01:19.9501774+08:00"&#xD;
2025-08-22 05:01:20.958 +08:00 [INF] DESKTOP-J6M8022 34864/8 SystemMonitor.Service.Worker Worker running at: "2025-08-22T05:01:20.9579718+08:00"&#xD;
2025-08-22 05:01:21.959 +08:00 [INF] DESKTOP-J6M8022 34864/14 SystemMonitor.Service.Worker Worker running at: "2025-08-22T05:01:21.9594726+08:00"&#xD;
2025-08-22 05:01:22.963 +08:00 [INF] DESKTOP-J6M8022 34864/8 SystemMonitor.Service.Worker Worker running at: "2025-08-22T05:01:22.9634519+08:00"&#xD;
2025-08-22 05:01:23.105 +08:00 [INF] DESKTOP-J6M8022 34864/8 SystemMonitor.Service.Services.RpcHostedService 客户端已连接&#xD;
2025-08-22 05:01:23.105 +08:00 [INF] DESKTOP-J6M8022 34864/8 SystemMonitor.Service.Services.RpcHostedService 客户端会话建立: conn="8639769c-80fa-407f-b9a9-4050afd76198"&#xD;
2025-08-22 05:01:23.107 +08:00 [INF] DESKTOP-J6M8022 34864/14 SystemMonitor.Service.Services.RpcHostedService 客户端断开：已达到流的结尾。 conn="8639769c-80fa-407f-b9a9-4050afd76198"&#xD;
2025-08-22 05:01:23.971 +08:00 [INF] DESKTOP-J6M8022 34864/11 SystemMonitor.Service.Worker Worker running at: "2025-08-22T05:01:23.9715344+08:00"&#xD;
2025-08-22 05:01:24.982 +08:00 [INF] DESKTOP-J6M8022 34864/11 SystemMonitor.Service.Worker Worker running at: "2025-08-22T05:01:24.9819615+08:00"&#xD;
2025-08-22 05:01:25.994 +08:00 [INF] DESKTOP-J6M8022 34864/11 SystemMonitor.Service.Worker Worker running at: "2025-08-22T05:01:25.9941989+08:00"&#xD;
2025-08-22 05:01:26.999 +08:00 [INF] DESKTOP-J6M8022 34864/8 SystemMonitor.Service.Worker Worker running at: "2025-08-22T05:01:26.9999359+08:00"&#xD;
2025-08-22 05:01:28.013 +08:00 [INF] DESKTOP-J6M8022 34864/11 SystemMonitor.Service.Worker Worker running at: "2025-08-22T05:01:28.0133025+08:00"&#xD;
2025-08-22 05:01:28.109 +08:00 [INF] DESKTOP-J6M8022 34864/11 SystemMonitor.Service.Services.RpcHostedService 客户端已连接&#xD;
2025-08-22 05:01:28.109 +08:00 [INF] DESKTOP-J6M8022 34864/11 SystemMonitor.Service.Services.RpcHostedService 客户端会话建立: conn="fda2e581-c0a4-4aa4-a5e0-11787ca179bd"&#xD;
2025-08-22 05:01:28.112 +08:00 [INF] DESKTOP-J6M8022 34864/11 SystemMonitor.Service.Services.RpcHostedService 客户端断开：已达到流的结尾。 conn="fda2e581-c0a4-4aa4-a5e0-11787ca179bd"&#xD;
2025-08-22 05:01:29.018 +08:00 [INF] DESKTOP-J6M8022 34864/11 SystemMonitor.Service.Worker Worker running at: "2025-08-22T05:01:29.0183364+08:00"&#xD;
2025-08-22 05:01:30.019 +08:00 [INF] DESKTOP-J6M8022 34864/8 SystemMonitor.Service.Worker Worker running at: "2025-08-22T05:01:30.0195935+08:00"&#xD;
2025-08-22 05:01:31.026 +08:00 [INF] DESKTOP-J6M8022 34864/8 SystemMonitor.Service.Worker Worker running at: "2025-08-22T05:01:31.0262398+08:00"&#xD;
2025-08-22 05:01:32.031 +08:00 [INF] DESKTOP-J6M8022 34864/12 SystemMonitor.Service.Worker Worker running at: "2025-08-22T05:01:32.0310132+08:00"&#xD;
2025-08-22 05:01:33.035 +08:00 [INF] DESKTOP-J6M8022 34864/12 SystemMonitor.Service.Worker Worker running at: "2025-08-22T05:01:33.0357910+08:00"&#xD;
2025-08-22 05:01:33.116 +08:00 [INF] DESKTOP-J6M8022 34864/12 SystemMonitor.Service.Services.RpcHostedService 客户端已连接&#xD;
2025-08-22 05:01:33.116 +08:00 [INF] DESKTOP-J6M8022 34864/12 SystemMonitor.Service.Services.RpcHostedService 客户端会话建立: conn="34e1094f-2d5d-4eb2-b05a-37c0e40cc011"&#xD;
2025-08-22 05:01:33.119 +08:00 [INF] DESKTOP-J6M8022 34864/8 SystemMonitor.Service.Services.RpcHostedService 客户端断开：已达到流的结尾。 conn="34e1094f-2d5d-4eb2-b05a-37c0e40cc011"&#xD;
2025-08-22 05:01:34.041 +08:00 [INF] DESKTOP-J6M8022 34864/8 SystemMonitor.Service.Worker Worker running at: "2025-08-22T05:01:34.0416262+08:00"&#xD;
2025-08-22 05:01:35.045 +08:00 [INF] DESKTOP-J6M8022 34864/8 SystemMonitor.Service.Worker Worker running at: "2025-08-22T05:01:35.0457088+08:00"&#xD;
2025-08-22 05:01:36.047 +08:00 [INF] DESKTOP-J6M8022 34864/12 SystemMonitor.Service.Worker Worker running at: "2025-08-22T05:01:36.0479378+08:00"&#xD;
2025-08-22 05:01:37.050 +08:00 [INF] DESKTOP-J6M8022 34864/12 SystemMonitor.Service.Worker Worker running at: "2025-08-22T05:01:37.0504892+08:00"&#xD;
2025-08-22 05:01:38.061 +08:00 [INF] DESKTOP-J6M8022 34864/14 SystemMonitor.Service.Worker Worker running at: "2025-08-22T05:01:38.0614429+08:00"&#xD;
2025-08-22 05:01:38.110 +08:00 [INF] DESKTOP-J6M8022 34864/12 SystemMonitor.Service.Services.RpcHostedService 客户端已连接&#xD;
2025-08-22 05:01:38.110 +08:00 [INF] DESKTOP-J6M8022 34864/12 SystemMonitor.Service.Services.RpcHostedService 客户端会话建立: conn="06117a62-6040-4241-9927-358af4226d43"&#xD;
2025-08-22 05:01:38.113 +08:00 [INF] DESKTOP-J6M8022 34864/14 SystemMonitor.Service.Services.RpcHostedService 客户端断开：已达到流的结尾。 conn="06117a62-6040-4241-9927-358af4226d43"&#xD;
2025-08-22 05:01:39.064 +08:00 [INF] DESKTOP-J6M8022 34864/14 SystemMonitor.Service.Worker Worker running at: "2025-08-22T05:01:39.0644324+08:00"&#xD;
2025-08-22 05:01:40.069 +08:00 [INF] DESKTOP-J6M8022 34864/8 SystemMonitor.Service.Worker Worker running at: "2025-08-22T05:01:40.0698228+08:00"&#xD;
2025-08-22 05:01:41.072 +08:00 [INF] DESKTOP-J6M8022 34864/8 SystemMonitor.Service.Worker Worker running at: "2025-08-22T05:01:41.0721700+08:00"&#xD;
2025-08-22 05:01:42.086 +08:00 [INF] DESKTOP-J6M8022 34864/11 SystemMonitor.Service.Worker Worker running at: "2025-08-22T05:01:42.0860513+08:00"&#xD;
2025-08-22 05:01:43.101 +08:00 [INF] DESKTOP-J6M8022 34864/8 SystemMonitor.Service.Worker Worker running at: "2025-08-22T05:01:43.1011436+08:00"&#xD;
2025-08-22 05:01:43.105 +08:00 [INF] DESKTOP-J6M8022 34864/9 SystemMonitor.Service.Services.RpcHostedService 客户端已连接&#xD;
2025-08-22 05:01:43.105 +08:00 [INF] DESKTOP-J6M8022 34864/9 SystemMonitor.Service.Services.RpcHostedService 客户端会话建立: conn="860b5ccb-a321-4101-b6d7-ba8cfd17c2fa"&#xD;
2025-08-22 05:01:43.109 +08:00 [INF] DESKTOP-J6M8022 34864/8 SystemMonitor.Service.Services.RpcHostedService 客户端断开：已达到流的结尾。 conn="860b5ccb-a321-4101-b6d7-ba8cfd17c2fa"&#xD;
2025-08-22 05:01:43.386 +08:00 [INF] DESKTOP-J6M8022 34864/11 SystemMonitor.Service.Services.RpcHostedService 客户端已连接&#xD;
2025-08-22 05:01:43.386 +08:00 [INF] DESKTOP-J6M8022 34864/11 SystemMonitor.Service.Services.RpcHostedService 客户端会话建立: conn="7103465a-6b36-49d0-b971-0765ff27b367"&#xD;
2025-08-22 05:01:43.387 +08:00 [INF] DESKTOP-J6M8022 34864/11 SystemMonitor.Service.Services.RpcHostedService snapshot called, modules=*&#xD;
2025-08-22 05:01:43.394 +08:00 [INF] DESKTOP-J6M8022 34864/14 SystemMonitor.Service.Services.RpcHostedService 客户端断开：已达到流的结尾。 conn="7103465a-6b36-49d0-b971-0765ff27b367"&#xD;
2025-08-22 05:01:44.107 +08:00 [INF] DESKTOP-J6M8022 34864/11 SystemMonitor.Service.Worker Worker running at: "2025-08-22T05:01:44.1078485+08:00"&#xD;
2025-08-22 05:01:45.116 +08:00 [INF] DESKTOP-J6M8022 34864/8 SystemMonitor.Service.Worker Worker running at: "2025-08-22T05:01:45.1165225+08:00"&#xD;
2025-08-22 05:01:46.125 +08:00 [INF] DESKTOP-J6M8022 34864/8 SystemMonitor.Service.Worker Worker running at: "2025-08-22T05:01:46.1259467+08:00"&#xD;
2025-08-22 05:01:47.131 +08:00 [INF] DESKTOP-J6M8022 34864/8 SystemMonitor.Service.Worker Worker running at: "2025-08-22T05:01:47.1319177+08:00"&#xD;
2025-08-22 05:01:48.110 +08:00 [INF] DESKTOP-J6M8022 34864/9 SystemMonitor.Service.Services.RpcHostedService 客户端已连接&#xD;
2025-08-22 05:01:48.111 +08:00 [INF] DESKTOP-J6M8022 34864/9 SystemMonitor.Service.Services.RpcHostedService 客户端会话建立: conn="dc929a0f-2511-48c2-b921-bb00e3b2d95e"&#xD;
2025-08-22 05:01:48.113 +08:00 [INF] DESKTOP-J6M8022 34864/9 SystemMonitor.Service.Services.RpcHostedService 客户端断开：已达到流的结尾。 conn="dc929a0f-2511-48c2-b921-bb00e3b2d95e"&#xD;
2025-08-22 05:01:48.139 +08:00 [INF] DESKTOP-J6M8022 34864/9 SystemMonitor.Service.Worker Worker running at: "2025-08-22T05:01:48.1397480+08:00"&#xD;
2025-08-22 05:01:49.149 +08:00 [INF] DESKTOP-J6M8022 34864/9 SystemMonitor.Service.Worker Worker running at: "2025-08-22T05:01:49.1490602+08:00"&#xD;
2025-08-22 05:01:50.156 +08:00 [INF] DESKTOP-J6M8022 34864/9 SystemMonitor.Service.Worker Worker running at: "2025-08-22T05:01:50.1565687+08:00"&#xD;
2025-08-22 05:01:51.163 +08:00 [INF] DESKTOP-J6M8022 34864/8 SystemMonitor.Service.Worker Worker running at: "2025-08-22T05:01:51.1638742+08:00"&#xD;
2025-08-22 05:01:52.175 +08:00 [INF] DESKTOP-J6M8022 34864/8 SystemMonitor.Service.Worker Worker running at: "2025-08-22T05:01:52.1751866+08:00"&#xD;
2025-08-22 05:01:53.106 +08:00 [INF] DESKTOP-J6M8022 34864/8 SystemMonitor.Service.Services.RpcHostedService 客户端已连接&#xD;
2025-08-22 05:01:53.106 +08:00 [INF] DESKTOP-J6M8022 34864/8 SystemMonitor.Service.Services.RpcHostedService 客户端会话建立: conn="cf08e297-f8bc-42e5-a912-8cdf3760d104"&#xD;
2025-08-22 05:01:53.109 +08:00 [INF] DESKTOP-J6M8022 34864/14 SystemMonitor.Service.Services.RpcHostedService 客户端断开：已达到流的结尾。 conn="cf08e297-f8bc-42e5-a912-8cdf3760d104"&#xD;
2025-08-22 05:01:53.183 +08:00 [INF] DESKTOP-J6M8022 34864/12 SystemMonitor.Service.Worker Worker running at: "2025-08-22T05:01:53.1832976+08:00"&#xD;
2025-08-22 05:01:54.188 +08:00 [INF] DESKTOP-J6M8022 34864/12 SystemMonitor.Service.Worker Worker running at: "2025-08-22T05:01:54.1886519+08:00"&#xD;
2025-08-22 05:01:55.189 +08:00 [INF] DESKTOP-J6M8022 34864/12 SystemMonitor.Service.Worker Worker running at: "2025-08-22T05:01:55.1890118+08:00"&#xD;
2025-08-22 05:01:56.201 +08:00 [INF] DESKTOP-J6M8022 34864/14 SystemMonitor.Service.Worker Worker running at: "2025-08-22T05:01:56.2011712+08:00"&#xD;
2025-08-22 05:01:57.203 +08:00 [INF] DESKTOP-J6M8022 34864/12 SystemMonitor.Service.Worker Worker running at: "2025-08-22T05:01:57.2030740+08:00"&#xD;
2025-08-22 05:01:58.150 +08:00 [INF] DESKTOP-J6M8022 34864/11 SystemMonitor.Service.Services.RpcHostedService 客户端已连接&#xD;
2025-08-22 05:01:58.150 +08:00 [INF] DESKTOP-J6M8022 34864/11 SystemMonitor.Service.Services.RpcHostedService 客户端会话建立: conn="12ea3cb9-6e37-4a78-8a02-17ba9963b724"&#xD;
2025-08-22 05:01:58.164 +08:00 [INF] DESKTOP-J6M8022 34864/14 SystemMonitor.Service.Services.RpcHostedService 客户端断开：已达到流的结尾。 conn="12ea3cb9-6e37-4a78-8a02-17ba9963b724"&#xD;
2025-08-22 05:01:58.220 +08:00 [INF] DESKTOP-J6M8022 34864/14 SystemMonitor.Service.Worker Worker running at: "2025-08-22T05:01:58.2204087+08:00"&#xD;
2025-08-22 05:01:59.232 +08:00 [INF] DESKTOP-J6M8022 34864/11 SystemMonitor.Service.Worker Worker running at: "2025-08-22T05:01:59.2321592+08:00"&#xD;
2025-08-22 05:02:00.236 +08:00 [INF] DESKTOP-J6M8022 34864/14 SystemMonitor.Service.Worker Worker running at: "2025-08-22T05:02:00.2367533+08:00"&#xD;
2025-08-22 05:02:01.245 +08:00 [INF] DESKTOP-J6M8022 34864/11 SystemMonitor.Service.Worker Worker running at: "2025-08-22T05:02:01.2451701+08:00"&#xD;
2025-08-22 05:02:02.255 +08:00 [INF] DESKTOP-J6M8022 34864/11 SystemMonitor.Service.Worker Worker running at: "2025-08-22T05:02:02.2559126+08:00"</Message>
          <StackTrace>   at SystemMonitor.Tests.EndToEndTests.WaitPipeReadyAsync(TimeSpan timeout) in C:\code\sys-sensor-v3\src\SystemMonitor.Tests\EndToEndTests.cs:line 151&#xD;
   at SystemMonitor.Tests.EndToEndTests.InitializeAsync() in C:\code\sys-sensor-v3\src\SystemMonitor.Tests\EndToEndTests.cs:line 278</StackTrace>
        </ErrorInfo>
      </Output>
    </UnitTestResult>
    <UnitTestResult executionId="885dd5ea-351a-4f88-bd42-4bfb513aa866" testId="6bc5c69f-1e35-1dda-027a-3965f2238887" testName="SystemMonitor.Tests.ContractTests.SetLogLevel_Request_Serializes_To_SnakeCase" computerName="DESKTOP-J6M8022" duration="00:00:00.0010000" startTime="2025-08-22T05:03:59.6889802+08:00" endTime="2025-08-22T05:03:59.6889804+08:00" testType="13cdc9d9-ddb5-4fa4-a97d-d965ccfc6d4b" outcome="NotExecuted" testListId="8c84fa94-04c1-424b-9868-57a2d4851a1d" relativeResultsDirectory="885dd5ea-351a-4f88-bd42-4bfb513aa866">
      <Output>
        <ErrorInfo>
          <Message>非 M1：后续里程碑接口</Message>
        </ErrorInfo>
      </Output>
    </UnitTestResult>
  </Results>
  <TestDefinitions>
    <UnitTest name="SystemMonitor.Tests.EndToEndTests.SetConfig_Invalid_BaseInterval_Fails" storage="c:\code\sys-sensor-v3\src\systemmonitor.tests\bin\release\net8.0\systemmonitor.tests.dll" id="dacf0d9f-52f8-cc00-236f-2f32d31c4af3">
      <Execution id="1e0dfc51-b75d-4ef5-9262-ba9e170afd4e" />
      <TestMethod codeBase="C:\code\sys-sensor-v3\src\SystemMonitor.Tests\bin\Release\net8.0\SystemMonitor.Tests.dll" adapterTypeName="executor://xunit/VsTestRunner2/netcoreapp" className="SystemMonitor.Tests.EndToEndTests" name="SetConfig_Invalid_BaseInterval_Fails" />
    </UnitTest>
    <UnitTest name="SystemMonitor.Tests.EndToEndTests.Metrics_CpuMem_Ranges" storage="c:\code\sys-sensor-v3\src\systemmonitor.tests\bin\release\net8.0\systemmonitor.tests.dll" id="ef813fb4-1132-cb92-7e68-0c9ef045b6b7">
      <Execution id="ef48526e-e4ba-464b-8fb7-a537057f7f1e" />
      <TestMethod codeBase="C:\code\sys-sensor-v3\src\SystemMonitor.Tests\bin\Release\net8.0\SystemMonitor.Tests.dll" adapterTypeName="executor://xunit/VsTestRunner2/netcoreapp" className="SystemMonitor.Tests.EndToEndTests" name="Metrics_CpuMem_Ranges" />
    </UnitTest>
    <UnitTest name="SystemMonitor.Tests.EndToEndTests.Hello_Then_Snapshot_Works" storage="c:\code\sys-sensor-v3\src\systemmonitor.tests\bin\release\net8.0\systemmonitor.tests.dll" id="648e89fa-b178-023e-6b9f-b12e893716da">
      <Execution id="b897fb6b-d6d4-48eb-b3b5-07d7e7b560ca" />
      <TestMethod codeBase="C:\code\sys-sensor-v3\src\SystemMonitor.Tests\bin\Release\net8.0\SystemMonitor.Tests.dll" adapterTypeName="executor://xunit/VsTestRunner2/netcoreapp" className="SystemMonitor.Tests.EndToEndTests" name="Hello_Then_Snapshot_Works" />
    </UnitTest>
    <UnitTest name="SystemMonitor.Tests.UnitTest1.SnakeCase_Serialization_ShouldUseSnakeCaseNames" storage="c:\code\sys-sensor-v3\src\systemmonitor.tests\bin\release\net8.0\systemmonitor.tests.dll" id="d1ecf483-dfd0-e8fd-412c-75343e5fd3e3">
      <Execution id="929ee8f0-8530-49d4-b19b-40580763fb8f" />
      <TestMethod codeBase="C:\code\sys-sensor-v3\src\SystemMonitor.Tests\bin\Release\net8.0\SystemMonitor.Tests.dll" adapterTypeName="executor://xunit/VsTestRunner2/netcoreapp" className="SystemMonitor.Tests.UnitTest1" name="SnakeCase_Serialization_ShouldUseSnakeCaseNames" />
    </UnitTest>
    <UnitTest name="SystemMonitor.Tests.SchemaTests.SetConfig_Schema_Valid_WithIntervals" storage="c:\code\sys-sensor-v3\src\systemmonitor.tests\bin\release\net8.0\systemmonitor.tests.dll" id="e7afe76e-2983-511f-53e6-ec72c360fd06">
      <Execution id="77342136-0dc6-48c1-b758-c14b81615e06" />
      <TestMethod codeBase="C:\code\sys-sensor-v3\src\SystemMonitor.Tests\bin\Release\net8.0\SystemMonitor.Tests.dll" adapterTypeName="executor://xunit/VsTestRunner2/netcoreapp" className="SystemMonitor.Tests.SchemaTests" name="SetConfig_Schema_Valid_WithIntervals" />
    </UnitTest>
    <UnitTest name="SystemMonitor.Tests.EndToEndTests.Snapshot_CpuMem_Ranges" storage="c:\code\sys-sensor-v3\src\systemmonitor.tests\bin\release\net8.0\systemmonitor.tests.dll" id="1625b824-bf75-ff81-2ccc-b11736dbaaf3">
      <Execution id="bc9b7273-3f04-4ed3-b27a-2262f5e725e2" />
      <TestMethod codeBase="C:\code\sys-sensor-v3\src\SystemMonitor.Tests\bin\Release\net8.0\SystemMonitor.Tests.dll" adapterTypeName="executor://xunit/VsTestRunner2/netcoreapp" className="SystemMonitor.Tests.EndToEndTests" name="Snapshot_CpuMem_Ranges" />
    </UnitTest>
    <UnitTest name="SystemMonitor.Tests.ContractTests.Start_Request_Serializes_To_SnakeCase" storage="c:\code\sys-sensor-v3\src\systemmonitor.tests\bin\release\net8.0\systemmonitor.tests.dll" id="825a0899-f60c-7747-10dc-edf9d745369b">
      <Execution id="85d9ee40-ea07-429b-b526-67dd24b2479f" />
      <TestMethod codeBase="C:\code\sys-sensor-v3\src\SystemMonitor.Tests\bin\Release\net8.0\SystemMonitor.Tests.dll" adapterTypeName="executor://xunit/VsTestRunner2/netcoreapp" className="SystemMonitor.Tests.ContractTests" name="Start_Request_Serializes_To_SnakeCase" />
    </UnitTest>
    <UnitTest name="SystemMonitor.Tests.ContractTests.Hello_Request_Should_Not_Contain_PascalCase_Keys" storage="c:\code\sys-sensor-v3\src\systemmonitor.tests\bin\release\net8.0\systemmonitor.tests.dll" id="deff2b50-b04e-659a-fcb1-aacff92daa42">
      <Execution id="9be31f3d-5451-49d0-9f55-63a17023dae9" />
      <TestMethod codeBase="C:\code\sys-sensor-v3\src\SystemMonitor.Tests\bin\Release\net8.0\SystemMonitor.Tests.dll" adapterTypeName="executor://xunit/VsTestRunner2/netcoreapp" className="SystemMonitor.Tests.ContractTests" name="Hello_Request_Should_Not_Contain_PascalCase_Keys" />
    </UnitTest>
    <UnitTest name="SystemMonitor.Tests.ContractTests.QueryHistory_Request_Serializes_To_SnakeCase" storage="c:\code\sys-sensor-v3\src\systemmonitor.tests\bin\release\net8.0\systemmonitor.tests.dll" id="f6814e48-0b49-81a9-5412-aa1c3ac48e00">
      <Execution id="8244a80f-9648-42a4-a795-bcba66d751a1" />
      <TestMethod codeBase="C:\code\sys-sensor-v3\src\SystemMonitor.Tests\bin\Release\net8.0\SystemMonitor.Tests.dll" adapterTypeName="executor://xunit/VsTestRunner2/netcoreapp" className="SystemMonitor.Tests.ContractTests" name="QueryHistory_Request_Serializes_To_SnakeCase" />
    </UnitTest>
    <UnitTest name="SystemMonitor.Tests.EndToEndTests.SetConfig_And_BurstSubscribe_Works" storage="c:\code\sys-sensor-v3\src\systemmonitor.tests\bin\release\net8.0\systemmonitor.tests.dll" id="d46fc4ee-0150-cded-8fbb-ceb1d2e0e4ba">
      <Execution id="04dd2ff9-1ab0-43eb-97a3-662e386f7b8f" />
      <TestMethod codeBase="C:\code\sys-sensor-v3\src\SystemMonitor.Tests\bin\Release\net8.0\SystemMonitor.Tests.dll" adapterTypeName="executor://xunit/VsTestRunner2/netcoreapp" className="SystemMonitor.Tests.EndToEndTests" name="SetConfig_And_BurstSubscribe_Works" />
    </UnitTest>
    <UnitTest name="SystemMonitor.Tests.EndToEndTests.QueryHistory_Works" storage="c:\code\sys-sensor-v3\src\systemmonitor.tests\bin\release\net8.0\systemmonitor.tests.dll" id="5359d170-82fa-d8d2-2f92-97bc053dca0c">
      <Execution id="55d6ec55-7feb-434d-8cbb-8c1a2acf10a6" />
      <TestMethod codeBase="C:\code\sys-sensor-v3\src\SystemMonitor.Tests\bin\Release\net8.0\SystemMonitor.Tests.dll" adapterTypeName="executor://xunit/VsTestRunner2/netcoreapp" className="SystemMonitor.Tests.EndToEndTests" name="QueryHistory_Works" />
    </UnitTest>
    <UnitTest name="SystemMonitor.Tests.ContractTests.SetLogLevel_Request_Serializes_To_SnakeCase" storage="c:\code\sys-sensor-v3\src\systemmonitor.tests\bin\release\net8.0\systemmonitor.tests.dll" id="6bc5c69f-1e35-1dda-027a-3965f2238887">
      <Execution id="885dd5ea-351a-4f88-bd42-4bfb513aa866" />
      <TestMethod codeBase="C:\code\sys-sensor-v3\src\SystemMonitor.Tests\bin\Release\net8.0\SystemMonitor.Tests.dll" adapterTypeName="executor://xunit/VsTestRunner2/netcoreapp" className="SystemMonitor.Tests.ContractTests" name="SetLogLevel_Request_Serializes_To_SnakeCase" />
    </UnitTest>
    <UnitTest name="SystemMonitor.Tests.EndToEndTests.QueryHistory_Edges_And_Bucketing" storage="c:\code\sys-sensor-v3\src\systemmonitor.tests\bin\release\net8.0\systemmonitor.tests.dll" id="0f77d0ed-59fb-971b-4d70-0677c148fa79">
      <Execution id="bf91f6e8-06b0-45f6-bc69-da7e0bcf98b4" />
      <TestMethod codeBase="C:\code\sys-sensor-v3\src\SystemMonitor.Tests\bin\Release\net8.0\SystemMonitor.Tests.dll" adapterTypeName="executor://xunit/VsTestRunner2/netcoreapp" className="SystemMonitor.Tests.EndToEndTests" name="QueryHistory_Edges_And_Bucketing" />
    </UnitTest>
    <UnitTest name="SystemMonitor.Tests.SchemaTests.SetConfig_Schema_Invalid_TooSmallInterval" storage="c:\code\sys-sensor-v3\src\systemmonitor.tests\bin\release\net8.0\systemmonitor.tests.dll" id="7fcfcc39-66f5-e59a-53bb-ab760b3d7c57">
      <Execution id="ec639c4f-7dcb-4c74-9b5f-90333d35f309" />
      <TestMethod codeBase="C:\code\sys-sensor-v3\src\SystemMonitor.Tests\bin\Release\net8.0\SystemMonitor.Tests.dll" adapterTypeName="executor://xunit/VsTestRunner2/netcoreapp" className="SystemMonitor.Tests.SchemaTests" name="SetConfig_Schema_Invalid_TooSmallInterval" />
    </UnitTest>
    <UnitTest name="SystemMonitor.Tests.SchemaTests.BurstSubscribe_Schema_Valid" storage="c:\code\sys-sensor-v3\src\systemmonitor.tests\bin\release\net8.0\systemmonitor.tests.dll" id="316b5766-01a4-b945-df1a-1d07ac1dfded">
      <Execution id="06b0114b-f421-4987-ae6f-14f14fb769db" />
      <TestMethod codeBase="C:\code\sys-sensor-v3\src\SystemMonitor.Tests\bin\Release\net8.0\SystemMonitor.Tests.dll" adapterTypeName="executor://xunit/VsTestRunner2/netcoreapp" className="SystemMonitor.Tests.SchemaTests" name="BurstSubscribe_Schema_Valid" />
    </UnitTest>
    <UnitTest name="SystemMonitor.Tests.EndToEndTests.Hello_Unsupported_Capability_Fails" storage="c:\code\sys-sensor-v3\src\systemmonitor.tests\bin\release\net8.0\systemmonitor.tests.dll" id="18b35648-a566-3499-95ec-e14d308dcba6">
      <Execution id="6a918ab4-7d6d-4ae0-a93d-622b2b9673b2" />
      <TestMethod codeBase="C:\code\sys-sensor-v3\src\SystemMonitor.Tests\bin\Release\net8.0\SystemMonitor.Tests.dll" adapterTypeName="executor://xunit/VsTestRunner2/netcoreapp" className="SystemMonitor.Tests.EndToEndTests" name="Hello_Unsupported_Capability_Fails" />
    </UnitTest>
    <UnitTest name="SystemMonitor.Tests.EndToEndTests.Hello_Protocol_NotSupported_Fails" storage="c:\code\sys-sensor-v3\src\systemmonitor.tests\bin\release\net8.0\systemmonitor.tests.dll" id="a5cee8d5-e1e7-16a2-597a-8c6cbc2b8be8">
      <Execution id="5669bc72-2bc2-4155-a9f0-b2d6849ec6fd" />
      <TestMethod codeBase="C:\code\sys-sensor-v3\src\SystemMonitor.Tests\bin\Release\net8.0\SystemMonitor.Tests.dll" adapterTypeName="executor://xunit/VsTestRunner2/netcoreapp" className="SystemMonitor.Tests.EndToEndTests" name="Hello_Protocol_NotSupported_Fails" />
    </UnitTest>
    <UnitTest name="SystemMonitor.Tests.ContractTests.BurstSubscribe_Request_Serializes_To_SnakeCase" storage="c:\code\sys-sensor-v3\src\systemmonitor.tests\bin\release\net8.0\systemmonitor.tests.dll" id="84bddd7b-5fca-ad7f-6631-caa1dc730eca">
      <Execution id="5373eaee-7964-44b7-a014-722dfc3906e3" />
      <TestMethod codeBase="C:\code\sys-sensor-v3\src\SystemMonitor.Tests\bin\Release\net8.0\SystemMonitor.Tests.dll" adapterTypeName="executor://xunit/VsTestRunner2/netcoreapp" className="SystemMonitor.Tests.ContractTests" name="BurstSubscribe_Request_Serializes_To_SnakeCase" />
    </UnitTest>
    <UnitTest name="SystemMonitor.Tests.ContractTests.UpdateApply_Request_Serializes_To_SnakeCase" storage="c:\code\sys-sensor-v3\src\systemmonitor.tests\bin\release\net8.0\systemmonitor.tests.dll" id="d17c6ea2-3ca4-386f-c6e7-4b216cf89dd5">
      <Execution id="edb96339-f5a3-433a-8c9c-3cad14c59480" />
      <TestMethod codeBase="C:\code\sys-sensor-v3\src\SystemMonitor.Tests\bin\Release\net8.0\SystemMonitor.Tests.dll" adapterTypeName="executor://xunit/VsTestRunner2/netcoreapp" className="SystemMonitor.Tests.ContractTests" name="UpdateApply_Request_Serializes_To_SnakeCase" />
    </UnitTest>
    <UnitTest name="SystemMonitor.Tests.EndToEndTests.State_Emitted_On_Start_Burst_Stop" storage="c:\code\sys-sensor-v3\src\systemmonitor.tests\bin\release\net8.0\systemmonitor.tests.dll" id="b63f371d-2541-ba09-aa15-8afdc6da8ab0">
      <Execution id="603dff61-b795-413f-b55e-4a09ef55ed3e" />
      <TestMethod codeBase="C:\code\sys-sensor-v3\src\SystemMonitor.Tests\bin\Release\net8.0\SystemMonitor.Tests.dll" adapterTypeName="executor://xunit/VsTestRunner2/netcoreapp" className="SystemMonitor.Tests.EndToEndTests" name="State_Emitted_On_Start_Burst_Stop" />
    </UnitTest>
    <UnitTest name="SystemMonitor.Tests.UnitTest1.Test1" storage="c:\code\sys-sensor-v3\src\systemmonitor.tests\bin\release\net8.0\systemmonitor.tests.dll" id="897198c2-e013-2fdc-4de0-ccbd44dab1f1">
      <Execution id="8863edb1-68eb-4f47-a657-3a968adeb57e" />
      <TestMethod codeBase="C:\code\sys-sensor-v3\src\SystemMonitor.Tests\bin\Release\net8.0\SystemMonitor.Tests.dll" adapterTypeName="executor://xunit/VsTestRunner2/netcoreapp" className="SystemMonitor.Tests.UnitTest1" name="Test1" />
    </UnitTest>
    <UnitTest name="SystemMonitor.Tests.SchemaTests.Snapshot_Schema_Valid_WithModules" storage="c:\code\sys-sensor-v3\src\systemmonitor.tests\bin\release\net8.0\systemmonitor.tests.dll" id="8efef518-8988-e3e1-bb3e-361f08b825e5">
      <Execution id="6f970ec7-a812-484b-a0cb-56cf5b7725dd" />
      <TestMethod codeBase="C:\code\sys-sensor-v3\src\SystemMonitor.Tests\bin\Release\net8.0\SystemMonitor.Tests.dll" adapterTypeName="executor://xunit/VsTestRunner2/netcoreapp" className="SystemMonitor.Tests.SchemaTests" name="Snapshot_Schema_Valid_WithModules" />
    </UnitTest>
    <UnitTest name="SystemMonitor.Tests.SchemaTests.BurstSubscribe_Schema_Invalid_EmptyModules" storage="c:\code\sys-sensor-v3\src\systemmonitor.tests\bin\release\net8.0\systemmonitor.tests.dll" id="c7e17ebe-07f3-5913-71e6-f1c4a943136f">
      <Execution id="31e07f26-420f-4f27-93f5-027c2b3826db" />
      <TestMethod codeBase="C:\code\sys-sensor-v3\src\SystemMonitor.Tests\bin\Release\net8.0\SystemMonitor.Tests.dll" adapterTypeName="executor://xunit/VsTestRunner2/netcoreapp" className="SystemMonitor.Tests.SchemaTests" name="BurstSubscribe_Schema_Invalid_EmptyModules" />
    </UnitTest>
    <UnitTest name="SystemMonitor.Tests.EndToEndTests.QueryHistory_Aggregations_10s_1m" storage="c:\code\sys-sensor-v3\src\systemmonitor.tests\bin\release\net8.0\systemmonitor.tests.dll" id="afa476e6-1342-0de1-8963-ea8bca4835e6">
      <Execution id="f3fbf3df-f6e8-4139-bf85-7ef45c0c8362" />
      <TestMethod codeBase="C:\code\sys-sensor-v3\src\SystemMonitor.Tests\bin\Release\net8.0\SystemMonitor.Tests.dll" adapterTypeName="executor://xunit/VsTestRunner2/netcoreapp" className="SystemMonitor.Tests.EndToEndTests" name="QueryHistory_Aggregations_10s_1m" />
    </UnitTest>
    <UnitTest name="SystemMonitor.Tests.ContractTests.SetConfig_Request_Serializes_To_SnakeCase" storage="c:\code\sys-sensor-v3\src\systemmonitor.tests\bin\release\net8.0\systemmonitor.tests.dll" id="116d7234-8081-621c-9c63-75bb4125b1af">
      <Execution id="867c0595-c6da-4d3a-8555-ab8bc6f7c8c9" />
      <TestMethod codeBase="C:\code\sys-sensor-v3\src\SystemMonitor.Tests\bin\Release\net8.0\SystemMonitor.Tests.dll" adapterTypeName="executor://xunit/VsTestRunner2/netcoreapp" className="SystemMonitor.Tests.ContractTests" name="SetConfig_Request_Serializes_To_SnakeCase" />
    </UnitTest>
    <UnitTest name="SystemMonitor.Tests.ContractTests.Stop_Request_Serializes_To_SnakeCase" storage="c:\code\sys-sensor-v3\src\systemmonitor.tests\bin\release\net8.0\systemmonitor.tests.dll" id="2fee1618-453a-fb22-e956-2fd9d457aed7">
      <Execution id="40540d5c-78e3-4611-bd9f-326907a46840" />
      <TestMethod codeBase="C:\code\sys-sensor-v3\src\SystemMonitor.Tests\bin\Release\net8.0\SystemMonitor.Tests.dll" adapterTypeName="executor://xunit/VsTestRunner2/netcoreapp" className="SystemMonitor.Tests.ContractTests" name="Stop_Request_Serializes_To_SnakeCase" />
    </UnitTest>
    <UnitTest name="SystemMonitor.Tests.ContractTests.SubscribeMetrics_Request_Serializes_To_SnakeCase" storage="c:\code\sys-sensor-v3\src\systemmonitor.tests\bin\release\net8.0\systemmonitor.tests.dll" id="fc84e8aa-81c3-13b2-161d-42cbb3024667">
      <Execution id="d54f00e5-09cc-4ab9-8d20-2b5d6cf486c4" />
      <TestMethod codeBase="C:\code\sys-sensor-v3\src\SystemMonitor.Tests\bin\Release\net8.0\SystemMonitor.Tests.dll" adapterTypeName="executor://xunit/VsTestRunner2/netcoreapp" className="SystemMonitor.Tests.ContractTests" name="SubscribeMetrics_Request_Serializes_To_SnakeCase" />
    </UnitTest>
    <UnitTest name="SystemMonitor.Tests.EndToEndTests.Snapshot_Cpu_Expanded_Fields" storage="c:\code\sys-sensor-v3\src\systemmonitor.tests\bin\release\net8.0\systemmonitor.tests.dll" id="ba4d86c4-e56e-4feb-035c-05a39221e7db">
      <Execution id="176b6251-7e63-406e-919c-11f53fef6b57" />
      <TestMethod codeBase="C:\code\sys-sensor-v3\src\SystemMonitor.Tests\bin\Release\net8.0\SystemMonitor.Tests.dll" adapterTypeName="executor://xunit/VsTestRunner2/netcoreapp" className="SystemMonitor.Tests.EndToEndTests" name="Snapshot_Cpu_Expanded_Fields" />
    </UnitTest>
    <UnitTest name="SystemMonitor.Tests.ContractTests.Hello_Request_Serializes_To_SnakeCase" storage="c:\code\sys-sensor-v3\src\systemmonitor.tests\bin\release\net8.0\systemmonitor.tests.dll" id="7aba6d95-cdac-4d3b-fc1e-d345b65a933b">
      <Execution id="abd9dd07-92d3-482e-bb33-e4b0f9442e67" />
      <TestMethod codeBase="C:\code\sys-sensor-v3\src\SystemMonitor.Tests\bin\Release\net8.0\SystemMonitor.Tests.dll" adapterTypeName="executor://xunit/VsTestRunner2/netcoreapp" className="SystemMonitor.Tests.ContractTests" name="Hello_Request_Serializes_To_SnakeCase" />
    </UnitTest>
    <UnitTest name="SystemMonitor.Tests.SchemaTests.Hello_Schema_Valid_Minimal" storage="c:\code\sys-sensor-v3\src\systemmonitor.tests\bin\release\net8.0\systemmonitor.tests.dll" id="e1fbd4f1-6ade-f24b-317f-6dbbbf27c5fc">
      <Execution id="1c20df2a-a652-40c5-89a2-5ce681d2ff45" />
      <TestMethod codeBase="C:\code\sys-sensor-v3\src\SystemMonitor.Tests\bin\Release\net8.0\SystemMonitor.Tests.dll" adapterTypeName="executor://xunit/VsTestRunner2/netcoreapp" className="SystemMonitor.Tests.SchemaTests" name="Hello_Schema_Valid_Minimal" />
    </UnitTest>
    <UnitTest name="SystemMonitor.Tests.EndToEndTests.Hello_WithoutToken_Fails" storage="c:\code\sys-sensor-v3\src\systemmonitor.tests\bin\release\net8.0\systemmonitor.tests.dll" id="1bc68377-98f3-3224-550a-3a1f98831502">
      <Execution id="d562492d-af56-4998-8880-c37e9297a81b" />
      <TestMethod codeBase="C:\code\sys-sensor-v3\src\SystemMonitor.Tests\bin\Release\net8.0\SystemMonitor.Tests.dll" adapterTypeName="executor://xunit/VsTestRunner2/netcoreapp" className="SystemMonitor.Tests.EndToEndTests" name="Hello_WithoutToken_Fails" />
    </UnitTest>
    <UnitTest name="SystemMonitor.Tests.ContractTests.SetConfig_Request_Should_Not_Contain_PascalCase_Keys" storage="c:\code\sys-sensor-v3\src\systemmonitor.tests\bin\release\net8.0\systemmonitor.tests.dll" id="dc6251cd-01f9-1cce-a502-df54ce71eba2">
      <Execution id="71263763-6b0a-4bc6-b90c-d4f381fc7898" />
      <TestMethod codeBase="C:\code\sys-sensor-v3\src\SystemMonitor.Tests\bin\Release\net8.0\SystemMonitor.Tests.dll" adapterTypeName="executor://xunit/VsTestRunner2/netcoreapp" className="SystemMonitor.Tests.ContractTests" name="SetConfig_Request_Should_Not_Contain_PascalCase_Keys" />
    </UnitTest>
    <UnitTest name="SystemMonitor.Tests.SchemaTests.QueryHistory_Schema_Valid" storage="c:\code\sys-sensor-v3\src\systemmonitor.tests\bin\release\net8.0\systemmonitor.tests.dll" id="69d6d1aa-b426-63fd-4c85-4eac53250980">
      <Execution id="edebe65a-9655-44d0-8af3-a14d0d493abd" />
      <TestMethod codeBase="C:\code\sys-sensor-v3\src\SystemMonitor.Tests\bin\Release\net8.0\SystemMonitor.Tests.dll" adapterTypeName="executor://xunit/VsTestRunner2/netcoreapp" className="SystemMonitor.Tests.SchemaTests" name="QueryHistory_Schema_Valid" />
    </UnitTest>
    <UnitTest name="SystemMonitor.Tests.SchemaTests.QueryHistory_Schema_Invalid_Granularity" storage="c:\code\sys-sensor-v3\src\systemmonitor.tests\bin\release\net8.0\systemmonitor.tests.dll" id="af91bfef-d9e3-90f4-bf1f-8322352913ff">
      <Execution id="24a2d4db-19c9-42e9-a65a-00c6267f8973" />
      <TestMethod codeBase="C:\code\sys-sensor-v3\src\SystemMonitor.Tests\bin\Release\net8.0\SystemMonitor.Tests.dll" adapterTypeName="executor://xunit/VsTestRunner2/netcoreapp" className="SystemMonitor.Tests.SchemaTests" name="QueryHistory_Schema_Invalid_Granularity" />
    </UnitTest>
    <UnitTest name="SystemMonitor.Tests.ContractTests.Snapshot_Request_Serializes_To_SnakeCase" storage="c:\code\sys-sensor-v3\src\systemmonitor.tests\bin\release\net8.0\systemmonitor.tests.dll" id="f4df6398-0c14-b3dd-5ee6-c8f487d7504a">
      <Execution id="a337196a-0e26-4c2c-ab75-6a5ef0cb5669" />
      <TestMethod codeBase="C:\code\sys-sensor-v3\src\SystemMonitor.Tests\bin\Release\net8.0\SystemMonitor.Tests.dll" adapterTypeName="executor://xunit/VsTestRunner2/netcoreapp" className="SystemMonitor.Tests.ContractTests" name="Snapshot_Request_Serializes_To_SnakeCase" />
    </UnitTest>
    <UnitTest name="SystemMonitor.Tests.EndToEndTests.Metrics_Throttle_Burst_Recovery_Works" storage="c:\code\sys-sensor-v3\src\systemmonitor.tests\bin\release\net8.0\systemmonitor.tests.dll" id="575383ac-a422-d1e5-3903-2da7ffd1b577">
      <Execution id="49f6c847-772a-4146-bf03-a37e30e4eb13" />
      <TestMethod codeBase="C:\code\sys-sensor-v3\src\SystemMonitor.Tests\bin\Release\net8.0\SystemMonitor.Tests.dll" adapterTypeName="executor://xunit/VsTestRunner2/netcoreapp" className="SystemMonitor.Tests.EndToEndTests" name="Metrics_Throttle_Burst_Recovery_Works" />
    </UnitTest>
    <UnitTest name="SystemMonitor.Tests.SchemaTests.Hello_Schema_Invalid_NoToken" storage="c:\code\sys-sensor-v3\src\systemmonitor.tests\bin\release\net8.0\systemmonitor.tests.dll" id="d13cbe31-bcad-db2e-a448-21033afe455a">
      <Execution id="55889195-8cab-4b8b-ab89-7e3f4c98189b" />
      <TestMethod codeBase="C:\code\sys-sensor-v3\src\SystemMonitor.Tests\bin\Release\net8.0\SystemMonitor.Tests.dll" adapterTypeName="executor://xunit/VsTestRunner2/netcoreapp" className="SystemMonitor.Tests.SchemaTests" name="Hello_Schema_Invalid_NoToken" />
    </UnitTest>
    <UnitTest name="SystemMonitor.Tests.ContractTests.UpdateCheck_Request_Serializes_To_SnakeCase" storage="c:\code\sys-sensor-v3\src\systemmonitor.tests\bin\release\net8.0\systemmonitor.tests.dll" id="63eafbb5-a30b-37a9-e05f-fe5729a00075">
      <Execution id="051ddb96-582e-4e7c-948f-561ee0b163fc" />
      <TestMethod codeBase="C:\code\sys-sensor-v3\src\SystemMonitor.Tests\bin\Release\net8.0\SystemMonitor.Tests.dll" adapterTypeName="executor://xunit/VsTestRunner2/netcoreapp" className="SystemMonitor.Tests.ContractTests" name="UpdateCheck_Request_Serializes_To_SnakeCase" />
    </UnitTest>
  </TestDefinitions>
  <TestEntries>
    <TestEntry testId="7aba6d95-cdac-4d3b-fc1e-d345b65a933b" executionId="abd9dd07-92d3-482e-bb33-e4b0f9442e67" testListId="8c84fa94-04c1-424b-9868-57a2d4851a1d" />
    <TestEntry testId="69d6d1aa-b426-63fd-4c85-4eac53250980" executionId="edebe65a-9655-44d0-8af3-a14d0d493abd" testListId="8c84fa94-04c1-424b-9868-57a2d4851a1d" />
    <TestEntry testId="d1ecf483-dfd0-e8fd-412c-75343e5fd3e3" executionId="929ee8f0-8530-49d4-b19b-40580763fb8f" testListId="8c84fa94-04c1-424b-9868-57a2d4851a1d" />
    <TestEntry testId="f4df6398-0c14-b3dd-5ee6-c8f487d7504a" executionId="a337196a-0e26-4c2c-ab75-6a5ef0cb5669" testListId="8c84fa94-04c1-424b-9868-57a2d4851a1d" />
    <TestEntry testId="316b5766-01a4-b945-df1a-1d07ac1dfded" executionId="06b0114b-f421-4987-ae6f-14f14fb769db" testListId="8c84fa94-04c1-424b-9868-57a2d4851a1d" />
    <TestEntry testId="af91bfef-d9e3-90f4-bf1f-8322352913ff" executionId="24a2d4db-19c9-42e9-a65a-00c6267f8973" testListId="8c84fa94-04c1-424b-9868-57a2d4851a1d" />
    <TestEntry testId="ef813fb4-1132-cb92-7e68-0c9ef045b6b7" executionId="ef48526e-e4ba-464b-8fb7-a537057f7f1e" testListId="8c84fa94-04c1-424b-9868-57a2d4851a1d" />
    <TestEntry testId="c7e17ebe-07f3-5913-71e6-f1c4a943136f" executionId="31e07f26-420f-4f27-93f5-027c2b3826db" testListId="8c84fa94-04c1-424b-9868-57a2d4851a1d" />
    <TestEntry testId="afa476e6-1342-0de1-8963-ea8bca4835e6" executionId="f3fbf3df-f6e8-4139-bf85-7ef45c0c8362" testListId="8c84fa94-04c1-424b-9868-57a2d4851a1d" />
    <TestEntry testId="1625b824-bf75-ff81-2ccc-b11736dbaaf3" executionId="bc9b7273-3f04-4ed3-b27a-2262f5e725e2" testListId="8c84fa94-04c1-424b-9868-57a2d4851a1d" />
    <TestEntry testId="575383ac-a422-d1e5-3903-2da7ffd1b577" executionId="49f6c847-772a-4146-bf03-a37e30e4eb13" testListId="8c84fa94-04c1-424b-9868-57a2d4851a1d" />
    <TestEntry testId="648e89fa-b178-023e-6b9f-b12e893716da" executionId="b897fb6b-d6d4-48eb-b3b5-07d7e7b560ca" testListId="8c84fa94-04c1-424b-9868-57a2d4851a1d" />
    <TestEntry testId="897198c2-e013-2fdc-4de0-ccbd44dab1f1" executionId="8863edb1-68eb-4f47-a657-3a968adeb57e" testListId="8c84fa94-04c1-424b-9868-57a2d4851a1d" />
    <TestEntry testId="deff2b50-b04e-659a-fcb1-aacff92daa42" executionId="9be31f3d-5451-49d0-9f55-63a17023dae9" testListId="8c84fa94-04c1-424b-9868-57a2d4851a1d" />
    <TestEntry testId="18b35648-a566-3499-95ec-e14d308dcba6" executionId="6a918ab4-7d6d-4ae0-a93d-622b2b9673b2" testListId="8c84fa94-04c1-424b-9868-57a2d4851a1d" />
    <TestEntry testId="0f77d0ed-59fb-971b-4d70-0677c148fa79" executionId="bf91f6e8-06b0-45f6-bc69-da7e0bcf98b4" testListId="8c84fa94-04c1-424b-9868-57a2d4851a1d" />
    <TestEntry testId="a5cee8d5-e1e7-16a2-597a-8c6cbc2b8be8" executionId="5669bc72-2bc2-4155-a9f0-b2d6849ec6fd" testListId="8c84fa94-04c1-424b-9868-57a2d4851a1d" />
    <TestEntry testId="d46fc4ee-0150-cded-8fbb-ceb1d2e0e4ba" executionId="04dd2ff9-1ab0-43eb-97a3-662e386f7b8f" testListId="8c84fa94-04c1-424b-9868-57a2d4851a1d" />
    <TestEntry testId="116d7234-8081-621c-9c63-75bb4125b1af" executionId="867c0595-c6da-4d3a-8555-ab8bc6f7c8c9" testListId="8c84fa94-04c1-424b-9868-57a2d4851a1d" />
    <TestEntry testId="8efef518-8988-e3e1-bb3e-361f08b825e5" executionId="6f970ec7-a812-484b-a0cb-56cf5b7725dd" testListId="8c84fa94-04c1-424b-9868-57a2d4851a1d" />
    <TestEntry testId="dc6251cd-01f9-1cce-a502-df54ce71eba2" executionId="71263763-6b0a-4bc6-b90c-d4f381fc7898" testListId="8c84fa94-04c1-424b-9868-57a2d4851a1d" />
    <TestEntry testId="1bc68377-98f3-3224-550a-3a1f98831502" executionId="d562492d-af56-4998-8880-c37e9297a81b" testListId="8c84fa94-04c1-424b-9868-57a2d4851a1d" />
    <TestEntry testId="d13cbe31-bcad-db2e-a448-21033afe455a" executionId="55889195-8cab-4b8b-ab89-7e3f4c98189b" testListId="8c84fa94-04c1-424b-9868-57a2d4851a1d" />
    <TestEntry testId="dacf0d9f-52f8-cc00-236f-2f32d31c4af3" executionId="1e0dfc51-b75d-4ef5-9262-ba9e170afd4e" testListId="8c84fa94-04c1-424b-9868-57a2d4851a1d" />
    <TestEntry testId="2fee1618-453a-fb22-e956-2fd9d457aed7" executionId="40540d5c-78e3-4611-bd9f-326907a46840" testListId="8c84fa94-04c1-424b-9868-57a2d4851a1d" />
    <TestEntry testId="f6814e48-0b49-81a9-5412-aa1c3ac48e00" executionId="8244a80f-9648-42a4-a795-bcba66d751a1" testListId="8c84fa94-04c1-424b-9868-57a2d4851a1d" />
    <TestEntry testId="ba4d86c4-e56e-4feb-035c-05a39221e7db" executionId="176b6251-7e63-406e-919c-11f53fef6b57" testListId="8c84fa94-04c1-424b-9868-57a2d4851a1d" />
    <TestEntry testId="63eafbb5-a30b-37a9-e05f-fe5729a00075" executionId="051ddb96-582e-4e7c-948f-561ee0b163fc" testListId="8c84fa94-04c1-424b-9868-57a2d4851a1d" />
    <TestEntry testId="e1fbd4f1-6ade-f24b-317f-6dbbbf27c5fc" executionId="1c20df2a-a652-40c5-89a2-5ce681d2ff45" testListId="8c84fa94-04c1-424b-9868-57a2d4851a1d" />
    <TestEntry testId="d17c6ea2-3ca4-386f-c6e7-4b216cf89dd5" executionId="edb96339-f5a3-433a-8c9c-3cad14c59480" testListId="8c84fa94-04c1-424b-9868-57a2d4851a1d" />
    <TestEntry testId="825a0899-f60c-7747-10dc-edf9d745369b" executionId="85d9ee40-ea07-429b-b526-67dd24b2479f" testListId="8c84fa94-04c1-424b-9868-57a2d4851a1d" />
    <TestEntry testId="7fcfcc39-66f5-e59a-53bb-ab760b3d7c57" executionId="ec639c4f-7dcb-4c74-9b5f-90333d35f309" testListId="8c84fa94-04c1-424b-9868-57a2d4851a1d" />
    <TestEntry testId="e7afe76e-2983-511f-53e6-ec72c360fd06" executionId="77342136-0dc6-48c1-b758-c14b81615e06" testListId="8c84fa94-04c1-424b-9868-57a2d4851a1d" />
    <TestEntry testId="5359d170-82fa-d8d2-2f92-97bc053dca0c" executionId="55d6ec55-7feb-434d-8cbb-8c1a2acf10a6" testListId="8c84fa94-04c1-424b-9868-57a2d4851a1d" />
    <TestEntry testId="fc84e8aa-81c3-13b2-161d-42cbb3024667" executionId="d54f00e5-09cc-4ab9-8d20-2b5d6cf486c4" testListId="8c84fa94-04c1-424b-9868-57a2d4851a1d" />
    <TestEntry testId="84bddd7b-5fca-ad7f-6631-caa1dc730eca" executionId="5373eaee-7964-44b7-a014-722dfc3906e3" testListId="8c84fa94-04c1-424b-9868-57a2d4851a1d" />
    <TestEntry testId="b63f371d-2541-ba09-aa15-8afdc6da8ab0" executionId="603dff61-b795-413f-b55e-4a09ef55ed3e" testListId="8c84fa94-04c1-424b-9868-57a2d4851a1d" />
    <TestEntry testId="6bc5c69f-1e35-1dda-027a-3965f2238887" executionId="885dd5ea-351a-4f88-bd42-4bfb513aa866" testListId="8c84fa94-04c1-424b-9868-57a2d4851a1d" />
  </TestEntries>
  <TestLists>
    <TestList name="列表中未列出的结果" id="8c84fa94-04c1-424b-9868-57a2d4851a1d" />
    <TestList name="所有已加载的结果" id="19431567-8539-422a-85d7-44ee4e166bda" />
  </TestLists>
  <ResultSummary outcome="Failed">
    <Counters total="38" executed="35" passed="21" failed="14" error="0" timeout="0" aborted="0" inconclusive="0" passedButRunAborted="0" notRunnable="0" notExecuted="0" disconnected="0" warning="0" completed="0" inProgress="0" pending="0" />
    <Output>
      <StdOut>[xUnit.net 00:00:00.00] xUnit.net VSTest Adapter v2.5.3.1+6b60a9e56a (64-bit .NET 8.0.19)&#xD;
[xUnit.net 00:00:00.11]   Discovering: SystemMonitor.Tests&#xD;
[xUnit.net 00:00:00.15]   Discovered:  SystemMonitor.Tests&#xD;
[xUnit.net 00:00:00.16]   Starting:    SystemMonitor.Tests&#xD;
[xUnit.net 00:00:00.28]       非 M1：后续里程碑接口&#xD;
在测试运行中跳过测试“SystemMonitor.Tests.ContractTests.SetLogLevel_Request_Serializes_To_SnakeCase”。&#xD;
[xUnit.net 00:00:00.35]       非 M1：后续里程碑接口&#xD;
[xUnit.net 00:00:00.35]       非 M1：后续里程碑接口&#xD;
在测试运行中跳过测试“SystemMonitor.Tests.ContractTests.UpdateApply_Request_Serializes_To_SnakeCase”。&#xD;
在测试运行中跳过测试“SystemMonitor.Tests.ContractTests.UpdateCheck_Request_Serializes_To_SnakeCase”。&#xD;
[svc][out] 正在生成...&#xD;
[test][pipe-wait] last-win32=2 elapsed=0.0s&#xD;
[test][pipe-wait] last-win32=2 elapsed=0.2s&#xD;
[test][pipe-wait] last-win32=2 elapsed=0.4s&#xD;
[test][pipe-wait] last-win32=2 elapsed=0.6s&#xD;
[test][pipe-wait] last-win32=2 elapsed=0.8s&#xD;
[test][pipe-wait] last-win32=2 elapsed=1.0s&#xD;
[test][pipe-wait] last-win32=2 elapsed=1.2s&#xD;
[test][pipe-wait] last-win32=2 elapsed=1.4s&#xD;
[svc][out] C:\code\sys-sensor-v3\src\SystemMonitor.Service\Services\RpcHostedService.cs(201,31): error CS0103: 当前上下文中不存在名称“TryCreateCounter�?[C:\code\sys-sensor-v3\src\SystemMonitor.Service\SystemMonitor.Service.csproj]&#xD;
[svc][out] C:\code\sys-sensor-v3\src\SystemMonitor.Service\Services\RpcHostedService.cs(203,35): error CS0103: 当前上下文中不存在名称“TryCreateCounter�?[C:\code\sys-sensor-v3\src\SystemMonitor.Service\SystemMonitor.Service.csproj]&#xD;
[svc][out] C:\code\sys-sensor-v3\src\SystemMonitor.Service\Program.cs(76,13): warning CA1416: 可在所有平台上访问此调用站点�?RpcHostedService" 仅在 'windows' 上受支持�?(https://learn.microsoft.com/dotnet/fundamentals/code-analysis/quality-rules/ca1416) [C:\code\sys-sensor-v3\src\SystemMonitor.Service\SystemMonitor.Service.csproj]&#xD;
[svc][err] 生成失败。请修复生成错误并重新运行�?&#xD;
[xUnit.net 00:00:02.77]       System.InvalidOperationException : Service exited while waiting for pipe. Code=1. Tail:
[svc][out] 姝ｅ湪鐢熸垚...&#xD;
[xUnit.net 00:00:02.77]       [svc][out] C:\code\sys-sensor-v3\src\SystemMonitor.Service\Services\RpcHostedService.cs(201,31): error CS0103: 褰撳墠涓婁笅鏂囦腑涓嶅瓨鍦ㄥ悕绉扳€淭ryCreateCounter鈥?[C:\code\sys-sensor-v3\src\SystemMonitor.Service\SystemMonitor.Service.csproj]&#xD;
[xUnit.net 00:00:02.77]       [svc][out] C:\code\sys-sensor-v3\src\SystemMonitor.Service\Services\RpcHostedService.cs(203,35): error CS0103: 褰撳墠涓婁笅鏂囦腑涓嶅瓨鍦ㄥ悕绉扳€淭ryCreateCounter鈥?[C:\code\sys-sensor-v3\src\SystemMonitor.Service\SystemMonitor.Service.csproj]&#xD;
[xUnit.net 00:00:02.77]       [svc][out] C:\code\sys-sensor-v3\src\SystemMonitor.Service\Program.cs(76,13): warning CA1416: 鍙湪鎵€鏈夊钩鍙颁笂璁块棶姝よ皟鐢ㄧ珯鐐广€?RpcHostedService" 浠呭湪 'windows' 涓婂彈鏀寔銆?(https://learn.microsoft.com/dotnet/fundamentals/code-analysis/quality-rules/ca1416) [C:\code\sys-sensor-v3\src\SystemMonitor.Service\SystemMonitor.Service.csproj]&#xD;
[xUnit.net 00:00:02.77]       [svc][err] 鐢熸垚澶辫触銆傝淇鐢熸垚閿欒骞堕噸鏂拌繍琛屻€?
[file-log-tail]
2025-08-22 05:00:07.505 +08:00 [INF] DESKTOP-J6M8022 34864/11 SystemMonitor.Service.Worker Worker running at: "2025-08-22T05:00:07.5059406+08:00"&#xD;
[xUnit.net 00:00:02.77]       2025-08-22 05:00:08.115 +08:00 [INF] DESKTOP-J6M8022 34864/11 SystemMonitor.Service.Services.RpcHostedService 客户端已连接&#xD;
[xUnit.net 00:00:02.77]       2025-08-22 05:00:08.115 +08:00 [INF] DESKTOP-J6M8022 34864/11 SystemMonitor.Service.Services.RpcHostedService 客户端会话建立: conn="3ebaf5c9-7a90-4c1f-8d06-77e4b9511b6b"&#xD;
[xUnit.net 00:00:02.77]       2025-08-22 05:00:08.119 +08:00 [INF] DESKTOP-J6M8022 34864/11 SystemMonitor.Service.Services.RpcHostedService 客户端断开：已达到流的结尾。 conn="3ebaf5c9-7a90-4c1f-8d06-77e4b9511b6b"&#xD;
[xUnit.net 00:00:02.77]       2025-08-22 05:00:08.515 +08:00 [INF] DESKTOP-J6M8022 34864/11 SystemMonitor.Service.Worker Worker running at: "2025-08-22T05:00:08.5155952+08:00"&#xD;
[xUnit.net 00:00:02.77]       2025-08-22 05:00:09.524 +08:00 [INF] DESKTOP-J6M8022 34864/9 SystemMonitor.Service.Worker Worker running at: "2025-08-22T05:00:09.5241284+08:00"&#xD;
[xUnit.net 00:00:02.77]       2025-08-22 05:00:10.532 +08:00 [INF] DESKTOP-J6M8022 34864/8 SystemMonitor.Service.Worker Worker running at: "2025-08-22T05:00:10.5324730+08:00"&#xD;
[xUnit.net 00:00:02.77]       2025-08-22 05:00:11.535 +08:00 [INF] DESKTOP-J6M8022 34864/12 SystemMonitor.Service.Worker Worker running at: "2025-08-22T05:00:11.5357528+08:00"&#xD;
[xUnit.net 00:00:02.77]       2025-08-22 05:00:12.548 +08:00 [INF] DESKTOP-J6M8022 34864/8 SystemMonitor.Service.Worker Worker running at: "2025-08-22T05:00:12.5481912+08:00"&#xD;
[xUnit.net 00:00:02.77]       2025-08-22 05:00:13.107 +08:00 [INF] DESKTOP-J6M8022 34864/12 SystemMonitor.Service.Services.RpcHostedService 客户端已连接&#xD;
[xUnit.net 00:00:02.77]       2025-08-22 05:00:13.107 +08:00 [INF] DESKTOP-J6M8022 34864/12 SystemMonitor.Service.Services.RpcHostedService 客户端会话建立: conn="27a81c38-4647-493a-8fb8-8f2e144087dc"&#xD;
[xUnit.net 00:00:02.77]       2025-08-22 05:00:13.111 +08:00 [INF] DESKTOP-J6M8022 34864/11 SystemMonitor.Service.Services.RpcHostedService 客户端断开：已达到流的结尾。 conn="27a81c38-4647-493a-8fb8-8f2e144087dc"&#xD;
[xUnit.net 00:00:02.77]       2025-08-22 05:00:13.384 +08:00 [INF] DESKTOP-J6M8022 34864/8 SystemMonitor.Service.Services.RpcHostedService 客户端已连接&#xD;
[xUnit.net 00:00:02.77]       2025-08-22 05:00:13.384 +08:00 [INF] DESKTOP-J6M8022 34864/8 SystemMonitor.Service.Services.RpcHostedService 客户端会话建立: conn="25e61bd6-9b34-4b1b-8730-8dd26623668c"&#xD;
[xUnit.net 00:00:02.77]       2025-08-22 05:00:13.405 +08:00 [INF] DESKTOP-J6M8022 34864/8 SystemMonitor.Service.Services.RpcHostedService snapshot called, modules=*&#xD;
[xUnit.net 00:00:02.77]       2025-08-22 05:00:13.408 +08:00 [INF] DESKTOP-J6M8022 34864/9 SystemMonitor.Service.Services.RpcHostedService 客户端断开：已达到流的结尾。 conn="25e61bd6-9b34-4b1b-8730-8dd26623668c"&#xD;
[xUnit.net 00:00:02.77]       2025-08-22 05:00:13.551 +08:00 [INF] DESKTOP-J6M8022 34864/12 SystemMonitor.Service.Worker Worker running at: "2025-08-22T05:00:13.5519178+08:00"&#xD;
[xUnit.net 00:00:02.77]       2025-08-22 05:00:14.561 +08:00 [INF] DESKTOP-J6M8022 34864/8 SystemMonitor.Service.Worker Worker running at: "2025-08-22T05:00:14.5613344+08:00"&#xD;
[xUnit.net 00:00:02.77]       2025-08-22 05:00:15.574 +08:00 [INF] DESKTOP-J6M8022 34864/8 SystemMonitor.Service.Worker Worker running at: "2025-08-22T05:00:15.5741996+08:00"&#xD;
[xUnit.net 00:00:02.77]       2025-08-22 05:00:16.580 +08:00 [INF] DESKTOP-J6M8022 34864/12 SystemMonitor.Service.Worker Worker running at: "2025-08-22T05:00:16.5802431+08:00"&#xD;
[xUnit.net 00:00:02.77]       2025-08-22 05:00:17.583 +08:00 [INF] DESKTOP-J6M8022 34864/12 SystemMonitor.Service.Worker Worker running at: "2025-08-22T05:00:17.5832737+08:00"&#xD;
[xUnit.net 00:00:02.77]       2025-08-22 05:00:18.114 +08:00 [INF] DESKTOP-J6M8022 34864/11 SystemMonitor.Service.Services.RpcHostedService 客户端已连接&#xD;
[xUnit.net 00:00:02.77]       2025-08-22 05:00:18.114 +08:00 [INF] DESKTOP-J6M8022 34864/11 SystemMonitor.Service.Services.RpcHostedService 客户端会话建立: conn="8619790b-69c5-445b-ab8d-8526df618427"&#xD;
[xUnit.net 00:00:02.77]       2025-08-22 05:00:18.116 +08:00 [INF] DESKTOP-J6M8022 34864/12 SystemMonitor.Service.Services.RpcHostedService 客户端断开：已达到流的结尾。 conn="8619790b-69c5-445b-ab8d-8526df618427"&#xD;
[xUnit.net 00:00:02.77]       2025-08-22 05:00:18.595 +08:00 [INF] DESKTOP-J6M8022 34864/11 SystemMonitor.Service.Worker Worker running at: "2025-08-22T05:00:18.5953464+08:00"&#xD;
[xUnit.net 00:00:02.77]       2025-08-22 05:00:19.605 +08:00 [INF] DESKTOP-J6M8022 34864/11 SystemMonitor.Service.Worker Worker running at: "2025-08-22T05:00:19.6052530+08:00"&#xD;
[xUnit.net 00:00:02.77]       2025-08-22 05:00:20.613 +08:00 [INF] DESKTOP-J6M8022 34864/13 SystemMonitor.Service.Worker Worker running at: "2025-08-22T05:00:20.6131263+08:00"&#xD;
[xUnit.net 00:00:02.77]       2025-08-22 05:00:21.613 +08:00 [INF] DESKTOP-J6M8022 34864/11 SystemMonitor.Service.Worker Worker running at: "2025-08-22T05:00:21.6130098+08:00"&#xD;
[xUnit.net 00:00:02.77]       2025-08-22 05:00:22.624 +08:00 [INF] DESKTOP-J6M8022 34864/13 SystemMonitor.Service.Worker Worker running at: "2025-08-22T05:00:22.6244940+08:00"&#xD;
[xUnit.net 00:00:02.77]       2025-08-22 05:00:23.105 +08:00 [INF] DESKTOP-J6M8022 34864/13 SystemMonitor.Service.Services.RpcHostedService 客户端已连接&#xD;
[xUnit.net 00:00:02.77]       2025-08-22 05:00:23.105 +08:00 [INF] DESKTOP-J6M8022 34864/13 SystemMonitor.Service.Services.RpcHostedService 客户端会话建立: conn="849f5c90-811a-4eb3-97ea-73e1b9d03257"&#xD;
[xUnit.net 00:00:02.77]       2025-08-22 05:00:23.108 +08:00 [INF] DESKTOP-J6M8022 34864/8 SystemMonitor.Service.Services.RpcHostedService 客户端断开：已达到流的结尾。 conn="849f5c90-811a-4eb3-97ea-73e1b9d03257"&#xD;
[xUnit.net 00:00:02.77]       2025-08-22 05:00:23.627 +08:00 [INF] DESKTOP-J6M8022 34864/13 SystemMonitor.Service.Worker Worker running at: "2025-08-22T05:00:23.6275367+08:00"&#xD;
[xUnit.net 00:00:02.77]       2025-08-22 05:00:24.631 +08:00 [INF] DESKTOP-J6M8022 34864/8 SystemMonitor.Service.Worker Worker running at: "2025-08-22T05:00:24.6319373+08:00"&#xD;
[xUnit.net 00:00:02.77]       2025-08-22 05:00:25.643 +08:00 [INF] DESKTOP-J6M8022 34864/13 SystemMonitor.Service.Worker Worker running at: "2025-08-22T05:00:25.6437810+08:00"&#xD;
[xUnit.net 00:00:02.77]       2025-08-22 05:00:26.649 +08:00 [INF] DESKTOP-J6M8022 34864/10 SystemMonitor.Service.Worker Worker running at: "2025-08-22T05:00:26.6498268+08:00"&#xD;
[xUnit.net 00:00:02.77]       2025-08-22 05:00:27.653 +08:00 [INF] DESKTOP-J6M8022 34864/13 SystemMonitor.Service.Worker Worker running at: "2025-08-22T05:00:27.6536723+08:00"&#xD;
[xUnit.net 00:00:02.77]       2025-08-22 05:00:28.104 +08:00 [INF] DESKTOP-J6M8022 34864/13 SystemMonitor.Service.Services.RpcHostedService 客户端已连接&#xD;
[xUnit.net 00:00:02.77]       2025-08-22 05:00:28.104 +08:00 [INF] DESKTOP-J6M8022 34864/13 SystemMonitor.Service.Services.RpcHostedService 客户端会话建立: conn="58087a9a-4fe9-4ab7-893a-962c7c34de4d"&#xD;
[xUnit.net 00:00:02.77]       2025-08-22 05:00:28.108 +08:00 [INF] DESKTOP-J6M8022 34864/10 SystemMonitor.Service.Services.RpcHostedService 客户端断开：已达到流的结尾。 conn="58087a9a-4fe9-4ab7-893a-962c7c34de4d"&#xD;
[xUnit.net 00:00:02.77]       2025-08-22 05:00:28.658 +08:00 [INF] DESKTOP-J6M8022 34864/10 SystemMonitor.Service.Worker Worker running at: "2025-08-22T05:00:28.6580477+08:00"&#xD;
[xUnit.net 00:00:02.77]       2025-08-22 05:00:29.667 +08:00 [INF] DESKTOP-J6M8022 34864/10 SystemMonitor.Service.Worker Worker running at: "2025-08-22T05:00:29.6670246+08:00"&#xD;
[xUnit.net 00:00:02.77]       2025-08-22 05:00:30.671 +08:00 [INF] DESKTOP-J6M8022 34864/11 SystemMonitor.Service.Worker Worker running at: "2025-08-22T05:00:30.6718324+08:00"&#xD;
[xUnit.net 00:00:02.77]       2025-08-22 05:00:31.677 +08:00 [INF] DESKTOP-J6M8022 34864/11 SystemMonitor.Service.Worker Worker running at: "2025-08-22T05:00:31.6773257+08:00"&#xD;
[xUnit.net 00:00:02.77]       2025-08-22 05:00:32.687 +08:00 [INF] DESKTOP-J6M8022 34864/8 SystemMonitor.Service.Worker Worker running at: "2025-08-22T05:00:32.6879602+08:00"&#xD;
[xUnit.net 00:00:02.77]       2025-08-22 05:00:33.104 +08:00 [INF] DESKTOP-J6M8022 34864/11 SystemMonitor.Service.Services.RpcHostedService 客户端已连接&#xD;
[xUnit.net 00:00:02.77]       2025-08-22 05:00:33.104 +08:00 [INF] DESKTOP-J6M8022 34864/11 SystemMonitor.Service.Services.RpcHostedService 客户端会话建立: conn="f2efc72f-7360-4d95-8499-7acad765c432"&#xD;
[xUnit.net 00:00:02.77]       2025-08-22 05:00:33.107 +08:00 [INF] DESKTOP-J6M8022 34864/11 SystemMonitor.Service.Services.RpcHostedService 客户端断开：已达到流的结尾。 conn="f2efc72f-7360-4d95-8499-7acad765c432"&#xD;
[xUnit.net 00:00:02.77]       2025-08-22 05:00:33.703 +08:00 [INF] DESKTOP-J6M8022 34864/8 SystemMonitor.Service.Worker Worker running at: "2025-08-22T05:00:33.7031716+08:00"&#xD;
[xUnit.net 00:00:02.77]       2025-08-22 05:00:34.705 +08:00 [INF] DESKTOP-J6M8022 34864/13 SystemMonitor.Service.Worker Worker running at: "2025-08-22T05:00:34.7053006+08:00"&#xD;
[xUnit.net 00:00:02.77]       2025-08-22 05:00:35.716 +08:00 [INF] DESKTOP-J6M8022 34864/11 SystemMonitor.Service.Worker Worker running at: "2025-08-22T05:00:35.7161477+08:00"&#xD;
[xUnit.net 00:00:02.77]       2025-08-22 05:00:36.721 +08:00 [INF] DESKTOP-J6M8022 34864/12 SystemMonitor.Service.Worker Worker running at: "2025-08-22T05:00:36.7213935+08:00"&#xD;
[xUnit.net 00:00:02.77]       2025-08-22 05:00:37.725 +08:00 [INF] DESKTOP-J6M8022 34864/12 SystemMonitor.Service.Worker Worker running at: "2025-08-22T05:00:37.7251514+08:00"&#xD;
[xUnit.net 00:00:02.77]       2025-08-22 05:00:38.118 +08:00 [INF] DESKTOP-J6M8022 34864/13 SystemMonitor.Service.Services.RpcHostedService 客户端已连接&#xD;
[xUnit.net 00:00:02.77]       2025-08-22 05:00:38.118 +08:00 [INF] DESKTOP-J6M8022 34864/13 SystemMonitor.Service.Services.RpcHostedService 客户端会话建立: conn="b439ecab-ffb2-4843-8f54-1844ad704c06"&#xD;
[xUnit.net 00:00:02.77]       2025-08-22 05:00:38.121 +08:00 [INF] DESKTOP-J6M8022 34864/13 SystemMonitor.Service.Services.RpcHostedService 客户端断开：已达到流的结尾。 conn="b439ecab-ffb2-4843-8f54-1844ad704c06"&#xD;
[xUnit.net 00:00:02.77]       2025-08-22 05:00:38.725 +08:00 [INF] DESKTOP-J6M8022 34864/8 SystemMonitor.Service.Worker Worker running at: "2025-08-22T05:00:38.7259519+08:00"&#xD;
[xUnit.net 00:00:02.77]       2025-08-22 05:00:39.740 +08:00 [INF] DESKTOP-J6M8022 34864/11 SystemMonitor.Service.Worker Worker running at: "2025-08-22T05:00:39.7403082+08:00"&#xD;
[xUnit.net 00:00:02.77]       2025-08-22 05:00:40.742 +08:00 [INF] DESKTOP-J6M8022 34864/11 SystemMonitor.Service.Worker Worker running at: "2025-08-22T05:00:40.7425737+08:00"&#xD;
[xUnit.net 00:00:02.77]       2025-08-22 05:00:41.745 +08:00 [INF] DESKTOP-J6M8022 34864/13 SystemMonitor.Service.Worker Worker running at: "2025-08-22T05:00:41.7451229+08:00"&#xD;
[xUnit.net 00:00:02.77]       2025-08-22 05:00:42.751 +08:00 [INF] DESKTOP-J6M8022 34864/11 SystemMonitor.Service.Worker Worker running at: "2025-08-22T05:00:42.7515665+08:00"&#xD;
[xUnit.net 00:00:02.77]       2025-08-22 05:00:43.110 +08:00 [INF] DESKTOP-J6M8022 34864/14 SystemMonitor.Service.Services.RpcHostedService 客户端已连接&#xD;
[xUnit.net 00:00:02.77]       2025-08-22 05:00:43.110 +08:00 [INF] DESKTOP-J6M8022 34864/14 SystemMonitor.Service.Services.RpcHostedService 客户端会话建立: conn="ec82b613-da05-4264-84fe-3fb03c945d2f"&#xD;
[xUnit.net 00:00:02.77]       2025-08-22 05:00:43.120 +08:00 [INF] DESKTOP-J6M8022 34864/9 SystemMonitor.Service.Services.RpcHostedService 客户端断开：已达到流的结尾。 conn="ec82b613-da05-4264-84fe-3fb03c945d2f"&#xD;
[xUnit.net 00:00:02.77]       2025-08-22 05:00:43.389 +08:00 [INF] DESKTOP-J6M8022 34864/13 SystemMonitor.Service.Services.RpcHostedService 客户端已连接&#xD;
[xUnit.net 00:00:02.77]       2025-08-22 05:00:43.389 +08:00 [INF] DESKTOP-J6M8022 34864/13 SystemMonitor.Service.Services.RpcHostedService 客户端会话建立: conn="2f7dc9d3-2402-4294-ba61-bc663df8cf82"&#xD;
[xUnit.net 00:00:02.77]       2025-08-22 05:00:43.398 +08:00 [INF] DESKTOP-J6M8022 34864/13 SystemMonitor.Service.Services.RpcHostedService snapshot called, modules=*&#xD;
[xUnit.net 00:00:02.77]       2025-08-22 05:00:43.407 +08:00 [INF] DESKTOP-J6M8022 34864/13 SystemMonitor.Service.Services.RpcHostedService 客户端断开：已达到流的结尾。 conn="2f7dc9d3-2402-4294-ba61-bc663df8cf82"&#xD;
[xUnit.net 00:00:02.77]       2025-08-22 05:00:43.756 +08:00 [INF] DESKTOP-J6M8022 34864/13 SystemMonitor.Service.Worker Worker running at: "2025-08-22T05:00:43.7565234+08:00"&#xD;
[xUnit.net 00:00:02.77]       2025-08-22 05:00:44.757 +08:00 [INF] DESKTOP-J6M8022 34864/11 SystemMonitor.Service.Worker Worker running at: "2025-08-22T05:00:44.7577675+08:00"&#xD;
[xUnit.net 00:00:02.77]       2025-08-22 05:00:45.762 +08:00 [INF] DESKTOP-J6M8022 34864/11 SystemMonitor.Service.Worker Worker running at: "2025-08-22T05:00:45.7627674+08:00"&#xD;
[xUnit.net 00:00:02.77]       2025-08-22 05:00:46.772 +08:00 [INF] DESKTOP-J6M8022 34864/11 SystemMonitor.Service.Worker Worker running at: "2025-08-22T05:00:46.7724296+08:00"&#xD;
[xUnit.net 00:00:02.77]       2025-08-22 05:00:47.772 +08:00 [INF] DESKTOP-J6M8022 34864/11 SystemMonitor.Service.Worker Worker running at: "2025-08-22T05:00:47.7724414+08:00"&#xD;
[xUnit.net 00:00:02.77]       2025-08-22 05:00:48.113 +08:00 [INF] DESKTOP-J6M8022 34864/11 SystemMonitor.Service.Services.RpcHostedService 客户端已连接&#xD;
[xUnit.net 00:00:02.77]       2025-08-22 05:00:48.113 +08:00 [INF] DESKTOP-J6M8022 34864/11 SystemMonitor.Service.Services.RpcHostedService 客户端会话建立: conn="0b57ec2b-be63-49bb-9b61-b642d4a6bad8"&#xD;
[xUnit.net 00:00:02.77]       2025-08-22 05:00:48.118 +08:00 [INF] DESKTOP-J6M8022 34864/11 SystemMonitor.Service.Services.RpcHostedService 客户端断开：已达到流的结尾。 conn="0b57ec2b-be63-49bb-9b61-b642d4a6bad8"&#xD;
[xUnit.net 00:00:02.77]       2025-08-22 05:00:48.786 +08:00 [INF] DESKTOP-J6M8022 34864/14 SystemMonitor.Service.Worker Worker running at: "2025-08-22T05:00:48.7861767+08:00"&#xD;
[xUnit.net 00:00:02.77]       2025-08-22 05:00:49.797 +08:00 [INF] DESKTOP-J6M8022 34864/14 SystemMonitor.Service.Worker Worker running at: "2025-08-22T05:00:49.7971060+08:00"&#xD;
[xUnit.net 00:00:02.77]       2025-08-22 05:00:50.810 +08:00 [INF] DESKTOP-J6M8022 34864/14 SystemMonitor.Service.Worker Worker running at: "2025-08-22T05:00:50.8103703+08:00"&#xD;
[xUnit.net 00:00:02.77]       2025-08-22 05:00:51.819 +08:00 [INF] DESKTOP-J6M8022 34864/14 SystemMonitor.Service.Worker Worker running at: "2025-08-22T05:00:51.8191149+08:00"&#xD;
[xUnit.net 00:00:02.77]       2025-08-22 05:00:52.832 +08:00 [INF] DESKTOP-J6M8022 34864/14 SystemMonitor.Service.Worker Worker running at: "2025-08-22T05:00:52.8322629+08:00"&#xD;
[xUnit.net 00:00:02.77]       2025-08-22 05:00:53.102 +08:00 [INF] DESKTOP-J6M8022 34864/14 SystemMonitor.Service.Services.RpcHostedService 客户端已连接&#xD;
[xUnit.net 00:00:02.77]       2025-08-22 05:00:53.102 +08:00 [INF] DESKTOP-J6M8022 34864/14 SystemMonitor.Service.Services.RpcHostedService 客户端会话建立: conn="a1d8b427-d708-44e2-9952-15a5a936e6af"&#xD;
[xUnit.net 00:00:02.77]       2025-08-22 05:00:53.105 +08:00 [INF] DESKTOP-J6M8022 34864/13 SystemMonitor.Service.Services.RpcHostedService 客户端断开：已达到流的结尾。 conn="a1d8b427-d708-44e2-9952-15a5a936e6af"&#xD;
[xUnit.net 00:00:02.77]       2025-08-22 05:00:53.839 +08:00 [INF] DESKTOP-J6M8022 34864/9 SystemMonitor.Service.Worker Worker running at: "2025-08-22T05:00:53.8390210+08:00"&#xD;
[xUnit.net 00:00:02.77]       2025-08-22 05:00:54.844 +08:00 [INF] DESKTOP-J6M8022 34864/9 SystemMonitor.Service.Worker Worker running at: "2025-08-22T05:00:54.8440332+08:00"&#xD;
[xUnit.net 00:00:02.77]       2025-08-22 05:00:55.849 +08:00 [INF] DESKTOP-J6M8022 34864/14 SystemMonitor.Service.Worker Worker running at: "2025-08-22T05:00:55.8498931+08:00"&#xD;
[xUnit.net 00:00:02.77]       2025-08-22 05:00:56.855 +08:00 [INF] DESKTOP-J6M8022 34864/12 SystemMonitor.Service.Worker Worker running at: "2025-08-22T05:00:56.8554623+08:00"&#xD;
[xUnit.net 00:00:02.77]       2025-08-22 05:00:57.861 +08:00 [INF] DESKTOP-J6M8022 34864/12 SystemMonitor.Service.Worker Worker running at: "2025-08-22T05:00:57.8610329+08:00"&#xD;
[xUnit.net 00:00:02.77]       2025-08-22 05:00:58.111 +08:00 [INF] DESKTOP-J6M8022 34864/8 SystemMonitor.Service.Services.RpcHostedService 客户端已连接&#xD;
[xUnit.net 00:00:02.77]       2025-08-22 05:00:58.111 +08:00 [INF] DESKTOP-J6M8022 34864/8 SystemMonitor.Service.Services.RpcHostedService 客户端会话建立: conn="667ed3f1-bd30-41e0-92ff-80608571c1ce"&#xD;
[xUnit.net 00:00:02.77]       2025-08-22 05:00:58.116 +08:00 [INF] DESKTOP-J6M8022 34864/12 SystemMonitor.Service.Services.RpcHostedService 客户端断开：已达到流的结尾。 conn="667ed3f1-bd30-41e0-92ff-80608571c1ce"&#xD;
[xUnit.net 00:00:02.77]       2025-08-22 05:00:58.863 +08:00 [INF] DESKTOP-J6M8022 34864/8 SystemMonitor.Service.Worker Worker running at: "2025-08-22T05:00:58.8635685+08:00"&#xD;
[xUnit.net 00:00:02.77]       2025-08-22 05:00:59.864 +08:00 [INF] DESKTOP-J6M8022 34864/13 SystemMonitor.Service.Worker Worker running at: "2025-08-22T05:00:59.8639948+08:00"&#xD;
[xUnit.net 00:00:02.77]       2025-08-22 05:01:00.871 +08:00 [INF] DESKTOP-J6M8022 34864/8 SystemMonitor.Service.Worker Worker running at: "2025-08-22T05:01:00.8711317+08:00"&#xD;
[xUnit.net 00:00:02.77]       2025-08-22 05:01:01.872 +08:00 [INF] DESKTOP-J6M8022 34864/8 SystemMonitor.Service.Worker Worker running at: "2025-08-22T05:01:01.8723849+08:00"&#xD;
[xUnit.net 00:00:02.77]       2025-08-22 05:01:02.874 +08:00 [INF] DESKTOP-J6M8022 34864/13 SystemMonitor.Service.Worker Worker running at: "2025-08-22T05:01:02.8742125+08:00"&#xD;
[xUnit.net 00:00:02.77]       2025-08-22 05:01:03.109 +08:00 [INF] DESKTOP-J6M8022 34864/13 SystemMonitor.Service.Services.RpcHostedService 客户端已连接&#xD;
[xUnit.net 00:00:02.77]       2025-08-22 05:01:03.109 +08:00 [INF] DESKTOP-J6M8022 34864/13 SystemMonitor.Service.Services.RpcHostedService 客户端会话建立: conn="6f7008b5-fb8e-492a-bb7e-9769bc95aca3"&#xD;
[xUnit.net 00:00:02.77]       2025-08-22 05:01:03.113 +08:00 [INF] DESKTOP-J6M8022 34864/13 SystemMonitor.Service.Services.RpcHostedService 客户端断开：已达到流的结尾。 conn="6f7008b5-fb8e-492a-bb7e-9769bc95aca3"&#xD;
[xUnit.net 00:00:02.77]       2025-08-22 05:01:03.878 +08:00 [INF] DESKTOP-J6M8022 34864/9 SystemMonitor.Service.Worker Worker running at: "2025-08-22T05:01:03.8780156+08:00"&#xD;
[xUnit.net 00:00:02.77]       2025-08-22 05:01:04.882 +08:00 [INF] DESKTOP-J6M8022 34864/9 SystemMonitor.Service.Worker Worker running at: "2025-08-22T05:01:04.8824276+08:00"&#xD;
[xUnit.net 00:00:02.77]       2025-08-22 05:01:05.888 +08:00 [INF] DESKTOP-J6M8022 34864/9 SystemMonitor.Service.Worker Worker running at: "2025-08-22T05:01:05.8884444+08:00"&#xD;
[xUnit.net 00:00:02.77]       2025-08-22 05:01:06.898 +08:00 [INF] DESKTOP-J6M8022 34864/13 SystemMonitor.Service.Worker Worker running at: "2025-08-22T05:01:06.8980438+08:00"&#xD;
[xUnit.net 00:00:02.77]       2025-08-22 05:01:07.902 +08:00 [INF] DESKTOP-J6M8022 34864/12 SystemMonitor.Service.Worker Worker running at: "2025-08-22T05:01:07.9022915+08:00"&#xD;
[xUnit.net 00:00:02.77]       2025-08-22 05:01:08.106 +08:00 [INF] DESKTOP-J6M8022 34864/12 SystemMonitor.Service.Services.RpcHostedService 客户端已连接&#xD;
[xUnit.net 00:00:02.77]       2025-08-22 05:01:08.106 +08:00 [INF] DESKTOP-J6M8022 34864/12 SystemMonitor.Service.Services.RpcHostedService 客户端会话建立: conn="57e57623-52be-4bde-b1c7-694c9251d418"&#xD;
[xUnit.net 00:00:02.77]       2025-08-22 05:01:08.111 +08:00 [INF] DESKTOP-J6M8022 34864/14 SystemMonitor.Service.Services.RpcHostedService 客户端断开：已达到流的结尾。 conn="57e57623-52be-4bde-b1c7-694c9251d418"&#xD;
[xUnit.net 00:00:02.77]       2025-08-22 05:01:08.904 +08:00 [INF] DESKTOP-J6M8022 34864/13 SystemMonitor.Service.Worker Worker running at: "2025-08-22T05:01:08.9045942+08:00"&#xD;
[xUnit.net 00:00:02.77]       2025-08-22 05:01:09.905 +08:00 [INF] DESKTOP-J6M8022 34864/12 SystemMonitor.Service.Worker Worker running at: "2025-08-22T05:01:09.9059497+08:00"&#xD;
[xUnit.net 00:00:02.77]       2025-08-22 05:01:10.910 +08:00 [INF] DESKTOP-J6M8022 34864/8 SystemMonitor.Service.Worker Worker running at: "2025-08-22T05:01:10.9104565+08:00"&#xD;
[xUnit.net 00:00:02.77]       2025-08-22 05:01:11.913 +08:00 [INF] DESKTOP-J6M8022 34864/12 SystemMonitor.Service.Worker Worker running at: "2025-08-22T05:01:11.9132884+08:00"&#xD;
[xUnit.net 00:00:02.77]       2025-08-22 05:01:12.917 +08:00 [INF] DESKTOP-J6M8022 34864/8 SystemMonitor.Service.Worker Worker running at: "2025-08-22T05:01:12.9173706+08:00"&#xD;
[xUnit.net 00:00:02.77]       2025-08-22 05:01:13.103 +08:00 [INF] DESKTOP-J6M8022 34864/8 SystemMonitor.Service.Services.RpcHostedService 客户端已连接&#xD;
[xUnit.net 00:00:02.77]       2025-08-22 05:01:13.103 +08:00 [INF] DESKTOP-J6M8022 34864/8 SystemMonitor.Service.Services.RpcHostedService 客户端会话建立: conn="8c8ff938-4ec2-4b63-94b8-07d74318db55"&#xD;
[xUnit.net 00:00:02.77]       2025-08-22 05:01:13.107 +08:00 [INF] DESKTOP-J6M8022 34864/12 SystemMonitor.Service.Services.RpcHostedService 客户端断开：已达到流的结尾。 conn="8c8ff938-4ec2-4b63-94b8-07d74318db55"&#xD;
[xUnit.net 00:00:02.77]       2025-08-22 05:01:13.395 +08:00 [INF] DESKTOP-J6M8022 34864/8 SystemMonitor.Service.Services.RpcHostedService 客户端已连接&#xD;
[xUnit.net 00:00:02.77]       2025-08-22 05:01:13.395 +08:00 [INF] DESKTOP-J6M8022 34864/8 SystemMonitor.Service.Services.RpcHostedService 客户端会话建立: conn="0d0e45ce-49cf-483b-8035-5df65c66b336"&#xD;
[xUnit.net 00:00:02.77]       2025-08-22 05:01:13.409 +08:00 [INF] DESKTOP-J6M8022 34864/8 SystemMonitor.Service.Services.RpcHostedService snapshot called, modules=*&#xD;
[xUnit.net 00:00:02.77]       2025-08-22 05:01:13.415 +08:00 [INF] DESKTOP-J6M8022 34864/12 SystemMonitor.Service.Services.RpcHostedService 客户端断开：已达到流的结尾。 conn="0d0e45ce-49cf-483b-8035-5df65c66b336"&#xD;
[xUnit.net 00:00:02.77]       2025-08-22 05:01:13.923 +08:00 [INF] DESKTOP-J6M8022 34864/14 SystemMonitor.Service.Worker Worker running at: "2025-08-22T05:01:13.9232807+08:00"&#xD;
[xUnit.net 00:00:02.77]       2025-08-22 05:01:14.929 +08:00 [INF] DESKTOP-J6M8022 34864/12 SystemMonitor.Service.Worker Worker running at: "2025-08-22T05:01:14.9292827+08:00"&#xD;
[xUnit.net 00:00:02.77]       2025-08-22 05:01:15.932 +08:00 [INF] DESKTOP-J6M8022 34864/8 SystemMonitor.Service.Worker Worker running at: "2025-08-22T05:01:15.9326500+08:00"&#xD;
[xUnit.net 00:00:02.77]       2025-08-22 05:01:16.939 +08:00 [INF] DESKTOP-J6M8022 34864/14 SystemMonitor.Service.Worker Worker running at: "2025-08-22T05:01:16.9393680+08:00"&#xD;
[xUnit.net 00:00:02.77]       2025-08-22 05:01:17.943 +08:00 [INF] DESKTOP-J6M8022 34864/8 SystemMonitor.Service.Worker Worker running at: "2025-08-22T05:01:17.9432416+08:00"&#xD;
[xUnit.net 00:00:02.77]       2025-08-22 05:01:18.116 +08:00 [INF] DESKTOP-J6M8022 34864/8 SystemMonitor.Service.Services.RpcHostedService 客户端已连接&#xD;
[xUnit.net 00:00:02.77]       2025-08-22 05:01:18.116 +08:00 [INF] DESKTOP-J6M8022 34864/8 SystemMonitor.Service.Services.RpcHostedService 客户端会话建立: conn="4caa660b-18e4-4979-bebe-31bdd3b07642"&#xD;
[xUnit.net 00:00:02.77]       2025-08-22 05:01:18.119 +08:00 [INF] DESKTOP-J6M8022 34864/12 SystemMonitor.Service.Services.RpcHostedService 客户端断开：已达到流的结尾。 conn="4caa660b-18e4-4979-bebe-31bdd3b07642"&#xD;
[xUnit.net 00:00:02.77]       2025-08-22 05:01:18.947 +08:00 [INF] DESKTOP-J6M8022 34864/8 SystemMonitor.Service.Worker Worker running at: "2025-08-22T05:01:18.9470563+08:00"&#xD;
[xUnit.net 00:00:02.77]       2025-08-22 05:01:19.950 +08:00 [INF] DESKTOP-J6M8022 34864/8 SystemMonitor.Service.Worker Worker running at: "2025-08-22T05:01:19.9501774+08:00"&#xD;
[xUnit.net 00:00:02.77]       2025-08-22 05:01:20.958 +08:00 [INF] DESKTOP-J6M8022 34864/8 SystemMonitor.Service.Worker Worker running at: "2025-08-22T05:01:20.9579718+08:00"&#xD;
[xUnit.net 00:00:02.77]       2025-08-22 05:01:21.959 +08:00 [INF] DESKTOP-J6M8022 34864/14 SystemMonitor.Service.Worker Worker running at: "2025-08-22T05:01:21.9594726+08:00"&#xD;
[xUnit.net 00:00:02.77]       2025-08-22 05:01:22.963 +08:00 [INF] DESKTOP-J6M8022 34864/8 SystemMonitor.Service.Worker Worker running at: "2025-08-22T05:01:22.9634519+08:00"&#xD;
[xUnit.net 00:00:02.77]       2025-08-22 05:01:23.105 +08:00 [INF] DESKTOP-J6M8022 34864/8 SystemMonitor.Service.Services.RpcHostedService 客户端已连接&#xD;
[xUnit.net 00:00:02.77]       2025-08-22 05:01:23.105 +08:00 [INF] DESKTOP-J6M8022 34864/8 SystemMonitor.Service.Services.RpcHostedService 客户端会话建立: conn="8639769c-80fa-407f-b9a9-4050afd76198"&#xD;
[xUnit.net 00:00:02.77]       2025-08-22 05:01:23.107 +08:00 [INF] DESKTOP-J6M8022 34864/14 SystemMonitor.Service.Services.RpcHostedService 客户端断开：已达到流的结尾。 conn="8639769c-80fa-407f-b9a9-4050afd76198"&#xD;
[xUnit.net 00:00:02.77]       2025-08-22 05:01:23.971 +08:00 [INF] DESKTOP-J6M8022 34864/11 SystemMonitor.Service.Worker Worker running at: "2025-08-22T05:01:23.9715344+08:00"&#xD;
[xUnit.net 00:00:02.77]       2025-08-22 05:01:24.982 +08:00 [INF] DESKTOP-J6M8022 34864/11 SystemMonitor.Service.Worker Worker running at: "2025-08-22T05:01:24.9819615+08:00"&#xD;
[xUnit.net 00:00:02.77]       2025-08-22 05:01:25.994 +08:00 [INF] DESKTOP-J6M8022 34864/11 SystemMonitor.Service.Worker Worker running at: "2025-08-22T05:01:25.9941989+08:00"&#xD;
[xUnit.net 00:00:02.77]       2025-08-22 05:01:26.999 +08:00 [INF] DESKTOP-J6M8022 34864/8 SystemMonitor.Service.Worker Worker running at: "2025-08-22T05:01:26.9999359+08:00"&#xD;
[xUnit.net 00:00:02.78]       2025-08-22 05:01:28.013 +08:00 [INF] DESKTOP-J6M8022 34864/11 SystemMonitor.Service.Worker Worker running at: "2025-08-22T05:01:28.0133025+08:00"&#xD;
[xUnit.net 00:00:02.78]       2025-08-22 05:01:28.109 +08:00 [INF] DESKTOP-J6M8022 34864/11 SystemMonitor.Service.Services.RpcHostedService 客户端已连接&#xD;
[xUnit.net 00:00:02.78]       2025-08-22 05:01:28.109 +08:00 [INF] DESKTOP-J6M8022 34864/11 SystemMonitor.Service.Services.RpcHostedService 客户端会话建立: conn="fda2e581-c0a4-4aa4-a5e0-11787ca179bd"&#xD;
[xUnit.net 00:00:02.78]       2025-08-22 05:01:28.112 +08:00 [INF] DESKTOP-J6M8022 34864/11 SystemMonitor.Service.Services.RpcHostedService 客户端断开：已达到流的结尾。 conn="fda2e581-c0a4-4aa4-a5e0-11787ca179bd"&#xD;
[xUnit.net 00:00:02.78]       2025-08-22 05:01:29.018 +08:00 [INF] DESKTOP-J6M8022 34864/11 SystemMonitor.Service.Worker Worker running at: "2025-08-22T05:01:29.0183364+08:00"&#xD;
[xUnit.net 00:00:02.78]       2025-08-22 05:01:30.019 +08:00 [INF] DESKTOP-J6M8022 34864/8 SystemMonitor.Service.Worker Worker running at: "2025-08-22T05:01:30.0195935+08:00"&#xD;
[xUnit.net 00:00:02.78]       2025-08-22 05:01:31.026 +08:00 [INF] DESKTOP-J6M8022 34864/8 SystemMonitor.Service.Worker Worker running at: "2025-08-22T05:01:31.0262398+08:00"&#xD;
[xUnit.net 00:00:02.78]       2025-08-22 05:01:32.031 +08:00 [INF] DESKTOP-J6M8022 34864/12 SystemMonitor.Service.Worker Worker running at: "2025-08-22T05:01:32.0310132+08:00"&#xD;
[xUnit.net 00:00:02.78]       2025-08-22 05:01:33.035 +08:00 [INF] DESKTOP-J6M8022 34864/12 SystemMonitor.Service.Worker Worker running at: "2025-08-22T05:01:33.0357910+08:00"&#xD;
[xUnit.net 00:00:02.78]       2025-08-22 05:01:33.116 +08:00 [INF] DESKTOP-J6M8022 34864/12 SystemMonitor.Service.Services.RpcHostedService 客户端已连接&#xD;
[xUnit.net 00:00:02.78]       2025-08-22 05:01:33.116 +08:00 [INF] DESKTOP-J6M8022 34864/12 SystemMonitor.Service.Services.RpcHostedService 客户端会话建立: conn="34e1094f-2d5d-4eb2-b05a-37c0e40cc011"&#xD;
[xUnit.net 00:00:02.78]       2025-08-22 05:01:33.119 +08:00 [INF] DESKTOP-J6M8022 34864/8 SystemMonitor.Service.Services.RpcHostedService 客户端断开：已达到流的结尾。 conn="34e1094f-2d5d-4eb2-b05a-37c0e40cc011"&#xD;
[xUnit.net 00:00:02.78]       2025-08-22 05:01:34.041 +08:00 [INF] DESKTOP-J6M8022 34864/8 SystemMonitor.Service.Worker Worker running at: "2025-08-22T05:01:34.0416262+08:00"&#xD;
[xUnit.net 00:00:02.78]       2025-08-22 05:01:35.045 +08:00 [INF] DESKTOP-J6M8022 34864/8 SystemMonitor.Service.Worker Worker running at: "2025-08-22T05:01:35.0457088+08:00"&#xD;
[xUnit.net 00:00:02.78]       2025-08-22 05:01:36.047 +08:00 [INF] DESKTOP-J6M8022 34864/12 SystemMonitor.Service.Worker Worker running at: "2025-08-22T05:01:36.0479378+08:00"&#xD;
[xUnit.net 00:00:02.78]       2025-08-22 05:01:37.050 +08:00 [INF] DESKTOP-J6M8022 34864/12 SystemMonitor.Service.Worker Worker running at: "2025-08-22T05:01:37.0504892+08:00"&#xD;
[xUnit.net 00:00:02.78]       2025-08-22 05:01:38.061 +08:00 [INF] DESKTOP-J6M8022 34864/14 SystemMonitor.Service.Worker Worker running at: "2025-08-22T05:01:38.0614429+08:00"&#xD;
[xUnit.net 00:00:02.78]       2025-08-22 05:01:38.110 +08:00 [INF] DESKTOP-J6M8022 34864/12 SystemMonitor.Service.Services.RpcHostedService 客户端已连接&#xD;
[xUnit.net 00:00:02.78]       2025-08-22 05:01:38.110 +08:00 [INF] DESKTOP-J6M8022 34864/12 SystemMonitor.Service.Services.RpcHostedService 客户端会话建立: conn="06117a62-6040-4241-9927-358af4226d43"&#xD;
[xUnit.net 00:00:02.78]       2025-08-22 05:01:38.113 +08:00 [INF] DESKTOP-J6M8022 34864/14 SystemMonitor.Service.Services.RpcHostedService 客户端断开：已达到流的结尾。 conn="06117a62-6040-4241-9927-358af4226d43"&#xD;
[xUnit.net 00:00:02.78]       2025-08-22 05:01:39.064 +08:00 [INF] DESKTOP-J6M8022 34864/14 SystemMonitor.Service.Worker Worker running at: "2025-08-22T05:01:39.0644324+08:00"&#xD;
[xUnit.net 00:00:02.78]       2025-08-22 05:01:40.069 +08:00 [INF] DESKTOP-J6M8022 34864/8 SystemMonitor.Service.Worker Worker running at: "2025-08-22T05:01:40.0698228+08:00"&#xD;
[xUnit.net 00:00:02.78]       2025-08-22 05:01:41.072 +08:00 [INF] DESKTOP-J6M8022 34864/8 SystemMonitor.Service.Worker Worker running at: "2025-08-22T05:01:41.0721700+08:00"&#xD;
[xUnit.net 00:00:02.78]       2025-08-22 05:01:42.086 +08:00 [INF] DESKTOP-J6M8022 34864/11 SystemMonitor.Service.Worker Worker running at: "2025-08-22T05:01:42.0860513+08:00"&#xD;
[xUnit.net 00:00:02.78]       2025-08-22 05:01:43.101 +08:00 [INF] DESKTOP-J6M8022 34864/8 SystemMonitor.Service.Worker Worker running at: "2025-08-22T05:01:43.1011436+08:00"&#xD;
[xUnit.net 00:00:02.78]       2025-08-22 05:01:43.105 +08:00 [INF] DESKTOP-J6M8022 34864/9 SystemMonitor.Service.Services.RpcHostedService 客户端已连接&#xD;
[xUnit.net 00:00:02.78]       2025-08-22 05:01:43.105 +08:00 [INF] DESKTOP-J6M8022 34864/9 SystemMonitor.Service.Services.RpcHostedService 客户端会话建立: conn="860b5ccb-a321-4101-b6d7-ba8cfd17c2fa"&#xD;
[xUnit.net 00:00:02.78]       2025-08-22 05:01:43.109 +08:00 [INF] DESKTOP-J6M8022 34864/8 SystemMonitor.Service.Services.RpcHostedService 客户端断开：已达到流的结尾。 conn="860b5ccb-a321-4101-b6d7-ba8cfd17c2fa"&#xD;
[xUnit.net 00:00:02.78]       2025-08-22 05:01:43.386 +08:00 [INF] DESKTOP-J6M8022 34864/11 SystemMonitor.Service.Services.RpcHostedService 客户端已连接&#xD;
[xUnit.net 00:00:02.78]       2025-08-22 05:01:43.386 +08:00 [INF] DESKTOP-J6M8022 34864/11 SystemMonitor.Service.Services.RpcHostedService 客户端会话建立: conn="7103465a-6b36-49d0-b971-0765ff27b367"&#xD;
[xUnit.net 00:00:02.78]       2025-08-22 05:01:43.387 +08:00 [INF] DESKTOP-J6M8022 34864/11 SystemMonitor.Service.Services.RpcHostedService snapshot called, modules=*&#xD;
[xUnit.net 00:00:02.78]       2025-08-22 05:01:43.394 +08:00 [INF] DESKTOP-J6M8022 34864/14 SystemMonitor.Service.Services.RpcHostedService 客户端断开：已达到流的结尾。 conn="7103465a-6b36-49d0-b971-0765ff27b367"&#xD;
[xUnit.net 00:00:02.78]       2025-08-22 05:01:44.107 +08:00 [INF] DESKTOP-J6M8022 34864/11 SystemMonitor.Service.Worker Worker running at: "2025-08-22T05:01:44.1078485+08:00"&#xD;
[xUnit.net 00:00:02.78]       2025-08-22 05:01:45.116 +08:00 [INF] DESKTOP-J6M8022 34864/8 SystemMonitor.Service.Worker Worker running at: "2025-08-22T05:01:45.1165225+08:00"&#xD;
[xUnit.net 00:00:02.78]       2025-08-22 05:01:46.125 +08:00 [INF] DESKTOP-J6M8022 34864/8 SystemMonitor.Service.Worker Worker running at: "2025-08-22T05:01:46.1259467+08:00"&#xD;
[xUnit.net 00:00:02.78]       2025-08-22 05:01:47.131 +08:00 [INF] DESKTOP-J6M8022 34864/8 SystemMonitor.Service.Worker Worker running at: "2025-08-22T05:01:47.1319177+08:00"&#xD;
[xUnit.net 00:00:02.78]       2025-08-22 05:01:48.110 +08:00 [INF] DESKTOP-J6M8022 34864/9 SystemMonitor.Service.Services.RpcHostedService 客户端已连接&#xD;
[xUnit.net 00:00:02.78]       2025-08-22 05:01:48.111 +08:00 [INF] DESKTOP-J6M8022 34864/9 SystemMonitor.Service.Services.RpcHostedService 客户端会话建立: conn="dc929a0f-2511-48c2-b921-bb00e3b2d95e"&#xD;
[xUnit.net 00:00:02.78]       2025-08-22 05:01:48.113 +08:00 [INF] DESKTOP-J6M8022 34864/9 SystemMonitor.Service.Services.RpcHostedService 客户端断开：已达到流的结尾。 conn="dc929a0f-2511-48c2-b921-bb00e3b2d95e"&#xD;
[xUnit.net 00:00:02.78]       2025-08-22 05:01:48.139 +08:00 [INF] DESKTOP-J6M8022 34864/9 SystemMonitor.Service.Worker Worker running at: "2025-08-22T05:01:48.1397480+08:00"&#xD;
[xUnit.net 00:00:02.78]       2025-08-22 05:01:49.149 +08:00 [INF] DESKTOP-J6M8022 34864/9 SystemMonitor.Service.Worker Worker running at: "2025-08-22T05:01:49.1490602+08:00"&#xD;
[xUnit.net 00:00:02.78]       2025-08-22 05:01:50.156 +08:00 [INF] DESKTOP-J6M8022 34864/9 SystemMonitor.Service.Worker Worker running at: "2025-08-22T05:01:50.1565687+08:00"&#xD;
[xUnit.net 00:00:02.78]       2025-08-22 05:01:51.163 +08:00 [INF] DESKTOP-J6M8022 34864/8 SystemMonitor.Service.Worker Worker running at: "2025-08-22T05:01:51.1638742+08:00"&#xD;
[xUnit.net 00:00:02.78]       2025-08-22 05:01:52.175 +08:00 [INF] DESKTOP-J6M8022 34864/8 SystemMonitor.Service.Worker Worker running at: "2025-08-22T05:01:52.1751866+08:00"&#xD;
[xUnit.net 00:00:02.78]       2025-08-22 05:01:53.106 +08:00 [INF] DESKTOP-J6M8022 34864/8 SystemMonitor.Service.Services.RpcHostedService 客户端已连接&#xD;
[xUnit.net 00:00:02.78]       2025-08-22 05:01:53.106 +08:00 [INF] DESKTOP-J6M8022 34864/8 SystemMonitor.Service.Services.RpcHostedService 客户端会话建立: conn="cf08e297-f8bc-42e5-a912-8cdf3760d104"&#xD;
[xUnit.net 00:00:02.78]       2025-08-22 05:01:53.109 +08:00 [INF] DESKTOP-J6M8022 34864/14 SystemMonitor.Service.Services.RpcHostedService 客户端断开：已达到流的结尾。 conn="cf08e297-f8bc-42e5-a912-8cdf3760d104"&#xD;
[xUnit.net 00:00:02.78]       2025-08-22 05:01:53.183 +08:00 [INF] DESKTOP-J6M8022 34864/12 SystemMonitor.Service.Worker Worker running at: "2025-08-22T05:01:53.1832976+08:00"&#xD;
[xUnit.net 00:00:02.78]       2025-08-22 05:01:54.188 +08:00 [INF] DESKTOP-J6M8022 34864/12 SystemMonitor.Service.Worker Worker running at: "2025-08-22T05:01:54.1886519+08:00"&#xD;
[xUnit.net 00:00:02.78]       2025-08-22 05:01:55.189 +08:00 [INF] DESKTOP-J6M8022 34864/12 SystemMonitor.Service.Worker Worker running at: "2025-08-22T05:01:55.1890118+08:00"&#xD;
[xUnit.net 00:00:02.78]       2025-08-22 05:01:56.201 +08:00 [INF] DESKTOP-J6M8022 34864/14 SystemMonitor.Service.Worker Worker running at: "2025-08-22T05:01:56.2011712+08:00"&#xD;
[xUnit.net 00:00:02.78]       2025-08-22 05:01:57.203 +08:00 [INF] DESKTOP-J6M8022 34864/12 SystemMonitor.Service.Worker Worker running at: "2025-08-22T05:01:57.2030740+08:00"&#xD;
[xUnit.net 00:00:02.78]       2025-08-22 05:01:58.150 +08:00 [INF] DESKTOP-J6M8022 34864/11 SystemMonitor.Service.Services.RpcHostedService 客户端已连接&#xD;
[xUnit.net 00:00:02.78]       2025-08-22 05:01:58.150 +08:00 [INF] DESKTOP-J6M8022 34864/11 SystemMonitor.Service.Services.RpcHostedService 客户端会话建立: conn="12ea3cb9-6e37-4a78-8a02-17ba9963b724"&#xD;
[xUnit.net 00:00:02.78]       2025-08-22 05:01:58.164 +08:00 [INF] DESKTOP-J6M8022 34864/14 SystemMonitor.Service.Services.RpcHostedService 客户端断开：已达到流的结尾。 conn="12ea3cb9-6e37-4a78-8a02-17ba9963b724"&#xD;
[xUnit.net 00:00:02.78]       2025-08-22 05:01:58.220 +08:00 [INF] DESKTOP-J6M8022 34864/14 SystemMonitor.Service.Worker Worker running at: "2025-08-22T05:01:58.2204087+08:00"&#xD;
[xUnit.net 00:00:02.78]       2025-08-22 05:01:59.232 +08:00 [INF] DESKTOP-J6M8022 34864/11 SystemMonitor.Service.Worker Worker running at: "2025-08-22T05:01:59.2321592+08:00"&#xD;
[xUnit.net 00:00:02.78]       2025-08-22 05:02:00.236 +08:00 [INF] DESKTOP-J6M8022 34864/14 SystemMonitor.Service.Worker Worker running at: "2025-08-22T05:02:00.2367533+08:00"&#xD;
[xUnit.net 00:00:02.78]       2025-08-22 05:02:01.245 +08:00 [INF] DESKTOP-J6M8022 34864/11 SystemMonitor.Service.Worker Worker running at: "2025-08-22T05:02:01.2451701+08:00"&#xD;
[xUnit.net 00:00:02.78]       2025-08-22 05:02:02.255 +08:00 [INF] DESKTOP-J6M8022 34864/11 SystemMonitor.Service.Worker Worker running at: "2025-08-22T05:02:02.2559126+08:00"&#xD;
[xUnit.net 00:00:02.78]       Stack Trace:&#xD;
[xUnit.net 00:00:02.78]         C:\code\sys-sensor-v3\src\SystemMonitor.Tests\EndToEndTests.cs(151,0): at SystemMonitor.Tests.EndToEndTests.WaitPipeReadyAsync(TimeSpan timeout)&#xD;
[xUnit.net 00:00:02.78]         C:\code\sys-sensor-v3\src\SystemMonitor.Tests\EndToEndTests.cs(278,0): at SystemMonitor.Tests.EndToEndTests.InitializeAsync()&#xD;
[svc][out] 正在生成...&#xD;
[test][pipe-wait] last-win32=2 elapsed=0.0s&#xD;
[test][pipe-wait] last-win32=2 elapsed=0.2s&#xD;
[test][pipe-wait] last-win32=2 elapsed=0.4s&#xD;
[test][pipe-wait] last-win32=2 elapsed=0.6s&#xD;
[test][pipe-wait] last-win32=2 elapsed=0.8s&#xD;
[test][pipe-wait] last-win32=2 elapsed=1.0s&#xD;
[test][pipe-wait] last-win32=2 elapsed=1.2s&#xD;
[test][pipe-wait] last-win32=2 elapsed=1.4s&#xD;
[svc][out] C:\code\sys-sensor-v3\src\SystemMonitor.Service\Services\RpcHostedService.cs(201,31): error CS0103: 当前上下文中不存在名称“TryCreateCounter�?[C:\code\sys-sensor-v3\src\SystemMonitor.Service\SystemMonitor.Service.csproj]&#xD;
[svc][out] C:\code\sys-sensor-v3\src\SystemMonitor.Service\Services\RpcHostedService.cs(203,35): error CS0103: 当前上下文中不存在名称“TryCreateCounter�?[C:\code\sys-sensor-v3\src\SystemMonitor.Service\SystemMonitor.Service.csproj]&#xD;
[svc][out] C:\code\sys-sensor-v3\src\SystemMonitor.Service\Program.cs(76,13): warning CA1416: 可在所有平台上访问此调用站点�?RpcHostedService" 仅在 'windows' 上受支持�?(https://learn.microsoft.com/dotnet/fundamentals/code-analysis/quality-rules/ca1416) [C:\code\sys-sensor-v3\src\SystemMonitor.Service\SystemMonitor.Service.csproj]&#xD;
[svc][err] 生成失败。请修复生成错误并重新运行�?&#xD;
[xUnit.net 00:00:04.95]       System.InvalidOperationException : Service exited while waiting for pipe. Code=1. Tail:
[svc][out] 姝ｅ湪鐢熸垚...&#xD;
[xUnit.net 00:00:04.95]       [svc][out] C:\code\sys-sensor-v3\src\SystemMonitor.Service\Services\RpcHostedService.cs(201,31): error CS0103: 褰撳墠涓婁笅鏂囦腑涓嶅瓨鍦ㄥ悕绉扳€淭ryCreateCounter鈥?[C:\code\sys-sensor-v3\src\SystemMonitor.Service\SystemMonitor.Service.csproj]&#xD;
[xUnit.net 00:00:04.95]       [svc][out] C:\code\sys-sensor-v3\src\SystemMonitor.Service\Services\RpcHostedService.cs(203,35): error CS0103: 褰撳墠涓婁笅鏂囦腑涓嶅瓨鍦ㄥ悕绉扳€淭ryCreateCounter鈥?[C:\code\sys-sensor-v3\src\SystemMonitor.Service\SystemMonitor.Service.csproj]&#xD;
[xUnit.net 00:00:04.95]       [svc][out] C:\code\sys-sensor-v3\src\SystemMonitor.Service\Program.cs(76,13): warning CA1416: 鍙湪鎵€鏈夊钩鍙颁笂璁块棶姝よ皟鐢ㄧ珯鐐广€?RpcHostedService" 浠呭湪 'windows' 涓婂彈鏀寔銆?(https://learn.microsoft.com/dotnet/fundamentals/code-analysis/quality-rules/ca1416) [C:\code\sys-sensor-v3\src\SystemMonitor.Service\SystemMonitor.Service.csproj]&#xD;
[xUnit.net 00:00:04.95]       [svc][err] 鐢熸垚澶辫触銆傝淇鐢熸垚閿欒骞堕噸鏂拌繍琛屻€?
[file-log-tail]
2025-08-22 05:00:07.505 +08:00 [INF] DESKTOP-J6M8022 34864/11 SystemMonitor.Service.Worker Worker running at: "2025-08-22T05:00:07.5059406+08:00"&#xD;
[xUnit.net 00:00:04.95]       2025-08-22 05:00:08.115 +08:00 [INF] DESKTOP-J6M8022 34864/11 SystemMonitor.Service.Services.RpcHostedService 客户端已连接&#xD;
[xUnit.net 00:00:04.95]       2025-08-22 05:00:08.115 +08:00 [INF] DESKTOP-J6M8022 34864/11 SystemMonitor.Service.Services.RpcHostedService 客户端会话建立: conn="3ebaf5c9-7a90-4c1f-8d06-77e4b9511b6b"&#xD;
[xUnit.net 00:00:04.95]       2025-08-22 05:00:08.119 +08:00 [INF] DESKTOP-J6M8022 34864/11 SystemMonitor.Service.Services.RpcHostedService 客户端断开：已达到流的结尾。 conn="3ebaf5c9-7a90-4c1f-8d06-77e4b9511b6b"&#xD;
[xUnit.net 00:00:04.95]       2025-08-22 05:00:08.515 +08:00 [INF] DESKTOP-J6M8022 34864/11 SystemMonitor.Service.Worker Worker running at: "2025-08-22T05:00:08.5155952+08:00"&#xD;
[xUnit.net 00:00:04.95]       2025-08-22 05:00:09.524 +08:00 [INF] DESKTOP-J6M8022 34864/9 SystemMonitor.Service.Worker Worker running at: "2025-08-22T05:00:09.5241284+08:00"&#xD;
[xUnit.net 00:00:04.95]       2025-08-22 05:00:10.532 +08:00 [INF] DESKTOP-J6M8022 34864/8 SystemMonitor.Service.Worker Worker running at: "2025-08-22T05:00:10.5324730+08:00"&#xD;
[xUnit.net 00:00:04.95]       2025-08-22 05:00:11.535 +08:00 [INF] DESKTOP-J6M8022 34864/12 SystemMonitor.Service.Worker Worker running at: "2025-08-22T05:00:11.5357528+08:00"&#xD;
[xUnit.net 00:00:04.95]       2025-08-22 05:00:12.548 +08:00 [INF] DESKTOP-J6M8022 34864/8 SystemMonitor.Service.Worker Worker running at: "2025-08-22T05:00:12.5481912+08:00"&#xD;
[xUnit.net 00:00:04.95]       2025-08-22 05:00:13.107 +08:00 [INF] DESKTOP-J6M8022 34864/12 SystemMonitor.Service.Services.RpcHostedService 客户端已连接&#xD;
[xUnit.net 00:00:04.95]       2025-08-22 05:00:13.107 +08:00 [INF] DESKTOP-J6M8022 34864/12 SystemMonitor.Service.Services.RpcHostedService 客户端会话建立: conn="27a81c38-4647-493a-8fb8-8f2e144087dc"&#xD;
[xUnit.net 00:00:04.95]       2025-08-22 05:00:13.111 +08:00 [INF] DESKTOP-J6M8022 34864/11 SystemMonitor.Service.Services.RpcHostedService 客户端断开：已达到流的结尾。 conn="27a81c38-4647-493a-8fb8-8f2e144087dc"&#xD;
[xUnit.net 00:00:04.95]       2025-08-22 05:00:13.384 +08:00 [INF] DESKTOP-J6M8022 34864/8 SystemMonitor.Service.Services.RpcHostedService 客户端已连接&#xD;
[xUnit.net 00:00:04.95]       2025-08-22 05:00:13.384 +08:00 [INF] DESKTOP-J6M8022 34864/8 SystemMonitor.Service.Services.RpcHostedService 客户端会话建立: conn="25e61bd6-9b34-4b1b-8730-8dd26623668c"&#xD;
[xUnit.net 00:00:04.95]       2025-08-22 05:00:13.405 +08:00 [INF] DESKTOP-J6M8022 34864/8 SystemMonitor.Service.Services.RpcHostedService snapshot called, modules=*&#xD;
[xUnit.net 00:00:04.95]       2025-08-22 05:00:13.408 +08:00 [INF] DESKTOP-J6M8022 34864/9 SystemMonitor.Service.Services.RpcHostedService 客户端断开：已达到流的结尾。 conn="25e61bd6-9b34-4b1b-8730-8dd26623668c"&#xD;
[xUnit.net 00:00:04.95]       2025-08-22 05:00:13.551 +08:00 [INF] DESKTOP-J6M8022 34864/12 SystemMonitor.Service.Worker Worker running at: "2025-08-22T05:00:13.5519178+08:00"&#xD;
[xUnit.net 00:00:04.95]       2025-08-22 05:00:14.561 +08:00 [INF] DESKTOP-J6M8022 34864/8 SystemMonitor.Service.Worker Worker running at: "2025-08-22T05:00:14.5613344+08:00"&#xD;
[xUnit.net 00:00:04.95]       2025-08-22 05:00:15.574 +08:00 [INF] DESKTOP-J6M8022 34864/8 SystemMonitor.Service.Worker Worker running at: "2025-08-22T05:00:15.5741996+08:00"&#xD;
[xUnit.net 00:00:04.95]       2025-08-22 05:00:16.580 +08:00 [INF] DESKTOP-J6M8022 34864/12 SystemMonitor.Service.Worker Worker running at: "2025-08-22T05:00:16.5802431+08:00"&#xD;
[xUnit.net 00:00:04.95]       2025-08-22 05:00:17.583 +08:00 [INF] DESKTOP-J6M8022 34864/12 SystemMonitor.Service.Worker Worker running at: "2025-08-22T05:00:17.5832737+08:00"&#xD;
[xUnit.net 00:00:04.95]       2025-08-22 05:00:18.114 +08:00 [INF] DESKTOP-J6M8022 34864/11 SystemMonitor.Service.Services.RpcHostedService 客户端已连接&#xD;
[xUnit.net 00:00:04.95]       2025-08-22 05:00:18.114 +08:00 [INF] DESKTOP-J6M8022 34864/11 SystemMonitor.Service.Services.RpcHostedService 客户端会话建立: conn="8619790b-69c5-445b-ab8d-8526df618427"&#xD;
[xUnit.net 00:00:04.95]       2025-08-22 05:00:18.116 +08:00 [INF] DESKTOP-J6M8022 34864/12 SystemMonitor.Service.Services.RpcHostedService 客户端断开：已达到流的结尾。 conn="8619790b-69c5-445b-ab8d-8526df618427"&#xD;
[xUnit.net 00:00:04.95]       2025-08-22 05:00:18.595 +08:00 [INF] DESKTOP-J6M8022 34864/11 SystemMonitor.Service.Worker Worker running at: "2025-08-22T05:00:18.5953464+08:00"&#xD;
[xUnit.net 00:00:04.95]       2025-08-22 05:00:19.605 +08:00 [INF] DESKTOP-J6M8022 34864/11 SystemMonitor.Service.Worker Worker running at: "2025-08-22T05:00:19.6052530+08:00"&#xD;
[xUnit.net 00:00:04.95]       2025-08-22 05:00:20.613 +08:00 [INF] DESKTOP-J6M8022 34864/13 SystemMonitor.Service.Worker Worker running at: "2025-08-22T05:00:20.6131263+08:00"&#xD;
[xUnit.net 00:00:04.95]       2025-08-22 05:00:21.613 +08:00 [INF] DESKTOP-J6M8022 34864/11 SystemMonitor.Service.Worker Worker running at: "2025-08-22T05:00:21.6130098+08:00"&#xD;
[xUnit.net 00:00:04.95]       2025-08-22 05:00:22.624 +08:00 [INF] DESKTOP-J6M8022 34864/13 SystemMonitor.Service.Worker Worker running at: "2025-08-22T05:00:22.6244940+08:00"&#xD;
[xUnit.net 00:00:04.95]       2025-08-22 05:00:23.105 +08:00 [INF] DESKTOP-J6M8022 34864/13 SystemMonitor.Service.Services.RpcHostedService 客户端已连接&#xD;
[xUnit.net 00:00:04.95]       2025-08-22 05:00:23.105 +08:00 [INF] DESKTOP-J6M8022 34864/13 SystemMonitor.Service.Services.RpcHostedService 客户端会话建立: conn="849f5c90-811a-4eb3-97ea-73e1b9d03257"&#xD;
[xUnit.net 00:00:04.95]       2025-08-22 05:00:23.108 +08:00 [INF] DESKTOP-J6M8022 34864/8 SystemMonitor.Service.Services.RpcHostedService 客户端断开：已达到流的结尾。 conn="849f5c90-811a-4eb3-97ea-73e1b9d03257"&#xD;
[xUnit.net 00:00:04.95]       2025-08-22 05:00:23.627 +08:00 [INF] DESKTOP-J6M8022 34864/13 SystemMonitor.Service.Worker Worker running at: "2025-08-22T05:00:23.6275367+08:00"&#xD;
[xUnit.net 00:00:04.95]       2025-08-22 05:00:24.631 +08:00 [INF] DESKTOP-J6M8022 34864/8 SystemMonitor.Service.Worker Worker running at: "2025-08-22T05:00:24.6319373+08:00"&#xD;
[xUnit.net 00:00:04.95]       2025-08-22 05:00:25.643 +08:00 [INF] DESKTOP-J6M8022 34864/13 SystemMonitor.Service.Worker Worker running at: "2025-08-22T05:00:25.6437810+08:00"&#xD;
[xUnit.net 00:00:04.95]       2025-08-22 05:00:26.649 +08:00 [INF] DESKTOP-J6M8022 34864/10 SystemMonitor.Service.Worker Worker running at: "2025-08-22T05:00:26.6498268+08:00"&#xD;
[xUnit.net 00:00:04.96]       2025-08-22 05:00:27.653 +08:00 [INF] DESKTOP-J6M8022 34864/13 SystemMonitor.Service.Worker Worker running at: "2025-08-22T05:00:27.6536723+08:00"&#xD;
[xUnit.net 00:00:04.96]       2025-08-22 05:00:28.104 +08:00 [INF] DESKTOP-J6M8022 34864/13 SystemMonitor.Service.Services.RpcHostedService 客户端已连接&#xD;
[xUnit.net 00:00:04.96]       2025-08-22 05:00:28.104 +08:00 [INF] DESKTOP-J6M8022 34864/13 SystemMonitor.Service.Services.RpcHostedService 客户端会话建立: conn="58087a9a-4fe9-4ab7-893a-962c7c34de4d"&#xD;
[xUnit.net 00:00:04.96]       2025-08-22 05:00:28.108 +08:00 [INF] DESKTOP-J6M8022 34864/10 SystemMonitor.Service.Services.RpcHostedService 客户端断开：已达到流的结尾。 conn="58087a9a-4fe9-4ab7-893a-962c7c34de4d"&#xD;
[xUnit.net 00:00:04.96]       2025-08-22 05:00:28.658 +08:00 [INF] DESKTOP-J6M8022 34864/10 SystemMonitor.Service.Worker Worker running at: "2025-08-22T05:00:28.6580477+08:00"&#xD;
[xUnit.net 00:00:04.96]       2025-08-22 05:00:29.667 +08:00 [INF] DESKTOP-J6M8022 34864/10 SystemMonitor.Service.Worker Worker running at: "2025-08-22T05:00:29.6670246+08:00"&#xD;
[xUnit.net 00:00:04.96]       2025-08-22 05:00:30.671 +08:00 [INF] DESKTOP-J6M8022 34864/11 SystemMonitor.Service.Worker Worker running at: "2025-08-22T05:00:30.6718324+08:00"&#xD;
[xUnit.net 00:00:04.96]       2025-08-22 05:00:31.677 +08:00 [INF] DESKTOP-J6M8022 34864/11 SystemMonitor.Service.Worker Worker running at: "2025-08-22T05:00:31.6773257+08:00"&#xD;
[xUnit.net 00:00:04.96]       2025-08-22 05:00:32.687 +08:00 [INF] DESKTOP-J6M8022 34864/8 SystemMonitor.Service.Worker Worker running at: "2025-08-22T05:00:32.6879602+08:00"&#xD;
[xUnit.net 00:00:04.96]       2025-08-22 05:00:33.104 +08:00 [INF] DESKTOP-J6M8022 34864/11 SystemMonitor.Service.Services.RpcHostedService 客户端已连接&#xD;
[xUnit.net 00:00:04.96]       2025-08-22 05:00:33.104 +08:00 [INF] DESKTOP-J6M8022 34864/11 SystemMonitor.Service.Services.RpcHostedService 客户端会话建立: conn="f2efc72f-7360-4d95-8499-7acad765c432"&#xD;
[xUnit.net 00:00:04.96]       2025-08-22 05:00:33.107 +08:00 [INF] DESKTOP-J6M8022 34864/11 SystemMonitor.Service.Services.RpcHostedService 客户端断开：已达到流的结尾。 conn="f2efc72f-7360-4d95-8499-7acad765c432"&#xD;
[xUnit.net 00:00:04.96]       2025-08-22 05:00:33.703 +08:00 [INF] DESKTOP-J6M8022 34864/8 SystemMonitor.Service.Worker Worker running at: "2025-08-22T05:00:33.7031716+08:00"&#xD;
[xUnit.net 00:00:04.96]       2025-08-22 05:00:34.705 +08:00 [INF] DESKTOP-J6M8022 34864/13 SystemMonitor.Service.Worker Worker running at: "2025-08-22T05:00:34.7053006+08:00"&#xD;
[xUnit.net 00:00:04.96]       2025-08-22 05:00:35.716 +08:00 [INF] DESKTOP-J6M8022 34864/11 SystemMonitor.Service.Worker Worker running at: "2025-08-22T05:00:35.7161477+08:00"&#xD;
[xUnit.net 00:00:04.96]       2025-08-22 05:00:36.721 +08:00 [INF] DESKTOP-J6M8022 34864/12 SystemMonitor.Service.Worker Worker running at: "2025-08-22T05:00:36.7213935+08:00"&#xD;
[xUnit.net 00:00:04.96]       2025-08-22 05:00:37.725 +08:00 [INF] DESKTOP-J6M8022 34864/12 SystemMonitor.Service.Worker Worker running at: "2025-08-22T05:00:37.7251514+08:00"&#xD;
[xUnit.net 00:00:04.96]       2025-08-22 05:00:38.118 +08:00 [INF] DESKTOP-J6M8022 34864/13 SystemMonitor.Service.Services.RpcHostedService 客户端已连接&#xD;
[xUnit.net 00:00:04.96]       2025-08-22 05:00:38.118 +08:00 [INF] DESKTOP-J6M8022 34864/13 SystemMonitor.Service.Services.RpcHostedService 客户端会话建立: conn="b439ecab-ffb2-4843-8f54-1844ad704c06"&#xD;
[xUnit.net 00:00:04.96]       2025-08-22 05:00:38.121 +08:00 [INF] DESKTOP-J6M8022 34864/13 SystemMonitor.Service.Services.RpcHostedService 客户端断开：已达到流的结尾。 conn="b439ecab-ffb2-4843-8f54-1844ad704c06"&#xD;
[xUnit.net 00:00:04.96]       2025-08-22 05:00:38.725 +08:00 [INF] DESKTOP-J6M8022 34864/8 SystemMonitor.Service.Worker Worker running at: "2025-08-22T05:00:38.7259519+08:00"&#xD;
[xUnit.net 00:00:04.96]       2025-08-22 05:00:39.740 +08:00 [INF] DESKTOP-J6M8022 34864/11 SystemMonitor.Service.Worker Worker running at: "2025-08-22T05:00:39.7403082+08:00"&#xD;
[xUnit.net 00:00:04.96]       2025-08-22 05:00:40.742 +08:00 [INF] DESKTOP-J6M8022 34864/11 SystemMonitor.Service.Worker Worker running at: "2025-08-22T05:00:40.7425737+08:00"&#xD;
[xUnit.net 00:00:04.96]       2025-08-22 05:00:41.745 +08:00 [INF] DESKTOP-J6M8022 34864/13 SystemMonitor.Service.Worker Worker running at: "2025-08-22T05:00:41.7451229+08:00"&#xD;
[xUnit.net 00:00:04.96]       2025-08-22 05:00:42.751 +08:00 [INF] DESKTOP-J6M8022 34864/11 SystemMonitor.Service.Worker Worker running at: "2025-08-22T05:00:42.7515665+08:00"&#xD;
[xUnit.net 00:00:04.96]       2025-08-22 05:00:43.110 +08:00 [INF] DESKTOP-J6M8022 34864/14 SystemMonitor.Service.Services.RpcHostedService 客户端已连接&#xD;
[xUnit.net 00:00:04.96]       2025-08-22 05:00:43.110 +08:00 [INF] DESKTOP-J6M8022 34864/14 SystemMonitor.Service.Services.RpcHostedService 客户端会话建立: conn="ec82b613-da05-4264-84fe-3fb03c945d2f"&#xD;
[xUnit.net 00:00:04.96]       2025-08-22 05:00:43.120 +08:00 [INF] DESKTOP-J6M8022 34864/9 SystemMonitor.Service.Services.RpcHostedService 客户端断开：已达到流的结尾。 conn="ec82b613-da05-4264-84fe-3fb03c945d2f"&#xD;
[xUnit.net 00:00:04.96]       2025-08-22 05:00:43.389 +08:00 [INF] DESKTOP-J6M8022 34864/13 SystemMonitor.Service.Services.RpcHostedService 客户端已连接&#xD;
[xUnit.net 00:00:04.96]       2025-08-22 05:00:43.389 +08:00 [INF] DESKTOP-J6M8022 34864/13 SystemMonitor.Service.Services.RpcHostedService 客户端会话建立: conn="2f7dc9d3-2402-4294-ba61-bc663df8cf82"&#xD;
[xUnit.net 00:00:04.96]       2025-08-22 05:00:43.398 +08:00 [INF] DESKTOP-J6M8022 34864/13 SystemMonitor.Service.Services.RpcHostedService snapshot called, modules=*&#xD;
[xUnit.net 00:00:04.96]       2025-08-22 05:00:43.407 +08:00 [INF] DESKTOP-J6M8022 34864/13 SystemMonitor.Service.Services.RpcHostedService 客户端断开：已达到流的结尾。 conn="2f7dc9d3-2402-4294-ba61-bc663df8cf82"&#xD;
[xUnit.net 00:00:04.96]       2025-08-22 05:00:43.756 +08:00 [INF] DESKTOP-J6M8022 34864/13 SystemMonitor.Service.Worker Worker running at: "2025-08-22T05:00:43.7565234+08:00"&#xD;
[xUnit.net 00:00:04.96]       2025-08-22 05:00:44.757 +08:00 [INF] DESKTOP-J6M8022 34864/11 SystemMonitor.Service.Worker Worker running at: "2025-08-22T05:00:44.7577675+08:00"&#xD;
[xUnit.net 00:00:04.96]       2025-08-22 05:00:45.762 +08:00 [INF] DESKTOP-J6M8022 34864/11 SystemMonitor.Service.Worker Worker running at: "2025-08-22T05:00:45.7627674+08:00"&#xD;
[xUnit.net 00:00:04.96]       2025-08-22 05:00:46.772 +08:00 [INF] DESKTOP-J6M8022 34864/11 SystemMonitor.Service.Worker Worker running at: "2025-08-22T05:00:46.7724296+08:00"&#xD;
[xUnit.net 00:00:04.96]       2025-08-22 05:00:47.772 +08:00 [INF] DESKTOP-J6M8022 34864/11 SystemMonitor.Service.Worker Worker running at: "2025-08-22T05:00:47.7724414+08:00"&#xD;
[xUnit.net 00:00:04.96]       2025-08-22 05:00:48.113 +08:00 [INF] DESKTOP-J6M8022 34864/11 SystemMonitor.Service.Services.RpcHostedService 客户端已连接&#xD;
[xUnit.net 00:00:04.96]       2025-08-22 05:00:48.113 +08:00 [INF] DESKTOP-J6M8022 34864/11 SystemMonitor.Service.Services.RpcHostedService 客户端会话建立: conn="0b57ec2b-be63-49bb-9b61-b642d4a6bad8"&#xD;
[xUnit.net 00:00:04.96]       2025-08-22 05:00:48.118 +08:00 [INF] DESKTOP-J6M8022 34864/11 SystemMonitor.Service.Services.RpcHostedService 客户端断开：已达到流的结尾。 conn="0b57ec2b-be63-49bb-9b61-b642d4a6bad8"&#xD;
[xUnit.net 00:00:04.96]       2025-08-22 05:00:48.786 +08:00 [INF] DESKTOP-J6M8022 34864/14 SystemMonitor.Service.Worker Worker running at: "2025-08-22T05:00:48.7861767+08:00"&#xD;
[xUnit.net 00:00:04.96]       2025-08-22 05:00:49.797 +08:00 [INF] DESKTOP-J6M8022 34864/14 SystemMonitor.Service.Worker Worker running at: "2025-08-22T05:00:49.7971060+08:00"&#xD;
[xUnit.net 00:00:04.96]       2025-08-22 05:00:50.810 +08:00 [INF] DESKTOP-J6M8022 34864/14 SystemMonitor.Service.Worker Worker running at: "2025-08-22T05:00:50.8103703+08:00"&#xD;
[xUnit.net 00:00:04.96]       2025-08-22 05:00:51.819 +08:00 [INF] DESKTOP-J6M8022 34864/14 SystemMonitor.Service.Worker Worker running at: "2025-08-22T05:00:51.8191149+08:00"&#xD;
[xUnit.net 00:00:04.96]       2025-08-22 05:00:52.832 +08:00 [INF] DESKTOP-J6M8022 34864/14 SystemMonitor.Service.Worker Worker running at: "2025-08-22T05:00:52.8322629+08:00"&#xD;
[xUnit.net 00:00:04.96]       2025-08-22 05:00:53.102 +08:00 [INF] DESKTOP-J6M8022 34864/14 SystemMonitor.Service.Services.RpcHostedService 客户端已连接&#xD;
[xUnit.net 00:00:04.96]       2025-08-22 05:00:53.102 +08:00 [INF] DESKTOP-J6M8022 34864/14 SystemMonitor.Service.Services.RpcHostedService 客户端会话建立: conn="a1d8b427-d708-44e2-9952-15a5a936e6af"&#xD;
[xUnit.net 00:00:04.96]       2025-08-22 05:00:53.105 +08:00 [INF] DESKTOP-J6M8022 34864/13 SystemMonitor.Service.Services.RpcHostedService 客户端断开：已达到流的结尾。 conn="a1d8b427-d708-44e2-9952-15a5a936e6af"&#xD;
[xUnit.net 00:00:04.96]       2025-08-22 05:00:53.839 +08:00 [INF] DESKTOP-J6M8022 34864/9 SystemMonitor.Service.Worker Worker running at: "2025-08-22T05:00:53.8390210+08:00"&#xD;
[xUnit.net 00:00:04.96]       2025-08-22 05:00:54.844 +08:00 [INF] DESKTOP-J6M8022 34864/9 SystemMonitor.Service.Worker Worker running at: "2025-08-22T05:00:54.8440332+08:00"&#xD;
[xUnit.net 00:00:04.96]       2025-08-22 05:00:55.849 +08:00 [INF] DESKTOP-J6M8022 34864/14 SystemMonitor.Service.Worker Worker running at: "2025-08-22T05:00:55.8498931+08:00"&#xD;
[xUnit.net 00:00:04.96]       2025-08-22 05:00:56.855 +08:00 [INF] DESKTOP-J6M8022 34864/12 SystemMonitor.Service.Worker Worker running at: "2025-08-22T05:00:56.8554623+08:00"&#xD;
[xUnit.net 00:00:04.96]       2025-08-22 05:00:57.861 +08:00 [INF] DESKTOP-J6M8022 34864/12 SystemMonitor.Service.Worker Worker running at: "2025-08-22T05:00:57.8610329+08:00"&#xD;
[xUnit.net 00:00:04.96]       2025-08-22 05:00:58.111 +08:00 [INF] DESKTOP-J6M8022 34864/8 SystemMonitor.Service.Services.RpcHostedService 客户端已连接&#xD;
[xUnit.net 00:00:04.96]       2025-08-22 05:00:58.111 +08:00 [INF] DESKTOP-J6M8022 34864/8 SystemMonitor.Service.Services.RpcHostedService 客户端会话建立: conn="667ed3f1-bd30-41e0-92ff-80608571c1ce"&#xD;
[xUnit.net 00:00:04.96]       2025-08-22 05:00:58.116 +08:00 [INF] DESKTOP-J6M8022 34864/12 SystemMonitor.Service.Services.RpcHostedService 客户端断开：已达到流的结尾。 conn="667ed3f1-bd30-41e0-92ff-80608571c1ce"&#xD;
[xUnit.net 00:00:04.96]       2025-08-22 05:00:58.863 +08:00 [INF] DESKTOP-J6M8022 34864/8 SystemMonitor.Service.Worker Worker running at: "2025-08-22T05:00:58.8635685+08:00"&#xD;
[xUnit.net 00:00:04.96]       2025-08-22 05:00:59.864 +08:00 [INF] DESKTOP-J6M8022 34864/13 SystemMonitor.Service.Worker Worker running at: "2025-08-22T05:00:59.8639948+08:00"&#xD;
[xUnit.net 00:00:04.96]       2025-08-22 05:01:00.871 +08:00 [INF] DESKTOP-J6M8022 34864/8 SystemMonitor.Service.Worker Worker running at: "2025-08-22T05:01:00.8711317+08:00"&#xD;
[xUnit.net 00:00:04.96]       2025-08-22 05:01:01.872 +08:00 [INF] DESKTOP-J6M8022 34864/8 SystemMonitor.Service.Worker Worker running at: "2025-08-22T05:01:01.8723849+08:00"&#xD;
[xUnit.net 00:00:04.96]       2025-08-22 05:01:02.874 +08:00 [INF] DESKTOP-J6M8022 34864/13 SystemMonitor.Service.Worker Worker running at: "2025-08-22T05:01:02.8742125+08:00"&#xD;
[xUnit.net 00:00:04.96]       2025-08-22 05:01:03.109 +08:00 [INF] DESKTOP-J6M8022 34864/13 SystemMonitor.Service.Services.RpcHostedService 客户端已连接&#xD;
[xUnit.net 00:00:04.96]       2025-08-22 05:01:03.109 +08:00 [INF] DESKTOP-J6M8022 34864/13 SystemMonitor.Service.Services.RpcHostedService 客户端会话建立: conn="6f7008b5-fb8e-492a-bb7e-9769bc95aca3"&#xD;
[xUnit.net 00:00:04.96]       2025-08-22 05:01:03.113 +08:00 [INF] DESKTOP-J6M8022 34864/13 SystemMonitor.Service.Services.RpcHostedService 客户端断开：已达到流的结尾。 conn="6f7008b5-fb8e-492a-bb7e-9769bc95aca3"&#xD;
[xUnit.net 00:00:04.96]       2025-08-22 05:01:03.878 +08:00 [INF] DESKTOP-J6M8022 34864/9 SystemMonitor.Service.Worker Worker running at: "2025-08-22T05:01:03.8780156+08:00"&#xD;
[xUnit.net 00:00:04.96]       2025-08-22 05:01:04.882 +08:00 [INF] DESKTOP-J6M8022 34864/9 SystemMonitor.Service.Worker Worker running at: "2025-08-22T05:01:04.8824276+08:00"&#xD;
[xUnit.net 00:00:04.96]       2025-08-22 05:01:05.888 +08:00 [INF] DESKTOP-J6M8022 34864/9 SystemMonitor.Service.Worker Worker running at: "2025-08-22T05:01:05.8884444+08:00"&#xD;
[xUnit.net 00:00:04.96]       2025-08-22 05:01:06.898 +08:00 [INF] DESKTOP-J6M8022 34864/13 SystemMonitor.Service.Worker Worker running at: "2025-08-22T05:01:06.8980438+08:00"&#xD;
[xUnit.net 00:00:04.96]       2025-08-22 05:01:07.902 +08:00 [INF] DESKTOP-J6M8022 34864/12 SystemMonitor.Service.Worker Worker running at: "2025-08-22T05:01:07.9022915+08:00"&#xD;
[xUnit.net 00:00:04.96]       2025-08-22 05:01:08.106 +08:00 [INF] DESKTOP-J6M8022 34864/12 SystemMonitor.Service.Services.RpcHostedService 客户端已连接&#xD;
[xUnit.net 00:00:04.96]       2025-08-22 05:01:08.106 +08:00 [INF] DESKTOP-J6M8022 34864/12 SystemMonitor.Service.Services.RpcHostedService 客户端会话建立: conn="57e57623-52be-4bde-b1c7-694c9251d418"&#xD;
[xUnit.net 00:00:04.96]       2025-08-22 05:01:08.111 +08:00 [INF] DESKTOP-J6M8022 34864/14 SystemMonitor.Service.Services.RpcHostedService 客户端断开：已达到流的结尾。 conn="57e57623-52be-4bde-b1c7-694c9251d418"&#xD;
[xUnit.net 00:00:04.96]       2025-08-22 05:01:08.904 +08:00 [INF] DESKTOP-J6M8022 34864/13 SystemMonitor.Service.Worker Worker running at: "2025-08-22T05:01:08.9045942+08:00"&#xD;
[xUnit.net 00:00:04.96]       2025-08-22 05:01:09.905 +08:00 [INF] DESKTOP-J6M8022 34864/12 SystemMonitor.Service.Worker Worker running at: "2025-08-22T05:01:09.9059497+08:00"&#xD;
[xUnit.net 00:00:04.96]       2025-08-22 05:01:10.910 +08:00 [INF] DESKTOP-J6M8022 34864/8 SystemMonitor.Service.Worker Worker running at: "2025-08-22T05:01:10.9104565+08:00"&#xD;
[xUnit.net 00:00:04.96]       2025-08-22 05:01:11.913 +08:00 [INF] DESKTOP-J6M8022 34864/12 SystemMonitor.Service.Worker Worker running at: "2025-08-22T05:01:11.9132884+08:00"&#xD;
[xUnit.net 00:00:04.96]       2025-08-22 05:01:12.917 +08:00 [INF] DESKTOP-J6M8022 34864/8 SystemMonitor.Service.Worker Worker running at: "2025-08-22T05:01:12.9173706+08:00"&#xD;
[xUnit.net 00:00:04.96]       2025-08-22 05:01:13.103 +08:00 [INF] DESKTOP-J6M8022 34864/8 SystemMonitor.Service.Services.RpcHostedService 客户端已连接&#xD;
[xUnit.net 00:00:04.96]       2025-08-22 05:01:13.103 +08:00 [INF] DESKTOP-J6M8022 34864/8 SystemMonitor.Service.Services.RpcHostedService 客户端会话建立: conn="8c8ff938-4ec2-4b63-94b8-07d74318db55"&#xD;
[xUnit.net 00:00:04.96]       2025-08-22 05:01:13.107 +08:00 [INF] DESKTOP-J6M8022 34864/12 SystemMonitor.Service.Services.RpcHostedService 客户端断开：已达到流的结尾。 conn="8c8ff938-4ec2-4b63-94b8-07d74318db55"&#xD;
[xUnit.net 00:00:04.96]       2025-08-22 05:01:13.395 +08:00 [INF] DESKTOP-J6M8022 34864/8 SystemMonitor.Service.Services.RpcHostedService 客户端已连接&#xD;
[xUnit.net 00:00:04.96]       2025-08-22 05:01:13.395 +08:00 [INF] DESKTOP-J6M8022 34864/8 SystemMonitor.Service.Services.RpcHostedService 客户端会话建立: conn="0d0e45ce-49cf-483b-8035-5df65c66b336"&#xD;
[xUnit.net 00:00:04.96]       2025-08-22 05:01:13.409 +08:00 [INF] DESKTOP-J6M8022 34864/8 SystemMonitor.Service.Services.RpcHostedService snapshot called, modules=*&#xD;
[xUnit.net 00:00:04.96]       2025-08-22 05:01:13.415 +08:00 [INF] DESKTOP-J6M8022 34864/12 SystemMonitor.Service.Services.RpcHostedService 客户端断开：已达到流的结尾。 conn="0d0e45ce-49cf-483b-8035-5df65c66b336"&#xD;
[xUnit.net 00:00:04.96]       2025-08-22 05:01:13.923 +08:00 [INF] DESKTOP-J6M8022 34864/14 SystemMonitor.Service.Worker Worker running at: "2025-08-22T05:01:13.9232807+08:00"&#xD;
[xUnit.net 00:00:04.96]       2025-08-22 05:01:14.929 +08:00 [INF] DESKTOP-J6M8022 34864/12 SystemMonitor.Service.Worker Worker running at: "2025-08-22T05:01:14.9292827+08:00"&#xD;
[xUnit.net 00:00:04.96]       2025-08-22 05:01:15.932 +08:00 [INF] DESKTOP-J6M8022 34864/8 SystemMonitor.Service.Worker Worker running at: "2025-08-22T05:01:15.9326500+08:00"&#xD;
[xUnit.net 00:00:04.96]       2025-08-22 05:01:16.939 +08:00 [INF] DESKTOP-J6M8022 34864/14 SystemMonitor.Service.Worker Worker running at: "2025-08-22T05:01:16.9393680+08:00"&#xD;
[xUnit.net 00:00:04.96]       2025-08-22 05:01:17.943 +08:00 [INF] DESKTOP-J6M8022 34864/8 SystemMonitor.Service.Worker Worker running at: "2025-08-22T05:01:17.9432416+08:00"&#xD;
[xUnit.net 00:00:04.96]       2025-08-22 05:01:18.116 +08:00 [INF] DESKTOP-J6M8022 34864/8 SystemMonitor.Service.Services.RpcHostedService 客户端已连接&#xD;
[xUnit.net 00:00:04.96]       2025-08-22 05:01:18.116 +08:00 [INF] DESKTOP-J6M8022 34864/8 SystemMonitor.Service.Services.RpcHostedService 客户端会话建立: conn="4caa660b-18e4-4979-bebe-31bdd3b07642"&#xD;
[xUnit.net 00:00:04.96]       2025-08-22 05:01:18.119 +08:00 [INF] DESKTOP-J6M8022 34864/12 SystemMonitor.Service.Services.RpcHostedService 客户端断开：已达到流的结尾。 conn="4caa660b-18e4-4979-bebe-31bdd3b07642"&#xD;
[xUnit.net 00:00:04.96]       2025-08-22 05:01:18.947 +08:00 [INF] DESKTOP-J6M8022 34864/8 SystemMonitor.Service.Worker Worker running at: "2025-08-22T05:01:18.9470563+08:00"&#xD;
[xUnit.net 00:00:04.96]       2025-08-22 05:01:19.950 +08:00 [INF] DESKTOP-J6M8022 34864/8 SystemMonitor.Service.Worker Worker running at: "2025-08-22T05:01:19.9501774+08:00"&#xD;
[xUnit.net 00:00:04.96]       2025-08-22 05:01:20.958 +08:00 [INF] DESKTOP-J6M8022 34864/8 SystemMonitor.Service.Worker Worker running at: "2025-08-22T05:01:20.9579718+08:00"&#xD;
[xUnit.net 00:00:04.96]       2025-08-22 05:01:21.959 +08:00 [INF] DESKTOP-J6M8022 34864/14 SystemMonitor.Service.Worker Worker running at: "2025-08-22T05:01:21.9594726+08:00"&#xD;
[xUnit.net 00:00:04.96]       2025-08-22 05:01:22.963 +08:00 [INF] DESKTOP-J6M8022 34864/8 SystemMonitor.Service.Worker Worker running at: "2025-08-22T05:01:22.9634519+08:00"&#xD;
[xUnit.net 00:00:04.96]       2025-08-22 05:01:23.105 +08:00 [INF] DESKTOP-J6M8022 34864/8 SystemMonitor.Service.Services.RpcHostedService 客户端已连接&#xD;
[xUnit.net 00:00:04.96]       2025-08-22 05:01:23.105 +08:00 [INF] DESKTOP-J6M8022 34864/8 SystemMonitor.Service.Services.RpcHostedService 客户端会话建立: conn="8639769c-80fa-407f-b9a9-4050afd76198"&#xD;
[xUnit.net 00:00:04.96]       2025-08-22 05:01:23.107 +08:00 [INF] DESKTOP-J6M8022 34864/14 SystemMonitor.Service.Services.RpcHostedService 客户端断开：已达到流的结尾。 conn="8639769c-80fa-407f-b9a9-4050afd76198"&#xD;
[xUnit.net 00:00:04.96]       2025-08-22 05:01:23.971 +08:00 [INF] DESKTOP-J6M8022 34864/11 SystemMonitor.Service.Worker Worker running at: "2025-08-22T05:01:23.9715344+08:00"&#xD;
[xUnit.net 00:00:04.96]       2025-08-22 05:01:24.982 +08:00 [INF] DESKTOP-J6M8022 34864/11 SystemMonitor.Service.Worker Worker running at: "2025-08-22T05:01:24.9819615+08:00"&#xD;
[xUnit.net 00:00:04.96]       2025-08-22 05:01:25.994 +08:00 [INF] DESKTOP-J6M8022 34864/11 SystemMonitor.Service.Worker Worker running at: "2025-08-22T05:01:25.9941989+08:00"&#xD;
[xUnit.net 00:00:04.96]       2025-08-22 05:01:26.999 +08:00 [INF] DESKTOP-J6M8022 34864/8 SystemMonitor.Service.Worker Worker running at: "2025-08-22T05:01:26.9999359+08:00"&#xD;
[xUnit.net 00:00:04.96]       2025-08-22 05:01:28.013 +08:00 [INF] DESKTOP-J6M8022 34864/11 SystemMonitor.Service.Worker Worker running at: "2025-08-22T05:01:28.0133025+08:00"&#xD;
[xUnit.net 00:00:04.96]       2025-08-22 05:01:28.109 +08:00 [INF] DESKTOP-J6M8022 34864/11 SystemMonitor.Service.Services.RpcHostedService 客户端已连接&#xD;
[xUnit.net 00:00:04.96]       2025-08-22 05:01:28.109 +08:00 [INF] DESKTOP-J6M8022 34864/11 SystemMonitor.Service.Services.RpcHostedService 客户端会话建立: conn="fda2e581-c0a4-4aa4-a5e0-11787ca179bd"&#xD;
[xUnit.net 00:00:04.96]       2025-08-22 05:01:28.112 +08:00 [INF] DESKTOP-J6M8022 34864/11 SystemMonitor.Service.Services.RpcHostedService 客户端断开：已达到流的结尾。 conn="fda2e581-c0a4-4aa4-a5e0-11787ca179bd"&#xD;
[xUnit.net 00:00:04.96]       2025-08-22 05:01:29.018 +08:00 [INF] DESKTOP-J6M8022 34864/11 SystemMonitor.Service.Worker Worker running at: "2025-08-22T05:01:29.0183364+08:00"&#xD;
[xUnit.net 00:00:04.96]       2025-08-22 05:01:30.019 +08:00 [INF] DESKTOP-J6M8022 34864/8 SystemMonitor.Service.Worker Worker running at: "2025-08-22T05:01:30.0195935+08:00"&#xD;
[xUnit.net 00:00:04.96]       2025-08-22 05:01:31.026 +08:00 [INF] DESKTOP-J6M8022 34864/8 SystemMonitor.Service.Worker Worker running at: "2025-08-22T05:01:31.0262398+08:00"&#xD;
[xUnit.net 00:00:04.96]       2025-08-22 05:01:32.031 +08:00 [INF] DESKTOP-J6M8022 34864/12 SystemMonitor.Service.Worker Worker running at: "2025-08-22T05:01:32.0310132+08:00"&#xD;
[xUnit.net 00:00:04.96]       2025-08-22 05:01:33.035 +08:00 [INF] DESKTOP-J6M8022 34864/12 SystemMonitor.Service.Worker Worker running at: "2025-08-22T05:01:33.0357910+08:00"&#xD;
[xUnit.net 00:00:04.96]       2025-08-22 05:01:33.116 +08:00 [INF] DESKTOP-J6M8022 34864/12 SystemMonitor.Service.Services.RpcHostedService 客户端已连接&#xD;
[xUnit.net 00:00:04.96]       2025-08-22 05:01:33.116 +08:00 [INF] DESKTOP-J6M8022 34864/12 SystemMonitor.Service.Services.RpcHostedService 客户端会话建立: conn="34e1094f-2d5d-4eb2-b05a-37c0e40cc011"&#xD;
[xUnit.net 00:00:04.96]       2025-08-22 05:01:33.119 +08:00 [INF] DESKTOP-J6M8022 34864/8 SystemMonitor.Service.Services.RpcHostedService 客户端断开：已达到流的结尾。 conn="34e1094f-2d5d-4eb2-b05a-37c0e40cc011"&#xD;
[xUnit.net 00:00:04.96]       2025-08-22 05:01:34.041 +08:00 [INF] DESKTOP-J6M8022 34864/8 SystemMonitor.Service.Worker Worker running at: "2025-08-22T05:01:34.0416262+08:00"&#xD;
[xUnit.net 00:00:04.96]       2025-08-22 05:01:35.045 +08:00 [INF] DESKTOP-J6M8022 34864/8 SystemMonitor.Service.Worker Worker running at: "2025-08-22T05:01:35.0457088+08:00"&#xD;
[xUnit.net 00:00:04.96]       2025-08-22 05:01:36.047 +08:00 [INF] DESKTOP-J6M8022 34864/12 SystemMonitor.Service.Worker Worker running at: "2025-08-22T05:01:36.0479378+08:00"&#xD;
[xUnit.net 00:00:04.96]       2025-08-22 05:01:37.050 +08:00 [INF] DESKTOP-J6M8022 34864/12 SystemMonitor.Service.Worker Worker running at: "2025-08-22T05:01:37.0504892+08:00"&#xD;
[xUnit.net 00:00:04.96]       2025-08-22 05:01:38.061 +08:00 [INF] DESKTOP-J6M8022 34864/14 SystemMonitor.Service.Worker Worker running at: "2025-08-22T05:01:38.0614429+08:00"&#xD;
[xUnit.net 00:00:04.96]       2025-08-22 05:01:38.110 +08:00 [INF] DESKTOP-J6M8022 34864/12 SystemMonitor.Service.Services.RpcHostedService 客户端已连接&#xD;
[xUnit.net 00:00:04.96]       2025-08-22 05:01:38.110 +08:00 [INF] DESKTOP-J6M8022 34864/12 SystemMonitor.Service.Services.RpcHostedService 客户端会话建立: conn="06117a62-6040-4241-9927-358af4226d43"&#xD;
[xUnit.net 00:00:04.96]       2025-08-22 05:01:38.113 +08:00 [INF] DESKTOP-J6M8022 34864/14 SystemMonitor.Service.Services.RpcHostedService 客户端断开：已达到流的结尾。 conn="06117a62-6040-4241-9927-358af4226d43"&#xD;
[xUnit.net 00:00:04.96]       2025-08-22 05:01:39.064 +08:00 [INF] DESKTOP-J6M8022 34864/14 SystemMonitor.Service.Worker Worker running at: "2025-08-22T05:01:39.0644324+08:00"&#xD;
[xUnit.net 00:00:04.96]       2025-08-22 05:01:40.069 +08:00 [INF] DESKTOP-J6M8022 34864/8 SystemMonitor.Service.Worker Worker running at: "2025-08-22T05:01:40.0698228+08:00"&#xD;
[xUnit.net 00:00:04.96]       2025-08-22 05:01:41.072 +08:00 [INF] DESKTOP-J6M8022 34864/8 SystemMonitor.Service.Worker Worker running at: "2025-08-22T05:01:41.0721700+08:00"&#xD;
[xUnit.net 00:00:04.96]       2025-08-22 05:01:42.086 +08:00 [INF] DESKTOP-J6M8022 34864/11 SystemMonitor.Service.Worker Worker running at: "2025-08-22T05:01:42.0860513+08:00"&#xD;
[xUnit.net 00:00:04.96]       2025-08-22 05:01:43.101 +08:00 [INF] DESKTOP-J6M8022 34864/8 SystemMonitor.Service.Worker Worker running at: "2025-08-22T05:01:43.1011436+08:00"&#xD;
[xUnit.net 00:00:04.96]       2025-08-22 05:01:43.105 +08:00 [INF] DESKTOP-J6M8022 34864/9 SystemMonitor.Service.Services.RpcHostedService 客户端已连接&#xD;
[xUnit.net 00:00:04.96]       2025-08-22 05:01:43.105 +08:00 [INF] DESKTOP-J6M8022 34864/9 SystemMonitor.Service.Services.RpcHostedService 客户端会话建立: conn="860b5ccb-a321-4101-b6d7-ba8cfd17c2fa"&#xD;
[xUnit.net 00:00:04.96]       2025-08-22 05:01:43.109 +08:00 [INF] DESKTOP-J6M8022 34864/8 SystemMonitor.Service.Services.RpcHostedService 客户端断开：已达到流的结尾。 conn="860b5ccb-a321-4101-b6d7-ba8cfd17c2fa"&#xD;
[xUnit.net 00:00:04.96]       2025-08-22 05:01:43.386 +08:00 [INF] DESKTOP-J6M8022 34864/11 SystemMonitor.Service.Services.RpcHostedService 客户端已连接&#xD;
[xUnit.net 00:00:04.96]       2025-08-22 05:01:43.386 +08:00 [INF] DESKTOP-J6M8022 34864/11 SystemMonitor.Service.Services.RpcHostedService 客户端会话建立: conn="7103465a-6b36-49d0-b971-0765ff27b367"&#xD;
[xUnit.net 00:00:04.96]       2025-08-22 05:01:43.387 +08:00 [INF] DESKTOP-J6M8022 34864/11 SystemMonitor.Service.Services.RpcHostedService snapshot called, modules=*&#xD;
[xUnit.net 00:00:04.96]       2025-08-22 05:01:43.394 +08:00 [INF] DESKTOP-J6M8022 34864/14 SystemMonitor.Service.Services.RpcHostedService 客户端断开：已达到流的结尾。 conn="7103465a-6b36-49d0-b971-0765ff27b367"&#xD;
[xUnit.net 00:00:04.96]       2025-08-22 05:01:44.107 +08:00 [INF] DESKTOP-J6M8022 34864/11 SystemMonitor.Service.Worker Worker running at: "2025-08-22T05:01:44.1078485+08:00"&#xD;
[xUnit.net 00:00:04.96]       2025-08-22 05:01:45.116 +08:00 [INF] DESKTOP-J6M8022 34864/8 SystemMonitor.Service.Worker Worker running at: "2025-08-22T05:01:45.1165225+08:00"&#xD;
[xUnit.net 00:00:04.96]       2025-08-22 05:01:46.125 +08:00 [INF] DESKTOP-J6M8022 34864/8 SystemMonitor.Service.Worker Worker running at: "2025-08-22T05:01:46.1259467+08:00"&#xD;
[xUnit.net 00:00:04.96]       2025-08-22 05:01:47.131 +08:00 [INF] DESKTOP-J6M8022 34864/8 SystemMonitor.Service.Worker Worker running at: "2025-08-22T05:01:47.1319177+08:00"&#xD;
[xUnit.net 00:00:04.96]       2025-08-22 05:01:48.110 +08:00 [INF] DESKTOP-J6M8022 34864/9 SystemMonitor.Service.Services.RpcHostedService 客户端已连接&#xD;
[xUnit.net 00:00:04.96]       2025-08-22 05:01:48.111 +08:00 [INF] DESKTOP-J6M8022 34864/9 SystemMonitor.Service.Services.RpcHostedService 客户端会话建立: conn="dc929a0f-2511-48c2-b921-bb00e3b2d95e"&#xD;
[xUnit.net 00:00:04.96]       2025-08-22 05:01:48.113 +08:00 [INF] DESKTOP-J6M8022 34864/9 SystemMonitor.Service.Services.RpcHostedService 客户端断开：已达到流的结尾。 conn="dc929a0f-2511-48c2-b921-bb00e3b2d95e"&#xD;
[xUnit.net 00:00:04.96]       2025-08-22 05:01:48.139 +08:00 [INF] DESKTOP-J6M8022 34864/9 SystemMonitor.Service.Worker Worker running at: "2025-08-22T05:01:48.1397480+08:00"&#xD;
[xUnit.net 00:00:04.96]       2025-08-22 05:01:49.149 +08:00 [INF] DESKTOP-J6M8022 34864/9 SystemMonitor.Service.Worker Worker running at: "2025-08-22T05:01:49.1490602+08:00"&#xD;
[xUnit.net 00:00:04.96]       2025-08-22 05:01:50.156 +08:00 [INF] DESKTOP-J6M8022 34864/9 SystemMonitor.Service.Worker Worker running at: "2025-08-22T05:01:50.1565687+08:00"&#xD;
[xUnit.net 00:00:04.96]       2025-08-22 05:01:51.163 +08:00 [INF] DESKTOP-J6M8022 34864/8 SystemMonitor.Service.Worker Worker running at: "2025-08-22T05:01:51.1638742+08:00"&#xD;
[xUnit.net 00:00:04.96]       2025-08-22 05:01:52.175 +08:00 [INF] DESKTOP-J6M8022 34864/8 SystemMonitor.Service.Worker Worker running at: "2025-08-22T05:01:52.1751866+08:00"&#xD;
[xUnit.net 00:00:04.96]       2025-08-22 05:01:53.106 +08:00 [INF] DESKTOP-J6M8022 34864/8 SystemMonitor.Service.Services.RpcHostedService 客户端已连接&#xD;
[xUnit.net 00:00:04.96]       2025-08-22 05:01:53.106 +08:00 [INF] DESKTOP-J6M8022 34864/8 SystemMonitor.Service.Services.RpcHostedService 客户端会话建立: conn="cf08e297-f8bc-42e5-a912-8cdf3760d104"&#xD;
[xUnit.net 00:00:04.96]       2025-08-22 05:01:53.109 +08:00 [INF] DESKTOP-J6M8022 34864/14 SystemMonitor.Service.Services.RpcHostedService 客户端断开：已达到流的结尾。 conn="cf08e297-f8bc-42e5-a912-8cdf3760d104"&#xD;
[xUnit.net 00:00:04.96]       2025-08-22 05:01:53.183 +08:00 [INF] DESKTOP-J6M8022 34864/12 SystemMonitor.Service.Worker Worker running at: "2025-08-22T05:01:53.1832976+08:00"&#xD;
[xUnit.net 00:00:04.96]       2025-08-22 05:01:54.188 +08:00 [INF] DESKTOP-J6M8022 34864/12 SystemMonitor.Service.Worker Worker running at: "2025-08-22T05:01:54.1886519+08:00"&#xD;
[xUnit.net 00:00:04.96]       2025-08-22 05:01:55.189 +08:00 [INF] DESKTOP-J6M8022 34864/12 SystemMonitor.Service.Worker Worker running at: "2025-08-22T05:01:55.1890118+08:00"&#xD;
[xUnit.net 00:00:04.96]       2025-08-22 05:01:56.201 +08:00 [INF] DESKTOP-J6M8022 34864/14 SystemMonitor.Service.Worker Worker running at: "2025-08-22T05:01:56.2011712+08:00"&#xD;
[xUnit.net 00:00:04.96]       2025-08-22 05:01:57.203 +08:00 [INF] DESKTOP-J6M8022 34864/12 SystemMonitor.Service.Worker Worker running at: "2025-08-22T05:01:57.2030740+08:00"&#xD;
[xUnit.net 00:00:04.96]       2025-08-22 05:01:58.150 +08:00 [INF] DESKTOP-J6M8022 34864/11 SystemMonitor.Service.Services.RpcHostedService 客户端已连接&#xD;
[xUnit.net 00:00:04.96]       2025-08-22 05:01:58.150 +08:00 [INF] DESKTOP-J6M8022 34864/11 SystemMonitor.Service.Services.RpcHostedService 客户端会话建立: conn="12ea3cb9-6e37-4a78-8a02-17ba9963b724"&#xD;
[xUnit.net 00:00:04.96]       2025-08-22 05:01:58.164 +08:00 [INF] DESKTOP-J6M8022 34864/14 SystemMonitor.Service.Services.RpcHostedService 客户端断开：已达到流的结尾。 conn="12ea3cb9-6e37-4a78-8a02-17ba9963b724"&#xD;
[xUnit.net 00:00:04.96]       2025-08-22 05:01:58.220 +08:00 [INF] DESKTOP-J6M8022 34864/14 SystemMonitor.Service.Worker Worker running at: "2025-08-22T05:01:58.2204087+08:00"&#xD;
[xUnit.net 00:00:04.96]       2025-08-22 05:01:59.232 +08:00 [INF] DESKTOP-J6M8022 34864/11 SystemMonitor.Service.Worker Worker running at: "2025-08-22T05:01:59.2321592+08:00"&#xD;
[xUnit.net 00:00:04.96]       2025-08-22 05:02:00.236 +08:00 [INF] DESKTOP-J6M8022 34864/14 SystemMonitor.Service.Worker Worker running at: "2025-08-22T05:02:00.2367533+08:00"&#xD;
[xUnit.net 00:00:04.96]       2025-08-22 05:02:01.245 +08:00 [INF] DESKTOP-J6M8022 34864/11 SystemMonitor.Service.Worker Worker running at: "2025-08-22T05:02:01.2451701+08:00"&#xD;
[xUnit.net 00:00:04.96]       2025-08-22 05:02:02.255 +08:00 [INF] DESKTOP-J6M8022 34864/11 SystemMonitor.Service.Worker Worker running at: "2025-08-22T05:02:02.2559126+08:00"&#xD;
[xUnit.net 00:00:04.96]       Stack Trace:&#xD;
[xUnit.net 00:00:04.96]         C:\code\sys-sensor-v3\src\SystemMonitor.Tests\EndToEndTests.cs(151,0): at SystemMonitor.Tests.EndToEndTests.WaitPipeReadyAsync(TimeSpan timeout)&#xD;
[xUnit.net 00:00:04.96]         C:\code\sys-sensor-v3\src\SystemMonitor.Tests\EndToEndTests.cs(278,0): at SystemMonitor.Tests.EndToEndTests.InitializeAsync()&#xD;
[svc][out] 正在生成...&#xD;
[test][pipe-wait] last-win32=2 elapsed=0.0s&#xD;
[test][pipe-wait] last-win32=2 elapsed=0.2s&#xD;
[test][pipe-wait] last-win32=2 elapsed=0.4s&#xD;
[test][pipe-wait] last-win32=2 elapsed=0.6s&#xD;
[test][pipe-wait] last-win32=2 elapsed=0.8s&#xD;
[test][pipe-wait] last-win32=2 elapsed=1.0s&#xD;
[test][pipe-wait] last-win32=2 elapsed=1.2s&#xD;
[test][pipe-wait] last-win32=2 elapsed=1.4s&#xD;
[test][pipe-wait] last-win32=2 elapsed=1.6s&#xD;
[svc][out] C:\code\sys-sensor-v3\src\SystemMonitor.Service\Services\RpcHostedService.cs(201,31): error CS0103: 当前上下文中不存在名称“TryCreateCounter�?[C:\code\sys-sensor-v3\src\SystemMonitor.Service\SystemMonitor.Service.csproj]&#xD;
[svc][out] C:\code\sys-sensor-v3\src\SystemMonitor.Service\Services\RpcHostedService.cs(203,35): error CS0103: 当前上下文中不存在名称“TryCreateCounter�?[C:\code\sys-sensor-v3\src\SystemMonitor.Service\SystemMonitor.Service.csproj]&#xD;
[svc][out] C:\code\sys-sensor-v3\src\SystemMonitor.Service\Program.cs(76,13): warning CA1416: 可在所有平台上访问此调用站点�?RpcHostedService" 仅在 'windows' 上受支持�?(https://learn.microsoft.com/dotnet/fundamentals/code-analysis/quality-rules/ca1416) [C:\code\sys-sensor-v3\src\SystemMonitor.Service\SystemMonitor.Service.csproj]&#xD;
[svc][err] 生成失败。请修复生成错误并重新运行�?&#xD;
[xUnit.net 00:00:07.31]       System.InvalidOperationException : Service exited while waiting for pipe. Code=1. Tail:
[svc][out] 姝ｅ湪鐢熸垚...&#xD;
[xUnit.net 00:00:07.31]       [svc][out] C:\code\sys-sensor-v3\src\SystemMonitor.Service\Services\RpcHostedService.cs(201,31): error CS0103: 褰撳墠涓婁笅鏂囦腑涓嶅瓨鍦ㄥ悕绉扳€淭ryCreateCounter鈥?[C:\code\sys-sensor-v3\src\SystemMonitor.Service\SystemMonitor.Service.csproj]&#xD;
[xUnit.net 00:00:07.31]       [svc][out] C:\code\sys-sensor-v3\src\SystemMonitor.Service\Services\RpcHostedService.cs(203,35): error CS0103: 褰撳墠涓婁笅鏂囦腑涓嶅瓨鍦ㄥ悕绉扳€淭ryCreateCounter鈥?[C:\code\sys-sensor-v3\src\SystemMonitor.Service\SystemMonitor.Service.csproj]&#xD;
[xUnit.net 00:00:07.31]       [svc][out] C:\code\sys-sensor-v3\src\SystemMonitor.Service\Program.cs(76,13): warning CA1416: 鍙湪鎵€鏈夊钩鍙颁笂璁块棶姝よ皟鐢ㄧ珯鐐广€?RpcHostedService" 浠呭湪 'windows' 涓婂彈鏀寔銆?(https://learn.microsoft.com/dotnet/fundamentals/code-analysis/quality-rules/ca1416) [C:\code\sys-sensor-v3\src\SystemMonitor.Service\SystemMonitor.Service.csproj]&#xD;
[xUnit.net 00:00:07.31]       [svc][err] 鐢熸垚澶辫触銆傝淇鐢熸垚閿欒骞堕噸鏂拌繍琛屻€?
[file-log-tail]
2025-08-22 05:00:07.505 +08:00 [INF] DESKTOP-J6M8022 34864/11 SystemMonitor.Service.Worker Worker running at: "2025-08-22T05:00:07.5059406+08:00"&#xD;
[xUnit.net 00:00:07.31]       2025-08-22 05:00:08.115 +08:00 [INF] DESKTOP-J6M8022 34864/11 SystemMonitor.Service.Services.RpcHostedService 客户端已连接&#xD;
[xUnit.net 00:00:07.31]       2025-08-22 05:00:08.115 +08:00 [INF] DESKTOP-J6M8022 34864/11 SystemMonitor.Service.Services.RpcHostedService 客户端会话建立: conn="3ebaf5c9-7a90-4c1f-8d06-77e4b9511b6b"&#xD;
[xUnit.net 00:00:07.31]       2025-08-22 05:00:08.119 +08:00 [INF] DESKTOP-J6M8022 34864/11 SystemMonitor.Service.Services.RpcHostedService 客户端断开：已达到流的结尾。 conn="3ebaf5c9-7a90-4c1f-8d06-77e4b9511b6b"&#xD;
[xUnit.net 00:00:07.31]       2025-08-22 05:00:08.515 +08:00 [INF] DESKTOP-J6M8022 34864/11 SystemMonitor.Service.Worker Worker running at: "2025-08-22T05:00:08.5155952+08:00"&#xD;
[xUnit.net 00:00:07.31]       2025-08-22 05:00:09.524 +08:00 [INF] DESKTOP-J6M8022 34864/9 SystemMonitor.Service.Worker Worker running at: "2025-08-22T05:00:09.5241284+08:00"&#xD;
[xUnit.net 00:00:07.31]       2025-08-22 05:00:10.532 +08:00 [INF] DESKTOP-J6M8022 34864/8 SystemMonitor.Service.Worker Worker running at: "2025-08-22T05:00:10.5324730+08:00"&#xD;
[xUnit.net 00:00:07.31]       2025-08-22 05:00:11.535 +08:00 [INF] DESKTOP-J6M8022 34864/12 SystemMonitor.Service.Worker Worker running at: "2025-08-22T05:00:11.5357528+08:00"&#xD;
[xUnit.net 00:00:07.31]       2025-08-22 05:00:12.548 +08:00 [INF] DESKTOP-J6M8022 34864/8 SystemMonitor.Service.Worker Worker running at: "2025-08-22T05:00:12.5481912+08:00"&#xD;
[xUnit.net 00:00:07.31]       2025-08-22 05:00:13.107 +08:00 [INF] DESKTOP-J6M8022 34864/12 SystemMonitor.Service.Services.RpcHostedService 客户端已连接&#xD;
[xUnit.net 00:00:07.31]       2025-08-22 05:00:13.107 +08:00 [INF] DESKTOP-J6M8022 34864/12 SystemMonitor.Service.Services.RpcHostedService 客户端会话建立: conn="27a81c38-4647-493a-8fb8-8f2e144087dc"&#xD;
[xUnit.net 00:00:07.31]       2025-08-22 05:00:13.111 +08:00 [INF] DESKTOP-J6M8022 34864/11 SystemMonitor.Service.Services.RpcHostedService 客户端断开：已达到流的结尾。 conn="27a81c38-4647-493a-8fb8-8f2e144087dc"&#xD;
[xUnit.net 00:00:07.31]       2025-08-22 05:00:13.384 +08:00 [INF] DESKTOP-J6M8022 34864/8 SystemMonitor.Service.Services.RpcHostedService 客户端已连接&#xD;
[xUnit.net 00:00:07.31]       2025-08-22 05:00:13.384 +08:00 [INF] DESKTOP-J6M8022 34864/8 SystemMonitor.Service.Services.RpcHostedService 客户端会话建立: conn="25e61bd6-9b34-4b1b-8730-8dd26623668c"&#xD;
[xUnit.net 00:00:07.31]       2025-08-22 05:00:13.405 +08:00 [INF] DESKTOP-J6M8022 34864/8 SystemMonitor.Service.Services.RpcHostedService snapshot called, modules=*&#xD;
[xUnit.net 00:00:07.31]       2025-08-22 05:00:13.408 +08:00 [INF] DESKTOP-J6M8022 34864/9 SystemMonitor.Service.Services.RpcHostedService 客户端断开：已达到流的结尾。 conn="25e61bd6-9b34-4b1b-8730-8dd26623668c"&#xD;
[xUnit.net 00:00:07.31]       2025-08-22 05:00:13.551 +08:00 [INF] DESKTOP-J6M8022 34864/12 SystemMonitor.Service.Worker Worker running at: "2025-08-22T05:00:13.5519178+08:00"&#xD;
[xUnit.net 00:00:07.31]       2025-08-22 05:00:14.561 +08:00 [INF] DESKTOP-J6M8022 34864/8 SystemMonitor.Service.Worker Worker running at: "2025-08-22T05:00:14.5613344+08:00"&#xD;
[xUnit.net 00:00:07.31]       2025-08-22 05:00:15.574 +08:00 [INF] DESKTOP-J6M8022 34864/8 SystemMonitor.Service.Worker Worker running at: "2025-08-22T05:00:15.5741996+08:00"&#xD;
[xUnit.net 00:00:07.31]       2025-08-22 05:00:16.580 +08:00 [INF] DESKTOP-J6M8022 34864/12 SystemMonitor.Service.Worker Worker running at: "2025-08-22T05:00:16.5802431+08:00"&#xD;
[xUnit.net 00:00:07.31]       2025-08-22 05:00:17.583 +08:00 [INF] DESKTOP-J6M8022 34864/12 SystemMonitor.Service.Worker Worker running at: "2025-08-22T05:00:17.5832737+08:00"&#xD;
[xUnit.net 00:00:07.31]       2025-08-22 05:00:18.114 +08:00 [INF] DESKTOP-J6M8022 34864/11 SystemMonitor.Service.Services.RpcHostedService 客户端已连接&#xD;
[xUnit.net 00:00:07.31]       2025-08-22 05:00:18.114 +08:00 [INF] DESKTOP-J6M8022 34864/11 SystemMonitor.Service.Services.RpcHostedService 客户端会话建立: conn="8619790b-69c5-445b-ab8d-8526df618427"&#xD;
[xUnit.net 00:00:07.31]       2025-08-22 05:00:18.116 +08:00 [INF] DESKTOP-J6M8022 34864/12 SystemMonitor.Service.Services.RpcHostedService 客户端断开：已达到流的结尾。 conn="8619790b-69c5-445b-ab8d-8526df618427"&#xD;
[xUnit.net 00:00:07.31]       2025-08-22 05:00:18.595 +08:00 [INF] DESKTOP-J6M8022 34864/11 SystemMonitor.Service.Worker Worker running at: "2025-08-22T05:00:18.5953464+08:00"&#xD;
[xUnit.net 00:00:07.31]       2025-08-22 05:00:19.605 +08:00 [INF] DESKTOP-J6M8022 34864/11 SystemMonitor.Service.Worker Worker running at: "2025-08-22T05:00:19.6052530+08:00"&#xD;
[xUnit.net 00:00:07.31]       2025-08-22 05:00:20.613 +08:00 [INF] DESKTOP-J6M8022 34864/13 SystemMonitor.Service.Worker Worker running at: "2025-08-22T05:00:20.6131263+08:00"&#xD;
[xUnit.net 00:00:07.31]       2025-08-22 05:00:21.613 +08:00 [INF] DESKTOP-J6M8022 34864/11 SystemMonitor.Service.Worker Worker running at: "2025-08-22T05:00:21.6130098+08:00"&#xD;
[xUnit.net 00:00:07.31]       2025-08-22 05:00:22.624 +08:00 [INF] DESKTOP-J6M8022 34864/13 SystemMonitor.Service.Worker Worker running at: "2025-08-22T05:00:22.6244940+08:00"&#xD;
[xUnit.net 00:00:07.31]       2025-08-22 05:00:23.105 +08:00 [INF] DESKTOP-J6M8022 34864/13 SystemMonitor.Service.Services.RpcHostedService 客户端已连接&#xD;
[xUnit.net 00:00:07.31]       2025-08-22 05:00:23.105 +08:00 [INF] DESKTOP-J6M8022 34864/13 SystemMonitor.Service.Services.RpcHostedService 客户端会话建立: conn="849f5c90-811a-4eb3-97ea-73e1b9d03257"&#xD;
[xUnit.net 00:00:07.31]       2025-08-22 05:00:23.108 +08:00 [INF] DESKTOP-J6M8022 34864/8 SystemMonitor.Service.Services.RpcHostedService 客户端断开：已达到流的结尾。 conn="849f5c90-811a-4eb3-97ea-73e1b9d03257"&#xD;
[xUnit.net 00:00:07.31]       2025-08-22 05:00:23.627 +08:00 [INF] DESKTOP-J6M8022 34864/13 SystemMonitor.Service.Worker Worker running at: "2025-08-22T05:00:23.6275367+08:00"&#xD;
[xUnit.net 00:00:07.31]       2025-08-22 05:00:24.631 +08:00 [INF] DESKTOP-J6M8022 34864/8 SystemMonitor.Service.Worker Worker running at: "2025-08-22T05:00:24.6319373+08:00"&#xD;
[xUnit.net 00:00:07.31]       2025-08-22 05:00:25.643 +08:00 [INF] DESKTOP-J6M8022 34864/13 SystemMonitor.Service.Worker Worker running at: "2025-08-22T05:00:25.6437810+08:00"&#xD;
[xUnit.net 00:00:07.31]       2025-08-22 05:00:26.649 +08:00 [INF] DESKTOP-J6M8022 34864/10 SystemMonitor.Service.Worker Worker running at: "2025-08-22T05:00:26.6498268+08:00"&#xD;
[xUnit.net 00:00:07.31]       2025-08-22 05:00:27.653 +08:00 [INF] DESKTOP-J6M8022 34864/13 SystemMonitor.Service.Worker Worker running at: "2025-08-22T05:00:27.6536723+08:00"&#xD;
[xUnit.net 00:00:07.31]       2025-08-22 05:00:28.104 +08:00 [INF] DESKTOP-J6M8022 34864/13 SystemMonitor.Service.Services.RpcHostedService 客户端已连接&#xD;
[xUnit.net 00:00:07.31]       2025-08-22 05:00:28.104 +08:00 [INF] DESKTOP-J6M8022 34864/13 SystemMonitor.Service.Services.RpcHostedService 客户端会话建立: conn="58087a9a-4fe9-4ab7-893a-962c7c34de4d"&#xD;
[xUnit.net 00:00:07.31]       2025-08-22 05:00:28.108 +08:00 [INF] DESKTOP-J6M8022 34864/10 SystemMonitor.Service.Services.RpcHostedService 客户端断开：已达到流的结尾。 conn="58087a9a-4fe9-4ab7-893a-962c7c34de4d"&#xD;
[xUnit.net 00:00:07.31]       2025-08-22 05:00:28.658 +08:00 [INF] DESKTOP-J6M8022 34864/10 SystemMonitor.Service.Worker Worker running at: "2025-08-22T05:00:28.6580477+08:00"&#xD;
[xUnit.net 00:00:07.31]       2025-08-22 05:00:29.667 +08:00 [INF] DESKTOP-J6M8022 34864/10 SystemMonitor.Service.Worker Worker running at: "2025-08-22T05:00:29.6670246+08:00"&#xD;
[xUnit.net 00:00:07.31]       2025-08-22 05:00:30.671 +08:00 [INF] DESKTOP-J6M8022 34864/11 SystemMonitor.Service.Worker Worker running at: "2025-08-22T05:00:30.6718324+08:00"&#xD;
[xUnit.net 00:00:07.31]       2025-08-22 05:00:31.677 +08:00 [INF] DESKTOP-J6M8022 34864/11 SystemMonitor.Service.Worker Worker running at: "2025-08-22T05:00:31.6773257+08:00"&#xD;
[xUnit.net 00:00:07.31]       2025-08-22 05:00:32.687 +08:00 [INF] DESKTOP-J6M8022 34864/8 SystemMonitor.Service.Worker Worker running at: "2025-08-22T05:00:32.6879602+08:00"&#xD;
[xUnit.net 00:00:07.31]       2025-08-22 05:00:33.104 +08:00 [INF] DESKTOP-J6M8022 34864/11 SystemMonitor.Service.Services.RpcHostedService 客户端已连接&#xD;
[xUnit.net 00:00:07.31]       2025-08-22 05:00:33.104 +08:00 [INF] DESKTOP-J6M8022 34864/11 SystemMonitor.Service.Services.RpcHostedService 客户端会话建立: conn="f2efc72f-7360-4d95-8499-7acad765c432"&#xD;
[xUnit.net 00:00:07.31]       2025-08-22 05:00:33.107 +08:00 [INF] DESKTOP-J6M8022 34864/11 SystemMonitor.Service.Services.RpcHostedService 客户端断开：已达到流的结尾。 conn="f2efc72f-7360-4d95-8499-7acad765c432"&#xD;
[xUnit.net 00:00:07.31]       2025-08-22 05:00:33.703 +08:00 [INF] DESKTOP-J6M8022 34864/8 SystemMonitor.Service.Worker Worker running at: "2025-08-22T05:00:33.7031716+08:00"&#xD;
[xUnit.net 00:00:07.31]       2025-08-22 05:00:34.705 +08:00 [INF] DESKTOP-J6M8022 34864/13 SystemMonitor.Service.Worker Worker running at: "2025-08-22T05:00:34.7053006+08:00"&#xD;
[xUnit.net 00:00:07.31]       2025-08-22 05:00:35.716 +08:00 [INF] DESKTOP-J6M8022 34864/11 SystemMonitor.Service.Worker Worker running at: "2025-08-22T05:00:35.7161477+08:00"&#xD;
[xUnit.net 00:00:07.31]       2025-08-22 05:00:36.721 +08:00 [INF] DESKTOP-J6M8022 34864/12 SystemMonitor.Service.Worker Worker running at: "2025-08-22T05:00:36.7213935+08:00"&#xD;
[xUnit.net 00:00:07.31]       2025-08-22 05:00:37.725 +08:00 [INF] DESKTOP-J6M8022 34864/12 SystemMonitor.Service.Worker Worker running at: "2025-08-22T05:00:37.7251514+08:00"&#xD;
[xUnit.net 00:00:07.31]       2025-08-22 05:00:38.118 +08:00 [INF] DESKTOP-J6M8022 34864/13 SystemMonitor.Service.Services.RpcHostedService 客户端已连接&#xD;
[xUnit.net 00:00:07.31]       2025-08-22 05:00:38.118 +08:00 [INF] DESKTOP-J6M8022 34864/13 SystemMonitor.Service.Services.RpcHostedService 客户端会话建立: conn="b439ecab-ffb2-4843-8f54-1844ad704c06"&#xD;
[xUnit.net 00:00:07.31]       2025-08-22 05:00:38.121 +08:00 [INF] DESKTOP-J6M8022 34864/13 SystemMonitor.Service.Services.RpcHostedService 客户端断开：已达到流的结尾。 conn="b439ecab-ffb2-4843-8f54-1844ad704c06"&#xD;
[xUnit.net 00:00:07.31]       2025-08-22 05:00:38.725 +08:00 [INF] DESKTOP-J6M8022 34864/8 SystemMonitor.Service.Worker Worker running at: "2025-08-22T05:00:38.7259519+08:00"&#xD;
[xUnit.net 00:00:07.31]       2025-08-22 05:00:39.740 +08:00 [INF] DESKTOP-J6M8022 34864/11 SystemMonitor.Service.Worker Worker running at: "2025-08-22T05:00:39.7403082+08:00"&#xD;
[xUnit.net 00:00:07.31]       2025-08-22 05:00:40.742 +08:00 [INF] DESKTOP-J6M8022 34864/11 SystemMonitor.Service.Worker Worker running at: "2025-08-22T05:00:40.7425737+08:00"&#xD;
[xUnit.net 00:00:07.31]       2025-08-22 05:00:41.745 +08:00 [INF] DESKTOP-J6M8022 34864/13 SystemMonitor.Service.Worker Worker running at: "2025-08-22T05:00:41.7451229+08:00"&#xD;
[xUnit.net 00:00:07.31]       2025-08-22 05:00:42.751 +08:00 [INF] DESKTOP-J6M8022 34864/11 SystemMonitor.Service.Worker Worker running at: "2025-08-22T05:00:42.7515665+08:00"&#xD;
[xUnit.net 00:00:07.31]       2025-08-22 05:00:43.110 +08:00 [INF] DESKTOP-J6M8022 34864/14 SystemMonitor.Service.Services.RpcHostedService 客户端已连接&#xD;
[xUnit.net 00:00:07.31]       2025-08-22 05:00:43.110 +08:00 [INF] DESKTOP-J6M8022 34864/14 SystemMonitor.Service.Services.RpcHostedService 客户端会话建立: conn="ec82b613-da05-4264-84fe-3fb03c945d2f"&#xD;
[xUnit.net 00:00:07.31]       2025-08-22 05:00:43.120 +08:00 [INF] DESKTOP-J6M8022 34864/9 SystemMonitor.Service.Services.RpcHostedService 客户端断开：已达到流的结尾。 conn="ec82b613-da05-4264-84fe-3fb03c945d2f"&#xD;
[xUnit.net 00:00:07.31]       2025-08-22 05:00:43.389 +08:00 [INF] DESKTOP-J6M8022 34864/13 SystemMonitor.Service.Services.RpcHostedService 客户端已连接&#xD;
[xUnit.net 00:00:07.31]       2025-08-22 05:00:43.389 +08:00 [INF] DESKTOP-J6M8022 34864/13 SystemMonitor.Service.Services.RpcHostedService 客户端会话建立: conn="2f7dc9d3-2402-4294-ba61-bc663df8cf82"&#xD;
[xUnit.net 00:00:07.31]       2025-08-22 05:00:43.398 +08:00 [INF] DESKTOP-J6M8022 34864/13 SystemMonitor.Service.Services.RpcHostedService snapshot called, modules=*&#xD;
[xUnit.net 00:00:07.31]       2025-08-22 05:00:43.407 +08:00 [INF] DESKTOP-J6M8022 34864/13 SystemMonitor.Service.Services.RpcHostedService 客户端断开：已达到流的结尾。 conn="2f7dc9d3-2402-4294-ba61-bc663df8cf82"&#xD;
[xUnit.net 00:00:07.31]       2025-08-22 05:00:43.756 +08:00 [INF] DESKTOP-J6M8022 34864/13 SystemMonitor.Service.Worker Worker running at: "2025-08-22T05:00:43.7565234+08:00"&#xD;
[xUnit.net 00:00:07.31]       2025-08-22 05:00:44.757 +08:00 [INF] DESKTOP-J6M8022 34864/11 SystemMonitor.Service.Worker Worker running at: "2025-08-22T05:00:44.7577675+08:00"&#xD;
[xUnit.net 00:00:07.31]       2025-08-22 05:00:45.762 +08:00 [INF] DESKTOP-J6M8022 34864/11 SystemMonitor.Service.Worker Worker running at: "2025-08-22T05:00:45.7627674+08:00"&#xD;
[xUnit.net 00:00:07.31]       2025-08-22 05:00:46.772 +08:00 [INF] DESKTOP-J6M8022 34864/11 SystemMonitor.Service.Worker Worker running at: "2025-08-22T05:00:46.7724296+08:00"&#xD;
[xUnit.net 00:00:07.31]       2025-08-22 05:00:47.772 +08:00 [INF] DESKTOP-J6M8022 34864/11 SystemMonitor.Service.Worker Worker running at: "2025-08-22T05:00:47.7724414+08:00"&#xD;
[xUnit.net 00:00:07.31]       2025-08-22 05:00:48.113 +08:00 [INF] DESKTOP-J6M8022 34864/11 SystemMonitor.Service.Services.RpcHostedService 客户端已连接&#xD;
[xUnit.net 00:00:07.31]       2025-08-22 05:00:48.113 +08:00 [INF] DESKTOP-J6M8022 34864/11 SystemMonitor.Service.Services.RpcHostedService 客户端会话建立: conn="0b57ec2b-be63-49bb-9b61-b642d4a6bad8"&#xD;
[xUnit.net 00:00:07.31]       2025-08-22 05:00:48.118 +08:00 [INF] DESKTOP-J6M8022 34864/11 SystemMonitor.Service.Services.RpcHostedService 客户端断开：已达到流的结尾。 conn="0b57ec2b-be63-49bb-9b61-b642d4a6bad8"&#xD;
[xUnit.net 00:00:07.31]       2025-08-22 05:00:48.786 +08:00 [INF] DESKTOP-J6M8022 34864/14 SystemMonitor.Service.Worker Worker running at: "2025-08-22T05:00:48.7861767+08:00"&#xD;
[xUnit.net 00:00:07.31]       2025-08-22 05:00:49.797 +08:00 [INF] DESKTOP-J6M8022 34864/14 SystemMonitor.Service.Worker Worker running at: "2025-08-22T05:00:49.7971060+08:00"&#xD;
[xUnit.net 00:00:07.31]       2025-08-22 05:00:50.810 +08:00 [INF] DESKTOP-J6M8022 34864/14 SystemMonitor.Service.Worker Worker running at: "2025-08-22T05:00:50.8103703+08:00"&#xD;
[xUnit.net 00:00:07.31]       2025-08-22 05:00:51.819 +08:00 [INF] DESKTOP-J6M8022 34864/14 SystemMonitor.Service.Worker Worker running at: "2025-08-22T05:00:51.8191149+08:00"&#xD;
[xUnit.net 00:00:07.31]       2025-08-22 05:00:52.832 +08:00 [INF] DESKTOP-J6M8022 34864/14 SystemMonitor.Service.Worker Worker running at: "2025-08-22T05:00:52.8322629+08:00"&#xD;
[xUnit.net 00:00:07.31]       2025-08-22 05:00:53.102 +08:00 [INF] DESKTOP-J6M8022 34864/14 SystemMonitor.Service.Services.RpcHostedService 客户端已连接&#xD;
[xUnit.net 00:00:07.31]       2025-08-22 05:00:53.102 +08:00 [INF] DESKTOP-J6M8022 34864/14 SystemMonitor.Service.Services.RpcHostedService 客户端会话建立: conn="a1d8b427-d708-44e2-9952-15a5a936e6af"&#xD;
[xUnit.net 00:00:07.31]       2025-08-22 05:00:53.105 +08:00 [INF] DESKTOP-J6M8022 34864/13 SystemMonitor.Service.Services.RpcHostedService 客户端断开：已达到流的结尾。 conn="a1d8b427-d708-44e2-9952-15a5a936e6af"&#xD;
[xUnit.net 00:00:07.31]       2025-08-22 05:00:53.839 +08:00 [INF] DESKTOP-J6M8022 34864/9 SystemMonitor.Service.Worker Worker running at: "2025-08-22T05:00:53.8390210+08:00"&#xD;
[xUnit.net 00:00:07.31]       2025-08-22 05:00:54.844 +08:00 [INF] DESKTOP-J6M8022 34864/9 SystemMonitor.Service.Worker Worker running at: "2025-08-22T05:00:54.8440332+08:00"&#xD;
[xUnit.net 00:00:07.31]       2025-08-22 05:00:55.849 +08:00 [INF] DESKTOP-J6M8022 34864/14 SystemMonitor.Service.Worker Worker running at: "2025-08-22T05:00:55.8498931+08:00"&#xD;
[xUnit.net 00:00:07.31]       2025-08-22 05:00:56.855 +08:00 [INF] DESKTOP-J6M8022 34864/12 SystemMonitor.Service.Worker Worker running at: "2025-08-22T05:00:56.8554623+08:00"&#xD;
[xUnit.net 00:00:07.31]       2025-08-22 05:00:57.861 +08:00 [INF] DESKTOP-J6M8022 34864/12 SystemMonitor.Service.Worker Worker running at: "2025-08-22T05:00:57.8610329+08:00"&#xD;
[xUnit.net 00:00:07.31]       2025-08-22 05:00:58.111 +08:00 [INF] DESKTOP-J6M8022 34864/8 SystemMonitor.Service.Services.RpcHostedService 客户端已连接&#xD;
[xUnit.net 00:00:07.31]       2025-08-22 05:00:58.111 +08:00 [INF] DESKTOP-J6M8022 34864/8 SystemMonitor.Service.Services.RpcHostedService 客户端会话建立: conn="667ed3f1-bd30-41e0-92ff-80608571c1ce"&#xD;
[xUnit.net 00:00:07.31]       2025-08-22 05:00:58.116 +08:00 [INF] DESKTOP-J6M8022 34864/12 SystemMonitor.Service.Services.RpcHostedService 客户端断开：已达到流的结尾。 conn="667ed3f1-bd30-41e0-92ff-80608571c1ce"&#xD;
[xUnit.net 00:00:07.31]       2025-08-22 05:00:58.863 +08:00 [INF] DESKTOP-J6M8022 34864/8 SystemMonitor.Service.Worker Worker running at: "2025-08-22T05:00:58.8635685+08:00"&#xD;
[xUnit.net 00:00:07.31]       2025-08-22 05:00:59.864 +08:00 [INF] DESKTOP-J6M8022 34864/13 SystemMonitor.Service.Worker Worker running at: "2025-08-22T05:00:59.8639948+08:00"&#xD;
[xUnit.net 00:00:07.31]       2025-08-22 05:01:00.871 +08:00 [INF] DESKTOP-J6M8022 34864/8 SystemMonitor.Service.Worker Worker running at: "2025-08-22T05:01:00.8711317+08:00"&#xD;
[xUnit.net 00:00:07.31]       2025-08-22 05:01:01.872 +08:00 [INF] DESKTOP-J6M8022 34864/8 SystemMonitor.Service.Worker Worker running at: "2025-08-22T05:01:01.8723849+08:00"&#xD;
[xUnit.net 00:00:07.31]       2025-08-22 05:01:02.874 +08:00 [INF] DESKTOP-J6M8022 34864/13 SystemMonitor.Service.Worker Worker running at: "2025-08-22T05:01:02.8742125+08:00"&#xD;
[xUnit.net 00:00:07.31]       2025-08-22 05:01:03.109 +08:00 [INF] DESKTOP-J6M8022 34864/13 SystemMonitor.Service.Services.RpcHostedService 客户端已连接&#xD;
[xUnit.net 00:00:07.31]       2025-08-22 05:01:03.109 +08:00 [INF] DESKTOP-J6M8022 34864/13 SystemMonitor.Service.Services.RpcHostedService 客户端会话建立: conn="6f7008b5-fb8e-492a-bb7e-9769bc95aca3"&#xD;
[xUnit.net 00:00:07.31]       2025-08-22 05:01:03.113 +08:00 [INF] DESKTOP-J6M8022 34864/13 SystemMonitor.Service.Services.RpcHostedService 客户端断开：已达到流的结尾。 conn="6f7008b5-fb8e-492a-bb7e-9769bc95aca3"&#xD;
[xUnit.net 00:00:07.31]       2025-08-22 05:01:03.878 +08:00 [INF] DESKTOP-J6M8022 34864/9 SystemMonitor.Service.Worker Worker running at: "2025-08-22T05:01:03.8780156+08:00"&#xD;
[xUnit.net 00:00:07.31]       2025-08-22 05:01:04.882 +08:00 [INF] DESKTOP-J6M8022 34864/9 SystemMonitor.Service.Worker Worker running at: "2025-08-22T05:01:04.8824276+08:00"&#xD;
[xUnit.net 00:00:07.31]       2025-08-22 05:01:05.888 +08:00 [INF] DESKTOP-J6M8022 34864/9 SystemMonitor.Service.Worker Worker running at: "2025-08-22T05:01:05.8884444+08:00"&#xD;
[xUnit.net 00:00:07.31]       2025-08-22 05:01:06.898 +08:00 [INF] DESKTOP-J6M8022 34864/13 SystemMonitor.Service.Worker Worker running at: "2025-08-22T05:01:06.8980438+08:00"&#xD;
[xUnit.net 00:00:07.31]       2025-08-22 05:01:07.902 +08:00 [INF] DESKTOP-J6M8022 34864/12 SystemMonitor.Service.Worker Worker running at: "2025-08-22T05:01:07.9022915+08:00"&#xD;
[xUnit.net 00:00:07.31]       2025-08-22 05:01:08.106 +08:00 [INF] DESKTOP-J6M8022 34864/12 SystemMonitor.Service.Services.RpcHostedService 客户端已连接&#xD;
[xUnit.net 00:00:07.31]       2025-08-22 05:01:08.106 +08:00 [INF] DESKTOP-J6M8022 34864/12 SystemMonitor.Service.Services.RpcHostedService 客户端会话建立: conn="57e57623-52be-4bde-b1c7-694c9251d418"&#xD;
[xUnit.net 00:00:07.31]       2025-08-22 05:01:08.111 +08:00 [INF] DESKTOP-J6M8022 34864/14 SystemMonitor.Service.Services.RpcHostedService 客户端断开：已达到流的结尾。 conn="57e57623-52be-4bde-b1c7-694c9251d418"&#xD;
[xUnit.net 00:00:07.31]       2025-08-22 05:01:08.904 +08:00 [INF] DESKTOP-J6M8022 34864/13 SystemMonitor.Service.Worker Worker running at: "2025-08-22T05:01:08.9045942+08:00"&#xD;
[xUnit.net 00:00:07.31]       2025-08-22 05:01:09.905 +08:00 [INF] DESKTOP-J6M8022 34864/12 SystemMonitor.Service.Worker Worker running at: "2025-08-22T05:01:09.9059497+08:00"&#xD;
[xUnit.net 00:00:07.31]       2025-08-22 05:01:10.910 +08:00 [INF] DESKTOP-J6M8022 34864/8 SystemMonitor.Service.Worker Worker running at: "2025-08-22T05:01:10.9104565+08:00"&#xD;
[xUnit.net 00:00:07.31]       2025-08-22 05:01:11.913 +08:00 [INF] DESKTOP-J6M8022 34864/12 SystemMonitor.Service.Worker Worker running at: "2025-08-22T05:01:11.9132884+08:00"&#xD;
[xUnit.net 00:00:07.31]       2025-08-22 05:01:12.917 +08:00 [INF] DESKTOP-J6M8022 34864/8 SystemMonitor.Service.Worker Worker running at: "2025-08-22T05:01:12.9173706+08:00"&#xD;
[xUnit.net 00:00:07.31]       2025-08-22 05:01:13.103 +08:00 [INF] DESKTOP-J6M8022 34864/8 SystemMonitor.Service.Services.RpcHostedService 客户端已连接&#xD;
[xUnit.net 00:00:07.31]       2025-08-22 05:01:13.103 +08:00 [INF] DESKTOP-J6M8022 34864/8 SystemMonitor.Service.Services.RpcHostedService 客户端会话建立: conn="8c8ff938-4ec2-4b63-94b8-07d74318db55"&#xD;
[xUnit.net 00:00:07.31]       2025-08-22 05:01:13.107 +08:00 [INF] DESKTOP-J6M8022 34864/12 SystemMonitor.Service.Services.RpcHostedService 客户端断开：已达到流的结尾。 conn="8c8ff938-4ec2-4b63-94b8-07d74318db55"&#xD;
[xUnit.net 00:00:07.31]       2025-08-22 05:01:13.395 +08:00 [INF] DESKTOP-J6M8022 34864/8 SystemMonitor.Service.Services.RpcHostedService 客户端已连接&#xD;
[xUnit.net 00:00:07.31]       2025-08-22 05:01:13.395 +08:00 [INF] DESKTOP-J6M8022 34864/8 SystemMonitor.Service.Services.RpcHostedService 客户端会话建立: conn="0d0e45ce-49cf-483b-8035-5df65c66b336"&#xD;
[xUnit.net 00:00:07.31]       2025-08-22 05:01:13.409 +08:00 [INF] DESKTOP-J6M8022 34864/8 SystemMonitor.Service.Services.RpcHostedService snapshot called, modules=*&#xD;
[xUnit.net 00:00:07.31]       2025-08-22 05:01:13.415 +08:00 [INF] DESKTOP-J6M8022 34864/12 SystemMonitor.Service.Services.RpcHostedService 客户端断开：已达到流的结尾。 conn="0d0e45ce-49cf-483b-8035-5df65c66b336"&#xD;
[xUnit.net 00:00:07.31]       2025-08-22 05:01:13.923 +08:00 [INF] DESKTOP-J6M8022 34864/14 SystemMonitor.Service.Worker Worker running at: "2025-08-22T05:01:13.9232807+08:00"&#xD;
[xUnit.net 00:00:07.31]       2025-08-22 05:01:14.929 +08:00 [INF] DESKTOP-J6M8022 34864/12 SystemMonitor.Service.Worker Worker running at: "2025-08-22T05:01:14.9292827+08:00"&#xD;
[xUnit.net 00:00:07.31]       2025-08-22 05:01:15.932 +08:00 [INF] DESKTOP-J6M8022 34864/8 SystemMonitor.Service.Worker Worker running at: "2025-08-22T05:01:15.9326500+08:00"&#xD;
[xUnit.net 00:00:07.31]       2025-08-22 05:01:16.939 +08:00 [INF] DESKTOP-J6M8022 34864/14 SystemMonitor.Service.Worker Worker running at: "2025-08-22T05:01:16.9393680+08:00"&#xD;
[xUnit.net 00:00:07.31]       2025-08-22 05:01:17.943 +08:00 [INF] DESKTOP-J6M8022 34864/8 SystemMonitor.Service.Worker Worker running at: "2025-08-22T05:01:17.9432416+08:00"&#xD;
[xUnit.net 00:00:07.31]       2025-08-22 05:01:18.116 +08:00 [INF] DESKTOP-J6M8022 34864/8 SystemMonitor.Service.Services.RpcHostedService 客户端已连接&#xD;
[xUnit.net 00:00:07.31]       2025-08-22 05:01:18.116 +08:00 [INF] DESKTOP-J6M8022 34864/8 SystemMonitor.Service.Services.RpcHostedService 客户端会话建立: conn="4caa660b-18e4-4979-bebe-31bdd3b07642"&#xD;
[xUnit.net 00:00:07.31]       2025-08-22 05:01:18.119 +08:00 [INF] DESKTOP-J6M8022 34864/12 SystemMonitor.Service.Services.RpcHostedService 客户端断开：已达到流的结尾。 conn="4caa660b-18e4-4979-bebe-31bdd3b07642"&#xD;
[xUnit.net 00:00:07.31]       2025-08-22 05:01:18.947 +08:00 [INF] DESKTOP-J6M8022 34864/8 SystemMonitor.Service.Worker Worker running at: "2025-08-22T05:01:18.9470563+08:00"&#xD;
[xUnit.net 00:00:07.31]       2025-08-22 05:01:19.950 +08:00 [INF] DESKTOP-J6M8022 34864/8 SystemMonitor.Service.Worker Worker running at: "2025-08-22T05:01:19.9501774+08:00"&#xD;
[xUnit.net 00:00:07.31]       2025-08-22 05:01:20.958 +08:00 [INF] DESKTOP-J6M8022 34864/8 SystemMonitor.Service.Worker Worker running at: "2025-08-22T05:01:20.9579718+08:00"&#xD;
[xUnit.net 00:00:07.31]       2025-08-22 05:01:21.959 +08:00 [INF] DESKTOP-J6M8022 34864/14 SystemMonitor.Service.Worker Worker running at: "2025-08-22T05:01:21.9594726+08:00"&#xD;
[xUnit.net 00:00:07.31]       2025-08-22 05:01:22.963 +08:00 [INF] DESKTOP-J6M8022 34864/8 SystemMonitor.Service.Worker Worker running at: "2025-08-22T05:01:22.9634519+08:00"&#xD;
[xUnit.net 00:00:07.31]       2025-08-22 05:01:23.105 +08:00 [INF] DESKTOP-J6M8022 34864/8 SystemMonitor.Service.Services.RpcHostedService 客户端已连接&#xD;
[xUnit.net 00:00:07.31]       2025-08-22 05:01:23.105 +08:00 [INF] DESKTOP-J6M8022 34864/8 SystemMonitor.Service.Services.RpcHostedService 客户端会话建立: conn="8639769c-80fa-407f-b9a9-4050afd76198"&#xD;
[xUnit.net 00:00:07.31]       2025-08-22 05:01:23.107 +08:00 [INF] DESKTOP-J6M8022 34864/14 SystemMonitor.Service.Services.RpcHostedService 客户端断开：已达到流的结尾。 conn="8639769c-80fa-407f-b9a9-4050afd76198"&#xD;
[xUnit.net 00:00:07.31]       2025-08-22 05:01:23.971 +08:00 [INF] DESKTOP-J6M8022 34864/11 SystemMonitor.Service.Worker Worker running at: "2025-08-22T05:01:23.9715344+08:00"&#xD;
[xUnit.net 00:00:07.31]       2025-08-22 05:01:24.982 +08:00 [INF] DESKTOP-J6M8022 34864/11 SystemMonitor.Service.Worker Worker running at: "2025-08-22T05:01:24.9819615+08:00"&#xD;
[xUnit.net 00:00:07.31]       2025-08-22 05:01:25.994 +08:00 [INF] DESKTOP-J6M8022 34864/11 SystemMonitor.Service.Worker Worker running at: "2025-08-22T05:01:25.9941989+08:00"&#xD;
[xUnit.net 00:00:07.31]       2025-08-22 05:01:26.999 +08:00 [INF] DESKTOP-J6M8022 34864/8 SystemMonitor.Service.Worker Worker running at: "2025-08-22T05:01:26.9999359+08:00"&#xD;
[xUnit.net 00:00:07.31]       2025-08-22 05:01:28.013 +08:00 [INF] DESKTOP-J6M8022 34864/11 SystemMonitor.Service.Worker Worker running at: "2025-08-22T05:01:28.0133025+08:00"&#xD;
[xUnit.net 00:00:07.31]       2025-08-22 05:01:28.109 +08:00 [INF] DESKTOP-J6M8022 34864/11 SystemMonitor.Service.Services.RpcHostedService 客户端已连接&#xD;
[xUnit.net 00:00:07.31]       2025-08-22 05:01:28.109 +08:00 [INF] DESKTOP-J6M8022 34864/11 SystemMonitor.Service.Services.RpcHostedService 客户端会话建立: conn="fda2e581-c0a4-4aa4-a5e0-11787ca179bd"&#xD;
[xUnit.net 00:00:07.31]       2025-08-22 05:01:28.112 +08:00 [INF] DESKTOP-J6M8022 34864/11 SystemMonitor.Service.Services.RpcHostedService 客户端断开：已达到流的结尾。 conn="fda2e581-c0a4-4aa4-a5e0-11787ca179bd"&#xD;
[xUnit.net 00:00:07.31]       2025-08-22 05:01:29.018 +08:00 [INF] DESKTOP-J6M8022 34864/11 SystemMonitor.Service.Worker Worker running at: "2025-08-22T05:01:29.0183364+08:00"&#xD;
[xUnit.net 00:00:07.31]       2025-08-22 05:01:30.019 +08:00 [INF] DESKTOP-J6M8022 34864/8 SystemMonitor.Service.Worker Worker running at: "2025-08-22T05:01:30.0195935+08:00"&#xD;
[xUnit.net 00:00:07.31]       2025-08-22 05:01:31.026 +08:00 [INF] DESKTOP-J6M8022 34864/8 SystemMonitor.Service.Worker Worker running at: "2025-08-22T05:01:31.0262398+08:00"&#xD;
[xUnit.net 00:00:07.31]       2025-08-22 05:01:32.031 +08:00 [INF] DESKTOP-J6M8022 34864/12 SystemMonitor.Service.Worker Worker running at: "2025-08-22T05:01:32.0310132+08:00"&#xD;
[xUnit.net 00:00:07.31]       2025-08-22 05:01:33.035 +08:00 [INF] DESKTOP-J6M8022 34864/12 SystemMonitor.Service.Worker Worker running at: "2025-08-22T05:01:33.0357910+08:00"&#xD;
[xUnit.net 00:00:07.31]       2025-08-22 05:01:33.116 +08:00 [INF] DESKTOP-J6M8022 34864/12 SystemMonitor.Service.Services.RpcHostedService 客户端已连接&#xD;
[xUnit.net 00:00:07.31]       2025-08-22 05:01:33.116 +08:00 [INF] DESKTOP-J6M8022 34864/12 SystemMonitor.Service.Services.RpcHostedService 客户端会话建立: conn="34e1094f-2d5d-4eb2-b05a-37c0e40cc011"&#xD;
[xUnit.net 00:00:07.31]       2025-08-22 05:01:33.119 +08:00 [INF] DESKTOP-J6M8022 34864/8 SystemMonitor.Service.Services.RpcHostedService 客户端断开：已达到流的结尾。 conn="34e1094f-2d5d-4eb2-b05a-37c0e40cc011"&#xD;
[xUnit.net 00:00:07.31]       2025-08-22 05:01:34.041 +08:00 [INF] DESKTOP-J6M8022 34864/8 SystemMonitor.Service.Worker Worker running at: "2025-08-22T05:01:34.0416262+08:00"&#xD;
[xUnit.net 00:00:07.31]       2025-08-22 05:01:35.045 +08:00 [INF] DESKTOP-J6M8022 34864/8 SystemMonitor.Service.Worker Worker running at: "2025-08-22T05:01:35.0457088+08:00"&#xD;
[xUnit.net 00:00:07.31]       2025-08-22 05:01:36.047 +08:00 [INF] DESKTOP-J6M8022 34864/12 SystemMonitor.Service.Worker Worker running at: "2025-08-22T05:01:36.0479378+08:00"&#xD;
[xUnit.net 00:00:07.31]       2025-08-22 05:01:37.050 +08:00 [INF] DESKTOP-J6M8022 34864/12 SystemMonitor.Service.Worker Worker running at: "2025-08-22T05:01:37.0504892+08:00"&#xD;
[xUnit.net 00:00:07.31]       2025-08-22 05:01:38.061 +08:00 [INF] DESKTOP-J6M8022 34864/14 SystemMonitor.Service.Worker Worker running at: "2025-08-22T05:01:38.0614429+08:00"&#xD;
[xUnit.net 00:00:07.31]       2025-08-22 05:01:38.110 +08:00 [INF] DESKTOP-J6M8022 34864/12 SystemMonitor.Service.Services.RpcHostedService 客户端已连接&#xD;
[xUnit.net 00:00:07.31]       2025-08-22 05:01:38.110 +08:00 [INF] DESKTOP-J6M8022 34864/12 SystemMonitor.Service.Services.RpcHostedService 客户端会话建立: conn="06117a62-6040-4241-9927-358af4226d43"&#xD;
[xUnit.net 00:00:07.31]       2025-08-22 05:01:38.113 +08:00 [INF] DESKTOP-J6M8022 34864/14 SystemMonitor.Service.Services.RpcHostedService 客户端断开：已达到流的结尾。 conn="06117a62-6040-4241-9927-358af4226d43"&#xD;
[xUnit.net 00:00:07.31]       2025-08-22 05:01:39.064 +08:00 [INF] DESKTOP-J6M8022 34864/14 SystemMonitor.Service.Worker Worker running at: "2025-08-22T05:01:39.0644324+08:00"&#xD;
[xUnit.net 00:00:07.31]       2025-08-22 05:01:40.069 +08:00 [INF] DESKTOP-J6M8022 34864/8 SystemMonitor.Service.Worker Worker running at: "2025-08-22T05:01:40.0698228+08:00"&#xD;
[xUnit.net 00:00:07.31]       2025-08-22 05:01:41.072 +08:00 [INF] DESKTOP-J6M8022 34864/8 SystemMonitor.Service.Worker Worker running at: "2025-08-22T05:01:41.0721700+08:00"&#xD;
[xUnit.net 00:00:07.31]       2025-08-22 05:01:42.086 +08:00 [INF] DESKTOP-J6M8022 34864/11 SystemMonitor.Service.Worker Worker running at: "2025-08-22T05:01:42.0860513+08:00"&#xD;
[xUnit.net 00:00:07.31]       2025-08-22 05:01:43.101 +08:00 [INF] DESKTOP-J6M8022 34864/8 SystemMonitor.Service.Worker Worker running at: "2025-08-22T05:01:43.1011436+08:00"&#xD;
[xUnit.net 00:00:07.31]       2025-08-22 05:01:43.105 +08:00 [INF] DESKTOP-J6M8022 34864/9 SystemMonitor.Service.Services.RpcHostedService 客户端已连接&#xD;
[xUnit.net 00:00:07.31]       2025-08-22 05:01:43.105 +08:00 [INF] DESKTOP-J6M8022 34864/9 SystemMonitor.Service.Services.RpcHostedService 客户端会话建立: conn="860b5ccb-a321-4101-b6d7-ba8cfd17c2fa"&#xD;
[xUnit.net 00:00:07.31]       2025-08-22 05:01:43.109 +08:00 [INF] DESKTOP-J6M8022 34864/8 SystemMonitor.Service.Services.RpcHostedService 客户端断开：已达到流的结尾。 conn="860b5ccb-a321-4101-b6d7-ba8cfd17c2fa"&#xD;
[xUnit.net 00:00:07.31]       2025-08-22 05:01:43.386 +08:00 [INF] DESKTOP-J6M8022 34864/11 SystemMonitor.Service.Services.RpcHostedService 客户端已连接&#xD;
[xUnit.net 00:00:07.31]       2025-08-22 05:01:43.386 +08:00 [INF] DESKTOP-J6M8022 34864/11 SystemMonitor.Service.Services.RpcHostedService 客户端会话建立: conn="7103465a-6b36-49d0-b971-0765ff27b367"&#xD;
[xUnit.net 00:00:07.31]       2025-08-22 05:01:43.387 +08:00 [INF] DESKTOP-J6M8022 34864/11 SystemMonitor.Service.Services.RpcHostedService snapshot called, modules=*&#xD;
[xUnit.net 00:00:07.31]       2025-08-22 05:01:43.394 +08:00 [INF] DESKTOP-J6M8022 34864/14 SystemMonitor.Service.Services.RpcHostedService 客户端断开：已达到流的结尾。 conn="7103465a-6b36-49d0-b971-0765ff27b367"&#xD;
[xUnit.net 00:00:07.31]       2025-08-22 05:01:44.107 +08:00 [INF] DESKTOP-J6M8022 34864/11 SystemMonitor.Service.Worker Worker running at: "2025-08-22T05:01:44.1078485+08:00"&#xD;
[xUnit.net 00:00:07.31]       2025-08-22 05:01:45.116 +08:00 [INF] DESKTOP-J6M8022 34864/8 SystemMonitor.Service.Worker Worker running at: "2025-08-22T05:01:45.1165225+08:00"&#xD;
[xUnit.net 00:00:07.31]       2025-08-22 05:01:46.125 +08:00 [INF] DESKTOP-J6M8022 34864/8 SystemMonitor.Service.Worker Worker running at: "2025-08-22T05:01:46.1259467+08:00"&#xD;
[xUnit.net 00:00:07.31]       2025-08-22 05:01:47.131 +08:00 [INF] DESKTOP-J6M8022 34864/8 SystemMonitor.Service.Worker Worker running at: "2025-08-22T05:01:47.1319177+08:00"&#xD;
[xUnit.net 00:00:07.31]       2025-08-22 05:01:48.110 +08:00 [INF] DESKTOP-J6M8022 34864/9 SystemMonitor.Service.Services.RpcHostedService 客户端已连接&#xD;
[xUnit.net 00:00:07.31]       2025-08-22 05:01:48.111 +08:00 [INF] DESKTOP-J6M8022 34864/9 SystemMonitor.Service.Services.RpcHostedService 客户端会话建立: conn="dc929a0f-2511-48c2-b921-bb00e3b2d95e"&#xD;
[xUnit.net 00:00:07.31]       2025-08-22 05:01:48.113 +08:00 [INF] DESKTOP-J6M8022 34864/9 SystemMonitor.Service.Services.RpcHostedService 客户端断开：已达到流的结尾。 conn="dc929a0f-2511-48c2-b921-bb00e3b2d95e"&#xD;
[xUnit.net 00:00:07.31]       2025-08-22 05:01:48.139 +08:00 [INF] DESKTOP-J6M8022 34864/9 SystemMonitor.Service.Worker Worker running at: "2025-08-22T05:01:48.1397480+08:00"&#xD;
[xUnit.net 00:00:07.31]       2025-08-22 05:01:49.149 +08:00 [INF] DESKTOP-J6M8022 34864/9 SystemMonitor.Service.Worker Worker running at: "2025-08-22T05:01:49.1490602+08:00"&#xD;
[xUnit.net 00:00:07.31]       2025-08-22 05:01:50.156 +08:00 [INF] DESKTOP-J6M8022 34864/9 SystemMonitor.Service.Worker Worker running at: "2025-08-22T05:01:50.1565687+08:00"&#xD;
[xUnit.net 00:00:07.31]       2025-08-22 05:01:51.163 +08:00 [INF] DESKTOP-J6M8022 34864/8 SystemMonitor.Service.Worker Worker running at: "2025-08-22T05:01:51.1638742+08:00"&#xD;
[xUnit.net 00:00:07.31]       2025-08-22 05:01:52.175 +08:00 [INF] DESKTOP-J6M8022 34864/8 SystemMonitor.Service.Worker Worker running at: "2025-08-22T05:01:52.1751866+08:00"&#xD;
[xUnit.net 00:00:07.31]       2025-08-22 05:01:53.106 +08:00 [INF] DESKTOP-J6M8022 34864/8 SystemMonitor.Service.Services.RpcHostedService 客户端已连接&#xD;
[xUnit.net 00:00:07.31]       2025-08-22 05:01:53.106 +08:00 [INF] DESKTOP-J6M8022 34864/8 SystemMonitor.Service.Services.RpcHostedService 客户端会话建立: conn="cf08e297-f8bc-42e5-a912-8cdf3760d104"&#xD;
[xUnit.net 00:00:07.31]       2025-08-22 05:01:53.109 +08:00 [INF] DESKTOP-J6M8022 34864/14 SystemMonitor.Service.Services.RpcHostedService 客户端断开：已达到流的结尾。 conn="cf08e297-f8bc-42e5-a912-8cdf3760d104"&#xD;
[xUnit.net 00:00:07.31]       2025-08-22 05:01:53.183 +08:00 [INF] DESKTOP-J6M8022 34864/12 SystemMonitor.Service.Worker Worker running at: "2025-08-22T05:01:53.1832976+08:00"&#xD;
[xUnit.net 00:00:07.31]       2025-08-22 05:01:54.188 +08:00 [INF] DESKTOP-J6M8022 34864/12 SystemMonitor.Service.Worker Worker running at: "2025-08-22T05:01:54.1886519+08:00"&#xD;
[xUnit.net 00:00:07.31]       2025-08-22 05:01:55.189 +08:00 [INF] DESKTOP-J6M8022 34864/12 SystemMonitor.Service.Worker Worker running at: "2025-08-22T05:01:55.1890118+08:00"&#xD;
[xUnit.net 00:00:07.31]       2025-08-22 05:01:56.201 +08:00 [INF] DESKTOP-J6M8022 34864/14 SystemMonitor.Service.Worker Worker running at: "2025-08-22T05:01:56.2011712+08:00"&#xD;
[xUnit.net 00:00:07.31]       2025-08-22 05:01:57.203 +08:00 [INF] DESKTOP-J6M8022 34864/12 SystemMonitor.Service.Worker Worker running at: "2025-08-22T05:01:57.2030740+08:00"&#xD;
[xUnit.net 00:00:07.31]       2025-08-22 05:01:58.150 +08:00 [INF] DESKTOP-J6M8022 34864/11 SystemMonitor.Service.Services.RpcHostedService 客户端已连接&#xD;
[xUnit.net 00:00:07.31]       2025-08-22 05:01:58.150 +08:00 [INF] DESKTOP-J6M8022 34864/11 SystemMonitor.Service.Services.RpcHostedService 客户端会话建立: conn="12ea3cb9-6e37-4a78-8a02-17ba9963b724"&#xD;
[xUnit.net 00:00:07.31]       2025-08-22 05:01:58.164 +08:00 [INF] DESKTOP-J6M8022 34864/14 SystemMonitor.Service.Services.RpcHostedService 客户端断开：已达到流的结尾。 conn="12ea3cb9-6e37-4a78-8a02-17ba9963b724"&#xD;
[xUnit.net 00:00:07.31]       2025-08-22 05:01:58.220 +08:00 [INF] DESKTOP-J6M8022 34864/14 SystemMonitor.Service.Worker Worker running at: "2025-08-22T05:01:58.2204087+08:00"&#xD;
[xUnit.net 00:00:07.31]       2025-08-22 05:01:59.232 +08:00 [INF] DESKTOP-J6M8022 34864/11 SystemMonitor.Service.Worker Worker running at: "2025-08-22T05:01:59.2321592+08:00"&#xD;
[xUnit.net 00:00:07.31]       2025-08-22 05:02:00.236 +08:00 [INF] DESKTOP-J6M8022 34864/14 SystemMonitor.Service.Worker Worker running at: "2025-08-22T05:02:00.2367533+08:00"&#xD;
[xUnit.net 00:00:07.31]       2025-08-22 05:02:01.245 +08:00 [INF] DESKTOP-J6M8022 34864/11 SystemMonitor.Service.Worker Worker running at: "2025-08-22T05:02:01.2451701+08:00"&#xD;
[xUnit.net 00:00:07.31]       2025-08-22 05:02:02.255 +08:00 [INF] DESKTOP-J6M8022 34864/11 SystemMonitor.Service.Worker Worker running at: "2025-08-22T05:02:02.2559126+08:00"&#xD;
[xUnit.net 00:00:07.31]       Stack Trace:&#xD;
[xUnit.net 00:00:07.31]         C:\code\sys-sensor-v3\src\SystemMonitor.Tests\EndToEndTests.cs(151,0): at SystemMonitor.Tests.EndToEndTests.WaitPipeReadyAsync(TimeSpan timeout)&#xD;
[xUnit.net 00:00:07.31]         C:\code\sys-sensor-v3\src\SystemMonitor.Tests\EndToEndTests.cs(278,0): at SystemMonitor.Tests.EndToEndTests.InitializeAsync()&#xD;
[svc][out] 正在生成...&#xD;
[test][pipe-wait] last-win32=2 elapsed=0.0s&#xD;
[test][pipe-wait] last-win32=2 elapsed=0.2s&#xD;
[test][pipe-wait] last-win32=2 elapsed=0.4s&#xD;
[test][pipe-wait] last-win32=2 elapsed=0.6s&#xD;
[test][pipe-wait] last-win32=2 elapsed=0.8s&#xD;
[test][pipe-wait] last-win32=2 elapsed=1.0s&#xD;
[test][pipe-wait] last-win32=2 elapsed=1.2s&#xD;
[svc][out] C:\code\sys-sensor-v3\src\SystemMonitor.Service\Services\RpcHostedService.cs(201,31): error CS0103: 当前上下文中不存在名称“TryCreateCounter�?[C:\code\sys-sensor-v3\src\SystemMonitor.Service\SystemMonitor.Service.csproj]&#xD;
[svc][out] C:\code\sys-sensor-v3\src\SystemMonitor.Service\Services\RpcHostedService.cs(203,35): error CS0103: 当前上下文中不存在名称“TryCreateCounter�?[C:\code\sys-sensor-v3\src\SystemMonitor.Service\SystemMonitor.Service.csproj]&#xD;
[svc][out] C:\code\sys-sensor-v3\src\SystemMonitor.Service\Program.cs(76,13): warning CA1416: 可在所有平台上访问此调用站点�?RpcHostedService" 仅在 'windows' 上受支持�?(https://learn.microsoft.com/dotnet/fundamentals/code-analysis/quality-rules/ca1416) [C:\code\sys-sensor-v3\src\SystemMonitor.Service\SystemMonitor.Service.csproj]&#xD;
[svc][err] 生成失败。请修复生成错误并重新运行�?&#xD;
[xUnit.net 00:00:09.25]       System.InvalidOperationException : Service exited while waiting for pipe. Code=1. Tail:
[svc][out] 姝ｅ湪鐢熸垚...&#xD;
[xUnit.net 00:00:09.25]       [svc][out] C:\code\sys-sensor-v3\src\SystemMonitor.Service\Services\RpcHostedService.cs(201,31): error CS0103: 褰撳墠涓婁笅鏂囦腑涓嶅瓨鍦ㄥ悕绉扳€淭ryCreateCounter鈥?[C:\code\sys-sensor-v3\src\SystemMonitor.Service\SystemMonitor.Service.csproj]&#xD;
[xUnit.net 00:00:09.25]       [svc][out] C:\code\sys-sensor-v3\src\SystemMonitor.Service\Services\RpcHostedService.cs(203,35): error CS0103: 褰撳墠涓婁笅鏂囦腑涓嶅瓨鍦ㄥ悕绉扳€淭ryCreateCounter鈥?[C:\code\sys-sensor-v3\src\SystemMonitor.Service\SystemMonitor.Service.csproj]&#xD;
[xUnit.net 00:00:09.25]       [svc][out] C:\code\sys-sensor-v3\src\SystemMonitor.Service\Program.cs(76,13): warning CA1416: 鍙湪鎵€鏈夊钩鍙颁笂璁块棶姝よ皟鐢ㄧ珯鐐广€?RpcHostedService" 浠呭湪 'windows' 涓婂彈鏀寔銆?(https://learn.microsoft.com/dotnet/fundamentals/code-analysis/quality-rules/ca1416) [C:\code\sys-sensor-v3\src\SystemMonitor.Service\SystemMonitor.Service.csproj]&#xD;
[xUnit.net 00:00:09.25]       [svc][err] 鐢熸垚澶辫触銆傝淇鐢熸垚閿欒骞堕噸鏂拌繍琛屻€?
[file-log-tail]
2025-08-22 05:00:07.505 +08:00 [INF] DESKTOP-J6M8022 34864/11 SystemMonitor.Service.Worker Worker running at: "2025-08-22T05:00:07.5059406+08:00"&#xD;
[xUnit.net 00:00:09.25]       2025-08-22 05:00:08.115 +08:00 [INF] DESKTOP-J6M8022 34864/11 SystemMonitor.Service.Services.RpcHostedService 客户端已连接&#xD;
[xUnit.net 00:00:09.25]       2025-08-22 05:00:08.115 +08:00 [INF] DESKTOP-J6M8022 34864/11 SystemMonitor.Service.Services.RpcHostedService 客户端会话建立: conn="3ebaf5c9-7a90-4c1f-8d06-77e4b9511b6b"&#xD;
[xUnit.net 00:00:09.25]       2025-08-22 05:00:08.119 +08:00 [INF] DESKTOP-J6M8022 34864/11 SystemMonitor.Service.Services.RpcHostedService 客户端断开：已达到流的结尾。 conn="3ebaf5c9-7a90-4c1f-8d06-77e4b9511b6b"&#xD;
[xUnit.net 00:00:09.25]       2025-08-22 05:00:08.515 +08:00 [INF] DESKTOP-J6M8022 34864/11 SystemMonitor.Service.Worker Worker running at: "2025-08-22T05:00:08.5155952+08:00"&#xD;
[xUnit.net 00:00:09.25]       2025-08-22 05:00:09.524 +08:00 [INF] DESKTOP-J6M8022 34864/9 SystemMonitor.Service.Worker Worker running at: "2025-08-22T05:00:09.5241284+08:00"&#xD;
[xUnit.net 00:00:09.25]       2025-08-22 05:00:10.532 +08:00 [INF] DESKTOP-J6M8022 34864/8 SystemMonitor.Service.Worker Worker running at: "2025-08-22T05:00:10.5324730+08:00"&#xD;
[xUnit.net 00:00:09.25]       2025-08-22 05:00:11.535 +08:00 [INF] DESKTOP-J6M8022 34864/12 SystemMonitor.Service.Worker Worker running at: "2025-08-22T05:00:11.5357528+08:00"&#xD;
[xUnit.net 00:00:09.25]       2025-08-22 05:00:12.548 +08:00 [INF] DESKTOP-J6M8022 34864/8 SystemMonitor.Service.Worker Worker running at: "2025-08-22T05:00:12.5481912+08:00"&#xD;
[xUnit.net 00:00:09.25]       2025-08-22 05:00:13.107 +08:00 [INF] DESKTOP-J6M8022 34864/12 SystemMonitor.Service.Services.RpcHostedService 客户端已连接&#xD;
[xUnit.net 00:00:09.25]       2025-08-22 05:00:13.107 +08:00 [INF] DESKTOP-J6M8022 34864/12 SystemMonitor.Service.Services.RpcHostedService 客户端会话建立: conn="27a81c38-4647-493a-8fb8-8f2e144087dc"&#xD;
[xUnit.net 00:00:09.25]       2025-08-22 05:00:13.111 +08:00 [INF] DESKTOP-J6M8022 34864/11 SystemMonitor.Service.Services.RpcHostedService 客户端断开：已达到流的结尾。 conn="27a81c38-4647-493a-8fb8-8f2e144087dc"&#xD;
[xUnit.net 00:00:09.25]       2025-08-22 05:00:13.384 +08:00 [INF] DESKTOP-J6M8022 34864/8 SystemMonitor.Service.Services.RpcHostedService 客户端已连接&#xD;
[xUnit.net 00:00:09.25]       2025-08-22 05:00:13.384 +08:00 [INF] DESKTOP-J6M8022 34864/8 SystemMonitor.Service.Services.RpcHostedService 客户端会话建立: conn="25e61bd6-9b34-4b1b-8730-8dd26623668c"&#xD;
[xUnit.net 00:00:09.25]       2025-08-22 05:00:13.405 +08:00 [INF] DESKTOP-J6M8022 34864/8 SystemMonitor.Service.Services.RpcHostedService snapshot called, modules=*&#xD;
[xUnit.net 00:00:09.25]       2025-08-22 05:00:13.408 +08:00 [INF] DESKTOP-J6M8022 34864/9 SystemMonitor.Service.Services.RpcHostedService 客户端断开：已达到流的结尾。 conn="25e61bd6-9b34-4b1b-8730-8dd26623668c"&#xD;
[xUnit.net 00:00:09.25]       2025-08-22 05:00:13.551 +08:00 [INF] DESKTOP-J6M8022 34864/12 SystemMonitor.Service.Worker Worker running at: "2025-08-22T05:00:13.5519178+08:00"&#xD;
[xUnit.net 00:00:09.25]       2025-08-22 05:00:14.561 +08:00 [INF] DESKTOP-J6M8022 34864/8 SystemMonitor.Service.Worker Worker running at: "2025-08-22T05:00:14.5613344+08:00"&#xD;
[xUnit.net 00:00:09.25]       2025-08-22 05:00:15.574 +08:00 [INF] DESKTOP-J6M8022 34864/8 SystemMonitor.Service.Worker Worker running at: "2025-08-22T05:00:15.5741996+08:00"&#xD;
[xUnit.net 00:00:09.25]       2025-08-22 05:00:16.580 +08:00 [INF] DESKTOP-J6M8022 34864/12 SystemMonitor.Service.Worker Worker running at: "2025-08-22T05:00:16.5802431+08:00"&#xD;
[xUnit.net 00:00:09.25]       2025-08-22 05:00:17.583 +08:00 [INF] DESKTOP-J6M8022 34864/12 SystemMonitor.Service.Worker Worker running at: "2025-08-22T05:00:17.5832737+08:00"&#xD;
[xUnit.net 00:00:09.25]       2025-08-22 05:00:18.114 +08:00 [INF] DESKTOP-J6M8022 34864/11 SystemMonitor.Service.Services.RpcHostedService 客户端已连接&#xD;
[xUnit.net 00:00:09.25]       2025-08-22 05:00:18.114 +08:00 [INF] DESKTOP-J6M8022 34864/11 SystemMonitor.Service.Services.RpcHostedService 客户端会话建立: conn="8619790b-69c5-445b-ab8d-8526df618427"&#xD;
[xUnit.net 00:00:09.25]       2025-08-22 05:00:18.116 +08:00 [INF] DESKTOP-J6M8022 34864/12 SystemMonitor.Service.Services.RpcHostedService 客户端断开：已达到流的结尾。 conn="8619790b-69c5-445b-ab8d-8526df618427"&#xD;
[xUnit.net 00:00:09.25]       2025-08-22 05:00:18.595 +08:00 [INF] DESKTOP-J6M8022 34864/11 SystemMonitor.Service.Worker Worker running at: "2025-08-22T05:00:18.5953464+08:00"&#xD;
[xUnit.net 00:00:09.25]       2025-08-22 05:00:19.605 +08:00 [INF] DESKTOP-J6M8022 34864/11 SystemMonitor.Service.Worker Worker running at: "2025-08-22T05:00:19.6052530+08:00"&#xD;
[xUnit.net 00:00:09.25]       2025-08-22 05:00:20.613 +08:00 [INF] DESKTOP-J6M8022 34864/13 SystemMonitor.Service.Worker Worker running at: "2025-08-22T05:00:20.6131263+08:00"&#xD;
[xUnit.net 00:00:09.25]       2025-08-22 05:00:21.613 +08:00 [INF] DESKTOP-J6M8022 34864/11 SystemMonitor.Service.Worker Worker running at: "2025-08-22T05:00:21.6130098+08:00"&#xD;
[xUnit.net 00:00:09.25]       2025-08-22 05:00:22.624 +08:00 [INF] DESKTOP-J6M8022 34864/13 SystemMonitor.Service.Worker Worker running at: "2025-08-22T05:00:22.6244940+08:00"&#xD;
[xUnit.net 00:00:09.25]       2025-08-22 05:00:23.105 +08:00 [INF] DESKTOP-J6M8022 34864/13 SystemMonitor.Service.Services.RpcHostedService 客户端已连接&#xD;
[xUnit.net 00:00:09.25]       2025-08-22 05:00:23.105 +08:00 [INF] DESKTOP-J6M8022 34864/13 SystemMonitor.Service.Services.RpcHostedService 客户端会话建立: conn="849f5c90-811a-4eb3-97ea-73e1b9d03257"&#xD;
[xUnit.net 00:00:09.25]       2025-08-22 05:00:23.108 +08:00 [INF] DESKTOP-J6M8022 34864/8 SystemMonitor.Service.Services.RpcHostedService 客户端断开：已达到流的结尾。 conn="849f5c90-811a-4eb3-97ea-73e1b9d03257"&#xD;
[xUnit.net 00:00:09.25]       2025-08-22 05:00:23.627 +08:00 [INF] DESKTOP-J6M8022 34864/13 SystemMonitor.Service.Worker Worker running at: "2025-08-22T05:00:23.6275367+08:00"&#xD;
[xUnit.net 00:00:09.25]       2025-08-22 05:00:24.631 +08:00 [INF] DESKTOP-J6M8022 34864/8 SystemMonitor.Service.Worker Worker running at: "2025-08-22T05:00:24.6319373+08:00"&#xD;
[xUnit.net 00:00:09.25]       2025-08-22 05:00:25.643 +08:00 [INF] DESKTOP-J6M8022 34864/13 SystemMonitor.Service.Worker Worker running at: "2025-08-22T05:00:25.6437810+08:00"&#xD;
[xUnit.net 00:00:09.25]       2025-08-22 05:00:26.649 +08:00 [INF] DESKTOP-J6M8022 34864/10 SystemMonitor.Service.Worker Worker running at: "2025-08-22T05:00:26.6498268+08:00"&#xD;
[xUnit.net 00:00:09.25]       2025-08-22 05:00:27.653 +08:00 [INF] DESKTOP-J6M8022 34864/13 SystemMonitor.Service.Worker Worker running at: "2025-08-22T05:00:27.6536723+08:00"&#xD;
[xUnit.net 00:00:09.25]       2025-08-22 05:00:28.104 +08:00 [INF] DESKTOP-J6M8022 34864/13 SystemMonitor.Service.Services.RpcHostedService 客户端已连接&#xD;
[xUnit.net 00:00:09.25]       2025-08-22 05:00:28.104 +08:00 [INF] DESKTOP-J6M8022 34864/13 SystemMonitor.Service.Services.RpcHostedService 客户端会话建立: conn="58087a9a-4fe9-4ab7-893a-962c7c34de4d"&#xD;
[xUnit.net 00:00:09.25]       2025-08-22 05:00:28.108 +08:00 [INF] DESKTOP-J6M8022 34864/10 SystemMonitor.Service.Services.RpcHostedService 客户端断开：已达到流的结尾。 conn="58087a9a-4fe9-4ab7-893a-962c7c34de4d"&#xD;
[xUnit.net 00:00:09.25]       2025-08-22 05:00:28.658 +08:00 [INF] DESKTOP-J6M8022 34864/10 SystemMonitor.Service.Worker Worker running at: "2025-08-22T05:00:28.6580477+08:00"&#xD;
[xUnit.net 00:00:09.25]       2025-08-22 05:00:29.667 +08:00 [INF] DESKTOP-J6M8022 34864/10 SystemMonitor.Service.Worker Worker running at: "2025-08-22T05:00:29.6670246+08:00"&#xD;
[xUnit.net 00:00:09.25]       2025-08-22 05:00:30.671 +08:00 [INF] DESKTOP-J6M8022 34864/11 SystemMonitor.Service.Worker Worker running at: "2025-08-22T05:00:30.6718324+08:00"&#xD;
[xUnit.net 00:00:09.25]       2025-08-22 05:00:31.677 +08:00 [INF] DESKTOP-J6M8022 34864/11 SystemMonitor.Service.Worker Worker running at: "2025-08-22T05:00:31.6773257+08:00"&#xD;
[xUnit.net 00:00:09.25]       2025-08-22 05:00:32.687 +08:00 [INF] DESKTOP-J6M8022 34864/8 SystemMonitor.Service.Worker Worker running at: "2025-08-22T05:00:32.6879602+08:00"&#xD;
[xUnit.net 00:00:09.25]       2025-08-22 05:00:33.104 +08:00 [INF] DESKTOP-J6M8022 34864/11 SystemMonitor.Service.Services.RpcHostedService 客户端已连接&#xD;
[xUnit.net 00:00:09.25]       2025-08-22 05:00:33.104 +08:00 [INF] DESKTOP-J6M8022 34864/11 SystemMonitor.Service.Services.RpcHostedService 客户端会话建立: conn="f2efc72f-7360-4d95-8499-7acad765c432"&#xD;
[xUnit.net 00:00:09.25]       2025-08-22 05:00:33.107 +08:00 [INF] DESKTOP-J6M8022 34864/11 SystemMonitor.Service.Services.RpcHostedService 客户端断开：已达到流的结尾。 conn="f2efc72f-7360-4d95-8499-7acad765c432"&#xD;
[xUnit.net 00:00:09.25]       2025-08-22 05:00:33.703 +08:00 [INF] DESKTOP-J6M8022 34864/8 SystemMonitor.Service.Worker Worker running at: "2025-08-22T05:00:33.7031716+08:00"&#xD;
[xUnit.net 00:00:09.25]       2025-08-22 05:00:34.705 +08:00 [INF] DESKTOP-J6M8022 34864/13 SystemMonitor.Service.Worker Worker running at: "2025-08-22T05:00:34.7053006+08:00"&#xD;
[xUnit.net 00:00:09.25]       2025-08-22 05:00:35.716 +08:00 [INF] DESKTOP-J6M8022 34864/11 SystemMonitor.Service.Worker Worker running at: "2025-08-22T05:00:35.7161477+08:00"&#xD;
[xUnit.net 00:00:09.25]       2025-08-22 05:00:36.721 +08:00 [INF] DESKTOP-J6M8022 34864/12 SystemMonitor.Service.Worker Worker running at: "2025-08-22T05:00:36.7213935+08:00"&#xD;
[xUnit.net 00:00:09.25]       2025-08-22 05:00:37.725 +08:00 [INF] DESKTOP-J6M8022 34864/12 SystemMonitor.Service.Worker Worker running at: "2025-08-22T05:00:37.7251514+08:00"&#xD;
[xUnit.net 00:00:09.25]       2025-08-22 05:00:38.118 +08:00 [INF] DESKTOP-J6M8022 34864/13 SystemMonitor.Service.Services.RpcHostedService 客户端已连接&#xD;
[xUnit.net 00:00:09.25]       2025-08-22 05:00:38.118 +08:00 [INF] DESKTOP-J6M8022 34864/13 SystemMonitor.Service.Services.RpcHostedService 客户端会话建立: conn="b439ecab-ffb2-4843-8f54-1844ad704c06"&#xD;
[xUnit.net 00:00:09.25]       2025-08-22 05:00:38.121 +08:00 [INF] DESKTOP-J6M8022 34864/13 SystemMonitor.Service.Services.RpcHostedService 客户端断开：已达到流的结尾。 conn="b439ecab-ffb2-4843-8f54-1844ad704c06"&#xD;
[xUnit.net 00:00:09.25]       2025-08-22 05:00:38.725 +08:00 [INF] DESKTOP-J6M8022 34864/8 SystemMonitor.Service.Worker Worker running at: "2025-08-22T05:00:38.7259519+08:00"&#xD;
[xUnit.net 00:00:09.25]       2025-08-22 05:00:39.740 +08:00 [INF] DESKTOP-J6M8022 34864/11 SystemMonitor.Service.Worker Worker running at: "2025-08-22T05:00:39.7403082+08:00"&#xD;
[xUnit.net 00:00:09.25]       2025-08-22 05:00:40.742 +08:00 [INF] DESKTOP-J6M8022 34864/11 SystemMonitor.Service.Worker Worker running at: "2025-08-22T05:00:40.7425737+08:00"&#xD;
[xUnit.net 00:00:09.25]       2025-08-22 05:00:41.745 +08:00 [INF] DESKTOP-J6M8022 34864/13 SystemMonitor.Service.Worker Worker running at: "2025-08-22T05:00:41.7451229+08:00"&#xD;
[xUnit.net 00:00:09.25]       2025-08-22 05:00:42.751 +08:00 [INF] DESKTOP-J6M8022 34864/11 SystemMonitor.Service.Worker Worker running at: "2025-08-22T05:00:42.7515665+08:00"&#xD;
[xUnit.net 00:00:09.25]       2025-08-22 05:00:43.110 +08:00 [INF] DESKTOP-J6M8022 34864/14 SystemMonitor.Service.Services.RpcHostedService 客户端已连接&#xD;
[xUnit.net 00:00:09.25]       2025-08-22 05:00:43.110 +08:00 [INF] DESKTOP-J6M8022 34864/14 SystemMonitor.Service.Services.RpcHostedService 客户端会话建立: conn="ec82b613-da05-4264-84fe-3fb03c945d2f"&#xD;
[xUnit.net 00:00:09.25]       2025-08-22 05:00:43.120 +08:00 [INF] DESKTOP-J6M8022 34864/9 SystemMonitor.Service.Services.RpcHostedService 客户端断开：已达到流的结尾。 conn="ec82b613-da05-4264-84fe-3fb03c945d2f"&#xD;
[xUnit.net 00:00:09.25]       2025-08-22 05:00:43.389 +08:00 [INF] DESKTOP-J6M8022 34864/13 SystemMonitor.Service.Services.RpcHostedService 客户端已连接&#xD;
[xUnit.net 00:00:09.25]       2025-08-22 05:00:43.389 +08:00 [INF] DESKTOP-J6M8022 34864/13 SystemMonitor.Service.Services.RpcHostedService 客户端会话建立: conn="2f7dc9d3-2402-4294-ba61-bc663df8cf82"&#xD;
[xUnit.net 00:00:09.25]       2025-08-22 05:00:43.398 +08:00 [INF] DESKTOP-J6M8022 34864/13 SystemMonitor.Service.Services.RpcHostedService snapshot called, modules=*&#xD;
[xUnit.net 00:00:09.25]       2025-08-22 05:00:43.407 +08:00 [INF] DESKTOP-J6M8022 34864/13 SystemMonitor.Service.Services.RpcHostedService 客户端断开：已达到流的结尾。 conn="2f7dc9d3-2402-4294-ba61-bc663df8cf82"&#xD;
[xUnit.net 00:00:09.25]       2025-08-22 05:00:43.756 +08:00 [INF] DESKTOP-J6M8022 34864/13 SystemMonitor.Service.Worker Worker running at: "2025-08-22T05:00:43.7565234+08:00"&#xD;
[xUnit.net 00:00:09.25]       2025-08-22 05:00:44.757 +08:00 [INF] DESKTOP-J6M8022 34864/11 SystemMonitor.Service.Worker Worker running at: "2025-08-22T05:00:44.7577675+08:00"&#xD;
[xUnit.net 00:00:09.25]       2025-08-22 05:00:45.762 +08:00 [INF] DESKTOP-J6M8022 34864/11 SystemMonitor.Service.Worker Worker running at: "2025-08-22T05:00:45.7627674+08:00"&#xD;
[xUnit.net 00:00:09.25]       2025-08-22 05:00:46.772 +08:00 [INF] DESKTOP-J6M8022 34864/11 SystemMonitor.Service.Worker Worker running at: "2025-08-22T05:00:46.7724296+08:00"&#xD;
[xUnit.net 00:00:09.25]       2025-08-22 05:00:47.772 +08:00 [INF] DESKTOP-J6M8022 34864/11 SystemMonitor.Service.Worker Worker running at: "2025-08-22T05:00:47.7724414+08:00"&#xD;
[xUnit.net 00:00:09.25]       2025-08-22 05:00:48.113 +08:00 [INF] DESKTOP-J6M8022 34864/11 SystemMonitor.Service.Services.RpcHostedService 客户端已连接&#xD;
[xUnit.net 00:00:09.25]       2025-08-22 05:00:48.113 +08:00 [INF] DESKTOP-J6M8022 34864/11 SystemMonitor.Service.Services.RpcHostedService 客户端会话建立: conn="0b57ec2b-be63-49bb-9b61-b642d4a6bad8"&#xD;
[xUnit.net 00:00:09.25]       2025-08-22 05:00:48.118 +08:00 [INF] DESKTOP-J6M8022 34864/11 SystemMonitor.Service.Services.RpcHostedService 客户端断开：已达到流的结尾。 conn="0b57ec2b-be63-49bb-9b61-b642d4a6bad8"&#xD;
[xUnit.net 00:00:09.25]       2025-08-22 05:00:48.786 +08:00 [INF] DESKTOP-J6M8022 34864/14 SystemMonitor.Service.Worker Worker running at: "2025-08-22T05:00:48.7861767+08:00"&#xD;
[xUnit.net 00:00:09.25]       2025-08-22 05:00:49.797 +08:00 [INF] DESKTOP-J6M8022 34864/14 SystemMonitor.Service.Worker Worker running at: "2025-08-22T05:00:49.7971060+08:00"&#xD;
[xUnit.net 00:00:09.25]       2025-08-22 05:00:50.810 +08:00 [INF] DESKTOP-J6M8022 34864/14 SystemMonitor.Service.Worker Worker running at: "2025-08-22T05:00:50.8103703+08:00"&#xD;
[xUnit.net 00:00:09.25]       2025-08-22 05:00:51.819 +08:00 [INF] DESKTOP-J6M8022 34864/14 SystemMonitor.Service.Worker Worker running at: "2025-08-22T05:00:51.8191149+08:00"&#xD;
[xUnit.net 00:00:09.25]       2025-08-22 05:00:52.832 +08:00 [INF] DESKTOP-J6M8022 34864/14 SystemMonitor.Service.Worker Worker running at: "2025-08-22T05:00:52.8322629+08:00"&#xD;
[xUnit.net 00:00:09.25]       2025-08-22 05:00:53.102 +08:00 [INF] DESKTOP-J6M8022 34864/14 SystemMonitor.Service.Services.RpcHostedService 客户端已连接&#xD;
[xUnit.net 00:00:09.25]       2025-08-22 05:00:53.102 +08:00 [INF] DESKTOP-J6M8022 34864/14 SystemMonitor.Service.Services.RpcHostedService 客户端会话建立: conn="a1d8b427-d708-44e2-9952-15a5a936e6af"&#xD;
[xUnit.net 00:00:09.25]       2025-08-22 05:00:53.105 +08:00 [INF] DESKTOP-J6M8022 34864/13 SystemMonitor.Service.Services.RpcHostedService 客户端断开：已达到流的结尾。 conn="a1d8b427-d708-44e2-9952-15a5a936e6af"&#xD;
[xUnit.net 00:00:09.25]       2025-08-22 05:00:53.839 +08:00 [INF] DESKTOP-J6M8022 34864/9 SystemMonitor.Service.Worker Worker running at: "2025-08-22T05:00:53.8390210+08:00"&#xD;
[xUnit.net 00:00:09.25]       2025-08-22 05:00:54.844 +08:00 [INF] DESKTOP-J6M8022 34864/9 SystemMonitor.Service.Worker Worker running at: "2025-08-22T05:00:54.8440332+08:00"&#xD;
[xUnit.net 00:00:09.25]       2025-08-22 05:00:55.849 +08:00 [INF] DESKTOP-J6M8022 34864/14 SystemMonitor.Service.Worker Worker running at: "2025-08-22T05:00:55.8498931+08:00"&#xD;
[xUnit.net 00:00:09.25]       2025-08-22 05:00:56.855 +08:00 [INF] DESKTOP-J6M8022 34864/12 SystemMonitor.Service.Worker Worker running at: "2025-08-22T05:00:56.8554623+08:00"&#xD;
[xUnit.net 00:00:09.25]       2025-08-22 05:00:57.861 +08:00 [INF] DESKTOP-J6M8022 34864/12 SystemMonitor.Service.Worker Worker running at: "2025-08-22T05:00:57.8610329+08:00"&#xD;
[xUnit.net 00:00:09.25]       2025-08-22 05:00:58.111 +08:00 [INF] DESKTOP-J6M8022 34864/8 SystemMonitor.Service.Services.RpcHostedService 客户端已连接&#xD;
[xUnit.net 00:00:09.25]       2025-08-22 05:00:58.111 +08:00 [INF] DESKTOP-J6M8022 34864/8 SystemMonitor.Service.Services.RpcHostedService 客户端会话建立: conn="667ed3f1-bd30-41e0-92ff-80608571c1ce"&#xD;
[xUnit.net 00:00:09.25]       2025-08-22 05:00:58.116 +08:00 [INF] DESKTOP-J6M8022 34864/12 SystemMonitor.Service.Services.RpcHostedService 客户端断开：已达到流的结尾。 conn="667ed3f1-bd30-41e0-92ff-80608571c1ce"&#xD;
[xUnit.net 00:00:09.25]       2025-08-22 05:00:58.863 +08:00 [INF] DESKTOP-J6M8022 34864/8 SystemMonitor.Service.Worker Worker running at: "2025-08-22T05:00:58.8635685+08:00"&#xD;
[xUnit.net 00:00:09.25]       2025-08-22 05:00:59.864 +08:00 [INF] DESKTOP-J6M8022 34864/13 SystemMonitor.Service.Worker Worker running at: "2025-08-22T05:00:59.8639948+08:00"&#xD;
[xUnit.net 00:00:09.25]       2025-08-22 05:01:00.871 +08:00 [INF] DESKTOP-J6M8022 34864/8 SystemMonitor.Service.Worker Worker running at: "2025-08-22T05:01:00.8711317+08:00"&#xD;
[xUnit.net 00:00:09.25]       2025-08-22 05:01:01.872 +08:00 [INF] DESKTOP-J6M8022 34864/8 SystemMonitor.Service.Worker Worker running at: "2025-08-22T05:01:01.8723849+08:00"&#xD;
[xUnit.net 00:00:09.25]       2025-08-22 05:01:02.874 +08:00 [INF] DESKTOP-J6M8022 34864/13 SystemMonitor.Service.Worker Worker running at: "2025-08-22T05:01:02.8742125+08:00"&#xD;
[xUnit.net 00:00:09.25]       2025-08-22 05:01:03.109 +08:00 [INF] DESKTOP-J6M8022 34864/13 SystemMonitor.Service.Services.RpcHostedService 客户端已连接&#xD;
[xUnit.net 00:00:09.25]       2025-08-22 05:01:03.109 +08:00 [INF] DESKTOP-J6M8022 34864/13 SystemMonitor.Service.Services.RpcHostedService 客户端会话建立: conn="6f7008b5-fb8e-492a-bb7e-9769bc95aca3"&#xD;
[xUnit.net 00:00:09.25]       2025-08-22 05:01:03.113 +08:00 [INF] DESKTOP-J6M8022 34864/13 SystemMonitor.Service.Services.RpcHostedService 客户端断开：已达到流的结尾。 conn="6f7008b5-fb8e-492a-bb7e-9769bc95aca3"&#xD;
[xUnit.net 00:00:09.25]       2025-08-22 05:01:03.878 +08:00 [INF] DESKTOP-J6M8022 34864/9 SystemMonitor.Service.Worker Worker running at: "2025-08-22T05:01:03.8780156+08:00"&#xD;
[xUnit.net 00:00:09.25]       2025-08-22 05:01:04.882 +08:00 [INF] DESKTOP-J6M8022 34864/9 SystemMonitor.Service.Worker Worker running at: "2025-08-22T05:01:04.8824276+08:00"&#xD;
[xUnit.net 00:00:09.25]       2025-08-22 05:01:05.888 +08:00 [INF] DESKTOP-J6M8022 34864/9 SystemMonitor.Service.Worker Worker running at: "2025-08-22T05:01:05.8884444+08:00"&#xD;
[xUnit.net 00:00:09.25]       2025-08-22 05:01:06.898 +08:00 [INF] DESKTOP-J6M8022 34864/13 SystemMonitor.Service.Worker Worker running at: "2025-08-22T05:01:06.8980438+08:00"&#xD;
[xUnit.net 00:00:09.25]       2025-08-22 05:01:07.902 +08:00 [INF] DESKTOP-J6M8022 34864/12 SystemMonitor.Service.Worker Worker running at: "2025-08-22T05:01:07.9022915+08:00"&#xD;
[xUnit.net 00:00:09.25]       2025-08-22 05:01:08.106 +08:00 [INF] DESKTOP-J6M8022 34864/12 SystemMonitor.Service.Services.RpcHostedService 客户端已连接&#xD;
[xUnit.net 00:00:09.25]       2025-08-22 05:01:08.106 +08:00 [INF] DESKTOP-J6M8022 34864/12 SystemMonitor.Service.Services.RpcHostedService 客户端会话建立: conn="57e57623-52be-4bde-b1c7-694c9251d418"&#xD;
[xUnit.net 00:00:09.25]       2025-08-22 05:01:08.111 +08:00 [INF] DESKTOP-J6M8022 34864/14 SystemMonitor.Service.Services.RpcHostedService 客户端断开：已达到流的结尾。 conn="57e57623-52be-4bde-b1c7-694c9251d418"&#xD;
[xUnit.net 00:00:09.25]       2025-08-22 05:01:08.904 +08:00 [INF] DESKTOP-J6M8022 34864/13 SystemMonitor.Service.Worker Worker running at: "2025-08-22T05:01:08.9045942+08:00"&#xD;
[xUnit.net 00:00:09.25]       2025-08-22 05:01:09.905 +08:00 [INF] DESKTOP-J6M8022 34864/12 SystemMonitor.Service.Worker Worker running at: "2025-08-22T05:01:09.9059497+08:00"&#xD;
[xUnit.net 00:00:09.25]       2025-08-22 05:01:10.910 +08:00 [INF] DESKTOP-J6M8022 34864/8 SystemMonitor.Service.Worker Worker running at: "2025-08-22T05:01:10.9104565+08:00"&#xD;
[xUnit.net 00:00:09.25]       2025-08-22 05:01:11.913 +08:00 [INF] DESKTOP-J6M8022 34864/12 SystemMonitor.Service.Worker Worker running at: "2025-08-22T05:01:11.9132884+08:00"&#xD;
[xUnit.net 00:00:09.25]       2025-08-22 05:01:12.917 +08:00 [INF] DESKTOP-J6M8022 34864/8 SystemMonitor.Service.Worker Worker running at: "2025-08-22T05:01:12.9173706+08:00"&#xD;
[xUnit.net 00:00:09.25]       2025-08-22 05:01:13.103 +08:00 [INF] DESKTOP-J6M8022 34864/8 SystemMonitor.Service.Services.RpcHostedService 客户端已连接&#xD;
[xUnit.net 00:00:09.25]       2025-08-22 05:01:13.103 +08:00 [INF] DESKTOP-J6M8022 34864/8 SystemMonitor.Service.Services.RpcHostedService 客户端会话建立: conn="8c8ff938-4ec2-4b63-94b8-07d74318db55"&#xD;
[xUnit.net 00:00:09.25]       2025-08-22 05:01:13.107 +08:00 [INF] DESKTOP-J6M8022 34864/12 SystemMonitor.Service.Services.RpcHostedService 客户端断开：已达到流的结尾。 conn="8c8ff938-4ec2-4b63-94b8-07d74318db55"&#xD;
[xUnit.net 00:00:09.25]       2025-08-22 05:01:13.395 +08:00 [INF] DESKTOP-J6M8022 34864/8 SystemMonitor.Service.Services.RpcHostedService 客户端已连接&#xD;
[xUnit.net 00:00:09.25]       2025-08-22 05:01:13.395 +08:00 [INF] DESKTOP-J6M8022 34864/8 SystemMonitor.Service.Services.RpcHostedService 客户端会话建立: conn="0d0e45ce-49cf-483b-8035-5df65c66b336"&#xD;
[xUnit.net 00:00:09.25]       2025-08-22 05:01:13.409 +08:00 [INF] DESKTOP-J6M8022 34864/8 SystemMonitor.Service.Services.RpcHostedService snapshot called, modules=*&#xD;
[xUnit.net 00:00:09.25]       2025-08-22 05:01:13.415 +08:00 [INF] DESKTOP-J6M8022 34864/12 SystemMonitor.Service.Services.RpcHostedService 客户端断开：已达到流的结尾。 conn="0d0e45ce-49cf-483b-8035-5df65c66b336"&#xD;
[xUnit.net 00:00:09.25]       2025-08-22 05:01:13.923 +08:00 [INF] DESKTOP-J6M8022 34864/14 SystemMonitor.Service.Worker Worker running at: "2025-08-22T05:01:13.9232807+08:00"&#xD;
[xUnit.net 00:00:09.25]       2025-08-22 05:01:14.929 +08:00 [INF] DESKTOP-J6M8022 34864/12 SystemMonitor.Service.Worker Worker running at: "2025-08-22T05:01:14.9292827+08:00"&#xD;
[xUnit.net 00:00:09.25]       2025-08-22 05:01:15.932 +08:00 [INF] DESKTOP-J6M8022 34864/8 SystemMonitor.Service.Worker Worker running at: "2025-08-22T05:01:15.9326500+08:00"&#xD;
[xUnit.net 00:00:09.25]       2025-08-22 05:01:16.939 +08:00 [INF] DESKTOP-J6M8022 34864/14 SystemMonitor.Service.Worker Worker running at: "2025-08-22T05:01:16.9393680+08:00"&#xD;
[xUnit.net 00:00:09.25]       2025-08-22 05:01:17.943 +08:00 [INF] DESKTOP-J6M8022 34864/8 SystemMonitor.Service.Worker Worker running at: "2025-08-22T05:01:17.9432416+08:00"&#xD;
[xUnit.net 00:00:09.25]       2025-08-22 05:01:18.116 +08:00 [INF] DESKTOP-J6M8022 34864/8 SystemMonitor.Service.Services.RpcHostedService 客户端已连接&#xD;
[xUnit.net 00:00:09.25]       2025-08-22 05:01:18.116 +08:00 [INF] DESKTOP-J6M8022 34864/8 SystemMonitor.Service.Services.RpcHostedService 客户端会话建立: conn="4caa660b-18e4-4979-bebe-31bdd3b07642"&#xD;
[xUnit.net 00:00:09.25]       2025-08-22 05:01:18.119 +08:00 [INF] DESKTOP-J6M8022 34864/12 SystemMonitor.Service.Services.RpcHostedService 客户端断开：已达到流的结尾。 conn="4caa660b-18e4-4979-bebe-31bdd3b07642"&#xD;
[xUnit.net 00:00:09.25]       2025-08-22 05:01:18.947 +08:00 [INF] DESKTOP-J6M8022 34864/8 SystemMonitor.Service.Worker Worker running at: "2025-08-22T05:01:18.9470563+08:00"&#xD;
[xUnit.net 00:00:09.25]       2025-08-22 05:01:19.950 +08:00 [INF] DESKTOP-J6M8022 34864/8 SystemMonitor.Service.Worker Worker running at: "2025-08-22T05:01:19.9501774+08:00"&#xD;
[xUnit.net 00:00:09.25]       2025-08-22 05:01:20.958 +08:00 [INF] DESKTOP-J6M8022 34864/8 SystemMonitor.Service.Worker Worker running at: "2025-08-22T05:01:20.9579718+08:00"&#xD;
[xUnit.net 00:00:09.25]       2025-08-22 05:01:21.959 +08:00 [INF] DESKTOP-J6M8022 34864/14 SystemMonitor.Service.Worker Worker running at: "2025-08-22T05:01:21.9594726+08:00"&#xD;
[xUnit.net 00:00:09.25]       2025-08-22 05:01:22.963 +08:00 [INF] DESKTOP-J6M8022 34864/8 SystemMonitor.Service.Worker Worker running at: "2025-08-22T05:01:22.9634519+08:00"&#xD;
[xUnit.net 00:00:09.25]       2025-08-22 05:01:23.105 +08:00 [INF] DESKTOP-J6M8022 34864/8 SystemMonitor.Service.Services.RpcHostedService 客户端已连接&#xD;
[xUnit.net 00:00:09.25]       2025-08-22 05:01:23.105 +08:00 [INF] DESKTOP-J6M8022 34864/8 SystemMonitor.Service.Services.RpcHostedService 客户端会话建立: conn="8639769c-80fa-407f-b9a9-4050afd76198"&#xD;
[xUnit.net 00:00:09.25]       2025-08-22 05:01:23.107 +08:00 [INF] DESKTOP-J6M8022 34864/14 SystemMonitor.Service.Services.RpcHostedService 客户端断开：已达到流的结尾。 conn="8639769c-80fa-407f-b9a9-4050afd76198"&#xD;
[xUnit.net 00:00:09.25]       2025-08-22 05:01:23.971 +08:00 [INF] DESKTOP-J6M8022 34864/11 SystemMonitor.Service.Worker Worker running at: "2025-08-22T05:01:23.9715344+08:00"&#xD;
[xUnit.net 00:00:09.25]       2025-08-22 05:01:24.982 +08:00 [INF] DESKTOP-J6M8022 34864/11 SystemMonitor.Service.Worker Worker running at: "2025-08-22T05:01:24.9819615+08:00"&#xD;
[xUnit.net 00:00:09.25]       2025-08-22 05:01:25.994 +08:00 [INF] DESKTOP-J6M8022 34864/11 SystemMonitor.Service.Worker Worker running at: "2025-08-22T05:01:25.9941989+08:00"&#xD;
[xUnit.net 00:00:09.25]       2025-08-22 05:01:26.999 +08:00 [INF] DESKTOP-J6M8022 34864/8 SystemMonitor.Service.Worker Worker running at: "2025-08-22T05:01:26.9999359+08:00"&#xD;
[xUnit.net 00:00:09.25]       2025-08-22 05:01:28.013 +08:00 [INF] DESKTOP-J6M8022 34864/11 SystemMonitor.Service.Worker Worker running at: "2025-08-22T05:01:28.0133025+08:00"&#xD;
[xUnit.net 00:00:09.25]       2025-08-22 05:01:28.109 +08:00 [INF] DESKTOP-J6M8022 34864/11 SystemMonitor.Service.Services.RpcHostedService 客户端已连接&#xD;
[xUnit.net 00:00:09.25]       2025-08-22 05:01:28.109 +08:00 [INF] DESKTOP-J6M8022 34864/11 SystemMonitor.Service.Services.RpcHostedService 客户端会话建立: conn="fda2e581-c0a4-4aa4-a5e0-11787ca179bd"&#xD;
[xUnit.net 00:00:09.25]       2025-08-22 05:01:28.112 +08:00 [INF] DESKTOP-J6M8022 34864/11 SystemMonitor.Service.Services.RpcHostedService 客户端断开：已达到流的结尾。 conn="fda2e581-c0a4-4aa4-a5e0-11787ca179bd"&#xD;
[xUnit.net 00:00:09.25]       2025-08-22 05:01:29.018 +08:00 [INF] DESKTOP-J6M8022 34864/11 SystemMonitor.Service.Worker Worker running at: "2025-08-22T05:01:29.0183364+08:00"&#xD;
[xUnit.net 00:00:09.25]       2025-08-22 05:01:30.019 +08:00 [INF] DESKTOP-J6M8022 34864/8 SystemMonitor.Service.Worker Worker running at: "2025-08-22T05:01:30.0195935+08:00"&#xD;
[xUnit.net 00:00:09.25]       2025-08-22 05:01:31.026 +08:00 [INF] DESKTOP-J6M8022 34864/8 SystemMonitor.Service.Worker Worker running at: "2025-08-22T05:01:31.0262398+08:00"&#xD;
[xUnit.net 00:00:09.25]       2025-08-22 05:01:32.031 +08:00 [INF] DESKTOP-J6M8022 34864/12 SystemMonitor.Service.Worker Worker running at: "2025-08-22T05:01:32.0310132+08:00"&#xD;
[xUnit.net 00:00:09.25]       2025-08-22 05:01:33.035 +08:00 [INF] DESKTOP-J6M8022 34864/12 SystemMonitor.Service.Worker Worker running at: "2025-08-22T05:01:33.0357910+08:00"&#xD;
[xUnit.net 00:00:09.25]       2025-08-22 05:01:33.116 +08:00 [INF] DESKTOP-J6M8022 34864/12 SystemMonitor.Service.Services.RpcHostedService 客户端已连接&#xD;
[xUnit.net 00:00:09.25]       2025-08-22 05:01:33.116 +08:00 [INF] DESKTOP-J6M8022 34864/12 SystemMonitor.Service.Services.RpcHostedService 客户端会话建立: conn="34e1094f-2d5d-4eb2-b05a-37c0e40cc011"&#xD;
[xUnit.net 00:00:09.25]       2025-08-22 05:01:33.119 +08:00 [INF] DESKTOP-J6M8022 34864/8 SystemMonitor.Service.Services.RpcHostedService 客户端断开：已达到流的结尾。 conn="34e1094f-2d5d-4eb2-b05a-37c0e40cc011"&#xD;
[xUnit.net 00:00:09.25]       2025-08-22 05:01:34.041 +08:00 [INF] DESKTOP-J6M8022 34864/8 SystemMonitor.Service.Worker Worker running at: "2025-08-22T05:01:34.0416262+08:00"&#xD;
[xUnit.net 00:00:09.25]       2025-08-22 05:01:35.045 +08:00 [INF] DESKTOP-J6M8022 34864/8 SystemMonitor.Service.Worker Worker running at: "2025-08-22T05:01:35.0457088+08:00"&#xD;
[xUnit.net 00:00:09.25]       2025-08-22 05:01:36.047 +08:00 [INF] DESKTOP-J6M8022 34864/12 SystemMonitor.Service.Worker Worker running at: "2025-08-22T05:01:36.0479378+08:00"&#xD;
[xUnit.net 00:00:09.25]       2025-08-22 05:01:37.050 +08:00 [INF] DESKTOP-J6M8022 34864/12 SystemMonitor.Service.Worker Worker running at: "2025-08-22T05:01:37.0504892+08:00"&#xD;
[xUnit.net 00:00:09.25]       2025-08-22 05:01:38.061 +08:00 [INF] DESKTOP-J6M8022 34864/14 SystemMonitor.Service.Worker Worker running at: "2025-08-22T05:01:38.0614429+08:00"&#xD;
[xUnit.net 00:00:09.25]       2025-08-22 05:01:38.110 +08:00 [INF] DESKTOP-J6M8022 34864/12 SystemMonitor.Service.Services.RpcHostedService 客户端已连接&#xD;
[xUnit.net 00:00:09.25]       2025-08-22 05:01:38.110 +08:00 [INF] DESKTOP-J6M8022 34864/12 SystemMonitor.Service.Services.RpcHostedService 客户端会话建立: conn="06117a62-6040-4241-9927-358af4226d43"&#xD;
[xUnit.net 00:00:09.25]       2025-08-22 05:01:38.113 +08:00 [INF] DESKTOP-J6M8022 34864/14 SystemMonitor.Service.Services.RpcHostedService 客户端断开：已达到流的结尾。 conn="06117a62-6040-4241-9927-358af4226d43"&#xD;
[xUnit.net 00:00:09.25]       2025-08-22 05:01:39.064 +08:00 [INF] DESKTOP-J6M8022 34864/14 SystemMonitor.Service.Worker Worker running at: "2025-08-22T05:01:39.0644324+08:00"&#xD;
[xUnit.net 00:00:09.25]       2025-08-22 05:01:40.069 +08:00 [INF] DESKTOP-J6M8022 34864/8 SystemMonitor.Service.Worker Worker running at: "2025-08-22T05:01:40.0698228+08:00"&#xD;
[xUnit.net 00:00:09.25]       2025-08-22 05:01:41.072 +08:00 [INF] DESKTOP-J6M8022 34864/8 SystemMonitor.Service.Worker Worker running at: "2025-08-22T05:01:41.0721700+08:00"&#xD;
[xUnit.net 00:00:09.25]       2025-08-22 05:01:42.086 +08:00 [INF] DESKTOP-J6M8022 34864/11 SystemMonitor.Service.Worker Worker running at: "2025-08-22T05:01:42.0860513+08:00"&#xD;
[xUnit.net 00:00:09.25]       2025-08-22 05:01:43.101 +08:00 [INF] DESKTOP-J6M8022 34864/8 SystemMonitor.Service.Worker Worker running at: "2025-08-22T05:01:43.1011436+08:00"&#xD;
[xUnit.net 00:00:09.25]       2025-08-22 05:01:43.105 +08:00 [INF] DESKTOP-J6M8022 34864/9 SystemMonitor.Service.Services.RpcHostedService 客户端已连接&#xD;
[xUnit.net 00:00:09.25]       2025-08-22 05:01:43.105 +08:00 [INF] DESKTOP-J6M8022 34864/9 SystemMonitor.Service.Services.RpcHostedService 客户端会话建立: conn="860b5ccb-a321-4101-b6d7-ba8cfd17c2fa"&#xD;
[xUnit.net 00:00:09.25]       2025-08-22 05:01:43.109 +08:00 [INF] DESKTOP-J6M8022 34864/8 SystemMonitor.Service.Services.RpcHostedService 客户端断开：已达到流的结尾。 conn="860b5ccb-a321-4101-b6d7-ba8cfd17c2fa"&#xD;
[xUnit.net 00:00:09.25]       2025-08-22 05:01:43.386 +08:00 [INF] DESKTOP-J6M8022 34864/11 SystemMonitor.Service.Services.RpcHostedService 客户端已连接&#xD;
[xUnit.net 00:00:09.25]       2025-08-22 05:01:43.386 +08:00 [INF] DESKTOP-J6M8022 34864/11 SystemMonitor.Service.Services.RpcHostedService 客户端会话建立: conn="7103465a-6b36-49d0-b971-0765ff27b367"&#xD;
[xUnit.net 00:00:09.25]       2025-08-22 05:01:43.387 +08:00 [INF] DESKTOP-J6M8022 34864/11 SystemMonitor.Service.Services.RpcHostedService snapshot called, modules=*&#xD;
[xUnit.net 00:00:09.25]       2025-08-22 05:01:43.394 +08:00 [INF] DESKTOP-J6M8022 34864/14 SystemMonitor.Service.Services.RpcHostedService 客户端断开：已达到流的结尾。 conn="7103465a-6b36-49d0-b971-0765ff27b367"&#xD;
[xUnit.net 00:00:09.25]       2025-08-22 05:01:44.107 +08:00 [INF] DESKTOP-J6M8022 34864/11 SystemMonitor.Service.Worker Worker running at: "2025-08-22T05:01:44.1078485+08:00"&#xD;
[xUnit.net 00:00:09.25]       2025-08-22 05:01:45.116 +08:00 [INF] DESKTOP-J6M8022 34864/8 SystemMonitor.Service.Worker Worker running at: "2025-08-22T05:01:45.1165225+08:00"&#xD;
[xUnit.net 00:00:09.25]       2025-08-22 05:01:46.125 +08:00 [INF] DESKTOP-J6M8022 34864/8 SystemMonitor.Service.Worker Worker running at: "2025-08-22T05:01:46.1259467+08:00"&#xD;
[xUnit.net 00:00:09.25]       2025-08-22 05:01:47.131 +08:00 [INF] DESKTOP-J6M8022 34864/8 SystemMonitor.Service.Worker Worker running at: "2025-08-22T05:01:47.1319177+08:00"&#xD;
[xUnit.net 00:00:09.25]       2025-08-22 05:01:48.110 +08:00 [INF] DESKTOP-J6M8022 34864/9 SystemMonitor.Service.Services.RpcHostedService 客户端已连接&#xD;
[xUnit.net 00:00:09.25]       2025-08-22 05:01:48.111 +08:00 [INF] DESKTOP-J6M8022 34864/9 SystemMonitor.Service.Services.RpcHostedService 客户端会话建立: conn="dc929a0f-2511-48c2-b921-bb00e3b2d95e"&#xD;
[xUnit.net 00:00:09.25]       2025-08-22 05:01:48.113 +08:00 [INF] DESKTOP-J6M8022 34864/9 SystemMonitor.Service.Services.RpcHostedService 客户端断开：已达到流的结尾。 conn="dc929a0f-2511-48c2-b921-bb00e3b2d95e"&#xD;
[xUnit.net 00:00:09.25]       2025-08-22 05:01:48.139 +08:00 [INF] DESKTOP-J6M8022 34864/9 SystemMonitor.Service.Worker Worker running at: "2025-08-22T05:01:48.1397480+08:00"&#xD;
[xUnit.net 00:00:09.25]       2025-08-22 05:01:49.149 +08:00 [INF] DESKTOP-J6M8022 34864/9 SystemMonitor.Service.Worker Worker running at: "2025-08-22T05:01:49.1490602+08:00"&#xD;
[xUnit.net 00:00:09.25]       2025-08-22 05:01:50.156 +08:00 [INF] DESKTOP-J6M8022 34864/9 SystemMonitor.Service.Worker Worker running at: "2025-08-22T05:01:50.1565687+08:00"&#xD;
[xUnit.net 00:00:09.25]       2025-08-22 05:01:51.163 +08:00 [INF] DESKTOP-J6M8022 34864/8 SystemMonitor.Service.Worker Worker running at: "2025-08-22T05:01:51.1638742+08:00"&#xD;
[xUnit.net 00:00:09.25]       2025-08-22 05:01:52.175 +08:00 [INF] DESKTOP-J6M8022 34864/8 SystemMonitor.Service.Worker Worker running at: "2025-08-22T05:01:52.1751866+08:00"&#xD;
[xUnit.net 00:00:09.25]       2025-08-22 05:01:53.106 +08:00 [INF] DESKTOP-J6M8022 34864/8 SystemMonitor.Service.Services.RpcHostedService 客户端已连接&#xD;
[xUnit.net 00:00:09.25]       2025-08-22 05:01:53.106 +08:00 [INF] DESKTOP-J6M8022 34864/8 SystemMonitor.Service.Services.RpcHostedService 客户端会话建立: conn="cf08e297-f8bc-42e5-a912-8cdf3760d104"&#xD;
[xUnit.net 00:00:09.25]       2025-08-22 05:01:53.109 +08:00 [INF] DESKTOP-J6M8022 34864/14 SystemMonitor.Service.Services.RpcHostedService 客户端断开：已达到流的结尾。 conn="cf08e297-f8bc-42e5-a912-8cdf3760d104"&#xD;
[xUnit.net 00:00:09.25]       2025-08-22 05:01:53.183 +08:00 [INF] DESKTOP-J6M8022 34864/12 SystemMonitor.Service.Worker Worker running at: "2025-08-22T05:01:53.1832976+08:00"&#xD;
[xUnit.net 00:00:09.25]       2025-08-22 05:01:54.188 +08:00 [INF] DESKTOP-J6M8022 34864/12 SystemMonitor.Service.Worker Worker running at: "2025-08-22T05:01:54.1886519+08:00"&#xD;
[xUnit.net 00:00:09.25]       2025-08-22 05:01:55.189 +08:00 [INF] DESKTOP-J6M8022 34864/12 SystemMonitor.Service.Worker Worker running at: "2025-08-22T05:01:55.1890118+08:00"&#xD;
[xUnit.net 00:00:09.25]       2025-08-22 05:01:56.201 +08:00 [INF] DESKTOP-J6M8022 34864/14 SystemMonitor.Service.Worker Worker running at: "2025-08-22T05:01:56.2011712+08:00"&#xD;
[xUnit.net 00:00:09.25]       2025-08-22 05:01:57.203 +08:00 [INF] DESKTOP-J6M8022 34864/12 SystemMonitor.Service.Worker Worker running at: "2025-08-22T05:01:57.2030740+08:00"&#xD;
[xUnit.net 00:00:09.25]       2025-08-22 05:01:58.150 +08:00 [INF] DESKTOP-J6M8022 34864/11 SystemMonitor.Service.Services.RpcHostedService 客户端已连接&#xD;
[xUnit.net 00:00:09.25]       2025-08-22 05:01:58.150 +08:00 [INF] DESKTOP-J6M8022 34864/11 SystemMonitor.Service.Services.RpcHostedService 客户端会话建立: conn="12ea3cb9-6e37-4a78-8a02-17ba9963b724"&#xD;
[xUnit.net 00:00:09.25]       2025-08-22 05:01:58.164 +08:00 [INF] DESKTOP-J6M8022 34864/14 SystemMonitor.Service.Services.RpcHostedService 客户端断开：已达到流的结尾。 conn="12ea3cb9-6e37-4a78-8a02-17ba9963b724"&#xD;
[xUnit.net 00:00:09.25]       2025-08-22 05:01:58.220 +08:00 [INF] DESKTOP-J6M8022 34864/14 SystemMonitor.Service.Worker Worker running at: "2025-08-22T05:01:58.2204087+08:00"&#xD;
[xUnit.net 00:00:09.25]       2025-08-22 05:01:59.232 +08:00 [INF] DESKTOP-J6M8022 34864/11 SystemMonitor.Service.Worker Worker running at: "2025-08-22T05:01:59.2321592+08:00"&#xD;
[xUnit.net 00:00:09.25]       2025-08-22 05:02:00.236 +08:00 [INF] DESKTOP-J6M8022 34864/14 SystemMonitor.Service.Worker Worker running at: "2025-08-22T05:02:00.2367533+08:00"&#xD;
[xUnit.net 00:00:09.25]       2025-08-22 05:02:01.245 +08:00 [INF] DESKTOP-J6M8022 34864/11 SystemMonitor.Service.Worker Worker running at: "2025-08-22T05:02:01.2451701+08:00"&#xD;
[xUnit.net 00:00:09.25]       2025-08-22 05:02:02.255 +08:00 [INF] DESKTOP-J6M8022 34864/11 SystemMonitor.Service.Worker Worker running at: "2025-08-22T05:02:02.2559126+08:00"&#xD;
[xUnit.net 00:00:09.25]       Stack Trace:&#xD;
[xUnit.net 00:00:09.25]         C:\code\sys-sensor-v3\src\SystemMonitor.Tests\EndToEndTests.cs(151,0): at SystemMonitor.Tests.EndToEndTests.WaitPipeReadyAsync(TimeSpan timeout)&#xD;
[xUnit.net 00:00:09.25]         C:\code\sys-sensor-v3\src\SystemMonitor.Tests\EndToEndTests.cs(278,0): at SystemMonitor.Tests.EndToEndTests.InitializeAsync()&#xD;
[svc][out] 正在生成...&#xD;
[test][pipe-wait] last-win32=2 elapsed=0.0s&#xD;
[test][pipe-wait] last-win32=2 elapsed=0.2s&#xD;
[test][pipe-wait] last-win32=2 elapsed=0.4s&#xD;
[test][pipe-wait] last-win32=2 elapsed=0.6s&#xD;
[test][pipe-wait] last-win32=2 elapsed=0.8s&#xD;
[test][pipe-wait] last-win32=2 elapsed=1.0s&#xD;
[test][pipe-wait] last-win32=2 elapsed=1.2s&#xD;
[test][pipe-wait] last-win32=2 elapsed=1.4s&#xD;
[svc][out] C:\code\sys-sensor-v3\src\SystemMonitor.Service\Services\RpcHostedService.cs(201,31): error CS0103: 当前上下文中不存在名称“TryCreateCounter�?[C:\code\sys-sensor-v3\src\SystemMonitor.Service\SystemMonitor.Service.csproj]&#xD;
[svc][out] C:\code\sys-sensor-v3\src\SystemMonitor.Service\Services\RpcHostedService.cs(203,35): error CS0103: 当前上下文中不存在名称“TryCreateCounter�?[C:\code\sys-sensor-v3\src\SystemMonitor.Service\SystemMonitor.Service.csproj]&#xD;
[svc][out] C:\code\sys-sensor-v3\src\SystemMonitor.Service\Program.cs(76,13): warning CA1416: 可在所有平台上访问此调用站点�?RpcHostedService" 仅在 'windows' 上受支持�?(https://learn.microsoft.com/dotnet/fundamentals/code-analysis/quality-rules/ca1416) [C:\code\sys-sensor-v3\src\SystemMonitor.Service\SystemMonitor.Service.csproj]&#xD;
[svc][err] 生成失败。请修复生成错误并重新运行�?&#xD;
[xUnit.net 00:00:11.40]       System.InvalidOperationException : Service exited while waiting for pipe. Code=1. Tail:
[svc][out] 姝ｅ湪鐢熸垚...&#xD;
[xUnit.net 00:00:11.40]       [svc][out] C:\code\sys-sensor-v3\src\SystemMonitor.Service\Services\RpcHostedService.cs(201,31): error CS0103: 褰撳墠涓婁笅鏂囦腑涓嶅瓨鍦ㄥ悕绉扳€淭ryCreateCounter鈥?[C:\code\sys-sensor-v3\src\SystemMonitor.Service\SystemMonitor.Service.csproj]&#xD;
[xUnit.net 00:00:11.40]       [svc][out] C:\code\sys-sensor-v3\src\SystemMonitor.Service\Services\RpcHostedService.cs(203,35): error CS0103: 褰撳墠涓婁笅鏂囦腑涓嶅瓨鍦ㄥ悕绉扳€淭ryCreateCounter鈥?[C:\code\sys-sensor-v3\src\SystemMonitor.Service\SystemMonitor.Service.csproj]&#xD;
[xUnit.net 00:00:11.40]       [svc][out] C:\code\sys-sensor-v3\src\SystemMonitor.Service\Program.cs(76,13): warning CA1416: 鍙湪鎵€鏈夊钩鍙颁笂璁块棶姝よ皟鐢ㄧ珯鐐广€?RpcHostedService" 浠呭湪 'windows' 涓婂彈鏀寔銆?(https://learn.microsoft.com/dotnet/fundamentals/code-analysis/quality-rules/ca1416) [C:\code\sys-sensor-v3\src\SystemMonitor.Service\SystemMonitor.Service.csproj]&#xD;
[xUnit.net 00:00:11.40]       [svc][err] 鐢熸垚澶辫触銆傝淇鐢熸垚閿欒骞堕噸鏂拌繍琛屻€?
[file-log-tail]
2025-08-22 05:00:07.505 +08:00 [INF] DESKTOP-J6M8022 34864/11 SystemMonitor.Service.Worker Worker running at: "2025-08-22T05:00:07.5059406+08:00"&#xD;
[xUnit.net 00:00:11.40]       2025-08-22 05:00:08.115 +08:00 [INF] DESKTOP-J6M8022 34864/11 SystemMonitor.Service.Services.RpcHostedService 客户端已连接&#xD;
[xUnit.net 00:00:11.40]       2025-08-22 05:00:08.115 +08:00 [INF] DESKTOP-J6M8022 34864/11 SystemMonitor.Service.Services.RpcHostedService 客户端会话建立: conn="3ebaf5c9-7a90-4c1f-8d06-77e4b9511b6b"&#xD;
[xUnit.net 00:00:11.40]       2025-08-22 05:00:08.119 +08:00 [INF] DESKTOP-J6M8022 34864/11 SystemMonitor.Service.Services.RpcHostedService 客户端断开：已达到流的结尾。 conn="3ebaf5c9-7a90-4c1f-8d06-77e4b9511b6b"&#xD;
[xUnit.net 00:00:11.40]       2025-08-22 05:00:08.515 +08:00 [INF] DESKTOP-J6M8022 34864/11 SystemMonitor.Service.Worker Worker running at: "2025-08-22T05:00:08.5155952+08:00"&#xD;
[xUnit.net 00:00:11.40]       2025-08-22 05:00:09.524 +08:00 [INF] DESKTOP-J6M8022 34864/9 SystemMonitor.Service.Worker Worker running at: "2025-08-22T05:00:09.5241284+08:00"&#xD;
[xUnit.net 00:00:11.40]       2025-08-22 05:00:10.532 +08:00 [INF] DESKTOP-J6M8022 34864/8 SystemMonitor.Service.Worker Worker running at: "2025-08-22T05:00:10.5324730+08:00"&#xD;
[xUnit.net 00:00:11.40]       2025-08-22 05:00:11.535 +08:00 [INF] DESKTOP-J6M8022 34864/12 SystemMonitor.Service.Worker Worker running at: "2025-08-22T05:00:11.5357528+08:00"&#xD;
[xUnit.net 00:00:11.40]       2025-08-22 05:00:12.548 +08:00 [INF] DESKTOP-J6M8022 34864/8 SystemMonitor.Service.Worker Worker running at: "2025-08-22T05:00:12.5481912+08:00"&#xD;
[xUnit.net 00:00:11.40]       2025-08-22 05:00:13.107 +08:00 [INF] DESKTOP-J6M8022 34864/12 SystemMonitor.Service.Services.RpcHostedService 客户端已连接&#xD;
[xUnit.net 00:00:11.40]       2025-08-22 05:00:13.107 +08:00 [INF] DESKTOP-J6M8022 34864/12 SystemMonitor.Service.Services.RpcHostedService 客户端会话建立: conn="27a81c38-4647-493a-8fb8-8f2e144087dc"&#xD;
[xUnit.net 00:00:11.40]       2025-08-22 05:00:13.111 +08:00 [INF] DESKTOP-J6M8022 34864/11 SystemMonitor.Service.Services.RpcHostedService 客户端断开：已达到流的结尾。 conn="27a81c38-4647-493a-8fb8-8f2e144087dc"&#xD;
[xUnit.net 00:00:11.40]       2025-08-22 05:00:13.384 +08:00 [INF] DESKTOP-J6M8022 34864/8 SystemMonitor.Service.Services.RpcHostedService 客户端已连接&#xD;
[xUnit.net 00:00:11.40]       2025-08-22 05:00:13.384 +08:00 [INF] DESKTOP-J6M8022 34864/8 SystemMonitor.Service.Services.RpcHostedService 客户端会话建立: conn="25e61bd6-9b34-4b1b-8730-8dd26623668c"&#xD;
[xUnit.net 00:00:11.40]       2025-08-22 05:00:13.405 +08:00 [INF] DESKTOP-J6M8022 34864/8 SystemMonitor.Service.Services.RpcHostedService snapshot called, modules=*&#xD;
[xUnit.net 00:00:11.40]       2025-08-22 05:00:13.408 +08:00 [INF] DESKTOP-J6M8022 34864/9 SystemMonitor.Service.Services.RpcHostedService 客户端断开：已达到流的结尾。 conn="25e61bd6-9b34-4b1b-8730-8dd26623668c"&#xD;
[xUnit.net 00:00:11.40]       2025-08-22 05:00:13.551 +08:00 [INF] DESKTOP-J6M8022 34864/12 SystemMonitor.Service.Worker Worker running at: "2025-08-22T05:00:13.5519178+08:00"&#xD;
[xUnit.net 00:00:11.40]       2025-08-22 05:00:14.561 +08:00 [INF] DESKTOP-J6M8022 34864/8 SystemMonitor.Service.Worker Worker running at: "2025-08-22T05:00:14.5613344+08:00"&#xD;
[xUnit.net 00:00:11.40]       2025-08-22 05:00:15.574 +08:00 [INF] DESKTOP-J6M8022 34864/8 SystemMonitor.Service.Worker Worker running at: "2025-08-22T05:00:15.5741996+08:00"&#xD;
[xUnit.net 00:00:11.40]       2025-08-22 05:00:16.580 +08:00 [INF] DESKTOP-J6M8022 34864/12 SystemMonitor.Service.Worker Worker running at: "2025-08-22T05:00:16.5802431+08:00"&#xD;
[xUnit.net 00:00:11.40]       2025-08-22 05:00:17.583 +08:00 [INF] DESKTOP-J6M8022 34864/12 SystemMonitor.Service.Worker Worker running at: "2025-08-22T05:00:17.5832737+08:00"&#xD;
[xUnit.net 00:00:11.40]       2025-08-22 05:00:18.114 +08:00 [INF] DESKTOP-J6M8022 34864/11 SystemMonitor.Service.Services.RpcHostedService 客户端已连接&#xD;
[xUnit.net 00:00:11.41]       2025-08-22 05:00:18.114 +08:00 [INF] DESKTOP-J6M8022 34864/11 SystemMonitor.Service.Services.RpcHostedService 客户端会话建立: conn="8619790b-69c5-445b-ab8d-8526df618427"&#xD;
[xUnit.net 00:00:11.41]       2025-08-22 05:00:18.116 +08:00 [INF] DESKTOP-J6M8022 34864/12 SystemMonitor.Service.Services.RpcHostedService 客户端断开：已达到流的结尾。 conn="8619790b-69c5-445b-ab8d-8526df618427"&#xD;
[xUnit.net 00:00:11.41]       2025-08-22 05:00:18.595 +08:00 [INF] DESKTOP-J6M8022 34864/11 SystemMonitor.Service.Worker Worker running at: "2025-08-22T05:00:18.5953464+08:00"&#xD;
[xUnit.net 00:00:11.41]       2025-08-22 05:00:19.605 +08:00 [INF] DESKTOP-J6M8022 34864/11 SystemMonitor.Service.Worker Worker running at: "2025-08-22T05:00:19.6052530+08:00"&#xD;
[xUnit.net 00:00:11.41]       2025-08-22 05:00:20.613 +08:00 [INF] DESKTOP-J6M8022 34864/13 SystemMonitor.Service.Worker Worker running at: "2025-08-22T05:00:20.6131263+08:00"&#xD;
[xUnit.net 00:00:11.41]       2025-08-22 05:00:21.613 +08:00 [INF] DESKTOP-J6M8022 34864/11 SystemMonitor.Service.Worker Worker running at: "2025-08-22T05:00:21.6130098+08:00"&#xD;
[xUnit.net 00:00:11.41]       2025-08-22 05:00:22.624 +08:00 [INF] DESKTOP-J6M8022 34864/13 SystemMonitor.Service.Worker Worker running at: "2025-08-22T05:00:22.6244940+08:00"&#xD;
[xUnit.net 00:00:11.41]       2025-08-22 05:00:23.105 +08:00 [INF] DESKTOP-J6M8022 34864/13 SystemMonitor.Service.Services.RpcHostedService 客户端已连接&#xD;
[xUnit.net 00:00:11.41]       2025-08-22 05:00:23.105 +08:00 [INF] DESKTOP-J6M8022 34864/13 SystemMonitor.Service.Services.RpcHostedService 客户端会话建立: conn="849f5c90-811a-4eb3-97ea-73e1b9d03257"&#xD;
[xUnit.net 00:00:11.41]       2025-08-22 05:00:23.108 +08:00 [INF] DESKTOP-J6M8022 34864/8 SystemMonitor.Service.Services.RpcHostedService 客户端断开：已达到流的结尾。 conn="849f5c90-811a-4eb3-97ea-73e1b9d03257"&#xD;
[xUnit.net 00:00:11.41]       2025-08-22 05:00:23.627 +08:00 [INF] DESKTOP-J6M8022 34864/13 SystemMonitor.Service.Worker Worker running at: "2025-08-22T05:00:23.6275367+08:00"&#xD;
[xUnit.net 00:00:11.41]       2025-08-22 05:00:24.631 +08:00 [INF] DESKTOP-J6M8022 34864/8 SystemMonitor.Service.Worker Worker running at: "2025-08-22T05:00:24.6319373+08:00"&#xD;
[xUnit.net 00:00:11.41]       2025-08-22 05:00:25.643 +08:00 [INF] DESKTOP-J6M8022 34864/13 SystemMonitor.Service.Worker Worker running at: "2025-08-22T05:00:25.6437810+08:00"&#xD;
[xUnit.net 00:00:11.41]       2025-08-22 05:00:26.649 +08:00 [INF] DESKTOP-J6M8022 34864/10 SystemMonitor.Service.Worker Worker running at: "2025-08-22T05:00:26.6498268+08:00"&#xD;
[xUnit.net 00:00:11.41]       2025-08-22 05:00:27.653 +08:00 [INF] DESKTOP-J6M8022 34864/13 SystemMonitor.Service.Worker Worker running at: "2025-08-22T05:00:27.6536723+08:00"&#xD;
[xUnit.net 00:00:11.41]       2025-08-22 05:00:28.104 +08:00 [INF] DESKTOP-J6M8022 34864/13 SystemMonitor.Service.Services.RpcHostedService 客户端已连接&#xD;
[xUnit.net 00:00:11.41]       2025-08-22 05:00:28.104 +08:00 [INF] DESKTOP-J6M8022 34864/13 SystemMonitor.Service.Services.RpcHostedService 客户端会话建立: conn="58087a9a-4fe9-4ab7-893a-962c7c34de4d"&#xD;
[xUnit.net 00:00:11.41]       2025-08-22 05:00:28.108 +08:00 [INF] DESKTOP-J6M8022 34864/10 SystemMonitor.Service.Services.RpcHostedService 客户端断开：已达到流的结尾。 conn="58087a9a-4fe9-4ab7-893a-962c7c34de4d"&#xD;
[xUnit.net 00:00:11.41]       2025-08-22 05:00:28.658 +08:00 [INF] DESKTOP-J6M8022 34864/10 SystemMonitor.Service.Worker Worker running at: "2025-08-22T05:00:28.6580477+08:00"&#xD;
[xUnit.net 00:00:11.41]       2025-08-22 05:00:29.667 +08:00 [INF] DESKTOP-J6M8022 34864/10 SystemMonitor.Service.Worker Worker running at: "2025-08-22T05:00:29.6670246+08:00"&#xD;
[xUnit.net 00:00:11.41]       2025-08-22 05:00:30.671 +08:00 [INF] DESKTOP-J6M8022 34864/11 SystemMonitor.Service.Worker Worker running at: "2025-08-22T05:00:30.6718324+08:00"&#xD;
[xUnit.net 00:00:11.41]       2025-08-22 05:00:31.677 +08:00 [INF] DESKTOP-J6M8022 34864/11 SystemMonitor.Service.Worker Worker running at: "2025-08-22T05:00:31.6773257+08:00"&#xD;
[xUnit.net 00:00:11.41]       2025-08-22 05:00:32.687 +08:00 [INF] DESKTOP-J6M8022 34864/8 SystemMonitor.Service.Worker Worker running at: "2025-08-22T05:00:32.6879602+08:00"&#xD;
[xUnit.net 00:00:11.41]       2025-08-22 05:00:33.104 +08:00 [INF] DESKTOP-J6M8022 34864/11 SystemMonitor.Service.Services.RpcHostedService 客户端已连接&#xD;
[xUnit.net 00:00:11.41]       2025-08-22 05:00:33.104 +08:00 [INF] DESKTOP-J6M8022 34864/11 SystemMonitor.Service.Services.RpcHostedService 客户端会话建立: conn="f2efc72f-7360-4d95-8499-7acad765c432"&#xD;
[xUnit.net 00:00:11.41]       2025-08-22 05:00:33.107 +08:00 [INF] DESKTOP-J6M8022 34864/11 SystemMonitor.Service.Services.RpcHostedService 客户端断开：已达到流的结尾。 conn="f2efc72f-7360-4d95-8499-7acad765c432"&#xD;
[xUnit.net 00:00:11.41]       2025-08-22 05:00:33.703 +08:00 [INF] DESKTOP-J6M8022 34864/8 SystemMonitor.Service.Worker Worker running at: "2025-08-22T05:00:33.7031716+08:00"&#xD;
[xUnit.net 00:00:11.41]       2025-08-22 05:00:34.705 +08:00 [INF] DESKTOP-J6M8022 34864/13 SystemMonitor.Service.Worker Worker running at: "2025-08-22T05:00:34.7053006+08:00"&#xD;
[xUnit.net 00:00:11.41]       2025-08-22 05:00:35.716 +08:00 [INF] DESKTOP-J6M8022 34864/11 SystemMonitor.Service.Worker Worker running at: "2025-08-22T05:00:35.7161477+08:00"&#xD;
[xUnit.net 00:00:11.41]       2025-08-22 05:00:36.721 +08:00 [INF] DESKTOP-J6M8022 34864/12 SystemMonitor.Service.Worker Worker running at: "2025-08-22T05:00:36.7213935+08:00"&#xD;
[xUnit.net 00:00:11.41]       2025-08-22 05:00:37.725 +08:00 [INF] DESKTOP-J6M8022 34864/12 SystemMonitor.Service.Worker Worker running at: "2025-08-22T05:00:37.7251514+08:00"&#xD;
[xUnit.net 00:00:11.41]       2025-08-22 05:00:38.118 +08:00 [INF] DESKTOP-J6M8022 34864/13 SystemMonitor.Service.Services.RpcHostedService 客户端已连接&#xD;
[xUnit.net 00:00:11.41]       2025-08-22 05:00:38.118 +08:00 [INF] DESKTOP-J6M8022 34864/13 SystemMonitor.Service.Services.RpcHostedService 客户端会话建立: conn="b439ecab-ffb2-4843-8f54-1844ad704c06"&#xD;
[xUnit.net 00:00:11.41]       2025-08-22 05:00:38.121 +08:00 [INF] DESKTOP-J6M8022 34864/13 SystemMonitor.Service.Services.RpcHostedService 客户端断开：已达到流的结尾。 conn="b439ecab-ffb2-4843-8f54-1844ad704c06"&#xD;
[xUnit.net 00:00:11.41]       2025-08-22 05:00:38.725 +08:00 [INF] DESKTOP-J6M8022 34864/8 SystemMonitor.Service.Worker Worker running at: "2025-08-22T05:00:38.7259519+08:00"&#xD;
[xUnit.net 00:00:11.41]       2025-08-22 05:00:39.740 +08:00 [INF] DESKTOP-J6M8022 34864/11 SystemMonitor.Service.Worker Worker running at: "2025-08-22T05:00:39.7403082+08:00"&#xD;
[xUnit.net 00:00:11.41]       2025-08-22 05:00:40.742 +08:00 [INF] DESKTOP-J6M8022 34864/11 SystemMonitor.Service.Worker Worker running at: "2025-08-22T05:00:40.7425737+08:00"&#xD;
[xUnit.net 00:00:11.41]       2025-08-22 05:00:41.745 +08:00 [INF] DESKTOP-J6M8022 34864/13 SystemMonitor.Service.Worker Worker running at: "2025-08-22T05:00:41.7451229+08:00"&#xD;
[xUnit.net 00:00:11.41]       2025-08-22 05:00:42.751 +08:00 [INF] DESKTOP-J6M8022 34864/11 SystemMonitor.Service.Worker Worker running at: "2025-08-22T05:00:42.7515665+08:00"&#xD;
[xUnit.net 00:00:11.41]       2025-08-22 05:00:43.110 +08:00 [INF] DESKTOP-J6M8022 34864/14 SystemMonitor.Service.Services.RpcHostedService 客户端已连接&#xD;
[xUnit.net 00:00:11.41]       2025-08-22 05:00:43.110 +08:00 [INF] DESKTOP-J6M8022 34864/14 SystemMonitor.Service.Services.RpcHostedService 客户端会话建立: conn="ec82b613-da05-4264-84fe-3fb03c945d2f"&#xD;
[xUnit.net 00:00:11.41]       2025-08-22 05:00:43.120 +08:00 [INF] DESKTOP-J6M8022 34864/9 SystemMonitor.Service.Services.RpcHostedService 客户端断开：已达到流的结尾。 conn="ec82b613-da05-4264-84fe-3fb03c945d2f"&#xD;
[xUnit.net 00:00:11.41]       2025-08-22 05:00:43.389 +08:00 [INF] DESKTOP-J6M8022 34864/13 SystemMonitor.Service.Services.RpcHostedService 客户端已连接&#xD;
[xUnit.net 00:00:11.41]       2025-08-22 05:00:43.389 +08:00 [INF] DESKTOP-J6M8022 34864/13 SystemMonitor.Service.Services.RpcHostedService 客户端会话建立: conn="2f7dc9d3-2402-4294-ba61-bc663df8cf82"&#xD;
[xUnit.net 00:00:11.41]       2025-08-22 05:00:43.398 +08:00 [INF] DESKTOP-J6M8022 34864/13 SystemMonitor.Service.Services.RpcHostedService snapshot called, modules=*&#xD;
[xUnit.net 00:00:11.41]       2025-08-22 05:00:43.407 +08:00 [INF] DESKTOP-J6M8022 34864/13 SystemMonitor.Service.Services.RpcHostedService 客户端断开：已达到流的结尾。 conn="2f7dc9d3-2402-4294-ba61-bc663df8cf82"&#xD;
[xUnit.net 00:00:11.41]       2025-08-22 05:00:43.756 +08:00 [INF] DESKTOP-J6M8022 34864/13 SystemMonitor.Service.Worker Worker running at: "2025-08-22T05:00:43.7565234+08:00"&#xD;
[xUnit.net 00:00:11.41]       2025-08-22 05:00:44.757 +08:00 [INF] DESKTOP-J6M8022 34864/11 SystemMonitor.Service.Worker Worker running at: "2025-08-22T05:00:44.7577675+08:00"&#xD;
[xUnit.net 00:00:11.41]       2025-08-22 05:00:45.762 +08:00 [INF] DESKTOP-J6M8022 34864/11 SystemMonitor.Service.Worker Worker running at: "2025-08-22T05:00:45.7627674+08:00"&#xD;
[xUnit.net 00:00:11.41]       2025-08-22 05:00:46.772 +08:00 [INF] DESKTOP-J6M8022 34864/11 SystemMonitor.Service.Worker Worker running at: "2025-08-22T05:00:46.7724296+08:00"&#xD;
[xUnit.net 00:00:11.41]       2025-08-22 05:00:47.772 +08:00 [INF] DESKTOP-J6M8022 34864/11 SystemMonitor.Service.Worker Worker running at: "2025-08-22T05:00:47.7724414+08:00"&#xD;
[xUnit.net 00:00:11.41]       2025-08-22 05:00:48.113 +08:00 [INF] DESKTOP-J6M8022 34864/11 SystemMonitor.Service.Services.RpcHostedService 客户端已连接&#xD;
[xUnit.net 00:00:11.41]       2025-08-22 05:00:48.113 +08:00 [INF] DESKTOP-J6M8022 34864/11 SystemMonitor.Service.Services.RpcHostedService 客户端会话建立: conn="0b57ec2b-be63-49bb-9b61-b642d4a6bad8"&#xD;
[xUnit.net 00:00:11.41]       2025-08-22 05:00:48.118 +08:00 [INF] DESKTOP-J6M8022 34864/11 SystemMonitor.Service.Services.RpcHostedService 客户端断开：已达到流的结尾。 conn="0b57ec2b-be63-49bb-9b61-b642d4a6bad8"&#xD;
[xUnit.net 00:00:11.41]       2025-08-22 05:00:48.786 +08:00 [INF] DESKTOP-J6M8022 34864/14 SystemMonitor.Service.Worker Worker running at: "2025-08-22T05:00:48.7861767+08:00"&#xD;
[xUnit.net 00:00:11.41]       2025-08-22 05:00:49.797 +08:00 [INF] DESKTOP-J6M8022 34864/14 SystemMonitor.Service.Worker Worker running at: "2025-08-22T05:00:49.7971060+08:00"&#xD;
[xUnit.net 00:00:11.41]       2025-08-22 05:00:50.810 +08:00 [INF] DESKTOP-J6M8022 34864/14 SystemMonitor.Service.Worker Worker running at: "2025-08-22T05:00:50.8103703+08:00"&#xD;
[xUnit.net 00:00:11.41]       2025-08-22 05:00:51.819 +08:00 [INF] DESKTOP-J6M8022 34864/14 SystemMonitor.Service.Worker Worker running at: "2025-08-22T05:00:51.8191149+08:00"&#xD;
[xUnit.net 00:00:11.41]       2025-08-22 05:00:52.832 +08:00 [INF] DESKTOP-J6M8022 34864/14 SystemMonitor.Service.Worker Worker running at: "2025-08-22T05:00:52.8322629+08:00"&#xD;
[xUnit.net 00:00:11.41]       2025-08-22 05:00:53.102 +08:00 [INF] DESKTOP-J6M8022 34864/14 SystemMonitor.Service.Services.RpcHostedService 客户端已连接&#xD;
[xUnit.net 00:00:11.41]       2025-08-22 05:00:53.102 +08:00 [INF] DESKTOP-J6M8022 34864/14 SystemMonitor.Service.Services.RpcHostedService 客户端会话建立: conn="a1d8b427-d708-44e2-9952-15a5a936e6af"&#xD;
[xUnit.net 00:00:11.41]       2025-08-22 05:00:53.105 +08:00 [INF] DESKTOP-J6M8022 34864/13 SystemMonitor.Service.Services.RpcHostedService 客户端断开：已达到流的结尾。 conn="a1d8b427-d708-44e2-9952-15a5a936e6af"&#xD;
[xUnit.net 00:00:11.41]       2025-08-22 05:00:53.839 +08:00 [INF] DESKTOP-J6M8022 34864/9 SystemMonitor.Service.Worker Worker running at: "2025-08-22T05:00:53.8390210+08:00"&#xD;
[xUnit.net 00:00:11.41]       2025-08-22 05:00:54.844 +08:00 [INF] DESKTOP-J6M8022 34864/9 SystemMonitor.Service.Worker Worker running at: "2025-08-22T05:00:54.8440332+08:00"&#xD;
[xUnit.net 00:00:11.41]       2025-08-22 05:00:55.849 +08:00 [INF] DESKTOP-J6M8022 34864/14 SystemMonitor.Service.Worker Worker running at: "2025-08-22T05:00:55.8498931+08:00"&#xD;
[xUnit.net 00:00:11.41]       2025-08-22 05:00:56.855 +08:00 [INF] DESKTOP-J6M8022 34864/12 SystemMonitor.Service.Worker Worker running at: "2025-08-22T05:00:56.8554623+08:00"&#xD;
[xUnit.net 00:00:11.41]       2025-08-22 05:00:57.861 +08:00 [INF] DESKTOP-J6M8022 34864/12 SystemMonitor.Service.Worker Worker running at: "2025-08-22T05:00:57.8610329+08:00"&#xD;
[xUnit.net 00:00:11.41]       2025-08-22 05:00:58.111 +08:00 [INF] DESKTOP-J6M8022 34864/8 SystemMonitor.Service.Services.RpcHostedService 客户端已连接&#xD;
[xUnit.net 00:00:11.41]       2025-08-22 05:00:58.111 +08:00 [INF] DESKTOP-J6M8022 34864/8 SystemMonitor.Service.Services.RpcHostedService 客户端会话建立: conn="667ed3f1-bd30-41e0-92ff-80608571c1ce"&#xD;
[xUnit.net 00:00:11.41]       2025-08-22 05:00:58.116 +08:00 [INF] DESKTOP-J6M8022 34864/12 SystemMonitor.Service.Services.RpcHostedService 客户端断开：已达到流的结尾。 conn="667ed3f1-bd30-41e0-92ff-80608571c1ce"&#xD;
[xUnit.net 00:00:11.41]       2025-08-22 05:00:58.863 +08:00 [INF] DESKTOP-J6M8022 34864/8 SystemMonitor.Service.Worker Worker running at: "2025-08-22T05:00:58.8635685+08:00"&#xD;
[xUnit.net 00:00:11.41]       2025-08-22 05:00:59.864 +08:00 [INF] DESKTOP-J6M8022 34864/13 SystemMonitor.Service.Worker Worker running at: "2025-08-22T05:00:59.8639948+08:00"&#xD;
[xUnit.net 00:00:11.41]       2025-08-22 05:01:00.871 +08:00 [INF] DESKTOP-J6M8022 34864/8 SystemMonitor.Service.Worker Worker running at: "2025-08-22T05:01:00.8711317+08:00"&#xD;
[xUnit.net 00:00:11.41]       2025-08-22 05:01:01.872 +08:00 [INF] DESKTOP-J6M8022 34864/8 SystemMonitor.Service.Worker Worker running at: "2025-08-22T05:01:01.8723849+08:00"&#xD;
[xUnit.net 00:00:11.41]       2025-08-22 05:01:02.874 +08:00 [INF] DESKTOP-J6M8022 34864/13 SystemMonitor.Service.Worker Worker running at: "2025-08-22T05:01:02.8742125+08:00"&#xD;
[xUnit.net 00:00:11.41]       2025-08-22 05:01:03.109 +08:00 [INF] DESKTOP-J6M8022 34864/13 SystemMonitor.Service.Services.RpcHostedService 客户端已连接&#xD;
[xUnit.net 00:00:11.41]       2025-08-22 05:01:03.109 +08:00 [INF] DESKTOP-J6M8022 34864/13 SystemMonitor.Service.Services.RpcHostedService 客户端会话建立: conn="6f7008b5-fb8e-492a-bb7e-9769bc95aca3"&#xD;
[xUnit.net 00:00:11.41]       2025-08-22 05:01:03.113 +08:00 [INF] DESKTOP-J6M8022 34864/13 SystemMonitor.Service.Services.RpcHostedService 客户端断开：已达到流的结尾。 conn="6f7008b5-fb8e-492a-bb7e-9769bc95aca3"&#xD;
[xUnit.net 00:00:11.41]       2025-08-22 05:01:03.878 +08:00 [INF] DESKTOP-J6M8022 34864/9 SystemMonitor.Service.Worker Worker running at: "2025-08-22T05:01:03.8780156+08:00"&#xD;
[xUnit.net 00:00:11.41]       2025-08-22 05:01:04.882 +08:00 [INF] DESKTOP-J6M8022 34864/9 SystemMonitor.Service.Worker Worker running at: "2025-08-22T05:01:04.8824276+08:00"&#xD;
[xUnit.net 00:00:11.41]       2025-08-22 05:01:05.888 +08:00 [INF] DESKTOP-J6M8022 34864/9 SystemMonitor.Service.Worker Worker running at: "2025-08-22T05:01:05.8884444+08:00"&#xD;
[xUnit.net 00:00:11.41]       2025-08-22 05:01:06.898 +08:00 [INF] DESKTOP-J6M8022 34864/13 SystemMonitor.Service.Worker Worker running at: "2025-08-22T05:01:06.8980438+08:00"&#xD;
[xUnit.net 00:00:11.41]       2025-08-22 05:01:07.902 +08:00 [INF] DESKTOP-J6M8022 34864/12 SystemMonitor.Service.Worker Worker running at: "2025-08-22T05:01:07.9022915+08:00"&#xD;
[xUnit.net 00:00:11.41]       2025-08-22 05:01:08.106 +08:00 [INF] DESKTOP-J6M8022 34864/12 SystemMonitor.Service.Services.RpcHostedService 客户端已连接&#xD;
[xUnit.net 00:00:11.41]       2025-08-22 05:01:08.106 +08:00 [INF] DESKTOP-J6M8022 34864/12 SystemMonitor.Service.Services.RpcHostedService 客户端会话建立: conn="57e57623-52be-4bde-b1c7-694c9251d418"&#xD;
[xUnit.net 00:00:11.41]       2025-08-22 05:01:08.111 +08:00 [INF] DESKTOP-J6M8022 34864/14 SystemMonitor.Service.Services.RpcHostedService 客户端断开：已达到流的结尾。 conn="57e57623-52be-4bde-b1c7-694c9251d418"&#xD;
[xUnit.net 00:00:11.41]       2025-08-22 05:01:08.904 +08:00 [INF] DESKTOP-J6M8022 34864/13 SystemMonitor.Service.Worker Worker running at: "2025-08-22T05:01:08.9045942+08:00"&#xD;
[xUnit.net 00:00:11.41]       2025-08-22 05:01:09.905 +08:00 [INF] DESKTOP-J6M8022 34864/12 SystemMonitor.Service.Worker Worker running at: "2025-08-22T05:01:09.9059497+08:00"&#xD;
[xUnit.net 00:00:11.41]       2025-08-22 05:01:10.910 +08:00 [INF] DESKTOP-J6M8022 34864/8 SystemMonitor.Service.Worker Worker running at: "2025-08-22T05:01:10.9104565+08:00"&#xD;
[xUnit.net 00:00:11.41]       2025-08-22 05:01:11.913 +08:00 [INF] DESKTOP-J6M8022 34864/12 SystemMonitor.Service.Worker Worker running at: "2025-08-22T05:01:11.9132884+08:00"&#xD;
[xUnit.net 00:00:11.41]       2025-08-22 05:01:12.917 +08:00 [INF] DESKTOP-J6M8022 34864/8 SystemMonitor.Service.Worker Worker running at: "2025-08-22T05:01:12.9173706+08:00"&#xD;
[xUnit.net 00:00:11.41]       2025-08-22 05:01:13.103 +08:00 [INF] DESKTOP-J6M8022 34864/8 SystemMonitor.Service.Services.RpcHostedService 客户端已连接&#xD;
[xUnit.net 00:00:11.41]       2025-08-22 05:01:13.103 +08:00 [INF] DESKTOP-J6M8022 34864/8 SystemMonitor.Service.Services.RpcHostedService 客户端会话建立: conn="8c8ff938-4ec2-4b63-94b8-07d74318db55"&#xD;
[xUnit.net 00:00:11.41]       2025-08-22 05:01:13.107 +08:00 [INF] DESKTOP-J6M8022 34864/12 SystemMonitor.Service.Services.RpcHostedService 客户端断开：已达到流的结尾。 conn="8c8ff938-4ec2-4b63-94b8-07d74318db55"&#xD;
[xUnit.net 00:00:11.41]       2025-08-22 05:01:13.395 +08:00 [INF] DESKTOP-J6M8022 34864/8 SystemMonitor.Service.Services.RpcHostedService 客户端已连接&#xD;
[xUnit.net 00:00:11.41]       2025-08-22 05:01:13.395 +08:00 [INF] DESKTOP-J6M8022 34864/8 SystemMonitor.Service.Services.RpcHostedService 客户端会话建立: conn="0d0e45ce-49cf-483b-8035-5df65c66b336"&#xD;
[xUnit.net 00:00:11.41]       2025-08-22 05:01:13.409 +08:00 [INF] DESKTOP-J6M8022 34864/8 SystemMonitor.Service.Services.RpcHostedService snapshot called, modules=*&#xD;
[xUnit.net 00:00:11.41]       2025-08-22 05:01:13.415 +08:00 [INF] DESKTOP-J6M8022 34864/12 SystemMonitor.Service.Services.RpcHostedService 客户端断开：已达到流的结尾。 conn="0d0e45ce-49cf-483b-8035-5df65c66b336"&#xD;
[xUnit.net 00:00:11.41]       2025-08-22 05:01:13.923 +08:00 [INF] DESKTOP-J6M8022 34864/14 SystemMonitor.Service.Worker Worker running at: "2025-08-22T05:01:13.9232807+08:00"&#xD;
[xUnit.net 00:00:11.41]       2025-08-22 05:01:14.929 +08:00 [INF] DESKTOP-J6M8022 34864/12 SystemMonitor.Service.Worker Worker running at: "2025-08-22T05:01:14.9292827+08:00"&#xD;
[xUnit.net 00:00:11.41]       2025-08-22 05:01:15.932 +08:00 [INF] DESKTOP-J6M8022 34864/8 SystemMonitor.Service.Worker Worker running at: "2025-08-22T05:01:15.9326500+08:00"&#xD;
[xUnit.net 00:00:11.41]       2025-08-22 05:01:16.939 +08:00 [INF] DESKTOP-J6M8022 34864/14 SystemMonitor.Service.Worker Worker running at: "2025-08-22T05:01:16.9393680+08:00"&#xD;
[xUnit.net 00:00:11.41]       2025-08-22 05:01:17.943 +08:00 [INF] DESKTOP-J6M8022 34864/8 SystemMonitor.Service.Worker Worker running at: "2025-08-22T05:01:17.9432416+08:00"&#xD;
[xUnit.net 00:00:11.41]       2025-08-22 05:01:18.116 +08:00 [INF] DESKTOP-J6M8022 34864/8 SystemMonitor.Service.Services.RpcHostedService 客户端已连接&#xD;
[xUnit.net 00:00:11.41]       2025-08-22 05:01:18.116 +08:00 [INF] DESKTOP-J6M8022 34864/8 SystemMonitor.Service.Services.RpcHostedService 客户端会话建立: conn="4caa660b-18e4-4979-bebe-31bdd3b07642"&#xD;
[xUnit.net 00:00:11.41]       2025-08-22 05:01:18.119 +08:00 [INF] DESKTOP-J6M8022 34864/12 SystemMonitor.Service.Services.RpcHostedService 客户端断开：已达到流的结尾。 conn="4caa660b-18e4-4979-bebe-31bdd3b07642"&#xD;
[xUnit.net 00:00:11.41]       2025-08-22 05:01:18.947 +08:00 [INF] DESKTOP-J6M8022 34864/8 SystemMonitor.Service.Worker Worker running at: "2025-08-22T05:01:18.9470563+08:00"&#xD;
[xUnit.net 00:00:11.41]       2025-08-22 05:01:19.950 +08:00 [INF] DESKTOP-J6M8022 34864/8 SystemMonitor.Service.Worker Worker running at: "2025-08-22T05:01:19.9501774+08:00"&#xD;
[xUnit.net 00:00:11.41]       2025-08-22 05:01:20.958 +08:00 [INF] DESKTOP-J6M8022 34864/8 SystemMonitor.Service.Worker Worker running at: "2025-08-22T05:01:20.9579718+08:00"&#xD;
[xUnit.net 00:00:11.41]       2025-08-22 05:01:21.959 +08:00 [INF] DESKTOP-J6M8022 34864/14 SystemMonitor.Service.Worker Worker running at: "2025-08-22T05:01:21.9594726+08:00"&#xD;
[xUnit.net 00:00:11.41]       2025-08-22 05:01:22.963 +08:00 [INF] DESKTOP-J6M8022 34864/8 SystemMonitor.Service.Worker Worker running at: "2025-08-22T05:01:22.9634519+08:00"&#xD;
[xUnit.net 00:00:11.41]       2025-08-22 05:01:23.105 +08:00 [INF] DESKTOP-J6M8022 34864/8 SystemMonitor.Service.Services.RpcHostedService 客户端已连接&#xD;
[xUnit.net 00:00:11.41]       2025-08-22 05:01:23.105 +08:00 [INF] DESKTOP-J6M8022 34864/8 SystemMonitor.Service.Services.RpcHostedService 客户端会话建立: conn="8639769c-80fa-407f-b9a9-4050afd76198"&#xD;
[xUnit.net 00:00:11.41]       2025-08-22 05:01:23.107 +08:00 [INF] DESKTOP-J6M8022 34864/14 SystemMonitor.Service.Services.RpcHostedService 客户端断开：已达到流的结尾。 conn="8639769c-80fa-407f-b9a9-4050afd76198"&#xD;
[xUnit.net 00:00:11.41]       2025-08-22 05:01:23.971 +08:00 [INF] DESKTOP-J6M8022 34864/11 SystemMonitor.Service.Worker Worker running at: "2025-08-22T05:01:23.9715344+08:00"&#xD;
[xUnit.net 00:00:11.41]       2025-08-22 05:01:24.982 +08:00 [INF] DESKTOP-J6M8022 34864/11 SystemMonitor.Service.Worker Worker running at: "2025-08-22T05:01:24.9819615+08:00"&#xD;
[xUnit.net 00:00:11.41]       2025-08-22 05:01:25.994 +08:00 [INF] DESKTOP-J6M8022 34864/11 SystemMonitor.Service.Worker Worker running at: "2025-08-22T05:01:25.9941989+08:00"&#xD;
[xUnit.net 00:00:11.41]       2025-08-22 05:01:26.999 +08:00 [INF] DESKTOP-J6M8022 34864/8 SystemMonitor.Service.Worker Worker running at: "2025-08-22T05:01:26.9999359+08:00"&#xD;
[xUnit.net 00:00:11.41]       2025-08-22 05:01:28.013 +08:00 [INF] DESKTOP-J6M8022 34864/11 SystemMonitor.Service.Worker Worker running at: "2025-08-22T05:01:28.0133025+08:00"&#xD;
[xUnit.net 00:00:11.41]       2025-08-22 05:01:28.109 +08:00 [INF] DESKTOP-J6M8022 34864/11 SystemMonitor.Service.Services.RpcHostedService 客户端已连接&#xD;
[xUnit.net 00:00:11.41]       2025-08-22 05:01:28.109 +08:00 [INF] DESKTOP-J6M8022 34864/11 SystemMonitor.Service.Services.RpcHostedService 客户端会话建立: conn="fda2e581-c0a4-4aa4-a5e0-11787ca179bd"&#xD;
[xUnit.net 00:00:11.41]       2025-08-22 05:01:28.112 +08:00 [INF] DESKTOP-J6M8022 34864/11 SystemMonitor.Service.Services.RpcHostedService 客户端断开：已达到流的结尾。 conn="fda2e581-c0a4-4aa4-a5e0-11787ca179bd"&#xD;
[xUnit.net 00:00:11.41]       2025-08-22 05:01:29.018 +08:00 [INF] DESKTOP-J6M8022 34864/11 SystemMonitor.Service.Worker Worker running at: "2025-08-22T05:01:29.0183364+08:00"&#xD;
[xUnit.net 00:00:11.41]       2025-08-22 05:01:30.019 +08:00 [INF] DESKTOP-J6M8022 34864/8 SystemMonitor.Service.Worker Worker running at: "2025-08-22T05:01:30.0195935+08:00"&#xD;
[xUnit.net 00:00:11.41]       2025-08-22 05:01:31.026 +08:00 [INF] DESKTOP-J6M8022 34864/8 SystemMonitor.Service.Worker Worker running at: "2025-08-22T05:01:31.0262398+08:00"&#xD;
[xUnit.net 00:00:11.41]       2025-08-22 05:01:32.031 +08:00 [INF] DESKTOP-J6M8022 34864/12 SystemMonitor.Service.Worker Worker running at: "2025-08-22T05:01:32.0310132+08:00"&#xD;
[xUnit.net 00:00:11.41]       2025-08-22 05:01:33.035 +08:00 [INF] DESKTOP-J6M8022 34864/12 SystemMonitor.Service.Worker Worker running at: "2025-08-22T05:01:33.0357910+08:00"&#xD;
[xUnit.net 00:00:11.41]       2025-08-22 05:01:33.116 +08:00 [INF] DESKTOP-J6M8022 34864/12 SystemMonitor.Service.Services.RpcHostedService 客户端已连接&#xD;
[xUnit.net 00:00:11.41]       2025-08-22 05:01:33.116 +08:00 [INF] DESKTOP-J6M8022 34864/12 SystemMonitor.Service.Services.RpcHostedService 客户端会话建立: conn="34e1094f-2d5d-4eb2-b05a-37c0e40cc011"&#xD;
[xUnit.net 00:00:11.41]       2025-08-22 05:01:33.119 +08:00 [INF] DESKTOP-J6M8022 34864/8 SystemMonitor.Service.Services.RpcHostedService 客户端断开：已达到流的结尾。 conn="34e1094f-2d5d-4eb2-b05a-37c0e40cc011"&#xD;
[xUnit.net 00:00:11.41]       2025-08-22 05:01:34.041 +08:00 [INF] DESKTOP-J6M8022 34864/8 SystemMonitor.Service.Worker Worker running at: "2025-08-22T05:01:34.0416262+08:00"&#xD;
[xUnit.net 00:00:11.41]       2025-08-22 05:01:35.045 +08:00 [INF] DESKTOP-J6M8022 34864/8 SystemMonitor.Service.Worker Worker running at: "2025-08-22T05:01:35.0457088+08:00"&#xD;
[xUnit.net 00:00:11.41]       2025-08-22 05:01:36.047 +08:00 [INF] DESKTOP-J6M8022 34864/12 SystemMonitor.Service.Worker Worker running at: "2025-08-22T05:01:36.0479378+08:00"&#xD;
[xUnit.net 00:00:11.41]       2025-08-22 05:01:37.050 +08:00 [INF] DESKTOP-J6M8022 34864/12 SystemMonitor.Service.Worker Worker running at: "2025-08-22T05:01:37.0504892+08:00"&#xD;
[xUnit.net 00:00:11.41]       2025-08-22 05:01:38.061 +08:00 [INF] DESKTOP-J6M8022 34864/14 SystemMonitor.Service.Worker Worker running at: "2025-08-22T05:01:38.0614429+08:00"&#xD;
[xUnit.net 00:00:11.41]       2025-08-22 05:01:38.110 +08:00 [INF] DESKTOP-J6M8022 34864/12 SystemMonitor.Service.Services.RpcHostedService 客户端已连接&#xD;
[xUnit.net 00:00:11.41]       2025-08-22 05:01:38.110 +08:00 [INF] DESKTOP-J6M8022 34864/12 SystemMonitor.Service.Services.RpcHostedService 客户端会话建立: conn="06117a62-6040-4241-9927-358af4226d43"&#xD;
[xUnit.net 00:00:11.41]       2025-08-22 05:01:38.113 +08:00 [INF] DESKTOP-J6M8022 34864/14 SystemMonitor.Service.Services.RpcHostedService 客户端断开：已达到流的结尾。 conn="06117a62-6040-4241-9927-358af4226d43"&#xD;
[xUnit.net 00:00:11.41]       2025-08-22 05:01:39.064 +08:00 [INF] DESKTOP-J6M8022 34864/14 SystemMonitor.Service.Worker Worker running at: "2025-08-22T05:01:39.0644324+08:00"&#xD;
[xUnit.net 00:00:11.41]       2025-08-22 05:01:40.069 +08:00 [INF] DESKTOP-J6M8022 34864/8 SystemMonitor.Service.Worker Worker running at: "2025-08-22T05:01:40.0698228+08:00"&#xD;
[xUnit.net 00:00:11.41]       2025-08-22 05:01:41.072 +08:00 [INF] DESKTOP-J6M8022 34864/8 SystemMonitor.Service.Worker Worker running at: "2025-08-22T05:01:41.0721700+08:00"&#xD;
[xUnit.net 00:00:11.41]       2025-08-22 05:01:42.086 +08:00 [INF] DESKTOP-J6M8022 34864/11 SystemMonitor.Service.Worker Worker running at: "2025-08-22T05:01:42.0860513+08:00"&#xD;
[xUnit.net 00:00:11.41]       2025-08-22 05:01:43.101 +08:00 [INF] DESKTOP-J6M8022 34864/8 SystemMonitor.Service.Worker Worker running at: "2025-08-22T05:01:43.1011436+08:00"&#xD;
[xUnit.net 00:00:11.41]       2025-08-22 05:01:43.105 +08:00 [INF] DESKTOP-J6M8022 34864/9 SystemMonitor.Service.Services.RpcHostedService 客户端已连接&#xD;
[xUnit.net 00:00:11.41]       2025-08-22 05:01:43.105 +08:00 [INF] DESKTOP-J6M8022 34864/9 SystemMonitor.Service.Services.RpcHostedService 客户端会话建立: conn="860b5ccb-a321-4101-b6d7-ba8cfd17c2fa"&#xD;
[xUnit.net 00:00:11.41]       2025-08-22 05:01:43.109 +08:00 [INF] DESKTOP-J6M8022 34864/8 SystemMonitor.Service.Services.RpcHostedService 客户端断开：已达到流的结尾。 conn="860b5ccb-a321-4101-b6d7-ba8cfd17c2fa"&#xD;
[xUnit.net 00:00:11.41]       2025-08-22 05:01:43.386 +08:00 [INF] DESKTOP-J6M8022 34864/11 SystemMonitor.Service.Services.RpcHostedService 客户端已连接&#xD;
[xUnit.net 00:00:11.41]       2025-08-22 05:01:43.386 +08:00 [INF] DESKTOP-J6M8022 34864/11 SystemMonitor.Service.Services.RpcHostedService 客户端会话建立: conn="7103465a-6b36-49d0-b971-0765ff27b367"&#xD;
[xUnit.net 00:00:11.41]       2025-08-22 05:01:43.387 +08:00 [INF] DESKTOP-J6M8022 34864/11 SystemMonitor.Service.Services.RpcHostedService snapshot called, modules=*&#xD;
[xUnit.net 00:00:11.41]       2025-08-22 05:01:43.394 +08:00 [INF] DESKTOP-J6M8022 34864/14 SystemMonitor.Service.Services.RpcHostedService 客户端断开：已达到流的结尾。 conn="7103465a-6b36-49d0-b971-0765ff27b367"&#xD;
[xUnit.net 00:00:11.41]       2025-08-22 05:01:44.107 +08:00 [INF] DESKTOP-J6M8022 34864/11 SystemMonitor.Service.Worker Worker running at: "2025-08-22T05:01:44.1078485+08:00"&#xD;
[xUnit.net 00:00:11.41]       2025-08-22 05:01:45.116 +08:00 [INF] DESKTOP-J6M8022 34864/8 SystemMonitor.Service.Worker Worker running at: "2025-08-22T05:01:45.1165225+08:00"&#xD;
[xUnit.net 00:00:11.41]       2025-08-22 05:01:46.125 +08:00 [INF] DESKTOP-J6M8022 34864/8 SystemMonitor.Service.Worker Worker running at: "2025-08-22T05:01:46.1259467+08:00"&#xD;
[xUnit.net 00:00:11.41]       2025-08-22 05:01:47.131 +08:00 [INF] DESKTOP-J6M8022 34864/8 SystemMonitor.Service.Worker Worker running at: "2025-08-22T05:01:47.1319177+08:00"&#xD;
[xUnit.net 00:00:11.41]       2025-08-22 05:01:48.110 +08:00 [INF] DESKTOP-J6M8022 34864/9 SystemMonitor.Service.Services.RpcHostedService 客户端已连接&#xD;
[xUnit.net 00:00:11.41]       2025-08-22 05:01:48.111 +08:00 [INF] DESKTOP-J6M8022 34864/9 SystemMonitor.Service.Services.RpcHostedService 客户端会话建立: conn="dc929a0f-2511-48c2-b921-bb00e3b2d95e"&#xD;
[xUnit.net 00:00:11.41]       2025-08-22 05:01:48.113 +08:00 [INF] DESKTOP-J6M8022 34864/9 SystemMonitor.Service.Services.RpcHostedService 客户端断开：已达到流的结尾。 conn="dc929a0f-2511-48c2-b921-bb00e3b2d95e"&#xD;
[xUnit.net 00:00:11.41]       2025-08-22 05:01:48.139 +08:00 [INF] DESKTOP-J6M8022 34864/9 SystemMonitor.Service.Worker Worker running at: "2025-08-22T05:01:48.1397480+08:00"&#xD;
[xUnit.net 00:00:11.41]       2025-08-22 05:01:49.149 +08:00 [INF] DESKTOP-J6M8022 34864/9 SystemMonitor.Service.Worker Worker running at: "2025-08-22T05:01:49.1490602+08:00"&#xD;
[xUnit.net 00:00:11.41]       2025-08-22 05:01:50.156 +08:00 [INF] DESKTOP-J6M8022 34864/9 SystemMonitor.Service.Worker Worker running at: "2025-08-22T05:01:50.1565687+08:00"&#xD;
[xUnit.net 00:00:11.41]       2025-08-22 05:01:51.163 +08:00 [INF] DESKTOP-J6M8022 34864/8 SystemMonitor.Service.Worker Worker running at: "2025-08-22T05:01:51.1638742+08:00"&#xD;
[xUnit.net 00:00:11.41]       2025-08-22 05:01:52.175 +08:00 [INF] DESKTOP-J6M8022 34864/8 SystemMonitor.Service.Worker Worker running at: "2025-08-22T05:01:52.1751866+08:00"&#xD;
[xUnit.net 00:00:11.41]       2025-08-22 05:01:53.106 +08:00 [INF] DESKTOP-J6M8022 34864/8 SystemMonitor.Service.Services.RpcHostedService 客户端已连接&#xD;
[xUnit.net 00:00:11.41]       2025-08-22 05:01:53.106 +08:00 [INF] DESKTOP-J6M8022 34864/8 SystemMonitor.Service.Services.RpcHostedService 客户端会话建立: conn="cf08e297-f8bc-42e5-a912-8cdf3760d104"&#xD;
[xUnit.net 00:00:11.41]       2025-08-22 05:01:53.109 +08:00 [INF] DESKTOP-J6M8022 34864/14 SystemMonitor.Service.Services.RpcHostedService 客户端断开：已达到流的结尾。 conn="cf08e297-f8bc-42e5-a912-8cdf3760d104"&#xD;
[xUnit.net 00:00:11.41]       2025-08-22 05:01:53.183 +08:00 [INF] DESKTOP-J6M8022 34864/12 SystemMonitor.Service.Worker Worker running at: "2025-08-22T05:01:53.1832976+08:00"&#xD;
[xUnit.net 00:00:11.41]       2025-08-22 05:01:54.188 +08:00 [INF] DESKTOP-J6M8022 34864/12 SystemMonitor.Service.Worker Worker running at: "2025-08-22T05:01:54.1886519+08:00"&#xD;
[xUnit.net 00:00:11.41]       2025-08-22 05:01:55.189 +08:00 [INF] DESKTOP-J6M8022 34864/12 SystemMonitor.Service.Worker Worker running at: "2025-08-22T05:01:55.1890118+08:00"&#xD;
[xUnit.net 00:00:11.41]       2025-08-22 05:01:56.201 +08:00 [INF] DESKTOP-J6M8022 34864/14 SystemMonitor.Service.Worker Worker running at: "2025-08-22T05:01:56.2011712+08:00"&#xD;
[xUnit.net 00:00:11.41]       2025-08-22 05:01:57.203 +08:00 [INF] DESKTOP-J6M8022 34864/12 SystemMonitor.Service.Worker Worker running at: "2025-08-22T05:01:57.2030740+08:00"&#xD;
[xUnit.net 00:00:11.41]       2025-08-22 05:01:58.150 +08:00 [INF] DESKTOP-J6M8022 34864/11 SystemMonitor.Service.Services.RpcHostedService 客户端已连接&#xD;
[xUnit.net 00:00:11.41]       2025-08-22 05:01:58.150 +08:00 [INF] DESKTOP-J6M8022 34864/11 SystemMonitor.Service.Services.RpcHostedService 客户端会话建立: conn="12ea3cb9-6e37-4a78-8a02-17ba9963b724"&#xD;
[xUnit.net 00:00:11.41]       2025-08-22 05:01:58.164 +08:00 [INF] DESKTOP-J6M8022 34864/14 SystemMonitor.Service.Services.RpcHostedService 客户端断开：已达到流的结尾。 conn="12ea3cb9-6e37-4a78-8a02-17ba9963b724"&#xD;
[xUnit.net 00:00:11.41]       2025-08-22 05:01:58.220 +08:00 [INF] DESKTOP-J6M8022 34864/14 SystemMonitor.Service.Worker Worker running at: "2025-08-22T05:01:58.2204087+08:00"&#xD;
[xUnit.net 00:00:11.41]       2025-08-22 05:01:59.232 +08:00 [INF] DESKTOP-J6M8022 34864/11 SystemMonitor.Service.Worker Worker running at: "2025-08-22T05:01:59.2321592+08:00"&#xD;
[xUnit.net 00:00:11.41]       2025-08-22 05:02:00.236 +08:00 [INF] DESKTOP-J6M8022 34864/14 SystemMonitor.Service.Worker Worker running at: "2025-08-22T05:02:00.2367533+08:00"&#xD;
[xUnit.net 00:00:11.41]       2025-08-22 05:02:01.245 +08:00 [INF] DESKTOP-J6M8022 34864/11 SystemMonitor.Service.Worker Worker running at: "2025-08-22T05:02:01.2451701+08:00"&#xD;
[xUnit.net 00:00:11.41]       2025-08-22 05:02:02.255 +08:00 [INF] DESKTOP-J6M8022 34864/11 SystemMonitor.Service.Worker Worker running at: "2025-08-22T05:02:02.2559126+08:00"&#xD;
[xUnit.net 00:00:11.41]       Stack Trace:&#xD;
[xUnit.net 00:00:11.41]         C:\code\sys-sensor-v3\src\SystemMonitor.Tests\EndToEndTests.cs(151,0): at SystemMonitor.Tests.EndToEndTests.WaitPipeReadyAsync(TimeSpan timeout)&#xD;
[xUnit.net 00:00:11.41]         C:\code\sys-sensor-v3\src\SystemMonitor.Tests\EndToEndTests.cs(278,0): at SystemMonitor.Tests.EndToEndTests.InitializeAsync()&#xD;
[svc][out] 正在生成...&#xD;
[test][pipe-wait] last-win32=2 elapsed=0.0s&#xD;
[test][pipe-wait] last-win32=2 elapsed=0.2s&#xD;
[test][pipe-wait] last-win32=2 elapsed=0.4s&#xD;
[test][pipe-wait] last-win32=2 elapsed=0.6s&#xD;
[test][pipe-wait] last-win32=2 elapsed=0.8s&#xD;
[test][pipe-wait] last-win32=2 elapsed=1.0s&#xD;
[test][pipe-wait] last-win32=2 elapsed=1.2s&#xD;
[test][pipe-wait] last-win32=2 elapsed=1.4s&#xD;
[svc][out] C:\code\sys-sensor-v3\src\SystemMonitor.Service\Services\RpcHostedService.cs(201,31): error CS0103: 当前上下文中不存在名称“TryCreateCounter�?[C:\code\sys-sensor-v3\src\SystemMonitor.Service\SystemMonitor.Service.csproj]&#xD;
[svc][out] C:\code\sys-sensor-v3\src\SystemMonitor.Service\Services\RpcHostedService.cs(203,35): error CS0103: 当前上下文中不存在名称“TryCreateCounter�?[C:\code\sys-sensor-v3\src\SystemMonitor.Service\SystemMonitor.Service.csproj]&#xD;
[svc][out] C:\code\sys-sensor-v3\src\SystemMonitor.Service\Program.cs(76,13): warning CA1416: 可在所有平台上访问此调用站点�?RpcHostedService" 仅在 'windows' 上受支持�?(https://learn.microsoft.com/dotnet/fundamentals/code-analysis/quality-rules/ca1416) [C:\code\sys-sensor-v3\src\SystemMonitor.Service\SystemMonitor.Service.csproj]&#xD;
[svc][err] 生成失败。请修复生成错误并重新运行�?&#xD;
[xUnit.net 00:00:13.58]       System.InvalidOperationException : Service exited while waiting for pipe. Code=1. Tail:
[svc][out] 姝ｅ湪鐢熸垚...&#xD;
[xUnit.net 00:00:13.58]       [svc][out] C:\code\sys-sensor-v3\src\SystemMonitor.Service\Services\RpcHostedService.cs(201,31): error CS0103: 褰撳墠涓婁笅鏂囦腑涓嶅瓨鍦ㄥ悕绉扳€淭ryCreateCounter鈥?[C:\code\sys-sensor-v3\src\SystemMonitor.Service\SystemMonitor.Service.csproj]&#xD;
[xUnit.net 00:00:13.58]       [svc][out] C:\code\sys-sensor-v3\src\SystemMonitor.Service\Services\RpcHostedService.cs(203,35): error CS0103: 褰撳墠涓婁笅鏂囦腑涓嶅瓨鍦ㄥ悕绉扳€淭ryCreateCounter鈥?[C:\code\sys-sensor-v3\src\SystemMonitor.Service\SystemMonitor.Service.csproj]&#xD;
[xUnit.net 00:00:13.58]       [svc][out] C:\code\sys-sensor-v3\src\SystemMonitor.Service\Program.cs(76,13): warning CA1416: 鍙湪鎵€鏈夊钩鍙颁笂璁块棶姝よ皟鐢ㄧ珯鐐广€?RpcHostedService" 浠呭湪 'windows' 涓婂彈鏀寔銆?(https://learn.microsoft.com/dotnet/fundamentals/code-analysis/quality-rules/ca1416) [C:\code\sys-sensor-v3\src\SystemMonitor.Service\SystemMonitor.Service.csproj]&#xD;
[xUnit.net 00:00:13.58]       [svc][err] 鐢熸垚澶辫触銆傝淇鐢熸垚閿欒骞堕噸鏂拌繍琛屻€?
[file-log-tail]
2025-08-22 05:00:07.505 +08:00 [INF] DESKTOP-J6M8022 34864/11 SystemMonitor.Service.Worker Worker running at: "2025-08-22T05:00:07.5059406+08:00"&#xD;
[xUnit.net 00:00:13.58]       2025-08-22 05:00:08.115 +08:00 [INF] DESKTOP-J6M8022 34864/11 SystemMonitor.Service.Services.RpcHostedService 客户端已连接&#xD;
[xUnit.net 00:00:13.58]       2025-08-22 05:00:08.115 +08:00 [INF] DESKTOP-J6M8022 34864/11 SystemMonitor.Service.Services.RpcHostedService 客户端会话建立: conn="3ebaf5c9-7a90-4c1f-8d06-77e4b9511b6b"&#xD;
[xUnit.net 00:00:13.58]       2025-08-22 05:00:08.119 +08:00 [INF] DESKTOP-J6M8022 34864/11 SystemMonitor.Service.Services.RpcHostedService 客户端断开：已达到流的结尾。 conn="3ebaf5c9-7a90-4c1f-8d06-77e4b9511b6b"&#xD;
[xUnit.net 00:00:13.58]       2025-08-22 05:00:08.515 +08:00 [INF] DESKTOP-J6M8022 34864/11 SystemMonitor.Service.Worker Worker running at: "2025-08-22T05:00:08.5155952+08:00"&#xD;
[xUnit.net 00:00:13.58]       2025-08-22 05:00:09.524 +08:00 [INF] DESKTOP-J6M8022 34864/9 SystemMonitor.Service.Worker Worker running at: "2025-08-22T05:00:09.5241284+08:00"&#xD;
[xUnit.net 00:00:13.58]       2025-08-22 05:00:10.532 +08:00 [INF] DESKTOP-J6M8022 34864/8 SystemMonitor.Service.Worker Worker running at: "2025-08-22T05:00:10.5324730+08:00"&#xD;
[xUnit.net 00:00:13.58]       2025-08-22 05:00:11.535 +08:00 [INF] DESKTOP-J6M8022 34864/12 SystemMonitor.Service.Worker Worker running at: "2025-08-22T05:00:11.5357528+08:00"&#xD;
[xUnit.net 00:00:13.58]       2025-08-22 05:00:12.548 +08:00 [INF] DESKTOP-J6M8022 34864/8 SystemMonitor.Service.Worker Worker running at: "2025-08-22T05:00:12.5481912+08:00"&#xD;
[xUnit.net 00:00:13.58]       2025-08-22 05:00:13.107 +08:00 [INF] DESKTOP-J6M8022 34864/12 SystemMonitor.Service.Services.RpcHostedService 客户端已连接&#xD;
[xUnit.net 00:00:13.58]       2025-08-22 05:00:13.107 +08:00 [INF] DESKTOP-J6M8022 34864/12 SystemMonitor.Service.Services.RpcHostedService 客户端会话建立: conn="27a81c38-4647-493a-8fb8-8f2e144087dc"&#xD;
[xUnit.net 00:00:13.58]       2025-08-22 05:00:13.111 +08:00 [INF] DESKTOP-J6M8022 34864/11 SystemMonitor.Service.Services.RpcHostedService 客户端断开：已达到流的结尾。 conn="27a81c38-4647-493a-8fb8-8f2e144087dc"&#xD;
[xUnit.net 00:00:13.58]       2025-08-22 05:00:13.384 +08:00 [INF] DESKTOP-J6M8022 34864/8 SystemMonitor.Service.Services.RpcHostedService 客户端已连接&#xD;
[xUnit.net 00:00:13.58]       2025-08-22 05:00:13.384 +08:00 [INF] DESKTOP-J6M8022 34864/8 SystemMonitor.Service.Services.RpcHostedService 客户端会话建立: conn="25e61bd6-9b34-4b1b-8730-8dd26623668c"&#xD;
[xUnit.net 00:00:13.58]       2025-08-22 05:00:13.405 +08:00 [INF] DESKTOP-J6M8022 34864/8 SystemMonitor.Service.Services.RpcHostedService snapshot called, modules=*&#xD;
[xUnit.net 00:00:13.58]       2025-08-22 05:00:13.408 +08:00 [INF] DESKTOP-J6M8022 34864/9 SystemMonitor.Service.Services.RpcHostedService 客户端断开：已达到流的结尾。 conn="25e61bd6-9b34-4b1b-8730-8dd26623668c"&#xD;
[xUnit.net 00:00:13.58]       2025-08-22 05:00:13.551 +08:00 [INF] DESKTOP-J6M8022 34864/12 SystemMonitor.Service.Worker Worker running at: "2025-08-22T05:00:13.5519178+08:00"&#xD;
[xUnit.net 00:00:13.58]       2025-08-22 05:00:14.561 +08:00 [INF] DESKTOP-J6M8022 34864/8 SystemMonitor.Service.Worker Worker running at: "2025-08-22T05:00:14.5613344+08:00"&#xD;
[xUnit.net 00:00:13.58]       2025-08-22 05:00:15.574 +08:00 [INF] DESKTOP-J6M8022 34864/8 SystemMonitor.Service.Worker Worker running at: "2025-08-22T05:00:15.5741996+08:00"&#xD;
[xUnit.net 00:00:13.58]       2025-08-22 05:00:16.580 +08:00 [INF] DESKTOP-J6M8022 34864/12 SystemMonitor.Service.Worker Worker running at: "2025-08-22T05:00:16.5802431+08:00"&#xD;
[xUnit.net 00:00:13.58]       2025-08-22 05:00:17.583 +08:00 [INF] DESKTOP-J6M8022 34864/12 SystemMonitor.Service.Worker Worker running at: "2025-08-22T05:00:17.5832737+08:00"&#xD;
[xUnit.net 00:00:13.58]       2025-08-22 05:00:18.114 +08:00 [INF] DESKTOP-J6M8022 34864/11 SystemMonitor.Service.Services.RpcHostedService 客户端已连接&#xD;
[xUnit.net 00:00:13.58]       2025-08-22 05:00:18.114 +08:00 [INF] DESKTOP-J6M8022 34864/11 SystemMonitor.Service.Services.RpcHostedService 客户端会话建立: conn="8619790b-69c5-445b-ab8d-8526df618427"&#xD;
[xUnit.net 00:00:13.58]       2025-08-22 05:00:18.116 +08:00 [INF] DESKTOP-J6M8022 34864/12 SystemMonitor.Service.Services.RpcHostedService 客户端断开：已达到流的结尾。 conn="8619790b-69c5-445b-ab8d-8526df618427"&#xD;
[xUnit.net 00:00:13.58]       2025-08-22 05:00:18.595 +08:00 [INF] DESKTOP-J6M8022 34864/11 SystemMonitor.Service.Worker Worker running at: "2025-08-22T05:00:18.5953464+08:00"&#xD;
[xUnit.net 00:00:13.58]       2025-08-22 05:00:19.605 +08:00 [INF] DESKTOP-J6M8022 34864/11 SystemMonitor.Service.Worker Worker running at: "2025-08-22T05:00:19.6052530+08:00"&#xD;
[xUnit.net 00:00:13.58]       2025-08-22 05:00:20.613 +08:00 [INF] DESKTOP-J6M8022 34864/13 SystemMonitor.Service.Worker Worker running at: "2025-08-22T05:00:20.6131263+08:00"&#xD;
[xUnit.net 00:00:13.58]       2025-08-22 05:00:21.613 +08:00 [INF] DESKTOP-J6M8022 34864/11 SystemMonitor.Service.Worker Worker running at: "2025-08-22T05:00:21.6130098+08:00"&#xD;
[xUnit.net 00:00:13.58]       2025-08-22 05:00:22.624 +08:00 [INF] DESKTOP-J6M8022 34864/13 SystemMonitor.Service.Worker Worker running at: "2025-08-22T05:00:22.6244940+08:00"&#xD;
[xUnit.net 00:00:13.58]       2025-08-22 05:00:23.105 +08:00 [INF] DESKTOP-J6M8022 34864/13 SystemMonitor.Service.Services.RpcHostedService 客户端已连接&#xD;
[xUnit.net 00:00:13.58]       2025-08-22 05:00:23.105 +08:00 [INF] DESKTOP-J6M8022 34864/13 SystemMonitor.Service.Services.RpcHostedService 客户端会话建立: conn="849f5c90-811a-4eb3-97ea-73e1b9d03257"&#xD;
[xUnit.net 00:00:13.58]       2025-08-22 05:00:23.108 +08:00 [INF] DESKTOP-J6M8022 34864/8 SystemMonitor.Service.Services.RpcHostedService 客户端断开：已达到流的结尾。 conn="849f5c90-811a-4eb3-97ea-73e1b9d03257"&#xD;
[xUnit.net 00:00:13.58]       2025-08-22 05:00:23.627 +08:00 [INF] DESKTOP-J6M8022 34864/13 SystemMonitor.Service.Worker Worker running at: "2025-08-22T05:00:23.6275367+08:00"&#xD;
[xUnit.net 00:00:13.58]       2025-08-22 05:00:24.631 +08:00 [INF] DESKTOP-J6M8022 34864/8 SystemMonitor.Service.Worker Worker running at: "2025-08-22T05:00:24.6319373+08:00"&#xD;
[xUnit.net 00:00:13.58]       2025-08-22 05:00:25.643 +08:00 [INF] DESKTOP-J6M8022 34864/13 SystemMonitor.Service.Worker Worker running at: "2025-08-22T05:00:25.6437810+08:00"&#xD;
[xUnit.net 00:00:13.58]       2025-08-22 05:00:26.649 +08:00 [INF] DESKTOP-J6M8022 34864/10 SystemMonitor.Service.Worker Worker running at: "2025-08-22T05:00:26.6498268+08:00"&#xD;
[xUnit.net 00:00:13.58]       2025-08-22 05:00:27.653 +08:00 [INF] DESKTOP-J6M8022 34864/13 SystemMonitor.Service.Worker Worker running at: "2025-08-22T05:00:27.6536723+08:00"&#xD;
[xUnit.net 00:00:13.58]       2025-08-22 05:00:28.104 +08:00 [INF] DESKTOP-J6M8022 34864/13 SystemMonitor.Service.Services.RpcHostedService 客户端已连接&#xD;
[xUnit.net 00:00:13.58]       2025-08-22 05:00:28.104 +08:00 [INF] DESKTOP-J6M8022 34864/13 SystemMonitor.Service.Services.RpcHostedService 客户端会话建立: conn="58087a9a-4fe9-4ab7-893a-962c7c34de4d"&#xD;
[xUnit.net 00:00:13.58]       2025-08-22 05:00:28.108 +08:00 [INF] DESKTOP-J6M8022 34864/10 SystemMonitor.Service.Services.RpcHostedService 客户端断开：已达到流的结尾。 conn="58087a9a-4fe9-4ab7-893a-962c7c34de4d"&#xD;
[xUnit.net 00:00:13.58]       2025-08-22 05:00:28.658 +08:00 [INF] DESKTOP-J6M8022 34864/10 SystemMonitor.Service.Worker Worker running at: "2025-08-22T05:00:28.6580477+08:00"&#xD;
[xUnit.net 00:00:13.58]       2025-08-22 05:00:29.667 +08:00 [INF] DESKTOP-J6M8022 34864/10 SystemMonitor.Service.Worker Worker running at: "2025-08-22T05:00:29.6670246+08:00"&#xD;
[xUnit.net 00:00:13.58]       2025-08-22 05:00:30.671 +08:00 [INF] DESKTOP-J6M8022 34864/11 SystemMonitor.Service.Worker Worker running at: "2025-08-22T05:00:30.6718324+08:00"&#xD;
[xUnit.net 00:00:13.58]       2025-08-22 05:00:31.677 +08:00 [INF] DESKTOP-J6M8022 34864/11 SystemMonitor.Service.Worker Worker running at: "2025-08-22T05:00:31.6773257+08:00"&#xD;
[xUnit.net 00:00:13.58]       2025-08-22 05:00:32.687 +08:00 [INF] DESKTOP-J6M8022 34864/8 SystemMonitor.Service.Worker Worker running at: "2025-08-22T05:00:32.6879602+08:00"&#xD;
[xUnit.net 00:00:13.58]       2025-08-22 05:00:33.104 +08:00 [INF] DESKTOP-J6M8022 34864/11 SystemMonitor.Service.Services.RpcHostedService 客户端已连接&#xD;
[xUnit.net 00:00:13.58]       2025-08-22 05:00:33.104 +08:00 [INF] DESKTOP-J6M8022 34864/11 SystemMonitor.Service.Services.RpcHostedService 客户端会话建立: conn="f2efc72f-7360-4d95-8499-7acad765c432"&#xD;
[xUnit.net 00:00:13.58]       2025-08-22 05:00:33.107 +08:00 [INF] DESKTOP-J6M8022 34864/11 SystemMonitor.Service.Services.RpcHostedService 客户端断开：已达到流的结尾。 conn="f2efc72f-7360-4d95-8499-7acad765c432"&#xD;
[xUnit.net 00:00:13.58]       2025-08-22 05:00:33.703 +08:00 [INF] DESKTOP-J6M8022 34864/8 SystemMonitor.Service.Worker Worker running at: "2025-08-22T05:00:33.7031716+08:00"&#xD;
[xUnit.net 00:00:13.58]       2025-08-22 05:00:34.705 +08:00 [INF] DESKTOP-J6M8022 34864/13 SystemMonitor.Service.Worker Worker running at: "2025-08-22T05:00:34.7053006+08:00"&#xD;
[xUnit.net 00:00:13.58]       2025-08-22 05:00:35.716 +08:00 [INF] DESKTOP-J6M8022 34864/11 SystemMonitor.Service.Worker Worker running at: "2025-08-22T05:00:35.7161477+08:00"&#xD;
[xUnit.net 00:00:13.58]       2025-08-22 05:00:36.721 +08:00 [INF] DESKTOP-J6M8022 34864/12 SystemMonitor.Service.Worker Worker running at: "2025-08-22T05:00:36.7213935+08:00"&#xD;
[xUnit.net 00:00:13.58]       2025-08-22 05:00:37.725 +08:00 [INF] DESKTOP-J6M8022 34864/12 SystemMonitor.Service.Worker Worker running at: "2025-08-22T05:00:37.7251514+08:00"&#xD;
[xUnit.net 00:00:13.58]       2025-08-22 05:00:38.118 +08:00 [INF] DESKTOP-J6M8022 34864/13 SystemMonitor.Service.Services.RpcHostedService 客户端已连接&#xD;
[xUnit.net 00:00:13.58]       2025-08-22 05:00:38.118 +08:00 [INF] DESKTOP-J6M8022 34864/13 SystemMonitor.Service.Services.RpcHostedService 客户端会话建立: conn="b439ecab-ffb2-4843-8f54-1844ad704c06"&#xD;
[xUnit.net 00:00:13.58]       2025-08-22 05:00:38.121 +08:00 [INF] DESKTOP-J6M8022 34864/13 SystemMonitor.Service.Services.RpcHostedService 客户端断开：已达到流的结尾。 conn="b439ecab-ffb2-4843-8f54-1844ad704c06"&#xD;
[xUnit.net 00:00:13.58]       2025-08-22 05:00:38.725 +08:00 [INF] DESKTOP-J6M8022 34864/8 SystemMonitor.Service.Worker Worker running at: "2025-08-22T05:00:38.7259519+08:00"&#xD;
[xUnit.net 00:00:13.58]       2025-08-22 05:00:39.740 +08:00 [INF] DESKTOP-J6M8022 34864/11 SystemMonitor.Service.Worker Worker running at: "2025-08-22T05:00:39.7403082+08:00"&#xD;
[xUnit.net 00:00:13.58]       2025-08-22 05:00:40.742 +08:00 [INF] DESKTOP-J6M8022 34864/11 SystemMonitor.Service.Worker Worker running at: "2025-08-22T05:00:40.7425737+08:00"&#xD;
[xUnit.net 00:00:13.58]       2025-08-22 05:00:41.745 +08:00 [INF] DESKTOP-J6M8022 34864/13 SystemMonitor.Service.Worker Worker running at: "2025-08-22T05:00:41.7451229+08:00"&#xD;
[xUnit.net 00:00:13.58]       2025-08-22 05:00:42.751 +08:00 [INF] DESKTOP-J6M8022 34864/11 SystemMonitor.Service.Worker Worker running at: "2025-08-22T05:00:42.7515665+08:00"&#xD;
[xUnit.net 00:00:13.58]       2025-08-22 05:00:43.110 +08:00 [INF] DESKTOP-J6M8022 34864/14 SystemMonitor.Service.Services.RpcHostedService 客户端已连接&#xD;
[xUnit.net 00:00:13.58]       2025-08-22 05:00:43.110 +08:00 [INF] DESKTOP-J6M8022 34864/14 SystemMonitor.Service.Services.RpcHostedService 客户端会话建立: conn="ec82b613-da05-4264-84fe-3fb03c945d2f"&#xD;
[xUnit.net 00:00:13.58]       2025-08-22 05:00:43.120 +08:00 [INF] DESKTOP-J6M8022 34864/9 SystemMonitor.Service.Services.RpcHostedService 客户端断开：已达到流的结尾。 conn="ec82b613-da05-4264-84fe-3fb03c945d2f"&#xD;
[xUnit.net 00:00:13.58]       2025-08-22 05:00:43.389 +08:00 [INF] DESKTOP-J6M8022 34864/13 SystemMonitor.Service.Services.RpcHostedService 客户端已连接&#xD;
[xUnit.net 00:00:13.58]       2025-08-22 05:00:43.389 +08:00 [INF] DESKTOP-J6M8022 34864/13 SystemMonitor.Service.Services.RpcHostedService 客户端会话建立: conn="2f7dc9d3-2402-4294-ba61-bc663df8cf82"&#xD;
[xUnit.net 00:00:13.58]       2025-08-22 05:00:43.398 +08:00 [INF] DESKTOP-J6M8022 34864/13 SystemMonitor.Service.Services.RpcHostedService snapshot called, modules=*&#xD;
[xUnit.net 00:00:13.58]       2025-08-22 05:00:43.407 +08:00 [INF] DESKTOP-J6M8022 34864/13 SystemMonitor.Service.Services.RpcHostedService 客户端断开：已达到流的结尾。 conn="2f7dc9d3-2402-4294-ba61-bc663df8cf82"&#xD;
[xUnit.net 00:00:13.58]       2025-08-22 05:00:43.756 +08:00 [INF] DESKTOP-J6M8022 34864/13 SystemMonitor.Service.Worker Worker running at: "2025-08-22T05:00:43.7565234+08:00"&#xD;
[xUnit.net 00:00:13.58]       2025-08-22 05:00:44.757 +08:00 [INF] DESKTOP-J6M8022 34864/11 SystemMonitor.Service.Worker Worker running at: "2025-08-22T05:00:44.7577675+08:00"&#xD;
[xUnit.net 00:00:13.58]       2025-08-22 05:00:45.762 +08:00 [INF] DESKTOP-J6M8022 34864/11 SystemMonitor.Service.Worker Worker running at: "2025-08-22T05:00:45.7627674+08:00"&#xD;
[xUnit.net 00:00:13.58]       2025-08-22 05:00:46.772 +08:00 [INF] DESKTOP-J6M8022 34864/11 SystemMonitor.Service.Worker Worker running at: "2025-08-22T05:00:46.7724296+08:00"&#xD;
[xUnit.net 00:00:13.58]       2025-08-22 05:00:47.772 +08:00 [INF] DESKTOP-J6M8022 34864/11 SystemMonitor.Service.Worker Worker running at: "2025-08-22T05:00:47.7724414+08:00"&#xD;
[xUnit.net 00:00:13.58]       2025-08-22 05:00:48.113 +08:00 [INF] DESKTOP-J6M8022 34864/11 SystemMonitor.Service.Services.RpcHostedService 客户端已连接&#xD;
[xUnit.net 00:00:13.58]       2025-08-22 05:00:48.113 +08:00 [INF] DESKTOP-J6M8022 34864/11 SystemMonitor.Service.Services.RpcHostedService 客户端会话建立: conn="0b57ec2b-be63-49bb-9b61-b642d4a6bad8"&#xD;
[xUnit.net 00:00:13.58]       2025-08-22 05:00:48.118 +08:00 [INF] DESKTOP-J6M8022 34864/11 SystemMonitor.Service.Services.RpcHostedService 客户端断开：已达到流的结尾。 conn="0b57ec2b-be63-49bb-9b61-b642d4a6bad8"&#xD;
[xUnit.net 00:00:13.58]       2025-08-22 05:00:48.786 +08:00 [INF] DESKTOP-J6M8022 34864/14 SystemMonitor.Service.Worker Worker running at: "2025-08-22T05:00:48.7861767+08:00"&#xD;
[xUnit.net 00:00:13.58]       2025-08-22 05:00:49.797 +08:00 [INF] DESKTOP-J6M8022 34864/14 SystemMonitor.Service.Worker Worker running at: "2025-08-22T05:00:49.7971060+08:00"&#xD;
[xUnit.net 00:00:13.58]       2025-08-22 05:00:50.810 +08:00 [INF] DESKTOP-J6M8022 34864/14 SystemMonitor.Service.Worker Worker running at: "2025-08-22T05:00:50.8103703+08:00"&#xD;
[xUnit.net 00:00:13.58]       2025-08-22 05:00:51.819 +08:00 [INF] DESKTOP-J6M8022 34864/14 SystemMonitor.Service.Worker Worker running at: "2025-08-22T05:00:51.8191149+08:00"&#xD;
[xUnit.net 00:00:13.58]       2025-08-22 05:00:52.832 +08:00 [INF] DESKTOP-J6M8022 34864/14 SystemMonitor.Service.Worker Worker running at: "2025-08-22T05:00:52.8322629+08:00"&#xD;
[xUnit.net 00:00:13.58]       2025-08-22 05:00:53.102 +08:00 [INF] DESKTOP-J6M8022 34864/14 SystemMonitor.Service.Services.RpcHostedService 客户端已连接&#xD;
[xUnit.net 00:00:13.58]       2025-08-22 05:00:53.102 +08:00 [INF] DESKTOP-J6M8022 34864/14 SystemMonitor.Service.Services.RpcHostedService 客户端会话建立: conn="a1d8b427-d708-44e2-9952-15a5a936e6af"&#xD;
[xUnit.net 00:00:13.58]       2025-08-22 05:00:53.105 +08:00 [INF] DESKTOP-J6M8022 34864/13 SystemMonitor.Service.Services.RpcHostedService 客户端断开：已达到流的结尾。 conn="a1d8b427-d708-44e2-9952-15a5a936e6af"&#xD;
[xUnit.net 00:00:13.58]       2025-08-22 05:00:53.839 +08:00 [INF] DESKTOP-J6M8022 34864/9 SystemMonitor.Service.Worker Worker running at: "2025-08-22T05:00:53.8390210+08:00"&#xD;
[xUnit.net 00:00:13.58]       2025-08-22 05:00:54.844 +08:00 [INF] DESKTOP-J6M8022 34864/9 SystemMonitor.Service.Worker Worker running at: "2025-08-22T05:00:54.8440332+08:00"&#xD;
[xUnit.net 00:00:13.58]       2025-08-22 05:00:55.849 +08:00 [INF] DESKTOP-J6M8022 34864/14 SystemMonitor.Service.Worker Worker running at: "2025-08-22T05:00:55.8498931+08:00"&#xD;
[xUnit.net 00:00:13.58]       2025-08-22 05:00:56.855 +08:00 [INF] DESKTOP-J6M8022 34864/12 SystemMonitor.Service.Worker Worker running at: "2025-08-22T05:00:56.8554623+08:00"&#xD;
[xUnit.net 00:00:13.58]       2025-08-22 05:00:57.861 +08:00 [INF] DESKTOP-J6M8022 34864/12 SystemMonitor.Service.Worker Worker running at: "2025-08-22T05:00:57.8610329+08:00"&#xD;
[xUnit.net 00:00:13.58]       2025-08-22 05:00:58.111 +08:00 [INF] DESKTOP-J6M8022 34864/8 SystemMonitor.Service.Services.RpcHostedService 客户端已连接&#xD;
[xUnit.net 00:00:13.58]       2025-08-22 05:00:58.111 +08:00 [INF] DESKTOP-J6M8022 34864/8 SystemMonitor.Service.Services.RpcHostedService 客户端会话建立: conn="667ed3f1-bd30-41e0-92ff-80608571c1ce"&#xD;
[xUnit.net 00:00:13.58]       2025-08-22 05:00:58.116 +08:00 [INF] DESKTOP-J6M8022 34864/12 SystemMonitor.Service.Services.RpcHostedService 客户端断开：已达到流的结尾。 conn="667ed3f1-bd30-41e0-92ff-80608571c1ce"&#xD;
[xUnit.net 00:00:13.58]       2025-08-22 05:00:58.863 +08:00 [INF] DESKTOP-J6M8022 34864/8 SystemMonitor.Service.Worker Worker running at: "2025-08-22T05:00:58.8635685+08:00"&#xD;
[xUnit.net 00:00:13.58]       2025-08-22 05:00:59.864 +08:00 [INF] DESKTOP-J6M8022 34864/13 SystemMonitor.Service.Worker Worker running at: "2025-08-22T05:00:59.8639948+08:00"&#xD;
[xUnit.net 00:00:13.58]       2025-08-22 05:01:00.871 +08:00 [INF] DESKTOP-J6M8022 34864/8 SystemMonitor.Service.Worker Worker running at: "2025-08-22T05:01:00.8711317+08:00"&#xD;
[xUnit.net 00:00:13.58]       2025-08-22 05:01:01.872 +08:00 [INF] DESKTOP-J6M8022 34864/8 SystemMonitor.Service.Worker Worker running at: "2025-08-22T05:01:01.8723849+08:00"&#xD;
[xUnit.net 00:00:13.58]       2025-08-22 05:01:02.874 +08:00 [INF] DESKTOP-J6M8022 34864/13 SystemMonitor.Service.Worker Worker running at: "2025-08-22T05:01:02.8742125+08:00"&#xD;
[xUnit.net 00:00:13.58]       2025-08-22 05:01:03.109 +08:00 [INF] DESKTOP-J6M8022 34864/13 SystemMonitor.Service.Services.RpcHostedService 客户端已连接&#xD;
[xUnit.net 00:00:13.58]       2025-08-22 05:01:03.109 +08:00 [INF] DESKTOP-J6M8022 34864/13 SystemMonitor.Service.Services.RpcHostedService 客户端会话建立: conn="6f7008b5-fb8e-492a-bb7e-9769bc95aca3"&#xD;
[xUnit.net 00:00:13.58]       2025-08-22 05:01:03.113 +08:00 [INF] DESKTOP-J6M8022 34864/13 SystemMonitor.Service.Services.RpcHostedService 客户端断开：已达到流的结尾。 conn="6f7008b5-fb8e-492a-bb7e-9769bc95aca3"&#xD;
[xUnit.net 00:00:13.58]       2025-08-22 05:01:03.878 +08:00 [INF] DESKTOP-J6M8022 34864/9 SystemMonitor.Service.Worker Worker running at: "2025-08-22T05:01:03.8780156+08:00"&#xD;
[xUnit.net 00:00:13.58]       2025-08-22 05:01:04.882 +08:00 [INF] DESKTOP-J6M8022 34864/9 SystemMonitor.Service.Worker Worker running at: "2025-08-22T05:01:04.8824276+08:00"&#xD;
[xUnit.net 00:00:13.58]       2025-08-22 05:01:05.888 +08:00 [INF] DESKTOP-J6M8022 34864/9 SystemMonitor.Service.Worker Worker running at: "2025-08-22T05:01:05.8884444+08:00"&#xD;
[xUnit.net 00:00:13.58]       2025-08-22 05:01:06.898 +08:00 [INF] DESKTOP-J6M8022 34864/13 SystemMonitor.Service.Worker Worker running at: "2025-08-22T05:01:06.8980438+08:00"&#xD;
[xUnit.net 00:00:13.58]       2025-08-22 05:01:07.902 +08:00 [INF] DESKTOP-J6M8022 34864/12 SystemMonitor.Service.Worker Worker running at: "2025-08-22T05:01:07.9022915+08:00"&#xD;
[xUnit.net 00:00:13.58]       2025-08-22 05:01:08.106 +08:00 [INF] DESKTOP-J6M8022 34864/12 SystemMonitor.Service.Services.RpcHostedService 客户端已连接&#xD;
[xUnit.net 00:00:13.58]       2025-08-22 05:01:08.106 +08:00 [INF] DESKTOP-J6M8022 34864/12 SystemMonitor.Service.Services.RpcHostedService 客户端会话建立: conn="57e57623-52be-4bde-b1c7-694c9251d418"&#xD;
[xUnit.net 00:00:13.58]       2025-08-22 05:01:08.111 +08:00 [INF] DESKTOP-J6M8022 34864/14 SystemMonitor.Service.Services.RpcHostedService 客户端断开：已达到流的结尾。 conn="57e57623-52be-4bde-b1c7-694c9251d418"&#xD;
[xUnit.net 00:00:13.58]       2025-08-22 05:01:08.904 +08:00 [INF] DESKTOP-J6M8022 34864/13 SystemMonitor.Service.Worker Worker running at: "2025-08-22T05:01:08.9045942+08:00"&#xD;
[xUnit.net 00:00:13.58]       2025-08-22 05:01:09.905 +08:00 [INF] DESKTOP-J6M8022 34864/12 SystemMonitor.Service.Worker Worker running at: "2025-08-22T05:01:09.9059497+08:00"&#xD;
[xUnit.net 00:00:13.58]       2025-08-22 05:01:10.910 +08:00 [INF] DESKTOP-J6M8022 34864/8 SystemMonitor.Service.Worker Worker running at: "2025-08-22T05:01:10.9104565+08:00"&#xD;
[xUnit.net 00:00:13.58]       2025-08-22 05:01:11.913 +08:00 [INF] DESKTOP-J6M8022 34864/12 SystemMonitor.Service.Worker Worker running at: "2025-08-22T05:01:11.9132884+08:00"&#xD;
[xUnit.net 00:00:13.58]       2025-08-22 05:01:12.917 +08:00 [INF] DESKTOP-J6M8022 34864/8 SystemMonitor.Service.Worker Worker running at: "2025-08-22T05:01:12.9173706+08:00"&#xD;
[xUnit.net 00:00:13.58]       2025-08-22 05:01:13.103 +08:00 [INF] DESKTOP-J6M8022 34864/8 SystemMonitor.Service.Services.RpcHostedService 客户端已连接&#xD;
[xUnit.net 00:00:13.58]       2025-08-22 05:01:13.103 +08:00 [INF] DESKTOP-J6M8022 34864/8 SystemMonitor.Service.Services.RpcHostedService 客户端会话建立: conn="8c8ff938-4ec2-4b63-94b8-07d74318db55"&#xD;
[xUnit.net 00:00:13.58]       2025-08-22 05:01:13.107 +08:00 [INF] DESKTOP-J6M8022 34864/12 SystemMonitor.Service.Services.RpcHostedService 客户端断开：已达到流的结尾。 conn="8c8ff938-4ec2-4b63-94b8-07d74318db55"&#xD;
[xUnit.net 00:00:13.58]       2025-08-22 05:01:13.395 +08:00 [INF] DESKTOP-J6M8022 34864/8 SystemMonitor.Service.Services.RpcHostedService 客户端已连接&#xD;
[xUnit.net 00:00:13.58]       2025-08-22 05:01:13.395 +08:00 [INF] DESKTOP-J6M8022 34864/8 SystemMonitor.Service.Services.RpcHostedService 客户端会话建立: conn="0d0e45ce-49cf-483b-8035-5df65c66b336"&#xD;
[xUnit.net 00:00:13.58]       2025-08-22 05:01:13.409 +08:00 [INF] DESKTOP-J6M8022 34864/8 SystemMonitor.Service.Services.RpcHostedService snapshot called, modules=*&#xD;
[xUnit.net 00:00:13.58]       2025-08-22 05:01:13.415 +08:00 [INF] DESKTOP-J6M8022 34864/12 SystemMonitor.Service.Services.RpcHostedService 客户端断开：已达到流的结尾。 conn="0d0e45ce-49cf-483b-8035-5df65c66b336"&#xD;
[xUnit.net 00:00:13.58]       2025-08-22 05:01:13.923 +08:00 [INF] DESKTOP-J6M8022 34864/14 SystemMonitor.Service.Worker Worker running at: "2025-08-22T05:01:13.9232807+08:00"&#xD;
[xUnit.net 00:00:13.58]       2025-08-22 05:01:14.929 +08:00 [INF] DESKTOP-J6M8022 34864/12 SystemMonitor.Service.Worker Worker running at: "2025-08-22T05:01:14.9292827+08:00"&#xD;
[xUnit.net 00:00:13.58]       2025-08-22 05:01:15.932 +08:00 [INF] DESKTOP-J6M8022 34864/8 SystemMonitor.Service.Worker Worker running at: "2025-08-22T05:01:15.9326500+08:00"&#xD;
[xUnit.net 00:00:13.58]       2025-08-22 05:01:16.939 +08:00 [INF] DESKTOP-J6M8022 34864/14 SystemMonitor.Service.Worker Worker running at: "2025-08-22T05:01:16.9393680+08:00"&#xD;
[xUnit.net 00:00:13.58]       2025-08-22 05:01:17.943 +08:00 [INF] DESKTOP-J6M8022 34864/8 SystemMonitor.Service.Worker Worker running at: "2025-08-22T05:01:17.9432416+08:00"&#xD;
[xUnit.net 00:00:13.58]       2025-08-22 05:01:18.116 +08:00 [INF] DESKTOP-J6M8022 34864/8 SystemMonitor.Service.Services.RpcHostedService 客户端已连接&#xD;
[xUnit.net 00:00:13.58]       2025-08-22 05:01:18.116 +08:00 [INF] DESKTOP-J6M8022 34864/8 SystemMonitor.Service.Services.RpcHostedService 客户端会话建立: conn="4caa660b-18e4-4979-bebe-31bdd3b07642"&#xD;
[xUnit.net 00:00:13.58]       2025-08-22 05:01:18.119 +08:00 [INF] DESKTOP-J6M8022 34864/12 SystemMonitor.Service.Services.RpcHostedService 客户端断开：已达到流的结尾。 conn="4caa660b-18e4-4979-bebe-31bdd3b07642"&#xD;
[xUnit.net 00:00:13.58]       2025-08-22 05:01:18.947 +08:00 [INF] DESKTOP-J6M8022 34864/8 SystemMonitor.Service.Worker Worker running at: "2025-08-22T05:01:18.9470563+08:00"&#xD;
[xUnit.net 00:00:13.58]       2025-08-22 05:01:19.950 +08:00 [INF] DESKTOP-J6M8022 34864/8 SystemMonitor.Service.Worker Worker running at: "2025-08-22T05:01:19.9501774+08:00"&#xD;
[xUnit.net 00:00:13.58]       2025-08-22 05:01:20.958 +08:00 [INF] DESKTOP-J6M8022 34864/8 SystemMonitor.Service.Worker Worker running at: "2025-08-22T05:01:20.9579718+08:00"&#xD;
[xUnit.net 00:00:13.58]       2025-08-22 05:01:21.959 +08:00 [INF] DESKTOP-J6M8022 34864/14 SystemMonitor.Service.Worker Worker running at: "2025-08-22T05:01:21.9594726+08:00"&#xD;
[xUnit.net 00:00:13.58]       2025-08-22 05:01:22.963 +08:00 [INF] DESKTOP-J6M8022 34864/8 SystemMonitor.Service.Worker Worker running at: "2025-08-22T05:01:22.9634519+08:00"&#xD;
[xUnit.net 00:00:13.58]       2025-08-22 05:01:23.105 +08:00 [INF] DESKTOP-J6M8022 34864/8 SystemMonitor.Service.Services.RpcHostedService 客户端已连接&#xD;
[xUnit.net 00:00:13.58]       2025-08-22 05:01:23.105 +08:00 [INF] DESKTOP-J6M8022 34864/8 SystemMonitor.Service.Services.RpcHostedService 客户端会话建立: conn="8639769c-80fa-407f-b9a9-4050afd76198"&#xD;
[xUnit.net 00:00:13.58]       2025-08-22 05:01:23.107 +08:00 [INF] DESKTOP-J6M8022 34864/14 SystemMonitor.Service.Services.RpcHostedService 客户端断开：已达到流的结尾。 conn="8639769c-80fa-407f-b9a9-4050afd76198"&#xD;
[xUnit.net 00:00:13.58]       2025-08-22 05:01:23.971 +08:00 [INF] DESKTOP-J6M8022 34864/11 SystemMonitor.Service.Worker Worker running at: "2025-08-22T05:01:23.9715344+08:00"&#xD;
[xUnit.net 00:00:13.58]       2025-08-22 05:01:24.982 +08:00 [INF] DESKTOP-J6M8022 34864/11 SystemMonitor.Service.Worker Worker running at: "2025-08-22T05:01:24.9819615+08:00"&#xD;
[xUnit.net 00:00:13.58]       2025-08-22 05:01:25.994 +08:00 [INF] DESKTOP-J6M8022 34864/11 SystemMonitor.Service.Worker Worker running at: "2025-08-22T05:01:25.9941989+08:00"&#xD;
[xUnit.net 00:00:13.58]       2025-08-22 05:01:26.999 +08:00 [INF] DESKTOP-J6M8022 34864/8 SystemMonitor.Service.Worker Worker running at: "2025-08-22T05:01:26.9999359+08:00"&#xD;
[xUnit.net 00:00:13.58]       2025-08-22 05:01:28.013 +08:00 [INF] DESKTOP-J6M8022 34864/11 SystemMonitor.Service.Worker Worker running at: "2025-08-22T05:01:28.0133025+08:00"&#xD;
[xUnit.net 00:00:13.58]       2025-08-22 05:01:28.109 +08:00 [INF] DESKTOP-J6M8022 34864/11 SystemMonitor.Service.Services.RpcHostedService 客户端已连接&#xD;
[xUnit.net 00:00:13.58]       2025-08-22 05:01:28.109 +08:00 [INF] DESKTOP-J6M8022 34864/11 SystemMonitor.Service.Services.RpcHostedService 客户端会话建立: conn="fda2e581-c0a4-4aa4-a5e0-11787ca179bd"&#xD;
[xUnit.net 00:00:13.58]       2025-08-22 05:01:28.112 +08:00 [INF] DESKTOP-J6M8022 34864/11 SystemMonitor.Service.Services.RpcHostedService 客户端断开：已达到流的结尾。 conn="fda2e581-c0a4-4aa4-a5e0-11787ca179bd"&#xD;
[xUnit.net 00:00:13.58]       2025-08-22 05:01:29.018 +08:00 [INF] DESKTOP-J6M8022 34864/11 SystemMonitor.Service.Worker Worker running at: "2025-08-22T05:01:29.0183364+08:00"&#xD;
[xUnit.net 00:00:13.58]       2025-08-22 05:01:30.019 +08:00 [INF] DESKTOP-J6M8022 34864/8 SystemMonitor.Service.Worker Worker running at: "2025-08-22T05:01:30.0195935+08:00"&#xD;
[xUnit.net 00:00:13.58]       2025-08-22 05:01:31.026 +08:00 [INF] DESKTOP-J6M8022 34864/8 SystemMonitor.Service.Worker Worker running at: "2025-08-22T05:01:31.0262398+08:00"&#xD;
[xUnit.net 00:00:13.58]       2025-08-22 05:01:32.031 +08:00 [INF] DESKTOP-J6M8022 34864/12 SystemMonitor.Service.Worker Worker running at: "2025-08-22T05:01:32.0310132+08:00"&#xD;
[xUnit.net 00:00:13.58]       2025-08-22 05:01:33.035 +08:00 [INF] DESKTOP-J6M8022 34864/12 SystemMonitor.Service.Worker Worker running at: "2025-08-22T05:01:33.0357910+08:00"&#xD;
[xUnit.net 00:00:13.58]       2025-08-22 05:01:33.116 +08:00 [INF] DESKTOP-J6M8022 34864/12 SystemMonitor.Service.Services.RpcHostedService 客户端已连接&#xD;
[xUnit.net 00:00:13.58]       2025-08-22 05:01:33.116 +08:00 [INF] DESKTOP-J6M8022 34864/12 SystemMonitor.Service.Services.RpcHostedService 客户端会话建立: conn="34e1094f-2d5d-4eb2-b05a-37c0e40cc011"&#xD;
[xUnit.net 00:00:13.58]       2025-08-22 05:01:33.119 +08:00 [INF] DESKTOP-J6M8022 34864/8 SystemMonitor.Service.Services.RpcHostedService 客户端断开：已达到流的结尾。 conn="34e1094f-2d5d-4eb2-b05a-37c0e40cc011"&#xD;
[xUnit.net 00:00:13.58]       2025-08-22 05:01:34.041 +08:00 [INF] DESKTOP-J6M8022 34864/8 SystemMonitor.Service.Worker Worker running at: "2025-08-22T05:01:34.0416262+08:00"&#xD;
[xUnit.net 00:00:13.58]       2025-08-22 05:01:35.045 +08:00 [INF] DESKTOP-J6M8022 34864/8 SystemMonitor.Service.Worker Worker running at: "2025-08-22T05:01:35.0457088+08:00"&#xD;
[xUnit.net 00:00:13.58]       2025-08-22 05:01:36.047 +08:00 [INF] DESKTOP-J6M8022 34864/12 SystemMonitor.Service.Worker Worker running at: "2025-08-22T05:01:36.0479378+08:00"&#xD;
[xUnit.net 00:00:13.58]       2025-08-22 05:01:37.050 +08:00 [INF] DESKTOP-J6M8022 34864/12 SystemMonitor.Service.Worker Worker running at: "2025-08-22T05:01:37.0504892+08:00"&#xD;
[xUnit.net 00:00:13.58]       2025-08-22 05:01:38.061 +08:00 [INF] DESKTOP-J6M8022 34864/14 SystemMonitor.Service.Worker Worker running at: "2025-08-22T05:01:38.0614429+08:00"&#xD;
[xUnit.net 00:00:13.58]       2025-08-22 05:01:38.110 +08:00 [INF] DESKTOP-J6M8022 34864/12 SystemMonitor.Service.Services.RpcHostedService 客户端已连接&#xD;
[xUnit.net 00:00:13.58]       2025-08-22 05:01:38.110 +08:00 [INF] DESKTOP-J6M8022 34864/12 SystemMonitor.Service.Services.RpcHostedService 客户端会话建立: conn="06117a62-6040-4241-9927-358af4226d43"&#xD;
[xUnit.net 00:00:13.58]       2025-08-22 05:01:38.113 +08:00 [INF] DESKTOP-J6M8022 34864/14 SystemMonitor.Service.Services.RpcHostedService 客户端断开：已达到流的结尾。 conn="06117a62-6040-4241-9927-358af4226d43"&#xD;
[xUnit.net 00:00:13.58]       2025-08-22 05:01:39.064 +08:00 [INF] DESKTOP-J6M8022 34864/14 SystemMonitor.Service.Worker Worker running at: "2025-08-22T05:01:39.0644324+08:00"&#xD;
[xUnit.net 00:00:13.58]       2025-08-22 05:01:40.069 +08:00 [INF] DESKTOP-J6M8022 34864/8 SystemMonitor.Service.Worker Worker running at: "2025-08-22T05:01:40.0698228+08:00"&#xD;
[xUnit.net 00:00:13.58]       2025-08-22 05:01:41.072 +08:00 [INF] DESKTOP-J6M8022 34864/8 SystemMonitor.Service.Worker Worker running at: "2025-08-22T05:01:41.0721700+08:00"&#xD;
[xUnit.net 00:00:13.58]       2025-08-22 05:01:42.086 +08:00 [INF] DESKTOP-J6M8022 34864/11 SystemMonitor.Service.Worker Worker running at: "2025-08-22T05:01:42.0860513+08:00"&#xD;
[xUnit.net 00:00:13.58]       2025-08-22 05:01:43.101 +08:00 [INF] DESKTOP-J6M8022 34864/8 SystemMonitor.Service.Worker Worker running at: "2025-08-22T05:01:43.1011436+08:00"&#xD;
[xUnit.net 00:00:13.58]       2025-08-22 05:01:43.105 +08:00 [INF] DESKTOP-J6M8022 34864/9 SystemMonitor.Service.Services.RpcHostedService 客户端已连接&#xD;
[xUnit.net 00:00:13.58]       2025-08-22 05:01:43.105 +08:00 [INF] DESKTOP-J6M8022 34864/9 SystemMonitor.Service.Services.RpcHostedService 客户端会话建立: conn="860b5ccb-a321-4101-b6d7-ba8cfd17c2fa"&#xD;
[xUnit.net 00:00:13.58]       2025-08-22 05:01:43.109 +08:00 [INF] DESKTOP-J6M8022 34864/8 SystemMonitor.Service.Services.RpcHostedService 客户端断开：已达到流的结尾。 conn="860b5ccb-a321-4101-b6d7-ba8cfd17c2fa"&#xD;
[xUnit.net 00:00:13.58]       2025-08-22 05:01:43.386 +08:00 [INF] DESKTOP-J6M8022 34864/11 SystemMonitor.Service.Services.RpcHostedService 客户端已连接&#xD;
[xUnit.net 00:00:13.58]       2025-08-22 05:01:43.386 +08:00 [INF] DESKTOP-J6M8022 34864/11 SystemMonitor.Service.Services.RpcHostedService 客户端会话建立: conn="7103465a-6b36-49d0-b971-0765ff27b367"&#xD;
[xUnit.net 00:00:13.58]       2025-08-22 05:01:43.387 +08:00 [INF] DESKTOP-J6M8022 34864/11 SystemMonitor.Service.Services.RpcHostedService snapshot called, modules=*&#xD;
[xUnit.net 00:00:13.58]       2025-08-22 05:01:43.394 +08:00 [INF] DESKTOP-J6M8022 34864/14 SystemMonitor.Service.Services.RpcHostedService 客户端断开：已达到流的结尾。 conn="7103465a-6b36-49d0-b971-0765ff27b367"&#xD;
[xUnit.net 00:00:13.58]       2025-08-22 05:01:44.107 +08:00 [INF] DESKTOP-J6M8022 34864/11 SystemMonitor.Service.Worker Worker running at: "2025-08-22T05:01:44.1078485+08:00"&#xD;
[xUnit.net 00:00:13.58]       2025-08-22 05:01:45.116 +08:00 [INF] DESKTOP-J6M8022 34864/8 SystemMonitor.Service.Worker Worker running at: "2025-08-22T05:01:45.1165225+08:00"&#xD;
[xUnit.net 00:00:13.58]       2025-08-22 05:01:46.125 +08:00 [INF] DESKTOP-J6M8022 34864/8 SystemMonitor.Service.Worker Worker running at: "2025-08-22T05:01:46.1259467+08:00"&#xD;
[xUnit.net 00:00:13.58]       2025-08-22 05:01:47.131 +08:00 [INF] DESKTOP-J6M8022 34864/8 SystemMonitor.Service.Worker Worker running at: "2025-08-22T05:01:47.1319177+08:00"&#xD;
[xUnit.net 00:00:13.58]       2025-08-22 05:01:48.110 +08:00 [INF] DESKTOP-J6M8022 34864/9 SystemMonitor.Service.Services.RpcHostedService 客户端已连接&#xD;
[xUnit.net 00:00:13.58]       2025-08-22 05:01:48.111 +08:00 [INF] DESKTOP-J6M8022 34864/9 SystemMonitor.Service.Services.RpcHostedService 客户端会话建立: conn="dc929a0f-2511-48c2-b921-bb00e3b2d95e"&#xD;
[xUnit.net 00:00:13.58]       2025-08-22 05:01:48.113 +08:00 [INF] DESKTOP-J6M8022 34864/9 SystemMonitor.Service.Services.RpcHostedService 客户端断开：已达到流的结尾。 conn="dc929a0f-2511-48c2-b921-bb00e3b2d95e"&#xD;
[xUnit.net 00:00:13.58]       2025-08-22 05:01:48.139 +08:00 [INF] DESKTOP-J6M8022 34864/9 SystemMonitor.Service.Worker Worker running at: "2025-08-22T05:01:48.1397480+08:00"&#xD;
[xUnit.net 00:00:13.58]       2025-08-22 05:01:49.149 +08:00 [INF] DESKTOP-J6M8022 34864/9 SystemMonitor.Service.Worker Worker running at: "2025-08-22T05:01:49.1490602+08:00"&#xD;
[xUnit.net 00:00:13.58]       2025-08-22 05:01:50.156 +08:00 [INF] DESKTOP-J6M8022 34864/9 SystemMonitor.Service.Worker Worker running at: "2025-08-22T05:01:50.1565687+08:00"&#xD;
[xUnit.net 00:00:13.58]       2025-08-22 05:01:51.163 +08:00 [INF] DESKTOP-J6M8022 34864/8 SystemMonitor.Service.Worker Worker running at: "2025-08-22T05:01:51.1638742+08:00"&#xD;
[xUnit.net 00:00:13.58]       2025-08-22 05:01:52.175 +08:00 [INF] DESKTOP-J6M8022 34864/8 SystemMonitor.Service.Worker Worker running at: "2025-08-22T05:01:52.1751866+08:00"&#xD;
[xUnit.net 00:00:13.58]       2025-08-22 05:01:53.106 +08:00 [INF] DESKTOP-J6M8022 34864/8 SystemMonitor.Service.Services.RpcHostedService 客户端已连接&#xD;
[xUnit.net 00:00:13.58]       2025-08-22 05:01:53.106 +08:00 [INF] DESKTOP-J6M8022 34864/8 SystemMonitor.Service.Services.RpcHostedService 客户端会话建立: conn="cf08e297-f8bc-42e5-a912-8cdf3760d104"&#xD;
[xUnit.net 00:00:13.58]       2025-08-22 05:01:53.109 +08:00 [INF] DESKTOP-J6M8022 34864/14 SystemMonitor.Service.Services.RpcHostedService 客户端断开：已达到流的结尾。 conn="cf08e297-f8bc-42e5-a912-8cdf3760d104"&#xD;
[xUnit.net 00:00:13.58]       2025-08-22 05:01:53.183 +08:00 [INF] DESKTOP-J6M8022 34864/12 SystemMonitor.Service.Worker Worker running at: "2025-08-22T05:01:53.1832976+08:00"&#xD;
[xUnit.net 00:00:13.58]       2025-08-22 05:01:54.188 +08:00 [INF] DESKTOP-J6M8022 34864/12 SystemMonitor.Service.Worker Worker running at: "2025-08-22T05:01:54.1886519+08:00"&#xD;
[xUnit.net 00:00:13.58]       2025-08-22 05:01:55.189 +08:00 [INF] DESKTOP-J6M8022 34864/12 SystemMonitor.Service.Worker Worker running at: "2025-08-22T05:01:55.1890118+08:00"&#xD;
[xUnit.net 00:00:13.58]       2025-08-22 05:01:56.201 +08:00 [INF] DESKTOP-J6M8022 34864/14 SystemMonitor.Service.Worker Worker running at: "2025-08-22T05:01:56.2011712+08:00"&#xD;
[xUnit.net 00:00:13.58]       2025-08-22 05:01:57.203 +08:00 [INF] DESKTOP-J6M8022 34864/12 SystemMonitor.Service.Worker Worker running at: "2025-08-22T05:01:57.2030740+08:00"&#xD;
[xUnit.net 00:00:13.58]       2025-08-22 05:01:58.150 +08:00 [INF] DESKTOP-J6M8022 34864/11 SystemMonitor.Service.Services.RpcHostedService 客户端已连接&#xD;
[xUnit.net 00:00:13.58]       2025-08-22 05:01:58.150 +08:00 [INF] DESKTOP-J6M8022 34864/11 SystemMonitor.Service.Services.RpcHostedService 客户端会话建立: conn="12ea3cb9-6e37-4a78-8a02-17ba9963b724"&#xD;
[xUnit.net 00:00:13.58]       2025-08-22 05:01:58.164 +08:00 [INF] DESKTOP-J6M8022 34864/14 SystemMonitor.Service.Services.RpcHostedService 客户端断开：已达到流的结尾。 conn="12ea3cb9-6e37-4a78-8a02-17ba9963b724"&#xD;
[xUnit.net 00:00:13.58]       2025-08-22 05:01:58.220 +08:00 [INF] DESKTOP-J6M8022 34864/14 SystemMonitor.Service.Worker Worker running at: "2025-08-22T05:01:58.2204087+08:00"&#xD;
[xUnit.net 00:00:13.58]       2025-08-22 05:01:59.232 +08:00 [INF] DESKTOP-J6M8022 34864/11 SystemMonitor.Service.Worker Worker running at: "2025-08-22T05:01:59.2321592+08:00"&#xD;
[xUnit.net 00:00:13.58]       2025-08-22 05:02:00.236 +08:00 [INF] DESKTOP-J6M8022 34864/14 SystemMonitor.Service.Worker Worker running at: "2025-08-22T05:02:00.2367533+08:00"&#xD;
[xUnit.net 00:00:13.58]       2025-08-22 05:02:01.245 +08:00 [INF] DESKTOP-J6M8022 34864/11 SystemMonitor.Service.Worker Worker running at: "2025-08-22T05:02:01.2451701+08:00"&#xD;
[xUnit.net 00:00:13.58]       2025-08-22 05:02:02.255 +08:00 [INF] DESKTOP-J6M8022 34864/11 SystemMonitor.Service.Worker Worker running at: "2025-08-22T05:02:02.2559126+08:00"&#xD;
[xUnit.net 00:00:13.58]       Stack Trace:&#xD;
[xUnit.net 00:00:13.58]         C:\code\sys-sensor-v3\src\SystemMonitor.Tests\EndToEndTests.cs(151,0): at SystemMonitor.Tests.EndToEndTests.WaitPipeReadyAsync(TimeSpan timeout)&#xD;
[xUnit.net 00:00:13.58]         C:\code\sys-sensor-v3\src\SystemMonitor.Tests\EndToEndTests.cs(278,0): at SystemMonitor.Tests.EndToEndTests.InitializeAsync()&#xD;
[svc][out] 正在生成...&#xD;
[test][pipe-wait] last-win32=2 elapsed=0.0s&#xD;
[test][pipe-wait] last-win32=2 elapsed=0.2s&#xD;
[test][pipe-wait] last-win32=2 elapsed=0.4s&#xD;
[test][pipe-wait] last-win32=2 elapsed=0.6s&#xD;
[test][pipe-wait] last-win32=2 elapsed=0.8s&#xD;
[test][pipe-wait] last-win32=2 elapsed=1.0s&#xD;
[test][pipe-wait] last-win32=2 elapsed=1.2s&#xD;
[svc][out] C:\code\sys-sensor-v3\src\SystemMonitor.Service\Services\RpcHostedService.cs(201,31): error CS0103: 当前上下文中不存在名称“TryCreateCounter�?[C:\code\sys-sensor-v3\src\SystemMonitor.Service\SystemMonitor.Service.csproj]&#xD;
[svc][out] C:\code\sys-sensor-v3\src\SystemMonitor.Service\Services\RpcHostedService.cs(203,35): error CS0103: 当前上下文中不存在名称“TryCreateCounter�?[C:\code\sys-sensor-v3\src\SystemMonitor.Service\SystemMonitor.Service.csproj]&#xD;
[svc][out] C:\code\sys-sensor-v3\src\SystemMonitor.Service\Program.cs(76,13): warning CA1416: 可在所有平台上访问此调用站点�?RpcHostedService" 仅在 'windows' 上受支持�?(https://learn.microsoft.com/dotnet/fundamentals/code-analysis/quality-rules/ca1416) [C:\code\sys-sensor-v3\src\SystemMonitor.Service\SystemMonitor.Service.csproj]&#xD;
[svc][err] 生成失败。请修复生成错误并重新运行�?&#xD;
[xUnit.net 00:00:15.53]       System.InvalidOperationException : Service exited while waiting for pipe. Code=1. Tail:
[svc][out] 姝ｅ湪鐢熸垚...&#xD;
[xUnit.net 00:00:15.53]       [svc][out] C:\code\sys-sensor-v3\src\SystemMonitor.Service\Services\RpcHostedService.cs(201,31): error CS0103: 褰撳墠涓婁笅鏂囦腑涓嶅瓨鍦ㄥ悕绉扳€淭ryCreateCounter鈥?[C:\code\sys-sensor-v3\src\SystemMonitor.Service\SystemMonitor.Service.csproj]&#xD;
[xUnit.net 00:00:15.53]       [svc][out] C:\code\sys-sensor-v3\src\SystemMonitor.Service\Services\RpcHostedService.cs(203,35): error CS0103: 褰撳墠涓婁笅鏂囦腑涓嶅瓨鍦ㄥ悕绉扳€淭ryCreateCounter鈥?[C:\code\sys-sensor-v3\src\SystemMonitor.Service\SystemMonitor.Service.csproj]&#xD;
[xUnit.net 00:00:15.53]       [svc][out] C:\code\sys-sensor-v3\src\SystemMonitor.Service\Program.cs(76,13): warning CA1416: 鍙湪鎵€鏈夊钩鍙颁笂璁块棶姝よ皟鐢ㄧ珯鐐广€?RpcHostedService" 浠呭湪 'windows' 涓婂彈鏀寔銆?(https://learn.microsoft.com/dotnet/fundamentals/code-analysis/quality-rules/ca1416) [C:\code\sys-sensor-v3\src\SystemMonitor.Service\SystemMonitor.Service.csproj]&#xD;
[xUnit.net 00:00:15.53]       [svc][err] 鐢熸垚澶辫触銆傝淇鐢熸垚閿欒骞堕噸鏂拌繍琛屻€?
[file-log-tail]
2025-08-22 05:00:07.505 +08:00 [INF] DESKTOP-J6M8022 34864/11 SystemMonitor.Service.Worker Worker running at: "2025-08-22T05:00:07.5059406+08:00"&#xD;
[xUnit.net 00:00:15.53]       2025-08-22 05:00:08.115 +08:00 [INF] DESKTOP-J6M8022 34864/11 SystemMonitor.Service.Services.RpcHostedService 客户端已连接&#xD;
[xUnit.net 00:00:15.53]       2025-08-22 05:00:08.115 +08:00 [INF] DESKTOP-J6M8022 34864/11 SystemMonitor.Service.Services.RpcHostedService 客户端会话建立: conn="3ebaf5c9-7a90-4c1f-8d06-77e4b9511b6b"&#xD;
[xUnit.net 00:00:15.53]       2025-08-22 05:00:08.119 +08:00 [INF] DESKTOP-J6M8022 34864/11 SystemMonitor.Service.Services.RpcHostedService 客户端断开：已达到流的结尾。 conn="3ebaf5c9-7a90-4c1f-8d06-77e4b9511b6b"&#xD;
[xUnit.net 00:00:15.53]       2025-08-22 05:00:08.515 +08:00 [INF] DESKTOP-J6M8022 34864/11 SystemMonitor.Service.Worker Worker running at: "2025-08-22T05:00:08.5155952+08:00"&#xD;
[xUnit.net 00:00:15.53]       2025-08-22 05:00:09.524 +08:00 [INF] DESKTOP-J6M8022 34864/9 SystemMonitor.Service.Worker Worker running at: "2025-08-22T05:00:09.5241284+08:00"&#xD;
[xUnit.net 00:00:15.53]       2025-08-22 05:00:10.532 +08:00 [INF] DESKTOP-J6M8022 34864/8 SystemMonitor.Service.Worker Worker running at: "2025-08-22T05:00:10.5324730+08:00"&#xD;
[xUnit.net 00:00:15.53]       2025-08-22 05:00:11.535 +08:00 [INF] DESKTOP-J6M8022 34864/12 SystemMonitor.Service.Worker Worker running at: "2025-08-22T05:00:11.5357528+08:00"&#xD;
[xUnit.net 00:00:15.53]       2025-08-22 05:00:12.548 +08:00 [INF] DESKTOP-J6M8022 34864/8 SystemMonitor.Service.Worker Worker running at: "2025-08-22T05:00:12.5481912+08:00"&#xD;
[xUnit.net 00:00:15.53]       2025-08-22 05:00:13.107 +08:00 [INF] DESKTOP-J6M8022 34864/12 SystemMonitor.Service.Services.RpcHostedService 客户端已连接&#xD;
[xUnit.net 00:00:15.53]       2025-08-22 05:00:13.107 +08:00 [INF] DESKTOP-J6M8022 34864/12 SystemMonitor.Service.Services.RpcHostedService 客户端会话建立: conn="27a81c38-4647-493a-8fb8-8f2e144087dc"&#xD;
[xUnit.net 00:00:15.53]       2025-08-22 05:00:13.111 +08:00 [INF] DESKTOP-J6M8022 34864/11 SystemMonitor.Service.Services.RpcHostedService 客户端断开：已达到流的结尾。 conn="27a81c38-4647-493a-8fb8-8f2e144087dc"&#xD;
[xUnit.net 00:00:15.53]       2025-08-22 05:00:13.384 +08:00 [INF] DESKTOP-J6M8022 34864/8 SystemMonitor.Service.Services.RpcHostedService 客户端已连接&#xD;
[xUnit.net 00:00:15.53]       2025-08-22 05:00:13.384 +08:00 [INF] DESKTOP-J6M8022 34864/8 SystemMonitor.Service.Services.RpcHostedService 客户端会话建立: conn="25e61bd6-9b34-4b1b-8730-8dd26623668c"&#xD;
[xUnit.net 00:00:15.53]       2025-08-22 05:00:13.405 +08:00 [INF] DESKTOP-J6M8022 34864/8 SystemMonitor.Service.Services.RpcHostedService snapshot called, modules=*&#xD;
[xUnit.net 00:00:15.53]       2025-08-22 05:00:13.408 +08:00 [INF] DESKTOP-J6M8022 34864/9 SystemMonitor.Service.Services.RpcHostedService 客户端断开：已达到流的结尾。 conn="25e61bd6-9b34-4b1b-8730-8dd26623668c"&#xD;
[xUnit.net 00:00:15.53]       2025-08-22 05:00:13.551 +08:00 [INF] DESKTOP-J6M8022 34864/12 SystemMonitor.Service.Worker Worker running at: "2025-08-22T05:00:13.5519178+08:00"&#xD;
[xUnit.net 00:00:15.53]       2025-08-22 05:00:14.561 +08:00 [INF] DESKTOP-J6M8022 34864/8 SystemMonitor.Service.Worker Worker running at: "2025-08-22T05:00:14.5613344+08:00"&#xD;
[xUnit.net 00:00:15.53]       2025-08-22 05:00:15.574 +08:00 [INF] DESKTOP-J6M8022 34864/8 SystemMonitor.Service.Worker Worker running at: "2025-08-22T05:00:15.5741996+08:00"&#xD;
[xUnit.net 00:00:15.53]       2025-08-22 05:00:16.580 +08:00 [INF] DESKTOP-J6M8022 34864/12 SystemMonitor.Service.Worker Worker running at: "2025-08-22T05:00:16.5802431+08:00"&#xD;
[xUnit.net 00:00:15.53]       2025-08-22 05:00:17.583 +08:00 [INF] DESKTOP-J6M8022 34864/12 SystemMonitor.Service.Worker Worker running at: "2025-08-22T05:00:17.5832737+08:00"&#xD;
[xUnit.net 00:00:15.53]       2025-08-22 05:00:18.114 +08:00 [INF] DESKTOP-J6M8022 34864/11 SystemMonitor.Service.Services.RpcHostedService 客户端已连接&#xD;
[xUnit.net 00:00:15.53]       2025-08-22 05:00:18.114 +08:00 [INF] DESKTOP-J6M8022 34864/11 SystemMonitor.Service.Services.RpcHostedService 客户端会话建立: conn="8619790b-69c5-445b-ab8d-8526df618427"&#xD;
[xUnit.net 00:00:15.53]       2025-08-22 05:00:18.116 +08:00 [INF] DESKTOP-J6M8022 34864/12 SystemMonitor.Service.Services.RpcHostedService 客户端断开：已达到流的结尾。 conn="8619790b-69c5-445b-ab8d-8526df618427"&#xD;
[xUnit.net 00:00:15.53]       2025-08-22 05:00:18.595 +08:00 [INF] DESKTOP-J6M8022 34864/11 SystemMonitor.Service.Worker Worker running at: "2025-08-22T05:00:18.5953464+08:00"&#xD;
[xUnit.net 00:00:15.53]       2025-08-22 05:00:19.605 +08:00 [INF] DESKTOP-J6M8022 34864/11 SystemMonitor.Service.Worker Worker running at: "2025-08-22T05:00:19.6052530+08:00"&#xD;
[xUnit.net 00:00:15.53]       2025-08-22 05:00:20.613 +08:00 [INF] DESKTOP-J6M8022 34864/13 SystemMonitor.Service.Worker Worker running at: "2025-08-22T05:00:20.6131263+08:00"&#xD;
[xUnit.net 00:00:15.53]       2025-08-22 05:00:21.613 +08:00 [INF] DESKTOP-J6M8022 34864/11 SystemMonitor.Service.Worker Worker running at: "2025-08-22T05:00:21.6130098+08:00"&#xD;
[xUnit.net 00:00:15.53]       2025-08-22 05:00:22.624 +08:00 [INF] DESKTOP-J6M8022 34864/13 SystemMonitor.Service.Worker Worker running at: "2025-08-22T05:00:22.6244940+08:00"&#xD;
[xUnit.net 00:00:15.53]       2025-08-22 05:00:23.105 +08:00 [INF] DESKTOP-J6M8022 34864/13 SystemMonitor.Service.Services.RpcHostedService 客户端已连接&#xD;
[xUnit.net 00:00:15.53]       2025-08-22 05:00:23.105 +08:00 [INF] DESKTOP-J6M8022 34864/13 SystemMonitor.Service.Services.RpcHostedService 客户端会话建立: conn="849f5c90-811a-4eb3-97ea-73e1b9d03257"&#xD;
[xUnit.net 00:00:15.53]       2025-08-22 05:00:23.108 +08:00 [INF] DESKTOP-J6M8022 34864/8 SystemMonitor.Service.Services.RpcHostedService 客户端断开：已达到流的结尾。 conn="849f5c90-811a-4eb3-97ea-73e1b9d03257"&#xD;
[xUnit.net 00:00:15.53]       2025-08-22 05:00:23.627 +08:00 [INF] DESKTOP-J6M8022 34864/13 SystemMonitor.Service.Worker Worker running at: "2025-08-22T05:00:23.6275367+08:00"&#xD;
[xUnit.net 00:00:15.53]       2025-08-22 05:00:24.631 +08:00 [INF] DESKTOP-J6M8022 34864/8 SystemMonitor.Service.Worker Worker running at: "2025-08-22T05:00:24.6319373+08:00"&#xD;
[xUnit.net 00:00:15.53]       2025-08-22 05:00:25.643 +08:00 [INF] DESKTOP-J6M8022 34864/13 SystemMonitor.Service.Worker Worker running at: "2025-08-22T05:00:25.6437810+08:00"&#xD;
[xUnit.net 00:00:15.53]       2025-08-22 05:00:26.649 +08:00 [INF] DESKTOP-J6M8022 34864/10 SystemMonitor.Service.Worker Worker running at: "2025-08-22T05:00:26.6498268+08:00"&#xD;
[xUnit.net 00:00:15.53]       2025-08-22 05:00:27.653 +08:00 [INF] DESKTOP-J6M8022 34864/13 SystemMonitor.Service.Worker Worker running at: "2025-08-22T05:00:27.6536723+08:00"&#xD;
[xUnit.net 00:00:15.53]       2025-08-22 05:00:28.104 +08:00 [INF] DESKTOP-J6M8022 34864/13 SystemMonitor.Service.Services.RpcHostedService 客户端已连接&#xD;
[xUnit.net 00:00:15.53]       2025-08-22 05:00:28.104 +08:00 [INF] DESKTOP-J6M8022 34864/13 SystemMonitor.Service.Services.RpcHostedService 客户端会话建立: conn="58087a9a-4fe9-4ab7-893a-962c7c34de4d"&#xD;
[xUnit.net 00:00:15.53]       2025-08-22 05:00:28.108 +08:00 [INF] DESKTOP-J6M8022 34864/10 SystemMonitor.Service.Services.RpcHostedService 客户端断开：已达到流的结尾。 conn="58087a9a-4fe9-4ab7-893a-962c7c34de4d"&#xD;
[xUnit.net 00:00:15.53]       2025-08-22 05:00:28.658 +08:00 [INF] DESKTOP-J6M8022 34864/10 SystemMonitor.Service.Worker Worker running at: "2025-08-22T05:00:28.6580477+08:00"&#xD;
[xUnit.net 00:00:15.53]       2025-08-22 05:00:29.667 +08:00 [INF] DESKTOP-J6M8022 34864/10 SystemMonitor.Service.Worker Worker running at: "2025-08-22T05:00:29.6670246+08:00"&#xD;
[xUnit.net 00:00:15.53]       2025-08-22 05:00:30.671 +08:00 [INF] DESKTOP-J6M8022 34864/11 SystemMonitor.Service.Worker Worker running at: "2025-08-22T05:00:30.6718324+08:00"&#xD;
[xUnit.net 00:00:15.53]       2025-08-22 05:00:31.677 +08:00 [INF] DESKTOP-J6M8022 34864/11 SystemMonitor.Service.Worker Worker running at: "2025-08-22T05:00:31.6773257+08:00"&#xD;
[xUnit.net 00:00:15.53]       2025-08-22 05:00:32.687 +08:00 [INF] DESKTOP-J6M8022 34864/8 SystemMonitor.Service.Worker Worker running at: "2025-08-22T05:00:32.6879602+08:00"&#xD;
[xUnit.net 00:00:15.53]       2025-08-22 05:00:33.104 +08:00 [INF] DESKTOP-J6M8022 34864/11 SystemMonitor.Service.Services.RpcHostedService 客户端已连接&#xD;
[xUnit.net 00:00:15.53]       2025-08-22 05:00:33.104 +08:00 [INF] DESKTOP-J6M8022 34864/11 SystemMonitor.Service.Services.RpcHostedService 客户端会话建立: conn="f2efc72f-7360-4d95-8499-7acad765c432"&#xD;
[xUnit.net 00:00:15.53]       2025-08-22 05:00:33.107 +08:00 [INF] DESKTOP-J6M8022 34864/11 SystemMonitor.Service.Services.RpcHostedService 客户端断开：已达到流的结尾。 conn="f2efc72f-7360-4d95-8499-7acad765c432"&#xD;
[xUnit.net 00:00:15.53]       2025-08-22 05:00:33.703 +08:00 [INF] DESKTOP-J6M8022 34864/8 SystemMonitor.Service.Worker Worker running at: "2025-08-22T05:00:33.7031716+08:00"&#xD;
[xUnit.net 00:00:15.53]       2025-08-22 05:00:34.705 +08:00 [INF] DESKTOP-J6M8022 34864/13 SystemMonitor.Service.Worker Worker running at: "2025-08-22T05:00:34.7053006+08:00"&#xD;
[xUnit.net 00:00:15.53]       2025-08-22 05:00:35.716 +08:00 [INF] DESKTOP-J6M8022 34864/11 SystemMonitor.Service.Worker Worker running at: "2025-08-22T05:00:35.7161477+08:00"&#xD;
[xUnit.net 00:00:15.53]       2025-08-22 05:00:36.721 +08:00 [INF] DESKTOP-J6M8022 34864/12 SystemMonitor.Service.Worker Worker running at: "2025-08-22T05:00:36.7213935+08:00"&#xD;
[xUnit.net 00:00:15.53]       2025-08-22 05:00:37.725 +08:00 [INF] DESKTOP-J6M8022 34864/12 SystemMonitor.Service.Worker Worker running at: "2025-08-22T05:00:37.7251514+08:00"&#xD;
[xUnit.net 00:00:15.53]       2025-08-22 05:00:38.118 +08:00 [INF] DESKTOP-J6M8022 34864/13 SystemMonitor.Service.Services.RpcHostedService 客户端已连接&#xD;
[xUnit.net 00:00:15.53]       2025-08-22 05:00:38.118 +08:00 [INF] DESKTOP-J6M8022 34864/13 SystemMonitor.Service.Services.RpcHostedService 客户端会话建立: conn="b439ecab-ffb2-4843-8f54-1844ad704c06"&#xD;
[xUnit.net 00:00:15.53]       2025-08-22 05:00:38.121 +08:00 [INF] DESKTOP-J6M8022 34864/13 SystemMonitor.Service.Services.RpcHostedService 客户端断开：已达到流的结尾。 conn="b439ecab-ffb2-4843-8f54-1844ad704c06"&#xD;
[xUnit.net 00:00:15.53]       2025-08-22 05:00:38.725 +08:00 [INF] DESKTOP-J6M8022 34864/8 SystemMonitor.Service.Worker Worker running at: "2025-08-22T05:00:38.7259519+08:00"&#xD;
[xUnit.net 00:00:15.53]       2025-08-22 05:00:39.740 +08:00 [INF] DESKTOP-J6M8022 34864/11 SystemMonitor.Service.Worker Worker running at: "2025-08-22T05:00:39.7403082+08:00"&#xD;
[xUnit.net 00:00:15.53]       2025-08-22 05:00:40.742 +08:00 [INF] DESKTOP-J6M8022 34864/11 SystemMonitor.Service.Worker Worker running at: "2025-08-22T05:00:40.7425737+08:00"&#xD;
[xUnit.net 00:00:15.53]       2025-08-22 05:00:41.745 +08:00 [INF] DESKTOP-J6M8022 34864/13 SystemMonitor.Service.Worker Worker running at: "2025-08-22T05:00:41.7451229+08:00"&#xD;
[xUnit.net 00:00:15.53]       2025-08-22 05:00:42.751 +08:00 [INF] DESKTOP-J6M8022 34864/11 SystemMonitor.Service.Worker Worker running at: "2025-08-22T05:00:42.7515665+08:00"&#xD;
[xUnit.net 00:00:15.53]       2025-08-22 05:00:43.110 +08:00 [INF] DESKTOP-J6M8022 34864/14 SystemMonitor.Service.Services.RpcHostedService 客户端已连接&#xD;
[xUnit.net 00:00:15.53]       2025-08-22 05:00:43.110 +08:00 [INF] DESKTOP-J6M8022 34864/14 SystemMonitor.Service.Services.RpcHostedService 客户端会话建立: conn="ec82b613-da05-4264-84fe-3fb03c945d2f"&#xD;
[xUnit.net 00:00:15.53]       2025-08-22 05:00:43.120 +08:00 [INF] DESKTOP-J6M8022 34864/9 SystemMonitor.Service.Services.RpcHostedService 客户端断开：已达到流的结尾。 conn="ec82b613-da05-4264-84fe-3fb03c945d2f"&#xD;
[xUnit.net 00:00:15.53]       2025-08-22 05:00:43.389 +08:00 [INF] DESKTOP-J6M8022 34864/13 SystemMonitor.Service.Services.RpcHostedService 客户端已连接&#xD;
[xUnit.net 00:00:15.53]       2025-08-22 05:00:43.389 +08:00 [INF] DESKTOP-J6M8022 34864/13 SystemMonitor.Service.Services.RpcHostedService 客户端会话建立: conn="2f7dc9d3-2402-4294-ba61-bc663df8cf82"&#xD;
[xUnit.net 00:00:15.53]       2025-08-22 05:00:43.398 +08:00 [INF] DESKTOP-J6M8022 34864/13 SystemMonitor.Service.Services.RpcHostedService snapshot called, modules=*&#xD;
[xUnit.net 00:00:15.53]       2025-08-22 05:00:43.407 +08:00 [INF] DESKTOP-J6M8022 34864/13 SystemMonitor.Service.Services.RpcHostedService 客户端断开：已达到流的结尾。 conn="2f7dc9d3-2402-4294-ba61-bc663df8cf82"&#xD;
[xUnit.net 00:00:15.53]       2025-08-22 05:00:43.756 +08:00 [INF] DESKTOP-J6M8022 34864/13 SystemMonitor.Service.Worker Worker running at: "2025-08-22T05:00:43.7565234+08:00"&#xD;
[xUnit.net 00:00:15.53]       2025-08-22 05:00:44.757 +08:00 [INF] DESKTOP-J6M8022 34864/11 SystemMonitor.Service.Worker Worker running at: "2025-08-22T05:00:44.7577675+08:00"&#xD;
[xUnit.net 00:00:15.53]       2025-08-22 05:00:45.762 +08:00 [INF] DESKTOP-J6M8022 34864/11 SystemMonitor.Service.Worker Worker running at: "2025-08-22T05:00:45.7627674+08:00"&#xD;
[xUnit.net 00:00:15.53]       2025-08-22 05:00:46.772 +08:00 [INF] DESKTOP-J6M8022 34864/11 SystemMonitor.Service.Worker Worker running at: "2025-08-22T05:00:46.7724296+08:00"&#xD;
[xUnit.net 00:00:15.53]       2025-08-22 05:00:47.772 +08:00 [INF] DESKTOP-J6M8022 34864/11 SystemMonitor.Service.Worker Worker running at: "2025-08-22T05:00:47.7724414+08:00"&#xD;
[xUnit.net 00:00:15.53]       2025-08-22 05:00:48.113 +08:00 [INF] DESKTOP-J6M8022 34864/11 SystemMonitor.Service.Services.RpcHostedService 客户端已连接&#xD;
[xUnit.net 00:00:15.53]       2025-08-22 05:00:48.113 +08:00 [INF] DESKTOP-J6M8022 34864/11 SystemMonitor.Service.Services.RpcHostedService 客户端会话建立: conn="0b57ec2b-be63-49bb-9b61-b642d4a6bad8"&#xD;
[xUnit.net 00:00:15.53]       2025-08-22 05:00:48.118 +08:00 [INF] DESKTOP-J6M8022 34864/11 SystemMonitor.Service.Services.RpcHostedService 客户端断开：已达到流的结尾。 conn="0b57ec2b-be63-49bb-9b61-b642d4a6bad8"&#xD;
[xUnit.net 00:00:15.53]       2025-08-22 05:00:48.786 +08:00 [INF] DESKTOP-J6M8022 34864/14 SystemMonitor.Service.Worker Worker running at: "2025-08-22T05:00:48.7861767+08:00"&#xD;
[xUnit.net 00:00:15.53]       2025-08-22 05:00:49.797 +08:00 [INF] DESKTOP-J6M8022 34864/14 SystemMonitor.Service.Worker Worker running at: "2025-08-22T05:00:49.7971060+08:00"&#xD;
[xUnit.net 00:00:15.53]       2025-08-22 05:00:50.810 +08:00 [INF] DESKTOP-J6M8022 34864/14 SystemMonitor.Service.Worker Worker running at: "2025-08-22T05:00:50.8103703+08:00"&#xD;
[xUnit.net 00:00:15.53]       2025-08-22 05:00:51.819 +08:00 [INF] DESKTOP-J6M8022 34864/14 SystemMonitor.Service.Worker Worker running at: "2025-08-22T05:00:51.8191149+08:00"&#xD;
[xUnit.net 00:00:15.53]       2025-08-22 05:00:52.832 +08:00 [INF] DESKTOP-J6M8022 34864/14 SystemMonitor.Service.Worker Worker running at: "2025-08-22T05:00:52.8322629+08:00"&#xD;
[xUnit.net 00:00:15.53]       2025-08-22 05:00:53.102 +08:00 [INF] DESKTOP-J6M8022 34864/14 SystemMonitor.Service.Services.RpcHostedService 客户端已连接&#xD;
[xUnit.net 00:00:15.53]       2025-08-22 05:00:53.102 +08:00 [INF] DESKTOP-J6M8022 34864/14 SystemMonitor.Service.Services.RpcHostedService 客户端会话建立: conn="a1d8b427-d708-44e2-9952-15a5a936e6af"&#xD;
[xUnit.net 00:00:15.53]       2025-08-22 05:00:53.105 +08:00 [INF] DESKTOP-J6M8022 34864/13 SystemMonitor.Service.Services.RpcHostedService 客户端断开：已达到流的结尾。 conn="a1d8b427-d708-44e2-9952-15a5a936e6af"&#xD;
[xUnit.net 00:00:15.53]       2025-08-22 05:00:53.839 +08:00 [INF] DESKTOP-J6M8022 34864/9 SystemMonitor.Service.Worker Worker running at: "2025-08-22T05:00:53.8390210+08:00"&#xD;
[xUnit.net 00:00:15.53]       2025-08-22 05:00:54.844 +08:00 [INF] DESKTOP-J6M8022 34864/9 SystemMonitor.Service.Worker Worker running at: "2025-08-22T05:00:54.8440332+08:00"&#xD;
[xUnit.net 00:00:15.53]       2025-08-22 05:00:55.849 +08:00 [INF] DESKTOP-J6M8022 34864/14 SystemMonitor.Service.Worker Worker running at: "2025-08-22T05:00:55.8498931+08:00"&#xD;
[xUnit.net 00:00:15.53]       2025-08-22 05:00:56.855 +08:00 [INF] DESKTOP-J6M8022 34864/12 SystemMonitor.Service.Worker Worker running at: "2025-08-22T05:00:56.8554623+08:00"&#xD;
[xUnit.net 00:00:15.53]       2025-08-22 05:00:57.861 +08:00 [INF] DESKTOP-J6M8022 34864/12 SystemMonitor.Service.Worker Worker running at: "2025-08-22T05:00:57.8610329+08:00"&#xD;
[xUnit.net 00:00:15.53]       2025-08-22 05:00:58.111 +08:00 [INF] DESKTOP-J6M8022 34864/8 SystemMonitor.Service.Services.RpcHostedService 客户端已连接&#xD;
[xUnit.net 00:00:15.53]       2025-08-22 05:00:58.111 +08:00 [INF] DESKTOP-J6M8022 34864/8 SystemMonitor.Service.Services.RpcHostedService 客户端会话建立: conn="667ed3f1-bd30-41e0-92ff-80608571c1ce"&#xD;
[xUnit.net 00:00:15.53]       2025-08-22 05:00:58.116 +08:00 [INF] DESKTOP-J6M8022 34864/12 SystemMonitor.Service.Services.RpcHostedService 客户端断开：已达到流的结尾。 conn="667ed3f1-bd30-41e0-92ff-80608571c1ce"&#xD;
[xUnit.net 00:00:15.53]       2025-08-22 05:00:58.863 +08:00 [INF] DESKTOP-J6M8022 34864/8 SystemMonitor.Service.Worker Worker running at: "2025-08-22T05:00:58.8635685+08:00"&#xD;
[xUnit.net 00:00:15.53]       2025-08-22 05:00:59.864 +08:00 [INF] DESKTOP-J6M8022 34864/13 SystemMonitor.Service.Worker Worker running at: "2025-08-22T05:00:59.8639948+08:00"&#xD;
[xUnit.net 00:00:15.53]       2025-08-22 05:01:00.871 +08:00 [INF] DESKTOP-J6M8022 34864/8 SystemMonitor.Service.Worker Worker running at: "2025-08-22T05:01:00.8711317+08:00"&#xD;
[xUnit.net 00:00:15.53]       2025-08-22 05:01:01.872 +08:00 [INF] DESKTOP-J6M8022 34864/8 SystemMonitor.Service.Worker Worker running at: "2025-08-22T05:01:01.8723849+08:00"&#xD;
[xUnit.net 00:00:15.53]       2025-08-22 05:01:02.874 +08:00 [INF] DESKTOP-J6M8022 34864/13 SystemMonitor.Service.Worker Worker running at: "2025-08-22T05:01:02.8742125+08:00"&#xD;
[xUnit.net 00:00:15.53]       2025-08-22 05:01:03.109 +08:00 [INF] DESKTOP-J6M8022 34864/13 SystemMonitor.Service.Services.RpcHostedService 客户端已连接&#xD;
[xUnit.net 00:00:15.53]       2025-08-22 05:01:03.109 +08:00 [INF] DESKTOP-J6M8022 34864/13 SystemMonitor.Service.Services.RpcHostedService 客户端会话建立: conn="6f7008b5-fb8e-492a-bb7e-9769bc95aca3"&#xD;
[xUnit.net 00:00:15.53]       2025-08-22 05:01:03.113 +08:00 [INF] DESKTOP-J6M8022 34864/13 SystemMonitor.Service.Services.RpcHostedService 客户端断开：已达到流的结尾。 conn="6f7008b5-fb8e-492a-bb7e-9769bc95aca3"&#xD;
[xUnit.net 00:00:15.53]       2025-08-22 05:01:03.878 +08:00 [INF] DESKTOP-J6M8022 34864/9 SystemMonitor.Service.Worker Worker running at: "2025-08-22T05:01:03.8780156+08:00"&#xD;
[xUnit.net 00:00:15.53]       2025-08-22 05:01:04.882 +08:00 [INF] DESKTOP-J6M8022 34864/9 SystemMonitor.Service.Worker Worker running at: "2025-08-22T05:01:04.8824276+08:00"&#xD;
[xUnit.net 00:00:15.53]       2025-08-22 05:01:05.888 +08:00 [INF] DESKTOP-J6M8022 34864/9 SystemMonitor.Service.Worker Worker running at: "2025-08-22T05:01:05.8884444+08:00"&#xD;
[xUnit.net 00:00:15.53]       2025-08-22 05:01:06.898 +08:00 [INF] DESKTOP-J6M8022 34864/13 SystemMonitor.Service.Worker Worker running at: "2025-08-22T05:01:06.8980438+08:00"&#xD;
[xUnit.net 00:00:15.53]       2025-08-22 05:01:07.902 +08:00 [INF] DESKTOP-J6M8022 34864/12 SystemMonitor.Service.Worker Worker running at: "2025-08-22T05:01:07.9022915+08:00"&#xD;
[xUnit.net 00:00:15.53]       2025-08-22 05:01:08.106 +08:00 [INF] DESKTOP-J6M8022 34864/12 SystemMonitor.Service.Services.RpcHostedService 客户端已连接&#xD;
[xUnit.net 00:00:15.53]       2025-08-22 05:01:08.106 +08:00 [INF] DESKTOP-J6M8022 34864/12 SystemMonitor.Service.Services.RpcHostedService 客户端会话建立: conn="57e57623-52be-4bde-b1c7-694c9251d418"&#xD;
[xUnit.net 00:00:15.53]       2025-08-22 05:01:08.111 +08:00 [INF] DESKTOP-J6M8022 34864/14 SystemMonitor.Service.Services.RpcHostedService 客户端断开：已达到流的结尾。 conn="57e57623-52be-4bde-b1c7-694c9251d418"&#xD;
[xUnit.net 00:00:15.53]       2025-08-22 05:01:08.904 +08:00 [INF] DESKTOP-J6M8022 34864/13 SystemMonitor.Service.Worker Worker running at: "2025-08-22T05:01:08.9045942+08:00"&#xD;
[xUnit.net 00:00:15.53]       2025-08-22 05:01:09.905 +08:00 [INF] DESKTOP-J6M8022 34864/12 SystemMonitor.Service.Worker Worker running at: "2025-08-22T05:01:09.9059497+08:00"&#xD;
[xUnit.net 00:00:15.53]       2025-08-22 05:01:10.910 +08:00 [INF] DESKTOP-J6M8022 34864/8 SystemMonitor.Service.Worker Worker running at: "2025-08-22T05:01:10.9104565+08:00"&#xD;
[xUnit.net 00:00:15.53]       2025-08-22 05:01:11.913 +08:00 [INF] DESKTOP-J6M8022 34864/12 SystemMonitor.Service.Worker Worker running at: "2025-08-22T05:01:11.9132884+08:00"&#xD;
[xUnit.net 00:00:15.53]       2025-08-22 05:01:12.917 +08:00 [INF] DESKTOP-J6M8022 34864/8 SystemMonitor.Service.Worker Worker running at: "2025-08-22T05:01:12.9173706+08:00"&#xD;
[xUnit.net 00:00:15.53]       2025-08-22 05:01:13.103 +08:00 [INF] DESKTOP-J6M8022 34864/8 SystemMonitor.Service.Services.RpcHostedService 客户端已连接&#xD;
[xUnit.net 00:00:15.53]       2025-08-22 05:01:13.103 +08:00 [INF] DESKTOP-J6M8022 34864/8 SystemMonitor.Service.Services.RpcHostedService 客户端会话建立: conn="8c8ff938-4ec2-4b63-94b8-07d74318db55"&#xD;
[xUnit.net 00:00:15.53]       2025-08-22 05:01:13.107 +08:00 [INF] DESKTOP-J6M8022 34864/12 SystemMonitor.Service.Services.RpcHostedService 客户端断开：已达到流的结尾。 conn="8c8ff938-4ec2-4b63-94b8-07d74318db55"&#xD;
[xUnit.net 00:00:15.53]       2025-08-22 05:01:13.395 +08:00 [INF] DESKTOP-J6M8022 34864/8 SystemMonitor.Service.Services.RpcHostedService 客户端已连接&#xD;
[xUnit.net 00:00:15.53]       2025-08-22 05:01:13.395 +08:00 [INF] DESKTOP-J6M8022 34864/8 SystemMonitor.Service.Services.RpcHostedService 客户端会话建立: conn="0d0e45ce-49cf-483b-8035-5df65c66b336"&#xD;
[xUnit.net 00:00:15.53]       2025-08-22 05:01:13.409 +08:00 [INF] DESKTOP-J6M8022 34864/8 SystemMonitor.Service.Services.RpcHostedService snapshot called, modules=*&#xD;
[xUnit.net 00:00:15.53]       2025-08-22 05:01:13.415 +08:00 [INF] DESKTOP-J6M8022 34864/12 SystemMonitor.Service.Services.RpcHostedService 客户端断开：已达到流的结尾。 conn="0d0e45ce-49cf-483b-8035-5df65c66b336"&#xD;
[xUnit.net 00:00:15.53]       2025-08-22 05:01:13.923 +08:00 [INF] DESKTOP-J6M8022 34864/14 SystemMonitor.Service.Worker Worker running at: "2025-08-22T05:01:13.9232807+08:00"&#xD;
[xUnit.net 00:00:15.53]       2025-08-22 05:01:14.929 +08:00 [INF] DESKTOP-J6M8022 34864/12 SystemMonitor.Service.Worker Worker running at: "2025-08-22T05:01:14.9292827+08:00"&#xD;
[xUnit.net 00:00:15.53]       2025-08-22 05:01:15.932 +08:00 [INF] DESKTOP-J6M8022 34864/8 SystemMonitor.Service.Worker Worker running at: "2025-08-22T05:01:15.9326500+08:00"&#xD;
[xUnit.net 00:00:15.53]       2025-08-22 05:01:16.939 +08:00 [INF] DESKTOP-J6M8022 34864/14 SystemMonitor.Service.Worker Worker running at: "2025-08-22T05:01:16.9393680+08:00"&#xD;
[xUnit.net 00:00:15.53]       2025-08-22 05:01:17.943 +08:00 [INF] DESKTOP-J6M8022 34864/8 SystemMonitor.Service.Worker Worker running at: "2025-08-22T05:01:17.9432416+08:00"&#xD;
[xUnit.net 00:00:15.53]       2025-08-22 05:01:18.116 +08:00 [INF] DESKTOP-J6M8022 34864/8 SystemMonitor.Service.Services.RpcHostedService 客户端已连接&#xD;
[xUnit.net 00:00:15.53]       2025-08-22 05:01:18.116 +08:00 [INF] DESKTOP-J6M8022 34864/8 SystemMonitor.Service.Services.RpcHostedService 客户端会话建立: conn="4caa660b-18e4-4979-bebe-31bdd3b07642"&#xD;
[xUnit.net 00:00:15.53]       2025-08-22 05:01:18.119 +08:00 [INF] DESKTOP-J6M8022 34864/12 SystemMonitor.Service.Services.RpcHostedService 客户端断开：已达到流的结尾。 conn="4caa660b-18e4-4979-bebe-31bdd3b07642"&#xD;
[xUnit.net 00:00:15.53]       2025-08-22 05:01:18.947 +08:00 [INF] DESKTOP-J6M8022 34864/8 SystemMonitor.Service.Worker Worker running at: "2025-08-22T05:01:18.9470563+08:00"&#xD;
[xUnit.net 00:00:15.53]       2025-08-22 05:01:19.950 +08:00 [INF] DESKTOP-J6M8022 34864/8 SystemMonitor.Service.Worker Worker running at: "2025-08-22T05:01:19.9501774+08:00"&#xD;
[xUnit.net 00:00:15.53]       2025-08-22 05:01:20.958 +08:00 [INF] DESKTOP-J6M8022 34864/8 SystemMonitor.Service.Worker Worker running at: "2025-08-22T05:01:20.9579718+08:00"&#xD;
[xUnit.net 00:00:15.53]       2025-08-22 05:01:21.959 +08:00 [INF] DESKTOP-J6M8022 34864/14 SystemMonitor.Service.Worker Worker running at: "2025-08-22T05:01:21.9594726+08:00"&#xD;
[xUnit.net 00:00:15.53]       2025-08-22 05:01:22.963 +08:00 [INF] DESKTOP-J6M8022 34864/8 SystemMonitor.Service.Worker Worker running at: "2025-08-22T05:01:22.9634519+08:00"&#xD;
[xUnit.net 00:00:15.53]       2025-08-22 05:01:23.105 +08:00 [INF] DESKTOP-J6M8022 34864/8 SystemMonitor.Service.Services.RpcHostedService 客户端已连接&#xD;
[xUnit.net 00:00:15.53]       2025-08-22 05:01:23.105 +08:00 [INF] DESKTOP-J6M8022 34864/8 SystemMonitor.Service.Services.RpcHostedService 客户端会话建立: conn="8639769c-80fa-407f-b9a9-4050afd76198"&#xD;
[xUnit.net 00:00:15.53]       2025-08-22 05:01:23.107 +08:00 [INF] DESKTOP-J6M8022 34864/14 SystemMonitor.Service.Services.RpcHostedService 客户端断开：已达到流的结尾。 conn="8639769c-80fa-407f-b9a9-4050afd76198"&#xD;
[xUnit.net 00:00:15.53]       2025-08-22 05:01:23.971 +08:00 [INF] DESKTOP-J6M8022 34864/11 SystemMonitor.Service.Worker Worker running at: "2025-08-22T05:01:23.9715344+08:00"&#xD;
[xUnit.net 00:00:15.53]       2025-08-22 05:01:24.982 +08:00 [INF] DESKTOP-J6M8022 34864/11 SystemMonitor.Service.Worker Worker running at: "2025-08-22T05:01:24.9819615+08:00"&#xD;
[xUnit.net 00:00:15.53]       2025-08-22 05:01:25.994 +08:00 [INF] DESKTOP-J6M8022 34864/11 SystemMonitor.Service.Worker Worker running at: "2025-08-22T05:01:25.9941989+08:00"&#xD;
[xUnit.net 00:00:15.53]       2025-08-22 05:01:26.999 +08:00 [INF] DESKTOP-J6M8022 34864/8 SystemMonitor.Service.Worker Worker running at: "2025-08-22T05:01:26.9999359+08:00"&#xD;
[xUnit.net 00:00:15.53]       2025-08-22 05:01:28.013 +08:00 [INF] DESKTOP-J6M8022 34864/11 SystemMonitor.Service.Worker Worker running at: "2025-08-22T05:01:28.0133025+08:00"&#xD;
[xUnit.net 00:00:15.53]       2025-08-22 05:01:28.109 +08:00 [INF] DESKTOP-J6M8022 34864/11 SystemMonitor.Service.Services.RpcHostedService 客户端已连接&#xD;
[xUnit.net 00:00:15.53]       2025-08-22 05:01:28.109 +08:00 [INF] DESKTOP-J6M8022 34864/11 SystemMonitor.Service.Services.RpcHostedService 客户端会话建立: conn="fda2e581-c0a4-4aa4-a5e0-11787ca179bd"&#xD;
[xUnit.net 00:00:15.53]       2025-08-22 05:01:28.112 +08:00 [INF] DESKTOP-J6M8022 34864/11 SystemMonitor.Service.Services.RpcHostedService 客户端断开：已达到流的结尾。 conn="fda2e581-c0a4-4aa4-a5e0-11787ca179bd"&#xD;
[xUnit.net 00:00:15.53]       2025-08-22 05:01:29.018 +08:00 [INF] DESKTOP-J6M8022 34864/11 SystemMonitor.Service.Worker Worker running at: "2025-08-22T05:01:29.0183364+08:00"&#xD;
[xUnit.net 00:00:15.53]       2025-08-22 05:01:30.019 +08:00 [INF] DESKTOP-J6M8022 34864/8 SystemMonitor.Service.Worker Worker running at: "2025-08-22T05:01:30.0195935+08:00"&#xD;
[xUnit.net 00:00:15.53]       2025-08-22 05:01:31.026 +08:00 [INF] DESKTOP-J6M8022 34864/8 SystemMonitor.Service.Worker Worker running at: "2025-08-22T05:01:31.0262398+08:00"&#xD;
[xUnit.net 00:00:15.53]       2025-08-22 05:01:32.031 +08:00 [INF] DESKTOP-J6M8022 34864/12 SystemMonitor.Service.Worker Worker running at: "2025-08-22T05:01:32.0310132+08:00"&#xD;
[xUnit.net 00:00:15.53]       2025-08-22 05:01:33.035 +08:00 [INF] DESKTOP-J6M8022 34864/12 SystemMonitor.Service.Worker Worker running at: "2025-08-22T05:01:33.0357910+08:00"&#xD;
[xUnit.net 00:00:15.53]       2025-08-22 05:01:33.116 +08:00 [INF] DESKTOP-J6M8022 34864/12 SystemMonitor.Service.Services.RpcHostedService 客户端已连接&#xD;
[xUnit.net 00:00:15.53]       2025-08-22 05:01:33.116 +08:00 [INF] DESKTOP-J6M8022 34864/12 SystemMonitor.Service.Services.RpcHostedService 客户端会话建立: conn="34e1094f-2d5d-4eb2-b05a-37c0e40cc011"&#xD;
[xUnit.net 00:00:15.53]       2025-08-22 05:01:33.119 +08:00 [INF] DESKTOP-J6M8022 34864/8 SystemMonitor.Service.Services.RpcHostedService 客户端断开：已达到流的结尾。 conn="34e1094f-2d5d-4eb2-b05a-37c0e40cc011"&#xD;
[xUnit.net 00:00:15.53]       2025-08-22 05:01:34.041 +08:00 [INF] DESKTOP-J6M8022 34864/8 SystemMonitor.Service.Worker Worker running at: "2025-08-22T05:01:34.0416262+08:00"&#xD;
[xUnit.net 00:00:15.53]       2025-08-22 05:01:35.045 +08:00 [INF] DESKTOP-J6M8022 34864/8 SystemMonitor.Service.Worker Worker running at: "2025-08-22T05:01:35.0457088+08:00"&#xD;
[xUnit.net 00:00:15.53]       2025-08-22 05:01:36.047 +08:00 [INF] DESKTOP-J6M8022 34864/12 SystemMonitor.Service.Worker Worker running at: "2025-08-22T05:01:36.0479378+08:00"&#xD;
[xUnit.net 00:00:15.53]       2025-08-22 05:01:37.050 +08:00 [INF] DESKTOP-J6M8022 34864/12 SystemMonitor.Service.Worker Worker running at: "2025-08-22T05:01:37.0504892+08:00"&#xD;
[xUnit.net 00:00:15.53]       2025-08-22 05:01:38.061 +08:00 [INF] DESKTOP-J6M8022 34864/14 SystemMonitor.Service.Worker Worker running at: "2025-08-22T05:01:38.0614429+08:00"&#xD;
[xUnit.net 00:00:15.53]       2025-08-22 05:01:38.110 +08:00 [INF] DESKTOP-J6M8022 34864/12 SystemMonitor.Service.Services.RpcHostedService 客户端已连接&#xD;
[xUnit.net 00:00:15.53]       2025-08-22 05:01:38.110 +08:00 [INF] DESKTOP-J6M8022 34864/12 SystemMonitor.Service.Services.RpcHostedService 客户端会话建立: conn="06117a62-6040-4241-9927-358af4226d43"&#xD;
[xUnit.net 00:00:15.53]       2025-08-22 05:01:38.113 +08:00 [INF] DESKTOP-J6M8022 34864/14 SystemMonitor.Service.Services.RpcHostedService 客户端断开：已达到流的结尾。 conn="06117a62-6040-4241-9927-358af4226d43"&#xD;
[xUnit.net 00:00:15.53]       2025-08-22 05:01:39.064 +08:00 [INF] DESKTOP-J6M8022 34864/14 SystemMonitor.Service.Worker Worker running at: "2025-08-22T05:01:39.0644324+08:00"&#xD;
[xUnit.net 00:00:15.53]       2025-08-22 05:01:40.069 +08:00 [INF] DESKTOP-J6M8022 34864/8 SystemMonitor.Service.Worker Worker running at: "2025-08-22T05:01:40.0698228+08:00"&#xD;
[xUnit.net 00:00:15.53]       2025-08-22 05:01:41.072 +08:00 [INF] DESKTOP-J6M8022 34864/8 SystemMonitor.Service.Worker Worker running at: "2025-08-22T05:01:41.0721700+08:00"&#xD;
[xUnit.net 00:00:15.53]       2025-08-22 05:01:42.086 +08:00 [INF] DESKTOP-J6M8022 34864/11 SystemMonitor.Service.Worker Worker running at: "2025-08-22T05:01:42.0860513+08:00"&#xD;
[xUnit.net 00:00:15.53]       2025-08-22 05:01:43.101 +08:00 [INF] DESKTOP-J6M8022 34864/8 SystemMonitor.Service.Worker Worker running at: "2025-08-22T05:01:43.1011436+08:00"&#xD;
[xUnit.net 00:00:15.53]       2025-08-22 05:01:43.105 +08:00 [INF] DESKTOP-J6M8022 34864/9 SystemMonitor.Service.Services.RpcHostedService 客户端已连接&#xD;
[xUnit.net 00:00:15.53]       2025-08-22 05:01:43.105 +08:00 [INF] DESKTOP-J6M8022 34864/9 SystemMonitor.Service.Services.RpcHostedService 客户端会话建立: conn="860b5ccb-a321-4101-b6d7-ba8cfd17c2fa"&#xD;
[xUnit.net 00:00:15.53]       2025-08-22 05:01:43.109 +08:00 [INF] DESKTOP-J6M8022 34864/8 SystemMonitor.Service.Services.RpcHostedService 客户端断开：已达到流的结尾。 conn="860b5ccb-a321-4101-b6d7-ba8cfd17c2fa"&#xD;
[xUnit.net 00:00:15.53]       2025-08-22 05:01:43.386 +08:00 [INF] DESKTOP-J6M8022 34864/11 SystemMonitor.Service.Services.RpcHostedService 客户端已连接&#xD;
[xUnit.net 00:00:15.53]       2025-08-22 05:01:43.386 +08:00 [INF] DESKTOP-J6M8022 34864/11 SystemMonitor.Service.Services.RpcHostedService 客户端会话建立: conn="7103465a-6b36-49d0-b971-0765ff27b367"&#xD;
[xUnit.net 00:00:15.53]       2025-08-22 05:01:43.387 +08:00 [INF] DESKTOP-J6M8022 34864/11 SystemMonitor.Service.Services.RpcHostedService snapshot called, modules=*&#xD;
[xUnit.net 00:00:15.53]       2025-08-22 05:01:43.394 +08:00 [INF] DESKTOP-J6M8022 34864/14 SystemMonitor.Service.Services.RpcHostedService 客户端断开：已达到流的结尾。 conn="7103465a-6b36-49d0-b971-0765ff27b367"&#xD;
[xUnit.net 00:00:15.53]       2025-08-22 05:01:44.107 +08:00 [INF] DESKTOP-J6M8022 34864/11 SystemMonitor.Service.Worker Worker running at: "2025-08-22T05:01:44.1078485+08:00"&#xD;
[xUnit.net 00:00:15.53]       2025-08-22 05:01:45.116 +08:00 [INF] DESKTOP-J6M8022 34864/8 SystemMonitor.Service.Worker Worker running at: "2025-08-22T05:01:45.1165225+08:00"&#xD;
[xUnit.net 00:00:15.53]       2025-08-22 05:01:46.125 +08:00 [INF] DESKTOP-J6M8022 34864/8 SystemMonitor.Service.Worker Worker running at: "2025-08-22T05:01:46.1259467+08:00"&#xD;
[xUnit.net 00:00:15.53]       2025-08-22 05:01:47.131 +08:00 [INF] DESKTOP-J6M8022 34864/8 SystemMonitor.Service.Worker Worker running at: "2025-08-22T05:01:47.1319177+08:00"&#xD;
[xUnit.net 00:00:15.53]       2025-08-22 05:01:48.110 +08:00 [INF] DESKTOP-J6M8022 34864/9 SystemMonitor.Service.Services.RpcHostedService 客户端已连接&#xD;
[xUnit.net 00:00:15.53]       2025-08-22 05:01:48.111 +08:00 [INF] DESKTOP-J6M8022 34864/9 SystemMonitor.Service.Services.RpcHostedService 客户端会话建立: conn="dc929a0f-2511-48c2-b921-bb00e3b2d95e"&#xD;
[xUnit.net 00:00:15.53]       2025-08-22 05:01:48.113 +08:00 [INF] DESKTOP-J6M8022 34864/9 SystemMonitor.Service.Services.RpcHostedService 客户端断开：已达到流的结尾。 conn="dc929a0f-2511-48c2-b921-bb00e3b2d95e"&#xD;
[xUnit.net 00:00:15.53]       2025-08-22 05:01:48.139 +08:00 [INF] DESKTOP-J6M8022 34864/9 SystemMonitor.Service.Worker Worker running at: "2025-08-22T05:01:48.1397480+08:00"&#xD;
[xUnit.net 00:00:15.53]       2025-08-22 05:01:49.149 +08:00 [INF] DESKTOP-J6M8022 34864/9 SystemMonitor.Service.Worker Worker running at: "2025-08-22T05:01:49.1490602+08:00"&#xD;
[xUnit.net 00:00:15.53]       2025-08-22 05:01:50.156 +08:00 [INF] DESKTOP-J6M8022 34864/9 SystemMonitor.Service.Worker Worker running at: "2025-08-22T05:01:50.1565687+08:00"&#xD;
[xUnit.net 00:00:15.53]       2025-08-22 05:01:51.163 +08:00 [INF] DESKTOP-J6M8022 34864/8 SystemMonitor.Service.Worker Worker running at: "2025-08-22T05:01:51.1638742+08:00"&#xD;
[xUnit.net 00:00:15.53]       2025-08-22 05:01:52.175 +08:00 [INF] DESKTOP-J6M8022 34864/8 SystemMonitor.Service.Worker Worker running at: "2025-08-22T05:01:52.1751866+08:00"&#xD;
[xUnit.net 00:00:15.53]       2025-08-22 05:01:53.106 +08:00 [INF] DESKTOP-J6M8022 34864/8 SystemMonitor.Service.Services.RpcHostedService 客户端已连接&#xD;
[xUnit.net 00:00:15.53]       2025-08-22 05:01:53.106 +08:00 [INF] DESKTOP-J6M8022 34864/8 SystemMonitor.Service.Services.RpcHostedService 客户端会话建立: conn="cf08e297-f8bc-42e5-a912-8cdf3760d104"&#xD;
[xUnit.net 00:00:15.53]       2025-08-22 05:01:53.109 +08:00 [INF] DESKTOP-J6M8022 34864/14 SystemMonitor.Service.Services.RpcHostedService 客户端断开：已达到流的结尾。 conn="cf08e297-f8bc-42e5-a912-8cdf3760d104"&#xD;
[xUnit.net 00:00:15.53]       2025-08-22 05:01:53.183 +08:00 [INF] DESKTOP-J6M8022 34864/12 SystemMonitor.Service.Worker Worker running at: "2025-08-22T05:01:53.1832976+08:00"&#xD;
[xUnit.net 00:00:15.53]       2025-08-22 05:01:54.188 +08:00 [INF] DESKTOP-J6M8022 34864/12 SystemMonitor.Service.Worker Worker running at: "2025-08-22T05:01:54.1886519+08:00"&#xD;
[xUnit.net 00:00:15.53]       2025-08-22 05:01:55.189 +08:00 [INF] DESKTOP-J6M8022 34864/12 SystemMonitor.Service.Worker Worker running at: "2025-08-22T05:01:55.1890118+08:00"&#xD;
[xUnit.net 00:00:15.53]       2025-08-22 05:01:56.201 +08:00 [INF] DESKTOP-J6M8022 34864/14 SystemMonitor.Service.Worker Worker running at: "2025-08-22T05:01:56.2011712+08:00"&#xD;
[xUnit.net 00:00:15.53]       2025-08-22 05:01:57.203 +08:00 [INF] DESKTOP-J6M8022 34864/12 SystemMonitor.Service.Worker Worker running at: "2025-08-22T05:01:57.2030740+08:00"&#xD;
[xUnit.net 00:00:15.53]       2025-08-22 05:01:58.150 +08:00 [INF] DESKTOP-J6M8022 34864/11 SystemMonitor.Service.Services.RpcHostedService 客户端已连接&#xD;
[xUnit.net 00:00:15.53]       2025-08-22 05:01:58.150 +08:00 [INF] DESKTOP-J6M8022 34864/11 SystemMonitor.Service.Services.RpcHostedService 客户端会话建立: conn="12ea3cb9-6e37-4a78-8a02-17ba9963b724"&#xD;
[xUnit.net 00:00:15.53]       2025-08-22 05:01:58.164 +08:00 [INF] DESKTOP-J6M8022 34864/14 SystemMonitor.Service.Services.RpcHostedService 客户端断开：已达到流的结尾。 conn="12ea3cb9-6e37-4a78-8a02-17ba9963b724"&#xD;
[xUnit.net 00:00:15.53]       2025-08-22 05:01:58.220 +08:00 [INF] DESKTOP-J6M8022 34864/14 SystemMonitor.Service.Worker Worker running at: "2025-08-22T05:01:58.2204087+08:00"&#xD;
[xUnit.net 00:00:15.53]       2025-08-22 05:01:59.232 +08:00 [INF] DESKTOP-J6M8022 34864/11 SystemMonitor.Service.Worker Worker running at: "2025-08-22T05:01:59.2321592+08:00"&#xD;
[xUnit.net 00:00:15.53]       2025-08-22 05:02:00.236 +08:00 [INF] DESKTOP-J6M8022 34864/14 SystemMonitor.Service.Worker Worker running at: "2025-08-22T05:02:00.2367533+08:00"&#xD;
[xUnit.net 00:00:15.53]       2025-08-22 05:02:01.245 +08:00 [INF] DESKTOP-J6M8022 34864/11 SystemMonitor.Service.Worker Worker running at: "2025-08-22T05:02:01.2451701+08:00"&#xD;
[xUnit.net 00:00:15.53]       2025-08-22 05:02:02.255 +08:00 [INF] DESKTOP-J6M8022 34864/11 SystemMonitor.Service.Worker Worker running at: "2025-08-22T05:02:02.2559126+08:00"&#xD;
[xUnit.net 00:00:15.53]       Stack Trace:&#xD;
[xUnit.net 00:00:15.53]         C:\code\sys-sensor-v3\src\SystemMonitor.Tests\EndToEndTests.cs(151,0): at SystemMonitor.Tests.EndToEndTests.WaitPipeReadyAsync(TimeSpan timeout)&#xD;
[xUnit.net 00:00:15.53]         C:\code\sys-sensor-v3\src\SystemMonitor.Tests\EndToEndTests.cs(278,0): at SystemMonitor.Tests.EndToEndTests.InitializeAsync()&#xD;
[svc][out] 正在生成...&#xD;
[test][pipe-wait] last-win32=2 elapsed=0.0s&#xD;
[test][pipe-wait] last-win32=2 elapsed=0.2s&#xD;
[test][pipe-wait] last-win32=2 elapsed=0.4s&#xD;
[test][pipe-wait] last-win32=2 elapsed=0.6s&#xD;
[test][pipe-wait] last-win32=2 elapsed=0.8s&#xD;
[test][pipe-wait] last-win32=2 elapsed=1.0s&#xD;
[test][pipe-wait] last-win32=2 elapsed=1.2s&#xD;
[svc][out] C:\code\sys-sensor-v3\src\SystemMonitor.Service\Services\RpcHostedService.cs(201,31): error CS0103: 当前上下文中不存在名称“TryCreateCounter�?[C:\code\sys-sensor-v3\src\SystemMonitor.Service\SystemMonitor.Service.csproj]&#xD;
[svc][out] C:\code\sys-sensor-v3\src\SystemMonitor.Service\Services\RpcHostedService.cs(203,35): error CS0103: 当前上下文中不存在名称“TryCreateCounter�?[C:\code\sys-sensor-v3\src\SystemMonitor.Service\SystemMonitor.Service.csproj]&#xD;
[svc][out] C:\code\sys-sensor-v3\src\SystemMonitor.Service\Program.cs(76,13): warning CA1416: 可在所有平台上访问此调用站点�?RpcHostedService" 仅在 'windows' 上受支持�?(https://learn.microsoft.com/dotnet/fundamentals/code-analysis/quality-rules/ca1416) [C:\code\sys-sensor-v3\src\SystemMonitor.Service\SystemMonitor.Service.csproj]&#xD;
[svc][err] 生成失败。请修复生成错误并重新运行�?&#xD;
[xUnit.net 00:00:17.46]       System.InvalidOperationException : Service exited while waiting for pipe. Code=1. Tail:
[svc][out] 姝ｅ湪鐢熸垚...&#xD;
[xUnit.net 00:00:17.46]       [svc][out] C:\code\sys-sensor-v3\src\SystemMonitor.Service\Services\RpcHostedService.cs(201,31): error CS0103: 褰撳墠涓婁笅鏂囦腑涓嶅瓨鍦ㄥ悕绉扳€淭ryCreateCounter鈥?[C:\code\sys-sensor-v3\src\SystemMonitor.Service\SystemMonitor.Service.csproj]&#xD;
[xUnit.net 00:00:17.46]       [svc][out] C:\code\sys-sensor-v3\src\SystemMonitor.Service\Services\RpcHostedService.cs(203,35): error CS0103: 褰撳墠涓婁笅鏂囦腑涓嶅瓨鍦ㄥ悕绉扳€淭ryCreateCounter鈥?[C:\code\sys-sensor-v3\src\SystemMonitor.Service\SystemMonitor.Service.csproj]&#xD;
[xUnit.net 00:00:17.46]       [svc][out] C:\code\sys-sensor-v3\src\SystemMonitor.Service\Program.cs(76,13): warning CA1416: 鍙湪鎵€鏈夊钩鍙颁笂璁块棶姝よ皟鐢ㄧ珯鐐广€?RpcHostedService" 浠呭湪 'windows' 涓婂彈鏀寔銆?(https://learn.microsoft.com/dotnet/fundamentals/code-analysis/quality-rules/ca1416) [C:\code\sys-sensor-v3\src\SystemMonitor.Service\SystemMonitor.Service.csproj]&#xD;
[xUnit.net 00:00:17.46]       [svc][err] 鐢熸垚澶辫触銆傝淇鐢熸垚閿欒骞堕噸鏂拌繍琛屻€?
[file-log-tail]
2025-08-22 05:00:07.505 +08:00 [INF] DESKTOP-J6M8022 34864/11 SystemMonitor.Service.Worker Worker running at: "2025-08-22T05:00:07.5059406+08:00"&#xD;
[xUnit.net 00:00:17.46]       2025-08-22 05:00:08.115 +08:00 [INF] DESKTOP-J6M8022 34864/11 SystemMonitor.Service.Services.RpcHostedService 客户端已连接&#xD;
[xUnit.net 00:00:17.46]       2025-08-22 05:00:08.115 +08:00 [INF] DESKTOP-J6M8022 34864/11 SystemMonitor.Service.Services.RpcHostedService 客户端会话建立: conn="3ebaf5c9-7a90-4c1f-8d06-77e4b9511b6b"&#xD;
[xUnit.net 00:00:17.46]       2025-08-22 05:00:08.119 +08:00 [INF] DESKTOP-J6M8022 34864/11 SystemMonitor.Service.Services.RpcHostedService 客户端断开：已达到流的结尾。 conn="3ebaf5c9-7a90-4c1f-8d06-77e4b9511b6b"&#xD;
[xUnit.net 00:00:17.46]       2025-08-22 05:00:08.515 +08:00 [INF] DESKTOP-J6M8022 34864/11 SystemMonitor.Service.Worker Worker running at: "2025-08-22T05:00:08.5155952+08:00"&#xD;
[xUnit.net 00:00:17.46]       2025-08-22 05:00:09.524 +08:00 [INF] DESKTOP-J6M8022 34864/9 SystemMonitor.Service.Worker Worker running at: "2025-08-22T05:00:09.5241284+08:00"&#xD;
[xUnit.net 00:00:17.46]       2025-08-22 05:00:10.532 +08:00 [INF] DESKTOP-J6M8022 34864/8 SystemMonitor.Service.Worker Worker running at: "2025-08-22T05:00:10.5324730+08:00"&#xD;
[xUnit.net 00:00:17.46]       2025-08-22 05:00:11.535 +08:00 [INF] DESKTOP-J6M8022 34864/12 SystemMonitor.Service.Worker Worker running at: "2025-08-22T05:00:11.5357528+08:00"&#xD;
[xUnit.net 00:00:17.46]       2025-08-22 05:00:12.548 +08:00 [INF] DESKTOP-J6M8022 34864/8 SystemMonitor.Service.Worker Worker running at: "2025-08-22T05:00:12.5481912+08:00"&#xD;
[xUnit.net 00:00:17.46]       2025-08-22 05:00:13.107 +08:00 [INF] DESKTOP-J6M8022 34864/12 SystemMonitor.Service.Services.RpcHostedService 客户端已连接&#xD;
[xUnit.net 00:00:17.46]       2025-08-22 05:00:13.107 +08:00 [INF] DESKTOP-J6M8022 34864/12 SystemMonitor.Service.Services.RpcHostedService 客户端会话建立: conn="27a81c38-4647-493a-8fb8-8f2e144087dc"&#xD;
[xUnit.net 00:00:17.46]       2025-08-22 05:00:13.111 +08:00 [INF] DESKTOP-J6M8022 34864/11 SystemMonitor.Service.Services.RpcHostedService 客户端断开：已达到流的结尾。 conn="27a81c38-4647-493a-8fb8-8f2e144087dc"&#xD;
[xUnit.net 00:00:17.46]       2025-08-22 05:00:13.384 +08:00 [INF] DESKTOP-J6M8022 34864/8 SystemMonitor.Service.Services.RpcHostedService 客户端已连接&#xD;
[xUnit.net 00:00:17.46]       2025-08-22 05:00:13.384 +08:00 [INF] DESKTOP-J6M8022 34864/8 SystemMonitor.Service.Services.RpcHostedService 客户端会话建立: conn="25e61bd6-9b34-4b1b-8730-8dd26623668c"&#xD;
[xUnit.net 00:00:17.46]       2025-08-22 05:00:13.405 +08:00 [INF] DESKTOP-J6M8022 34864/8 SystemMonitor.Service.Services.RpcHostedService snapshot called, modules=*&#xD;
[xUnit.net 00:00:17.46]       2025-08-22 05:00:13.408 +08:00 [INF] DESKTOP-J6M8022 34864/9 SystemMonitor.Service.Services.RpcHostedService 客户端断开：已达到流的结尾。 conn="25e61bd6-9b34-4b1b-8730-8dd26623668c"&#xD;
[xUnit.net 00:00:17.46]       2025-08-22 05:00:13.551 +08:00 [INF] DESKTOP-J6M8022 34864/12 SystemMonitor.Service.Worker Worker running at: "2025-08-22T05:00:13.5519178+08:00"&#xD;
[xUnit.net 00:00:17.46]       2025-08-22 05:00:14.561 +08:00 [INF] DESKTOP-J6M8022 34864/8 SystemMonitor.Service.Worker Worker running at: "2025-08-22T05:00:14.5613344+08:00"&#xD;
[xUnit.net 00:00:17.46]       2025-08-22 05:00:15.574 +08:00 [INF] DESKTOP-J6M8022 34864/8 SystemMonitor.Service.Worker Worker running at: "2025-08-22T05:00:15.5741996+08:00"&#xD;
[xUnit.net 00:00:17.46]       2025-08-22 05:00:16.580 +08:00 [INF] DESKTOP-J6M8022 34864/12 SystemMonitor.Service.Worker Worker running at: "2025-08-22T05:00:16.5802431+08:00"&#xD;
[xUnit.net 00:00:17.46]       2025-08-22 05:00:17.583 +08:00 [INF] DESKTOP-J6M8022 34864/12 SystemMonitor.Service.Worker Worker running at: "2025-08-22T05:00:17.5832737+08:00"&#xD;
[xUnit.net 00:00:17.46]       2025-08-22 05:00:18.114 +08:00 [INF] DESKTOP-J6M8022 34864/11 SystemMonitor.Service.Services.RpcHostedService 客户端已连接&#xD;
[xUnit.net 00:00:17.46]       2025-08-22 05:00:18.114 +08:00 [INF] DESKTOP-J6M8022 34864/11 SystemMonitor.Service.Services.RpcHostedService 客户端会话建立: conn="8619790b-69c5-445b-ab8d-8526df618427"&#xD;
[xUnit.net 00:00:17.46]       2025-08-22 05:00:18.116 +08:00 [INF] DESKTOP-J6M8022 34864/12 SystemMonitor.Service.Services.RpcHostedService 客户端断开：已达到流的结尾。 conn="8619790b-69c5-445b-ab8d-8526df618427"&#xD;
[xUnit.net 00:00:17.46]       2025-08-22 05:00:18.595 +08:00 [INF] DESKTOP-J6M8022 34864/11 SystemMonitor.Service.Worker Worker running at: "2025-08-22T05:00:18.5953464+08:00"&#xD;
[xUnit.net 00:00:17.46]       2025-08-22 05:00:19.605 +08:00 [INF] DESKTOP-J6M8022 34864/11 SystemMonitor.Service.Worker Worker running at: "2025-08-22T05:00:19.6052530+08:00"&#xD;
[xUnit.net 00:00:17.46]       2025-08-22 05:00:20.613 +08:00 [INF] DESKTOP-J6M8022 34864/13 SystemMonitor.Service.Worker Worker running at: "2025-08-22T05:00:20.6131263+08:00"&#xD;
[xUnit.net 00:00:17.46]       2025-08-22 05:00:21.613 +08:00 [INF] DESKTOP-J6M8022 34864/11 SystemMonitor.Service.Worker Worker running at: "2025-08-22T05:00:21.6130098+08:00"&#xD;
[xUnit.net 00:00:17.46]       2025-08-22 05:00:22.624 +08:00 [INF] DESKTOP-J6M8022 34864/13 SystemMonitor.Service.Worker Worker running at: "2025-08-22T05:00:22.6244940+08:00"&#xD;
[xUnit.net 00:00:17.46]       2025-08-22 05:00:23.105 +08:00 [INF] DESKTOP-J6M8022 34864/13 SystemMonitor.Service.Services.RpcHostedService 客户端已连接&#xD;
[xUnit.net 00:00:17.46]       2025-08-22 05:00:23.105 +08:00 [INF] DESKTOP-J6M8022 34864/13 SystemMonitor.Service.Services.RpcHostedService 客户端会话建立: conn="849f5c90-811a-4eb3-97ea-73e1b9d03257"&#xD;
[xUnit.net 00:00:17.46]       2025-08-22 05:00:23.108 +08:00 [INF] DESKTOP-J6M8022 34864/8 SystemMonitor.Service.Services.RpcHostedService 客户端断开：已达到流的结尾。 conn="849f5c90-811a-4eb3-97ea-73e1b9d03257"&#xD;
[xUnit.net 00:00:17.46]       2025-08-22 05:00:23.627 +08:00 [INF] DESKTOP-J6M8022 34864/13 SystemMonitor.Service.Worker Worker running at: "2025-08-22T05:00:23.6275367+08:00"&#xD;
[xUnit.net 00:00:17.46]       2025-08-22 05:00:24.631 +08:00 [INF] DESKTOP-J6M8022 34864/8 SystemMonitor.Service.Worker Worker running at: "2025-08-22T05:00:24.6319373+08:00"&#xD;
[xUnit.net 00:00:17.46]       2025-08-22 05:00:25.643 +08:00 [INF] DESKTOP-J6M8022 34864/13 SystemMonitor.Service.Worker Worker running at: "2025-08-22T05:00:25.6437810+08:00"&#xD;
[xUnit.net 00:00:17.46]       2025-08-22 05:00:26.649 +08:00 [INF] DESKTOP-J6M8022 34864/10 SystemMonitor.Service.Worker Worker running at: "2025-08-22T05:00:26.6498268+08:00"&#xD;
[xUnit.net 00:00:17.46]       2025-08-22 05:00:27.653 +08:00 [INF] DESKTOP-J6M8022 34864/13 SystemMonitor.Service.Worker Worker running at: "2025-08-22T05:00:27.6536723+08:00"&#xD;
[xUnit.net 00:00:17.46]       2025-08-22 05:00:28.104 +08:00 [INF] DESKTOP-J6M8022 34864/13 SystemMonitor.Service.Services.RpcHostedService 客户端已连接&#xD;
[xUnit.net 00:00:17.46]       2025-08-22 05:00:28.104 +08:00 [INF] DESKTOP-J6M8022 34864/13 SystemMonitor.Service.Services.RpcHostedService 客户端会话建立: conn="58087a9a-4fe9-4ab7-893a-962c7c34de4d"&#xD;
[xUnit.net 00:00:17.46]       2025-08-22 05:00:28.108 +08:00 [INF] DESKTOP-J6M8022 34864/10 SystemMonitor.Service.Services.RpcHostedService 客户端断开：已达到流的结尾。 conn="58087a9a-4fe9-4ab7-893a-962c7c34de4d"&#xD;
[xUnit.net 00:00:17.46]       2025-08-22 05:00:28.658 +08:00 [INF] DESKTOP-J6M8022 34864/10 SystemMonitor.Service.Worker Worker running at: "2025-08-22T05:00:28.6580477+08:00"&#xD;
[xUnit.net 00:00:17.46]       2025-08-22 05:00:29.667 +08:00 [INF] DESKTOP-J6M8022 34864/10 SystemMonitor.Service.Worker Worker running at: "2025-08-22T05:00:29.6670246+08:00"&#xD;
[xUnit.net 00:00:17.46]       2025-08-22 05:00:30.671 +08:00 [INF] DESKTOP-J6M8022 34864/11 SystemMonitor.Service.Worker Worker running at: "2025-08-22T05:00:30.6718324+08:00"&#xD;
[xUnit.net 00:00:17.46]       2025-08-22 05:00:31.677 +08:00 [INF] DESKTOP-J6M8022 34864/11 SystemMonitor.Service.Worker Worker running at: "2025-08-22T05:00:31.6773257+08:00"&#xD;
[xUnit.net 00:00:17.46]       2025-08-22 05:00:32.687 +08:00 [INF] DESKTOP-J6M8022 34864/8 SystemMonitor.Service.Worker Worker running at: "2025-08-22T05:00:32.6879602+08:00"&#xD;
[xUnit.net 00:00:17.46]       2025-08-22 05:00:33.104 +08:00 [INF] DESKTOP-J6M8022 34864/11 SystemMonitor.Service.Services.RpcHostedService 客户端已连接&#xD;
[xUnit.net 00:00:17.46]       2025-08-22 05:00:33.104 +08:00 [INF] DESKTOP-J6M8022 34864/11 SystemMonitor.Service.Services.RpcHostedService 客户端会话建立: conn="f2efc72f-7360-4d95-8499-7acad765c432"&#xD;
[xUnit.net 00:00:17.46]       2025-08-22 05:00:33.107 +08:00 [INF] DESKTOP-J6M8022 34864/11 SystemMonitor.Service.Services.RpcHostedService 客户端断开：已达到流的结尾。 conn="f2efc72f-7360-4d95-8499-7acad765c432"&#xD;
[xUnit.net 00:00:17.46]       2025-08-22 05:00:33.703 +08:00 [INF] DESKTOP-J6M8022 34864/8 SystemMonitor.Service.Worker Worker running at: "2025-08-22T05:00:33.7031716+08:00"&#xD;
[xUnit.net 00:00:17.46]       2025-08-22 05:00:34.705 +08:00 [INF] DESKTOP-J6M8022 34864/13 SystemMonitor.Service.Worker Worker running at: "2025-08-22T05:00:34.7053006+08:00"&#xD;
[xUnit.net 00:00:17.46]       2025-08-22 05:00:35.716 +08:00 [INF] DESKTOP-J6M8022 34864/11 SystemMonitor.Service.Worker Worker running at: "2025-08-22T05:00:35.7161477+08:00"&#xD;
[xUnit.net 00:00:17.46]       2025-08-22 05:00:36.721 +08:00 [INF] DESKTOP-J6M8022 34864/12 SystemMonitor.Service.Worker Worker running at: "2025-08-22T05:00:36.7213935+08:00"&#xD;
[xUnit.net 00:00:17.46]       2025-08-22 05:00:37.725 +08:00 [INF] DESKTOP-J6M8022 34864/12 SystemMonitor.Service.Worker Worker running at: "2025-08-22T05:00:37.7251514+08:00"&#xD;
[xUnit.net 00:00:17.46]       2025-08-22 05:00:38.118 +08:00 [INF] DESKTOP-J6M8022 34864/13 SystemMonitor.Service.Services.RpcHostedService 客户端已连接&#xD;
[xUnit.net 00:00:17.46]       2025-08-22 05:00:38.118 +08:00 [INF] DESKTOP-J6M8022 34864/13 SystemMonitor.Service.Services.RpcHostedService 客户端会话建立: conn="b439ecab-ffb2-4843-8f54-1844ad704c06"&#xD;
[xUnit.net 00:00:17.46]       2025-08-22 05:00:38.121 +08:00 [INF] DESKTOP-J6M8022 34864/13 SystemMonitor.Service.Services.RpcHostedService 客户端断开：已达到流的结尾。 conn="b439ecab-ffb2-4843-8f54-1844ad704c06"&#xD;
[xUnit.net 00:00:17.46]       2025-08-22 05:00:38.725 +08:00 [INF] DESKTOP-J6M8022 34864/8 SystemMonitor.Service.Worker Worker running at: "2025-08-22T05:00:38.7259519+08:00"&#xD;
[xUnit.net 00:00:17.46]       2025-08-22 05:00:39.740 +08:00 [INF] DESKTOP-J6M8022 34864/11 SystemMonitor.Service.Worker Worker running at: "2025-08-22T05:00:39.7403082+08:00"&#xD;
[xUnit.net 00:00:17.46]       2025-08-22 05:00:40.742 +08:00 [INF] DESKTOP-J6M8022 34864/11 SystemMonitor.Service.Worker Worker running at: "2025-08-22T05:00:40.7425737+08:00"&#xD;
[xUnit.net 00:00:17.46]       2025-08-22 05:00:41.745 +08:00 [INF] DESKTOP-J6M8022 34864/13 SystemMonitor.Service.Worker Worker running at: "2025-08-22T05:00:41.7451229+08:00"&#xD;
[xUnit.net 00:00:17.46]       2025-08-22 05:00:42.751 +08:00 [INF] DESKTOP-J6M8022 34864/11 SystemMonitor.Service.Worker Worker running at: "2025-08-22T05:00:42.7515665+08:00"&#xD;
[xUnit.net 00:00:17.46]       2025-08-22 05:00:43.110 +08:00 [INF] DESKTOP-J6M8022 34864/14 SystemMonitor.Service.Services.RpcHostedService 客户端已连接&#xD;
[xUnit.net 00:00:17.46]       2025-08-22 05:00:43.110 +08:00 [INF] DESKTOP-J6M8022 34864/14 SystemMonitor.Service.Services.RpcHostedService 客户端会话建立: conn="ec82b613-da05-4264-84fe-3fb03c945d2f"&#xD;
[xUnit.net 00:00:17.46]       2025-08-22 05:00:43.120 +08:00 [INF] DESKTOP-J6M8022 34864/9 SystemMonitor.Service.Services.RpcHostedService 客户端断开：已达到流的结尾。 conn="ec82b613-da05-4264-84fe-3fb03c945d2f"&#xD;
[xUnit.net 00:00:17.46]       2025-08-22 05:00:43.389 +08:00 [INF] DESKTOP-J6M8022 34864/13 SystemMonitor.Service.Services.RpcHostedService 客户端已连接&#xD;
[xUnit.net 00:00:17.46]       2025-08-22 05:00:43.389 +08:00 [INF] DESKTOP-J6M8022 34864/13 SystemMonitor.Service.Services.RpcHostedService 客户端会话建立: conn="2f7dc9d3-2402-4294-ba61-bc663df8cf82"&#xD;
[xUnit.net 00:00:17.46]       2025-08-22 05:00:43.398 +08:00 [INF] DESKTOP-J6M8022 34864/13 SystemMonitor.Service.Services.RpcHostedService snapshot called, modules=*&#xD;
[xUnit.net 00:00:17.46]       2025-08-22 05:00:43.407 +08:00 [INF] DESKTOP-J6M8022 34864/13 SystemMonitor.Service.Services.RpcHostedService 客户端断开：已达到流的结尾。 conn="2f7dc9d3-2402-4294-ba61-bc663df8cf82"&#xD;
[xUnit.net 00:00:17.46]       2025-08-22 05:00:43.756 +08:00 [INF] DESKTOP-J6M8022 34864/13 SystemMonitor.Service.Worker Worker running at: "2025-08-22T05:00:43.7565234+08:00"&#xD;
[xUnit.net 00:00:17.46]       2025-08-22 05:00:44.757 +08:00 [INF] DESKTOP-J6M8022 34864/11 SystemMonitor.Service.Worker Worker running at: "2025-08-22T05:00:44.7577675+08:00"&#xD;
[xUnit.net 00:00:17.46]       2025-08-22 05:00:45.762 +08:00 [INF] DESKTOP-J6M8022 34864/11 SystemMonitor.Service.Worker Worker running at: "2025-08-22T05:00:45.7627674+08:00"&#xD;
[xUnit.net 00:00:17.46]       2025-08-22 05:00:46.772 +08:00 [INF] DESKTOP-J6M8022 34864/11 SystemMonitor.Service.Worker Worker running at: "2025-08-22T05:00:46.7724296+08:00"&#xD;
[xUnit.net 00:00:17.46]       2025-08-22 05:00:47.772 +08:00 [INF] DESKTOP-J6M8022 34864/11 SystemMonitor.Service.Worker Worker running at: "2025-08-22T05:00:47.7724414+08:00"&#xD;
[xUnit.net 00:00:17.46]       2025-08-22 05:00:48.113 +08:00 [INF] DESKTOP-J6M8022 34864/11 SystemMonitor.Service.Services.RpcHostedService 客户端已连接&#xD;
[xUnit.net 00:00:17.46]       2025-08-22 05:00:48.113 +08:00 [INF] DESKTOP-J6M8022 34864/11 SystemMonitor.Service.Services.RpcHostedService 客户端会话建立: conn="0b57ec2b-be63-49bb-9b61-b642d4a6bad8"&#xD;
[xUnit.net 00:00:17.46]       2025-08-22 05:00:48.118 +08:00 [INF] DESKTOP-J6M8022 34864/11 SystemMonitor.Service.Services.RpcHostedService 客户端断开：已达到流的结尾。 conn="0b57ec2b-be63-49bb-9b61-b642d4a6bad8"&#xD;
[xUnit.net 00:00:17.46]       2025-08-22 05:00:48.786 +08:00 [INF] DESKTOP-J6M8022 34864/14 SystemMonitor.Service.Worker Worker running at: "2025-08-22T05:00:48.7861767+08:00"&#xD;
[xUnit.net 00:00:17.46]       2025-08-22 05:00:49.797 +08:00 [INF] DESKTOP-J6M8022 34864/14 SystemMonitor.Service.Worker Worker running at: "2025-08-22T05:00:49.7971060+08:00"&#xD;
[xUnit.net 00:00:17.46]       2025-08-22 05:00:50.810 +08:00 [INF] DESKTOP-J6M8022 34864/14 SystemMonitor.Service.Worker Worker running at: "2025-08-22T05:00:50.8103703+08:00"&#xD;
[xUnit.net 00:00:17.46]       2025-08-22 05:00:51.819 +08:00 [INF] DESKTOP-J6M8022 34864/14 SystemMonitor.Service.Worker Worker running at: "2025-08-22T05:00:51.8191149+08:00"&#xD;
[xUnit.net 00:00:17.46]       2025-08-22 05:00:52.832 +08:00 [INF] DESKTOP-J6M8022 34864/14 SystemMonitor.Service.Worker Worker running at: "2025-08-22T05:00:52.8322629+08:00"&#xD;
[xUnit.net 00:00:17.46]       2025-08-22 05:00:53.102 +08:00 [INF] DESKTOP-J6M8022 34864/14 SystemMonitor.Service.Services.RpcHostedService 客户端已连接&#xD;
[xUnit.net 00:00:17.46]       2025-08-22 05:00:53.102 +08:00 [INF] DESKTOP-J6M8022 34864/14 SystemMonitor.Service.Services.RpcHostedService 客户端会话建立: conn="a1d8b427-d708-44e2-9952-15a5a936e6af"&#xD;
[xUnit.net 00:00:17.46]       2025-08-22 05:00:53.105 +08:00 [INF] DESKTOP-J6M8022 34864/13 SystemMonitor.Service.Services.RpcHostedService 客户端断开：已达到流的结尾。 conn="a1d8b427-d708-44e2-9952-15a5a936e6af"&#xD;
[xUnit.net 00:00:17.46]       2025-08-22 05:00:53.839 +08:00 [INF] DESKTOP-J6M8022 34864/9 SystemMonitor.Service.Worker Worker running at: "2025-08-22T05:00:53.8390210+08:00"&#xD;
[xUnit.net 00:00:17.46]       2025-08-22 05:00:54.844 +08:00 [INF] DESKTOP-J6M8022 34864/9 SystemMonitor.Service.Worker Worker running at: "2025-08-22T05:00:54.8440332+08:00"&#xD;
[xUnit.net 00:00:17.46]       2025-08-22 05:00:55.849 +08:00 [INF] DESKTOP-J6M8022 34864/14 SystemMonitor.Service.Worker Worker running at: "2025-08-22T05:00:55.8498931+08:00"&#xD;
[xUnit.net 00:00:17.46]       2025-08-22 05:00:56.855 +08:00 [INF] DESKTOP-J6M8022 34864/12 SystemMonitor.Service.Worker Worker running at: "2025-08-22T05:00:56.8554623+08:00"&#xD;
[xUnit.net 00:00:17.46]       2025-08-22 05:00:57.861 +08:00 [INF] DESKTOP-J6M8022 34864/12 SystemMonitor.Service.Worker Worker running at: "2025-08-22T05:00:57.8610329+08:00"&#xD;
[xUnit.net 00:00:17.46]       2025-08-22 05:00:58.111 +08:00 [INF] DESKTOP-J6M8022 34864/8 SystemMonitor.Service.Services.RpcHostedService 客户端已连接&#xD;
[xUnit.net 00:00:17.46]       2025-08-22 05:00:58.111 +08:00 [INF] DESKTOP-J6M8022 34864/8 SystemMonitor.Service.Services.RpcHostedService 客户端会话建立: conn="667ed3f1-bd30-41e0-92ff-80608571c1ce"&#xD;
[xUnit.net 00:00:17.46]       2025-08-22 05:00:58.116 +08:00 [INF] DESKTOP-J6M8022 34864/12 SystemMonitor.Service.Services.RpcHostedService 客户端断开：已达到流的结尾。 conn="667ed3f1-bd30-41e0-92ff-80608571c1ce"&#xD;
[xUnit.net 00:00:17.46]       2025-08-22 05:00:58.863 +08:00 [INF] DESKTOP-J6M8022 34864/8 SystemMonitor.Service.Worker Worker running at: "2025-08-22T05:00:58.8635685+08:00"&#xD;
[xUnit.net 00:00:17.46]       2025-08-22 05:00:59.864 +08:00 [INF] DESKTOP-J6M8022 34864/13 SystemMonitor.Service.Worker Worker running at: "2025-08-22T05:00:59.8639948+08:00"&#xD;
[xUnit.net 00:00:17.46]       2025-08-22 05:01:00.871 +08:00 [INF] DESKTOP-J6M8022 34864/8 SystemMonitor.Service.Worker Worker running at: "2025-08-22T05:01:00.8711317+08:00"&#xD;
[xUnit.net 00:00:17.46]       2025-08-22 05:01:01.872 +08:00 [INF] DESKTOP-J6M8022 34864/8 SystemMonitor.Service.Worker Worker running at: "2025-08-22T05:01:01.8723849+08:00"&#xD;
[xUnit.net 00:00:17.46]       2025-08-22 05:01:02.874 +08:00 [INF] DESKTOP-J6M8022 34864/13 SystemMonitor.Service.Worker Worker running at: "2025-08-22T05:01:02.8742125+08:00"&#xD;
[xUnit.net 00:00:17.46]       2025-08-22 05:01:03.109 +08:00 [INF] DESKTOP-J6M8022 34864/13 SystemMonitor.Service.Services.RpcHostedService 客户端已连接&#xD;
[xUnit.net 00:00:17.46]       2025-08-22 05:01:03.109 +08:00 [INF] DESKTOP-J6M8022 34864/13 SystemMonitor.Service.Services.RpcHostedService 客户端会话建立: conn="6f7008b5-fb8e-492a-bb7e-9769bc95aca3"&#xD;
[xUnit.net 00:00:17.46]       2025-08-22 05:01:03.113 +08:00 [INF] DESKTOP-J6M8022 34864/13 SystemMonitor.Service.Services.RpcHostedService 客户端断开：已达到流的结尾。 conn="6f7008b5-fb8e-492a-bb7e-9769bc95aca3"&#xD;
[xUnit.net 00:00:17.46]       2025-08-22 05:01:03.878 +08:00 [INF] DESKTOP-J6M8022 34864/9 SystemMonitor.Service.Worker Worker running at: "2025-08-22T05:01:03.8780156+08:00"&#xD;
[xUnit.net 00:00:17.46]       2025-08-22 05:01:04.882 +08:00 [INF] DESKTOP-J6M8022 34864/9 SystemMonitor.Service.Worker Worker running at: "2025-08-22T05:01:04.8824276+08:00"&#xD;
[xUnit.net 00:00:17.46]       2025-08-22 05:01:05.888 +08:00 [INF] DESKTOP-J6M8022 34864/9 SystemMonitor.Service.Worker Worker running at: "2025-08-22T05:01:05.8884444+08:00"&#xD;
[xUnit.net 00:00:17.46]       2025-08-22 05:01:06.898 +08:00 [INF] DESKTOP-J6M8022 34864/13 SystemMonitor.Service.Worker Worker running at: "2025-08-22T05:01:06.8980438+08:00"&#xD;
[xUnit.net 00:00:17.46]       2025-08-22 05:01:07.902 +08:00 [INF] DESKTOP-J6M8022 34864/12 SystemMonitor.Service.Worker Worker running at: "2025-08-22T05:01:07.9022915+08:00"&#xD;
[xUnit.net 00:00:17.46]       2025-08-22 05:01:08.106 +08:00 [INF] DESKTOP-J6M8022 34864/12 SystemMonitor.Service.Services.RpcHostedService 客户端已连接&#xD;
[xUnit.net 00:00:17.46]       2025-08-22 05:01:08.106 +08:00 [INF] DESKTOP-J6M8022 34864/12 SystemMonitor.Service.Services.RpcHostedService 客户端会话建立: conn="57e57623-52be-4bde-b1c7-694c9251d418"&#xD;
[xUnit.net 00:00:17.46]       2025-08-22 05:01:08.111 +08:00 [INF] DESKTOP-J6M8022 34864/14 SystemMonitor.Service.Services.RpcHostedService 客户端断开：已达到流的结尾。 conn="57e57623-52be-4bde-b1c7-694c9251d418"&#xD;
[xUnit.net 00:00:17.46]       2025-08-22 05:01:08.904 +08:00 [INF] DESKTOP-J6M8022 34864/13 SystemMonitor.Service.Worker Worker running at: "2025-08-22T05:01:08.9045942+08:00"&#xD;
[xUnit.net 00:00:17.46]       2025-08-22 05:01:09.905 +08:00 [INF] DESKTOP-J6M8022 34864/12 SystemMonitor.Service.Worker Worker running at: "2025-08-22T05:01:09.9059497+08:00"&#xD;
[xUnit.net 00:00:17.46]       2025-08-22 05:01:10.910 +08:00 [INF] DESKTOP-J6M8022 34864/8 SystemMonitor.Service.Worker Worker running at: "2025-08-22T05:01:10.9104565+08:00"&#xD;
[xUnit.net 00:00:17.46]       2025-08-22 05:01:11.913 +08:00 [INF] DESKTOP-J6M8022 34864/12 SystemMonitor.Service.Worker Worker running at: "2025-08-22T05:01:11.9132884+08:00"&#xD;
[xUnit.net 00:00:17.46]       2025-08-22 05:01:12.917 +08:00 [INF] DESKTOP-J6M8022 34864/8 SystemMonitor.Service.Worker Worker running at: "2025-08-22T05:01:12.9173706+08:00"&#xD;
[xUnit.net 00:00:17.46]       2025-08-22 05:01:13.103 +08:00 [INF] DESKTOP-J6M8022 34864/8 SystemMonitor.Service.Services.RpcHostedService 客户端已连接&#xD;
[xUnit.net 00:00:17.46]       2025-08-22 05:01:13.103 +08:00 [INF] DESKTOP-J6M8022 34864/8 SystemMonitor.Service.Services.RpcHostedService 客户端会话建立: conn="8c8ff938-4ec2-4b63-94b8-07d74318db55"&#xD;
[xUnit.net 00:00:17.46]       2025-08-22 05:01:13.107 +08:00 [INF] DESKTOP-J6M8022 34864/12 SystemMonitor.Service.Services.RpcHostedService 客户端断开：已达到流的结尾。 conn="8c8ff938-4ec2-4b63-94b8-07d74318db55"&#xD;
[xUnit.net 00:00:17.46]       2025-08-22 05:01:13.395 +08:00 [INF] DESKTOP-J6M8022 34864/8 SystemMonitor.Service.Services.RpcHostedService 客户端已连接&#xD;
[xUnit.net 00:00:17.46]       2025-08-22 05:01:13.395 +08:00 [INF] DESKTOP-J6M8022 34864/8 SystemMonitor.Service.Services.RpcHostedService 客户端会话建立: conn="0d0e45ce-49cf-483b-8035-5df65c66b336"&#xD;
[xUnit.net 00:00:17.46]       2025-08-22 05:01:13.409 +08:00 [INF] DESKTOP-J6M8022 34864/8 SystemMonitor.Service.Services.RpcHostedService snapshot called, modules=*&#xD;
[xUnit.net 00:00:17.46]       2025-08-22 05:01:13.415 +08:00 [INF] DESKTOP-J6M8022 34864/12 SystemMonitor.Service.Services.RpcHostedService 客户端断开：已达到流的结尾。 conn="0d0e45ce-49cf-483b-8035-5df65c66b336"&#xD;
[xUnit.net 00:00:17.46]       2025-08-22 05:01:13.923 +08:00 [INF] DESKTOP-J6M8022 34864/14 SystemMonitor.Service.Worker Worker running at: "2025-08-22T05:01:13.9232807+08:00"&#xD;
[xUnit.net 00:00:17.46]       2025-08-22 05:01:14.929 +08:00 [INF] DESKTOP-J6M8022 34864/12 SystemMonitor.Service.Worker Worker running at: "2025-08-22T05:01:14.9292827+08:00"&#xD;
[xUnit.net 00:00:17.46]       2025-08-22 05:01:15.932 +08:00 [INF] DESKTOP-J6M8022 34864/8 SystemMonitor.Service.Worker Worker running at: "2025-08-22T05:01:15.9326500+08:00"&#xD;
[xUnit.net 00:00:17.46]       2025-08-22 05:01:16.939 +08:00 [INF] DESKTOP-J6M8022 34864/14 SystemMonitor.Service.Worker Worker running at: "2025-08-22T05:01:16.9393680+08:00"&#xD;
[xUnit.net 00:00:17.46]       2025-08-22 05:01:17.943 +08:00 [INF] DESKTOP-J6M8022 34864/8 SystemMonitor.Service.Worker Worker running at: "2025-08-22T05:01:17.9432416+08:00"&#xD;
[xUnit.net 00:00:17.46]       2025-08-22 05:01:18.116 +08:00 [INF] DESKTOP-J6M8022 34864/8 SystemMonitor.Service.Services.RpcHostedService 客户端已连接&#xD;
[xUnit.net 00:00:17.46]       2025-08-22 05:01:18.116 +08:00 [INF] DESKTOP-J6M8022 34864/8 SystemMonitor.Service.Services.RpcHostedService 客户端会话建立: conn="4caa660b-18e4-4979-bebe-31bdd3b07642"&#xD;
[xUnit.net 00:00:17.46]       2025-08-22 05:01:18.119 +08:00 [INF] DESKTOP-J6M8022 34864/12 SystemMonitor.Service.Services.RpcHostedService 客户端断开：已达到流的结尾。 conn="4caa660b-18e4-4979-bebe-31bdd3b07642"&#xD;
[xUnit.net 00:00:17.46]       2025-08-22 05:01:18.947 +08:00 [INF] DESKTOP-J6M8022 34864/8 SystemMonitor.Service.Worker Worker running at: "2025-08-22T05:01:18.9470563+08:00"&#xD;
[xUnit.net 00:00:17.46]       2025-08-22 05:01:19.950 +08:00 [INF] DESKTOP-J6M8022 34864/8 SystemMonitor.Service.Worker Worker running at: "2025-08-22T05:01:19.9501774+08:00"&#xD;
[xUnit.net 00:00:17.46]       2025-08-22 05:01:20.958 +08:00 [INF] DESKTOP-J6M8022 34864/8 SystemMonitor.Service.Worker Worker running at: "2025-08-22T05:01:20.9579718+08:00"&#xD;
[xUnit.net 00:00:17.46]       2025-08-22 05:01:21.959 +08:00 [INF] DESKTOP-J6M8022 34864/14 SystemMonitor.Service.Worker Worker running at: "2025-08-22T05:01:21.9594726+08:00"&#xD;
[xUnit.net 00:00:17.46]       2025-08-22 05:01:22.963 +08:00 [INF] DESKTOP-J6M8022 34864/8 SystemMonitor.Service.Worker Worker running at: "2025-08-22T05:01:22.9634519+08:00"&#xD;
[xUnit.net 00:00:17.46]       2025-08-22 05:01:23.105 +08:00 [INF] DESKTOP-J6M8022 34864/8 SystemMonitor.Service.Services.RpcHostedService 客户端已连接&#xD;
[xUnit.net 00:00:17.46]       2025-08-22 05:01:23.105 +08:00 [INF] DESKTOP-J6M8022 34864/8 SystemMonitor.Service.Services.RpcHostedService 客户端会话建立: conn="8639769c-80fa-407f-b9a9-4050afd76198"&#xD;
[xUnit.net 00:00:17.46]       2025-08-22 05:01:23.107 +08:00 [INF] DESKTOP-J6M8022 34864/14 SystemMonitor.Service.Services.RpcHostedService 客户端断开：已达到流的结尾。 conn="8639769c-80fa-407f-b9a9-4050afd76198"&#xD;
[xUnit.net 00:00:17.46]       2025-08-22 05:01:23.971 +08:00 [INF] DESKTOP-J6M8022 34864/11 SystemMonitor.Service.Worker Worker running at: "2025-08-22T05:01:23.9715344+08:00"&#xD;
[xUnit.net 00:00:17.46]       2025-08-22 05:01:24.982 +08:00 [INF] DESKTOP-J6M8022 34864/11 SystemMonitor.Service.Worker Worker running at: "2025-08-22T05:01:24.9819615+08:00"&#xD;
[xUnit.net 00:00:17.46]       2025-08-22 05:01:25.994 +08:00 [INF] DESKTOP-J6M8022 34864/11 SystemMonitor.Service.Worker Worker running at: "2025-08-22T05:01:25.9941989+08:00"&#xD;
[xUnit.net 00:00:17.46]       2025-08-22 05:01:26.999 +08:00 [INF] DESKTOP-J6M8022 34864/8 SystemMonitor.Service.Worker Worker running at: "2025-08-22T05:01:26.9999359+08:00"&#xD;
[xUnit.net 00:00:17.46]       2025-08-22 05:01:28.013 +08:00 [INF] DESKTOP-J6M8022 34864/11 SystemMonitor.Service.Worker Worker running at: "2025-08-22T05:01:28.0133025+08:00"&#xD;
[xUnit.net 00:00:17.46]       2025-08-22 05:01:28.109 +08:00 [INF] DESKTOP-J6M8022 34864/11 SystemMonitor.Service.Services.RpcHostedService 客户端已连接&#xD;
[xUnit.net 00:00:17.46]       2025-08-22 05:01:28.109 +08:00 [INF] DESKTOP-J6M8022 34864/11 SystemMonitor.Service.Services.RpcHostedService 客户端会话建立: conn="fda2e581-c0a4-4aa4-a5e0-11787ca179bd"&#xD;
[xUnit.net 00:00:17.46]       2025-08-22 05:01:28.112 +08:00 [INF] DESKTOP-J6M8022 34864/11 SystemMonitor.Service.Services.RpcHostedService 客户端断开：已达到流的结尾。 conn="fda2e581-c0a4-4aa4-a5e0-11787ca179bd"&#xD;
[xUnit.net 00:00:17.46]       2025-08-22 05:01:29.018 +08:00 [INF] DESKTOP-J6M8022 34864/11 SystemMonitor.Service.Worker Worker running at: "2025-08-22T05:01:29.0183364+08:00"&#xD;
[xUnit.net 00:00:17.46]       2025-08-22 05:01:30.019 +08:00 [INF] DESKTOP-J6M8022 34864/8 SystemMonitor.Service.Worker Worker running at: "2025-08-22T05:01:30.0195935+08:00"&#xD;
[xUnit.net 00:00:17.46]       2025-08-22 05:01:31.026 +08:00 [INF] DESKTOP-J6M8022 34864/8 SystemMonitor.Service.Worker Worker running at: "2025-08-22T05:01:31.0262398+08:00"&#xD;
[xUnit.net 00:00:17.46]       2025-08-22 05:01:32.031 +08:00 [INF] DESKTOP-J6M8022 34864/12 SystemMonitor.Service.Worker Worker running at: "2025-08-22T05:01:32.0310132+08:00"&#xD;
[xUnit.net 00:00:17.46]       2025-08-22 05:01:33.035 +08:00 [INF] DESKTOP-J6M8022 34864/12 SystemMonitor.Service.Worker Worker running at: "2025-08-22T05:01:33.0357910+08:00"&#xD;
[xUnit.net 00:00:17.46]       2025-08-22 05:01:33.116 +08:00 [INF] DESKTOP-J6M8022 34864/12 SystemMonitor.Service.Services.RpcHostedService 客户端已连接&#xD;
[xUnit.net 00:00:17.46]       2025-08-22 05:01:33.116 +08:00 [INF] DESKTOP-J6M8022 34864/12 SystemMonitor.Service.Services.RpcHostedService 客户端会话建立: conn="34e1094f-2d5d-4eb2-b05a-37c0e40cc011"&#xD;
[xUnit.net 00:00:17.46]       2025-08-22 05:01:33.119 +08:00 [INF] DESKTOP-J6M8022 34864/8 SystemMonitor.Service.Services.RpcHostedService 客户端断开：已达到流的结尾。 conn="34e1094f-2d5d-4eb2-b05a-37c0e40cc011"&#xD;
[xUnit.net 00:00:17.46]       2025-08-22 05:01:34.041 +08:00 [INF] DESKTOP-J6M8022 34864/8 SystemMonitor.Service.Worker Worker running at: "2025-08-22T05:01:34.0416262+08:00"&#xD;
[xUnit.net 00:00:17.46]       2025-08-22 05:01:35.045 +08:00 [INF] DESKTOP-J6M8022 34864/8 SystemMonitor.Service.Worker Worker running at: "2025-08-22T05:01:35.0457088+08:00"&#xD;
[xUnit.net 00:00:17.46]       2025-08-22 05:01:36.047 +08:00 [INF] DESKTOP-J6M8022 34864/12 SystemMonitor.Service.Worker Worker running at: "2025-08-22T05:01:36.0479378+08:00"&#xD;
[xUnit.net 00:00:17.46]       2025-08-22 05:01:37.050 +08:00 [INF] DESKTOP-J6M8022 34864/12 SystemMonitor.Service.Worker Worker running at: "2025-08-22T05:01:37.0504892+08:00"&#xD;
[xUnit.net 00:00:17.46]       2025-08-22 05:01:38.061 +08:00 [INF] DESKTOP-J6M8022 34864/14 SystemMonitor.Service.Worker Worker running at: "2025-08-22T05:01:38.0614429+08:00"&#xD;
[xUnit.net 00:00:17.46]       2025-08-22 05:01:38.110 +08:00 [INF] DESKTOP-J6M8022 34864/12 SystemMonitor.Service.Services.RpcHostedService 客户端已连接&#xD;
[xUnit.net 00:00:17.46]       2025-08-22 05:01:38.110 +08:00 [INF] DESKTOP-J6M8022 34864/12 SystemMonitor.Service.Services.RpcHostedService 客户端会话建立: conn="06117a62-6040-4241-9927-358af4226d43"&#xD;
[xUnit.net 00:00:17.46]       2025-08-22 05:01:38.113 +08:00 [INF] DESKTOP-J6M8022 34864/14 SystemMonitor.Service.Services.RpcHostedService 客户端断开：已达到流的结尾。 conn="06117a62-6040-4241-9927-358af4226d43"&#xD;
[xUnit.net 00:00:17.46]       2025-08-22 05:01:39.064 +08:00 [INF] DESKTOP-J6M8022 34864/14 SystemMonitor.Service.Worker Worker running at: "2025-08-22T05:01:39.0644324+08:00"&#xD;
[xUnit.net 00:00:17.46]       2025-08-22 05:01:40.069 +08:00 [INF] DESKTOP-J6M8022 34864/8 SystemMonitor.Service.Worker Worker running at: "2025-08-22T05:01:40.0698228+08:00"&#xD;
[xUnit.net 00:00:17.46]       2025-08-22 05:01:41.072 +08:00 [INF] DESKTOP-J6M8022 34864/8 SystemMonitor.Service.Worker Worker running at: "2025-08-22T05:01:41.0721700+08:00"&#xD;
[xUnit.net 00:00:17.46]       2025-08-22 05:01:42.086 +08:00 [INF] DESKTOP-J6M8022 34864/11 SystemMonitor.Service.Worker Worker running at: "2025-08-22T05:01:42.0860513+08:00"&#xD;
[xUnit.net 00:00:17.46]       2025-08-22 05:01:43.101 +08:00 [INF] DESKTOP-J6M8022 34864/8 SystemMonitor.Service.Worker Worker running at: "2025-08-22T05:01:43.1011436+08:00"&#xD;
[xUnit.net 00:00:17.46]       2025-08-22 05:01:43.105 +08:00 [INF] DESKTOP-J6M8022 34864/9 SystemMonitor.Service.Services.RpcHostedService 客户端已连接&#xD;
[xUnit.net 00:00:17.46]       2025-08-22 05:01:43.105 +08:00 [INF] DESKTOP-J6M8022 34864/9 SystemMonitor.Service.Services.RpcHostedService 客户端会话建立: conn="860b5ccb-a321-4101-b6d7-ba8cfd17c2fa"&#xD;
[xUnit.net 00:00:17.46]       2025-08-22 05:01:43.109 +08:00 [INF] DESKTOP-J6M8022 34864/8 SystemMonitor.Service.Services.RpcHostedService 客户端断开：已达到流的结尾。 conn="860b5ccb-a321-4101-b6d7-ba8cfd17c2fa"&#xD;
[xUnit.net 00:00:17.46]       2025-08-22 05:01:43.386 +08:00 [INF] DESKTOP-J6M8022 34864/11 SystemMonitor.Service.Services.RpcHostedService 客户端已连接&#xD;
[xUnit.net 00:00:17.46]       2025-08-22 05:01:43.386 +08:00 [INF] DESKTOP-J6M8022 34864/11 SystemMonitor.Service.Services.RpcHostedService 客户端会话建立: conn="7103465a-6b36-49d0-b971-0765ff27b367"&#xD;
[xUnit.net 00:00:17.46]       2025-08-22 05:01:43.387 +08:00 [INF] DESKTOP-J6M8022 34864/11 SystemMonitor.Service.Services.RpcHostedService snapshot called, modules=*&#xD;
[xUnit.net 00:00:17.46]       2025-08-22 05:01:43.394 +08:00 [INF] DESKTOP-J6M8022 34864/14 SystemMonitor.Service.Services.RpcHostedService 客户端断开：已达到流的结尾。 conn="7103465a-6b36-49d0-b971-0765ff27b367"&#xD;
[xUnit.net 00:00:17.46]       2025-08-22 05:01:44.107 +08:00 [INF] DESKTOP-J6M8022 34864/11 SystemMonitor.Service.Worker Worker running at: "2025-08-22T05:01:44.1078485+08:00"&#xD;
[xUnit.net 00:00:17.46]       2025-08-22 05:01:45.116 +08:00 [INF] DESKTOP-J6M8022 34864/8 SystemMonitor.Service.Worker Worker running at: "2025-08-22T05:01:45.1165225+08:00"&#xD;
[xUnit.net 00:00:17.46]       2025-08-22 05:01:46.125 +08:00 [INF] DESKTOP-J6M8022 34864/8 SystemMonitor.Service.Worker Worker running at: "2025-08-22T05:01:46.1259467+08:00"&#xD;
[xUnit.net 00:00:17.46]       2025-08-22 05:01:47.131 +08:00 [INF] DESKTOP-J6M8022 34864/8 SystemMonitor.Service.Worker Worker running at: "2025-08-22T05:01:47.1319177+08:00"&#xD;
[xUnit.net 00:00:17.46]       2025-08-22 05:01:48.110 +08:00 [INF] DESKTOP-J6M8022 34864/9 SystemMonitor.Service.Services.RpcHostedService 客户端已连接&#xD;
[xUnit.net 00:00:17.46]       2025-08-22 05:01:48.111 +08:00 [INF] DESKTOP-J6M8022 34864/9 SystemMonitor.Service.Services.RpcHostedService 客户端会话建立: conn="dc929a0f-2511-48c2-b921-bb00e3b2d95e"&#xD;
[xUnit.net 00:00:17.46]       2025-08-22 05:01:48.113 +08:00 [INF] DESKTOP-J6M8022 34864/9 SystemMonitor.Service.Services.RpcHostedService 客户端断开：已达到流的结尾。 conn="dc929a0f-2511-48c2-b921-bb00e3b2d95e"&#xD;
[xUnit.net 00:00:17.46]       2025-08-22 05:01:48.139 +08:00 [INF] DESKTOP-J6M8022 34864/9 SystemMonitor.Service.Worker Worker running at: "2025-08-22T05:01:48.1397480+08:00"&#xD;
[xUnit.net 00:00:17.46]       2025-08-22 05:01:49.149 +08:00 [INF] DESKTOP-J6M8022 34864/9 SystemMonitor.Service.Worker Worker running at: "2025-08-22T05:01:49.1490602+08:00"&#xD;
[xUnit.net 00:00:17.46]       2025-08-22 05:01:50.156 +08:00 [INF] DESKTOP-J6M8022 34864/9 SystemMonitor.Service.Worker Worker running at: "2025-08-22T05:01:50.1565687+08:00"&#xD;
[xUnit.net 00:00:17.46]       2025-08-22 05:01:51.163 +08:00 [INF] DESKTOP-J6M8022 34864/8 SystemMonitor.Service.Worker Worker running at: "2025-08-22T05:01:51.1638742+08:00"&#xD;
[xUnit.net 00:00:17.46]       2025-08-22 05:01:52.175 +08:00 [INF] DESKTOP-J6M8022 34864/8 SystemMonitor.Service.Worker Worker running at: "2025-08-22T05:01:52.1751866+08:00"&#xD;
[xUnit.net 00:00:17.46]       2025-08-22 05:01:53.106 +08:00 [INF] DESKTOP-J6M8022 34864/8 SystemMonitor.Service.Services.RpcHostedService 客户端已连接&#xD;
[xUnit.net 00:00:17.46]       2025-08-22 05:01:53.106 +08:00 [INF] DESKTOP-J6M8022 34864/8 SystemMonitor.Service.Services.RpcHostedService 客户端会话建立: conn="cf08e297-f8bc-42e5-a912-8cdf3760d104"&#xD;
[xUnit.net 00:00:17.46]       2025-08-22 05:01:53.109 +08:00 [INF] DESKTOP-J6M8022 34864/14 SystemMonitor.Service.Services.RpcHostedService 客户端断开：已达到流的结尾。 conn="cf08e297-f8bc-42e5-a912-8cdf3760d104"&#xD;
[xUnit.net 00:00:17.46]       2025-08-22 05:01:53.183 +08:00 [INF] DESKTOP-J6M8022 34864/12 SystemMonitor.Service.Worker Worker running at: "2025-08-22T05:01:53.1832976+08:00"&#xD;
[xUnit.net 00:00:17.46]       2025-08-22 05:01:54.188 +08:00 [INF] DESKTOP-J6M8022 34864/12 SystemMonitor.Service.Worker Worker running at: "2025-08-22T05:01:54.1886519+08:00"&#xD;
[xUnit.net 00:00:17.46]       2025-08-22 05:01:55.189 +08:00 [INF] DESKTOP-J6M8022 34864/12 SystemMonitor.Service.Worker Worker running at: "2025-08-22T05:01:55.1890118+08:00"&#xD;
[xUnit.net 00:00:17.46]       2025-08-22 05:01:56.201 +08:00 [INF] DESKTOP-J6M8022 34864/14 SystemMonitor.Service.Worker Worker running at: "2025-08-22T05:01:56.2011712+08:00"&#xD;
[xUnit.net 00:00:17.46]       2025-08-22 05:01:57.203 +08:00 [INF] DESKTOP-J6M8022 34864/12 SystemMonitor.Service.Worker Worker running at: "2025-08-22T05:01:57.2030740+08:00"&#xD;
[xUnit.net 00:00:17.46]       2025-08-22 05:01:58.150 +08:00 [INF] DESKTOP-J6M8022 34864/11 SystemMonitor.Service.Services.RpcHostedService 客户端已连接&#xD;
[xUnit.net 00:00:17.46]       2025-08-22 05:01:58.150 +08:00 [INF] DESKTOP-J6M8022 34864/11 SystemMonitor.Service.Services.RpcHostedService 客户端会话建立: conn="12ea3cb9-6e37-4a78-8a02-17ba9963b724"&#xD;
[xUnit.net 00:00:17.46]       2025-08-22 05:01:58.164 +08:00 [INF] DESKTOP-J6M8022 34864/14 SystemMonitor.Service.Services.RpcHostedService 客户端断开：已达到流的结尾。 conn="12ea3cb9-6e37-4a78-8a02-17ba9963b724"&#xD;
[xUnit.net 00:00:17.46]       2025-08-22 05:01:58.220 +08:00 [INF] DESKTOP-J6M8022 34864/14 SystemMonitor.Service.Worker Worker running at: "2025-08-22T05:01:58.2204087+08:00"&#xD;
[xUnit.net 00:00:17.46]       2025-08-22 05:01:59.232 +08:00 [INF] DESKTOP-J6M8022 34864/11 SystemMonitor.Service.Worker Worker running at: "2025-08-22T05:01:59.2321592+08:00"&#xD;
[xUnit.net 00:00:17.46]       2025-08-22 05:02:00.236 +08:00 [INF] DESKTOP-J6M8022 34864/14 SystemMonitor.Service.Worker Worker running at: "2025-08-22T05:02:00.2367533+08:00"&#xD;
[xUnit.net 00:00:17.46]       2025-08-22 05:02:01.245 +08:00 [INF] DESKTOP-J6M8022 34864/11 SystemMonitor.Service.Worker Worker running at: "2025-08-22T05:02:01.2451701+08:00"&#xD;
[xUnit.net 00:00:17.46]       2025-08-22 05:02:02.255 +08:00 [INF] DESKTOP-J6M8022 34864/11 SystemMonitor.Service.Worker Worker running at: "2025-08-22T05:02:02.2559126+08:00"&#xD;
[xUnit.net 00:00:17.46]       Stack Trace:&#xD;
[xUnit.net 00:00:17.46]         C:\code\sys-sensor-v3\src\SystemMonitor.Tests\EndToEndTests.cs(151,0): at SystemMonitor.Tests.EndToEndTests.WaitPipeReadyAsync(TimeSpan timeout)&#xD;
[xUnit.net 00:00:17.46]         C:\code\sys-sensor-v3\src\SystemMonitor.Tests\EndToEndTests.cs(278,0): at SystemMonitor.Tests.EndToEndTests.InitializeAsync()&#xD;
[svc][out] 正在生成...&#xD;
[test][pipe-wait] last-win32=2 elapsed=0.0s&#xD;
[test][pipe-wait] last-win32=2 elapsed=0.2s&#xD;
[test][pipe-wait] last-win32=2 elapsed=0.4s&#xD;
[test][pipe-wait] last-win32=2 elapsed=0.6s&#xD;
[test][pipe-wait] last-win32=2 elapsed=0.8s&#xD;
[test][pipe-wait] last-win32=2 elapsed=1.0s&#xD;
[test][pipe-wait] last-win32=2 elapsed=1.2s&#xD;
[test][pipe-wait] last-win32=2 elapsed=1.4s&#xD;
[test][pipe-wait] last-win32=2 elapsed=1.7s&#xD;
[test][pipe-wait] last-win32=2 elapsed=1.9s&#xD;
[svc][out] C:\code\sys-sensor-v3\src\SystemMonitor.Service\Services\RpcHostedService.cs(201,31): error CS0103: 当前上下文中不存在名称“TryCreateCounter�?[C:\code\sys-sensor-v3\src\SystemMonitor.Service\SystemMonitor.Service.csproj]&#xD;
[svc][out] C:\code\sys-sensor-v3\src\SystemMonitor.Service\Services\RpcHostedService.cs(203,35): error CS0103: 当前上下文中不存在名称“TryCreateCounter�?[C:\code\sys-sensor-v3\src\SystemMonitor.Service\SystemMonitor.Service.csproj]&#xD;
[svc][out] C:\code\sys-sensor-v3\src\SystemMonitor.Service\Program.cs(76,13): warning CA1416: 可在所有平台上访问此调用站点�?RpcHostedService" 仅在 'windows' 上受支持�?(https://learn.microsoft.com/dotnet/fundamentals/code-analysis/quality-rules/ca1416) [C:\code\sys-sensor-v3\src\SystemMonitor.Service\SystemMonitor.Service.csproj]&#xD;
[svc][err] 生成失败。请修复生成错误并重新运行�?&#xD;
[xUnit.net 00:00:20.05]       System.InvalidOperationException : Service exited while waiting for pipe. Code=1. Tail:
[svc][out] 姝ｅ湪鐢熸垚...&#xD;
[xUnit.net 00:00:20.05]       [svc][out] C:\code\sys-sensor-v3\src\SystemMonitor.Service\Services\RpcHostedService.cs(201,31): error CS0103: 褰撳墠涓婁笅鏂囦腑涓嶅瓨鍦ㄥ悕绉扳€淭ryCreateCounter鈥?[C:\code\sys-sensor-v3\src\SystemMonitor.Service\SystemMonitor.Service.csproj]&#xD;
[xUnit.net 00:00:20.05]       [svc][out] C:\code\sys-sensor-v3\src\SystemMonitor.Service\Services\RpcHostedService.cs(203,35): error CS0103: 褰撳墠涓婁笅鏂囦腑涓嶅瓨鍦ㄥ悕绉扳€淭ryCreateCounter鈥?[C:\code\sys-sensor-v3\src\SystemMonitor.Service\SystemMonitor.Service.csproj]&#xD;
[xUnit.net 00:00:20.05]       [svc][out] C:\code\sys-sensor-v3\src\SystemMonitor.Service\Program.cs(76,13): warning CA1416: 鍙湪鎵€鏈夊钩鍙颁笂璁块棶姝よ皟鐢ㄧ珯鐐广€?RpcHostedService" 浠呭湪 'windows' 涓婂彈鏀寔銆?(https://learn.microsoft.com/dotnet/fundamentals/code-analysis/quality-rules/ca1416) [C:\code\sys-sensor-v3\src\SystemMonitor.Service\SystemMonitor.Service.csproj]&#xD;
[xUnit.net 00:00:20.06]       [svc][err] 鐢熸垚澶辫触銆傝淇鐢熸垚閿欒骞堕噸鏂拌繍琛屻€?
[file-log-tail]
2025-08-22 05:00:07.505 +08:00 [INF] DESKTOP-J6M8022 34864/11 SystemMonitor.Service.Worker Worker running at: "2025-08-22T05:00:07.5059406+08:00"&#xD;
[xUnit.net 00:00:20.06]       2025-08-22 05:00:08.115 +08:00 [INF] DESKTOP-J6M8022 34864/11 SystemMonitor.Service.Services.RpcHostedService 客户端已连接&#xD;
[xUnit.net 00:00:20.06]       2025-08-22 05:00:08.115 +08:00 [INF] DESKTOP-J6M8022 34864/11 SystemMonitor.Service.Services.RpcHostedService 客户端会话建立: conn="3ebaf5c9-7a90-4c1f-8d06-77e4b9511b6b"&#xD;
[xUnit.net 00:00:20.06]       2025-08-22 05:00:08.119 +08:00 [INF] DESKTOP-J6M8022 34864/11 SystemMonitor.Service.Services.RpcHostedService 客户端断开：已达到流的结尾。 conn="3ebaf5c9-7a90-4c1f-8d06-77e4b9511b6b"&#xD;
[xUnit.net 00:00:20.06]       2025-08-22 05:00:08.515 +08:00 [INF] DESKTOP-J6M8022 34864/11 SystemMonitor.Service.Worker Worker running at: "2025-08-22T05:00:08.5155952+08:00"&#xD;
[xUnit.net 00:00:20.06]       2025-08-22 05:00:09.524 +08:00 [INF] DESKTOP-J6M8022 34864/9 SystemMonitor.Service.Worker Worker running at: "2025-08-22T05:00:09.5241284+08:00"&#xD;
[xUnit.net 00:00:20.06]       2025-08-22 05:00:10.532 +08:00 [INF] DESKTOP-J6M8022 34864/8 SystemMonitor.Service.Worker Worker running at: "2025-08-22T05:00:10.5324730+08:00"&#xD;
[xUnit.net 00:00:20.06]       2025-08-22 05:00:11.535 +08:00 [INF] DESKTOP-J6M8022 34864/12 SystemMonitor.Service.Worker Worker running at: "2025-08-22T05:00:11.5357528+08:00"&#xD;
[xUnit.net 00:00:20.06]       2025-08-22 05:00:12.548 +08:00 [INF] DESKTOP-J6M8022 34864/8 SystemMonitor.Service.Worker Worker running at: "2025-08-22T05:00:12.5481912+08:00"&#xD;
[xUnit.net 00:00:20.06]       2025-08-22 05:00:13.107 +08:00 [INF] DESKTOP-J6M8022 34864/12 SystemMonitor.Service.Services.RpcHostedService 客户端已连接&#xD;
[xUnit.net 00:00:20.06]       2025-08-22 05:00:13.107 +08:00 [INF] DESKTOP-J6M8022 34864/12 SystemMonitor.Service.Services.RpcHostedService 客户端会话建立: conn="27a81c38-4647-493a-8fb8-8f2e144087dc"&#xD;
[xUnit.net 00:00:20.06]       2025-08-22 05:00:13.111 +08:00 [INF] DESKTOP-J6M8022 34864/11 SystemMonitor.Service.Services.RpcHostedService 客户端断开：已达到流的结尾。 conn="27a81c38-4647-493a-8fb8-8f2e144087dc"&#xD;
[xUnit.net 00:00:20.06]       2025-08-22 05:00:13.384 +08:00 [INF] DESKTOP-J6M8022 34864/8 SystemMonitor.Service.Services.RpcHostedService 客户端已连接&#xD;
[xUnit.net 00:00:20.06]       2025-08-22 05:00:13.384 +08:00 [INF] DESKTOP-J6M8022 34864/8 SystemMonitor.Service.Services.RpcHostedService 客户端会话建立: conn="25e61bd6-9b34-4b1b-8730-8dd26623668c"&#xD;
[xUnit.net 00:00:20.06]       2025-08-22 05:00:13.405 +08:00 [INF] DESKTOP-J6M8022 34864/8 SystemMonitor.Service.Services.RpcHostedService snapshot called, modules=*&#xD;
[xUnit.net 00:00:20.06]       2025-08-22 05:00:13.408 +08:00 [INF] DESKTOP-J6M8022 34864/9 SystemMonitor.Service.Services.RpcHostedService 客户端断开：已达到流的结尾。 conn="25e61bd6-9b34-4b1b-8730-8dd26623668c"&#xD;
[xUnit.net 00:00:20.06]       2025-08-22 05:00:13.551 +08:00 [INF] DESKTOP-J6M8022 34864/12 SystemMonitor.Service.Worker Worker running at: "2025-08-22T05:00:13.5519178+08:00"&#xD;
[xUnit.net 00:00:20.06]       2025-08-22 05:00:14.561 +08:00 [INF] DESKTOP-J6M8022 34864/8 SystemMonitor.Service.Worker Worker running at: "2025-08-22T05:00:14.5613344+08:00"&#xD;
[xUnit.net 00:00:20.06]       2025-08-22 05:00:15.574 +08:00 [INF] DESKTOP-J6M8022 34864/8 SystemMonitor.Service.Worker Worker running at: "2025-08-22T05:00:15.5741996+08:00"&#xD;
[xUnit.net 00:00:20.06]       2025-08-22 05:00:16.580 +08:00 [INF] DESKTOP-J6M8022 34864/12 SystemMonitor.Service.Worker Worker running at: "2025-08-22T05:00:16.5802431+08:00"&#xD;
[xUnit.net 00:00:20.06]       2025-08-22 05:00:17.583 +08:00 [INF] DESKTOP-J6M8022 34864/12 SystemMonitor.Service.Worker Worker running at: "2025-08-22T05:00:17.5832737+08:00"&#xD;
[xUnit.net 00:00:20.06]       2025-08-22 05:00:18.114 +08:00 [INF] DESKTOP-J6M8022 34864/11 SystemMonitor.Service.Services.RpcHostedService 客户端已连接&#xD;
[xUnit.net 00:00:20.06]       2025-08-22 05:00:18.114 +08:00 [INF] DESKTOP-J6M8022 34864/11 SystemMonitor.Service.Services.RpcHostedService 客户端会话建立: conn="8619790b-69c5-445b-ab8d-8526df618427"&#xD;
[xUnit.net 00:00:20.06]       2025-08-22 05:00:18.116 +08:00 [INF] DESKTOP-J6M8022 34864/12 SystemMonitor.Service.Services.RpcHostedService 客户端断开：已达到流的结尾。 conn="8619790b-69c5-445b-ab8d-8526df618427"&#xD;
[xUnit.net 00:00:20.06]       2025-08-22 05:00:18.595 +08:00 [INF] DESKTOP-J6M8022 34864/11 SystemMonitor.Service.Worker Worker running at: "2025-08-22T05:00:18.5953464+08:00"&#xD;
[xUnit.net 00:00:20.06]       2025-08-22 05:00:19.605 +08:00 [INF] DESKTOP-J6M8022 34864/11 SystemMonitor.Service.Worker Worker running at: "2025-08-22T05:00:19.6052530+08:00"&#xD;
[xUnit.net 00:00:20.06]       2025-08-22 05:00:20.613 +08:00 [INF] DESKTOP-J6M8022 34864/13 SystemMonitor.Service.Worker Worker running at: "2025-08-22T05:00:20.6131263+08:00"&#xD;
[xUnit.net 00:00:20.06]       2025-08-22 05:00:21.613 +08:00 [INF] DESKTOP-J6M8022 34864/11 SystemMonitor.Service.Worker Worker running at: "2025-08-22T05:00:21.6130098+08:00"&#xD;
[xUnit.net 00:00:20.06]       2025-08-22 05:00:22.624 +08:00 [INF] DESKTOP-J6M8022 34864/13 SystemMonitor.Service.Worker Worker running at: "2025-08-22T05:00:22.6244940+08:00"&#xD;
[xUnit.net 00:00:20.06]       2025-08-22 05:00:23.105 +08:00 [INF] DESKTOP-J6M8022 34864/13 SystemMonitor.Service.Services.RpcHostedService 客户端已连接&#xD;
[xUnit.net 00:00:20.06]       2025-08-22 05:00:23.105 +08:00 [INF] DESKTOP-J6M8022 34864/13 SystemMonitor.Service.Services.RpcHostedService 客户端会话建立: conn="849f5c90-811a-4eb3-97ea-73e1b9d03257"&#xD;
[xUnit.net 00:00:20.06]       2025-08-22 05:00:23.108 +08:00 [INF] DESKTOP-J6M8022 34864/8 SystemMonitor.Service.Services.RpcHostedService 客户端断开：已达到流的结尾。 conn="849f5c90-811a-4eb3-97ea-73e1b9d03257"&#xD;
[xUnit.net 00:00:20.06]       2025-08-22 05:00:23.627 +08:00 [INF] DESKTOP-J6M8022 34864/13 SystemMonitor.Service.Worker Worker running at: "2025-08-22T05:00:23.6275367+08:00"&#xD;
[xUnit.net 00:00:20.06]       2025-08-22 05:00:24.631 +08:00 [INF] DESKTOP-J6M8022 34864/8 SystemMonitor.Service.Worker Worker running at: "2025-08-22T05:00:24.6319373+08:00"&#xD;
[xUnit.net 00:00:20.06]       2025-08-22 05:00:25.643 +08:00 [INF] DESKTOP-J6M8022 34864/13 SystemMonitor.Service.Worker Worker running at: "2025-08-22T05:00:25.6437810+08:00"&#xD;
[xUnit.net 00:00:20.06]       2025-08-22 05:00:26.649 +08:00 [INF] DESKTOP-J6M8022 34864/10 SystemMonitor.Service.Worker Worker running at: "2025-08-22T05:00:26.6498268+08:00"&#xD;
[xUnit.net 00:00:20.06]       2025-08-22 05:00:27.653 +08:00 [INF] DESKTOP-J6M8022 34864/13 SystemMonitor.Service.Worker Worker running at: "2025-08-22T05:00:27.6536723+08:00"&#xD;
[xUnit.net 00:00:20.06]       2025-08-22 05:00:28.104 +08:00 [INF] DESKTOP-J6M8022 34864/13 SystemMonitor.Service.Services.RpcHostedService 客户端已连接&#xD;
[xUnit.net 00:00:20.06]       2025-08-22 05:00:28.104 +08:00 [INF] DESKTOP-J6M8022 34864/13 SystemMonitor.Service.Services.RpcHostedService 客户端会话建立: conn="58087a9a-4fe9-4ab7-893a-962c7c34de4d"&#xD;
[xUnit.net 00:00:20.06]       2025-08-22 05:00:28.108 +08:00 [INF] DESKTOP-J6M8022 34864/10 SystemMonitor.Service.Services.RpcHostedService 客户端断开：已达到流的结尾。 conn="58087a9a-4fe9-4ab7-893a-962c7c34de4d"&#xD;
[xUnit.net 00:00:20.06]       2025-08-22 05:00:28.658 +08:00 [INF] DESKTOP-J6M8022 34864/10 SystemMonitor.Service.Worker Worker running at: "2025-08-22T05:00:28.6580477+08:00"&#xD;
[xUnit.net 00:00:20.06]       2025-08-22 05:00:29.667 +08:00 [INF] DESKTOP-J6M8022 34864/10 SystemMonitor.Service.Worker Worker running at: "2025-08-22T05:00:29.6670246+08:00"&#xD;
[xUnit.net 00:00:20.06]       2025-08-22 05:00:30.671 +08:00 [INF] DESKTOP-J6M8022 34864/11 SystemMonitor.Service.Worker Worker running at: "2025-08-22T05:00:30.6718324+08:00"&#xD;
[xUnit.net 00:00:20.06]       2025-08-22 05:00:31.677 +08:00 [INF] DESKTOP-J6M8022 34864/11 SystemMonitor.Service.Worker Worker running at: "2025-08-22T05:00:31.6773257+08:00"&#xD;
[xUnit.net 00:00:20.06]       2025-08-22 05:00:32.687 +08:00 [INF] DESKTOP-J6M8022 34864/8 SystemMonitor.Service.Worker Worker running at: "2025-08-22T05:00:32.6879602+08:00"&#xD;
[xUnit.net 00:00:20.06]       2025-08-22 05:00:33.104 +08:00 [INF] DESKTOP-J6M8022 34864/11 SystemMonitor.Service.Services.RpcHostedService 客户端已连接&#xD;
[xUnit.net 00:00:20.06]       2025-08-22 05:00:33.104 +08:00 [INF] DESKTOP-J6M8022 34864/11 SystemMonitor.Service.Services.RpcHostedService 客户端会话建立: conn="f2efc72f-7360-4d95-8499-7acad765c432"&#xD;
[xUnit.net 00:00:20.06]       2025-08-22 05:00:33.107 +08:00 [INF] DESKTOP-J6M8022 34864/11 SystemMonitor.Service.Services.RpcHostedService 客户端断开：已达到流的结尾。 conn="f2efc72f-7360-4d95-8499-7acad765c432"&#xD;
[xUnit.net 00:00:20.06]       2025-08-22 05:00:33.703 +08:00 [INF] DESKTOP-J6M8022 34864/8 SystemMonitor.Service.Worker Worker running at: "2025-08-22T05:00:33.7031716+08:00"&#xD;
[xUnit.net 00:00:20.06]       2025-08-22 05:00:34.705 +08:00 [INF] DESKTOP-J6M8022 34864/13 SystemMonitor.Service.Worker Worker running at: "2025-08-22T05:00:34.7053006+08:00"&#xD;
[xUnit.net 00:00:20.06]       2025-08-22 05:00:35.716 +08:00 [INF] DESKTOP-J6M8022 34864/11 SystemMonitor.Service.Worker Worker running at: "2025-08-22T05:00:35.7161477+08:00"&#xD;
[xUnit.net 00:00:20.06]       2025-08-22 05:00:36.721 +08:00 [INF] DESKTOP-J6M8022 34864/12 SystemMonitor.Service.Worker Worker running at: "2025-08-22T05:00:36.7213935+08:00"&#xD;
[xUnit.net 00:00:20.06]       2025-08-22 05:00:37.725 +08:00 [INF] DESKTOP-J6M8022 34864/12 SystemMonitor.Service.Worker Worker running at: "2025-08-22T05:00:37.7251514+08:00"&#xD;
[xUnit.net 00:00:20.06]       2025-08-22 05:00:38.118 +08:00 [INF] DESKTOP-J6M8022 34864/13 SystemMonitor.Service.Services.RpcHostedService 客户端已连接&#xD;
[xUnit.net 00:00:20.06]       2025-08-22 05:00:38.118 +08:00 [INF] DESKTOP-J6M8022 34864/13 SystemMonitor.Service.Services.RpcHostedService 客户端会话建立: conn="b439ecab-ffb2-4843-8f54-1844ad704c06"&#xD;
[xUnit.net 00:00:20.06]       2025-08-22 05:00:38.121 +08:00 [INF] DESKTOP-J6M8022 34864/13 SystemMonitor.Service.Services.RpcHostedService 客户端断开：已达到流的结尾。 conn="b439ecab-ffb2-4843-8f54-1844ad704c06"&#xD;
[xUnit.net 00:00:20.06]       2025-08-22 05:00:38.725 +08:00 [INF] DESKTOP-J6M8022 34864/8 SystemMonitor.Service.Worker Worker running at: "2025-08-22T05:00:38.7259519+08:00"&#xD;
[xUnit.net 00:00:20.06]       2025-08-22 05:00:39.740 +08:00 [INF] DESKTOP-J6M8022 34864/11 SystemMonitor.Service.Worker Worker running at: "2025-08-22T05:00:39.7403082+08:00"&#xD;
[xUnit.net 00:00:20.06]       2025-08-22 05:00:40.742 +08:00 [INF] DESKTOP-J6M8022 34864/11 SystemMonitor.Service.Worker Worker running at: "2025-08-22T05:00:40.7425737+08:00"&#xD;
[xUnit.net 00:00:20.06]       2025-08-22 05:00:41.745 +08:00 [INF] DESKTOP-J6M8022 34864/13 SystemMonitor.Service.Worker Worker running at: "2025-08-22T05:00:41.7451229+08:00"&#xD;
[xUnit.net 00:00:20.06]       2025-08-22 05:00:42.751 +08:00 [INF] DESKTOP-J6M8022 34864/11 SystemMonitor.Service.Worker Worker running at: "2025-08-22T05:00:42.7515665+08:00"&#xD;
[xUnit.net 00:00:20.06]       2025-08-22 05:00:43.110 +08:00 [INF] DESKTOP-J6M8022 34864/14 SystemMonitor.Service.Services.RpcHostedService 客户端已连接&#xD;
[xUnit.net 00:00:20.06]       2025-08-22 05:00:43.110 +08:00 [INF] DESKTOP-J6M8022 34864/14 SystemMonitor.Service.Services.RpcHostedService 客户端会话建立: conn="ec82b613-da05-4264-84fe-3fb03c945d2f"&#xD;
[xUnit.net 00:00:20.06]       2025-08-22 05:00:43.120 +08:00 [INF] DESKTOP-J6M8022 34864/9 SystemMonitor.Service.Services.RpcHostedService 客户端断开：已达到流的结尾。 conn="ec82b613-da05-4264-84fe-3fb03c945d2f"&#xD;
[xUnit.net 00:00:20.06]       2025-08-22 05:00:43.389 +08:00 [INF] DESKTOP-J6M8022 34864/13 SystemMonitor.Service.Services.RpcHostedService 客户端已连接&#xD;
[xUnit.net 00:00:20.06]       2025-08-22 05:00:43.389 +08:00 [INF] DESKTOP-J6M8022 34864/13 SystemMonitor.Service.Services.RpcHostedService 客户端会话建立: conn="2f7dc9d3-2402-4294-ba61-bc663df8cf82"&#xD;
[xUnit.net 00:00:20.06]       2025-08-22 05:00:43.398 +08:00 [INF] DESKTOP-J6M8022 34864/13 SystemMonitor.Service.Services.RpcHostedService snapshot called, modules=*&#xD;
[xUnit.net 00:00:20.06]       2025-08-22 05:00:43.407 +08:00 [INF] DESKTOP-J6M8022 34864/13 SystemMonitor.Service.Services.RpcHostedService 客户端断开：已达到流的结尾。 conn="2f7dc9d3-2402-4294-ba61-bc663df8cf82"&#xD;
[xUnit.net 00:00:20.06]       2025-08-22 05:00:43.756 +08:00 [INF] DESKTOP-J6M8022 34864/13 SystemMonitor.Service.Worker Worker running at: "2025-08-22T05:00:43.7565234+08:00"&#xD;
[xUnit.net 00:00:20.06]       2025-08-22 05:00:44.757 +08:00 [INF] DESKTOP-J6M8022 34864/11 SystemMonitor.Service.Worker Worker running at: "2025-08-22T05:00:44.7577675+08:00"&#xD;
[xUnit.net 00:00:20.06]       2025-08-22 05:00:45.762 +08:00 [INF] DESKTOP-J6M8022 34864/11 SystemMonitor.Service.Worker Worker running at: "2025-08-22T05:00:45.7627674+08:00"&#xD;
[xUnit.net 00:00:20.06]       2025-08-22 05:00:46.772 +08:00 [INF] DESKTOP-J6M8022 34864/11 SystemMonitor.Service.Worker Worker running at: "2025-08-22T05:00:46.7724296+08:00"&#xD;
[xUnit.net 00:00:20.06]       2025-08-22 05:00:47.772 +08:00 [INF] DESKTOP-J6M8022 34864/11 SystemMonitor.Service.Worker Worker running at: "2025-08-22T05:00:47.7724414+08:00"&#xD;
[xUnit.net 00:00:20.06]       2025-08-22 05:00:48.113 +08:00 [INF] DESKTOP-J6M8022 34864/11 SystemMonitor.Service.Services.RpcHostedService 客户端已连接&#xD;
[xUnit.net 00:00:20.06]       2025-08-22 05:00:48.113 +08:00 [INF] DESKTOP-J6M8022 34864/11 SystemMonitor.Service.Services.RpcHostedService 客户端会话建立: conn="0b57ec2b-be63-49bb-9b61-b642d4a6bad8"&#xD;
[xUnit.net 00:00:20.06]       2025-08-22 05:00:48.118 +08:00 [INF] DESKTOP-J6M8022 34864/11 SystemMonitor.Service.Services.RpcHostedService 客户端断开：已达到流的结尾。 conn="0b57ec2b-be63-49bb-9b61-b642d4a6bad8"&#xD;
[xUnit.net 00:00:20.06]       2025-08-22 05:00:48.786 +08:00 [INF] DESKTOP-J6M8022 34864/14 SystemMonitor.Service.Worker Worker running at: "2025-08-22T05:00:48.7861767+08:00"&#xD;
[xUnit.net 00:00:20.06]       2025-08-22 05:00:49.797 +08:00 [INF] DESKTOP-J6M8022 34864/14 SystemMonitor.Service.Worker Worker running at: "2025-08-22T05:00:49.7971060+08:00"&#xD;
[xUnit.net 00:00:20.06]       2025-08-22 05:00:50.810 +08:00 [INF] DESKTOP-J6M8022 34864/14 SystemMonitor.Service.Worker Worker running at: "2025-08-22T05:00:50.8103703+08:00"&#xD;
[xUnit.net 00:00:20.06]       2025-08-22 05:00:51.819 +08:00 [INF] DESKTOP-J6M8022 34864/14 SystemMonitor.Service.Worker Worker running at: "2025-08-22T05:00:51.8191149+08:00"&#xD;
[xUnit.net 00:00:20.06]       2025-08-22 05:00:52.832 +08:00 [INF] DESKTOP-J6M8022 34864/14 SystemMonitor.Service.Worker Worker running at: "2025-08-22T05:00:52.8322629+08:00"&#xD;
[xUnit.net 00:00:20.06]       2025-08-22 05:00:53.102 +08:00 [INF] DESKTOP-J6M8022 34864/14 SystemMonitor.Service.Services.RpcHostedService 客户端已连接&#xD;
[xUnit.net 00:00:20.06]       2025-08-22 05:00:53.102 +08:00 [INF] DESKTOP-J6M8022 34864/14 SystemMonitor.Service.Services.RpcHostedService 客户端会话建立: conn="a1d8b427-d708-44e2-9952-15a5a936e6af"&#xD;
[xUnit.net 00:00:20.06]       2025-08-22 05:00:53.105 +08:00 [INF] DESKTOP-J6M8022 34864/13 SystemMonitor.Service.Services.RpcHostedService 客户端断开：已达到流的结尾。 conn="a1d8b427-d708-44e2-9952-15a5a936e6af"&#xD;
[xUnit.net 00:00:20.06]       2025-08-22 05:00:53.839 +08:00 [INF] DESKTOP-J6M8022 34864/9 SystemMonitor.Service.Worker Worker running at: "2025-08-22T05:00:53.8390210+08:00"&#xD;
[xUnit.net 00:00:20.06]       2025-08-22 05:00:54.844 +08:00 [INF] DESKTOP-J6M8022 34864/9 SystemMonitor.Service.Worker Worker running at: "2025-08-22T05:00:54.8440332+08:00"&#xD;
[xUnit.net 00:00:20.06]       2025-08-22 05:00:55.849 +08:00 [INF] DESKTOP-J6M8022 34864/14 SystemMonitor.Service.Worker Worker running at: "2025-08-22T05:00:55.8498931+08:00"&#xD;
[xUnit.net 00:00:20.06]       2025-08-22 05:00:56.855 +08:00 [INF] DESKTOP-J6M8022 34864/12 SystemMonitor.Service.Worker Worker running at: "2025-08-22T05:00:56.8554623+08:00"&#xD;
[xUnit.net 00:00:20.06]       2025-08-22 05:00:57.861 +08:00 [INF] DESKTOP-J6M8022 34864/12 SystemMonitor.Service.Worker Worker running at: "2025-08-22T05:00:57.8610329+08:00"&#xD;
[xUnit.net 00:00:20.06]       2025-08-22 05:00:58.111 +08:00 [INF] DESKTOP-J6M8022 34864/8 SystemMonitor.Service.Services.RpcHostedService 客户端已连接&#xD;
[xUnit.net 00:00:20.06]       2025-08-22 05:00:58.111 +08:00 [INF] DESKTOP-J6M8022 34864/8 SystemMonitor.Service.Services.RpcHostedService 客户端会话建立: conn="667ed3f1-bd30-41e0-92ff-80608571c1ce"&#xD;
[xUnit.net 00:00:20.06]       2025-08-22 05:00:58.116 +08:00 [INF] DESKTOP-J6M8022 34864/12 SystemMonitor.Service.Services.RpcHostedService 客户端断开：已达到流的结尾。 conn="667ed3f1-bd30-41e0-92ff-80608571c1ce"&#xD;
[xUnit.net 00:00:20.06]       2025-08-22 05:00:58.863 +08:00 [INF] DESKTOP-J6M8022 34864/8 SystemMonitor.Service.Worker Worker running at: "2025-08-22T05:00:58.8635685+08:00"&#xD;
[xUnit.net 00:00:20.06]       2025-08-22 05:00:59.864 +08:00 [INF] DESKTOP-J6M8022 34864/13 SystemMonitor.Service.Worker Worker running at: "2025-08-22T05:00:59.8639948+08:00"&#xD;
[xUnit.net 00:00:20.06]       2025-08-22 05:01:00.871 +08:00 [INF] DESKTOP-J6M8022 34864/8 SystemMonitor.Service.Worker Worker running at: "2025-08-22T05:01:00.8711317+08:00"&#xD;
[xUnit.net 00:00:20.06]       2025-08-22 05:01:01.872 +08:00 [INF] DESKTOP-J6M8022 34864/8 SystemMonitor.Service.Worker Worker running at: "2025-08-22T05:01:01.8723849+08:00"&#xD;
[xUnit.net 00:00:20.06]       2025-08-22 05:01:02.874 +08:00 [INF] DESKTOP-J6M8022 34864/13 SystemMonitor.Service.Worker Worker running at: "2025-08-22T05:01:02.8742125+08:00"&#xD;
[xUnit.net 00:00:20.06]       2025-08-22 05:01:03.109 +08:00 [INF] DESKTOP-J6M8022 34864/13 SystemMonitor.Service.Services.RpcHostedService 客户端已连接&#xD;
[xUnit.net 00:00:20.06]       2025-08-22 05:01:03.109 +08:00 [INF] DESKTOP-J6M8022 34864/13 SystemMonitor.Service.Services.RpcHostedService 客户端会话建立: conn="6f7008b5-fb8e-492a-bb7e-9769bc95aca3"&#xD;
[xUnit.net 00:00:20.06]       2025-08-22 05:01:03.113 +08:00 [INF] DESKTOP-J6M8022 34864/13 SystemMonitor.Service.Services.RpcHostedService 客户端断开：已达到流的结尾。 conn="6f7008b5-fb8e-492a-bb7e-9769bc95aca3"&#xD;
[xUnit.net 00:00:20.06]       2025-08-22 05:01:03.878 +08:00 [INF] DESKTOP-J6M8022 34864/9 SystemMonitor.Service.Worker Worker running at: "2025-08-22T05:01:03.8780156+08:00"&#xD;
[xUnit.net 00:00:20.06]       2025-08-22 05:01:04.882 +08:00 [INF] DESKTOP-J6M8022 34864/9 SystemMonitor.Service.Worker Worker running at: "2025-08-22T05:01:04.8824276+08:00"&#xD;
[xUnit.net 00:00:20.06]       2025-08-22 05:01:05.888 +08:00 [INF] DESKTOP-J6M8022 34864/9 SystemMonitor.Service.Worker Worker running at: "2025-08-22T05:01:05.8884444+08:00"&#xD;
[xUnit.net 00:00:20.06]       2025-08-22 05:01:06.898 +08:00 [INF] DESKTOP-J6M8022 34864/13 SystemMonitor.Service.Worker Worker running at: "2025-08-22T05:01:06.8980438+08:00"&#xD;
[xUnit.net 00:00:20.06]       2025-08-22 05:01:07.902 +08:00 [INF] DESKTOP-J6M8022 34864/12 SystemMonitor.Service.Worker Worker running at: "2025-08-22T05:01:07.9022915+08:00"&#xD;
[xUnit.net 00:00:20.06]       2025-08-22 05:01:08.106 +08:00 [INF] DESKTOP-J6M8022 34864/12 SystemMonitor.Service.Services.RpcHostedService 客户端已连接&#xD;
[xUnit.net 00:00:20.06]       2025-08-22 05:01:08.106 +08:00 [INF] DESKTOP-J6M8022 34864/12 SystemMonitor.Service.Services.RpcHostedService 客户端会话建立: conn="57e57623-52be-4bde-b1c7-694c9251d418"&#xD;
[xUnit.net 00:00:20.06]       2025-08-22 05:01:08.111 +08:00 [INF] DESKTOP-J6M8022 34864/14 SystemMonitor.Service.Services.RpcHostedService 客户端断开：已达到流的结尾。 conn="57e57623-52be-4bde-b1c7-694c9251d418"&#xD;
[xUnit.net 00:00:20.06]       2025-08-22 05:01:08.904 +08:00 [INF] DESKTOP-J6M8022 34864/13 SystemMonitor.Service.Worker Worker running at: "2025-08-22T05:01:08.9045942+08:00"&#xD;
[xUnit.net 00:00:20.06]       2025-08-22 05:01:09.905 +08:00 [INF] DESKTOP-J6M8022 34864/12 SystemMonitor.Service.Worker Worker running at: "2025-08-22T05:01:09.9059497+08:00"&#xD;
[xUnit.net 00:00:20.06]       2025-08-22 05:01:10.910 +08:00 [INF] DESKTOP-J6M8022 34864/8 SystemMonitor.Service.Worker Worker running at: "2025-08-22T05:01:10.9104565+08:00"&#xD;
[xUnit.net 00:00:20.06]       2025-08-22 05:01:11.913 +08:00 [INF] DESKTOP-J6M8022 34864/12 SystemMonitor.Service.Worker Worker running at: "2025-08-22T05:01:11.9132884+08:00"&#xD;
[xUnit.net 00:00:20.06]       2025-08-22 05:01:12.917 +08:00 [INF] DESKTOP-J6M8022 34864/8 SystemMonitor.Service.Worker Worker running at: "2025-08-22T05:01:12.9173706+08:00"&#xD;
[xUnit.net 00:00:20.06]       2025-08-22 05:01:13.103 +08:00 [INF] DESKTOP-J6M8022 34864/8 SystemMonitor.Service.Services.RpcHostedService 客户端已连接&#xD;
[xUnit.net 00:00:20.06]       2025-08-22 05:01:13.103 +08:00 [INF] DESKTOP-J6M8022 34864/8 SystemMonitor.Service.Services.RpcHostedService 客户端会话建立: conn="8c8ff938-4ec2-4b63-94b8-07d74318db55"&#xD;
[xUnit.net 00:00:20.06]       2025-08-22 05:01:13.107 +08:00 [INF] DESKTOP-J6M8022 34864/12 SystemMonitor.Service.Services.RpcHostedService 客户端断开：已达到流的结尾。 conn="8c8ff938-4ec2-4b63-94b8-07d74318db55"&#xD;
[xUnit.net 00:00:20.06]       2025-08-22 05:01:13.395 +08:00 [INF] DESKTOP-J6M8022 34864/8 SystemMonitor.Service.Services.RpcHostedService 客户端已连接&#xD;
[xUnit.net 00:00:20.06]       2025-08-22 05:01:13.395 +08:00 [INF] DESKTOP-J6M8022 34864/8 SystemMonitor.Service.Services.RpcHostedService 客户端会话建立: conn="0d0e45ce-49cf-483b-8035-5df65c66b336"&#xD;
[xUnit.net 00:00:20.06]       2025-08-22 05:01:13.409 +08:00 [INF] DESKTOP-J6M8022 34864/8 SystemMonitor.Service.Services.RpcHostedService snapshot called, modules=*&#xD;
[xUnit.net 00:00:20.06]       2025-08-22 05:01:13.415 +08:00 [INF] DESKTOP-J6M8022 34864/12 SystemMonitor.Service.Services.RpcHostedService 客户端断开：已达到流的结尾。 conn="0d0e45ce-49cf-483b-8035-5df65c66b336"&#xD;
[xUnit.net 00:00:20.06]       2025-08-22 05:01:13.923 +08:00 [INF] DESKTOP-J6M8022 34864/14 SystemMonitor.Service.Worker Worker running at: "2025-08-22T05:01:13.9232807+08:00"&#xD;
[xUnit.net 00:00:20.06]       2025-08-22 05:01:14.929 +08:00 [INF] DESKTOP-J6M8022 34864/12 SystemMonitor.Service.Worker Worker running at: "2025-08-22T05:01:14.9292827+08:00"&#xD;
[xUnit.net 00:00:20.06]       2025-08-22 05:01:15.932 +08:00 [INF] DESKTOP-J6M8022 34864/8 SystemMonitor.Service.Worker Worker running at: "2025-08-22T05:01:15.9326500+08:00"&#xD;
[xUnit.net 00:00:20.06]       2025-08-22 05:01:16.939 +08:00 [INF] DESKTOP-J6M8022 34864/14 SystemMonitor.Service.Worker Worker running at: "2025-08-22T05:01:16.9393680+08:00"&#xD;
[xUnit.net 00:00:20.06]       2025-08-22 05:01:17.943 +08:00 [INF] DESKTOP-J6M8022 34864/8 SystemMonitor.Service.Worker Worker running at: "2025-08-22T05:01:17.9432416+08:00"&#xD;
[xUnit.net 00:00:20.06]       2025-08-22 05:01:18.116 +08:00 [INF] DESKTOP-J6M8022 34864/8 SystemMonitor.Service.Services.RpcHostedService 客户端已连接&#xD;
[xUnit.net 00:00:20.06]       2025-08-22 05:01:18.116 +08:00 [INF] DESKTOP-J6M8022 34864/8 SystemMonitor.Service.Services.RpcHostedService 客户端会话建立: conn="4caa660b-18e4-4979-bebe-31bdd3b07642"&#xD;
[xUnit.net 00:00:20.06]       2025-08-22 05:01:18.119 +08:00 [INF] DESKTOP-J6M8022 34864/12 SystemMonitor.Service.Services.RpcHostedService 客户端断开：已达到流的结尾。 conn="4caa660b-18e4-4979-bebe-31bdd3b07642"&#xD;
[xUnit.net 00:00:20.06]       2025-08-22 05:01:18.947 +08:00 [INF] DESKTOP-J6M8022 34864/8 SystemMonitor.Service.Worker Worker running at: "2025-08-22T05:01:18.9470563+08:00"&#xD;
[xUnit.net 00:00:20.06]       2025-08-22 05:01:19.950 +08:00 [INF] DESKTOP-J6M8022 34864/8 SystemMonitor.Service.Worker Worker running at: "2025-08-22T05:01:19.9501774+08:00"&#xD;
[xUnit.net 00:00:20.06]       2025-08-22 05:01:20.958 +08:00 [INF] DESKTOP-J6M8022 34864/8 SystemMonitor.Service.Worker Worker running at: "2025-08-22T05:01:20.9579718+08:00"&#xD;
[xUnit.net 00:00:20.06]       2025-08-22 05:01:21.959 +08:00 [INF] DESKTOP-J6M8022 34864/14 SystemMonitor.Service.Worker Worker running at: "2025-08-22T05:01:21.9594726+08:00"&#xD;
[xUnit.net 00:00:20.06]       2025-08-22 05:01:22.963 +08:00 [INF] DESKTOP-J6M8022 34864/8 SystemMonitor.Service.Worker Worker running at: "2025-08-22T05:01:22.9634519+08:00"&#xD;
[xUnit.net 00:00:20.06]       2025-08-22 05:01:23.105 +08:00 [INF] DESKTOP-J6M8022 34864/8 SystemMonitor.Service.Services.RpcHostedService 客户端已连接&#xD;
[xUnit.net 00:00:20.06]       2025-08-22 05:01:23.105 +08:00 [INF] DESKTOP-J6M8022 34864/8 SystemMonitor.Service.Services.RpcHostedService 客户端会话建立: conn="8639769c-80fa-407f-b9a9-4050afd76198"&#xD;
[xUnit.net 00:00:20.06]       2025-08-22 05:01:23.107 +08:00 [INF] DESKTOP-J6M8022 34864/14 SystemMonitor.Service.Services.RpcHostedService 客户端断开：已达到流的结尾。 conn="8639769c-80fa-407f-b9a9-4050afd76198"&#xD;
[xUnit.net 00:00:20.06]       2025-08-22 05:01:23.971 +08:00 [INF] DESKTOP-J6M8022 34864/11 SystemMonitor.Service.Worker Worker running at: "2025-08-22T05:01:23.9715344+08:00"&#xD;
[xUnit.net 00:00:20.06]       2025-08-22 05:01:24.982 +08:00 [INF] DESKTOP-J6M8022 34864/11 SystemMonitor.Service.Worker Worker running at: "2025-08-22T05:01:24.9819615+08:00"&#xD;
[xUnit.net 00:00:20.06]       2025-08-22 05:01:25.994 +08:00 [INF] DESKTOP-J6M8022 34864/11 SystemMonitor.Service.Worker Worker running at: "2025-08-22T05:01:25.9941989+08:00"&#xD;
[xUnit.net 00:00:20.06]       2025-08-22 05:01:26.999 +08:00 [INF] DESKTOP-J6M8022 34864/8 SystemMonitor.Service.Worker Worker running at: "2025-08-22T05:01:26.9999359+08:00"&#xD;
[xUnit.net 00:00:20.06]       2025-08-22 05:01:28.013 +08:00 [INF] DESKTOP-J6M8022 34864/11 SystemMonitor.Service.Worker Worker running at: "2025-08-22T05:01:28.0133025+08:00"&#xD;
[xUnit.net 00:00:20.06]       2025-08-22 05:01:28.109 +08:00 [INF] DESKTOP-J6M8022 34864/11 SystemMonitor.Service.Services.RpcHostedService 客户端已连接&#xD;
[xUnit.net 00:00:20.06]       2025-08-22 05:01:28.109 +08:00 [INF] DESKTOP-J6M8022 34864/11 SystemMonitor.Service.Services.RpcHostedService 客户端会话建立: conn="fda2e581-c0a4-4aa4-a5e0-11787ca179bd"&#xD;
[xUnit.net 00:00:20.06]       2025-08-22 05:01:28.112 +08:00 [INF] DESKTOP-J6M8022 34864/11 SystemMonitor.Service.Services.RpcHostedService 客户端断开：已达到流的结尾。 conn="fda2e581-c0a4-4aa4-a5e0-11787ca179bd"&#xD;
[xUnit.net 00:00:20.06]       2025-08-22 05:01:29.018 +08:00 [INF] DESKTOP-J6M8022 34864/11 SystemMonitor.Service.Worker Worker running at: "2025-08-22T05:01:29.0183364+08:00"&#xD;
[xUnit.net 00:00:20.06]       2025-08-22 05:01:30.019 +08:00 [INF] DESKTOP-J6M8022 34864/8 SystemMonitor.Service.Worker Worker running at: "2025-08-22T05:01:30.0195935+08:00"&#xD;
[xUnit.net 00:00:20.06]       2025-08-22 05:01:31.026 +08:00 [INF] DESKTOP-J6M8022 34864/8 SystemMonitor.Service.Worker Worker running at: "2025-08-22T05:01:31.0262398+08:00"&#xD;
[xUnit.net 00:00:20.06]       2025-08-22 05:01:32.031 +08:00 [INF] DESKTOP-J6M8022 34864/12 SystemMonitor.Service.Worker Worker running at: "2025-08-22T05:01:32.0310132+08:00"&#xD;
[xUnit.net 00:00:20.06]       2025-08-22 05:01:33.035 +08:00 [INF] DESKTOP-J6M8022 34864/12 SystemMonitor.Service.Worker Worker running at: "2025-08-22T05:01:33.0357910+08:00"&#xD;
[xUnit.net 00:00:20.06]       2025-08-22 05:01:33.116 +08:00 [INF] DESKTOP-J6M8022 34864/12 SystemMonitor.Service.Services.RpcHostedService 客户端已连接&#xD;
[xUnit.net 00:00:20.06]       2025-08-22 05:01:33.116 +08:00 [INF] DESKTOP-J6M8022 34864/12 SystemMonitor.Service.Services.RpcHostedService 客户端会话建立: conn="34e1094f-2d5d-4eb2-b05a-37c0e40cc011"&#xD;
[xUnit.net 00:00:20.06]       2025-08-22 05:01:33.119 +08:00 [INF] DESKTOP-J6M8022 34864/8 SystemMonitor.Service.Services.RpcHostedService 客户端断开：已达到流的结尾。 conn="34e1094f-2d5d-4eb2-b05a-37c0e40cc011"&#xD;
[xUnit.net 00:00:20.06]       2025-08-22 05:01:34.041 +08:00 [INF] DESKTOP-J6M8022 34864/8 SystemMonitor.Service.Worker Worker running at: "2025-08-22T05:01:34.0416262+08:00"&#xD;
[xUnit.net 00:00:20.06]       2025-08-22 05:01:35.045 +08:00 [INF] DESKTOP-J6M8022 34864/8 SystemMonitor.Service.Worker Worker running at: "2025-08-22T05:01:35.0457088+08:00"&#xD;
[xUnit.net 00:00:20.06]       2025-08-22 05:01:36.047 +08:00 [INF] DESKTOP-J6M8022 34864/12 SystemMonitor.Service.Worker Worker running at: "2025-08-22T05:01:36.0479378+08:00"&#xD;
[xUnit.net 00:00:20.06]       2025-08-22 05:01:37.050 +08:00 [INF] DESKTOP-J6M8022 34864/12 SystemMonitor.Service.Worker Worker running at: "2025-08-22T05:01:37.0504892+08:00"&#xD;
[xUnit.net 00:00:20.06]       2025-08-22 05:01:38.061 +08:00 [INF] DESKTOP-J6M8022 34864/14 SystemMonitor.Service.Worker Worker running at: "2025-08-22T05:01:38.0614429+08:00"&#xD;
[xUnit.net 00:00:20.06]       2025-08-22 05:01:38.110 +08:00 [INF] DESKTOP-J6M8022 34864/12 SystemMonitor.Service.Services.RpcHostedService 客户端已连接&#xD;
[xUnit.net 00:00:20.06]       2025-08-22 05:01:38.110 +08:00 [INF] DESKTOP-J6M8022 34864/12 SystemMonitor.Service.Services.RpcHostedService 客户端会话建立: conn="06117a62-6040-4241-9927-358af4226d43"&#xD;
[xUnit.net 00:00:20.06]       2025-08-22 05:01:38.113 +08:00 [INF] DESKTOP-J6M8022 34864/14 SystemMonitor.Service.Services.RpcHostedService 客户端断开：已达到流的结尾。 conn="06117a62-6040-4241-9927-358af4226d43"&#xD;
[xUnit.net 00:00:20.06]       2025-08-22 05:01:39.064 +08:00 [INF] DESKTOP-J6M8022 34864/14 SystemMonitor.Service.Worker Worker running at: "2025-08-22T05:01:39.0644324+08:00"&#xD;
[xUnit.net 00:00:20.06]       2025-08-22 05:01:40.069 +08:00 [INF] DESKTOP-J6M8022 34864/8 SystemMonitor.Service.Worker Worker running at: "2025-08-22T05:01:40.0698228+08:00"&#xD;
[xUnit.net 00:00:20.06]       2025-08-22 05:01:41.072 +08:00 [INF] DESKTOP-J6M8022 34864/8 SystemMonitor.Service.Worker Worker running at: "2025-08-22T05:01:41.0721700+08:00"&#xD;
[xUnit.net 00:00:20.06]       2025-08-22 05:01:42.086 +08:00 [INF] DESKTOP-J6M8022 34864/11 SystemMonitor.Service.Worker Worker running at: "2025-08-22T05:01:42.0860513+08:00"&#xD;
[xUnit.net 00:00:20.06]       2025-08-22 05:01:43.101 +08:00 [INF] DESKTOP-J6M8022 34864/8 SystemMonitor.Service.Worker Worker running at: "2025-08-22T05:01:43.1011436+08:00"&#xD;
[xUnit.net 00:00:20.06]       2025-08-22 05:01:43.105 +08:00 [INF] DESKTOP-J6M8022 34864/9 SystemMonitor.Service.Services.RpcHostedService 客户端已连接&#xD;
[xUnit.net 00:00:20.06]       2025-08-22 05:01:43.105 +08:00 [INF] DESKTOP-J6M8022 34864/9 SystemMonitor.Service.Services.RpcHostedService 客户端会话建立: conn="860b5ccb-a321-4101-b6d7-ba8cfd17c2fa"&#xD;
[xUnit.net 00:00:20.06]       2025-08-22 05:01:43.109 +08:00 [INF] DESKTOP-J6M8022 34864/8 SystemMonitor.Service.Services.RpcHostedService 客户端断开：已达到流的结尾。 conn="860b5ccb-a321-4101-b6d7-ba8cfd17c2fa"&#xD;
[xUnit.net 00:00:20.06]       2025-08-22 05:01:43.386 +08:00 [INF] DESKTOP-J6M8022 34864/11 SystemMonitor.Service.Services.RpcHostedService 客户端已连接&#xD;
[xUnit.net 00:00:20.06]       2025-08-22 05:01:43.386 +08:00 [INF] DESKTOP-J6M8022 34864/11 SystemMonitor.Service.Services.RpcHostedService 客户端会话建立: conn="7103465a-6b36-49d0-b971-0765ff27b367"&#xD;
[xUnit.net 00:00:20.06]       2025-08-22 05:01:43.387 +08:00 [INF] DESKTOP-J6M8022 34864/11 SystemMonitor.Service.Services.RpcHostedService snapshot called, modules=*&#xD;
[xUnit.net 00:00:20.06]       2025-08-22 05:01:43.394 +08:00 [INF] DESKTOP-J6M8022 34864/14 SystemMonitor.Service.Services.RpcHostedService 客户端断开：已达到流的结尾。 conn="7103465a-6b36-49d0-b971-0765ff27b367"&#xD;
[xUnit.net 00:00:20.06]       2025-08-22 05:01:44.107 +08:00 [INF] DESKTOP-J6M8022 34864/11 SystemMonitor.Service.Worker Worker running at: "2025-08-22T05:01:44.1078485+08:00"&#xD;
[xUnit.net 00:00:20.06]       2025-08-22 05:01:45.116 +08:00 [INF] DESKTOP-J6M8022 34864/8 SystemMonitor.Service.Worker Worker running at: "2025-08-22T05:01:45.1165225+08:00"&#xD;
[xUnit.net 00:00:20.06]       2025-08-22 05:01:46.125 +08:00 [INF] DESKTOP-J6M8022 34864/8 SystemMonitor.Service.Worker Worker running at: "2025-08-22T05:01:46.1259467+08:00"&#xD;
[xUnit.net 00:00:20.06]       2025-08-22 05:01:47.131 +08:00 [INF] DESKTOP-J6M8022 34864/8 SystemMonitor.Service.Worker Worker running at: "2025-08-22T05:01:47.1319177+08:00"&#xD;
[xUnit.net 00:00:20.06]       2025-08-22 05:01:48.110 +08:00 [INF] DESKTOP-J6M8022 34864/9 SystemMonitor.Service.Services.RpcHostedService 客户端已连接&#xD;
[xUnit.net 00:00:20.06]       2025-08-22 05:01:48.111 +08:00 [INF] DESKTOP-J6M8022 34864/9 SystemMonitor.Service.Services.RpcHostedService 客户端会话建立: conn="dc929a0f-2511-48c2-b921-bb00e3b2d95e"&#xD;
[xUnit.net 00:00:20.06]       2025-08-22 05:01:48.113 +08:00 [INF] DESKTOP-J6M8022 34864/9 SystemMonitor.Service.Services.RpcHostedService 客户端断开：已达到流的结尾。 conn="dc929a0f-2511-48c2-b921-bb00e3b2d95e"&#xD;
[xUnit.net 00:00:20.06]       2025-08-22 05:01:48.139 +08:00 [INF] DESKTOP-J6M8022 34864/9 SystemMonitor.Service.Worker Worker running at: "2025-08-22T05:01:48.1397480+08:00"&#xD;
[xUnit.net 00:00:20.06]       2025-08-22 05:01:49.149 +08:00 [INF] DESKTOP-J6M8022 34864/9 SystemMonitor.Service.Worker Worker running at: "2025-08-22T05:01:49.1490602+08:00"&#xD;
[xUnit.net 00:00:20.06]       2025-08-22 05:01:50.156 +08:00 [INF] DESKTOP-J6M8022 34864/9 SystemMonitor.Service.Worker Worker running at: "2025-08-22T05:01:50.1565687+08:00"&#xD;
[xUnit.net 00:00:20.06]       2025-08-22 05:01:51.163 +08:00 [INF] DESKTOP-J6M8022 34864/8 SystemMonitor.Service.Worker Worker running at: "2025-08-22T05:01:51.1638742+08:00"&#xD;
[xUnit.net 00:00:20.06]       2025-08-22 05:01:52.175 +08:00 [INF] DESKTOP-J6M8022 34864/8 SystemMonitor.Service.Worker Worker running at: "2025-08-22T05:01:52.1751866+08:00"&#xD;
[xUnit.net 00:00:20.06]       2025-08-22 05:01:53.106 +08:00 [INF] DESKTOP-J6M8022 34864/8 SystemMonitor.Service.Services.RpcHostedService 客户端已连接&#xD;
[xUnit.net 00:00:20.06]       2025-08-22 05:01:53.106 +08:00 [INF] DESKTOP-J6M8022 34864/8 SystemMonitor.Service.Services.RpcHostedService 客户端会话建立: conn="cf08e297-f8bc-42e5-a912-8cdf3760d104"&#xD;
[xUnit.net 00:00:20.06]       2025-08-22 05:01:53.109 +08:00 [INF] DESKTOP-J6M8022 34864/14 SystemMonitor.Service.Services.RpcHostedService 客户端断开：已达到流的结尾。 conn="cf08e297-f8bc-42e5-a912-8cdf3760d104"&#xD;
[xUnit.net 00:00:20.06]       2025-08-22 05:01:53.183 +08:00 [INF] DESKTOP-J6M8022 34864/12 SystemMonitor.Service.Worker Worker running at: "2025-08-22T05:01:53.1832976+08:00"&#xD;
[xUnit.net 00:00:20.06]       2025-08-22 05:01:54.188 +08:00 [INF] DESKTOP-J6M8022 34864/12 SystemMonitor.Service.Worker Worker running at: "2025-08-22T05:01:54.1886519+08:00"&#xD;
[xUnit.net 00:00:20.06]       2025-08-22 05:01:55.189 +08:00 [INF] DESKTOP-J6M8022 34864/12 SystemMonitor.Service.Worker Worker running at: "2025-08-22T05:01:55.1890118+08:00"&#xD;
[xUnit.net 00:00:20.06]       2025-08-22 05:01:56.201 +08:00 [INF] DESKTOP-J6M8022 34864/14 SystemMonitor.Service.Worker Worker running at: "2025-08-22T05:01:56.2011712+08:00"&#xD;
[xUnit.net 00:00:20.06]       2025-08-22 05:01:57.203 +08:00 [INF] DESKTOP-J6M8022 34864/12 SystemMonitor.Service.Worker Worker running at: "2025-08-22T05:01:57.2030740+08:00"&#xD;
[xUnit.net 00:00:20.06]       2025-08-22 05:01:58.150 +08:00 [INF] DESKTOP-J6M8022 34864/11 SystemMonitor.Service.Services.RpcHostedService 客户端已连接&#xD;
[xUnit.net 00:00:20.06]       2025-08-22 05:01:58.150 +08:00 [INF] DESKTOP-J6M8022 34864/11 SystemMonitor.Service.Services.RpcHostedService 客户端会话建立: conn="12ea3cb9-6e37-4a78-8a02-17ba9963b724"&#xD;
[xUnit.net 00:00:20.06]       2025-08-22 05:01:58.164 +08:00 [INF] DESKTOP-J6M8022 34864/14 SystemMonitor.Service.Services.RpcHostedService 客户端断开：已达到流的结尾。 conn="12ea3cb9-6e37-4a78-8a02-17ba9963b724"&#xD;
[xUnit.net 00:00:20.06]       2025-08-22 05:01:58.220 +08:00 [INF] DESKTOP-J6M8022 34864/14 SystemMonitor.Service.Worker Worker running at: "2025-08-22T05:01:58.2204087+08:00"&#xD;
[xUnit.net 00:00:20.06]       2025-08-22 05:01:59.232 +08:00 [INF] DESKTOP-J6M8022 34864/11 SystemMonitor.Service.Worker Worker running at: "2025-08-22T05:01:59.2321592+08:00"&#xD;
[xUnit.net 00:00:20.06]       2025-08-22 05:02:00.236 +08:00 [INF] DESKTOP-J6M8022 34864/14 SystemMonitor.Service.Worker Worker running at: "2025-08-22T05:02:00.2367533+08:00"&#xD;
[xUnit.net 00:00:20.06]       2025-08-22 05:02:01.245 +08:00 [INF] DESKTOP-J6M8022 34864/11 SystemMonitor.Service.Worker Worker running at: "2025-08-22T05:02:01.2451701+08:00"&#xD;
[xUnit.net 00:00:20.06]       2025-08-22 05:02:02.255 +08:00 [INF] DESKTOP-J6M8022 34864/11 SystemMonitor.Service.Worker Worker running at: "2025-08-22T05:02:02.2559126+08:00"&#xD;
[xUnit.net 00:00:20.06]       Stack Trace:&#xD;
[xUnit.net 00:00:20.06]         C:\code\sys-sensor-v3\src\SystemMonitor.Tests\EndToEndTests.cs(151,0): at SystemMonitor.Tests.EndToEndTests.WaitPipeReadyAsync(TimeSpan timeout)&#xD;
[xUnit.net 00:00:20.06]         C:\code\sys-sensor-v3\src\SystemMonitor.Tests\EndToEndTests.cs(278,0): at SystemMonitor.Tests.EndToEndTests.InitializeAsync()&#xD;
[svc][out] 正在生成...&#xD;
[test][pipe-wait] last-win32=2 elapsed=0.0s&#xD;
[test][pipe-wait] last-win32=2 elapsed=0.2s&#xD;
[test][pipe-wait] last-win32=2 elapsed=0.4s&#xD;
[test][pipe-wait] last-win32=2 elapsed=0.6s&#xD;
[test][pipe-wait] last-win32=2 elapsed=0.8s&#xD;
[test][pipe-wait] last-win32=2 elapsed=1.0s&#xD;
[test][pipe-wait] last-win32=2 elapsed=1.2s&#xD;
[test][pipe-wait] last-win32=2 elapsed=1.4s&#xD;
[test][pipe-wait] last-win32=2 elapsed=1.7s&#xD;
[test][pipe-wait] last-win32=2 elapsed=1.9s&#xD;
[svc][out] C:\code\sys-sensor-v3\src\SystemMonitor.Service\Services\RpcHostedService.cs(201,31): error CS0103: 当前上下文中不存在名称“TryCreateCounter�?[C:\code\sys-sensor-v3\src\SystemMonitor.Service\SystemMonitor.Service.csproj]&#xD;
[svc][out] C:\code\sys-sensor-v3\src\SystemMonitor.Service\Services\RpcHostedService.cs(203,35): error CS0103: 当前上下文中不存在名称“TryCreateCounter�?[C:\code\sys-sensor-v3\src\SystemMonitor.Service\SystemMonitor.Service.csproj]&#xD;
[svc][out] C:\code\sys-sensor-v3\src\SystemMonitor.Service\Program.cs(76,13): warning CA1416: 可在所有平台上访问此调用站点�?RpcHostedService" 仅在 'windows' 上受支持�?(https://learn.microsoft.com/dotnet/fundamentals/code-analysis/quality-rules/ca1416) [C:\code\sys-sensor-v3\src\SystemMonitor.Service\SystemMonitor.Service.csproj]&#xD;
[svc][err] 生成失败。请修复生成错误并重新运行�?&#xD;
[test][pipe-wait] last-win32=2 elapsed=2.1s&#xD;
[xUnit.net 00:00:22.85]       System.InvalidOperationException : Service exited while waiting for pipe. Code=1. Tail:
[svc][out] 姝ｅ湪鐢熸垚...&#xD;
[xUnit.net 00:00:22.85]       [svc][out] C:\code\sys-sensor-v3\src\SystemMonitor.Service\Services\RpcHostedService.cs(201,31): error CS0103: 褰撳墠涓婁笅鏂囦腑涓嶅瓨鍦ㄥ悕绉扳€淭ryCreateCounter鈥?[C:\code\sys-sensor-v3\src\SystemMonitor.Service\SystemMonitor.Service.csproj]&#xD;
[xUnit.net 00:00:22.85]       [svc][out] C:\code\sys-sensor-v3\src\SystemMonitor.Service\Services\RpcHostedService.cs(203,35): error CS0103: 褰撳墠涓婁笅鏂囦腑涓嶅瓨鍦ㄥ悕绉扳€淭ryCreateCounter鈥?[C:\code\sys-sensor-v3\src\SystemMonitor.Service\SystemMonitor.Service.csproj]&#xD;
[xUnit.net 00:00:22.85]       [svc][out] C:\code\sys-sensor-v3\src\SystemMonitor.Service\Program.cs(76,13): warning CA1416: 鍙湪鎵€鏈夊钩鍙颁笂璁块棶姝よ皟鐢ㄧ珯鐐广€?RpcHostedService" 浠呭湪 'windows' 涓婂彈鏀寔銆?(https://learn.microsoft.com/dotnet/fundamentals/code-analysis/quality-rules/ca1416) [C:\code\sys-sensor-v3\src\SystemMonitor.Service\SystemMonitor.Service.csproj]&#xD;
[xUnit.net 00:00:22.85]       [svc][err] 鐢熸垚澶辫触銆傝淇鐢熸垚閿欒骞堕噸鏂拌繍琛屻€?
[file-log-tail]
2025-08-22 05:00:07.505 +08:00 [INF] DESKTOP-J6M8022 34864/11 SystemMonitor.Service.Worker Worker running at: "2025-08-22T05:00:07.5059406+08:00"&#xD;
[xUnit.net 00:00:22.85]       2025-08-22 05:00:08.115 +08:00 [INF] DESKTOP-J6M8022 34864/11 SystemMonitor.Service.Services.RpcHostedService 客户端已连接&#xD;
[xUnit.net 00:00:22.85]       2025-08-22 05:00:08.115 +08:00 [INF] DESKTOP-J6M8022 34864/11 SystemMonitor.Service.Services.RpcHostedService 客户端会话建立: conn="3ebaf5c9-7a90-4c1f-8d06-77e4b9511b6b"&#xD;
[xUnit.net 00:00:22.85]       2025-08-22 05:00:08.119 +08:00 [INF] DESKTOP-J6M8022 34864/11 SystemMonitor.Service.Services.RpcHostedService 客户端断开：已达到流的结尾。 conn="3ebaf5c9-7a90-4c1f-8d06-77e4b9511b6b"&#xD;
[xUnit.net 00:00:22.85]       2025-08-22 05:00:08.515 +08:00 [INF] DESKTOP-J6M8022 34864/11 SystemMonitor.Service.Worker Worker running at: "2025-08-22T05:00:08.5155952+08:00"&#xD;
[xUnit.net 00:00:22.85]       2025-08-22 05:00:09.524 +08:00 [INF] DESKTOP-J6M8022 34864/9 SystemMonitor.Service.Worker Worker running at: "2025-08-22T05:00:09.5241284+08:00"&#xD;
[xUnit.net 00:00:22.85]       2025-08-22 05:00:10.532 +08:00 [INF] DESKTOP-J6M8022 34864/8 SystemMonitor.Service.Worker Worker running at: "2025-08-22T05:00:10.5324730+08:00"&#xD;
[xUnit.net 00:00:22.85]       2025-08-22 05:00:11.535 +08:00 [INF] DESKTOP-J6M8022 34864/12 SystemMonitor.Service.Worker Worker running at: "2025-08-22T05:00:11.5357528+08:00"&#xD;
[xUnit.net 00:00:22.85]       2025-08-22 05:00:12.548 +08:00 [INF] DESKTOP-J6M8022 34864/8 SystemMonitor.Service.Worker Worker running at: "2025-08-22T05:00:12.5481912+08:00"&#xD;
[xUnit.net 00:00:22.85]       2025-08-22 05:00:13.107 +08:00 [INF] DESKTOP-J6M8022 34864/12 SystemMonitor.Service.Services.RpcHostedService 客户端已连接&#xD;
[xUnit.net 00:00:22.85]       2025-08-22 05:00:13.107 +08:00 [INF] DESKTOP-J6M8022 34864/12 SystemMonitor.Service.Services.RpcHostedService 客户端会话建立: conn="27a81c38-4647-493a-8fb8-8f2e144087dc"&#xD;
[xUnit.net 00:00:22.85]       2025-08-22 05:00:13.111 +08:00 [INF] DESKTOP-J6M8022 34864/11 SystemMonitor.Service.Services.RpcHostedService 客户端断开：已达到流的结尾。 conn="27a81c38-4647-493a-8fb8-8f2e144087dc"&#xD;
[xUnit.net 00:00:22.85]       2025-08-22 05:00:13.384 +08:00 [INF] DESKTOP-J6M8022 34864/8 SystemMonitor.Service.Services.RpcHostedService 客户端已连接&#xD;
[xUnit.net 00:00:22.85]       2025-08-22 05:00:13.384 +08:00 [INF] DESKTOP-J6M8022 34864/8 SystemMonitor.Service.Services.RpcHostedService 客户端会话建立: conn="25e61bd6-9b34-4b1b-8730-8dd26623668c"&#xD;
[xUnit.net 00:00:22.85]       2025-08-22 05:00:13.405 +08:00 [INF] DESKTOP-J6M8022 34864/8 SystemMonitor.Service.Services.RpcHostedService snapshot called, modules=*&#xD;
[xUnit.net 00:00:22.85]       2025-08-22 05:00:13.408 +08:00 [INF] DESKTOP-J6M8022 34864/9 SystemMonitor.Service.Services.RpcHostedService 客户端断开：已达到流的结尾。 conn="25e61bd6-9b34-4b1b-8730-8dd26623668c"&#xD;
[xUnit.net 00:00:22.85]       2025-08-22 05:00:13.551 +08:00 [INF] DESKTOP-J6M8022 34864/12 SystemMonitor.Service.Worker Worker running at: "2025-08-22T05:00:13.5519178+08:00"&#xD;
[xUnit.net 00:00:22.85]       2025-08-22 05:00:14.561 +08:00 [INF] DESKTOP-J6M8022 34864/8 SystemMonitor.Service.Worker Worker running at: "2025-08-22T05:00:14.5613344+08:00"&#xD;
[xUnit.net 00:00:22.85]       2025-08-22 05:00:15.574 +08:00 [INF] DESKTOP-J6M8022 34864/8 SystemMonitor.Service.Worker Worker running at: "2025-08-22T05:00:15.5741996+08:00"&#xD;
[xUnit.net 00:00:22.85]       2025-08-22 05:00:16.580 +08:00 [INF] DESKTOP-J6M8022 34864/12 SystemMonitor.Service.Worker Worker running at: "2025-08-22T05:00:16.5802431+08:00"&#xD;
[xUnit.net 00:00:22.85]       2025-08-22 05:00:17.583 +08:00 [INF] DESKTOP-J6M8022 34864/12 SystemMonitor.Service.Worker Worker running at: "2025-08-22T05:00:17.5832737+08:00"&#xD;
[xUnit.net 00:00:22.85]       2025-08-22 05:00:18.114 +08:00 [INF] DESKTOP-J6M8022 34864/11 SystemMonitor.Service.Services.RpcHostedService 客户端已连接&#xD;
[xUnit.net 00:00:22.85]       2025-08-22 05:00:18.114 +08:00 [INF] DESKTOP-J6M8022 34864/11 SystemMonitor.Service.Services.RpcHostedService 客户端会话建立: conn="8619790b-69c5-445b-ab8d-8526df618427"&#xD;
[xUnit.net 00:00:22.85]       2025-08-22 05:00:18.116 +08:00 [INF] DESKTOP-J6M8022 34864/12 SystemMonitor.Service.Services.RpcHostedService 客户端断开：已达到流的结尾。 conn="8619790b-69c5-445b-ab8d-8526df618427"&#xD;
[xUnit.net 00:00:22.85]       2025-08-22 05:00:18.595 +08:00 [INF] DESKTOP-J6M8022 34864/11 SystemMonitor.Service.Worker Worker running at: "2025-08-22T05:00:18.5953464+08:00"&#xD;
[xUnit.net 00:00:22.85]       2025-08-22 05:00:19.605 +08:00 [INF] DESKTOP-J6M8022 34864/11 SystemMonitor.Service.Worker Worker running at: "2025-08-22T05:00:19.6052530+08:00"&#xD;
[xUnit.net 00:00:22.85]       2025-08-22 05:00:20.613 +08:00 [INF] DESKTOP-J6M8022 34864/13 SystemMonitor.Service.Worker Worker running at: "2025-08-22T05:00:20.6131263+08:00"&#xD;
[xUnit.net 00:00:22.85]       2025-08-22 05:00:21.613 +08:00 [INF] DESKTOP-J6M8022 34864/11 SystemMonitor.Service.Worker Worker running at: "2025-08-22T05:00:21.6130098+08:00"&#xD;
[xUnit.net 00:00:22.85]       2025-08-22 05:00:22.624 +08:00 [INF] DESKTOP-J6M8022 34864/13 SystemMonitor.Service.Worker Worker running at: "2025-08-22T05:00:22.6244940+08:00"&#xD;
[xUnit.net 00:00:22.85]       2025-08-22 05:00:23.105 +08:00 [INF] DESKTOP-J6M8022 34864/13 SystemMonitor.Service.Services.RpcHostedService 客户端已连接&#xD;
[xUnit.net 00:00:22.85]       2025-08-22 05:00:23.105 +08:00 [INF] DESKTOP-J6M8022 34864/13 SystemMonitor.Service.Services.RpcHostedService 客户端会话建立: conn="849f5c90-811a-4eb3-97ea-73e1b9d03257"&#xD;
[xUnit.net 00:00:22.85]       2025-08-22 05:00:23.108 +08:00 [INF] DESKTOP-J6M8022 34864/8 SystemMonitor.Service.Services.RpcHostedService 客户端断开：已达到流的结尾。 conn="849f5c90-811a-4eb3-97ea-73e1b9d03257"&#xD;
[xUnit.net 00:00:22.85]       2025-08-22 05:00:23.627 +08:00 [INF] DESKTOP-J6M8022 34864/13 SystemMonitor.Service.Worker Worker running at: "2025-08-22T05:00:23.6275367+08:00"&#xD;
[xUnit.net 00:00:22.85]       2025-08-22 05:00:24.631 +08:00 [INF] DESKTOP-J6M8022 34864/8 SystemMonitor.Service.Worker Worker running at: "2025-08-22T05:00:24.6319373+08:00"&#xD;
[xUnit.net 00:00:22.85]       2025-08-22 05:00:25.643 +08:00 [INF] DESKTOP-J6M8022 34864/13 SystemMonitor.Service.Worker Worker running at: "2025-08-22T05:00:25.6437810+08:00"&#xD;
[xUnit.net 00:00:22.85]       2025-08-22 05:00:26.649 +08:00 [INF] DESKTOP-J6M8022 34864/10 SystemMonitor.Service.Worker Worker running at: "2025-08-22T05:00:26.6498268+08:00"&#xD;
[xUnit.net 00:00:22.85]       2025-08-22 05:00:27.653 +08:00 [INF] DESKTOP-J6M8022 34864/13 SystemMonitor.Service.Worker Worker running at: "2025-08-22T05:00:27.6536723+08:00"&#xD;
[xUnit.net 00:00:22.85]       2025-08-22 05:00:28.104 +08:00 [INF] DESKTOP-J6M8022 34864/13 SystemMonitor.Service.Services.RpcHostedService 客户端已连接&#xD;
[xUnit.net 00:00:22.85]       2025-08-22 05:00:28.104 +08:00 [INF] DESKTOP-J6M8022 34864/13 SystemMonitor.Service.Services.RpcHostedService 客户端会话建立: conn="58087a9a-4fe9-4ab7-893a-962c7c34de4d"&#xD;
[xUnit.net 00:00:22.85]       2025-08-22 05:00:28.108 +08:00 [INF] DESKTOP-J6M8022 34864/10 SystemMonitor.Service.Services.RpcHostedService 客户端断开：已达到流的结尾。 conn="58087a9a-4fe9-4ab7-893a-962c7c34de4d"&#xD;
[xUnit.net 00:00:22.85]       2025-08-22 05:00:28.658 +08:00 [INF] DESKTOP-J6M8022 34864/10 SystemMonitor.Service.Worker Worker running at: "2025-08-22T05:00:28.6580477+08:00"&#xD;
[xUnit.net 00:00:22.85]       2025-08-22 05:00:29.667 +08:00 [INF] DESKTOP-J6M8022 34864/10 SystemMonitor.Service.Worker Worker running at: "2025-08-22T05:00:29.6670246+08:00"&#xD;
[xUnit.net 00:00:22.85]       2025-08-22 05:00:30.671 +08:00 [INF] DESKTOP-J6M8022 34864/11 SystemMonitor.Service.Worker Worker running at: "2025-08-22T05:00:30.6718324+08:00"&#xD;
[xUnit.net 00:00:22.85]       2025-08-22 05:00:31.677 +08:00 [INF] DESKTOP-J6M8022 34864/11 SystemMonitor.Service.Worker Worker running at: "2025-08-22T05:00:31.6773257+08:00"&#xD;
[xUnit.net 00:00:22.85]       2025-08-22 05:00:32.687 +08:00 [INF] DESKTOP-J6M8022 34864/8 SystemMonitor.Service.Worker Worker running at: "2025-08-22T05:00:32.6879602+08:00"&#xD;
[xUnit.net 00:00:22.85]       2025-08-22 05:00:33.104 +08:00 [INF] DESKTOP-J6M8022 34864/11 SystemMonitor.Service.Services.RpcHostedService 客户端已连接&#xD;
[xUnit.net 00:00:22.85]       2025-08-22 05:00:33.104 +08:00 [INF] DESKTOP-J6M8022 34864/11 SystemMonitor.Service.Services.RpcHostedService 客户端会话建立: conn="f2efc72f-7360-4d95-8499-7acad765c432"&#xD;
[xUnit.net 00:00:22.85]       2025-08-22 05:00:33.107 +08:00 [INF] DESKTOP-J6M8022 34864/11 SystemMonitor.Service.Services.RpcHostedService 客户端断开：已达到流的结尾。 conn="f2efc72f-7360-4d95-8499-7acad765c432"&#xD;
[xUnit.net 00:00:22.85]       2025-08-22 05:00:33.703 +08:00 [INF] DESKTOP-J6M8022 34864/8 SystemMonitor.Service.Worker Worker running at: "2025-08-22T05:00:33.7031716+08:00"&#xD;
[xUnit.net 00:00:22.85]       2025-08-22 05:00:34.705 +08:00 [INF] DESKTOP-J6M8022 34864/13 SystemMonitor.Service.Worker Worker running at: "2025-08-22T05:00:34.7053006+08:00"&#xD;
[xUnit.net 00:00:22.85]       2025-08-22 05:00:35.716 +08:00 [INF] DESKTOP-J6M8022 34864/11 SystemMonitor.Service.Worker Worker running at: "2025-08-22T05:00:35.7161477+08:00"&#xD;
[xUnit.net 00:00:22.85]       2025-08-22 05:00:36.721 +08:00 [INF] DESKTOP-J6M8022 34864/12 SystemMonitor.Service.Worker Worker running at: "2025-08-22T05:00:36.7213935+08:00"&#xD;
[xUnit.net 00:00:22.85]       2025-08-22 05:00:37.725 +08:00 [INF] DESKTOP-J6M8022 34864/12 SystemMonitor.Service.Worker Worker running at: "2025-08-22T05:00:37.7251514+08:00"&#xD;
[xUnit.net 00:00:22.85]       2025-08-22 05:00:38.118 +08:00 [INF] DESKTOP-J6M8022 34864/13 SystemMonitor.Service.Services.RpcHostedService 客户端已连接&#xD;
[xUnit.net 00:00:22.85]       2025-08-22 05:00:38.118 +08:00 [INF] DESKTOP-J6M8022 34864/13 SystemMonitor.Service.Services.RpcHostedService 客户端会话建立: conn="b439ecab-ffb2-4843-8f54-1844ad704c06"&#xD;
[xUnit.net 00:00:22.85]       2025-08-22 05:00:38.121 +08:00 [INF] DESKTOP-J6M8022 34864/13 SystemMonitor.Service.Services.RpcHostedService 客户端断开：已达到流的结尾。 conn="b439ecab-ffb2-4843-8f54-1844ad704c06"&#xD;
[xUnit.net 00:00:22.85]       2025-08-22 05:00:38.725 +08:00 [INF] DESKTOP-J6M8022 34864/8 SystemMonitor.Service.Worker Worker running at: "2025-08-22T05:00:38.7259519+08:00"&#xD;
[xUnit.net 00:00:22.85]       2025-08-22 05:00:39.740 +08:00 [INF] DESKTOP-J6M8022 34864/11 SystemMonitor.Service.Worker Worker running at: "2025-08-22T05:00:39.7403082+08:00"&#xD;
[xUnit.net 00:00:22.85]       2025-08-22 05:00:40.742 +08:00 [INF] DESKTOP-J6M8022 34864/11 SystemMonitor.Service.Worker Worker running at: "2025-08-22T05:00:40.7425737+08:00"&#xD;
[xUnit.net 00:00:22.85]       2025-08-22 05:00:41.745 +08:00 [INF] DESKTOP-J6M8022 34864/13 SystemMonitor.Service.Worker Worker running at: "2025-08-22T05:00:41.7451229+08:00"&#xD;
[xUnit.net 00:00:22.85]       2025-08-22 05:00:42.751 +08:00 [INF] DESKTOP-J6M8022 34864/11 SystemMonitor.Service.Worker Worker running at: "2025-08-22T05:00:42.7515665+08:00"&#xD;
[xUnit.net 00:00:22.85]       2025-08-22 05:00:43.110 +08:00 [INF] DESKTOP-J6M8022 34864/14 SystemMonitor.Service.Services.RpcHostedService 客户端已连接&#xD;
[xUnit.net 00:00:22.85]       2025-08-22 05:00:43.110 +08:00 [INF] DESKTOP-J6M8022 34864/14 SystemMonitor.Service.Services.RpcHostedService 客户端会话建立: conn="ec82b613-da05-4264-84fe-3fb03c945d2f"&#xD;
[xUnit.net 00:00:22.85]       2025-08-22 05:00:43.120 +08:00 [INF] DESKTOP-J6M8022 34864/9 SystemMonitor.Service.Services.RpcHostedService 客户端断开：已达到流的结尾。 conn="ec82b613-da05-4264-84fe-3fb03c945d2f"&#xD;
[xUnit.net 00:00:22.85]       2025-08-22 05:00:43.389 +08:00 [INF] DESKTOP-J6M8022 34864/13 SystemMonitor.Service.Services.RpcHostedService 客户端已连接&#xD;
[xUnit.net 00:00:22.85]       2025-08-22 05:00:43.389 +08:00 [INF] DESKTOP-J6M8022 34864/13 SystemMonitor.Service.Services.RpcHostedService 客户端会话建立: conn="2f7dc9d3-2402-4294-ba61-bc663df8cf82"&#xD;
[xUnit.net 00:00:22.85]       2025-08-22 05:00:43.398 +08:00 [INF] DESKTOP-J6M8022 34864/13 SystemMonitor.Service.Services.RpcHostedService snapshot called, modules=*&#xD;
[xUnit.net 00:00:22.85]       2025-08-22 05:00:43.407 +08:00 [INF] DESKTOP-J6M8022 34864/13 SystemMonitor.Service.Services.RpcHostedService 客户端断开：已达到流的结尾。 conn="2f7dc9d3-2402-4294-ba61-bc663df8cf82"&#xD;
[xUnit.net 00:00:22.85]       2025-08-22 05:00:43.756 +08:00 [INF] DESKTOP-J6M8022 34864/13 SystemMonitor.Service.Worker Worker running at: "2025-08-22T05:00:43.7565234+08:00"&#xD;
[xUnit.net 00:00:22.85]       2025-08-22 05:00:44.757 +08:00 [INF] DESKTOP-J6M8022 34864/11 SystemMonitor.Service.Worker Worker running at: "2025-08-22T05:00:44.7577675+08:00"&#xD;
[xUnit.net 00:00:22.85]       2025-08-22 05:00:45.762 +08:00 [INF] DESKTOP-J6M8022 34864/11 SystemMonitor.Service.Worker Worker running at: "2025-08-22T05:00:45.7627674+08:00"&#xD;
[xUnit.net 00:00:22.85]       2025-08-22 05:00:46.772 +08:00 [INF] DESKTOP-J6M8022 34864/11 SystemMonitor.Service.Worker Worker running at: "2025-08-22T05:00:46.7724296+08:00"&#xD;
[xUnit.net 00:00:22.85]       2025-08-22 05:00:47.772 +08:00 [INF] DESKTOP-J6M8022 34864/11 SystemMonitor.Service.Worker Worker running at: "2025-08-22T05:00:47.7724414+08:00"&#xD;
[xUnit.net 00:00:22.85]       2025-08-22 05:00:48.113 +08:00 [INF] DESKTOP-J6M8022 34864/11 SystemMonitor.Service.Services.RpcHostedService 客户端已连接&#xD;
[xUnit.net 00:00:22.85]       2025-08-22 05:00:48.113 +08:00 [INF] DESKTOP-J6M8022 34864/11 SystemMonitor.Service.Services.RpcHostedService 客户端会话建立: conn="0b57ec2b-be63-49bb-9b61-b642d4a6bad8"&#xD;
[xUnit.net 00:00:22.85]       2025-08-22 05:00:48.118 +08:00 [INF] DESKTOP-J6M8022 34864/11 SystemMonitor.Service.Services.RpcHostedService 客户端断开：已达到流的结尾。 conn="0b57ec2b-be63-49bb-9b61-b642d4a6bad8"&#xD;
[xUnit.net 00:00:22.85]       2025-08-22 05:00:48.786 +08:00 [INF] DESKTOP-J6M8022 34864/14 SystemMonitor.Service.Worker Worker running at: "2025-08-22T05:00:48.7861767+08:00"&#xD;
[xUnit.net 00:00:22.85]       2025-08-22 05:00:49.797 +08:00 [INF] DESKTOP-J6M8022 34864/14 SystemMonitor.Service.Worker Worker running at: "2025-08-22T05:00:49.7971060+08:00"&#xD;
[xUnit.net 00:00:22.85]       2025-08-22 05:00:50.810 +08:00 [INF] DESKTOP-J6M8022 34864/14 SystemMonitor.Service.Worker Worker running at: "2025-08-22T05:00:50.8103703+08:00"&#xD;
[xUnit.net 00:00:22.85]       2025-08-22 05:00:51.819 +08:00 [INF] DESKTOP-J6M8022 34864/14 SystemMonitor.Service.Worker Worker running at: "2025-08-22T05:00:51.8191149+08:00"&#xD;
[xUnit.net 00:00:22.85]       2025-08-22 05:00:52.832 +08:00 [INF] DESKTOP-J6M8022 34864/14 SystemMonitor.Service.Worker Worker running at: "2025-08-22T05:00:52.8322629+08:00"&#xD;
[xUnit.net 00:00:22.85]       2025-08-22 05:00:53.102 +08:00 [INF] DESKTOP-J6M8022 34864/14 SystemMonitor.Service.Services.RpcHostedService 客户端已连接&#xD;
[xUnit.net 00:00:22.85]       2025-08-22 05:00:53.102 +08:00 [INF] DESKTOP-J6M8022 34864/14 SystemMonitor.Service.Services.RpcHostedService 客户端会话建立: conn="a1d8b427-d708-44e2-9952-15a5a936e6af"&#xD;
[xUnit.net 00:00:22.85]       2025-08-22 05:00:53.105 +08:00 [INF] DESKTOP-J6M8022 34864/13 SystemMonitor.Service.Services.RpcHostedService 客户端断开：已达到流的结尾。 conn="a1d8b427-d708-44e2-9952-15a5a936e6af"&#xD;
[xUnit.net 00:00:22.85]       2025-08-22 05:00:53.839 +08:00 [INF] DESKTOP-J6M8022 34864/9 SystemMonitor.Service.Worker Worker running at: "2025-08-22T05:00:53.8390210+08:00"&#xD;
[xUnit.net 00:00:22.85]       2025-08-22 05:00:54.844 +08:00 [INF] DESKTOP-J6M8022 34864/9 SystemMonitor.Service.Worker Worker running at: "2025-08-22T05:00:54.8440332+08:00"&#xD;
[xUnit.net 00:00:22.85]       2025-08-22 05:00:55.849 +08:00 [INF] DESKTOP-J6M8022 34864/14 SystemMonitor.Service.Worker Worker running at: "2025-08-22T05:00:55.8498931+08:00"&#xD;
[xUnit.net 00:00:22.85]       2025-08-22 05:00:56.855 +08:00 [INF] DESKTOP-J6M8022 34864/12 SystemMonitor.Service.Worker Worker running at: "2025-08-22T05:00:56.8554623+08:00"&#xD;
[xUnit.net 00:00:22.85]       2025-08-22 05:00:57.861 +08:00 [INF] DESKTOP-J6M8022 34864/12 SystemMonitor.Service.Worker Worker running at: "2025-08-22T05:00:57.8610329+08:00"&#xD;
[xUnit.net 00:00:22.85]       2025-08-22 05:00:58.111 +08:00 [INF] DESKTOP-J6M8022 34864/8 SystemMonitor.Service.Services.RpcHostedService 客户端已连接&#xD;
[xUnit.net 00:00:22.85]       2025-08-22 05:00:58.111 +08:00 [INF] DESKTOP-J6M8022 34864/8 SystemMonitor.Service.Services.RpcHostedService 客户端会话建立: conn="667ed3f1-bd30-41e0-92ff-80608571c1ce"&#xD;
[xUnit.net 00:00:22.85]       2025-08-22 05:00:58.116 +08:00 [INF] DESKTOP-J6M8022 34864/12 SystemMonitor.Service.Services.RpcHostedService 客户端断开：已达到流的结尾。 conn="667ed3f1-bd30-41e0-92ff-80608571c1ce"&#xD;
[xUnit.net 00:00:22.85]       2025-08-22 05:00:58.863 +08:00 [INF] DESKTOP-J6M8022 34864/8 SystemMonitor.Service.Worker Worker running at: "2025-08-22T05:00:58.8635685+08:00"&#xD;
[xUnit.net 00:00:22.85]       2025-08-22 05:00:59.864 +08:00 [INF] DESKTOP-J6M8022 34864/13 SystemMonitor.Service.Worker Worker running at: "2025-08-22T05:00:59.8639948+08:00"&#xD;
[xUnit.net 00:00:22.85]       2025-08-22 05:01:00.871 +08:00 [INF] DESKTOP-J6M8022 34864/8 SystemMonitor.Service.Worker Worker running at: "2025-08-22T05:01:00.8711317+08:00"&#xD;
[xUnit.net 00:00:22.85]       2025-08-22 05:01:01.872 +08:00 [INF] DESKTOP-J6M8022 34864/8 SystemMonitor.Service.Worker Worker running at: "2025-08-22T05:01:01.8723849+08:00"&#xD;
[xUnit.net 00:00:22.85]       2025-08-22 05:01:02.874 +08:00 [INF] DESKTOP-J6M8022 34864/13 SystemMonitor.Service.Worker Worker running at: "2025-08-22T05:01:02.8742125+08:00"&#xD;
[xUnit.net 00:00:22.85]       2025-08-22 05:01:03.109 +08:00 [INF] DESKTOP-J6M8022 34864/13 SystemMonitor.Service.Services.RpcHostedService 客户端已连接&#xD;
[xUnit.net 00:00:22.85]       2025-08-22 05:01:03.109 +08:00 [INF] DESKTOP-J6M8022 34864/13 SystemMonitor.Service.Services.RpcHostedService 客户端会话建立: conn="6f7008b5-fb8e-492a-bb7e-9769bc95aca3"&#xD;
[xUnit.net 00:00:22.85]       2025-08-22 05:01:03.113 +08:00 [INF] DESKTOP-J6M8022 34864/13 SystemMonitor.Service.Services.RpcHostedService 客户端断开：已达到流的结尾。 conn="6f7008b5-fb8e-492a-bb7e-9769bc95aca3"&#xD;
[xUnit.net 00:00:22.85]       2025-08-22 05:01:03.878 +08:00 [INF] DESKTOP-J6M8022 34864/9 SystemMonitor.Service.Worker Worker running at: "2025-08-22T05:01:03.8780156+08:00"&#xD;
[xUnit.net 00:00:22.85]       2025-08-22 05:01:04.882 +08:00 [INF] DESKTOP-J6M8022 34864/9 SystemMonitor.Service.Worker Worker running at: "2025-08-22T05:01:04.8824276+08:00"&#xD;
[xUnit.net 00:00:22.85]       2025-08-22 05:01:05.888 +08:00 [INF] DESKTOP-J6M8022 34864/9 SystemMonitor.Service.Worker Worker running at: "2025-08-22T05:01:05.8884444+08:00"&#xD;
[xUnit.net 00:00:22.85]       2025-08-22 05:01:06.898 +08:00 [INF] DESKTOP-J6M8022 34864/13 SystemMonitor.Service.Worker Worker running at: "2025-08-22T05:01:06.8980438+08:00"&#xD;
[xUnit.net 00:00:22.85]       2025-08-22 05:01:07.902 +08:00 [INF] DESKTOP-J6M8022 34864/12 SystemMonitor.Service.Worker Worker running at: "2025-08-22T05:01:07.9022915+08:00"&#xD;
[xUnit.net 00:00:22.85]       2025-08-22 05:01:08.106 +08:00 [INF] DESKTOP-J6M8022 34864/12 SystemMonitor.Service.Services.RpcHostedService 客户端已连接&#xD;
[xUnit.net 00:00:22.85]       2025-08-22 05:01:08.106 +08:00 [INF] DESKTOP-J6M8022 34864/12 SystemMonitor.Service.Services.RpcHostedService 客户端会话建立: conn="57e57623-52be-4bde-b1c7-694c9251d418"&#xD;
[xUnit.net 00:00:22.85]       2025-08-22 05:01:08.111 +08:00 [INF] DESKTOP-J6M8022 34864/14 SystemMonitor.Service.Services.RpcHostedService 客户端断开：已达到流的结尾。 conn="57e57623-52be-4bde-b1c7-694c9251d418"&#xD;
[xUnit.net 00:00:22.85]       2025-08-22 05:01:08.904 +08:00 [INF] DESKTOP-J6M8022 34864/13 SystemMonitor.Service.Worker Worker running at: "2025-08-22T05:01:08.9045942+08:00"&#xD;
[xUnit.net 00:00:22.85]       2025-08-22 05:01:09.905 +08:00 [INF] DESKTOP-J6M8022 34864/12 SystemMonitor.Service.Worker Worker running at: "2025-08-22T05:01:09.9059497+08:00"&#xD;
[xUnit.net 00:00:22.85]       2025-08-22 05:01:10.910 +08:00 [INF] DESKTOP-J6M8022 34864/8 SystemMonitor.Service.Worker Worker running at: "2025-08-22T05:01:10.9104565+08:00"&#xD;
[xUnit.net 00:00:22.85]       2025-08-22 05:01:11.913 +08:00 [INF] DESKTOP-J6M8022 34864/12 SystemMonitor.Service.Worker Worker running at: "2025-08-22T05:01:11.9132884+08:00"&#xD;
[xUnit.net 00:00:22.85]       2025-08-22 05:01:12.917 +08:00 [INF] DESKTOP-J6M8022 34864/8 SystemMonitor.Service.Worker Worker running at: "2025-08-22T05:01:12.9173706+08:00"&#xD;
[xUnit.net 00:00:22.85]       2025-08-22 05:01:13.103 +08:00 [INF] DESKTOP-J6M8022 34864/8 SystemMonitor.Service.Services.RpcHostedService 客户端已连接&#xD;
[xUnit.net 00:00:22.85]       2025-08-22 05:01:13.103 +08:00 [INF] DESKTOP-J6M8022 34864/8 SystemMonitor.Service.Services.RpcHostedService 客户端会话建立: conn="8c8ff938-4ec2-4b63-94b8-07d74318db55"&#xD;
[xUnit.net 00:00:22.85]       2025-08-22 05:01:13.107 +08:00 [INF] DESKTOP-J6M8022 34864/12 SystemMonitor.Service.Services.RpcHostedService 客户端断开：已达到流的结尾。 conn="8c8ff938-4ec2-4b63-94b8-07d74318db55"&#xD;
[xUnit.net 00:00:22.85]       2025-08-22 05:01:13.395 +08:00 [INF] DESKTOP-J6M8022 34864/8 SystemMonitor.Service.Services.RpcHostedService 客户端已连接&#xD;
[xUnit.net 00:00:22.85]       2025-08-22 05:01:13.395 +08:00 [INF] DESKTOP-J6M8022 34864/8 SystemMonitor.Service.Services.RpcHostedService 客户端会话建立: conn="0d0e45ce-49cf-483b-8035-5df65c66b336"&#xD;
[xUnit.net 00:00:22.85]       2025-08-22 05:01:13.409 +08:00 [INF] DESKTOP-J6M8022 34864/8 SystemMonitor.Service.Services.RpcHostedService snapshot called, modules=*&#xD;
[xUnit.net 00:00:22.85]       2025-08-22 05:01:13.415 +08:00 [INF] DESKTOP-J6M8022 34864/12 SystemMonitor.Service.Services.RpcHostedService 客户端断开：已达到流的结尾。 conn="0d0e45ce-49cf-483b-8035-5df65c66b336"&#xD;
[xUnit.net 00:00:22.85]       2025-08-22 05:01:13.923 +08:00 [INF] DESKTOP-J6M8022 34864/14 SystemMonitor.Service.Worker Worker running at: "2025-08-22T05:01:13.9232807+08:00"&#xD;
[xUnit.net 00:00:22.85]       2025-08-22 05:01:14.929 +08:00 [INF] DESKTOP-J6M8022 34864/12 SystemMonitor.Service.Worker Worker running at: "2025-08-22T05:01:14.9292827+08:00"&#xD;
[xUnit.net 00:00:22.85]       2025-08-22 05:01:15.932 +08:00 [INF] DESKTOP-J6M8022 34864/8 SystemMonitor.Service.Worker Worker running at: "2025-08-22T05:01:15.9326500+08:00"&#xD;
[xUnit.net 00:00:22.85]       2025-08-22 05:01:16.939 +08:00 [INF] DESKTOP-J6M8022 34864/14 SystemMonitor.Service.Worker Worker running at: "2025-08-22T05:01:16.9393680+08:00"&#xD;
[xUnit.net 00:00:22.85]       2025-08-22 05:01:17.943 +08:00 [INF] DESKTOP-J6M8022 34864/8 SystemMonitor.Service.Worker Worker running at: "2025-08-22T05:01:17.9432416+08:00"&#xD;
[xUnit.net 00:00:22.85]       2025-08-22 05:01:18.116 +08:00 [INF] DESKTOP-J6M8022 34864/8 SystemMonitor.Service.Services.RpcHostedService 客户端已连接&#xD;
[xUnit.net 00:00:22.85]       2025-08-22 05:01:18.116 +08:00 [INF] DESKTOP-J6M8022 34864/8 SystemMonitor.Service.Services.RpcHostedService 客户端会话建立: conn="4caa660b-18e4-4979-bebe-31bdd3b07642"&#xD;
[xUnit.net 00:00:22.85]       2025-08-22 05:01:18.119 +08:00 [INF] DESKTOP-J6M8022 34864/12 SystemMonitor.Service.Services.RpcHostedService 客户端断开：已达到流的结尾。 conn="4caa660b-18e4-4979-bebe-31bdd3b07642"&#xD;
[xUnit.net 00:00:22.85]       2025-08-22 05:01:18.947 +08:00 [INF] DESKTOP-J6M8022 34864/8 SystemMonitor.Service.Worker Worker running at: "2025-08-22T05:01:18.9470563+08:00"&#xD;
[xUnit.net 00:00:22.85]       2025-08-22 05:01:19.950 +08:00 [INF] DESKTOP-J6M8022 34864/8 SystemMonitor.Service.Worker Worker running at: "2025-08-22T05:01:19.9501774+08:00"&#xD;
[xUnit.net 00:00:22.85]       2025-08-22 05:01:20.958 +08:00 [INF] DESKTOP-J6M8022 34864/8 SystemMonitor.Service.Worker Worker running at: "2025-08-22T05:01:20.9579718+08:00"&#xD;
[xUnit.net 00:00:22.85]       2025-08-22 05:01:21.959 +08:00 [INF] DESKTOP-J6M8022 34864/14 SystemMonitor.Service.Worker Worker running at: "2025-08-22T05:01:21.9594726+08:00"&#xD;
[xUnit.net 00:00:22.85]       2025-08-22 05:01:22.963 +08:00 [INF] DESKTOP-J6M8022 34864/8 SystemMonitor.Service.Worker Worker running at: "2025-08-22T05:01:22.9634519+08:00"&#xD;
[xUnit.net 00:00:22.85]       2025-08-22 05:01:23.105 +08:00 [INF] DESKTOP-J6M8022 34864/8 SystemMonitor.Service.Services.RpcHostedService 客户端已连接&#xD;
[xUnit.net 00:00:22.85]       2025-08-22 05:01:23.105 +08:00 [INF] DESKTOP-J6M8022 34864/8 SystemMonitor.Service.Services.RpcHostedService 客户端会话建立: conn="8639769c-80fa-407f-b9a9-4050afd76198"&#xD;
[xUnit.net 00:00:22.85]       2025-08-22 05:01:23.107 +08:00 [INF] DESKTOP-J6M8022 34864/14 SystemMonitor.Service.Services.RpcHostedService 客户端断开：已达到流的结尾。 conn="8639769c-80fa-407f-b9a9-4050afd76198"&#xD;
[xUnit.net 00:00:22.85]       2025-08-22 05:01:23.971 +08:00 [INF] DESKTOP-J6M8022 34864/11 SystemMonitor.Service.Worker Worker running at: "2025-08-22T05:01:23.9715344+08:00"&#xD;
[xUnit.net 00:00:22.85]       2025-08-22 05:01:24.982 +08:00 [INF] DESKTOP-J6M8022 34864/11 SystemMonitor.Service.Worker Worker running at: "2025-08-22T05:01:24.9819615+08:00"&#xD;
[xUnit.net 00:00:22.85]       2025-08-22 05:01:25.994 +08:00 [INF] DESKTOP-J6M8022 34864/11 SystemMonitor.Service.Worker Worker running at: "2025-08-22T05:01:25.9941989+08:00"&#xD;
[xUnit.net 00:00:22.85]       2025-08-22 05:01:26.999 +08:00 [INF] DESKTOP-J6M8022 34864/8 SystemMonitor.Service.Worker Worker running at: "2025-08-22T05:01:26.9999359+08:00"&#xD;
[xUnit.net 00:00:22.85]       2025-08-22 05:01:28.013 +08:00 [INF] DESKTOP-J6M8022 34864/11 SystemMonitor.Service.Worker Worker running at: "2025-08-22T05:01:28.0133025+08:00"&#xD;
[xUnit.net 00:00:22.85]       2025-08-22 05:01:28.109 +08:00 [INF] DESKTOP-J6M8022 34864/11 SystemMonitor.Service.Services.RpcHostedService 客户端已连接&#xD;
[xUnit.net 00:00:22.85]       2025-08-22 05:01:28.109 +08:00 [INF] DESKTOP-J6M8022 34864/11 SystemMonitor.Service.Services.RpcHostedService 客户端会话建立: conn="fda2e581-c0a4-4aa4-a5e0-11787ca179bd"&#xD;
[xUnit.net 00:00:22.85]       2025-08-22 05:01:28.112 +08:00 [INF] DESKTOP-J6M8022 34864/11 SystemMonitor.Service.Services.RpcHostedService 客户端断开：已达到流的结尾。 conn="fda2e581-c0a4-4aa4-a5e0-11787ca179bd"&#xD;
[xUnit.net 00:00:22.85]       2025-08-22 05:01:29.018 +08:00 [INF] DESKTOP-J6M8022 34864/11 SystemMonitor.Service.Worker Worker running at: "2025-08-22T05:01:29.0183364+08:00"&#xD;
[xUnit.net 00:00:22.85]       2025-08-22 05:01:30.019 +08:00 [INF] DESKTOP-J6M8022 34864/8 SystemMonitor.Service.Worker Worker running at: "2025-08-22T05:01:30.0195935+08:00"&#xD;
[xUnit.net 00:00:22.85]       2025-08-22 05:01:31.026 +08:00 [INF] DESKTOP-J6M8022 34864/8 SystemMonitor.Service.Worker Worker running at: "2025-08-22T05:01:31.0262398+08:00"&#xD;
[xUnit.net 00:00:22.85]       2025-08-22 05:01:32.031 +08:00 [INF] DESKTOP-J6M8022 34864/12 SystemMonitor.Service.Worker Worker running at: "2025-08-22T05:01:32.0310132+08:00"&#xD;
[xUnit.net 00:00:22.85]       2025-08-22 05:01:33.035 +08:00 [INF] DESKTOP-J6M8022 34864/12 SystemMonitor.Service.Worker Worker running at: "2025-08-22T05:01:33.0357910+08:00"&#xD;
[xUnit.net 00:00:22.85]       2025-08-22 05:01:33.116 +08:00 [INF] DESKTOP-J6M8022 34864/12 SystemMonitor.Service.Services.RpcHostedService 客户端已连接&#xD;
[xUnit.net 00:00:22.85]       2025-08-22 05:01:33.116 +08:00 [INF] DESKTOP-J6M8022 34864/12 SystemMonitor.Service.Services.RpcHostedService 客户端会话建立: conn="34e1094f-2d5d-4eb2-b05a-37c0e40cc011"&#xD;
[xUnit.net 00:00:22.85]       2025-08-22 05:01:33.119 +08:00 [INF] DESKTOP-J6M8022 34864/8 SystemMonitor.Service.Services.RpcHostedService 客户端断开：已达到流的结尾。 conn="34e1094f-2d5d-4eb2-b05a-37c0e40cc011"&#xD;
[xUnit.net 00:00:22.85]       2025-08-22 05:01:34.041 +08:00 [INF] DESKTOP-J6M8022 34864/8 SystemMonitor.Service.Worker Worker running at: "2025-08-22T05:01:34.0416262+08:00"&#xD;
[xUnit.net 00:00:22.85]       2025-08-22 05:01:35.045 +08:00 [INF] DESKTOP-J6M8022 34864/8 SystemMonitor.Service.Worker Worker running at: "2025-08-22T05:01:35.0457088+08:00"&#xD;
[xUnit.net 00:00:22.85]       2025-08-22 05:01:36.047 +08:00 [INF] DESKTOP-J6M8022 34864/12 SystemMonitor.Service.Worker Worker running at: "2025-08-22T05:01:36.0479378+08:00"&#xD;
[xUnit.net 00:00:22.85]       2025-08-22 05:01:37.050 +08:00 [INF] DESKTOP-J6M8022 34864/12 SystemMonitor.Service.Worker Worker running at: "2025-08-22T05:01:37.0504892+08:00"&#xD;
[xUnit.net 00:00:22.85]       2025-08-22 05:01:38.061 +08:00 [INF] DESKTOP-J6M8022 34864/14 SystemMonitor.Service.Worker Worker running at: "2025-08-22T05:01:38.0614429+08:00"&#xD;
[xUnit.net 00:00:22.85]       2025-08-22 05:01:38.110 +08:00 [INF] DESKTOP-J6M8022 34864/12 SystemMonitor.Service.Services.RpcHostedService 客户端已连接&#xD;
[xUnit.net 00:00:22.85]       2025-08-22 05:01:38.110 +08:00 [INF] DESKTOP-J6M8022 34864/12 SystemMonitor.Service.Services.RpcHostedService 客户端会话建立: conn="06117a62-6040-4241-9927-358af4226d43"&#xD;
[xUnit.net 00:00:22.85]       2025-08-22 05:01:38.113 +08:00 [INF] DESKTOP-J6M8022 34864/14 SystemMonitor.Service.Services.RpcHostedService 客户端断开：已达到流的结尾。 conn="06117a62-6040-4241-9927-358af4226d43"&#xD;
[xUnit.net 00:00:22.85]       2025-08-22 05:01:39.064 +08:00 [INF] DESKTOP-J6M8022 34864/14 SystemMonitor.Service.Worker Worker running at: "2025-08-22T05:01:39.0644324+08:00"&#xD;
[xUnit.net 00:00:22.85]       2025-08-22 05:01:40.069 +08:00 [INF] DESKTOP-J6M8022 34864/8 SystemMonitor.Service.Worker Worker running at: "2025-08-22T05:01:40.0698228+08:00"&#xD;
[xUnit.net 00:00:22.85]       2025-08-22 05:01:41.072 +08:00 [INF] DESKTOP-J6M8022 34864/8 SystemMonitor.Service.Worker Worker running at: "2025-08-22T05:01:41.0721700+08:00"&#xD;
[xUnit.net 00:00:22.85]       2025-08-22 05:01:42.086 +08:00 [INF] DESKTOP-J6M8022 34864/11 SystemMonitor.Service.Worker Worker running at: "2025-08-22T05:01:42.0860513+08:00"&#xD;
[xUnit.net 00:00:22.85]       2025-08-22 05:01:43.101 +08:00 [INF] DESKTOP-J6M8022 34864/8 SystemMonitor.Service.Worker Worker running at: "2025-08-22T05:01:43.1011436+08:00"&#xD;
[xUnit.net 00:00:22.85]       2025-08-22 05:01:43.105 +08:00 [INF] DESKTOP-J6M8022 34864/9 SystemMonitor.Service.Services.RpcHostedService 客户端已连接&#xD;
[xUnit.net 00:00:22.85]       2025-08-22 05:01:43.105 +08:00 [INF] DESKTOP-J6M8022 34864/9 SystemMonitor.Service.Services.RpcHostedService 客户端会话建立: conn="860b5ccb-a321-4101-b6d7-ba8cfd17c2fa"&#xD;
[xUnit.net 00:00:22.86]       2025-08-22 05:01:43.109 +08:00 [INF] DESKTOP-J6M8022 34864/8 SystemMonitor.Service.Services.RpcHostedService 客户端断开：已达到流的结尾。 conn="860b5ccb-a321-4101-b6d7-ba8cfd17c2fa"&#xD;
[xUnit.net 00:00:22.86]       2025-08-22 05:01:43.386 +08:00 [INF] DESKTOP-J6M8022 34864/11 SystemMonitor.Service.Services.RpcHostedService 客户端已连接&#xD;
[xUnit.net 00:00:22.86]       2025-08-22 05:01:43.386 +08:00 [INF] DESKTOP-J6M8022 34864/11 SystemMonitor.Service.Services.RpcHostedService 客户端会话建立: conn="7103465a-6b36-49d0-b971-0765ff27b367"&#xD;
[xUnit.net 00:00:22.86]       2025-08-22 05:01:43.387 +08:00 [INF] DESKTOP-J6M8022 34864/11 SystemMonitor.Service.Services.RpcHostedService snapshot called, modules=*&#xD;
[xUnit.net 00:00:22.86]       2025-08-22 05:01:43.394 +08:00 [INF] DESKTOP-J6M8022 34864/14 SystemMonitor.Service.Services.RpcHostedService 客户端断开：已达到流的结尾。 conn="7103465a-6b36-49d0-b971-0765ff27b367"&#xD;
[xUnit.net 00:00:22.86]       2025-08-22 05:01:44.107 +08:00 [INF] DESKTOP-J6M8022 34864/11 SystemMonitor.Service.Worker Worker running at: "2025-08-22T05:01:44.1078485+08:00"&#xD;
[xUnit.net 00:00:22.86]       2025-08-22 05:01:45.116 +08:00 [INF] DESKTOP-J6M8022 34864/8 SystemMonitor.Service.Worker Worker running at: "2025-08-22T05:01:45.1165225+08:00"&#xD;
[xUnit.net 00:00:22.86]       2025-08-22 05:01:46.125 +08:00 [INF] DESKTOP-J6M8022 34864/8 SystemMonitor.Service.Worker Worker running at: "2025-08-22T05:01:46.1259467+08:00"&#xD;
[xUnit.net 00:00:22.86]       2025-08-22 05:01:47.131 +08:00 [INF] DESKTOP-J6M8022 34864/8 SystemMonitor.Service.Worker Worker running at: "2025-08-22T05:01:47.1319177+08:00"&#xD;
[xUnit.net 00:00:22.86]       2025-08-22 05:01:48.110 +08:00 [INF] DESKTOP-J6M8022 34864/9 SystemMonitor.Service.Services.RpcHostedService 客户端已连接&#xD;
[xUnit.net 00:00:22.86]       2025-08-22 05:01:48.111 +08:00 [INF] DESKTOP-J6M8022 34864/9 SystemMonitor.Service.Services.RpcHostedService 客户端会话建立: conn="dc929a0f-2511-48c2-b921-bb00e3b2d95e"&#xD;
[xUnit.net 00:00:22.86]       2025-08-22 05:01:48.113 +08:00 [INF] DESKTOP-J6M8022 34864/9 SystemMonitor.Service.Services.RpcHostedService 客户端断开：已达到流的结尾。 conn="dc929a0f-2511-48c2-b921-bb00e3b2d95e"&#xD;
[xUnit.net 00:00:22.86]       2025-08-22 05:01:48.139 +08:00 [INF] DESKTOP-J6M8022 34864/9 SystemMonitor.Service.Worker Worker running at: "2025-08-22T05:01:48.1397480+08:00"&#xD;
[xUnit.net 00:00:22.86]       2025-08-22 05:01:49.149 +08:00 [INF] DESKTOP-J6M8022 34864/9 SystemMonitor.Service.Worker Worker running at: "2025-08-22T05:01:49.1490602+08:00"&#xD;
[xUnit.net 00:00:22.86]       2025-08-22 05:01:50.156 +08:00 [INF] DESKTOP-J6M8022 34864/9 SystemMonitor.Service.Worker Worker running at: "2025-08-22T05:01:50.1565687+08:00"&#xD;
[xUnit.net 00:00:22.86]       2025-08-22 05:01:51.163 +08:00 [INF] DESKTOP-J6M8022 34864/8 SystemMonitor.Service.Worker Worker running at: "2025-08-22T05:01:51.1638742+08:00"&#xD;
[xUnit.net 00:00:22.86]       2025-08-22 05:01:52.175 +08:00 [INF] DESKTOP-J6M8022 34864/8 SystemMonitor.Service.Worker Worker running at: "2025-08-22T05:01:52.1751866+08:00"&#xD;
[xUnit.net 00:00:22.86]       2025-08-22 05:01:53.106 +08:00 [INF] DESKTOP-J6M8022 34864/8 SystemMonitor.Service.Services.RpcHostedService 客户端已连接&#xD;
[xUnit.net 00:00:22.86]       2025-08-22 05:01:53.106 +08:00 [INF] DESKTOP-J6M8022 34864/8 SystemMonitor.Service.Services.RpcHostedService 客户端会话建立: conn="cf08e297-f8bc-42e5-a912-8cdf3760d104"&#xD;
[xUnit.net 00:00:22.86]       2025-08-22 05:01:53.109 +08:00 [INF] DESKTOP-J6M8022 34864/14 SystemMonitor.Service.Services.RpcHostedService 客户端断开：已达到流的结尾。 conn="cf08e297-f8bc-42e5-a912-8cdf3760d104"&#xD;
[xUnit.net 00:00:22.86]       2025-08-22 05:01:53.183 +08:00 [INF] DESKTOP-J6M8022 34864/12 SystemMonitor.Service.Worker Worker running at: "2025-08-22T05:01:53.1832976+08:00"&#xD;
[xUnit.net 00:00:22.86]       2025-08-22 05:01:54.188 +08:00 [INF] DESKTOP-J6M8022 34864/12 SystemMonitor.Service.Worker Worker running at: "2025-08-22T05:01:54.1886519+08:00"&#xD;
[xUnit.net 00:00:22.86]       2025-08-22 05:01:55.189 +08:00 [INF] DESKTOP-J6M8022 34864/12 SystemMonitor.Service.Worker Worker running at: "2025-08-22T05:01:55.1890118+08:00"&#xD;
[xUnit.net 00:00:22.86]       2025-08-22 05:01:56.201 +08:00 [INF] DESKTOP-J6M8022 34864/14 SystemMonitor.Service.Worker Worker running at: "2025-08-22T05:01:56.2011712+08:00"&#xD;
[xUnit.net 00:00:22.86]       2025-08-22 05:01:57.203 +08:00 [INF] DESKTOP-J6M8022 34864/12 SystemMonitor.Service.Worker Worker running at: "2025-08-22T05:01:57.2030740+08:00"&#xD;
[xUnit.net 00:00:22.86]       2025-08-22 05:01:58.150 +08:00 [INF] DESKTOP-J6M8022 34864/11 SystemMonitor.Service.Services.RpcHostedService 客户端已连接&#xD;
[xUnit.net 00:00:22.86]       2025-08-22 05:01:58.150 +08:00 [INF] DESKTOP-J6M8022 34864/11 SystemMonitor.Service.Services.RpcHostedService 客户端会话建立: conn="12ea3cb9-6e37-4a78-8a02-17ba9963b724"&#xD;
[xUnit.net 00:00:22.86]       2025-08-22 05:01:58.164 +08:00 [INF] DESKTOP-J6M8022 34864/14 SystemMonitor.Service.Services.RpcHostedService 客户端断开：已达到流的结尾。 conn="12ea3cb9-6e37-4a78-8a02-17ba9963b724"&#xD;
[xUnit.net 00:00:22.86]       2025-08-22 05:01:58.220 +08:00 [INF] DESKTOP-J6M8022 34864/14 SystemMonitor.Service.Worker Worker running at: "2025-08-22T05:01:58.2204087+08:00"&#xD;
[xUnit.net 00:00:22.86]       2025-08-22 05:01:59.232 +08:00 [INF] DESKTOP-J6M8022 34864/11 SystemMonitor.Service.Worker Worker running at: "2025-08-22T05:01:59.2321592+08:00"&#xD;
[xUnit.net 00:00:22.86]       2025-08-22 05:02:00.236 +08:00 [INF] DESKTOP-J6M8022 34864/14 SystemMonitor.Service.Worker Worker running at: "2025-08-22T05:02:00.2367533+08:00"&#xD;
[xUnit.net 00:00:22.86]       2025-08-22 05:02:01.245 +08:00 [INF] DESKTOP-J6M8022 34864/11 SystemMonitor.Service.Worker Worker running at: "2025-08-22T05:02:01.2451701+08:00"&#xD;
[xUnit.net 00:00:22.86]       2025-08-22 05:02:02.255 +08:00 [INF] DESKTOP-J6M8022 34864/11 SystemMonitor.Service.Worker Worker running at: "2025-08-22T05:02:02.2559126+08:00"&#xD;
[xUnit.net 00:00:22.86]       Stack Trace:&#xD;
[xUnit.net 00:00:22.86]         C:\code\sys-sensor-v3\src\SystemMonitor.Tests\EndToEndTests.cs(151,0): at SystemMonitor.Tests.EndToEndTests.WaitPipeReadyAsync(TimeSpan timeout)&#xD;
[xUnit.net 00:00:22.86]         C:\code\sys-sensor-v3\src\SystemMonitor.Tests\EndToEndTests.cs(278,0): at SystemMonitor.Tests.EndToEndTests.InitializeAsync()&#xD;
[svc][out] 正在生成...&#xD;
[test][pipe-wait] last-win32=2 elapsed=0.0s&#xD;
[test][pipe-wait] last-win32=2 elapsed=0.2s&#xD;
[test][pipe-wait] last-win32=2 elapsed=0.4s&#xD;
[test][pipe-wait] last-win32=2 elapsed=0.6s&#xD;
[test][pipe-wait] last-win32=2 elapsed=0.8s&#xD;
[test][pipe-wait] last-win32=2 elapsed=1.0s&#xD;
[test][pipe-wait] last-win32=2 elapsed=1.2s&#xD;
[svc][out] C:\code\sys-sensor-v3\src\SystemMonitor.Service\Services\RpcHostedService.cs(201,31): error CS0103: 当前上下文中不存在名称“TryCreateCounter�?[C:\code\sys-sensor-v3\src\SystemMonitor.Service\SystemMonitor.Service.csproj]&#xD;
[svc][out] C:\code\sys-sensor-v3\src\SystemMonitor.Service\Services\RpcHostedService.cs(203,35): error CS0103: 当前上下文中不存在名称“TryCreateCounter�?[C:\code\sys-sensor-v3\src\SystemMonitor.Service\SystemMonitor.Service.csproj]&#xD;
[svc][out] C:\code\sys-sensor-v3\src\SystemMonitor.Service\Program.cs(76,13): warning CA1416: 可在所有平台上访问此调用站点�?RpcHostedService" 仅在 'windows' 上受支持�?(https://learn.microsoft.com/dotnet/fundamentals/code-analysis/quality-rules/ca1416) [C:\code\sys-sensor-v3\src\SystemMonitor.Service\SystemMonitor.Service.csproj]&#xD;
[svc][err] 生成失败。请修复生成错误并重新运行�?&#xD;
[xUnit.net 00:00:24.79]       System.InvalidOperationException : Service exited while waiting for pipe. Code=1. Tail:
[svc][out] 姝ｅ湪鐢熸垚...&#xD;
[xUnit.net 00:00:24.79]       [svc][out] C:\code\sys-sensor-v3\src\SystemMonitor.Service\Services\RpcHostedService.cs(201,31): error CS0103: 褰撳墠涓婁笅鏂囦腑涓嶅瓨鍦ㄥ悕绉扳€淭ryCreateCounter鈥?[C:\code\sys-sensor-v3\src\SystemMonitor.Service\SystemMonitor.Service.csproj]&#xD;
[xUnit.net 00:00:24.79]       [svc][out] C:\code\sys-sensor-v3\src\SystemMonitor.Service\Services\RpcHostedService.cs(203,35): error CS0103: 褰撳墠涓婁笅鏂囦腑涓嶅瓨鍦ㄥ悕绉扳€淭ryCreateCounter鈥?[C:\code\sys-sensor-v3\src\SystemMonitor.Service\SystemMonitor.Service.csproj]&#xD;
[xUnit.net 00:00:24.79]       [svc][out] C:\code\sys-sensor-v3\src\SystemMonitor.Service\Program.cs(76,13): warning CA1416: 鍙湪鎵€鏈夊钩鍙颁笂璁块棶姝よ皟鐢ㄧ珯鐐广€?RpcHostedService" 浠呭湪 'windows' 涓婂彈鏀寔銆?(https://learn.microsoft.com/dotnet/fundamentals/code-analysis/quality-rules/ca1416) [C:\code\sys-sensor-v3\src\SystemMonitor.Service\SystemMonitor.Service.csproj]&#xD;
[xUnit.net 00:00:24.79]       [svc][err] 鐢熸垚澶辫触銆傝淇鐢熸垚閿欒骞堕噸鏂拌繍琛屻€?
[file-log-tail]
2025-08-22 05:00:07.505 +08:00 [INF] DESKTOP-J6M8022 34864/11 SystemMonitor.Service.Worker Worker running at: "2025-08-22T05:00:07.5059406+08:00"&#xD;
[xUnit.net 00:00:24.79]       2025-08-22 05:00:08.115 +08:00 [INF] DESKTOP-J6M8022 34864/11 SystemMonitor.Service.Services.RpcHostedService 客户端已连接&#xD;
[xUnit.net 00:00:24.79]       2025-08-22 05:00:08.115 +08:00 [INF] DESKTOP-J6M8022 34864/11 SystemMonitor.Service.Services.RpcHostedService 客户端会话建立: conn="3ebaf5c9-7a90-4c1f-8d06-77e4b9511b6b"&#xD;
[xUnit.net 00:00:24.80]       2025-08-22 05:00:08.119 +08:00 [INF] DESKTOP-J6M8022 34864/11 SystemMonitor.Service.Services.RpcHostedService 客户端断开：已达到流的结尾。 conn="3ebaf5c9-7a90-4c1f-8d06-77e4b9511b6b"&#xD;
[xUnit.net 00:00:24.80]       2025-08-22 05:00:08.515 +08:00 [INF] DESKTOP-J6M8022 34864/11 SystemMonitor.Service.Worker Worker running at: "2025-08-22T05:00:08.5155952+08:00"&#xD;
[xUnit.net 00:00:24.80]       2025-08-22 05:00:09.524 +08:00 [INF] DESKTOP-J6M8022 34864/9 SystemMonitor.Service.Worker Worker running at: "2025-08-22T05:00:09.5241284+08:00"&#xD;
[xUnit.net 00:00:24.80]       2025-08-22 05:00:10.532 +08:00 [INF] DESKTOP-J6M8022 34864/8 SystemMonitor.Service.Worker Worker running at: "2025-08-22T05:00:10.5324730+08:00"&#xD;
[xUnit.net 00:00:24.80]       2025-08-22 05:00:11.535 +08:00 [INF] DESKTOP-J6M8022 34864/12 SystemMonitor.Service.Worker Worker running at: "2025-08-22T05:00:11.5357528+08:00"&#xD;
[xUnit.net 00:00:24.80]       2025-08-22 05:00:12.548 +08:00 [INF] DESKTOP-J6M8022 34864/8 SystemMonitor.Service.Worker Worker running at: "2025-08-22T05:00:12.5481912+08:00"&#xD;
[xUnit.net 00:00:24.80]       2025-08-22 05:00:13.107 +08:00 [INF] DESKTOP-J6M8022 34864/12 SystemMonitor.Service.Services.RpcHostedService 客户端已连接&#xD;
[xUnit.net 00:00:24.80]       2025-08-22 05:00:13.107 +08:00 [INF] DESKTOP-J6M8022 34864/12 SystemMonitor.Service.Services.RpcHostedService 客户端会话建立: conn="27a81c38-4647-493a-8fb8-8f2e144087dc"&#xD;
[xUnit.net 00:00:24.80]       2025-08-22 05:00:13.111 +08:00 [INF] DESKTOP-J6M8022 34864/11 SystemMonitor.Service.Services.RpcHostedService 客户端断开：已达到流的结尾。 conn="27a81c38-4647-493a-8fb8-8f2e144087dc"&#xD;
[xUnit.net 00:00:24.80]       2025-08-22 05:00:13.384 +08:00 [INF] DESKTOP-J6M8022 34864/8 SystemMonitor.Service.Services.RpcHostedService 客户端已连接&#xD;
[xUnit.net 00:00:24.80]       2025-08-22 05:00:13.384 +08:00 [INF] DESKTOP-J6M8022 34864/8 SystemMonitor.Service.Services.RpcHostedService 客户端会话建立: conn="25e61bd6-9b34-4b1b-8730-8dd26623668c"&#xD;
[xUnit.net 00:00:24.80]       2025-08-22 05:00:13.405 +08:00 [INF] DESKTOP-J6M8022 34864/8 SystemMonitor.Service.Services.RpcHostedService snapshot called, modules=*&#xD;
[xUnit.net 00:00:24.80]       2025-08-22 05:00:13.408 +08:00 [INF] DESKTOP-J6M8022 34864/9 SystemMonitor.Service.Services.RpcHostedService 客户端断开：已达到流的结尾。 conn="25e61bd6-9b34-4b1b-8730-8dd26623668c"&#xD;
[xUnit.net 00:00:24.80]       2025-08-22 05:00:13.551 +08:00 [INF] DESKTOP-J6M8022 34864/12 SystemMonitor.Service.Worker Worker running at: "2025-08-22T05:00:13.5519178+08:00"&#xD;
[xUnit.net 00:00:24.80]       2025-08-22 05:00:14.561 +08:00 [INF] DESKTOP-J6M8022 34864/8 SystemMonitor.Service.Worker Worker running at: "2025-08-22T05:00:14.5613344+08:00"&#xD;
[xUnit.net 00:00:24.80]       2025-08-22 05:00:15.574 +08:00 [INF] DESKTOP-J6M8022 34864/8 SystemMonitor.Service.Worker Worker running at: "2025-08-22T05:00:15.5741996+08:00"&#xD;
[xUnit.net 00:00:24.80]       2025-08-22 05:00:16.580 +08:00 [INF] DESKTOP-J6M8022 34864/12 SystemMonitor.Service.Worker Worker running at: "2025-08-22T05:00:16.5802431+08:00"&#xD;
[xUnit.net 00:00:24.80]       2025-08-22 05:00:17.583 +08:00 [INF] DESKTOP-J6M8022 34864/12 SystemMonitor.Service.Worker Worker running at: "2025-08-22T05:00:17.5832737+08:00"&#xD;
[xUnit.net 00:00:24.80]       2025-08-22 05:00:18.114 +08:00 [INF] DESKTOP-J6M8022 34864/11 SystemMonitor.Service.Services.RpcHostedService 客户端已连接&#xD;
[xUnit.net 00:00:24.80]       2025-08-22 05:00:18.114 +08:00 [INF] DESKTOP-J6M8022 34864/11 SystemMonitor.Service.Services.RpcHostedService 客户端会话建立: conn="8619790b-69c5-445b-ab8d-8526df618427"&#xD;
[xUnit.net 00:00:24.80]       2025-08-22 05:00:18.116 +08:00 [INF] DESKTOP-J6M8022 34864/12 SystemMonitor.Service.Services.RpcHostedService 客户端断开：已达到流的结尾。 conn="8619790b-69c5-445b-ab8d-8526df618427"&#xD;
[xUnit.net 00:00:24.80]       2025-08-22 05:00:18.595 +08:00 [INF] DESKTOP-J6M8022 34864/11 SystemMonitor.Service.Worker Worker running at: "2025-08-22T05:00:18.5953464+08:00"&#xD;
[xUnit.net 00:00:24.80]       2025-08-22 05:00:19.605 +08:00 [INF] DESKTOP-J6M8022 34864/11 SystemMonitor.Service.Worker Worker running at: "2025-08-22T05:00:19.6052530+08:00"&#xD;
[xUnit.net 00:00:24.80]       2025-08-22 05:00:20.613 +08:00 [INF] DESKTOP-J6M8022 34864/13 SystemMonitor.Service.Worker Worker running at: "2025-08-22T05:00:20.6131263+08:00"&#xD;
[xUnit.net 00:00:24.80]       2025-08-22 05:00:21.613 +08:00 [INF] DESKTOP-J6M8022 34864/11 SystemMonitor.Service.Worker Worker running at: "2025-08-22T05:00:21.6130098+08:00"&#xD;
[xUnit.net 00:00:24.80]       2025-08-22 05:00:22.624 +08:00 [INF] DESKTOP-J6M8022 34864/13 SystemMonitor.Service.Worker Worker running at: "2025-08-22T05:00:22.6244940+08:00"&#xD;
[xUnit.net 00:00:24.80]       2025-08-22 05:00:23.105 +08:00 [INF] DESKTOP-J6M8022 34864/13 SystemMonitor.Service.Services.RpcHostedService 客户端已连接&#xD;
[xUnit.net 00:00:24.80]       2025-08-22 05:00:23.105 +08:00 [INF] DESKTOP-J6M8022 34864/13 SystemMonitor.Service.Services.RpcHostedService 客户端会话建立: conn="849f5c90-811a-4eb3-97ea-73e1b9d03257"&#xD;
[xUnit.net 00:00:24.80]       2025-08-22 05:00:23.108 +08:00 [INF] DESKTOP-J6M8022 34864/8 SystemMonitor.Service.Services.RpcHostedService 客户端断开：已达到流的结尾。 conn="849f5c90-811a-4eb3-97ea-73e1b9d03257"&#xD;
[xUnit.net 00:00:24.80]       2025-08-22 05:00:23.627 +08:00 [INF] DESKTOP-J6M8022 34864/13 SystemMonitor.Service.Worker Worker running at: "2025-08-22T05:00:23.6275367+08:00"&#xD;
[xUnit.net 00:00:24.80]       2025-08-22 05:00:24.631 +08:00 [INF] DESKTOP-J6M8022 34864/8 SystemMonitor.Service.Worker Worker running at: "2025-08-22T05:00:24.6319373+08:00"&#xD;
[xUnit.net 00:00:24.80]       2025-08-22 05:00:25.643 +08:00 [INF] DESKTOP-J6M8022 34864/13 SystemMonitor.Service.Worker Worker running at: "2025-08-22T05:00:25.6437810+08:00"&#xD;
[xUnit.net 00:00:24.80]       2025-08-22 05:00:26.649 +08:00 [INF] DESKTOP-J6M8022 34864/10 SystemMonitor.Service.Worker Worker running at: "2025-08-22T05:00:26.6498268+08:00"&#xD;
[xUnit.net 00:00:24.80]       2025-08-22 05:00:27.653 +08:00 [INF] DESKTOP-J6M8022 34864/13 SystemMonitor.Service.Worker Worker running at: "2025-08-22T05:00:27.6536723+08:00"&#xD;
[xUnit.net 00:00:24.80]       2025-08-22 05:00:28.104 +08:00 [INF] DESKTOP-J6M8022 34864/13 SystemMonitor.Service.Services.RpcHostedService 客户端已连接&#xD;
[xUnit.net 00:00:24.80]       2025-08-22 05:00:28.104 +08:00 [INF] DESKTOP-J6M8022 34864/13 SystemMonitor.Service.Services.RpcHostedService 客户端会话建立: conn="58087a9a-4fe9-4ab7-893a-962c7c34de4d"&#xD;
[xUnit.net 00:00:24.80]       2025-08-22 05:00:28.108 +08:00 [INF] DESKTOP-J6M8022 34864/10 SystemMonitor.Service.Services.RpcHostedService 客户端断开：已达到流的结尾。 conn="58087a9a-4fe9-4ab7-893a-962c7c34de4d"&#xD;
[xUnit.net 00:00:24.80]       2025-08-22 05:00:28.658 +08:00 [INF] DESKTOP-J6M8022 34864/10 SystemMonitor.Service.Worker Worker running at: "2025-08-22T05:00:28.6580477+08:00"&#xD;
[xUnit.net 00:00:24.80]       2025-08-22 05:00:29.667 +08:00 [INF] DESKTOP-J6M8022 34864/10 SystemMonitor.Service.Worker Worker running at: "2025-08-22T05:00:29.6670246+08:00"&#xD;
[xUnit.net 00:00:24.80]       2025-08-22 05:00:30.671 +08:00 [INF] DESKTOP-J6M8022 34864/11 SystemMonitor.Service.Worker Worker running at: "2025-08-22T05:00:30.6718324+08:00"&#xD;
[xUnit.net 00:00:24.80]       2025-08-22 05:00:31.677 +08:00 [INF] DESKTOP-J6M8022 34864/11 SystemMonitor.Service.Worker Worker running at: "2025-08-22T05:00:31.6773257+08:00"&#xD;
[xUnit.net 00:00:24.80]       2025-08-22 05:00:32.687 +08:00 [INF] DESKTOP-J6M8022 34864/8 SystemMonitor.Service.Worker Worker running at: "2025-08-22T05:00:32.6879602+08:00"&#xD;
[xUnit.net 00:00:24.80]       2025-08-22 05:00:33.104 +08:00 [INF] DESKTOP-J6M8022 34864/11 SystemMonitor.Service.Services.RpcHostedService 客户端已连接&#xD;
[xUnit.net 00:00:24.80]       2025-08-22 05:00:33.104 +08:00 [INF] DESKTOP-J6M8022 34864/11 SystemMonitor.Service.Services.RpcHostedService 客户端会话建立: conn="f2efc72f-7360-4d95-8499-7acad765c432"&#xD;
[xUnit.net 00:00:24.80]       2025-08-22 05:00:33.107 +08:00 [INF] DESKTOP-J6M8022 34864/11 SystemMonitor.Service.Services.RpcHostedService 客户端断开：已达到流的结尾。 conn="f2efc72f-7360-4d95-8499-7acad765c432"&#xD;
[xUnit.net 00:00:24.80]       2025-08-22 05:00:33.703 +08:00 [INF] DESKTOP-J6M8022 34864/8 SystemMonitor.Service.Worker Worker running at: "2025-08-22T05:00:33.7031716+08:00"&#xD;
[xUnit.net 00:00:24.80]       2025-08-22 05:00:34.705 +08:00 [INF] DESKTOP-J6M8022 34864/13 SystemMonitor.Service.Worker Worker running at: "2025-08-22T05:00:34.7053006+08:00"&#xD;
[xUnit.net 00:00:24.80]       2025-08-22 05:00:35.716 +08:00 [INF] DESKTOP-J6M8022 34864/11 SystemMonitor.Service.Worker Worker running at: "2025-08-22T05:00:35.7161477+08:00"&#xD;
[xUnit.net 00:00:24.80]       2025-08-22 05:00:36.721 +08:00 [INF] DESKTOP-J6M8022 34864/12 SystemMonitor.Service.Worker Worker running at: "2025-08-22T05:00:36.7213935+08:00"&#xD;
[xUnit.net 00:00:24.80]       2025-08-22 05:00:37.725 +08:00 [INF] DESKTOP-J6M8022 34864/12 SystemMonitor.Service.Worker Worker running at: "2025-08-22T05:00:37.7251514+08:00"&#xD;
[xUnit.net 00:00:24.80]       2025-08-22 05:00:38.118 +08:00 [INF] DESKTOP-J6M8022 34864/13 SystemMonitor.Service.Services.RpcHostedService 客户端已连接&#xD;
[xUnit.net 00:00:24.80]       2025-08-22 05:00:38.118 +08:00 [INF] DESKTOP-J6M8022 34864/13 SystemMonitor.Service.Services.RpcHostedService 客户端会话建立: conn="b439ecab-ffb2-4843-8f54-1844ad704c06"&#xD;
[xUnit.net 00:00:24.80]       2025-08-22 05:00:38.121 +08:00 [INF] DESKTOP-J6M8022 34864/13 SystemMonitor.Service.Services.RpcHostedService 客户端断开：已达到流的结尾。 conn="b439ecab-ffb2-4843-8f54-1844ad704c06"&#xD;
[xUnit.net 00:00:24.80]       2025-08-22 05:00:38.725 +08:00 [INF] DESKTOP-J6M8022 34864/8 SystemMonitor.Service.Worker Worker running at: "2025-08-22T05:00:38.7259519+08:00"&#xD;
[xUnit.net 00:00:24.80]       2025-08-22 05:00:39.740 +08:00 [INF] DESKTOP-J6M8022 34864/11 SystemMonitor.Service.Worker Worker running at: "2025-08-22T05:00:39.7403082+08:00"&#xD;
[xUnit.net 00:00:24.80]       2025-08-22 05:00:40.742 +08:00 [INF] DESKTOP-J6M8022 34864/11 SystemMonitor.Service.Worker Worker running at: "2025-08-22T05:00:40.7425737+08:00"&#xD;
[xUnit.net 00:00:24.80]       2025-08-22 05:00:41.745 +08:00 [INF] DESKTOP-J6M8022 34864/13 SystemMonitor.Service.Worker Worker running at: "2025-08-22T05:00:41.7451229+08:00"&#xD;
[xUnit.net 00:00:24.80]       2025-08-22 05:00:42.751 +08:00 [INF] DESKTOP-J6M8022 34864/11 SystemMonitor.Service.Worker Worker running at: "2025-08-22T05:00:42.7515665+08:00"&#xD;
[xUnit.net 00:00:24.80]       2025-08-22 05:00:43.110 +08:00 [INF] DESKTOP-J6M8022 34864/14 SystemMonitor.Service.Services.RpcHostedService 客户端已连接&#xD;
[xUnit.net 00:00:24.80]       2025-08-22 05:00:43.110 +08:00 [INF] DESKTOP-J6M8022 34864/14 SystemMonitor.Service.Services.RpcHostedService 客户端会话建立: conn="ec82b613-da05-4264-84fe-3fb03c945d2f"&#xD;
[xUnit.net 00:00:24.80]       2025-08-22 05:00:43.120 +08:00 [INF] DESKTOP-J6M8022 34864/9 SystemMonitor.Service.Services.RpcHostedService 客户端断开：已达到流的结尾。 conn="ec82b613-da05-4264-84fe-3fb03c945d2f"&#xD;
[xUnit.net 00:00:24.80]       2025-08-22 05:00:43.389 +08:00 [INF] DESKTOP-J6M8022 34864/13 SystemMonitor.Service.Services.RpcHostedService 客户端已连接&#xD;
[xUnit.net 00:00:24.80]       2025-08-22 05:00:43.389 +08:00 [INF] DESKTOP-J6M8022 34864/13 SystemMonitor.Service.Services.RpcHostedService 客户端会话建立: conn="2f7dc9d3-2402-4294-ba61-bc663df8cf82"&#xD;
[xUnit.net 00:00:24.80]       2025-08-22 05:00:43.398 +08:00 [INF] DESKTOP-J6M8022 34864/13 SystemMonitor.Service.Services.RpcHostedService snapshot called, modules=*&#xD;
[xUnit.net 00:00:24.80]       2025-08-22 05:00:43.407 +08:00 [INF] DESKTOP-J6M8022 34864/13 SystemMonitor.Service.Services.RpcHostedService 客户端断开：已达到流的结尾。 conn="2f7dc9d3-2402-4294-ba61-bc663df8cf82"&#xD;
[xUnit.net 00:00:24.80]       2025-08-22 05:00:43.756 +08:00 [INF] DESKTOP-J6M8022 34864/13 SystemMonitor.Service.Worker Worker running at: "2025-08-22T05:00:43.7565234+08:00"&#xD;
[xUnit.net 00:00:24.80]       2025-08-22 05:00:44.757 +08:00 [INF] DESKTOP-J6M8022 34864/11 SystemMonitor.Service.Worker Worker running at: "2025-08-22T05:00:44.7577675+08:00"&#xD;
[xUnit.net 00:00:24.80]       2025-08-22 05:00:45.762 +08:00 [INF] DESKTOP-J6M8022 34864/11 SystemMonitor.Service.Worker Worker running at: "2025-08-22T05:00:45.7627674+08:00"&#xD;
[xUnit.net 00:00:24.80]       2025-08-22 05:00:46.772 +08:00 [INF] DESKTOP-J6M8022 34864/11 SystemMonitor.Service.Worker Worker running at: "2025-08-22T05:00:46.7724296+08:00"&#xD;
[xUnit.net 00:00:24.80]       2025-08-22 05:00:47.772 +08:00 [INF] DESKTOP-J6M8022 34864/11 SystemMonitor.Service.Worker Worker running at: "2025-08-22T05:00:47.7724414+08:00"&#xD;
[xUnit.net 00:00:24.80]       2025-08-22 05:00:48.113 +08:00 [INF] DESKTOP-J6M8022 34864/11 SystemMonitor.Service.Services.RpcHostedService 客户端已连接&#xD;
[xUnit.net 00:00:24.80]       2025-08-22 05:00:48.113 +08:00 [INF] DESKTOP-J6M8022 34864/11 SystemMonitor.Service.Services.RpcHostedService 客户端会话建立: conn="0b57ec2b-be63-49bb-9b61-b642d4a6bad8"&#xD;
[xUnit.net 00:00:24.80]       2025-08-22 05:00:48.118 +08:00 [INF] DESKTOP-J6M8022 34864/11 SystemMonitor.Service.Services.RpcHostedService 客户端断开：已达到流的结尾。 conn="0b57ec2b-be63-49bb-9b61-b642d4a6bad8"&#xD;
[xUnit.net 00:00:24.80]       2025-08-22 05:00:48.786 +08:00 [INF] DESKTOP-J6M8022 34864/14 SystemMonitor.Service.Worker Worker running at: "2025-08-22T05:00:48.7861767+08:00"&#xD;
[xUnit.net 00:00:24.80]       2025-08-22 05:00:49.797 +08:00 [INF] DESKTOP-J6M8022 34864/14 SystemMonitor.Service.Worker Worker running at: "2025-08-22T05:00:49.7971060+08:00"&#xD;
[xUnit.net 00:00:24.80]       2025-08-22 05:00:50.810 +08:00 [INF] DESKTOP-J6M8022 34864/14 SystemMonitor.Service.Worker Worker running at: "2025-08-22T05:00:50.8103703+08:00"&#xD;
[xUnit.net 00:00:24.80]       2025-08-22 05:00:51.819 +08:00 [INF] DESKTOP-J6M8022 34864/14 SystemMonitor.Service.Worker Worker running at: "2025-08-22T05:00:51.8191149+08:00"&#xD;
[xUnit.net 00:00:24.80]       2025-08-22 05:00:52.832 +08:00 [INF] DESKTOP-J6M8022 34864/14 SystemMonitor.Service.Worker Worker running at: "2025-08-22T05:00:52.8322629+08:00"&#xD;
[xUnit.net 00:00:24.80]       2025-08-22 05:00:53.102 +08:00 [INF] DESKTOP-J6M8022 34864/14 SystemMonitor.Service.Services.RpcHostedService 客户端已连接&#xD;
[xUnit.net 00:00:24.80]       2025-08-22 05:00:53.102 +08:00 [INF] DESKTOP-J6M8022 34864/14 SystemMonitor.Service.Services.RpcHostedService 客户端会话建立: conn="a1d8b427-d708-44e2-9952-15a5a936e6af"&#xD;
[xUnit.net 00:00:24.80]       2025-08-22 05:00:53.105 +08:00 [INF] DESKTOP-J6M8022 34864/13 SystemMonitor.Service.Services.RpcHostedService 客户端断开：已达到流的结尾。 conn="a1d8b427-d708-44e2-9952-15a5a936e6af"&#xD;
[xUnit.net 00:00:24.80]       2025-08-22 05:00:53.839 +08:00 [INF] DESKTOP-J6M8022 34864/9 SystemMonitor.Service.Worker Worker running at: "2025-08-22T05:00:53.8390210+08:00"&#xD;
[xUnit.net 00:00:24.80]       2025-08-22 05:00:54.844 +08:00 [INF] DESKTOP-J6M8022 34864/9 SystemMonitor.Service.Worker Worker running at: "2025-08-22T05:00:54.8440332+08:00"&#xD;
[xUnit.net 00:00:24.80]       2025-08-22 05:00:55.849 +08:00 [INF] DESKTOP-J6M8022 34864/14 SystemMonitor.Service.Worker Worker running at: "2025-08-22T05:00:55.8498931+08:00"&#xD;
[xUnit.net 00:00:24.80]       2025-08-22 05:00:56.855 +08:00 [INF] DESKTOP-J6M8022 34864/12 SystemMonitor.Service.Worker Worker running at: "2025-08-22T05:00:56.8554623+08:00"&#xD;
[xUnit.net 00:00:24.80]       2025-08-22 05:00:57.861 +08:00 [INF] DESKTOP-J6M8022 34864/12 SystemMonitor.Service.Worker Worker running at: "2025-08-22T05:00:57.8610329+08:00"&#xD;
[xUnit.net 00:00:24.80]       2025-08-22 05:00:58.111 +08:00 [INF] DESKTOP-J6M8022 34864/8 SystemMonitor.Service.Services.RpcHostedService 客户端已连接&#xD;
[xUnit.net 00:00:24.80]       2025-08-22 05:00:58.111 +08:00 [INF] DESKTOP-J6M8022 34864/8 SystemMonitor.Service.Services.RpcHostedService 客户端会话建立: conn="667ed3f1-bd30-41e0-92ff-80608571c1ce"&#xD;
[xUnit.net 00:00:24.80]       2025-08-22 05:00:58.116 +08:00 [INF] DESKTOP-J6M8022 34864/12 SystemMonitor.Service.Services.RpcHostedService 客户端断开：已达到流的结尾。 conn="667ed3f1-bd30-41e0-92ff-80608571c1ce"&#xD;
[xUnit.net 00:00:24.80]       2025-08-22 05:00:58.863 +08:00 [INF] DESKTOP-J6M8022 34864/8 SystemMonitor.Service.Worker Worker running at: "2025-08-22T05:00:58.8635685+08:00"&#xD;
[xUnit.net 00:00:24.80]       2025-08-22 05:00:59.864 +08:00 [INF] DESKTOP-J6M8022 34864/13 SystemMonitor.Service.Worker Worker running at: "2025-08-22T05:00:59.8639948+08:00"&#xD;
[xUnit.net 00:00:24.80]       2025-08-22 05:01:00.871 +08:00 [INF] DESKTOP-J6M8022 34864/8 SystemMonitor.Service.Worker Worker running at: "2025-08-22T05:01:00.8711317+08:00"&#xD;
[xUnit.net 00:00:24.80]       2025-08-22 05:01:01.872 +08:00 [INF] DESKTOP-J6M8022 34864/8 SystemMonitor.Service.Worker Worker running at: "2025-08-22T05:01:01.8723849+08:00"&#xD;
[xUnit.net 00:00:24.80]       2025-08-22 05:01:02.874 +08:00 [INF] DESKTOP-J6M8022 34864/13 SystemMonitor.Service.Worker Worker running at: "2025-08-22T05:01:02.8742125+08:00"&#xD;
[xUnit.net 00:00:24.80]       2025-08-22 05:01:03.109 +08:00 [INF] DESKTOP-J6M8022 34864/13 SystemMonitor.Service.Services.RpcHostedService 客户端已连接&#xD;
[xUnit.net 00:00:24.80]       2025-08-22 05:01:03.109 +08:00 [INF] DESKTOP-J6M8022 34864/13 SystemMonitor.Service.Services.RpcHostedService 客户端会话建立: conn="6f7008b5-fb8e-492a-bb7e-9769bc95aca3"&#xD;
[xUnit.net 00:00:24.80]       2025-08-22 05:01:03.113 +08:00 [INF] DESKTOP-J6M8022 34864/13 SystemMonitor.Service.Services.RpcHostedService 客户端断开：已达到流的结尾。 conn="6f7008b5-fb8e-492a-bb7e-9769bc95aca3"&#xD;
[xUnit.net 00:00:24.80]       2025-08-22 05:01:03.878 +08:00 [INF] DESKTOP-J6M8022 34864/9 SystemMonitor.Service.Worker Worker running at: "2025-08-22T05:01:03.8780156+08:00"&#xD;
[xUnit.net 00:00:24.80]       2025-08-22 05:01:04.882 +08:00 [INF] DESKTOP-J6M8022 34864/9 SystemMonitor.Service.Worker Worker running at: "2025-08-22T05:01:04.8824276+08:00"&#xD;
[xUnit.net 00:00:24.80]       2025-08-22 05:01:05.888 +08:00 [INF] DESKTOP-J6M8022 34864/9 SystemMonitor.Service.Worker Worker running at: "2025-08-22T05:01:05.8884444+08:00"&#xD;
[xUnit.net 00:00:24.80]       2025-08-22 05:01:06.898 +08:00 [INF] DESKTOP-J6M8022 34864/13 SystemMonitor.Service.Worker Worker running at: "2025-08-22T05:01:06.8980438+08:00"&#xD;
[xUnit.net 00:00:24.80]       2025-08-22 05:01:07.902 +08:00 [INF] DESKTOP-J6M8022 34864/12 SystemMonitor.Service.Worker Worker running at: "2025-08-22T05:01:07.9022915+08:00"&#xD;
[xUnit.net 00:00:24.80]       2025-08-22 05:01:08.106 +08:00 [INF] DESKTOP-J6M8022 34864/12 SystemMonitor.Service.Services.RpcHostedService 客户端已连接&#xD;
[xUnit.net 00:00:24.80]       2025-08-22 05:01:08.106 +08:00 [INF] DESKTOP-J6M8022 34864/12 SystemMonitor.Service.Services.RpcHostedService 客户端会话建立: conn="57e57623-52be-4bde-b1c7-694c9251d418"&#xD;
[xUnit.net 00:00:24.80]       2025-08-22 05:01:08.111 +08:00 [INF] DESKTOP-J6M8022 34864/14 SystemMonitor.Service.Services.RpcHostedService 客户端断开：已达到流的结尾。 conn="57e57623-52be-4bde-b1c7-694c9251d418"&#xD;
[xUnit.net 00:00:24.80]       2025-08-22 05:01:08.904 +08:00 [INF] DESKTOP-J6M8022 34864/13 SystemMonitor.Service.Worker Worker running at: "2025-08-22T05:01:08.9045942+08:00"&#xD;
[xUnit.net 00:00:24.80]       2025-08-22 05:01:09.905 +08:00 [INF] DESKTOP-J6M8022 34864/12 SystemMonitor.Service.Worker Worker running at: "2025-08-22T05:01:09.9059497+08:00"&#xD;
[xUnit.net 00:00:24.80]       2025-08-22 05:01:10.910 +08:00 [INF] DESKTOP-J6M8022 34864/8 SystemMonitor.Service.Worker Worker running at: "2025-08-22T05:01:10.9104565+08:00"&#xD;
[xUnit.net 00:00:24.80]       2025-08-22 05:01:11.913 +08:00 [INF] DESKTOP-J6M8022 34864/12 SystemMonitor.Service.Worker Worker running at: "2025-08-22T05:01:11.9132884+08:00"&#xD;
[xUnit.net 00:00:24.80]       2025-08-22 05:01:12.917 +08:00 [INF] DESKTOP-J6M8022 34864/8 SystemMonitor.Service.Worker Worker running at: "2025-08-22T05:01:12.9173706+08:00"&#xD;
[xUnit.net 00:00:24.80]       2025-08-22 05:01:13.103 +08:00 [INF] DESKTOP-J6M8022 34864/8 SystemMonitor.Service.Services.RpcHostedService 客户端已连接&#xD;
[xUnit.net 00:00:24.80]       2025-08-22 05:01:13.103 +08:00 [INF] DESKTOP-J6M8022 34864/8 SystemMonitor.Service.Services.RpcHostedService 客户端会话建立: conn="8c8ff938-4ec2-4b63-94b8-07d74318db55"&#xD;
[xUnit.net 00:00:24.80]       2025-08-22 05:01:13.107 +08:00 [INF] DESKTOP-J6M8022 34864/12 SystemMonitor.Service.Services.RpcHostedService 客户端断开：已达到流的结尾。 conn="8c8ff938-4ec2-4b63-94b8-07d74318db55"&#xD;
[xUnit.net 00:00:24.80]       2025-08-22 05:01:13.395 +08:00 [INF] DESKTOP-J6M8022 34864/8 SystemMonitor.Service.Services.RpcHostedService 客户端已连接&#xD;
[xUnit.net 00:00:24.80]       2025-08-22 05:01:13.395 +08:00 [INF] DESKTOP-J6M8022 34864/8 SystemMonitor.Service.Services.RpcHostedService 客户端会话建立: conn="0d0e45ce-49cf-483b-8035-5df65c66b336"&#xD;
[xUnit.net 00:00:24.80]       2025-08-22 05:01:13.409 +08:00 [INF] DESKTOP-J6M8022 34864/8 SystemMonitor.Service.Services.RpcHostedService snapshot called, modules=*&#xD;
[xUnit.net 00:00:24.80]       2025-08-22 05:01:13.415 +08:00 [INF] DESKTOP-J6M8022 34864/12 SystemMonitor.Service.Services.RpcHostedService 客户端断开：已达到流的结尾。 conn="0d0e45ce-49cf-483b-8035-5df65c66b336"&#xD;
[xUnit.net 00:00:24.80]       2025-08-22 05:01:13.923 +08:00 [INF] DESKTOP-J6M8022 34864/14 SystemMonitor.Service.Worker Worker running at: "2025-08-22T05:01:13.9232807+08:00"&#xD;
[xUnit.net 00:00:24.80]       2025-08-22 05:01:14.929 +08:00 [INF] DESKTOP-J6M8022 34864/12 SystemMonitor.Service.Worker Worker running at: "2025-08-22T05:01:14.9292827+08:00"&#xD;
[xUnit.net 00:00:24.80]       2025-08-22 05:01:15.932 +08:00 [INF] DESKTOP-J6M8022 34864/8 SystemMonitor.Service.Worker Worker running at: "2025-08-22T05:01:15.9326500+08:00"&#xD;
[xUnit.net 00:00:24.80]       2025-08-22 05:01:16.939 +08:00 [INF] DESKTOP-J6M8022 34864/14 SystemMonitor.Service.Worker Worker running at: "2025-08-22T05:01:16.9393680+08:00"&#xD;
[xUnit.net 00:00:24.80]       2025-08-22 05:01:17.943 +08:00 [INF] DESKTOP-J6M8022 34864/8 SystemMonitor.Service.Worker Worker running at: "2025-08-22T05:01:17.9432416+08:00"&#xD;
[xUnit.net 00:00:24.80]       2025-08-22 05:01:18.116 +08:00 [INF] DESKTOP-J6M8022 34864/8 SystemMonitor.Service.Services.RpcHostedService 客户端已连接&#xD;
[xUnit.net 00:00:24.80]       2025-08-22 05:01:18.116 +08:00 [INF] DESKTOP-J6M8022 34864/8 SystemMonitor.Service.Services.RpcHostedService 客户端会话建立: conn="4caa660b-18e4-4979-bebe-31bdd3b07642"&#xD;
[xUnit.net 00:00:24.80]       2025-08-22 05:01:18.119 +08:00 [INF] DESKTOP-J6M8022 34864/12 SystemMonitor.Service.Services.RpcHostedService 客户端断开：已达到流的结尾。 conn="4caa660b-18e4-4979-bebe-31bdd3b07642"&#xD;
[xUnit.net 00:00:24.80]       2025-08-22 05:01:18.947 +08:00 [INF] DESKTOP-J6M8022 34864/8 SystemMonitor.Service.Worker Worker running at: "2025-08-22T05:01:18.9470563+08:00"&#xD;
[xUnit.net 00:00:24.80]       2025-08-22 05:01:19.950 +08:00 [INF] DESKTOP-J6M8022 34864/8 SystemMonitor.Service.Worker Worker running at: "2025-08-22T05:01:19.9501774+08:00"&#xD;
[xUnit.net 00:00:24.80]       2025-08-22 05:01:20.958 +08:00 [INF] DESKTOP-J6M8022 34864/8 SystemMonitor.Service.Worker Worker running at: "2025-08-22T05:01:20.9579718+08:00"&#xD;
[xUnit.net 00:00:24.80]       2025-08-22 05:01:21.959 +08:00 [INF] DESKTOP-J6M8022 34864/14 SystemMonitor.Service.Worker Worker running at: "2025-08-22T05:01:21.9594726+08:00"&#xD;
[xUnit.net 00:00:24.80]       2025-08-22 05:01:22.963 +08:00 [INF] DESKTOP-J6M8022 34864/8 SystemMonitor.Service.Worker Worker running at: "2025-08-22T05:01:22.9634519+08:00"&#xD;
[xUnit.net 00:00:24.80]       2025-08-22 05:01:23.105 +08:00 [INF] DESKTOP-J6M8022 34864/8 SystemMonitor.Service.Services.RpcHostedService 客户端已连接&#xD;
[xUnit.net 00:00:24.80]       2025-08-22 05:01:23.105 +08:00 [INF] DESKTOP-J6M8022 34864/8 SystemMonitor.Service.Services.RpcHostedService 客户端会话建立: conn="8639769c-80fa-407f-b9a9-4050afd76198"&#xD;
[xUnit.net 00:00:24.80]       2025-08-22 05:01:23.107 +08:00 [INF] DESKTOP-J6M8022 34864/14 SystemMonitor.Service.Services.RpcHostedService 客户端断开：已达到流的结尾。 conn="8639769c-80fa-407f-b9a9-4050afd76198"&#xD;
[xUnit.net 00:00:24.80]       2025-08-22 05:01:23.971 +08:00 [INF] DESKTOP-J6M8022 34864/11 SystemMonitor.Service.Worker Worker running at: "2025-08-22T05:01:23.9715344+08:00"&#xD;
[xUnit.net 00:00:24.80]       2025-08-22 05:01:24.982 +08:00 [INF] DESKTOP-J6M8022 34864/11 SystemMonitor.Service.Worker Worker running at: "2025-08-22T05:01:24.9819615+08:00"&#xD;
[xUnit.net 00:00:24.80]       2025-08-22 05:01:25.994 +08:00 [INF] DESKTOP-J6M8022 34864/11 SystemMonitor.Service.Worker Worker running at: "2025-08-22T05:01:25.9941989+08:00"&#xD;
[xUnit.net 00:00:24.80]       2025-08-22 05:01:26.999 +08:00 [INF] DESKTOP-J6M8022 34864/8 SystemMonitor.Service.Worker Worker running at: "2025-08-22T05:01:26.9999359+08:00"&#xD;
[xUnit.net 00:00:24.80]       2025-08-22 05:01:28.013 +08:00 [INF] DESKTOP-J6M8022 34864/11 SystemMonitor.Service.Worker Worker running at: "2025-08-22T05:01:28.0133025+08:00"&#xD;
[xUnit.net 00:00:24.80]       2025-08-22 05:01:28.109 +08:00 [INF] DESKTOP-J6M8022 34864/11 SystemMonitor.Service.Services.RpcHostedService 客户端已连接&#xD;
[xUnit.net 00:00:24.80]       2025-08-22 05:01:28.109 +08:00 [INF] DESKTOP-J6M8022 34864/11 SystemMonitor.Service.Services.RpcHostedService 客户端会话建立: conn="fda2e581-c0a4-4aa4-a5e0-11787ca179bd"&#xD;
[xUnit.net 00:00:24.80]       2025-08-22 05:01:28.112 +08:00 [INF] DESKTOP-J6M8022 34864/11 SystemMonitor.Service.Services.RpcHostedService 客户端断开：已达到流的结尾。 conn="fda2e581-c0a4-4aa4-a5e0-11787ca179bd"&#xD;
[xUnit.net 00:00:24.80]       2025-08-22 05:01:29.018 +08:00 [INF] DESKTOP-J6M8022 34864/11 SystemMonitor.Service.Worker Worker running at: "2025-08-22T05:01:29.0183364+08:00"&#xD;
[xUnit.net 00:00:24.80]       2025-08-22 05:01:30.019 +08:00 [INF] DESKTOP-J6M8022 34864/8 SystemMonitor.Service.Worker Worker running at: "2025-08-22T05:01:30.0195935+08:00"&#xD;
[xUnit.net 00:00:24.80]       2025-08-22 05:01:31.026 +08:00 [INF] DESKTOP-J6M8022 34864/8 SystemMonitor.Service.Worker Worker running at: "2025-08-22T05:01:31.0262398+08:00"&#xD;
[xUnit.net 00:00:24.80]       2025-08-22 05:01:32.031 +08:00 [INF] DESKTOP-J6M8022 34864/12 SystemMonitor.Service.Worker Worker running at: "2025-08-22T05:01:32.0310132+08:00"&#xD;
[xUnit.net 00:00:24.80]       2025-08-22 05:01:33.035 +08:00 [INF] DESKTOP-J6M8022 34864/12 SystemMonitor.Service.Worker Worker running at: "2025-08-22T05:01:33.0357910+08:00"&#xD;
[xUnit.net 00:00:24.80]       2025-08-22 05:01:33.116 +08:00 [INF] DESKTOP-J6M8022 34864/12 SystemMonitor.Service.Services.RpcHostedService 客户端已连接&#xD;
[xUnit.net 00:00:24.80]       2025-08-22 05:01:33.116 +08:00 [INF] DESKTOP-J6M8022 34864/12 SystemMonitor.Service.Services.RpcHostedService 客户端会话建立: conn="34e1094f-2d5d-4eb2-b05a-37c0e40cc011"&#xD;
[xUnit.net 00:00:24.80]       2025-08-22 05:01:33.119 +08:00 [INF] DESKTOP-J6M8022 34864/8 SystemMonitor.Service.Services.RpcHostedService 客户端断开：已达到流的结尾。 conn="34e1094f-2d5d-4eb2-b05a-37c0e40cc011"&#xD;
[xUnit.net 00:00:24.80]       2025-08-22 05:01:34.041 +08:00 [INF] DESKTOP-J6M8022 34864/8 SystemMonitor.Service.Worker Worker running at: "2025-08-22T05:01:34.0416262+08:00"&#xD;
[xUnit.net 00:00:24.80]       2025-08-22 05:01:35.045 +08:00 [INF] DESKTOP-J6M8022 34864/8 SystemMonitor.Service.Worker Worker running at: "2025-08-22T05:01:35.0457088+08:00"&#xD;
[xUnit.net 00:00:24.80]       2025-08-22 05:01:36.047 +08:00 [INF] DESKTOP-J6M8022 34864/12 SystemMonitor.Service.Worker Worker running at: "2025-08-22T05:01:36.0479378+08:00"&#xD;
[xUnit.net 00:00:24.80]       2025-08-22 05:01:37.050 +08:00 [INF] DESKTOP-J6M8022 34864/12 SystemMonitor.Service.Worker Worker running at: "2025-08-22T05:01:37.0504892+08:00"&#xD;
[xUnit.net 00:00:24.80]       2025-08-22 05:01:38.061 +08:00 [INF] DESKTOP-J6M8022 34864/14 SystemMonitor.Service.Worker Worker running at: "2025-08-22T05:01:38.0614429+08:00"&#xD;
[xUnit.net 00:00:24.80]       2025-08-22 05:01:38.110 +08:00 [INF] DESKTOP-J6M8022 34864/12 SystemMonitor.Service.Services.RpcHostedService 客户端已连接&#xD;
[xUnit.net 00:00:24.80]       2025-08-22 05:01:38.110 +08:00 [INF] DESKTOP-J6M8022 34864/12 SystemMonitor.Service.Services.RpcHostedService 客户端会话建立: conn="06117a62-6040-4241-9927-358af4226d43"&#xD;
[xUnit.net 00:00:24.80]       2025-08-22 05:01:38.113 +08:00 [INF] DESKTOP-J6M8022 34864/14 SystemMonitor.Service.Services.RpcHostedService 客户端断开：已达到流的结尾。 conn="06117a62-6040-4241-9927-358af4226d43"&#xD;
[xUnit.net 00:00:24.80]       2025-08-22 05:01:39.064 +08:00 [INF] DESKTOP-J6M8022 34864/14 SystemMonitor.Service.Worker Worker running at: "2025-08-22T05:01:39.0644324+08:00"&#xD;
[xUnit.net 00:00:24.80]       2025-08-22 05:01:40.069 +08:00 [INF] DESKTOP-J6M8022 34864/8 SystemMonitor.Service.Worker Worker running at: "2025-08-22T05:01:40.0698228+08:00"&#xD;
[xUnit.net 00:00:24.80]       2025-08-22 05:01:41.072 +08:00 [INF] DESKTOP-J6M8022 34864/8 SystemMonitor.Service.Worker Worker running at: "2025-08-22T05:01:41.0721700+08:00"&#xD;
[xUnit.net 00:00:24.80]       2025-08-22 05:01:42.086 +08:00 [INF] DESKTOP-J6M8022 34864/11 SystemMonitor.Service.Worker Worker running at: "2025-08-22T05:01:42.0860513+08:00"&#xD;
[xUnit.net 00:00:24.80]       2025-08-22 05:01:43.101 +08:00 [INF] DESKTOP-J6M8022 34864/8 SystemMonitor.Service.Worker Worker running at: "2025-08-22T05:01:43.1011436+08:00"&#xD;
[xUnit.net 00:00:24.80]       2025-08-22 05:01:43.105 +08:00 [INF] DESKTOP-J6M8022 34864/9 SystemMonitor.Service.Services.RpcHostedService 客户端已连接&#xD;
[xUnit.net 00:00:24.80]       2025-08-22 05:01:43.105 +08:00 [INF] DESKTOP-J6M8022 34864/9 SystemMonitor.Service.Services.RpcHostedService 客户端会话建立: conn="860b5ccb-a321-4101-b6d7-ba8cfd17c2fa"&#xD;
[xUnit.net 00:00:24.80]       2025-08-22 05:01:43.109 +08:00 [INF] DESKTOP-J6M8022 34864/8 SystemMonitor.Service.Services.RpcHostedService 客户端断开：已达到流的结尾。 conn="860b5ccb-a321-4101-b6d7-ba8cfd17c2fa"&#xD;
[xUnit.net 00:00:24.80]       2025-08-22 05:01:43.386 +08:00 [INF] DESKTOP-J6M8022 34864/11 SystemMonitor.Service.Services.RpcHostedService 客户端已连接&#xD;
[xUnit.net 00:00:24.80]       2025-08-22 05:01:43.386 +08:00 [INF] DESKTOP-J6M8022 34864/11 SystemMonitor.Service.Services.RpcHostedService 客户端会话建立: conn="7103465a-6b36-49d0-b971-0765ff27b367"&#xD;
[xUnit.net 00:00:24.80]       2025-08-22 05:01:43.387 +08:00 [INF] DESKTOP-J6M8022 34864/11 SystemMonitor.Service.Services.RpcHostedService snapshot called, modules=*&#xD;
[xUnit.net 00:00:24.80]       2025-08-22 05:01:43.394 +08:00 [INF] DESKTOP-J6M8022 34864/14 SystemMonitor.Service.Services.RpcHostedService 客户端断开：已达到流的结尾。 conn="7103465a-6b36-49d0-b971-0765ff27b367"&#xD;
[xUnit.net 00:00:24.80]       2025-08-22 05:01:44.107 +08:00 [INF] DESKTOP-J6M8022 34864/11 SystemMonitor.Service.Worker Worker running at: "2025-08-22T05:01:44.1078485+08:00"&#xD;
[xUnit.net 00:00:24.80]       2025-08-22 05:01:45.116 +08:00 [INF] DESKTOP-J6M8022 34864/8 SystemMonitor.Service.Worker Worker running at: "2025-08-22T05:01:45.1165225+08:00"&#xD;
[xUnit.net 00:00:24.80]       2025-08-22 05:01:46.125 +08:00 [INF] DESKTOP-J6M8022 34864/8 SystemMonitor.Service.Worker Worker running at: "2025-08-22T05:01:46.1259467+08:00"&#xD;
[xUnit.net 00:00:24.80]       2025-08-22 05:01:47.131 +08:00 [INF] DESKTOP-J6M8022 34864/8 SystemMonitor.Service.Worker Worker running at: "2025-08-22T05:01:47.1319177+08:00"&#xD;
[xUnit.net 00:00:24.80]       2025-08-22 05:01:48.110 +08:00 [INF] DESKTOP-J6M8022 34864/9 SystemMonitor.Service.Services.RpcHostedService 客户端已连接&#xD;
[xUnit.net 00:00:24.80]       2025-08-22 05:01:48.111 +08:00 [INF] DESKTOP-J6M8022 34864/9 SystemMonitor.Service.Services.RpcHostedService 客户端会话建立: conn="dc929a0f-2511-48c2-b921-bb00e3b2d95e"&#xD;
[xUnit.net 00:00:24.80]       2025-08-22 05:01:48.113 +08:00 [INF] DESKTOP-J6M8022 34864/9 SystemMonitor.Service.Services.RpcHostedService 客户端断开：已达到流的结尾。 conn="dc929a0f-2511-48c2-b921-bb00e3b2d95e"&#xD;
[xUnit.net 00:00:24.80]       2025-08-22 05:01:48.139 +08:00 [INF] DESKTOP-J6M8022 34864/9 SystemMonitor.Service.Worker Worker running at: "2025-08-22T05:01:48.1397480+08:00"&#xD;
[xUnit.net 00:00:24.80]       2025-08-22 05:01:49.149 +08:00 [INF] DESKTOP-J6M8022 34864/9 SystemMonitor.Service.Worker Worker running at: "2025-08-22T05:01:49.1490602+08:00"&#xD;
[xUnit.net 00:00:24.80]       2025-08-22 05:01:50.156 +08:00 [INF] DESKTOP-J6M8022 34864/9 SystemMonitor.Service.Worker Worker running at: "2025-08-22T05:01:50.1565687+08:00"&#xD;
[xUnit.net 00:00:24.80]       2025-08-22 05:01:51.163 +08:00 [INF] DESKTOP-J6M8022 34864/8 SystemMonitor.Service.Worker Worker running at: "2025-08-22T05:01:51.1638742+08:00"&#xD;
[xUnit.net 00:00:24.80]       2025-08-22 05:01:52.175 +08:00 [INF] DESKTOP-J6M8022 34864/8 SystemMonitor.Service.Worker Worker running at: "2025-08-22T05:01:52.1751866+08:00"&#xD;
[xUnit.net 00:00:24.80]       2025-08-22 05:01:53.106 +08:00 [INF] DESKTOP-J6M8022 34864/8 SystemMonitor.Service.Services.RpcHostedService 客户端已连接&#xD;
[xUnit.net 00:00:24.80]       2025-08-22 05:01:53.106 +08:00 [INF] DESKTOP-J6M8022 34864/8 SystemMonitor.Service.Services.RpcHostedService 客户端会话建立: conn="cf08e297-f8bc-42e5-a912-8cdf3760d104"&#xD;
[xUnit.net 00:00:24.80]       2025-08-22 05:01:53.109 +08:00 [INF] DESKTOP-J6M8022 34864/14 SystemMonitor.Service.Services.RpcHostedService 客户端断开：已达到流的结尾。 conn="cf08e297-f8bc-42e5-a912-8cdf3760d104"&#xD;
[xUnit.net 00:00:24.80]       2025-08-22 05:01:53.183 +08:00 [INF] DESKTOP-J6M8022 34864/12 SystemMonitor.Service.Worker Worker running at: "2025-08-22T05:01:53.1832976+08:00"&#xD;
[xUnit.net 00:00:24.80]       2025-08-22 05:01:54.188 +08:00 [INF] DESKTOP-J6M8022 34864/12 SystemMonitor.Service.Worker Worker running at: "2025-08-22T05:01:54.1886519+08:00"&#xD;
[xUnit.net 00:00:24.80]       2025-08-22 05:01:55.189 +08:00 [INF] DESKTOP-J6M8022 34864/12 SystemMonitor.Service.Worker Worker running at: "2025-08-22T05:01:55.1890118+08:00"&#xD;
[xUnit.net 00:00:24.80]       2025-08-22 05:01:56.201 +08:00 [INF] DESKTOP-J6M8022 34864/14 SystemMonitor.Service.Worker Worker running at: "2025-08-22T05:01:56.2011712+08:00"&#xD;
[xUnit.net 00:00:24.80]       2025-08-22 05:01:57.203 +08:00 [INF] DESKTOP-J6M8022 34864/12 SystemMonitor.Service.Worker Worker running at: "2025-08-22T05:01:57.2030740+08:00"&#xD;
[xUnit.net 00:00:24.80]       2025-08-22 05:01:58.150 +08:00 [INF] DESKTOP-J6M8022 34864/11 SystemMonitor.Service.Services.RpcHostedService 客户端已连接&#xD;
[xUnit.net 00:00:24.80]       2025-08-22 05:01:58.150 +08:00 [INF] DESKTOP-J6M8022 34864/11 SystemMonitor.Service.Services.RpcHostedService 客户端会话建立: conn="12ea3cb9-6e37-4a78-8a02-17ba9963b724"&#xD;
[xUnit.net 00:00:24.80]       2025-08-22 05:01:58.164 +08:00 [INF] DESKTOP-J6M8022 34864/14 SystemMonitor.Service.Services.RpcHostedService 客户端断开：已达到流的结尾。 conn="12ea3cb9-6e37-4a78-8a02-17ba9963b724"&#xD;
[xUnit.net 00:00:24.80]       2025-08-22 05:01:58.220 +08:00 [INF] DESKTOP-J6M8022 34864/14 SystemMonitor.Service.Worker Worker running at: "2025-08-22T05:01:58.2204087+08:00"&#xD;
[xUnit.net 00:00:24.80]       2025-08-22 05:01:59.232 +08:00 [INF] DESKTOP-J6M8022 34864/11 SystemMonitor.Service.Worker Worker running at: "2025-08-22T05:01:59.2321592+08:00"&#xD;
[xUnit.net 00:00:24.80]       2025-08-22 05:02:00.236 +08:00 [INF] DESKTOP-J6M8022 34864/14 SystemMonitor.Service.Worker Worker running at: "2025-08-22T05:02:00.2367533+08:00"&#xD;
[xUnit.net 00:00:24.80]       2025-08-22 05:02:01.245 +08:00 [INF] DESKTOP-J6M8022 34864/11 SystemMonitor.Service.Worker Worker running at: "2025-08-22T05:02:01.2451701+08:00"&#xD;
[xUnit.net 00:00:24.80]       2025-08-22 05:02:02.255 +08:00 [INF] DESKTOP-J6M8022 34864/11 SystemMonitor.Service.Worker Worker running at: "2025-08-22T05:02:02.2559126+08:00"&#xD;
[xUnit.net 00:00:24.80]       Stack Trace:&#xD;
[xUnit.net 00:00:24.80]         C:\code\sys-sensor-v3\src\SystemMonitor.Tests\EndToEndTests.cs(151,0): at SystemMonitor.Tests.EndToEndTests.WaitPipeReadyAsync(TimeSpan timeout)&#xD;
[xUnit.net 00:00:24.80]         C:\code\sys-sensor-v3\src\SystemMonitor.Tests\EndToEndTests.cs(278,0): at SystemMonitor.Tests.EndToEndTests.InitializeAsync()&#xD;
[svc][out] 正在生成...&#xD;
[test][pipe-wait] last-win32=2 elapsed=0.0s&#xD;
[test][pipe-wait] last-win32=2 elapsed=0.2s&#xD;
[test][pipe-wait] last-win32=2 elapsed=0.4s&#xD;
[test][pipe-wait] last-win32=2 elapsed=0.6s&#xD;
[test][pipe-wait] last-win32=2 elapsed=0.8s&#xD;
[test][pipe-wait] last-win32=2 elapsed=1.1s&#xD;
[test][pipe-wait] last-win32=2 elapsed=1.3s&#xD;
[test][pipe-wait] last-win32=2 elapsed=1.5s&#xD;
[svc][out] C:\code\sys-sensor-v3\src\SystemMonitor.Service\Services\RpcHostedService.cs(201,31): error CS0103: 当前上下文中不存在名称“TryCreateCounter�?[C:\code\sys-sensor-v3\src\SystemMonitor.Service\SystemMonitor.Service.csproj]&#xD;
[svc][out] C:\code\sys-sensor-v3\src\SystemMonitor.Service\Services\RpcHostedService.cs(203,35): error CS0103: 当前上下文中不存在名称“TryCreateCounter�?[C:\code\sys-sensor-v3\src\SystemMonitor.Service\SystemMonitor.Service.csproj]&#xD;
[svc][out] C:\code\sys-sensor-v3\src\SystemMonitor.Service\Program.cs(76,13): warning CA1416: 可在所有平台上访问此调用站点�?RpcHostedService" 仅在 'windows' 上受支持�?(https://learn.microsoft.com/dotnet/fundamentals/code-analysis/quality-rules/ca1416) [C:\code\sys-sensor-v3\src\SystemMonitor.Service\SystemMonitor.Service.csproj]&#xD;
[svc][err] 生成失败。请修复生成错误并重新运行�?&#xD;
[xUnit.net 00:00:27.00]       System.InvalidOperationException : Service exited while waiting for pipe. Code=1. Tail:
[svc][out] 姝ｅ湪鐢熸垚...&#xD;
[xUnit.net 00:00:27.00]       [svc][out] C:\code\sys-sensor-v3\src\SystemMonitor.Service\Services\RpcHostedService.cs(201,31): error CS0103: 褰撳墠涓婁笅鏂囦腑涓嶅瓨鍦ㄥ悕绉扳€淭ryCreateCounter鈥?[C:\code\sys-sensor-v3\src\SystemMonitor.Service\SystemMonitor.Service.csproj]&#xD;
[xUnit.net 00:00:27.00]       [svc][out] C:\code\sys-sensor-v3\src\SystemMonitor.Service\Services\RpcHostedService.cs(203,35): error CS0103: 褰撳墠涓婁笅鏂囦腑涓嶅瓨鍦ㄥ悕绉扳€淭ryCreateCounter鈥?[C:\code\sys-sensor-v3\src\SystemMonitor.Service\SystemMonitor.Service.csproj]&#xD;
[xUnit.net 00:00:27.00]       [svc][out] C:\code\sys-sensor-v3\src\SystemMonitor.Service\Program.cs(76,13): warning CA1416: 鍙湪鎵€鏈夊钩鍙颁笂璁块棶姝よ皟鐢ㄧ珯鐐广€?RpcHostedService" 浠呭湪 'windows' 涓婂彈鏀寔銆?(https://learn.microsoft.com/dotnet/fundamentals/code-analysis/quality-rules/ca1416) [C:\code\sys-sensor-v3\src\SystemMonitor.Service\SystemMonitor.Service.csproj]&#xD;
[xUnit.net 00:00:27.00]       [svc][err] 鐢熸垚澶辫触銆傝淇鐢熸垚閿欒骞堕噸鏂拌繍琛屻€?
[file-log-tail]
2025-08-22 05:00:07.505 +08:00 [INF] DESKTOP-J6M8022 34864/11 SystemMonitor.Service.Worker Worker running at: "2025-08-22T05:00:07.5059406+08:00"&#xD;
[xUnit.net 00:00:27.00]       2025-08-22 05:00:08.115 +08:00 [INF] DESKTOP-J6M8022 34864/11 SystemMonitor.Service.Services.RpcHostedService 客户端已连接&#xD;
[xUnit.net 00:00:27.00]       2025-08-22 05:00:08.115 +08:00 [INF] DESKTOP-J6M8022 34864/11 SystemMonitor.Service.Services.RpcHostedService 客户端会话建立: conn="3ebaf5c9-7a90-4c1f-8d06-77e4b9511b6b"&#xD;
[xUnit.net 00:00:27.00]       2025-08-22 05:00:08.119 +08:00 [INF] DESKTOP-J6M8022 34864/11 SystemMonitor.Service.Services.RpcHostedService 客户端断开：已达到流的结尾。 conn="3ebaf5c9-7a90-4c1f-8d06-77e4b9511b6b"&#xD;
[xUnit.net 00:00:27.01]       2025-08-22 05:00:08.515 +08:00 [INF] DESKTOP-J6M8022 34864/11 SystemMonitor.Service.Worker Worker running at: "2025-08-22T05:00:08.5155952+08:00"&#xD;
[xUnit.net 00:00:27.01]       2025-08-22 05:00:09.524 +08:00 [INF] DESKTOP-J6M8022 34864/9 SystemMonitor.Service.Worker Worker running at: "2025-08-22T05:00:09.5241284+08:00"&#xD;
[xUnit.net 00:00:27.01]       2025-08-22 05:00:10.532 +08:00 [INF] DESKTOP-J6M8022 34864/8 SystemMonitor.Service.Worker Worker running at: "2025-08-22T05:00:10.5324730+08:00"&#xD;
[xUnit.net 00:00:27.01]       2025-08-22 05:00:11.535 +08:00 [INF] DESKTOP-J6M8022 34864/12 SystemMonitor.Service.Worker Worker running at: "2025-08-22T05:00:11.5357528+08:00"&#xD;
[xUnit.net 00:00:27.01]       2025-08-22 05:00:12.548 +08:00 [INF] DESKTOP-J6M8022 34864/8 SystemMonitor.Service.Worker Worker running at: "2025-08-22T05:00:12.5481912+08:00"&#xD;
[xUnit.net 00:00:27.01]       2025-08-22 05:00:13.107 +08:00 [INF] DESKTOP-J6M8022 34864/12 SystemMonitor.Service.Services.RpcHostedService 客户端已连接&#xD;
[xUnit.net 00:00:27.01]       2025-08-22 05:00:13.107 +08:00 [INF] DESKTOP-J6M8022 34864/12 SystemMonitor.Service.Services.RpcHostedService 客户端会话建立: conn="27a81c38-4647-493a-8fb8-8f2e144087dc"&#xD;
[xUnit.net 00:00:27.01]       2025-08-22 05:00:13.111 +08:00 [INF] DESKTOP-J6M8022 34864/11 SystemMonitor.Service.Services.RpcHostedService 客户端断开：已达到流的结尾。 conn="27a81c38-4647-493a-8fb8-8f2e144087dc"&#xD;
[xUnit.net 00:00:27.01]       2025-08-22 05:00:13.384 +08:00 [INF] DESKTOP-J6M8022 34864/8 SystemMonitor.Service.Services.RpcHostedService 客户端已连接&#xD;
[xUnit.net 00:00:27.01]       2025-08-22 05:00:13.384 +08:00 [INF] DESKTOP-J6M8022 34864/8 SystemMonitor.Service.Services.RpcHostedService 客户端会话建立: conn="25e61bd6-9b34-4b1b-8730-8dd26623668c"&#xD;
[xUnit.net 00:00:27.01]       2025-08-22 05:00:13.405 +08:00 [INF] DESKTOP-J6M8022 34864/8 SystemMonitor.Service.Services.RpcHostedService snapshot called, modules=*&#xD;
[xUnit.net 00:00:27.01]       2025-08-22 05:00:13.408 +08:00 [INF] DESKTOP-J6M8022 34864/9 SystemMonitor.Service.Services.RpcHostedService 客户端断开：已达到流的结尾。 conn="25e61bd6-9b34-4b1b-8730-8dd26623668c"&#xD;
[xUnit.net 00:00:27.01]       2025-08-22 05:00:13.551 +08:00 [INF] DESKTOP-J6M8022 34864/12 SystemMonitor.Service.Worker Worker running at: "2025-08-22T05:00:13.5519178+08:00"&#xD;
[xUnit.net 00:00:27.01]       2025-08-22 05:00:14.561 +08:00 [INF] DESKTOP-J6M8022 34864/8 SystemMonitor.Service.Worker Worker running at: "2025-08-22T05:00:14.5613344+08:00"&#xD;
[xUnit.net 00:00:27.01]       2025-08-22 05:00:15.574 +08:00 [INF] DESKTOP-J6M8022 34864/8 SystemMonitor.Service.Worker Worker running at: "2025-08-22T05:00:15.5741996+08:00"&#xD;
[xUnit.net 00:00:27.01]       2025-08-22 05:00:16.580 +08:00 [INF] DESKTOP-J6M8022 34864/12 SystemMonitor.Service.Worker Worker running at: "2025-08-22T05:00:16.5802431+08:00"&#xD;
[xUnit.net 00:00:27.01]       2025-08-22 05:00:17.583 +08:00 [INF] DESKTOP-J6M8022 34864/12 SystemMonitor.Service.Worker Worker running at: "2025-08-22T05:00:17.5832737+08:00"&#xD;
[xUnit.net 00:00:27.01]       2025-08-22 05:00:18.114 +08:00 [INF] DESKTOP-J6M8022 34864/11 SystemMonitor.Service.Services.RpcHostedService 客户端已连接&#xD;
[xUnit.net 00:00:27.01]       2025-08-22 05:00:18.114 +08:00 [INF] DESKTOP-J6M8022 34864/11 SystemMonitor.Service.Services.RpcHostedService 客户端会话建立: conn="8619790b-69c5-445b-ab8d-8526df618427"&#xD;
[xUnit.net 00:00:27.01]       2025-08-22 05:00:18.116 +08:00 [INF] DESKTOP-J6M8022 34864/12 SystemMonitor.Service.Services.RpcHostedService 客户端断开：已达到流的结尾。 conn="8619790b-69c5-445b-ab8d-8526df618427"&#xD;
[xUnit.net 00:00:27.01]       2025-08-22 05:00:18.595 +08:00 [INF] DESKTOP-J6M8022 34864/11 SystemMonitor.Service.Worker Worker running at: "2025-08-22T05:00:18.5953464+08:00"&#xD;
[xUnit.net 00:00:27.01]       2025-08-22 05:00:19.605 +08:00 [INF] DESKTOP-J6M8022 34864/11 SystemMonitor.Service.Worker Worker running at: "2025-08-22T05:00:19.6052530+08:00"&#xD;
[xUnit.net 00:00:27.01]       2025-08-22 05:00:20.613 +08:00 [INF] DESKTOP-J6M8022 34864/13 SystemMonitor.Service.Worker Worker running at: "2025-08-22T05:00:20.6131263+08:00"&#xD;
[xUnit.net 00:00:27.01]       2025-08-22 05:00:21.613 +08:00 [INF] DESKTOP-J6M8022 34864/11 SystemMonitor.Service.Worker Worker running at: "2025-08-22T05:00:21.6130098+08:00"&#xD;
[xUnit.net 00:00:27.01]       2025-08-22 05:00:22.624 +08:00 [INF] DESKTOP-J6M8022 34864/13 SystemMonitor.Service.Worker Worker running at: "2025-08-22T05:00:22.6244940+08:00"&#xD;
[xUnit.net 00:00:27.01]       2025-08-22 05:00:23.105 +08:00 [INF] DESKTOP-J6M8022 34864/13 SystemMonitor.Service.Services.RpcHostedService 客户端已连接&#xD;
[xUnit.net 00:00:27.01]       2025-08-22 05:00:23.105 +08:00 [INF] DESKTOP-J6M8022 34864/13 SystemMonitor.Service.Services.RpcHostedService 客户端会话建立: conn="849f5c90-811a-4eb3-97ea-73e1b9d03257"&#xD;
[xUnit.net 00:00:27.01]       2025-08-22 05:00:23.108 +08:00 [INF] DESKTOP-J6M8022 34864/8 SystemMonitor.Service.Services.RpcHostedService 客户端断开：已达到流的结尾。 conn="849f5c90-811a-4eb3-97ea-73e1b9d03257"&#xD;
[xUnit.net 00:00:27.01]       2025-08-22 05:00:23.627 +08:00 [INF] DESKTOP-J6M8022 34864/13 SystemMonitor.Service.Worker Worker running at: "2025-08-22T05:00:23.6275367+08:00"&#xD;
[xUnit.net 00:00:27.01]       2025-08-22 05:00:24.631 +08:00 [INF] DESKTOP-J6M8022 34864/8 SystemMonitor.Service.Worker Worker running at: "2025-08-22T05:00:24.6319373+08:00"&#xD;
[xUnit.net 00:00:27.01]       2025-08-22 05:00:25.643 +08:00 [INF] DESKTOP-J6M8022 34864/13 SystemMonitor.Service.Worker Worker running at: "2025-08-22T05:00:25.6437810+08:00"&#xD;
[xUnit.net 00:00:27.01]       2025-08-22 05:00:26.649 +08:00 [INF] DESKTOP-J6M8022 34864/10 SystemMonitor.Service.Worker Worker running at: "2025-08-22T05:00:26.6498268+08:00"&#xD;
[xUnit.net 00:00:27.01]       2025-08-22 05:00:27.653 +08:00 [INF] DESKTOP-J6M8022 34864/13 SystemMonitor.Service.Worker Worker running at: "2025-08-22T05:00:27.6536723+08:00"&#xD;
[xUnit.net 00:00:27.01]       2025-08-22 05:00:28.104 +08:00 [INF] DESKTOP-J6M8022 34864/13 SystemMonitor.Service.Services.RpcHostedService 客户端已连接&#xD;
[xUnit.net 00:00:27.01]       2025-08-22 05:00:28.104 +08:00 [INF] DESKTOP-J6M8022 34864/13 SystemMonitor.Service.Services.RpcHostedService 客户端会话建立: conn="58087a9a-4fe9-4ab7-893a-962c7c34de4d"&#xD;
[xUnit.net 00:00:27.01]       2025-08-22 05:00:28.108 +08:00 [INF] DESKTOP-J6M8022 34864/10 SystemMonitor.Service.Services.RpcHostedService 客户端断开：已达到流的结尾。 conn="58087a9a-4fe9-4ab7-893a-962c7c34de4d"&#xD;
[xUnit.net 00:00:27.01]       2025-08-22 05:00:28.658 +08:00 [INF] DESKTOP-J6M8022 34864/10 SystemMonitor.Service.Worker Worker running at: "2025-08-22T05:00:28.6580477+08:00"&#xD;
[xUnit.net 00:00:27.01]       2025-08-22 05:00:29.667 +08:00 [INF] DESKTOP-J6M8022 34864/10 SystemMonitor.Service.Worker Worker running at: "2025-08-22T05:00:29.6670246+08:00"&#xD;
[xUnit.net 00:00:27.01]       2025-08-22 05:00:30.671 +08:00 [INF] DESKTOP-J6M8022 34864/11 SystemMonitor.Service.Worker Worker running at: "2025-08-22T05:00:30.6718324+08:00"&#xD;
[xUnit.net 00:00:27.01]       2025-08-22 05:00:31.677 +08:00 [INF] DESKTOP-J6M8022 34864/11 SystemMonitor.Service.Worker Worker running at: "2025-08-22T05:00:31.6773257+08:00"&#xD;
[xUnit.net 00:00:27.01]       2025-08-22 05:00:32.687 +08:00 [INF] DESKTOP-J6M8022 34864/8 SystemMonitor.Service.Worker Worker running at: "2025-08-22T05:00:32.6879602+08:00"&#xD;
[xUnit.net 00:00:27.01]       2025-08-22 05:00:33.104 +08:00 [INF] DESKTOP-J6M8022 34864/11 SystemMonitor.Service.Services.RpcHostedService 客户端已连接&#xD;
[xUnit.net 00:00:27.01]       2025-08-22 05:00:33.104 +08:00 [INF] DESKTOP-J6M8022 34864/11 SystemMonitor.Service.Services.RpcHostedService 客户端会话建立: conn="f2efc72f-7360-4d95-8499-7acad765c432"&#xD;
[xUnit.net 00:00:27.01]       2025-08-22 05:00:33.107 +08:00 [INF] DESKTOP-J6M8022 34864/11 SystemMonitor.Service.Services.RpcHostedService 客户端断开：已达到流的结尾。 conn="f2efc72f-7360-4d95-8499-7acad765c432"&#xD;
[xUnit.net 00:00:27.01]       2025-08-22 05:00:33.703 +08:00 [INF] DESKTOP-J6M8022 34864/8 SystemMonitor.Service.Worker Worker running at: "2025-08-22T05:00:33.7031716+08:00"&#xD;
[xUnit.net 00:00:27.01]       2025-08-22 05:00:34.705 +08:00 [INF] DESKTOP-J6M8022 34864/13 SystemMonitor.Service.Worker Worker running at: "2025-08-22T05:00:34.7053006+08:00"&#xD;
[xUnit.net 00:00:27.01]       2025-08-22 05:00:35.716 +08:00 [INF] DESKTOP-J6M8022 34864/11 SystemMonitor.Service.Worker Worker running at: "2025-08-22T05:00:35.7161477+08:00"&#xD;
[xUnit.net 00:00:27.01]       2025-08-22 05:00:36.721 +08:00 [INF] DESKTOP-J6M8022 34864/12 SystemMonitor.Service.Worker Worker running at: "2025-08-22T05:00:36.7213935+08:00"&#xD;
[xUnit.net 00:00:27.01]       2025-08-22 05:00:37.725 +08:00 [INF] DESKTOP-J6M8022 34864/12 SystemMonitor.Service.Worker Worker running at: "2025-08-22T05:00:37.7251514+08:00"&#xD;
[xUnit.net 00:00:27.01]       2025-08-22 05:00:38.118 +08:00 [INF] DESKTOP-J6M8022 34864/13 SystemMonitor.Service.Services.RpcHostedService 客户端已连接&#xD;
[xUnit.net 00:00:27.01]       2025-08-22 05:00:38.118 +08:00 [INF] DESKTOP-J6M8022 34864/13 SystemMonitor.Service.Services.RpcHostedService 客户端会话建立: conn="b439ecab-ffb2-4843-8f54-1844ad704c06"&#xD;
[xUnit.net 00:00:27.01]       2025-08-22 05:00:38.121 +08:00 [INF] DESKTOP-J6M8022 34864/13 SystemMonitor.Service.Services.RpcHostedService 客户端断开：已达到流的结尾。 conn="b439ecab-ffb2-4843-8f54-1844ad704c06"&#xD;
[xUnit.net 00:00:27.01]       2025-08-22 05:00:38.725 +08:00 [INF] DESKTOP-J6M8022 34864/8 SystemMonitor.Service.Worker Worker running at: "2025-08-22T05:00:38.7259519+08:00"&#xD;
[xUnit.net 00:00:27.01]       2025-08-22 05:00:39.740 +08:00 [INF] DESKTOP-J6M8022 34864/11 SystemMonitor.Service.Worker Worker running at: "2025-08-22T05:00:39.7403082+08:00"&#xD;
[xUnit.net 00:00:27.01]       2025-08-22 05:00:40.742 +08:00 [INF] DESKTOP-J6M8022 34864/11 SystemMonitor.Service.Worker Worker running at: "2025-08-22T05:00:40.7425737+08:00"&#xD;
[xUnit.net 00:00:27.01]       2025-08-22 05:00:41.745 +08:00 [INF] DESKTOP-J6M8022 34864/13 SystemMonitor.Service.Worker Worker running at: "2025-08-22T05:00:41.7451229+08:00"&#xD;
[xUnit.net 00:00:27.01]       2025-08-22 05:00:42.751 +08:00 [INF] DESKTOP-J6M8022 34864/11 SystemMonitor.Service.Worker Worker running at: "2025-08-22T05:00:42.7515665+08:00"&#xD;
[xUnit.net 00:00:27.01]       2025-08-22 05:00:43.110 +08:00 [INF] DESKTOP-J6M8022 34864/14 SystemMonitor.Service.Services.RpcHostedService 客户端已连接&#xD;
[xUnit.net 00:00:27.01]       2025-08-22 05:00:43.110 +08:00 [INF] DESKTOP-J6M8022 34864/14 SystemMonitor.Service.Services.RpcHostedService 客户端会话建立: conn="ec82b613-da05-4264-84fe-3fb03c945d2f"&#xD;
[xUnit.net 00:00:27.01]       2025-08-22 05:00:43.120 +08:00 [INF] DESKTOP-J6M8022 34864/9 SystemMonitor.Service.Services.RpcHostedService 客户端断开：已达到流的结尾。 conn="ec82b613-da05-4264-84fe-3fb03c945d2f"&#xD;
[xUnit.net 00:00:27.01]       2025-08-22 05:00:43.389 +08:00 [INF] DESKTOP-J6M8022 34864/13 SystemMonitor.Service.Services.RpcHostedService 客户端已连接&#xD;
[xUnit.net 00:00:27.01]       2025-08-22 05:00:43.389 +08:00 [INF] DESKTOP-J6M8022 34864/13 SystemMonitor.Service.Services.RpcHostedService 客户端会话建立: conn="2f7dc9d3-2402-4294-ba61-bc663df8cf82"&#xD;
[xUnit.net 00:00:27.01]       2025-08-22 05:00:43.398 +08:00 [INF] DESKTOP-J6M8022 34864/13 SystemMonitor.Service.Services.RpcHostedService snapshot called, modules=*&#xD;
[xUnit.net 00:00:27.01]       2025-08-22 05:00:43.407 +08:00 [INF] DESKTOP-J6M8022 34864/13 SystemMonitor.Service.Services.RpcHostedService 客户端断开：已达到流的结尾。 conn="2f7dc9d3-2402-4294-ba61-bc663df8cf82"&#xD;
[xUnit.net 00:00:27.01]       2025-08-22 05:00:43.756 +08:00 [INF] DESKTOP-J6M8022 34864/13 SystemMonitor.Service.Worker Worker running at: "2025-08-22T05:00:43.7565234+08:00"&#xD;
[xUnit.net 00:00:27.01]       2025-08-22 05:00:44.757 +08:00 [INF] DESKTOP-J6M8022 34864/11 SystemMonitor.Service.Worker Worker running at: "2025-08-22T05:00:44.7577675+08:00"&#xD;
[xUnit.net 00:00:27.01]       2025-08-22 05:00:45.762 +08:00 [INF] DESKTOP-J6M8022 34864/11 SystemMonitor.Service.Worker Worker running at: "2025-08-22T05:00:45.7627674+08:00"&#xD;
[xUnit.net 00:00:27.01]       2025-08-22 05:00:46.772 +08:00 [INF] DESKTOP-J6M8022 34864/11 SystemMonitor.Service.Worker Worker running at: "2025-08-22T05:00:46.7724296+08:00"&#xD;
[xUnit.net 00:00:27.01]       2025-08-22 05:00:47.772 +08:00 [INF] DESKTOP-J6M8022 34864/11 SystemMonitor.Service.Worker Worker running at: "2025-08-22T05:00:47.7724414+08:00"&#xD;
[xUnit.net 00:00:27.01]       2025-08-22 05:00:48.113 +08:00 [INF] DESKTOP-J6M8022 34864/11 SystemMonitor.Service.Services.RpcHostedService 客户端已连接&#xD;
[xUnit.net 00:00:27.01]       2025-08-22 05:00:48.113 +08:00 [INF] DESKTOP-J6M8022 34864/11 SystemMonitor.Service.Services.RpcHostedService 客户端会话建立: conn="0b57ec2b-be63-49bb-9b61-b642d4a6bad8"&#xD;
[xUnit.net 00:00:27.01]       2025-08-22 05:00:48.118 +08:00 [INF] DESKTOP-J6M8022 34864/11 SystemMonitor.Service.Services.RpcHostedService 客户端断开：已达到流的结尾。 conn="0b57ec2b-be63-49bb-9b61-b642d4a6bad8"&#xD;
[xUnit.net 00:00:27.01]       2025-08-22 05:00:48.786 +08:00 [INF] DESKTOP-J6M8022 34864/14 SystemMonitor.Service.Worker Worker running at: "2025-08-22T05:00:48.7861767+08:00"&#xD;
[xUnit.net 00:00:27.01]       2025-08-22 05:00:49.797 +08:00 [INF] DESKTOP-J6M8022 34864/14 SystemMonitor.Service.Worker Worker running at: "2025-08-22T05:00:49.7971060+08:00"&#xD;
[xUnit.net 00:00:27.01]       2025-08-22 05:00:50.810 +08:00 [INF] DESKTOP-J6M8022 34864/14 SystemMonitor.Service.Worker Worker running at: "2025-08-22T05:00:50.8103703+08:00"&#xD;
[xUnit.net 00:00:27.01]       2025-08-22 05:00:51.819 +08:00 [INF] DESKTOP-J6M8022 34864/14 SystemMonitor.Service.Worker Worker running at: "2025-08-22T05:00:51.8191149+08:00"&#xD;
[xUnit.net 00:00:27.01]       2025-08-22 05:00:52.832 +08:00 [INF] DESKTOP-J6M8022 34864/14 SystemMonitor.Service.Worker Worker running at: "2025-08-22T05:00:52.8322629+08:00"&#xD;
[xUnit.net 00:00:27.01]       2025-08-22 05:00:53.102 +08:00 [INF] DESKTOP-J6M8022 34864/14 SystemMonitor.Service.Services.RpcHostedService 客户端已连接&#xD;
[xUnit.net 00:00:27.01]       2025-08-22 05:00:53.102 +08:00 [INF] DESKTOP-J6M8022 34864/14 SystemMonitor.Service.Services.RpcHostedService 客户端会话建立: conn="a1d8b427-d708-44e2-9952-15a5a936e6af"&#xD;
[xUnit.net 00:00:27.01]       2025-08-22 05:00:53.105 +08:00 [INF] DESKTOP-J6M8022 34864/13 SystemMonitor.Service.Services.RpcHostedService 客户端断开：已达到流的结尾。 conn="a1d8b427-d708-44e2-9952-15a5a936e6af"&#xD;
[xUnit.net 00:00:27.01]       2025-08-22 05:00:53.839 +08:00 [INF] DESKTOP-J6M8022 34864/9 SystemMonitor.Service.Worker Worker running at: "2025-08-22T05:00:53.8390210+08:00"&#xD;
[xUnit.net 00:00:27.01]       2025-08-22 05:00:54.844 +08:00 [INF] DESKTOP-J6M8022 34864/9 SystemMonitor.Service.Worker Worker running at: "2025-08-22T05:00:54.8440332+08:00"&#xD;
[xUnit.net 00:00:27.01]       2025-08-22 05:00:55.849 +08:00 [INF] DESKTOP-J6M8022 34864/14 SystemMonitor.Service.Worker Worker running at: "2025-08-22T05:00:55.8498931+08:00"&#xD;
[xUnit.net 00:00:27.01]       2025-08-22 05:00:56.855 +08:00 [INF] DESKTOP-J6M8022 34864/12 SystemMonitor.Service.Worker Worker running at: "2025-08-22T05:00:56.8554623+08:00"&#xD;
[xUnit.net 00:00:27.01]       2025-08-22 05:00:57.861 +08:00 [INF] DESKTOP-J6M8022 34864/12 SystemMonitor.Service.Worker Worker running at: "2025-08-22T05:00:57.8610329+08:00"&#xD;
[xUnit.net 00:00:27.01]       2025-08-22 05:00:58.111 +08:00 [INF] DESKTOP-J6M8022 34864/8 SystemMonitor.Service.Services.RpcHostedService 客户端已连接&#xD;
[xUnit.net 00:00:27.01]       2025-08-22 05:00:58.111 +08:00 [INF] DESKTOP-J6M8022 34864/8 SystemMonitor.Service.Services.RpcHostedService 客户端会话建立: conn="667ed3f1-bd30-41e0-92ff-80608571c1ce"&#xD;
[xUnit.net 00:00:27.01]       2025-08-22 05:00:58.116 +08:00 [INF] DESKTOP-J6M8022 34864/12 SystemMonitor.Service.Services.RpcHostedService 客户端断开：已达到流的结尾。 conn="667ed3f1-bd30-41e0-92ff-80608571c1ce"&#xD;
[xUnit.net 00:00:27.01]       2025-08-22 05:00:58.863 +08:00 [INF] DESKTOP-J6M8022 34864/8 SystemMonitor.Service.Worker Worker running at: "2025-08-22T05:00:58.8635685+08:00"&#xD;
[xUnit.net 00:00:27.01]       2025-08-22 05:00:59.864 +08:00 [INF] DESKTOP-J6M8022 34864/13 SystemMonitor.Service.Worker Worker running at: "2025-08-22T05:00:59.8639948+08:00"&#xD;
[xUnit.net 00:00:27.01]       2025-08-22 05:01:00.871 +08:00 [INF] DESKTOP-J6M8022 34864/8 SystemMonitor.Service.Worker Worker running at: "2025-08-22T05:01:00.8711317+08:00"&#xD;
[xUnit.net 00:00:27.01]       2025-08-22 05:01:01.872 +08:00 [INF] DESKTOP-J6M8022 34864/8 SystemMonitor.Service.Worker Worker running at: "2025-08-22T05:01:01.8723849+08:00"&#xD;
[xUnit.net 00:00:27.01]       2025-08-22 05:01:02.874 +08:00 [INF] DESKTOP-J6M8022 34864/13 SystemMonitor.Service.Worker Worker running at: "2025-08-22T05:01:02.8742125+08:00"&#xD;
[xUnit.net 00:00:27.01]       2025-08-22 05:01:03.109 +08:00 [INF] DESKTOP-J6M8022 34864/13 SystemMonitor.Service.Services.RpcHostedService 客户端已连接&#xD;
[xUnit.net 00:00:27.01]       2025-08-22 05:01:03.109 +08:00 [INF] DESKTOP-J6M8022 34864/13 SystemMonitor.Service.Services.RpcHostedService 客户端会话建立: conn="6f7008b5-fb8e-492a-bb7e-9769bc95aca3"&#xD;
[xUnit.net 00:00:27.01]       2025-08-22 05:01:03.113 +08:00 [INF] DESKTOP-J6M8022 34864/13 SystemMonitor.Service.Services.RpcHostedService 客户端断开：已达到流的结尾。 conn="6f7008b5-fb8e-492a-bb7e-9769bc95aca3"&#xD;
[xUnit.net 00:00:27.01]       2025-08-22 05:01:03.878 +08:00 [INF] DESKTOP-J6M8022 34864/9 SystemMonitor.Service.Worker Worker running at: "2025-08-22T05:01:03.8780156+08:00"&#xD;
[xUnit.net 00:00:27.01]       2025-08-22 05:01:04.882 +08:00 [INF] DESKTOP-J6M8022 34864/9 SystemMonitor.Service.Worker Worker running at: "2025-08-22T05:01:04.8824276+08:00"&#xD;
[xUnit.net 00:00:27.01]       2025-08-22 05:01:05.888 +08:00 [INF] DESKTOP-J6M8022 34864/9 SystemMonitor.Service.Worker Worker running at: "2025-08-22T05:01:05.8884444+08:00"&#xD;
[xUnit.net 00:00:27.01]       2025-08-22 05:01:06.898 +08:00 [INF] DESKTOP-J6M8022 34864/13 SystemMonitor.Service.Worker Worker running at: "2025-08-22T05:01:06.8980438+08:00"&#xD;
[xUnit.net 00:00:27.01]       2025-08-22 05:01:07.902 +08:00 [INF] DESKTOP-J6M8022 34864/12 SystemMonitor.Service.Worker Worker running at: "2025-08-22T05:01:07.9022915+08:00"&#xD;
[xUnit.net 00:00:27.01]       2025-08-22 05:01:08.106 +08:00 [INF] DESKTOP-J6M8022 34864/12 SystemMonitor.Service.Services.RpcHostedService 客户端已连接&#xD;
[xUnit.net 00:00:27.01]       2025-08-22 05:01:08.106 +08:00 [INF] DESKTOP-J6M8022 34864/12 SystemMonitor.Service.Services.RpcHostedService 客户端会话建立: conn="57e57623-52be-4bde-b1c7-694c9251d418"&#xD;
[xUnit.net 00:00:27.01]       2025-08-22 05:01:08.111 +08:00 [INF] DESKTOP-J6M8022 34864/14 SystemMonitor.Service.Services.RpcHostedService 客户端断开：已达到流的结尾。 conn="57e57623-52be-4bde-b1c7-694c9251d418"&#xD;
[xUnit.net 00:00:27.01]       2025-08-22 05:01:08.904 +08:00 [INF] DESKTOP-J6M8022 34864/13 SystemMonitor.Service.Worker Worker running at: "2025-08-22T05:01:08.9045942+08:00"&#xD;
[xUnit.net 00:00:27.01]       2025-08-22 05:01:09.905 +08:00 [INF] DESKTOP-J6M8022 34864/12 SystemMonitor.Service.Worker Worker running at: "2025-08-22T05:01:09.9059497+08:00"&#xD;
[xUnit.net 00:00:27.01]       2025-08-22 05:01:10.910 +08:00 [INF] DESKTOP-J6M8022 34864/8 SystemMonitor.Service.Worker Worker running at: "2025-08-22T05:01:10.9104565+08:00"&#xD;
[xUnit.net 00:00:27.01]       2025-08-22 05:01:11.913 +08:00 [INF] DESKTOP-J6M8022 34864/12 SystemMonitor.Service.Worker Worker running at: "2025-08-22T05:01:11.9132884+08:00"&#xD;
[xUnit.net 00:00:27.01]       2025-08-22 05:01:12.917 +08:00 [INF] DESKTOP-J6M8022 34864/8 SystemMonitor.Service.Worker Worker running at: "2025-08-22T05:01:12.9173706+08:00"&#xD;
[xUnit.net 00:00:27.01]       2025-08-22 05:01:13.103 +08:00 [INF] DESKTOP-J6M8022 34864/8 SystemMonitor.Service.Services.RpcHostedService 客户端已连接&#xD;
[xUnit.net 00:00:27.01]       2025-08-22 05:01:13.103 +08:00 [INF] DESKTOP-J6M8022 34864/8 SystemMonitor.Service.Services.RpcHostedService 客户端会话建立: conn="8c8ff938-4ec2-4b63-94b8-07d74318db55"&#xD;
[xUnit.net 00:00:27.01]       2025-08-22 05:01:13.107 +08:00 [INF] DESKTOP-J6M8022 34864/12 SystemMonitor.Service.Services.RpcHostedService 客户端断开：已达到流的结尾。 conn="8c8ff938-4ec2-4b63-94b8-07d74318db55"&#xD;
[xUnit.net 00:00:27.01]       2025-08-22 05:01:13.395 +08:00 [INF] DESKTOP-J6M8022 34864/8 SystemMonitor.Service.Services.RpcHostedService 客户端已连接&#xD;
[xUnit.net 00:00:27.01]       2025-08-22 05:01:13.395 +08:00 [INF] DESKTOP-J6M8022 34864/8 SystemMonitor.Service.Services.RpcHostedService 客户端会话建立: conn="0d0e45ce-49cf-483b-8035-5df65c66b336"&#xD;
[xUnit.net 00:00:27.01]       2025-08-22 05:01:13.409 +08:00 [INF] DESKTOP-J6M8022 34864/8 SystemMonitor.Service.Services.RpcHostedService snapshot called, modules=*&#xD;
[xUnit.net 00:00:27.01]       2025-08-22 05:01:13.415 +08:00 [INF] DESKTOP-J6M8022 34864/12 SystemMonitor.Service.Services.RpcHostedService 客户端断开：已达到流的结尾。 conn="0d0e45ce-49cf-483b-8035-5df65c66b336"&#xD;
[xUnit.net 00:00:27.01]       2025-08-22 05:01:13.923 +08:00 [INF] DESKTOP-J6M8022 34864/14 SystemMonitor.Service.Worker Worker running at: "2025-08-22T05:01:13.9232807+08:00"&#xD;
[xUnit.net 00:00:27.01]       2025-08-22 05:01:14.929 +08:00 [INF] DESKTOP-J6M8022 34864/12 SystemMonitor.Service.Worker Worker running at: "2025-08-22T05:01:14.9292827+08:00"&#xD;
[xUnit.net 00:00:27.01]       2025-08-22 05:01:15.932 +08:00 [INF] DESKTOP-J6M8022 34864/8 SystemMonitor.Service.Worker Worker running at: "2025-08-22T05:01:15.9326500+08:00"&#xD;
[xUnit.net 00:00:27.01]       2025-08-22 05:01:16.939 +08:00 [INF] DESKTOP-J6M8022 34864/14 SystemMonitor.Service.Worker Worker running at: "2025-08-22T05:01:16.9393680+08:00"&#xD;
[xUnit.net 00:00:27.01]       2025-08-22 05:01:17.943 +08:00 [INF] DESKTOP-J6M8022 34864/8 SystemMonitor.Service.Worker Worker running at: "2025-08-22T05:01:17.9432416+08:00"&#xD;
[xUnit.net 00:00:27.01]       2025-08-22 05:01:18.116 +08:00 [INF] DESKTOP-J6M8022 34864/8 SystemMonitor.Service.Services.RpcHostedService 客户端已连接&#xD;
[xUnit.net 00:00:27.01]       2025-08-22 05:01:18.116 +08:00 [INF] DESKTOP-J6M8022 34864/8 SystemMonitor.Service.Services.RpcHostedService 客户端会话建立: conn="4caa660b-18e4-4979-bebe-31bdd3b07642"&#xD;
[xUnit.net 00:00:27.01]       2025-08-22 05:01:18.119 +08:00 [INF] DESKTOP-J6M8022 34864/12 SystemMonitor.Service.Services.RpcHostedService 客户端断开：已达到流的结尾。 conn="4caa660b-18e4-4979-bebe-31bdd3b07642"&#xD;
[xUnit.net 00:00:27.01]       2025-08-22 05:01:18.947 +08:00 [INF] DESKTOP-J6M8022 34864/8 SystemMonitor.Service.Worker Worker running at: "2025-08-22T05:01:18.9470563+08:00"&#xD;
[xUnit.net 00:00:27.01]       2025-08-22 05:01:19.950 +08:00 [INF] DESKTOP-J6M8022 34864/8 SystemMonitor.Service.Worker Worker running at: "2025-08-22T05:01:19.9501774+08:00"&#xD;
[xUnit.net 00:00:27.01]       2025-08-22 05:01:20.958 +08:00 [INF] DESKTOP-J6M8022 34864/8 SystemMonitor.Service.Worker Worker running at: "2025-08-22T05:01:20.9579718+08:00"&#xD;
[xUnit.net 00:00:27.01]       2025-08-22 05:01:21.959 +08:00 [INF] DESKTOP-J6M8022 34864/14 SystemMonitor.Service.Worker Worker running at: "2025-08-22T05:01:21.9594726+08:00"&#xD;
[xUnit.net 00:00:27.01]       2025-08-22 05:01:22.963 +08:00 [INF] DESKTOP-J6M8022 34864/8 SystemMonitor.Service.Worker Worker running at: "2025-08-22T05:01:22.9634519+08:00"&#xD;
[xUnit.net 00:00:27.01]       2025-08-22 05:01:23.105 +08:00 [INF] DESKTOP-J6M8022 34864/8 SystemMonitor.Service.Services.RpcHostedService 客户端已连接&#xD;
[xUnit.net 00:00:27.01]       2025-08-22 05:01:23.105 +08:00 [INF] DESKTOP-J6M8022 34864/8 SystemMonitor.Service.Services.RpcHostedService 客户端会话建立: conn="8639769c-80fa-407f-b9a9-4050afd76198"&#xD;
[xUnit.net 00:00:27.01]       2025-08-22 05:01:23.107 +08:00 [INF] DESKTOP-J6M8022 34864/14 SystemMonitor.Service.Services.RpcHostedService 客户端断开：已达到流的结尾。 conn="8639769c-80fa-407f-b9a9-4050afd76198"&#xD;
[xUnit.net 00:00:27.01]       2025-08-22 05:01:23.971 +08:00 [INF] DESKTOP-J6M8022 34864/11 SystemMonitor.Service.Worker Worker running at: "2025-08-22T05:01:23.9715344+08:00"&#xD;
[xUnit.net 00:00:27.01]       2025-08-22 05:01:24.982 +08:00 [INF] DESKTOP-J6M8022 34864/11 SystemMonitor.Service.Worker Worker running at: "2025-08-22T05:01:24.9819615+08:00"&#xD;
[xUnit.net 00:00:27.01]       2025-08-22 05:01:25.994 +08:00 [INF] DESKTOP-J6M8022 34864/11 SystemMonitor.Service.Worker Worker running at: "2025-08-22T05:01:25.9941989+08:00"&#xD;
[xUnit.net 00:00:27.01]       2025-08-22 05:01:26.999 +08:00 [INF] DESKTOP-J6M8022 34864/8 SystemMonitor.Service.Worker Worker running at: "2025-08-22T05:01:26.9999359+08:00"&#xD;
[xUnit.net 00:00:27.01]       2025-08-22 05:01:28.013 +08:00 [INF] DESKTOP-J6M8022 34864/11 SystemMonitor.Service.Worker Worker running at: "2025-08-22T05:01:28.0133025+08:00"&#xD;
[xUnit.net 00:00:27.01]       2025-08-22 05:01:28.109 +08:00 [INF] DESKTOP-J6M8022 34864/11 SystemMonitor.Service.Services.RpcHostedService 客户端已连接&#xD;
[xUnit.net 00:00:27.01]       2025-08-22 05:01:28.109 +08:00 [INF] DESKTOP-J6M8022 34864/11 SystemMonitor.Service.Services.RpcHostedService 客户端会话建立: conn="fda2e581-c0a4-4aa4-a5e0-11787ca179bd"&#xD;
[xUnit.net 00:00:27.01]       2025-08-22 05:01:28.112 +08:00 [INF] DESKTOP-J6M8022 34864/11 SystemMonitor.Service.Services.RpcHostedService 客户端断开：已达到流的结尾。 conn="fda2e581-c0a4-4aa4-a5e0-11787ca179bd"&#xD;
[xUnit.net 00:00:27.01]       2025-08-22 05:01:29.018 +08:00 [INF] DESKTOP-J6M8022 34864/11 SystemMonitor.Service.Worker Worker running at: "2025-08-22T05:01:29.0183364+08:00"&#xD;
[xUnit.net 00:00:27.01]       2025-08-22 05:01:30.019 +08:00 [INF] DESKTOP-J6M8022 34864/8 SystemMonitor.Service.Worker Worker running at: "2025-08-22T05:01:30.0195935+08:00"&#xD;
[xUnit.net 00:00:27.01]       2025-08-22 05:01:31.026 +08:00 [INF] DESKTOP-J6M8022 34864/8 SystemMonitor.Service.Worker Worker running at: "2025-08-22T05:01:31.0262398+08:00"&#xD;
[xUnit.net 00:00:27.01]       2025-08-22 05:01:32.031 +08:00 [INF] DESKTOP-J6M8022 34864/12 SystemMonitor.Service.Worker Worker running at: "2025-08-22T05:01:32.0310132+08:00"&#xD;
[xUnit.net 00:00:27.01]       2025-08-22 05:01:33.035 +08:00 [INF] DESKTOP-J6M8022 34864/12 SystemMonitor.Service.Worker Worker running at: "2025-08-22T05:01:33.0357910+08:00"&#xD;
[xUnit.net 00:00:27.01]       2025-08-22 05:01:33.116 +08:00 [INF] DESKTOP-J6M8022 34864/12 SystemMonitor.Service.Services.RpcHostedService 客户端已连接&#xD;
[xUnit.net 00:00:27.01]       2025-08-22 05:01:33.116 +08:00 [INF] DESKTOP-J6M8022 34864/12 SystemMonitor.Service.Services.RpcHostedService 客户端会话建立: conn="34e1094f-2d5d-4eb2-b05a-37c0e40cc011"&#xD;
[xUnit.net 00:00:27.01]       2025-08-22 05:01:33.119 +08:00 [INF] DESKTOP-J6M8022 34864/8 SystemMonitor.Service.Services.RpcHostedService 客户端断开：已达到流的结尾。 conn="34e1094f-2d5d-4eb2-b05a-37c0e40cc011"&#xD;
[xUnit.net 00:00:27.01]       2025-08-22 05:01:34.041 +08:00 [INF] DESKTOP-J6M8022 34864/8 SystemMonitor.Service.Worker Worker running at: "2025-08-22T05:01:34.0416262+08:00"&#xD;
[xUnit.net 00:00:27.01]       2025-08-22 05:01:35.045 +08:00 [INF] DESKTOP-J6M8022 34864/8 SystemMonitor.Service.Worker Worker running at: "2025-08-22T05:01:35.0457088+08:00"&#xD;
[xUnit.net 00:00:27.01]       2025-08-22 05:01:36.047 +08:00 [INF] DESKTOP-J6M8022 34864/12 SystemMonitor.Service.Worker Worker running at: "2025-08-22T05:01:36.0479378+08:00"&#xD;
[xUnit.net 00:00:27.01]       2025-08-22 05:01:37.050 +08:00 [INF] DESKTOP-J6M8022 34864/12 SystemMonitor.Service.Worker Worker running at: "2025-08-22T05:01:37.0504892+08:00"&#xD;
[xUnit.net 00:00:27.01]       2025-08-22 05:01:38.061 +08:00 [INF] DESKTOP-J6M8022 34864/14 SystemMonitor.Service.Worker Worker running at: "2025-08-22T05:01:38.0614429+08:00"&#xD;
[xUnit.net 00:00:27.01]       2025-08-22 05:01:38.110 +08:00 [INF] DESKTOP-J6M8022 34864/12 SystemMonitor.Service.Services.RpcHostedService 客户端已连接&#xD;
[xUnit.net 00:00:27.01]       2025-08-22 05:01:38.110 +08:00 [INF] DESKTOP-J6M8022 34864/12 SystemMonitor.Service.Services.RpcHostedService 客户端会话建立: conn="06117a62-6040-4241-9927-358af4226d43"&#xD;
[xUnit.net 00:00:27.01]       2025-08-22 05:01:38.113 +08:00 [INF] DESKTOP-J6M8022 34864/14 SystemMonitor.Service.Services.RpcHostedService 客户端断开：已达到流的结尾。 conn="06117a62-6040-4241-9927-358af4226d43"&#xD;
[xUnit.net 00:00:27.01]       2025-08-22 05:01:39.064 +08:00 [INF] DESKTOP-J6M8022 34864/14 SystemMonitor.Service.Worker Worker running at: "2025-08-22T05:01:39.0644324+08:00"&#xD;
[xUnit.net 00:00:27.01]       2025-08-22 05:01:40.069 +08:00 [INF] DESKTOP-J6M8022 34864/8 SystemMonitor.Service.Worker Worker running at: "2025-08-22T05:01:40.0698228+08:00"&#xD;
[xUnit.net 00:00:27.01]       2025-08-22 05:01:41.072 +08:00 [INF] DESKTOP-J6M8022 34864/8 SystemMonitor.Service.Worker Worker running at: "2025-08-22T05:01:41.0721700+08:00"&#xD;
[xUnit.net 00:00:27.01]       2025-08-22 05:01:42.086 +08:00 [INF] DESKTOP-J6M8022 34864/11 SystemMonitor.Service.Worker Worker running at: "2025-08-22T05:01:42.0860513+08:00"&#xD;
[xUnit.net 00:00:27.01]       2025-08-22 05:01:43.101 +08:00 [INF] DESKTOP-J6M8022 34864/8 SystemMonitor.Service.Worker Worker running at: "2025-08-22T05:01:43.1011436+08:00"&#xD;
[xUnit.net 00:00:27.01]       2025-08-22 05:01:43.105 +08:00 [INF] DESKTOP-J6M8022 34864/9 SystemMonitor.Service.Services.RpcHostedService 客户端已连接&#xD;
[xUnit.net 00:00:27.01]       2025-08-22 05:01:43.105 +08:00 [INF] DESKTOP-J6M8022 34864/9 SystemMonitor.Service.Services.RpcHostedService 客户端会话建立: conn="860b5ccb-a321-4101-b6d7-ba8cfd17c2fa"&#xD;
[xUnit.net 00:00:27.01]       2025-08-22 05:01:43.109 +08:00 [INF] DESKTOP-J6M8022 34864/8 SystemMonitor.Service.Services.RpcHostedService 客户端断开：已达到流的结尾。 conn="860b5ccb-a321-4101-b6d7-ba8cfd17c2fa"&#xD;
[xUnit.net 00:00:27.01]       2025-08-22 05:01:43.386 +08:00 [INF] DESKTOP-J6M8022 34864/11 SystemMonitor.Service.Services.RpcHostedService 客户端已连接&#xD;
[xUnit.net 00:00:27.01]       2025-08-22 05:01:43.386 +08:00 [INF] DESKTOP-J6M8022 34864/11 SystemMonitor.Service.Services.RpcHostedService 客户端会话建立: conn="7103465a-6b36-49d0-b971-0765ff27b367"&#xD;
[xUnit.net 00:00:27.01]       2025-08-22 05:01:43.387 +08:00 [INF] DESKTOP-J6M8022 34864/11 SystemMonitor.Service.Services.RpcHostedService snapshot called, modules=*&#xD;
[xUnit.net 00:00:27.01]       2025-08-22 05:01:43.394 +08:00 [INF] DESKTOP-J6M8022 34864/14 SystemMonitor.Service.Services.RpcHostedService 客户端断开：已达到流的结尾。 conn="7103465a-6b36-49d0-b971-0765ff27b367"&#xD;
[xUnit.net 00:00:27.01]       2025-08-22 05:01:44.107 +08:00 [INF] DESKTOP-J6M8022 34864/11 SystemMonitor.Service.Worker Worker running at: "2025-08-22T05:01:44.1078485+08:00"&#xD;
[xUnit.net 00:00:27.01]       2025-08-22 05:01:45.116 +08:00 [INF] DESKTOP-J6M8022 34864/8 SystemMonitor.Service.Worker Worker running at: "2025-08-22T05:01:45.1165225+08:00"&#xD;
[xUnit.net 00:00:27.01]       2025-08-22 05:01:46.125 +08:00 [INF] DESKTOP-J6M8022 34864/8 SystemMonitor.Service.Worker Worker running at: "2025-08-22T05:01:46.1259467+08:00"&#xD;
[xUnit.net 00:00:27.01]       2025-08-22 05:01:47.131 +08:00 [INF] DESKTOP-J6M8022 34864/8 SystemMonitor.Service.Worker Worker running at: "2025-08-22T05:01:47.1319177+08:00"&#xD;
[xUnit.net 00:00:27.01]       2025-08-22 05:01:48.110 +08:00 [INF] DESKTOP-J6M8022 34864/9 SystemMonitor.Service.Services.RpcHostedService 客户端已连接&#xD;
[xUnit.net 00:00:27.01]       2025-08-22 05:01:48.111 +08:00 [INF] DESKTOP-J6M8022 34864/9 SystemMonitor.Service.Services.RpcHostedService 客户端会话建立: conn="dc929a0f-2511-48c2-b921-bb00e3b2d95e"&#xD;
[xUnit.net 00:00:27.01]       2025-08-22 05:01:48.113 +08:00 [INF] DESKTOP-J6M8022 34864/9 SystemMonitor.Service.Services.RpcHostedService 客户端断开：已达到流的结尾。 conn="dc929a0f-2511-48c2-b921-bb00e3b2d95e"&#xD;
[xUnit.net 00:00:27.01]       2025-08-22 05:01:48.139 +08:00 [INF] DESKTOP-J6M8022 34864/9 SystemMonitor.Service.Worker Worker running at: "2025-08-22T05:01:48.1397480+08:00"&#xD;
[xUnit.net 00:00:27.01]       2025-08-22 05:01:49.149 +08:00 [INF] DESKTOP-J6M8022 34864/9 SystemMonitor.Service.Worker Worker running at: "2025-08-22T05:01:49.1490602+08:00"&#xD;
[xUnit.net 00:00:27.01]       2025-08-22 05:01:50.156 +08:00 [INF] DESKTOP-J6M8022 34864/9 SystemMonitor.Service.Worker Worker running at: "2025-08-22T05:01:50.1565687+08:00"&#xD;
[xUnit.net 00:00:27.01]       2025-08-22 05:01:51.163 +08:00 [INF] DESKTOP-J6M8022 34864/8 SystemMonitor.Service.Worker Worker running at: "2025-08-22T05:01:51.1638742+08:00"&#xD;
[xUnit.net 00:00:27.01]       2025-08-22 05:01:52.175 +08:00 [INF] DESKTOP-J6M8022 34864/8 SystemMonitor.Service.Worker Worker running at: "2025-08-22T05:01:52.1751866+08:00"&#xD;
[xUnit.net 00:00:27.01]       2025-08-22 05:01:53.106 +08:00 [INF] DESKTOP-J6M8022 34864/8 SystemMonitor.Service.Services.RpcHostedService 客户端已连接&#xD;
[xUnit.net 00:00:27.01]       2025-08-22 05:01:53.106 +08:00 [INF] DESKTOP-J6M8022 34864/8 SystemMonitor.Service.Services.RpcHostedService 客户端会话建立: conn="cf08e297-f8bc-42e5-a912-8cdf3760d104"&#xD;
[xUnit.net 00:00:27.01]       2025-08-22 05:01:53.109 +08:00 [INF] DESKTOP-J6M8022 34864/14 SystemMonitor.Service.Services.RpcHostedService 客户端断开：已达到流的结尾。 conn="cf08e297-f8bc-42e5-a912-8cdf3760d104"&#xD;
[xUnit.net 00:00:27.01]       2025-08-22 05:01:53.183 +08:00 [INF] DESKTOP-J6M8022 34864/12 SystemMonitor.Service.Worker Worker running at: "2025-08-22T05:01:53.1832976+08:00"&#xD;
[xUnit.net 00:00:27.01]       2025-08-22 05:01:54.188 +08:00 [INF] DESKTOP-J6M8022 34864/12 SystemMonitor.Service.Worker Worker running at: "2025-08-22T05:01:54.1886519+08:00"&#xD;
[xUnit.net 00:00:27.01]       2025-08-22 05:01:55.189 +08:00 [INF] DESKTOP-J6M8022 34864/12 SystemMonitor.Service.Worker Worker running at: "2025-08-22T05:01:55.1890118+08:00"&#xD;
[xUnit.net 00:00:27.01]       2025-08-22 05:01:56.201 +08:00 [INF] DESKTOP-J6M8022 34864/14 SystemMonitor.Service.Worker Worker running at: "2025-08-22T05:01:56.2011712+08:00"&#xD;
[xUnit.net 00:00:27.01]       2025-08-22 05:01:57.203 +08:00 [INF] DESKTOP-J6M8022 34864/12 SystemMonitor.Service.Worker Worker running at: "2025-08-22T05:01:57.2030740+08:00"&#xD;
[xUnit.net 00:00:27.01]       2025-08-22 05:01:58.150 +08:00 [INF] DESKTOP-J6M8022 34864/11 SystemMonitor.Service.Services.RpcHostedService 客户端已连接&#xD;
[xUnit.net 00:00:27.01]       2025-08-22 05:01:58.150 +08:00 [INF] DESKTOP-J6M8022 34864/11 SystemMonitor.Service.Services.RpcHostedService 客户端会话建立: conn="12ea3cb9-6e37-4a78-8a02-17ba9963b724"&#xD;
[xUnit.net 00:00:27.01]       2025-08-22 05:01:58.164 +08:00 [INF] DESKTOP-J6M8022 34864/14 SystemMonitor.Service.Services.RpcHostedService 客户端断开：已达到流的结尾。 conn="12ea3cb9-6e37-4a78-8a02-17ba9963b724"&#xD;
[xUnit.net 00:00:27.01]       2025-08-22 05:01:58.220 +08:00 [INF] DESKTOP-J6M8022 34864/14 SystemMonitor.Service.Worker Worker running at: "2025-08-22T05:01:58.2204087+08:00"&#xD;
[xUnit.net 00:00:27.01]       2025-08-22 05:01:59.232 +08:00 [INF] DESKTOP-J6M8022 34864/11 SystemMonitor.Service.Worker Worker running at: "2025-08-22T05:01:59.2321592+08:00"&#xD;
[xUnit.net 00:00:27.01]       2025-08-22 05:02:00.236 +08:00 [INF] DESKTOP-J6M8022 34864/14 SystemMonitor.Service.Worker Worker running at: "2025-08-22T05:02:00.2367533+08:00"&#xD;
[xUnit.net 00:00:27.01]       2025-08-22 05:02:01.245 +08:00 [INF] DESKTOP-J6M8022 34864/11 SystemMonitor.Service.Worker Worker running at: "2025-08-22T05:02:01.2451701+08:00"&#xD;
[xUnit.net 00:00:27.01]       2025-08-22 05:02:02.255 +08:00 [INF] DESKTOP-J6M8022 34864/11 SystemMonitor.Service.Worker Worker running at: "2025-08-22T05:02:02.2559126+08:00"&#xD;
[xUnit.net 00:00:27.01]       Stack Trace:&#xD;
[xUnit.net 00:00:27.01]         C:\code\sys-sensor-v3\src\SystemMonitor.Tests\EndToEndTests.cs(151,0): at SystemMonitor.Tests.EndToEndTests.WaitPipeReadyAsync(TimeSpan timeout)&#xD;
[xUnit.net 00:00:27.01]         C:\code\sys-sensor-v3\src\SystemMonitor.Tests\EndToEndTests.cs(278,0): at SystemMonitor.Tests.EndToEndTests.InitializeAsync()&#xD;
[svc][out] 正在生成...&#xD;
[test][pipe-wait] last-win32=2 elapsed=0.0s&#xD;
[test][pipe-wait] last-win32=2 elapsed=0.2s&#xD;
[test][pipe-wait] last-win32=2 elapsed=0.4s&#xD;
[test][pipe-wait] last-win32=2 elapsed=0.6s&#xD;
[test][pipe-wait] last-win32=2 elapsed=0.8s&#xD;
[test][pipe-wait] last-win32=2 elapsed=1.0s&#xD;
[test][pipe-wait] last-win32=2 elapsed=1.2s&#xD;
[svc][out] C:\code\sys-sensor-v3\src\SystemMonitor.Service\Services\RpcHostedService.cs(201,31): error CS0103: 当前上下文中不存在名称“TryCreateCounter�?[C:\code\sys-sensor-v3\src\SystemMonitor.Service\SystemMonitor.Service.csproj]&#xD;
[svc][out] C:\code\sys-sensor-v3\src\SystemMonitor.Service\Services\RpcHostedService.cs(203,35): error CS0103: 当前上下文中不存在名称“TryCreateCounter�?[C:\code\sys-sensor-v3\src\SystemMonitor.Service\SystemMonitor.Service.csproj]&#xD;
[svc][out] C:\code\sys-sensor-v3\src\SystemMonitor.Service\Program.cs(76,13): warning CA1416: 可在所有平台上访问此调用站点�?RpcHostedService" 仅在 'windows' 上受支持�?(https://learn.microsoft.com/dotnet/fundamentals/code-analysis/quality-rules/ca1416) [C:\code\sys-sensor-v3\src\SystemMonitor.Service\SystemMonitor.Service.csproj]&#xD;
[svc][err] 生成失败。请修复生成错误并重新运行�?&#xD;
[xUnit.net 00:00:28.98]       System.InvalidOperationException : Service exited while waiting for pipe. Code=1. Tail:
[svc][out] 姝ｅ湪鐢熸垚...&#xD;
[xUnit.net 00:00:28.98]       [svc][out] C:\code\sys-sensor-v3\src\SystemMonitor.Service\Services\RpcHostedService.cs(201,31): error CS0103: 褰撳墠涓婁笅鏂囦腑涓嶅瓨鍦ㄥ悕绉扳€淭ryCreateCounter鈥?[C:\code\sys-sensor-v3\src\SystemMonitor.Service\SystemMonitor.Service.csproj]&#xD;
[xUnit.net 00:00:28.98]       [svc][out] C:\code\sys-sensor-v3\src\SystemMonitor.Service\Services\RpcHostedService.cs(203,35): error CS0103: 褰撳墠涓婁笅鏂囦腑涓嶅瓨鍦ㄥ悕绉扳€淭ryCreateCounter鈥?[C:\code\sys-sensor-v3\src\SystemMonitor.Service\SystemMonitor.Service.csproj]&#xD;
[xUnit.net 00:00:28.98]       [svc][out] C:\code\sys-sensor-v3\src\SystemMonitor.Service\Program.cs(76,13): warning CA1416: 鍙湪鎵€鏈夊钩鍙颁笂璁块棶姝よ皟鐢ㄧ珯鐐广€?RpcHostedService" 浠呭湪 'windows' 涓婂彈鏀寔銆?(https://learn.microsoft.com/dotnet/fundamentals/code-analysis/quality-rules/ca1416) [C:\code\sys-sensor-v3\src\SystemMonitor.Service\SystemMonitor.Service.csproj]&#xD;
[xUnit.net 00:00:28.98]       [svc][err] 鐢熸垚澶辫触銆傝淇鐢熸垚閿欒骞堕噸鏂拌繍琛屻€?
[file-log-tail]
2025-08-22 05:00:07.505 +08:00 [INF] DESKTOP-J6M8022 34864/11 SystemMonitor.Service.Worker Worker running at: "2025-08-22T05:00:07.5059406+08:00"&#xD;
[xUnit.net 00:00:28.98]       2025-08-22 05:00:08.115 +08:00 [INF] DESKTOP-J6M8022 34864/11 SystemMonitor.Service.Services.RpcHostedService 客户端已连接&#xD;
[xUnit.net 00:00:28.98]       2025-08-22 05:00:08.115 +08:00 [INF] DESKTOP-J6M8022 34864/11 SystemMonitor.Service.Services.RpcHostedService 客户端会话建立: conn="3ebaf5c9-7a90-4c1f-8d06-77e4b9511b6b"&#xD;
[xUnit.net 00:00:28.98]       2025-08-22 05:00:08.119 +08:00 [INF] DESKTOP-J6M8022 34864/11 SystemMonitor.Service.Services.RpcHostedService 客户端断开：已达到流的结尾。 conn="3ebaf5c9-7a90-4c1f-8d06-77e4b9511b6b"&#xD;
[xUnit.net 00:00:28.98]       2025-08-22 05:00:08.515 +08:00 [INF] DESKTOP-J6M8022 34864/11 SystemMonitor.Service.Worker Worker running at: "2025-08-22T05:00:08.5155952+08:00"&#xD;
[xUnit.net 00:00:28.98]       2025-08-22 05:00:09.524 +08:00 [INF] DESKTOP-J6M8022 34864/9 SystemMonitor.Service.Worker Worker running at: "2025-08-22T05:00:09.5241284+08:00"&#xD;
[xUnit.net 00:00:28.98]       2025-08-22 05:00:10.532 +08:00 [INF] DESKTOP-J6M8022 34864/8 SystemMonitor.Service.Worker Worker running at: "2025-08-22T05:00:10.5324730+08:00"&#xD;
[xUnit.net 00:00:28.98]       2025-08-22 05:00:11.535 +08:00 [INF] DESKTOP-J6M8022 34864/12 SystemMonitor.Service.Worker Worker running at: "2025-08-22T05:00:11.5357528+08:00"&#xD;
[xUnit.net 00:00:28.98]       2025-08-22 05:00:12.548 +08:00 [INF] DESKTOP-J6M8022 34864/8 SystemMonitor.Service.Worker Worker running at: "2025-08-22T05:00:12.5481912+08:00"&#xD;
[xUnit.net 00:00:28.98]       2025-08-22 05:00:13.107 +08:00 [INF] DESKTOP-J6M8022 34864/12 SystemMonitor.Service.Services.RpcHostedService 客户端已连接&#xD;
[xUnit.net 00:00:28.98]       2025-08-22 05:00:13.107 +08:00 [INF] DESKTOP-J6M8022 34864/12 SystemMonitor.Service.Services.RpcHostedService 客户端会话建立: conn="27a81c38-4647-493a-8fb8-8f2e144087dc"&#xD;
[xUnit.net 00:00:28.98]       2025-08-22 05:00:13.111 +08:00 [INF] DESKTOP-J6M8022 34864/11 SystemMonitor.Service.Services.RpcHostedService 客户端断开：已达到流的结尾。 conn="27a81c38-4647-493a-8fb8-8f2e144087dc"&#xD;
[xUnit.net 00:00:28.98]       2025-08-22 05:00:13.384 +08:00 [INF] DESKTOP-J6M8022 34864/8 SystemMonitor.Service.Services.RpcHostedService 客户端已连接&#xD;
[xUnit.net 00:00:28.98]       2025-08-22 05:00:13.384 +08:00 [INF] DESKTOP-J6M8022 34864/8 SystemMonitor.Service.Services.RpcHostedService 客户端会话建立: conn="25e61bd6-9b34-4b1b-8730-8dd26623668c"&#xD;
[xUnit.net 00:00:28.98]       2025-08-22 05:00:13.405 +08:00 [INF] DESKTOP-J6M8022 34864/8 SystemMonitor.Service.Services.RpcHostedService snapshot called, modules=*&#xD;
[xUnit.net 00:00:28.98]       2025-08-22 05:00:13.408 +08:00 [INF] DESKTOP-J6M8022 34864/9 SystemMonitor.Service.Services.RpcHostedService 客户端断开：已达到流的结尾。 conn="25e61bd6-9b34-4b1b-8730-8dd26623668c"&#xD;
[xUnit.net 00:00:28.98]       2025-08-22 05:00:13.551 +08:00 [INF] DESKTOP-J6M8022 34864/12 SystemMonitor.Service.Worker Worker running at: "2025-08-22T05:00:13.5519178+08:00"&#xD;
[xUnit.net 00:00:28.98]       2025-08-22 05:00:14.561 +08:00 [INF] DESKTOP-J6M8022 34864/8 SystemMonitor.Service.Worker Worker running at: "2025-08-22T05:00:14.5613344+08:00"&#xD;
[xUnit.net 00:00:28.98]       2025-08-22 05:00:15.574 +08:00 [INF] DESKTOP-J6M8022 34864/8 SystemMonitor.Service.Worker Worker running at: "2025-08-22T05:00:15.5741996+08:00"&#xD;
[xUnit.net 00:00:28.98]       2025-08-22 05:00:16.580 +08:00 [INF] DESKTOP-J6M8022 34864/12 SystemMonitor.Service.Worker Worker running at: "2025-08-22T05:00:16.5802431+08:00"&#xD;
[xUnit.net 00:00:28.98]       2025-08-22 05:00:17.583 +08:00 [INF] DESKTOP-J6M8022 34864/12 SystemMonitor.Service.Worker Worker running at: "2025-08-22T05:00:17.5832737+08:00"&#xD;
[xUnit.net 00:00:28.98]       2025-08-22 05:00:18.114 +08:00 [INF] DESKTOP-J6M8022 34864/11 SystemMonitor.Service.Services.RpcHostedService 客户端已连接&#xD;
[xUnit.net 00:00:28.98]       2025-08-22 05:00:18.114 +08:00 [INF] DESKTOP-J6M8022 34864/11 SystemMonitor.Service.Services.RpcHostedService 客户端会话建立: conn="8619790b-69c5-445b-ab8d-8526df618427"&#xD;
[xUnit.net 00:00:28.98]       2025-08-22 05:00:18.116 +08:00 [INF] DESKTOP-J6M8022 34864/12 SystemMonitor.Service.Services.RpcHostedService 客户端断开：已达到流的结尾。 conn="8619790b-69c5-445b-ab8d-8526df618427"&#xD;
[xUnit.net 00:00:28.98]       2025-08-22 05:00:18.595 +08:00 [INF] DESKTOP-J6M8022 34864/11 SystemMonitor.Service.Worker Worker running at: "2025-08-22T05:00:18.5953464+08:00"&#xD;
[xUnit.net 00:00:28.98]       2025-08-22 05:00:19.605 +08:00 [INF] DESKTOP-J6M8022 34864/11 SystemMonitor.Service.Worker Worker running at: "2025-08-22T05:00:19.6052530+08:00"&#xD;
[xUnit.net 00:00:28.98]       2025-08-22 05:00:20.613 +08:00 [INF] DESKTOP-J6M8022 34864/13 SystemMonitor.Service.Worker Worker running at: "2025-08-22T05:00:20.6131263+08:00"&#xD;
[xUnit.net 00:00:28.98]       2025-08-22 05:00:21.613 +08:00 [INF] DESKTOP-J6M8022 34864/11 SystemMonitor.Service.Worker Worker running at: "2025-08-22T05:00:21.6130098+08:00"&#xD;
[xUnit.net 00:00:28.98]       2025-08-22 05:00:22.624 +08:00 [INF] DESKTOP-J6M8022 34864/13 SystemMonitor.Service.Worker Worker running at: "2025-08-22T05:00:22.6244940+08:00"&#xD;
[xUnit.net 00:00:28.98]       2025-08-22 05:00:23.105 +08:00 [INF] DESKTOP-J6M8022 34864/13 SystemMonitor.Service.Services.RpcHostedService 客户端已连接&#xD;
[xUnit.net 00:00:28.98]       2025-08-22 05:00:23.105 +08:00 [INF] DESKTOP-J6M8022 34864/13 SystemMonitor.Service.Services.RpcHostedService 客户端会话建立: conn="849f5c90-811a-4eb3-97ea-73e1b9d03257"&#xD;
[xUnit.net 00:00:28.98]       2025-08-22 05:00:23.108 +08:00 [INF] DESKTOP-J6M8022 34864/8 SystemMonitor.Service.Services.RpcHostedService 客户端断开：已达到流的结尾。 conn="849f5c90-811a-4eb3-97ea-73e1b9d03257"&#xD;
[xUnit.net 00:00:28.98]       2025-08-22 05:00:23.627 +08:00 [INF] DESKTOP-J6M8022 34864/13 SystemMonitor.Service.Worker Worker running at: "2025-08-22T05:00:23.6275367+08:00"&#xD;
[xUnit.net 00:00:28.98]       2025-08-22 05:00:24.631 +08:00 [INF] DESKTOP-J6M8022 34864/8 SystemMonitor.Service.Worker Worker running at: "2025-08-22T05:00:24.6319373+08:00"&#xD;
[xUnit.net 00:00:28.98]       2025-08-22 05:00:25.643 +08:00 [INF] DESKTOP-J6M8022 34864/13 SystemMonitor.Service.Worker Worker running at: "2025-08-22T05:00:25.6437810+08:00"&#xD;
[xUnit.net 00:00:28.98]       2025-08-22 05:00:26.649 +08:00 [INF] DESKTOP-J6M8022 34864/10 SystemMonitor.Service.Worker Worker running at: "2025-08-22T05:00:26.6498268+08:00"&#xD;
[xUnit.net 00:00:28.98]       2025-08-22 05:00:27.653 +08:00 [INF] DESKTOP-J6M8022 34864/13 SystemMonitor.Service.Worker Worker running at: "2025-08-22T05:00:27.6536723+08:00"&#xD;
[xUnit.net 00:00:28.98]       2025-08-22 05:00:28.104 +08:00 [INF] DESKTOP-J6M8022 34864/13 SystemMonitor.Service.Services.RpcHostedService 客户端已连接&#xD;
[xUnit.net 00:00:28.98]       2025-08-22 05:00:28.104 +08:00 [INF] DESKTOP-J6M8022 34864/13 SystemMonitor.Service.Services.RpcHostedService 客户端会话建立: conn="58087a9a-4fe9-4ab7-893a-962c7c34de4d"&#xD;
[xUnit.net 00:00:28.98]       2025-08-22 05:00:28.108 +08:00 [INF] DESKTOP-J6M8022 34864/10 SystemMonitor.Service.Services.RpcHostedService 客户端断开：已达到流的结尾。 conn="58087a9a-4fe9-4ab7-893a-962c7c34de4d"&#xD;
[xUnit.net 00:00:28.98]       2025-08-22 05:00:28.658 +08:00 [INF] DESKTOP-J6M8022 34864/10 SystemMonitor.Service.Worker Worker running at: "2025-08-22T05:00:28.6580477+08:00"&#xD;
[xUnit.net 00:00:28.98]       2025-08-22 05:00:29.667 +08:00 [INF] DESKTOP-J6M8022 34864/10 SystemMonitor.Service.Worker Worker running at: "2025-08-22T05:00:29.6670246+08:00"&#xD;
[xUnit.net 00:00:28.98]       2025-08-22 05:00:30.671 +08:00 [INF] DESKTOP-J6M8022 34864/11 SystemMonitor.Service.Worker Worker running at: "2025-08-22T05:00:30.6718324+08:00"&#xD;
[xUnit.net 00:00:28.98]       2025-08-22 05:00:31.677 +08:00 [INF] DESKTOP-J6M8022 34864/11 SystemMonitor.Service.Worker Worker running at: "2025-08-22T05:00:31.6773257+08:00"&#xD;
[xUnit.net 00:00:28.98]       2025-08-22 05:00:32.687 +08:00 [INF] DESKTOP-J6M8022 34864/8 SystemMonitor.Service.Worker Worker running at: "2025-08-22T05:00:32.6879602+08:00"&#xD;
[xUnit.net 00:00:28.98]       2025-08-22 05:00:33.104 +08:00 [INF] DESKTOP-J6M8022 34864/11 SystemMonitor.Service.Services.RpcHostedService 客户端已连接&#xD;
[xUnit.net 00:00:28.98]       2025-08-22 05:00:33.104 +08:00 [INF] DESKTOP-J6M8022 34864/11 SystemMonitor.Service.Services.RpcHostedService 客户端会话建立: conn="f2efc72f-7360-4d95-8499-7acad765c432"&#xD;
[xUnit.net 00:00:28.98]       2025-08-22 05:00:33.107 +08:00 [INF] DESKTOP-J6M8022 34864/11 SystemMonitor.Service.Services.RpcHostedService 客户端断开：已达到流的结尾。 conn="f2efc72f-7360-4d95-8499-7acad765c432"&#xD;
[xUnit.net 00:00:28.98]       2025-08-22 05:00:33.703 +08:00 [INF] DESKTOP-J6M8022 34864/8 SystemMonitor.Service.Worker Worker running at: "2025-08-22T05:00:33.7031716+08:00"&#xD;
[xUnit.net 00:00:28.98]       2025-08-22 05:00:34.705 +08:00 [INF] DESKTOP-J6M8022 34864/13 SystemMonitor.Service.Worker Worker running at: "2025-08-22T05:00:34.7053006+08:00"&#xD;
[xUnit.net 00:00:28.98]       2025-08-22 05:00:35.716 +08:00 [INF] DESKTOP-J6M8022 34864/11 SystemMonitor.Service.Worker Worker running at: "2025-08-22T05:00:35.7161477+08:00"&#xD;
[xUnit.net 00:00:28.98]       2025-08-22 05:00:36.721 +08:00 [INF] DESKTOP-J6M8022 34864/12 SystemMonitor.Service.Worker Worker running at: "2025-08-22T05:00:36.7213935+08:00"&#xD;
[xUnit.net 00:00:28.98]       2025-08-22 05:00:37.725 +08:00 [INF] DESKTOP-J6M8022 34864/12 SystemMonitor.Service.Worker Worker running at: "2025-08-22T05:00:37.7251514+08:00"&#xD;
[xUnit.net 00:00:28.98]       2025-08-22 05:00:38.118 +08:00 [INF] DESKTOP-J6M8022 34864/13 SystemMonitor.Service.Services.RpcHostedService 客户端已连接&#xD;
[xUnit.net 00:00:28.98]       2025-08-22 05:00:38.118 +08:00 [INF] DESKTOP-J6M8022 34864/13 SystemMonitor.Service.Services.RpcHostedService 客户端会话建立: conn="b439ecab-ffb2-4843-8f54-1844ad704c06"&#xD;
[xUnit.net 00:00:28.98]       2025-08-22 05:00:38.121 +08:00 [INF] DESKTOP-J6M8022 34864/13 SystemMonitor.Service.Services.RpcHostedService 客户端断开：已达到流的结尾。 conn="b439ecab-ffb2-4843-8f54-1844ad704c06"&#xD;
[xUnit.net 00:00:28.98]       2025-08-22 05:00:38.725 +08:00 [INF] DESKTOP-J6M8022 34864/8 SystemMonitor.Service.Worker Worker running at: "2025-08-22T05:00:38.7259519+08:00"&#xD;
[xUnit.net 00:00:28.98]       2025-08-22 05:00:39.740 +08:00 [INF] DESKTOP-J6M8022 34864/11 SystemMonitor.Service.Worker Worker running at: "2025-08-22T05:00:39.7403082+08:00"&#xD;
[xUnit.net 00:00:28.98]       2025-08-22 05:00:40.742 +08:00 [INF] DESKTOP-J6M8022 34864/11 SystemMonitor.Service.Worker Worker running at: "2025-08-22T05:00:40.7425737+08:00"&#xD;
[xUnit.net 00:00:28.98]       2025-08-22 05:00:41.745 +08:00 [INF] DESKTOP-J6M8022 34864/13 SystemMonitor.Service.Worker Worker running at: "2025-08-22T05:00:41.7451229+08:00"&#xD;
[xUnit.net 00:00:28.98]       2025-08-22 05:00:42.751 +08:00 [INF] DESKTOP-J6M8022 34864/11 SystemMonitor.Service.Worker Worker running at: "2025-08-22T05:00:42.7515665+08:00"&#xD;
[xUnit.net 00:00:28.98]       2025-08-22 05:00:43.110 +08:00 [INF] DESKTOP-J6M8022 34864/14 SystemMonitor.Service.Services.RpcHostedService 客户端已连接&#xD;
[xUnit.net 00:00:28.98]       2025-08-22 05:00:43.110 +08:00 [INF] DESKTOP-J6M8022 34864/14 SystemMonitor.Service.Services.RpcHostedService 客户端会话建立: conn="ec82b613-da05-4264-84fe-3fb03c945d2f"&#xD;
[xUnit.net 00:00:28.98]       2025-08-22 05:00:43.120 +08:00 [INF] DESKTOP-J6M8022 34864/9 SystemMonitor.Service.Services.RpcHostedService 客户端断开：已达到流的结尾。 conn="ec82b613-da05-4264-84fe-3fb03c945d2f"&#xD;
[xUnit.net 00:00:28.98]       2025-08-22 05:00:43.389 +08:00 [INF] DESKTOP-J6M8022 34864/13 SystemMonitor.Service.Services.RpcHostedService 客户端已连接&#xD;
[xUnit.net 00:00:28.98]       2025-08-22 05:00:43.389 +08:00 [INF] DESKTOP-J6M8022 34864/13 SystemMonitor.Service.Services.RpcHostedService 客户端会话建立: conn="2f7dc9d3-2402-4294-ba61-bc663df8cf82"&#xD;
[xUnit.net 00:00:28.98]       2025-08-22 05:00:43.398 +08:00 [INF] DESKTOP-J6M8022 34864/13 SystemMonitor.Service.Services.RpcHostedService snapshot called, modules=*&#xD;
[xUnit.net 00:00:28.98]       2025-08-22 05:00:43.407 +08:00 [INF] DESKTOP-J6M8022 34864/13 SystemMonitor.Service.Services.RpcHostedService 客户端断开：已达到流的结尾。 conn="2f7dc9d3-2402-4294-ba61-bc663df8cf82"&#xD;
[xUnit.net 00:00:28.98]       2025-08-22 05:00:43.756 +08:00 [INF] DESKTOP-J6M8022 34864/13 SystemMonitor.Service.Worker Worker running at: "2025-08-22T05:00:43.7565234+08:00"&#xD;
[xUnit.net 00:00:28.98]       2025-08-22 05:00:44.757 +08:00 [INF] DESKTOP-J6M8022 34864/11 SystemMonitor.Service.Worker Worker running at: "2025-08-22T05:00:44.7577675+08:00"&#xD;
[xUnit.net 00:00:28.98]       2025-08-22 05:00:45.762 +08:00 [INF] DESKTOP-J6M8022 34864/11 SystemMonitor.Service.Worker Worker running at: "2025-08-22T05:00:45.7627674+08:00"&#xD;
[xUnit.net 00:00:28.98]       2025-08-22 05:00:46.772 +08:00 [INF] DESKTOP-J6M8022 34864/11 SystemMonitor.Service.Worker Worker running at: "2025-08-22T05:00:46.7724296+08:00"&#xD;
[xUnit.net 00:00:28.98]       2025-08-22 05:00:47.772 +08:00 [INF] DESKTOP-J6M8022 34864/11 SystemMonitor.Service.Worker Worker running at: "2025-08-22T05:00:47.7724414+08:00"&#xD;
[xUnit.net 00:00:28.98]       2025-08-22 05:00:48.113 +08:00 [INF] DESKTOP-J6M8022 34864/11 SystemMonitor.Service.Services.RpcHostedService 客户端已连接&#xD;
[xUnit.net 00:00:28.98]       2025-08-22 05:00:48.113 +08:00 [INF] DESKTOP-J6M8022 34864/11 SystemMonitor.Service.Services.RpcHostedService 客户端会话建立: conn="0b57ec2b-be63-49bb-9b61-b642d4a6bad8"&#xD;
[xUnit.net 00:00:28.98]       2025-08-22 05:00:48.118 +08:00 [INF] DESKTOP-J6M8022 34864/11 SystemMonitor.Service.Services.RpcHostedService 客户端断开：已达到流的结尾。 conn="0b57ec2b-be63-49bb-9b61-b642d4a6bad8"&#xD;
[xUnit.net 00:00:28.98]       2025-08-22 05:00:48.786 +08:00 [INF] DESKTOP-J6M8022 34864/14 SystemMonitor.Service.Worker Worker running at: "2025-08-22T05:00:48.7861767+08:00"&#xD;
[xUnit.net 00:00:28.98]       2025-08-22 05:00:49.797 +08:00 [INF] DESKTOP-J6M8022 34864/14 SystemMonitor.Service.Worker Worker running at: "2025-08-22T05:00:49.7971060+08:00"&#xD;
[xUnit.net 00:00:28.98]       2025-08-22 05:00:50.810 +08:00 [INF] DESKTOP-J6M8022 34864/14 SystemMonitor.Service.Worker Worker running at: "2025-08-22T05:00:50.8103703+08:00"&#xD;
[xUnit.net 00:00:28.98]       2025-08-22 05:00:51.819 +08:00 [INF] DESKTOP-J6M8022 34864/14 SystemMonitor.Service.Worker Worker running at: "2025-08-22T05:00:51.8191149+08:00"&#xD;
[xUnit.net 00:00:28.98]       2025-08-22 05:00:52.832 +08:00 [INF] DESKTOP-J6M8022 34864/14 SystemMonitor.Service.Worker Worker running at: "2025-08-22T05:00:52.8322629+08:00"&#xD;
[xUnit.net 00:00:28.98]       2025-08-22 05:00:53.102 +08:00 [INF] DESKTOP-J6M8022 34864/14 SystemMonitor.Service.Services.RpcHostedService 客户端已连接&#xD;
[xUnit.net 00:00:28.98]       2025-08-22 05:00:53.102 +08:00 [INF] DESKTOP-J6M8022 34864/14 SystemMonitor.Service.Services.RpcHostedService 客户端会话建立: conn="a1d8b427-d708-44e2-9952-15a5a936e6af"&#xD;
[xUnit.net 00:00:28.98]       2025-08-22 05:00:53.105 +08:00 [INF] DESKTOP-J6M8022 34864/13 SystemMonitor.Service.Services.RpcHostedService 客户端断开：已达到流的结尾。 conn="a1d8b427-d708-44e2-9952-15a5a936e6af"&#xD;
[xUnit.net 00:00:28.98]       2025-08-22 05:00:53.839 +08:00 [INF] DESKTOP-J6M8022 34864/9 SystemMonitor.Service.Worker Worker running at: "2025-08-22T05:00:53.8390210+08:00"&#xD;
[xUnit.net 00:00:28.98]       2025-08-22 05:00:54.844 +08:00 [INF] DESKTOP-J6M8022 34864/9 SystemMonitor.Service.Worker Worker running at: "2025-08-22T05:00:54.8440332+08:00"&#xD;
[xUnit.net 00:00:28.98]       2025-08-22 05:00:55.849 +08:00 [INF] DESKTOP-J6M8022 34864/14 SystemMonitor.Service.Worker Worker running at: "2025-08-22T05:00:55.8498931+08:00"&#xD;
[xUnit.net 00:00:28.98]       2025-08-22 05:00:56.855 +08:00 [INF] DESKTOP-J6M8022 34864/12 SystemMonitor.Service.Worker Worker running at: "2025-08-22T05:00:56.8554623+08:00"&#xD;
[xUnit.net 00:00:28.98]       2025-08-22 05:00:57.861 +08:00 [INF] DESKTOP-J6M8022 34864/12 SystemMonitor.Service.Worker Worker running at: "2025-08-22T05:00:57.8610329+08:00"&#xD;
[xUnit.net 00:00:28.98]       2025-08-22 05:00:58.111 +08:00 [INF] DESKTOP-J6M8022 34864/8 SystemMonitor.Service.Services.RpcHostedService 客户端已连接&#xD;
[xUnit.net 00:00:28.98]       2025-08-22 05:00:58.111 +08:00 [INF] DESKTOP-J6M8022 34864/8 SystemMonitor.Service.Services.RpcHostedService 客户端会话建立: conn="667ed3f1-bd30-41e0-92ff-80608571c1ce"&#xD;
[xUnit.net 00:00:28.98]       2025-08-22 05:00:58.116 +08:00 [INF] DESKTOP-J6M8022 34864/12 SystemMonitor.Service.Services.RpcHostedService 客户端断开：已达到流的结尾。 conn="667ed3f1-bd30-41e0-92ff-80608571c1ce"&#xD;
[xUnit.net 00:00:28.98]       2025-08-22 05:00:58.863 +08:00 [INF] DESKTOP-J6M8022 34864/8 SystemMonitor.Service.Worker Worker running at: "2025-08-22T05:00:58.8635685+08:00"&#xD;
[xUnit.net 00:00:28.98]       2025-08-22 05:00:59.864 +08:00 [INF] DESKTOP-J6M8022 34864/13 SystemMonitor.Service.Worker Worker running at: "2025-08-22T05:00:59.8639948+08:00"&#xD;
[xUnit.net 00:00:28.98]       2025-08-22 05:01:00.871 +08:00 [INF] DESKTOP-J6M8022 34864/8 SystemMonitor.Service.Worker Worker running at: "2025-08-22T05:01:00.8711317+08:00"&#xD;
[xUnit.net 00:00:28.98]       2025-08-22 05:01:01.872 +08:00 [INF] DESKTOP-J6M8022 34864/8 SystemMonitor.Service.Worker Worker running at: "2025-08-22T05:01:01.8723849+08:00"&#xD;
[xUnit.net 00:00:28.98]       2025-08-22 05:01:02.874 +08:00 [INF] DESKTOP-J6M8022 34864/13 SystemMonitor.Service.Worker Worker running at: "2025-08-22T05:01:02.8742125+08:00"&#xD;
[xUnit.net 00:00:28.98]       2025-08-22 05:01:03.109 +08:00 [INF] DESKTOP-J6M8022 34864/13 SystemMonitor.Service.Services.RpcHostedService 客户端已连接&#xD;
[xUnit.net 00:00:28.98]       2025-08-22 05:01:03.109 +08:00 [INF] DESKTOP-J6M8022 34864/13 SystemMonitor.Service.Services.RpcHostedService 客户端会话建立: conn="6f7008b5-fb8e-492a-bb7e-9769bc95aca3"&#xD;
[xUnit.net 00:00:28.98]       2025-08-22 05:01:03.113 +08:00 [INF] DESKTOP-J6M8022 34864/13 SystemMonitor.Service.Services.RpcHostedService 客户端断开：已达到流的结尾。 conn="6f7008b5-fb8e-492a-bb7e-9769bc95aca3"&#xD;
[xUnit.net 00:00:28.98]       2025-08-22 05:01:03.878 +08:00 [INF] DESKTOP-J6M8022 34864/9 SystemMonitor.Service.Worker Worker running at: "2025-08-22T05:01:03.8780156+08:00"&#xD;
[xUnit.net 00:00:28.98]       2025-08-22 05:01:04.882 +08:00 [INF] DESKTOP-J6M8022 34864/9 SystemMonitor.Service.Worker Worker running at: "2025-08-22T05:01:04.8824276+08:00"&#xD;
[xUnit.net 00:00:28.98]       2025-08-22 05:01:05.888 +08:00 [INF] DESKTOP-J6M8022 34864/9 SystemMonitor.Service.Worker Worker running at: "2025-08-22T05:01:05.8884444+08:00"&#xD;
[xUnit.net 00:00:28.98]       2025-08-22 05:01:06.898 +08:00 [INF] DESKTOP-J6M8022 34864/13 SystemMonitor.Service.Worker Worker running at: "2025-08-22T05:01:06.8980438+08:00"&#xD;
[xUnit.net 00:00:28.98]       2025-08-22 05:01:07.902 +08:00 [INF] DESKTOP-J6M8022 34864/12 SystemMonitor.Service.Worker Worker running at: "2025-08-22T05:01:07.9022915+08:00"&#xD;
[xUnit.net 00:00:28.98]       2025-08-22 05:01:08.106 +08:00 [INF] DESKTOP-J6M8022 34864/12 SystemMonitor.Service.Services.RpcHostedService 客户端已连接&#xD;
[xUnit.net 00:00:28.98]       2025-08-22 05:01:08.106 +08:00 [INF] DESKTOP-J6M8022 34864/12 SystemMonitor.Service.Services.RpcHostedService 客户端会话建立: conn="57e57623-52be-4bde-b1c7-694c9251d418"&#xD;
[xUnit.net 00:00:28.98]       2025-08-22 05:01:08.111 +08:00 [INF] DESKTOP-J6M8022 34864/14 SystemMonitor.Service.Services.RpcHostedService 客户端断开：已达到流的结尾。 conn="57e57623-52be-4bde-b1c7-694c9251d418"&#xD;
[xUnit.net 00:00:28.98]       2025-08-22 05:01:08.904 +08:00 [INF] DESKTOP-J6M8022 34864/13 SystemMonitor.Service.Worker Worker running at: "2025-08-22T05:01:08.9045942+08:00"&#xD;
[xUnit.net 00:00:28.98]       2025-08-22 05:01:09.905 +08:00 [INF] DESKTOP-J6M8022 34864/12 SystemMonitor.Service.Worker Worker running at: "2025-08-22T05:01:09.9059497+08:00"&#xD;
[xUnit.net 00:00:28.98]       2025-08-22 05:01:10.910 +08:00 [INF] DESKTOP-J6M8022 34864/8 SystemMonitor.Service.Worker Worker running at: "2025-08-22T05:01:10.9104565+08:00"&#xD;
[xUnit.net 00:00:28.98]       2025-08-22 05:01:11.913 +08:00 [INF] DESKTOP-J6M8022 34864/12 SystemMonitor.Service.Worker Worker running at: "2025-08-22T05:01:11.9132884+08:00"&#xD;
[xUnit.net 00:00:28.98]       2025-08-22 05:01:12.917 +08:00 [INF] DESKTOP-J6M8022 34864/8 SystemMonitor.Service.Worker Worker running at: "2025-08-22T05:01:12.9173706+08:00"&#xD;
[xUnit.net 00:00:28.98]       2025-08-22 05:01:13.103 +08:00 [INF] DESKTOP-J6M8022 34864/8 SystemMonitor.Service.Services.RpcHostedService 客户端已连接&#xD;
[xUnit.net 00:00:28.98]       2025-08-22 05:01:13.103 +08:00 [INF] DESKTOP-J6M8022 34864/8 SystemMonitor.Service.Services.RpcHostedService 客户端会话建立: conn="8c8ff938-4ec2-4b63-94b8-07d74318db55"&#xD;
[xUnit.net 00:00:28.98]       2025-08-22 05:01:13.107 +08:00 [INF] DESKTOP-J6M8022 34864/12 SystemMonitor.Service.Services.RpcHostedService 客户端断开：已达到流的结尾。 conn="8c8ff938-4ec2-4b63-94b8-07d74318db55"&#xD;
[xUnit.net 00:00:28.98]       2025-08-22 05:01:13.395 +08:00 [INF] DESKTOP-J6M8022 34864/8 SystemMonitor.Service.Services.RpcHostedService 客户端已连接&#xD;
[xUnit.net 00:00:28.98]       2025-08-22 05:01:13.395 +08:00 [INF] DESKTOP-J6M8022 34864/8 SystemMonitor.Service.Services.RpcHostedService 客户端会话建立: conn="0d0e45ce-49cf-483b-8035-5df65c66b336"&#xD;
[xUnit.net 00:00:28.98]       2025-08-22 05:01:13.409 +08:00 [INF] DESKTOP-J6M8022 34864/8 SystemMonitor.Service.Services.RpcHostedService snapshot called, modules=*&#xD;
[xUnit.net 00:00:28.98]       2025-08-22 05:01:13.415 +08:00 [INF] DESKTOP-J6M8022 34864/12 SystemMonitor.Service.Services.RpcHostedService 客户端断开：已达到流的结尾。 conn="0d0e45ce-49cf-483b-8035-5df65c66b336"&#xD;
[xUnit.net 00:00:28.98]       2025-08-22 05:01:13.923 +08:00 [INF] DESKTOP-J6M8022 34864/14 SystemMonitor.Service.Worker Worker running at: "2025-08-22T05:01:13.9232807+08:00"&#xD;
[xUnit.net 00:00:28.98]       2025-08-22 05:01:14.929 +08:00 [INF] DESKTOP-J6M8022 34864/12 SystemMonitor.Service.Worker Worker running at: "2025-08-22T05:01:14.9292827+08:00"&#xD;
[xUnit.net 00:00:28.98]       2025-08-22 05:01:15.932 +08:00 [INF] DESKTOP-J6M8022 34864/8 SystemMonitor.Service.Worker Worker running at: "2025-08-22T05:01:15.9326500+08:00"&#xD;
[xUnit.net 00:00:28.98]       2025-08-22 05:01:16.939 +08:00 [INF] DESKTOP-J6M8022 34864/14 SystemMonitor.Service.Worker Worker running at: "2025-08-22T05:01:16.9393680+08:00"&#xD;
[xUnit.net 00:00:28.98]       2025-08-22 05:01:17.943 +08:00 [INF] DESKTOP-J6M8022 34864/8 SystemMonitor.Service.Worker Worker running at: "2025-08-22T05:01:17.9432416+08:00"&#xD;
[xUnit.net 00:00:28.98]       2025-08-22 05:01:18.116 +08:00 [INF] DESKTOP-J6M8022 34864/8 SystemMonitor.Service.Services.RpcHostedService 客户端已连接&#xD;
[xUnit.net 00:00:28.98]       2025-08-22 05:01:18.116 +08:00 [INF] DESKTOP-J6M8022 34864/8 SystemMonitor.Service.Services.RpcHostedService 客户端会话建立: conn="4caa660b-18e4-4979-bebe-31bdd3b07642"&#xD;
[xUnit.net 00:00:28.98]       2025-08-22 05:01:18.119 +08:00 [INF] DESKTOP-J6M8022 34864/12 SystemMonitor.Service.Services.RpcHostedService 客户端断开：已达到流的结尾。 conn="4caa660b-18e4-4979-bebe-31bdd3b07642"&#xD;
[xUnit.net 00:00:28.98]       2025-08-22 05:01:18.947 +08:00 [INF] DESKTOP-J6M8022 34864/8 SystemMonitor.Service.Worker Worker running at: "2025-08-22T05:01:18.9470563+08:00"&#xD;
[xUnit.net 00:00:28.98]       2025-08-22 05:01:19.950 +08:00 [INF] DESKTOP-J6M8022 34864/8 SystemMonitor.Service.Worker Worker running at: "2025-08-22T05:01:19.9501774+08:00"&#xD;
[xUnit.net 00:00:28.98]       2025-08-22 05:01:20.958 +08:00 [INF] DESKTOP-J6M8022 34864/8 SystemMonitor.Service.Worker Worker running at: "2025-08-22T05:01:20.9579718+08:00"&#xD;
[xUnit.net 00:00:28.98]       2025-08-22 05:01:21.959 +08:00 [INF] DESKTOP-J6M8022 34864/14 SystemMonitor.Service.Worker Worker running at: "2025-08-22T05:01:21.9594726+08:00"&#xD;
[xUnit.net 00:00:28.98]       2025-08-22 05:01:22.963 +08:00 [INF] DESKTOP-J6M8022 34864/8 SystemMonitor.Service.Worker Worker running at: "2025-08-22T05:01:22.9634519+08:00"&#xD;
[xUnit.net 00:00:28.98]       2025-08-22 05:01:23.105 +08:00 [INF] DESKTOP-J6M8022 34864/8 SystemMonitor.Service.Services.RpcHostedService 客户端已连接&#xD;
[xUnit.net 00:00:28.98]       2025-08-22 05:01:23.105 +08:00 [INF] DESKTOP-J6M8022 34864/8 SystemMonitor.Service.Services.RpcHostedService 客户端会话建立: conn="8639769c-80fa-407f-b9a9-4050afd76198"&#xD;
[xUnit.net 00:00:28.98]       2025-08-22 05:01:23.107 +08:00 [INF] DESKTOP-J6M8022 34864/14 SystemMonitor.Service.Services.RpcHostedService 客户端断开：已达到流的结尾。 conn="8639769c-80fa-407f-b9a9-4050afd76198"&#xD;
[xUnit.net 00:00:28.98]       2025-08-22 05:01:23.971 +08:00 [INF] DESKTOP-J6M8022 34864/11 SystemMonitor.Service.Worker Worker running at: "2025-08-22T05:01:23.9715344+08:00"&#xD;
[xUnit.net 00:00:28.98]       2025-08-22 05:01:24.982 +08:00 [INF] DESKTOP-J6M8022 34864/11 SystemMonitor.Service.Worker Worker running at: "2025-08-22T05:01:24.9819615+08:00"&#xD;
[xUnit.net 00:00:28.98]       2025-08-22 05:01:25.994 +08:00 [INF] DESKTOP-J6M8022 34864/11 SystemMonitor.Service.Worker Worker running at: "2025-08-22T05:01:25.9941989+08:00"&#xD;
[xUnit.net 00:00:28.98]       2025-08-22 05:01:26.999 +08:00 [INF] DESKTOP-J6M8022 34864/8 SystemMonitor.Service.Worker Worker running at: "2025-08-22T05:01:26.9999359+08:00"&#xD;
[xUnit.net 00:00:28.98]       2025-08-22 05:01:28.013 +08:00 [INF] DESKTOP-J6M8022 34864/11 SystemMonitor.Service.Worker Worker running at: "2025-08-22T05:01:28.0133025+08:00"&#xD;
[xUnit.net 00:00:28.98]       2025-08-22 05:01:28.109 +08:00 [INF] DESKTOP-J6M8022 34864/11 SystemMonitor.Service.Services.RpcHostedService 客户端已连接&#xD;
[xUnit.net 00:00:28.98]       2025-08-22 05:01:28.109 +08:00 [INF] DESKTOP-J6M8022 34864/11 SystemMonitor.Service.Services.RpcHostedService 客户端会话建立: conn="fda2e581-c0a4-4aa4-a5e0-11787ca179bd"&#xD;
[xUnit.net 00:00:28.98]       2025-08-22 05:01:28.112 +08:00 [INF] DESKTOP-J6M8022 34864/11 SystemMonitor.Service.Services.RpcHostedService 客户端断开：已达到流的结尾。 conn="fda2e581-c0a4-4aa4-a5e0-11787ca179bd"&#xD;
[xUnit.net 00:00:28.98]       2025-08-22 05:01:29.018 +08:00 [INF] DESKTOP-J6M8022 34864/11 SystemMonitor.Service.Worker Worker running at: "2025-08-22T05:01:29.0183364+08:00"&#xD;
[xUnit.net 00:00:28.98]       2025-08-22 05:01:30.019 +08:00 [INF] DESKTOP-J6M8022 34864/8 SystemMonitor.Service.Worker Worker running at: "2025-08-22T05:01:30.0195935+08:00"&#xD;
[xUnit.net 00:00:28.98]       2025-08-22 05:01:31.026 +08:00 [INF] DESKTOP-J6M8022 34864/8 SystemMonitor.Service.Worker Worker running at: "2025-08-22T05:01:31.0262398+08:00"&#xD;
[xUnit.net 00:00:28.98]       2025-08-22 05:01:32.031 +08:00 [INF] DESKTOP-J6M8022 34864/12 SystemMonitor.Service.Worker Worker running at: "2025-08-22T05:01:32.0310132+08:00"&#xD;
[xUnit.net 00:00:28.98]       2025-08-22 05:01:33.035 +08:00 [INF] DESKTOP-J6M8022 34864/12 SystemMonitor.Service.Worker Worker running at: "2025-08-22T05:01:33.0357910+08:00"&#xD;
[xUnit.net 00:00:28.98]       2025-08-22 05:01:33.116 +08:00 [INF] DESKTOP-J6M8022 34864/12 SystemMonitor.Service.Services.RpcHostedService 客户端已连接&#xD;
[xUnit.net 00:00:28.98]       2025-08-22 05:01:33.116 +08:00 [INF] DESKTOP-J6M8022 34864/12 SystemMonitor.Service.Services.RpcHostedService 客户端会话建立: conn="34e1094f-2d5d-4eb2-b05a-37c0e40cc011"&#xD;
[xUnit.net 00:00:28.98]       2025-08-22 05:01:33.119 +08:00 [INF] DESKTOP-J6M8022 34864/8 SystemMonitor.Service.Services.RpcHostedService 客户端断开：已达到流的结尾。 conn="34e1094f-2d5d-4eb2-b05a-37c0e40cc011"&#xD;
[xUnit.net 00:00:28.98]       2025-08-22 05:01:34.041 +08:00 [INF] DESKTOP-J6M8022 34864/8 SystemMonitor.Service.Worker Worker running at: "2025-08-22T05:01:34.0416262+08:00"&#xD;
[xUnit.net 00:00:28.98]       2025-08-22 05:01:35.045 +08:00 [INF] DESKTOP-J6M8022 34864/8 SystemMonitor.Service.Worker Worker running at: "2025-08-22T05:01:35.0457088+08:00"&#xD;
[xUnit.net 00:00:28.98]       2025-08-22 05:01:36.047 +08:00 [INF] DESKTOP-J6M8022 34864/12 SystemMonitor.Service.Worker Worker running at: "2025-08-22T05:01:36.0479378+08:00"&#xD;
[xUnit.net 00:00:28.98]       2025-08-22 05:01:37.050 +08:00 [INF] DESKTOP-J6M8022 34864/12 SystemMonitor.Service.Worker Worker running at: "2025-08-22T05:01:37.0504892+08:00"&#xD;
[xUnit.net 00:00:28.98]       2025-08-22 05:01:38.061 +08:00 [INF] DESKTOP-J6M8022 34864/14 SystemMonitor.Service.Worker Worker running at: "2025-08-22T05:01:38.0614429+08:00"&#xD;
[xUnit.net 00:00:28.98]       2025-08-22 05:01:38.110 +08:00 [INF] DESKTOP-J6M8022 34864/12 SystemMonitor.Service.Services.RpcHostedService 客户端已连接&#xD;
[xUnit.net 00:00:28.98]       2025-08-22 05:01:38.110 +08:00 [INF] DESKTOP-J6M8022 34864/12 SystemMonitor.Service.Services.RpcHostedService 客户端会话建立: conn="06117a62-6040-4241-9927-358af4226d43"&#xD;
[xUnit.net 00:00:28.98]       2025-08-22 05:01:38.113 +08:00 [INF] DESKTOP-J6M8022 34864/14 SystemMonitor.Service.Services.RpcHostedService 客户端断开：已达到流的结尾。 conn="06117a62-6040-4241-9927-358af4226d43"&#xD;
[xUnit.net 00:00:28.98]       2025-08-22 05:01:39.064 +08:00 [INF] DESKTOP-J6M8022 34864/14 SystemMonitor.Service.Worker Worker running at: "2025-08-22T05:01:39.0644324+08:00"&#xD;
[xUnit.net 00:00:28.98]       2025-08-22 05:01:40.069 +08:00 [INF] DESKTOP-J6M8022 34864/8 SystemMonitor.Service.Worker Worker running at: "2025-08-22T05:01:40.0698228+08:00"&#xD;
[xUnit.net 00:00:28.98]       2025-08-22 05:01:41.072 +08:00 [INF] DESKTOP-J6M8022 34864/8 SystemMonitor.Service.Worker Worker running at: "2025-08-22T05:01:41.0721700+08:00"&#xD;
[xUnit.net 00:00:28.98]       2025-08-22 05:01:42.086 +08:00 [INF] DESKTOP-J6M8022 34864/11 SystemMonitor.Service.Worker Worker running at: "2025-08-22T05:01:42.0860513+08:00"&#xD;
[xUnit.net 00:00:28.98]       2025-08-22 05:01:43.101 +08:00 [INF] DESKTOP-J6M8022 34864/8 SystemMonitor.Service.Worker Worker running at: "2025-08-22T05:01:43.1011436+08:00"&#xD;
[xUnit.net 00:00:28.98]       2025-08-22 05:01:43.105 +08:00 [INF] DESKTOP-J6M8022 34864/9 SystemMonitor.Service.Services.RpcHostedService 客户端已连接&#xD;
[xUnit.net 00:00:28.98]       2025-08-22 05:01:43.105 +08:00 [INF] DESKTOP-J6M8022 34864/9 SystemMonitor.Service.Services.RpcHostedService 客户端会话建立: conn="860b5ccb-a321-4101-b6d7-ba8cfd17c2fa"&#xD;
[xUnit.net 00:00:28.98]       2025-08-22 05:01:43.109 +08:00 [INF] DESKTOP-J6M8022 34864/8 SystemMonitor.Service.Services.RpcHostedService 客户端断开：已达到流的结尾。 conn="860b5ccb-a321-4101-b6d7-ba8cfd17c2fa"&#xD;
[xUnit.net 00:00:28.98]       2025-08-22 05:01:43.386 +08:00 [INF] DESKTOP-J6M8022 34864/11 SystemMonitor.Service.Services.RpcHostedService 客户端已连接&#xD;
[xUnit.net 00:00:28.98]       2025-08-22 05:01:43.386 +08:00 [INF] DESKTOP-J6M8022 34864/11 SystemMonitor.Service.Services.RpcHostedService 客户端会话建立: conn="7103465a-6b36-49d0-b971-0765ff27b367"&#xD;
[xUnit.net 00:00:28.98]       2025-08-22 05:01:43.387 +08:00 [INF] DESKTOP-J6M8022 34864/11 SystemMonitor.Service.Services.RpcHostedService snapshot called, modules=*&#xD;
[xUnit.net 00:00:28.98]       2025-08-22 05:01:43.394 +08:00 [INF] DESKTOP-J6M8022 34864/14 SystemMonitor.Service.Services.RpcHostedService 客户端断开：已达到流的结尾。 conn="7103465a-6b36-49d0-b971-0765ff27b367"&#xD;
[xUnit.net 00:00:28.98]       2025-08-22 05:01:44.107 +08:00 [INF] DESKTOP-J6M8022 34864/11 SystemMonitor.Service.Worker Worker running at: "2025-08-22T05:01:44.1078485+08:00"&#xD;
[xUnit.net 00:00:28.98]       2025-08-22 05:01:45.116 +08:00 [INF] DESKTOP-J6M8022 34864/8 SystemMonitor.Service.Worker Worker running at: "2025-08-22T05:01:45.1165225+08:00"&#xD;
[xUnit.net 00:00:28.98]       2025-08-22 05:01:46.125 +08:00 [INF] DESKTOP-J6M8022 34864/8 SystemMonitor.Service.Worker Worker running at: "2025-08-22T05:01:46.1259467+08:00"&#xD;
[xUnit.net 00:00:28.98]       2025-08-22 05:01:47.131 +08:00 [INF] DESKTOP-J6M8022 34864/8 SystemMonitor.Service.Worker Worker running at: "2025-08-22T05:01:47.1319177+08:00"&#xD;
[xUnit.net 00:00:28.98]       2025-08-22 05:01:48.110 +08:00 [INF] DESKTOP-J6M8022 34864/9 SystemMonitor.Service.Services.RpcHostedService 客户端已连接&#xD;
[xUnit.net 00:00:28.98]       2025-08-22 05:01:48.111 +08:00 [INF] DESKTOP-J6M8022 34864/9 SystemMonitor.Service.Services.RpcHostedService 客户端会话建立: conn="dc929a0f-2511-48c2-b921-bb00e3b2d95e"&#xD;
[xUnit.net 00:00:28.98]       2025-08-22 05:01:48.113 +08:00 [INF] DESKTOP-J6M8022 34864/9 SystemMonitor.Service.Services.RpcHostedService 客户端断开：已达到流的结尾。 conn="dc929a0f-2511-48c2-b921-bb00e3b2d95e"&#xD;
[xUnit.net 00:00:28.98]       2025-08-22 05:01:48.139 +08:00 [INF] DESKTOP-J6M8022 34864/9 SystemMonitor.Service.Worker Worker running at: "2025-08-22T05:01:48.1397480+08:00"&#xD;
[xUnit.net 00:00:28.98]       2025-08-22 05:01:49.149 +08:00 [INF] DESKTOP-J6M8022 34864/9 SystemMonitor.Service.Worker Worker running at: "2025-08-22T05:01:49.1490602+08:00"&#xD;
[xUnit.net 00:00:28.98]       2025-08-22 05:01:50.156 +08:00 [INF] DESKTOP-J6M8022 34864/9 SystemMonitor.Service.Worker Worker running at: "2025-08-22T05:01:50.1565687+08:00"&#xD;
[xUnit.net 00:00:28.98]       2025-08-22 05:01:51.163 +08:00 [INF] DESKTOP-J6M8022 34864/8 SystemMonitor.Service.Worker Worker running at: "2025-08-22T05:01:51.1638742+08:00"&#xD;
[xUnit.net 00:00:28.98]       2025-08-22 05:01:52.175 +08:00 [INF] DESKTOP-J6M8022 34864/8 SystemMonitor.Service.Worker Worker running at: "2025-08-22T05:01:52.1751866+08:00"&#xD;
[xUnit.net 00:00:28.98]       2025-08-22 05:01:53.106 +08:00 [INF] DESKTOP-J6M8022 34864/8 SystemMonitor.Service.Services.RpcHostedService 客户端已连接&#xD;
[xUnit.net 00:00:28.98]       2025-08-22 05:01:53.106 +08:00 [INF] DESKTOP-J6M8022 34864/8 SystemMonitor.Service.Services.RpcHostedService 客户端会话建立: conn="cf08e297-f8bc-42e5-a912-8cdf3760d104"&#xD;
[xUnit.net 00:00:28.98]       2025-08-22 05:01:53.109 +08:00 [INF] DESKTOP-J6M8022 34864/14 SystemMonitor.Service.Services.RpcHostedService 客户端断开：已达到流的结尾。 conn="cf08e297-f8bc-42e5-a912-8cdf3760d104"&#xD;
[xUnit.net 00:00:28.98]       2025-08-22 05:01:53.183 +08:00 [INF] DESKTOP-J6M8022 34864/12 SystemMonitor.Service.Worker Worker running at: "2025-08-22T05:01:53.1832976+08:00"&#xD;
[xUnit.net 00:00:28.98]       2025-08-22 05:01:54.188 +08:00 [INF] DESKTOP-J6M8022 34864/12 SystemMonitor.Service.Worker Worker running at: "2025-08-22T05:01:54.1886519+08:00"&#xD;
[xUnit.net 00:00:28.98]       2025-08-22 05:01:55.189 +08:00 [INF] DESKTOP-J6M8022 34864/12 SystemMonitor.Service.Worker Worker running at: "2025-08-22T05:01:55.1890118+08:00"&#xD;
[xUnit.net 00:00:28.98]       2025-08-22 05:01:56.201 +08:00 [INF] DESKTOP-J6M8022 34864/14 SystemMonitor.Service.Worker Worker running at: "2025-08-22T05:01:56.2011712+08:00"&#xD;
[xUnit.net 00:00:28.98]       2025-08-22 05:01:57.203 +08:00 [INF] DESKTOP-J6M8022 34864/12 SystemMonitor.Service.Worker Worker running at: "2025-08-22T05:01:57.2030740+08:00"&#xD;
[xUnit.net 00:00:28.98]       2025-08-22 05:01:58.150 +08:00 [INF] DESKTOP-J6M8022 34864/11 SystemMonitor.Service.Services.RpcHostedService 客户端已连接&#xD;
[xUnit.net 00:00:28.98]       2025-08-22 05:01:58.150 +08:00 [INF] DESKTOP-J6M8022 34864/11 SystemMonitor.Service.Services.RpcHostedService 客户端会话建立: conn="12ea3cb9-6e37-4a78-8a02-17ba9963b724"&#xD;
[xUnit.net 00:00:28.98]       2025-08-22 05:01:58.164 +08:00 [INF] DESKTOP-J6M8022 34864/14 SystemMonitor.Service.Services.RpcHostedService 客户端断开：已达到流的结尾。 conn="12ea3cb9-6e37-4a78-8a02-17ba9963b724"&#xD;
[xUnit.net 00:00:28.98]       2025-08-22 05:01:58.220 +08:00 [INF] DESKTOP-J6M8022 34864/14 SystemMonitor.Service.Worker Worker running at: "2025-08-22T05:01:58.2204087+08:00"&#xD;
[xUnit.net 00:00:28.98]       2025-08-22 05:01:59.232 +08:00 [INF] DESKTOP-J6M8022 34864/11 SystemMonitor.Service.Worker Worker running at: "2025-08-22T05:01:59.2321592+08:00"&#xD;
[xUnit.net 00:00:28.98]       2025-08-22 05:02:00.236 +08:00 [INF] DESKTOP-J6M8022 34864/14 SystemMonitor.Service.Worker Worker running at: "2025-08-22T05:02:00.2367533+08:00"&#xD;
[xUnit.net 00:00:28.98]       2025-08-22 05:02:01.245 +08:00 [INF] DESKTOP-J6M8022 34864/11 SystemMonitor.Service.Worker Worker running at: "2025-08-22T05:02:01.2451701+08:00"&#xD;
[xUnit.net 00:00:28.98]       2025-08-22 05:02:02.255 +08:00 [INF] DESKTOP-J6M8022 34864/11 SystemMonitor.Service.Worker Worker running at: "2025-08-22T05:02:02.2559126+08:00"&#xD;
[xUnit.net 00:00:28.98]       Stack Trace:&#xD;
[xUnit.net 00:00:28.98]         C:\code\sys-sensor-v3\src\SystemMonitor.Tests\EndToEndTests.cs(151,0): at SystemMonitor.Tests.EndToEndTests.WaitPipeReadyAsync(TimeSpan timeout)&#xD;
[xUnit.net 00:00:28.98]         C:\code\sys-sensor-v3\src\SystemMonitor.Tests\EndToEndTests.cs(278,0): at SystemMonitor.Tests.EndToEndTests.InitializeAsync()&#xD;
[svc][out] 正在生成...&#xD;
[test][pipe-wait] last-win32=2 elapsed=0.0s&#xD;
[test][pipe-wait] last-win32=2 elapsed=0.2s&#xD;
[test][pipe-wait] last-win32=2 elapsed=0.4s&#xD;
[test][pipe-wait] last-win32=2 elapsed=0.6s&#xD;
[test][pipe-wait] last-win32=2 elapsed=0.8s&#xD;
[test][pipe-wait] last-win32=2 elapsed=1.0s&#xD;
[test][pipe-wait] last-win32=2 elapsed=1.3s&#xD;
[svc][out] C:\code\sys-sensor-v3\src\SystemMonitor.Service\Services\RpcHostedService.cs(201,31): error CS0103: 当前上下文中不存在名称“TryCreateCounter�?[C:\code\sys-sensor-v3\src\SystemMonitor.Service\SystemMonitor.Service.csproj]&#xD;
[svc][out] C:\code\sys-sensor-v3\src\SystemMonitor.Service\Services\RpcHostedService.cs(203,35): error CS0103: 当前上下文中不存在名称“TryCreateCounter�?[C:\code\sys-sensor-v3\src\SystemMonitor.Service\SystemMonitor.Service.csproj]&#xD;
[svc][out] C:\code\sys-sensor-v3\src\SystemMonitor.Service\Program.cs(76,13): warning CA1416: 可在所有平台上访问此调用站点�?RpcHostedService" 仅在 'windows' 上受支持�?(https://learn.microsoft.com/dotnet/fundamentals/code-analysis/quality-rules/ca1416) [C:\code\sys-sensor-v3\src\SystemMonitor.Service\SystemMonitor.Service.csproj]&#xD;
[svc][err] 生成失败。请修复生成错误并重新运行�?&#xD;
[xUnit.net 00:00:30.95]       System.InvalidOperationException : Service exited while waiting for pipe. Code=1. Tail:
[svc][out] 姝ｅ湪鐢熸垚...&#xD;
[xUnit.net 00:00:30.95]       [svc][out] C:\code\sys-sensor-v3\src\SystemMonitor.Service\Services\RpcHostedService.cs(201,31): error CS0103: 褰撳墠涓婁笅鏂囦腑涓嶅瓨鍦ㄥ悕绉扳€淭ryCreateCounter鈥?[C:\code\sys-sensor-v3\src\SystemMonitor.Service\SystemMonitor.Service.csproj]&#xD;
[xUnit.net 00:00:30.95]       [svc][out] C:\code\sys-sensor-v3\src\SystemMonitor.Service\Services\RpcHostedService.cs(203,35): error CS0103: 褰撳墠涓婁笅鏂囦腑涓嶅瓨鍦ㄥ悕绉扳€淭ryCreateCounter鈥?[C:\code\sys-sensor-v3\src\SystemMonitor.Service\SystemMonitor.Service.csproj]&#xD;
[xUnit.net 00:00:30.95]       [svc][out] C:\code\sys-sensor-v3\src\SystemMonitor.Service\Program.cs(76,13): warning CA1416: 鍙湪鎵€鏈夊钩鍙颁笂璁块棶姝よ皟鐢ㄧ珯鐐广€?RpcHostedService" 浠呭湪 'windows' 涓婂彈鏀寔銆?(https://learn.microsoft.com/dotnet/fundamentals/code-analysis/quality-rules/ca1416) [C:\code\sys-sensor-v3\src\SystemMonitor.Service\SystemMonitor.Service.csproj]&#xD;
[xUnit.net 00:00:30.95]       [svc][err] 鐢熸垚澶辫触銆傝淇鐢熸垚閿欒骞堕噸鏂拌繍琛屻€?
[file-log-tail]
2025-08-22 05:00:07.505 +08:00 [INF] DESKTOP-J6M8022 34864/11 SystemMonitor.Service.Worker Worker running at: "2025-08-22T05:00:07.5059406+08:00"&#xD;
[xUnit.net 00:00:30.95]       2025-08-22 05:00:08.115 +08:00 [INF] DESKTOP-J6M8022 34864/11 SystemMonitor.Service.Services.RpcHostedService 客户端已连接&#xD;
[xUnit.net 00:00:30.95]       2025-08-22 05:00:08.115 +08:00 [INF] DESKTOP-J6M8022 34864/11 SystemMonitor.Service.Services.RpcHostedService 客户端会话建立: conn="3ebaf5c9-7a90-4c1f-8d06-77e4b9511b6b"&#xD;
[xUnit.net 00:00:30.95]       2025-08-22 05:00:08.119 +08:00 [INF] DESKTOP-J6M8022 34864/11 SystemMonitor.Service.Services.RpcHostedService 客户端断开：已达到流的结尾。 conn="3ebaf5c9-7a90-4c1f-8d06-77e4b9511b6b"&#xD;
[xUnit.net 00:00:30.95]       2025-08-22 05:00:08.515 +08:00 [INF] DESKTOP-J6M8022 34864/11 SystemMonitor.Service.Worker Worker running at: "2025-08-22T05:00:08.5155952+08:00"&#xD;
[xUnit.net 00:00:30.95]       2025-08-22 05:00:09.524 +08:00 [INF] DESKTOP-J6M8022 34864/9 SystemMonitor.Service.Worker Worker running at: "2025-08-22T05:00:09.5241284+08:00"&#xD;
[xUnit.net 00:00:30.95]       2025-08-22 05:00:10.532 +08:00 [INF] DESKTOP-J6M8022 34864/8 SystemMonitor.Service.Worker Worker running at: "2025-08-22T05:00:10.5324730+08:00"&#xD;
[xUnit.net 00:00:30.95]       2025-08-22 05:00:11.535 +08:00 [INF] DESKTOP-J6M8022 34864/12 SystemMonitor.Service.Worker Worker running at: "2025-08-22T05:00:11.5357528+08:00"&#xD;
[xUnit.net 00:00:30.95]       2025-08-22 05:00:12.548 +08:00 [INF] DESKTOP-J6M8022 34864/8 SystemMonitor.Service.Worker Worker running at: "2025-08-22T05:00:12.5481912+08:00"&#xD;
[xUnit.net 00:00:30.95]       2025-08-22 05:00:13.107 +08:00 [INF] DESKTOP-J6M8022 34864/12 SystemMonitor.Service.Services.RpcHostedService 客户端已连接&#xD;
[xUnit.net 00:00:30.95]       2025-08-22 05:00:13.107 +08:00 [INF] DESKTOP-J6M8022 34864/12 SystemMonitor.Service.Services.RpcHostedService 客户端会话建立: conn="27a81c38-4647-493a-8fb8-8f2e144087dc"&#xD;
[xUnit.net 00:00:30.95]       2025-08-22 05:00:13.111 +08:00 [INF] DESKTOP-J6M8022 34864/11 SystemMonitor.Service.Services.RpcHostedService 客户端断开：已达到流的结尾。 conn="27a81c38-4647-493a-8fb8-8f2e144087dc"&#xD;
[xUnit.net 00:00:30.95]       2025-08-22 05:00:13.384 +08:00 [INF] DESKTOP-J6M8022 34864/8 SystemMonitor.Service.Services.RpcHostedService 客户端已连接&#xD;
[xUnit.net 00:00:30.95]       2025-08-22 05:00:13.384 +08:00 [INF] DESKTOP-J6M8022 34864/8 SystemMonitor.Service.Services.RpcHostedService 客户端会话建立: conn="25e61bd6-9b34-4b1b-8730-8dd26623668c"&#xD;
[xUnit.net 00:00:30.95]       2025-08-22 05:00:13.405 +08:00 [INF] DESKTOP-J6M8022 34864/8 SystemMonitor.Service.Services.RpcHostedService snapshot called, modules=*&#xD;
[xUnit.net 00:00:30.95]       2025-08-22 05:00:13.408 +08:00 [INF] DESKTOP-J6M8022 34864/9 SystemMonitor.Service.Services.RpcHostedService 客户端断开：已达到流的结尾。 conn="25e61bd6-9b34-4b1b-8730-8dd26623668c"&#xD;
[xUnit.net 00:00:30.95]       2025-08-22 05:00:13.551 +08:00 [INF] DESKTOP-J6M8022 34864/12 SystemMonitor.Service.Worker Worker running at: "2025-08-22T05:00:13.5519178+08:00"&#xD;
[xUnit.net 00:00:30.95]       2025-08-22 05:00:14.561 +08:00 [INF] DESKTOP-J6M8022 34864/8 SystemMonitor.Service.Worker Worker running at: "2025-08-22T05:00:14.5613344+08:00"&#xD;
[xUnit.net 00:00:30.95]       2025-08-22 05:00:15.574 +08:00 [INF] DESKTOP-J6M8022 34864/8 SystemMonitor.Service.Worker Worker running at: "2025-08-22T05:00:15.5741996+08:00"&#xD;
[xUnit.net 00:00:30.95]       2025-08-22 05:00:16.580 +08:00 [INF] DESKTOP-J6M8022 34864/12 SystemMonitor.Service.Worker Worker running at: "2025-08-22T05:00:16.5802431+08:00"&#xD;
[xUnit.net 00:00:30.95]       2025-08-22 05:00:17.583 +08:00 [INF] DESKTOP-J6M8022 34864/12 SystemMonitor.Service.Worker Worker running at: "2025-08-22T05:00:17.5832737+08:00"&#xD;
[xUnit.net 00:00:30.95]       2025-08-22 05:00:18.114 +08:00 [INF] DESKTOP-J6M8022 34864/11 SystemMonitor.Service.Services.RpcHostedService 客户端已连接&#xD;
[xUnit.net 00:00:30.95]       2025-08-22 05:00:18.114 +08:00 [INF] DESKTOP-J6M8022 34864/11 SystemMonitor.Service.Services.RpcHostedService 客户端会话建立: conn="8619790b-69c5-445b-ab8d-8526df618427"&#xD;
[xUnit.net 00:00:30.95]       2025-08-22 05:00:18.116 +08:00 [INF] DESKTOP-J6M8022 34864/12 SystemMonitor.Service.Services.RpcHostedService 客户端断开：已达到流的结尾。 conn="8619790b-69c5-445b-ab8d-8526df618427"&#xD;
[xUnit.net 00:00:30.95]       2025-08-22 05:00:18.595 +08:00 [INF] DESKTOP-J6M8022 34864/11 SystemMonitor.Service.Worker Worker running at: "2025-08-22T05:00:18.5953464+08:00"&#xD;
[xUnit.net 00:00:30.95]       2025-08-22 05:00:19.605 +08:00 [INF] DESKTOP-J6M8022 34864/11 SystemMonitor.Service.Worker Worker running at: "2025-08-22T05:00:19.6052530+08:00"&#xD;
[xUnit.net 00:00:30.95]       2025-08-22 05:00:20.613 +08:00 [INF] DESKTOP-J6M8022 34864/13 SystemMonitor.Service.Worker Worker running at: "2025-08-22T05:00:20.6131263+08:00"&#xD;
[xUnit.net 00:00:30.95]       2025-08-22 05:00:21.613 +08:00 [INF] DESKTOP-J6M8022 34864/11 SystemMonitor.Service.Worker Worker running at: "2025-08-22T05:00:21.6130098+08:00"&#xD;
[xUnit.net 00:00:30.95]       2025-08-22 05:00:22.624 +08:00 [INF] DESKTOP-J6M8022 34864/13 SystemMonitor.Service.Worker Worker running at: "2025-08-22T05:00:22.6244940+08:00"&#xD;
[xUnit.net 00:00:30.95]       2025-08-22 05:00:23.105 +08:00 [INF] DESKTOP-J6M8022 34864/13 SystemMonitor.Service.Services.RpcHostedService 客户端已连接&#xD;
[xUnit.net 00:00:30.95]       2025-08-22 05:00:23.105 +08:00 [INF] DESKTOP-J6M8022 34864/13 SystemMonitor.Service.Services.RpcHostedService 客户端会话建立: conn="849f5c90-811a-4eb3-97ea-73e1b9d03257"&#xD;
[xUnit.net 00:00:30.95]       2025-08-22 05:00:23.108 +08:00 [INF] DESKTOP-J6M8022 34864/8 SystemMonitor.Service.Services.RpcHostedService 客户端断开：已达到流的结尾。 conn="849f5c90-811a-4eb3-97ea-73e1b9d03257"&#xD;
[xUnit.net 00:00:30.95]       2025-08-22 05:00:23.627 +08:00 [INF] DESKTOP-J6M8022 34864/13 SystemMonitor.Service.Worker Worker running at: "2025-08-22T05:00:23.6275367+08:00"&#xD;
[xUnit.net 00:00:30.95]       2025-08-22 05:00:24.631 +08:00 [INF] DESKTOP-J6M8022 34864/8 SystemMonitor.Service.Worker Worker running at: "2025-08-22T05:00:24.6319373+08:00"&#xD;
[xUnit.net 00:00:30.95]       2025-08-22 05:00:25.643 +08:00 [INF] DESKTOP-J6M8022 34864/13 SystemMonitor.Service.Worker Worker running at: "2025-08-22T05:00:25.6437810+08:00"&#xD;
[xUnit.net 00:00:30.95]       2025-08-22 05:00:26.649 +08:00 [INF] DESKTOP-J6M8022 34864/10 SystemMonitor.Service.Worker Worker running at: "2025-08-22T05:00:26.6498268+08:00"&#xD;
[xUnit.net 00:00:30.95]       2025-08-22 05:00:27.653 +08:00 [INF] DESKTOP-J6M8022 34864/13 SystemMonitor.Service.Worker Worker running at: "2025-08-22T05:00:27.6536723+08:00"&#xD;
[xUnit.net 00:00:30.95]       2025-08-22 05:00:28.104 +08:00 [INF] DESKTOP-J6M8022 34864/13 SystemMonitor.Service.Services.RpcHostedService 客户端已连接&#xD;
[xUnit.net 00:00:30.95]       2025-08-22 05:00:28.104 +08:00 [INF] DESKTOP-J6M8022 34864/13 SystemMonitor.Service.Services.RpcHostedService 客户端会话建立: conn="58087a9a-4fe9-4ab7-893a-962c7c34de4d"&#xD;
[xUnit.net 00:00:30.95]       2025-08-22 05:00:28.108 +08:00 [INF] DESKTOP-J6M8022 34864/10 SystemMonitor.Service.Services.RpcHostedService 客户端断开：已达到流的结尾。 conn="58087a9a-4fe9-4ab7-893a-962c7c34de4d"&#xD;
[xUnit.net 00:00:30.95]       2025-08-22 05:00:28.658 +08:00 [INF] DESKTOP-J6M8022 34864/10 SystemMonitor.Service.Worker Worker running at: "2025-08-22T05:00:28.6580477+08:00"&#xD;
[xUnit.net 00:00:30.95]       2025-08-22 05:00:29.667 +08:00 [INF] DESKTOP-J6M8022 34864/10 SystemMonitor.Service.Worker Worker running at: "2025-08-22T05:00:29.6670246+08:00"&#xD;
[xUnit.net 00:00:30.95]       2025-08-22 05:00:30.671 +08:00 [INF] DESKTOP-J6M8022 34864/11 SystemMonitor.Service.Worker Worker running at: "2025-08-22T05:00:30.6718324+08:00"&#xD;
[xUnit.net 00:00:30.95]       2025-08-22 05:00:31.677 +08:00 [INF] DESKTOP-J6M8022 34864/11 SystemMonitor.Service.Worker Worker running at: "2025-08-22T05:00:31.6773257+08:00"&#xD;
[xUnit.net 00:00:30.95]       2025-08-22 05:00:32.687 +08:00 [INF] DESKTOP-J6M8022 34864/8 SystemMonitor.Service.Worker Worker running at: "2025-08-22T05:00:32.6879602+08:00"&#xD;
[xUnit.net 00:00:30.95]       2025-08-22 05:00:33.104 +08:00 [INF] DESKTOP-J6M8022 34864/11 SystemMonitor.Service.Services.RpcHostedService 客户端已连接&#xD;
[xUnit.net 00:00:30.95]       2025-08-22 05:00:33.104 +08:00 [INF] DESKTOP-J6M8022 34864/11 SystemMonitor.Service.Services.RpcHostedService 客户端会话建立: conn="f2efc72f-7360-4d95-8499-7acad765c432"&#xD;
[xUnit.net 00:00:30.95]       2025-08-22 05:00:33.107 +08:00 [INF] DESKTOP-J6M8022 34864/11 SystemMonitor.Service.Services.RpcHostedService 客户端断开：已达到流的结尾。 conn="f2efc72f-7360-4d95-8499-7acad765c432"&#xD;
[xUnit.net 00:00:30.95]       2025-08-22 05:00:33.703 +08:00 [INF] DESKTOP-J6M8022 34864/8 SystemMonitor.Service.Worker Worker running at: "2025-08-22T05:00:33.7031716+08:00"&#xD;
[xUnit.net 00:00:30.95]       2025-08-22 05:00:34.705 +08:00 [INF] DESKTOP-J6M8022 34864/13 SystemMonitor.Service.Worker Worker running at: "2025-08-22T05:00:34.7053006+08:00"&#xD;
[xUnit.net 00:00:30.95]       2025-08-22 05:00:35.716 +08:00 [INF] DESKTOP-J6M8022 34864/11 SystemMonitor.Service.Worker Worker running at: "2025-08-22T05:00:35.7161477+08:00"&#xD;
[xUnit.net 00:00:30.95]       2025-08-22 05:00:36.721 +08:00 [INF] DESKTOP-J6M8022 34864/12 SystemMonitor.Service.Worker Worker running at: "2025-08-22T05:00:36.7213935+08:00"&#xD;
[xUnit.net 00:00:30.95]       2025-08-22 05:00:37.725 +08:00 [INF] DESKTOP-J6M8022 34864/12 SystemMonitor.Service.Worker Worker running at: "2025-08-22T05:00:37.7251514+08:00"&#xD;
[xUnit.net 00:00:30.95]       2025-08-22 05:00:38.118 +08:00 [INF] DESKTOP-J6M8022 34864/13 SystemMonitor.Service.Services.RpcHostedService 客户端已连接&#xD;
[xUnit.net 00:00:30.95]       2025-08-22 05:00:38.118 +08:00 [INF] DESKTOP-J6M8022 34864/13 SystemMonitor.Service.Services.RpcHostedService 客户端会话建立: conn="b439ecab-ffb2-4843-8f54-1844ad704c06"&#xD;
[xUnit.net 00:00:30.95]       2025-08-22 05:00:38.121 +08:00 [INF] DESKTOP-J6M8022 34864/13 SystemMonitor.Service.Services.RpcHostedService 客户端断开：已达到流的结尾。 conn="b439ecab-ffb2-4843-8f54-1844ad704c06"&#xD;
[xUnit.net 00:00:30.95]       2025-08-22 05:00:38.725 +08:00 [INF] DESKTOP-J6M8022 34864/8 SystemMonitor.Service.Worker Worker running at: "2025-08-22T05:00:38.7259519+08:00"&#xD;
[xUnit.net 00:00:30.95]       2025-08-22 05:00:39.740 +08:00 [INF] DESKTOP-J6M8022 34864/11 SystemMonitor.Service.Worker Worker running at: "2025-08-22T05:00:39.7403082+08:00"&#xD;
[xUnit.net 00:00:30.95]       2025-08-22 05:00:40.742 +08:00 [INF] DESKTOP-J6M8022 34864/11 SystemMonitor.Service.Worker Worker running at: "2025-08-22T05:00:40.7425737+08:00"&#xD;
[xUnit.net 00:00:30.95]       2025-08-22 05:00:41.745 +08:00 [INF] DESKTOP-J6M8022 34864/13 SystemMonitor.Service.Worker Worker running at: "2025-08-22T05:00:41.7451229+08:00"&#xD;
[xUnit.net 00:00:30.95]       2025-08-22 05:00:42.751 +08:00 [INF] DESKTOP-J6M8022 34864/11 SystemMonitor.Service.Worker Worker running at: "2025-08-22T05:00:42.7515665+08:00"&#xD;
[xUnit.net 00:00:30.95]       2025-08-22 05:00:43.110 +08:00 [INF] DESKTOP-J6M8022 34864/14 SystemMonitor.Service.Services.RpcHostedService 客户端已连接&#xD;
[xUnit.net 00:00:30.95]       2025-08-22 05:00:43.110 +08:00 [INF] DESKTOP-J6M8022 34864/14 SystemMonitor.Service.Services.RpcHostedService 客户端会话建立: conn="ec82b613-da05-4264-84fe-3fb03c945d2f"&#xD;
[xUnit.net 00:00:30.95]       2025-08-22 05:00:43.120 +08:00 [INF] DESKTOP-J6M8022 34864/9 SystemMonitor.Service.Services.RpcHostedService 客户端断开：已达到流的结尾。 conn="ec82b613-da05-4264-84fe-3fb03c945d2f"&#xD;
[xUnit.net 00:00:30.95]       2025-08-22 05:00:43.389 +08:00 [INF] DESKTOP-J6M8022 34864/13 SystemMonitor.Service.Services.RpcHostedService 客户端已连接&#xD;
[xUnit.net 00:00:30.95]       2025-08-22 05:00:43.389 +08:00 [INF] DESKTOP-J6M8022 34864/13 SystemMonitor.Service.Services.RpcHostedService 客户端会话建立: conn="2f7dc9d3-2402-4294-ba61-bc663df8cf82"&#xD;
[xUnit.net 00:00:30.95]       2025-08-22 05:00:43.398 +08:00 [INF] DESKTOP-J6M8022 34864/13 SystemMonitor.Service.Services.RpcHostedService snapshot called, modules=*&#xD;
[xUnit.net 00:00:30.95]       2025-08-22 05:00:43.407 +08:00 [INF] DESKTOP-J6M8022 34864/13 SystemMonitor.Service.Services.RpcHostedService 客户端断开：已达到流的结尾。 conn="2f7dc9d3-2402-4294-ba61-bc663df8cf82"&#xD;
[xUnit.net 00:00:30.95]       2025-08-22 05:00:43.756 +08:00 [INF] DESKTOP-J6M8022 34864/13 SystemMonitor.Service.Worker Worker running at: "2025-08-22T05:00:43.7565234+08:00"&#xD;
[xUnit.net 00:00:30.95]       2025-08-22 05:00:44.757 +08:00 [INF] DESKTOP-J6M8022 34864/11 SystemMonitor.Service.Worker Worker running at: "2025-08-22T05:00:44.7577675+08:00"&#xD;
[xUnit.net 00:00:30.95]       2025-08-22 05:00:45.762 +08:00 [INF] DESKTOP-J6M8022 34864/11 SystemMonitor.Service.Worker Worker running at: "2025-08-22T05:00:45.7627674+08:00"&#xD;
[xUnit.net 00:00:30.95]       2025-08-22 05:00:46.772 +08:00 [INF] DESKTOP-J6M8022 34864/11 SystemMonitor.Service.Worker Worker running at: "2025-08-22T05:00:46.7724296+08:00"&#xD;
[xUnit.net 00:00:30.95]       2025-08-22 05:00:47.772 +08:00 [INF] DESKTOP-J6M8022 34864/11 SystemMonitor.Service.Worker Worker running at: "2025-08-22T05:00:47.7724414+08:00"&#xD;
[xUnit.net 00:00:30.95]       2025-08-22 05:00:48.113 +08:00 [INF] DESKTOP-J6M8022 34864/11 SystemMonitor.Service.Services.RpcHostedService 客户端已连接&#xD;
[xUnit.net 00:00:30.95]       2025-08-22 05:00:48.113 +08:00 [INF] DESKTOP-J6M8022 34864/11 SystemMonitor.Service.Services.RpcHostedService 客户端会话建立: conn="0b57ec2b-be63-49bb-9b61-b642d4a6bad8"&#xD;
[xUnit.net 00:00:30.95]       2025-08-22 05:00:48.118 +08:00 [INF] DESKTOP-J6M8022 34864/11 SystemMonitor.Service.Services.RpcHostedService 客户端断开：已达到流的结尾。 conn="0b57ec2b-be63-49bb-9b61-b642d4a6bad8"&#xD;
[xUnit.net 00:00:30.95]       2025-08-22 05:00:48.786 +08:00 [INF] DESKTOP-J6M8022 34864/14 SystemMonitor.Service.Worker Worker running at: "2025-08-22T05:00:48.7861767+08:00"&#xD;
[xUnit.net 00:00:30.95]       2025-08-22 05:00:49.797 +08:00 [INF] DESKTOP-J6M8022 34864/14 SystemMonitor.Service.Worker Worker running at: "2025-08-22T05:00:49.7971060+08:00"&#xD;
[xUnit.net 00:00:30.95]       2025-08-22 05:00:50.810 +08:00 [INF] DESKTOP-J6M8022 34864/14 SystemMonitor.Service.Worker Worker running at: "2025-08-22T05:00:50.8103703+08:00"&#xD;
[xUnit.net 00:00:30.95]       2025-08-22 05:00:51.819 +08:00 [INF] DESKTOP-J6M8022 34864/14 SystemMonitor.Service.Worker Worker running at: "2025-08-22T05:00:51.8191149+08:00"&#xD;
[xUnit.net 00:00:30.95]       2025-08-22 05:00:52.832 +08:00 [INF] DESKTOP-J6M8022 34864/14 SystemMonitor.Service.Worker Worker running at: "2025-08-22T05:00:52.8322629+08:00"&#xD;
[xUnit.net 00:00:30.95]       2025-08-22 05:00:53.102 +08:00 [INF] DESKTOP-J6M8022 34864/14 SystemMonitor.Service.Services.RpcHostedService 客户端已连接&#xD;
[xUnit.net 00:00:30.95]       2025-08-22 05:00:53.102 +08:00 [INF] DESKTOP-J6M8022 34864/14 SystemMonitor.Service.Services.RpcHostedService 客户端会话建立: conn="a1d8b427-d708-44e2-9952-15a5a936e6af"&#xD;
[xUnit.net 00:00:30.95]       2025-08-22 05:00:53.105 +08:00 [INF] DESKTOP-J6M8022 34864/13 SystemMonitor.Service.Services.RpcHostedService 客户端断开：已达到流的结尾。 conn="a1d8b427-d708-44e2-9952-15a5a936e6af"&#xD;
[xUnit.net 00:00:30.95]       2025-08-22 05:00:53.839 +08:00 [INF] DESKTOP-J6M8022 34864/9 SystemMonitor.Service.Worker Worker running at: "2025-08-22T05:00:53.8390210+08:00"&#xD;
[xUnit.net 00:00:30.95]       2025-08-22 05:00:54.844 +08:00 [INF] DESKTOP-J6M8022 34864/9 SystemMonitor.Service.Worker Worker running at: "2025-08-22T05:00:54.8440332+08:00"&#xD;
[xUnit.net 00:00:30.95]       2025-08-22 05:00:55.849 +08:00 [INF] DESKTOP-J6M8022 34864/14 SystemMonitor.Service.Worker Worker running at: "2025-08-22T05:00:55.8498931+08:00"&#xD;
[xUnit.net 00:00:30.95]       2025-08-22 05:00:56.855 +08:00 [INF] DESKTOP-J6M8022 34864/12 SystemMonitor.Service.Worker Worker running at: "2025-08-22T05:00:56.8554623+08:00"&#xD;
[xUnit.net 00:00:30.95]       2025-08-22 05:00:57.861 +08:00 [INF] DESKTOP-J6M8022 34864/12 SystemMonitor.Service.Worker Worker running at: "2025-08-22T05:00:57.8610329+08:00"&#xD;
[xUnit.net 00:00:30.95]       2025-08-22 05:00:58.111 +08:00 [INF] DESKTOP-J6M8022 34864/8 SystemMonitor.Service.Services.RpcHostedService 客户端已连接&#xD;
[xUnit.net 00:00:30.95]       2025-08-22 05:00:58.111 +08:00 [INF] DESKTOP-J6M8022 34864/8 SystemMonitor.Service.Services.RpcHostedService 客户端会话建立: conn="667ed3f1-bd30-41e0-92ff-80608571c1ce"&#xD;
[xUnit.net 00:00:30.95]       2025-08-22 05:00:58.116 +08:00 [INF] DESKTOP-J6M8022 34864/12 SystemMonitor.Service.Services.RpcHostedService 客户端断开：已达到流的结尾。 conn="667ed3f1-bd30-41e0-92ff-80608571c1ce"&#xD;
[xUnit.net 00:00:30.95]       2025-08-22 05:00:58.863 +08:00 [INF] DESKTOP-J6M8022 34864/8 SystemMonitor.Service.Worker Worker running at: "2025-08-22T05:00:58.8635685+08:00"&#xD;
[xUnit.net 00:00:30.95]       2025-08-22 05:00:59.864 +08:00 [INF] DESKTOP-J6M8022 34864/13 SystemMonitor.Service.Worker Worker running at: "2025-08-22T05:00:59.8639948+08:00"&#xD;
[xUnit.net 00:00:30.95]       2025-08-22 05:01:00.871 +08:00 [INF] DESKTOP-J6M8022 34864/8 SystemMonitor.Service.Worker Worker running at: "2025-08-22T05:01:00.8711317+08:00"&#xD;
[xUnit.net 00:00:30.95]       2025-08-22 05:01:01.872 +08:00 [INF] DESKTOP-J6M8022 34864/8 SystemMonitor.Service.Worker Worker running at: "2025-08-22T05:01:01.8723849+08:00"&#xD;
[xUnit.net 00:00:30.95]       2025-08-22 05:01:02.874 +08:00 [INF] DESKTOP-J6M8022 34864/13 SystemMonitor.Service.Worker Worker running at: "2025-08-22T05:01:02.8742125+08:00"&#xD;
[xUnit.net 00:00:30.95]       2025-08-22 05:01:03.109 +08:00 [INF] DESKTOP-J6M8022 34864/13 SystemMonitor.Service.Services.RpcHostedService 客户端已连接&#xD;
[xUnit.net 00:00:30.95]       2025-08-22 05:01:03.109 +08:00 [INF] DESKTOP-J6M8022 34864/13 SystemMonitor.Service.Services.RpcHostedService 客户端会话建立: conn="6f7008b5-fb8e-492a-bb7e-9769bc95aca3"&#xD;
[xUnit.net 00:00:30.95]       2025-08-22 05:01:03.113 +08:00 [INF] DESKTOP-J6M8022 34864/13 SystemMonitor.Service.Services.RpcHostedService 客户端断开：已达到流的结尾。 conn="6f7008b5-fb8e-492a-bb7e-9769bc95aca3"&#xD;
[xUnit.net 00:00:30.95]       2025-08-22 05:01:03.878 +08:00 [INF] DESKTOP-J6M8022 34864/9 SystemMonitor.Service.Worker Worker running at: "2025-08-22T05:01:03.8780156+08:00"&#xD;
[xUnit.net 00:00:30.95]       2025-08-22 05:01:04.882 +08:00 [INF] DESKTOP-J6M8022 34864/9 SystemMonitor.Service.Worker Worker running at: "2025-08-22T05:01:04.8824276+08:00"&#xD;
[xUnit.net 00:00:30.95]       2025-08-22 05:01:05.888 +08:00 [INF] DESKTOP-J6M8022 34864/9 SystemMonitor.Service.Worker Worker running at: "2025-08-22T05:01:05.8884444+08:00"&#xD;
[xUnit.net 00:00:30.95]       2025-08-22 05:01:06.898 +08:00 [INF] DESKTOP-J6M8022 34864/13 SystemMonitor.Service.Worker Worker running at: "2025-08-22T05:01:06.8980438+08:00"&#xD;
[xUnit.net 00:00:30.95]       2025-08-22 05:01:07.902 +08:00 [INF] DESKTOP-J6M8022 34864/12 SystemMonitor.Service.Worker Worker running at: "2025-08-22T05:01:07.9022915+08:00"&#xD;
[xUnit.net 00:00:30.95]       2025-08-22 05:01:08.106 +08:00 [INF] DESKTOP-J6M8022 34864/12 SystemMonitor.Service.Services.RpcHostedService 客户端已连接&#xD;
[xUnit.net 00:00:30.95]       2025-08-22 05:01:08.106 +08:00 [INF] DESKTOP-J6M8022 34864/12 SystemMonitor.Service.Services.RpcHostedService 客户端会话建立: conn="57e57623-52be-4bde-b1c7-694c9251d418"&#xD;
[xUnit.net 00:00:30.95]       2025-08-22 05:01:08.111 +08:00 [INF] DESKTOP-J6M8022 34864/14 SystemMonitor.Service.Services.RpcHostedService 客户端断开：已达到流的结尾。 conn="57e57623-52be-4bde-b1c7-694c9251d418"&#xD;
[xUnit.net 00:00:30.95]       2025-08-22 05:01:08.904 +08:00 [INF] DESKTOP-J6M8022 34864/13 SystemMonitor.Service.Worker Worker running at: "2025-08-22T05:01:08.9045942+08:00"&#xD;
[xUnit.net 00:00:30.95]       2025-08-22 05:01:09.905 +08:00 [INF] DESKTOP-J6M8022 34864/12 SystemMonitor.Service.Worker Worker running at: "2025-08-22T05:01:09.9059497+08:00"&#xD;
[xUnit.net 00:00:30.95]       2025-08-22 05:01:10.910 +08:00 [INF] DESKTOP-J6M8022 34864/8 SystemMonitor.Service.Worker Worker running at: "2025-08-22T05:01:10.9104565+08:00"&#xD;
[xUnit.net 00:00:30.95]       2025-08-22 05:01:11.913 +08:00 [INF] DESKTOP-J6M8022 34864/12 SystemMonitor.Service.Worker Worker running at: "2025-08-22T05:01:11.9132884+08:00"&#xD;
[xUnit.net 00:00:30.95]       2025-08-22 05:01:12.917 +08:00 [INF] DESKTOP-J6M8022 34864/8 SystemMonitor.Service.Worker Worker running at: "2025-08-22T05:01:12.9173706+08:00"&#xD;
[xUnit.net 00:00:30.95]       2025-08-22 05:01:13.103 +08:00 [INF] DESKTOP-J6M8022 34864/8 SystemMonitor.Service.Services.RpcHostedService 客户端已连接&#xD;
[xUnit.net 00:00:30.95]       2025-08-22 05:01:13.103 +08:00 [INF] DESKTOP-J6M8022 34864/8 SystemMonitor.Service.Services.RpcHostedService 客户端会话建立: conn="8c8ff938-4ec2-4b63-94b8-07d74318db55"&#xD;
[xUnit.net 00:00:30.95]       2025-08-22 05:01:13.107 +08:00 [INF] DESKTOP-J6M8022 34864/12 SystemMonitor.Service.Services.RpcHostedService 客户端断开：已达到流的结尾。 conn="8c8ff938-4ec2-4b63-94b8-07d74318db55"&#xD;
[xUnit.net 00:00:30.95]       2025-08-22 05:01:13.395 +08:00 [INF] DESKTOP-J6M8022 34864/8 SystemMonitor.Service.Services.RpcHostedService 客户端已连接&#xD;
[xUnit.net 00:00:30.95]       2025-08-22 05:01:13.395 +08:00 [INF] DESKTOP-J6M8022 34864/8 SystemMonitor.Service.Services.RpcHostedService 客户端会话建立: conn="0d0e45ce-49cf-483b-8035-5df65c66b336"&#xD;
[xUnit.net 00:00:30.95]       2025-08-22 05:01:13.409 +08:00 [INF] DESKTOP-J6M8022 34864/8 SystemMonitor.Service.Services.RpcHostedService snapshot called, modules=*&#xD;
[xUnit.net 00:00:30.95]       2025-08-22 05:01:13.415 +08:00 [INF] DESKTOP-J6M8022 34864/12 SystemMonitor.Service.Services.RpcHostedService 客户端断开：已达到流的结尾。 conn="0d0e45ce-49cf-483b-8035-5df65c66b336"&#xD;
[xUnit.net 00:00:30.95]       2025-08-22 05:01:13.923 +08:00 [INF] DESKTOP-J6M8022 34864/14 SystemMonitor.Service.Worker Worker running at: "2025-08-22T05:01:13.9232807+08:00"&#xD;
[xUnit.net 00:00:30.95]       2025-08-22 05:01:14.929 +08:00 [INF] DESKTOP-J6M8022 34864/12 SystemMonitor.Service.Worker Worker running at: "2025-08-22T05:01:14.9292827+08:00"&#xD;
[xUnit.net 00:00:30.95]       2025-08-22 05:01:15.932 +08:00 [INF] DESKTOP-J6M8022 34864/8 SystemMonitor.Service.Worker Worker running at: "2025-08-22T05:01:15.9326500+08:00"&#xD;
[xUnit.net 00:00:30.95]       2025-08-22 05:01:16.939 +08:00 [INF] DESKTOP-J6M8022 34864/14 SystemMonitor.Service.Worker Worker running at: "2025-08-22T05:01:16.9393680+08:00"&#xD;
[xUnit.net 00:00:30.95]       2025-08-22 05:01:17.943 +08:00 [INF] DESKTOP-J6M8022 34864/8 SystemMonitor.Service.Worker Worker running at: "2025-08-22T05:01:17.9432416+08:00"&#xD;
[xUnit.net 00:00:30.95]       2025-08-22 05:01:18.116 +08:00 [INF] DESKTOP-J6M8022 34864/8 SystemMonitor.Service.Services.RpcHostedService 客户端已连接&#xD;
[xUnit.net 00:00:30.95]       2025-08-22 05:01:18.116 +08:00 [INF] DESKTOP-J6M8022 34864/8 SystemMonitor.Service.Services.RpcHostedService 客户端会话建立: conn="4caa660b-18e4-4979-bebe-31bdd3b07642"&#xD;
[xUnit.net 00:00:30.95]       2025-08-22 05:01:18.119 +08:00 [INF] DESKTOP-J6M8022 34864/12 SystemMonitor.Service.Services.RpcHostedService 客户端断开：已达到流的结尾。 conn="4caa660b-18e4-4979-bebe-31bdd3b07642"&#xD;
[xUnit.net 00:00:30.95]       2025-08-22 05:01:18.947 +08:00 [INF] DESKTOP-J6M8022 34864/8 SystemMonitor.Service.Worker Worker running at: "2025-08-22T05:01:18.9470563+08:00"&#xD;
[xUnit.net 00:00:30.95]       2025-08-22 05:01:19.950 +08:00 [INF] DESKTOP-J6M8022 34864/8 SystemMonitor.Service.Worker Worker running at: "2025-08-22T05:01:19.9501774+08:00"&#xD;
[xUnit.net 00:00:30.95]       2025-08-22 05:01:20.958 +08:00 [INF] DESKTOP-J6M8022 34864/8 SystemMonitor.Service.Worker Worker running at: "2025-08-22T05:01:20.9579718+08:00"&#xD;
[xUnit.net 00:00:30.95]       2025-08-22 05:01:21.959 +08:00 [INF] DESKTOP-J6M8022 34864/14 SystemMonitor.Service.Worker Worker running at: "2025-08-22T05:01:21.9594726+08:00"&#xD;
[xUnit.net 00:00:30.95]       2025-08-22 05:01:22.963 +08:00 [INF] DESKTOP-J6M8022 34864/8 SystemMonitor.Service.Worker Worker running at: "2025-08-22T05:01:22.9634519+08:00"&#xD;
[xUnit.net 00:00:30.95]       2025-08-22 05:01:23.105 +08:00 [INF] DESKTOP-J6M8022 34864/8 SystemMonitor.Service.Services.RpcHostedService 客户端已连接&#xD;
[xUnit.net 00:00:30.95]       2025-08-22 05:01:23.105 +08:00 [INF] DESKTOP-J6M8022 34864/8 SystemMonitor.Service.Services.RpcHostedService 客户端会话建立: conn="8639769c-80fa-407f-b9a9-4050afd76198"&#xD;
[xUnit.net 00:00:30.95]       2025-08-22 05:01:23.107 +08:00 [INF] DESKTOP-J6M8022 34864/14 SystemMonitor.Service.Services.RpcHostedService 客户端断开：已达到流的结尾。 conn="8639769c-80fa-407f-b9a9-4050afd76198"&#xD;
[xUnit.net 00:00:30.95]       2025-08-22 05:01:23.971 +08:00 [INF] DESKTOP-J6M8022 34864/11 SystemMonitor.Service.Worker Worker running at: "2025-08-22T05:01:23.9715344+08:00"&#xD;
[xUnit.net 00:00:30.95]       2025-08-22 05:01:24.982 +08:00 [INF] DESKTOP-J6M8022 34864/11 SystemMonitor.Service.Worker Worker running at: "2025-08-22T05:01:24.9819615+08:00"&#xD;
[xUnit.net 00:00:30.95]       2025-08-22 05:01:25.994 +08:00 [INF] DESKTOP-J6M8022 34864/11 SystemMonitor.Service.Worker Worker running at: "2025-08-22T05:01:25.9941989+08:00"&#xD;
[xUnit.net 00:00:30.95]       2025-08-22 05:01:26.999 +08:00 [INF] DESKTOP-J6M8022 34864/8 SystemMonitor.Service.Worker Worker running at: "2025-08-22T05:01:26.9999359+08:00"&#xD;
[xUnit.net 00:00:30.95]       2025-08-22 05:01:28.013 +08:00 [INF] DESKTOP-J6M8022 34864/11 SystemMonitor.Service.Worker Worker running at: "2025-08-22T05:01:28.0133025+08:00"&#xD;
[xUnit.net 00:00:30.95]       2025-08-22 05:01:28.109 +08:00 [INF] DESKTOP-J6M8022 34864/11 SystemMonitor.Service.Services.RpcHostedService 客户端已连接&#xD;
[xUnit.net 00:00:30.95]       2025-08-22 05:01:28.109 +08:00 [INF] DESKTOP-J6M8022 34864/11 SystemMonitor.Service.Services.RpcHostedService 客户端会话建立: conn="fda2e581-c0a4-4aa4-a5e0-11787ca179bd"&#xD;
[xUnit.net 00:00:30.95]       2025-08-22 05:01:28.112 +08:00 [INF] DESKTOP-J6M8022 34864/11 SystemMonitor.Service.Services.RpcHostedService 客户端断开：已达到流的结尾。 conn="fda2e581-c0a4-4aa4-a5e0-11787ca179bd"&#xD;
[xUnit.net 00:00:30.95]       2025-08-22 05:01:29.018 +08:00 [INF] DESKTOP-J6M8022 34864/11 SystemMonitor.Service.Worker Worker running at: "2025-08-22T05:01:29.0183364+08:00"&#xD;
[xUnit.net 00:00:30.95]       2025-08-22 05:01:30.019 +08:00 [INF] DESKTOP-J6M8022 34864/8 SystemMonitor.Service.Worker Worker running at: "2025-08-22T05:01:30.0195935+08:00"&#xD;
[xUnit.net 00:00:30.95]       2025-08-22 05:01:31.026 +08:00 [INF] DESKTOP-J6M8022 34864/8 SystemMonitor.Service.Worker Worker running at: "2025-08-22T05:01:31.0262398+08:00"&#xD;
[xUnit.net 00:00:30.95]       2025-08-22 05:01:32.031 +08:00 [INF] DESKTOP-J6M8022 34864/12 SystemMonitor.Service.Worker Worker running at: "2025-08-22T05:01:32.0310132+08:00"&#xD;
[xUnit.net 00:00:30.95]       2025-08-22 05:01:33.035 +08:00 [INF] DESKTOP-J6M8022 34864/12 SystemMonitor.Service.Worker Worker running at: "2025-08-22T05:01:33.0357910+08:00"&#xD;
[xUnit.net 00:00:30.95]       2025-08-22 05:01:33.116 +08:00 [INF] DESKTOP-J6M8022 34864/12 SystemMonitor.Service.Services.RpcHostedService 客户端已连接&#xD;
[xUnit.net 00:00:30.95]       2025-08-22 05:01:33.116 +08:00 [INF] DESKTOP-J6M8022 34864/12 SystemMonitor.Service.Services.RpcHostedService 客户端会话建立: conn="34e1094f-2d5d-4eb2-b05a-37c0e40cc011"&#xD;
[xUnit.net 00:00:30.95]       2025-08-22 05:01:33.119 +08:00 [INF] DESKTOP-J6M8022 34864/8 SystemMonitor.Service.Services.RpcHostedService 客户端断开：已达到流的结尾。 conn="34e1094f-2d5d-4eb2-b05a-37c0e40cc011"&#xD;
[xUnit.net 00:00:30.95]       2025-08-22 05:01:34.041 +08:00 [INF] DESKTOP-J6M8022 34864/8 SystemMonitor.Service.Worker Worker running at: "2025-08-22T05:01:34.0416262+08:00"&#xD;
[xUnit.net 00:00:30.95]       2025-08-22 05:01:35.045 +08:00 [INF] DESKTOP-J6M8022 34864/8 SystemMonitor.Service.Worker Worker running at: "2025-08-22T05:01:35.0457088+08:00"&#xD;
[xUnit.net 00:00:30.95]       2025-08-22 05:01:36.047 +08:00 [INF] DESKTOP-J6M8022 34864/12 SystemMonitor.Service.Worker Worker running at: "2025-08-22T05:01:36.0479378+08:00"&#xD;
[xUnit.net 00:00:30.95]       2025-08-22 05:01:37.050 +08:00 [INF] DESKTOP-J6M8022 34864/12 SystemMonitor.Service.Worker Worker running at: "2025-08-22T05:01:37.0504892+08:00"&#xD;
[xUnit.net 00:00:30.95]       2025-08-22 05:01:38.061 +08:00 [INF] DESKTOP-J6M8022 34864/14 SystemMonitor.Service.Worker Worker running at: "2025-08-22T05:01:38.0614429+08:00"&#xD;
[xUnit.net 00:00:30.95]       2025-08-22 05:01:38.110 +08:00 [INF] DESKTOP-J6M8022 34864/12 SystemMonitor.Service.Services.RpcHostedService 客户端已连接&#xD;
[xUnit.net 00:00:30.95]       2025-08-22 05:01:38.110 +08:00 [INF] DESKTOP-J6M8022 34864/12 SystemMonitor.Service.Services.RpcHostedService 客户端会话建立: conn="06117a62-6040-4241-9927-358af4226d43"&#xD;
[xUnit.net 00:00:30.95]       2025-08-22 05:01:38.113 +08:00 [INF] DESKTOP-J6M8022 34864/14 SystemMonitor.Service.Services.RpcHostedService 客户端断开：已达到流的结尾。 conn="06117a62-6040-4241-9927-358af4226d43"&#xD;
[xUnit.net 00:00:30.95]       2025-08-22 05:01:39.064 +08:00 [INF] DESKTOP-J6M8022 34864/14 SystemMonitor.Service.Worker Worker running at: "2025-08-22T05:01:39.0644324+08:00"&#xD;
[xUnit.net 00:00:30.95]       2025-08-22 05:01:40.069 +08:00 [INF] DESKTOP-J6M8022 34864/8 SystemMonitor.Service.Worker Worker running at: "2025-08-22T05:01:40.0698228+08:00"&#xD;
[xUnit.net 00:00:30.95]       2025-08-22 05:01:41.072 +08:00 [INF] DESKTOP-J6M8022 34864/8 SystemMonitor.Service.Worker Worker running at: "2025-08-22T05:01:41.0721700+08:00"&#xD;
[xUnit.net 00:00:30.95]       2025-08-22 05:01:42.086 +08:00 [INF] DESKTOP-J6M8022 34864/11 SystemMonitor.Service.Worker Worker running at: "2025-08-22T05:01:42.0860513+08:00"&#xD;
[xUnit.net 00:00:30.95]       2025-08-22 05:01:43.101 +08:00 [INF] DESKTOP-J6M8022 34864/8 SystemMonitor.Service.Worker Worker running at: "2025-08-22T05:01:43.1011436+08:00"&#xD;
[xUnit.net 00:00:30.95]       2025-08-22 05:01:43.105 +08:00 [INF] DESKTOP-J6M8022 34864/9 SystemMonitor.Service.Services.RpcHostedService 客户端已连接&#xD;
[xUnit.net 00:00:30.95]       2025-08-22 05:01:43.105 +08:00 [INF] DESKTOP-J6M8022 34864/9 SystemMonitor.Service.Services.RpcHostedService 客户端会话建立: conn="860b5ccb-a321-4101-b6d7-ba8cfd17c2fa"&#xD;
[xUnit.net 00:00:30.95]       2025-08-22 05:01:43.109 +08:00 [INF] DESKTOP-J6M8022 34864/8 SystemMonitor.Service.Services.RpcHostedService 客户端断开：已达到流的结尾。 conn="860b5ccb-a321-4101-b6d7-ba8cfd17c2fa"&#xD;
[xUnit.net 00:00:30.95]       2025-08-22 05:01:43.386 +08:00 [INF] DESKTOP-J6M8022 34864/11 SystemMonitor.Service.Services.RpcHostedService 客户端已连接&#xD;
[xUnit.net 00:00:30.95]       2025-08-22 05:01:43.386 +08:00 [INF] DESKTOP-J6M8022 34864/11 SystemMonitor.Service.Services.RpcHostedService 客户端会话建立: conn="7103465a-6b36-49d0-b971-0765ff27b367"&#xD;
[xUnit.net 00:00:30.95]       2025-08-22 05:01:43.387 +08:00 [INF] DESKTOP-J6M8022 34864/11 SystemMonitor.Service.Services.RpcHostedService snapshot called, modules=*&#xD;
[xUnit.net 00:00:30.95]       2025-08-22 05:01:43.394 +08:00 [INF] DESKTOP-J6M8022 34864/14 SystemMonitor.Service.Services.RpcHostedService 客户端断开：已达到流的结尾。 conn="7103465a-6b36-49d0-b971-0765ff27b367"&#xD;
[xUnit.net 00:00:30.95]       2025-08-22 05:01:44.107 +08:00 [INF] DESKTOP-J6M8022 34864/11 SystemMonitor.Service.Worker Worker running at: "2025-08-22T05:01:44.1078485+08:00"&#xD;
[xUnit.net 00:00:30.95]       2025-08-22 05:01:45.116 +08:00 [INF] DESKTOP-J6M8022 34864/8 SystemMonitor.Service.Worker Worker running at: "2025-08-22T05:01:45.1165225+08:00"&#xD;
[xUnit.net 00:00:30.95]       2025-08-22 05:01:46.125 +08:00 [INF] DESKTOP-J6M8022 34864/8 SystemMonitor.Service.Worker Worker running at: "2025-08-22T05:01:46.1259467+08:00"&#xD;
[xUnit.net 00:00:30.95]       2025-08-22 05:01:47.131 +08:00 [INF] DESKTOP-J6M8022 34864/8 SystemMonitor.Service.Worker Worker running at: "2025-08-22T05:01:47.1319177+08:00"&#xD;
[xUnit.net 00:00:30.95]       2025-08-22 05:01:48.110 +08:00 [INF] DESKTOP-J6M8022 34864/9 SystemMonitor.Service.Services.RpcHostedService 客户端已连接&#xD;
[xUnit.net 00:00:30.95]       2025-08-22 05:01:48.111 +08:00 [INF] DESKTOP-J6M8022 34864/9 SystemMonitor.Service.Services.RpcHostedService 客户端会话建立: conn="dc929a0f-2511-48c2-b921-bb00e3b2d95e"&#xD;
[xUnit.net 00:00:30.95]       2025-08-22 05:01:48.113 +08:00 [INF] DESKTOP-J6M8022 34864/9 SystemMonitor.Service.Services.RpcHostedService 客户端断开：已达到流的结尾。 conn="dc929a0f-2511-48c2-b921-bb00e3b2d95e"&#xD;
[xUnit.net 00:00:30.95]       2025-08-22 05:01:48.139 +08:00 [INF] DESKTOP-J6M8022 34864/9 SystemMonitor.Service.Worker Worker running at: "2025-08-22T05:01:48.1397480+08:00"&#xD;
[xUnit.net 00:00:30.95]       2025-08-22 05:01:49.149 +08:00 [INF] DESKTOP-J6M8022 34864/9 SystemMonitor.Service.Worker Worker running at: "2025-08-22T05:01:49.1490602+08:00"&#xD;
[xUnit.net 00:00:30.95]       2025-08-22 05:01:50.156 +08:00 [INF] DESKTOP-J6M8022 34864/9 SystemMonitor.Service.Worker Worker running at: "2025-08-22T05:01:50.1565687+08:00"&#xD;
[xUnit.net 00:00:30.95]       2025-08-22 05:01:51.163 +08:00 [INF] DESKTOP-J6M8022 34864/8 SystemMonitor.Service.Worker Worker running at: "2025-08-22T05:01:51.1638742+08:00"&#xD;
[xUnit.net 00:00:30.95]       2025-08-22 05:01:52.175 +08:00 [INF] DESKTOP-J6M8022 34864/8 SystemMonitor.Service.Worker Worker running at: "2025-08-22T05:01:52.1751866+08:00"&#xD;
[xUnit.net 00:00:30.95]       2025-08-22 05:01:53.106 +08:00 [INF] DESKTOP-J6M8022 34864/8 SystemMonitor.Service.Services.RpcHostedService 客户端已连接&#xD;
[xUnit.net 00:00:30.95]       2025-08-22 05:01:53.106 +08:00 [INF] DESKTOP-J6M8022 34864/8 SystemMonitor.Service.Services.RpcHostedService 客户端会话建立: conn="cf08e297-f8bc-42e5-a912-8cdf3760d104"&#xD;
[xUnit.net 00:00:30.95]       2025-08-22 05:01:53.109 +08:00 [INF] DESKTOP-J6M8022 34864/14 SystemMonitor.Service.Services.RpcHostedService 客户端断开：已达到流的结尾。 conn="cf08e297-f8bc-42e5-a912-8cdf3760d104"&#xD;
[xUnit.net 00:00:30.95]       2025-08-22 05:01:53.183 +08:00 [INF] DESKTOP-J6M8022 34864/12 SystemMonitor.Service.Worker Worker running at: "2025-08-22T05:01:53.1832976+08:00"&#xD;
[xUnit.net 00:00:30.95]       2025-08-22 05:01:54.188 +08:00 [INF] DESKTOP-J6M8022 34864/12 SystemMonitor.Service.Worker Worker running at: "2025-08-22T05:01:54.1886519+08:00"&#xD;
[xUnit.net 00:00:30.95]       2025-08-22 05:01:55.189 +08:00 [INF] DESKTOP-J6M8022 34864/12 SystemMonitor.Service.Worker Worker running at: "2025-08-22T05:01:55.1890118+08:00"&#xD;
[xUnit.net 00:00:30.95]       2025-08-22 05:01:56.201 +08:00 [INF] DESKTOP-J6M8022 34864/14 SystemMonitor.Service.Worker Worker running at: "2025-08-22T05:01:56.2011712+08:00"&#xD;
[xUnit.net 00:00:30.95]       2025-08-22 05:01:57.203 +08:00 [INF] DESKTOP-J6M8022 34864/12 SystemMonitor.Service.Worker Worker running at: "2025-08-22T05:01:57.2030740+08:00"&#xD;
[xUnit.net 00:00:30.95]       2025-08-22 05:01:58.150 +08:00 [INF] DESKTOP-J6M8022 34864/11 SystemMonitor.Service.Services.RpcHostedService 客户端已连接&#xD;
[xUnit.net 00:00:30.95]       2025-08-22 05:01:58.150 +08:00 [INF] DESKTOP-J6M8022 34864/11 SystemMonitor.Service.Services.RpcHostedService 客户端会话建立: conn="12ea3cb9-6e37-4a78-8a02-17ba9963b724"&#xD;
[xUnit.net 00:00:30.95]       2025-08-22 05:01:58.164 +08:00 [INF] DESKTOP-J6M8022 34864/14 SystemMonitor.Service.Services.RpcHostedService 客户端断开：已达到流的结尾。 conn="12ea3cb9-6e37-4a78-8a02-17ba9963b724"&#xD;
[xUnit.net 00:00:30.95]       2025-08-22 05:01:58.220 +08:00 [INF] DESKTOP-J6M8022 34864/14 SystemMonitor.Service.Worker Worker running at: "2025-08-22T05:01:58.2204087+08:00"&#xD;
[xUnit.net 00:00:30.95]       2025-08-22 05:01:59.232 +08:00 [INF] DESKTOP-J6M8022 34864/11 SystemMonitor.Service.Worker Worker running at: "2025-08-22T05:01:59.2321592+08:00"&#xD;
[xUnit.net 00:00:30.95]       2025-08-22 05:02:00.236 +08:00 [INF] DESKTOP-J6M8022 34864/14 SystemMonitor.Service.Worker Worker running at: "2025-08-22T05:02:00.2367533+08:00"&#xD;
[xUnit.net 00:00:30.95]       2025-08-22 05:02:01.245 +08:00 [INF] DESKTOP-J6M8022 34864/11 SystemMonitor.Service.Worker Worker running at: "2025-08-22T05:02:01.2451701+08:00"&#xD;
[xUnit.net 00:00:30.95]       2025-08-22 05:02:02.255 +08:00 [INF] DESKTOP-J6M8022 34864/11 SystemMonitor.Service.Worker Worker running at: "2025-08-22T05:02:02.2559126+08:00"&#xD;
[xUnit.net 00:00:30.95]       Stack Trace:&#xD;
[xUnit.net 00:00:30.95]         C:\code\sys-sensor-v3\src\SystemMonitor.Tests\EndToEndTests.cs(151,0): at SystemMonitor.Tests.EndToEndTests.WaitPipeReadyAsync(TimeSpan timeout)&#xD;
[xUnit.net 00:00:30.95]         C:\code\sys-sensor-v3\src\SystemMonitor.Tests\EndToEndTests.cs(278,0): at SystemMonitor.Tests.EndToEndTests.InitializeAsync()&#xD;
[xUnit.net 00:00:30.96]   Finished:    SystemMonitor.Tests&#xD;
</StdOut>
    </Output>
    <RunInfos>
      <RunInfo computerName="DESKTOP-J6M8022" outcome="Warning" timestamp="2025-08-22T05:03:59.6887857+08:00">
        <Text>[xUnit.net 00:00:00.28]     SystemMonitor.Tests.ContractTests.SetLogLevel_Request_Serializes_To_SnakeCase [SKIP]</Text>
      </RunInfo>
      <RunInfo computerName="DESKTOP-J6M8022" outcome="Warning" timestamp="2025-08-22T05:03:59.9336820+08:00">
        <Text>[xUnit.net 00:00:00.35]     SystemMonitor.Tests.ContractTests.UpdateApply_Request_Serializes_To_SnakeCase [SKIP]</Text>
      </RunInfo>
      <RunInfo computerName="DESKTOP-J6M8022" outcome="Warning" timestamp="2025-08-22T05:03:59.9341739+08:00">
        <Text>[xUnit.net 00:00:00.35]     SystemMonitor.Tests.ContractTests.UpdateCheck_Request_Serializes_To_SnakeCase [SKIP]</Text>
      </RunInfo>
      <RunInfo computerName="DESKTOP-J6M8022" outcome="Error" timestamp="2025-08-22T05:04:02.1738811+08:00">
        <Text>[xUnit.net 00:00:02.77]     SystemMonitor.Tests.EndToEndTests.Hello_WithoutToken_Fails [FAIL]</Text>
      </RunInfo>
      <RunInfo computerName="DESKTOP-J6M8022" outcome="Error" timestamp="2025-08-22T05:04:04.3580212+08:00">
        <Text>[xUnit.net 00:00:04.95]     SystemMonitor.Tests.EndToEndTests.QueryHistory_Edges_And_Bucketing [FAIL]</Text>
      </RunInfo>
      <RunInfo computerName="DESKTOP-J6M8022" outcome="Error" timestamp="2025-08-22T05:04:06.7112963+08:00">
        <Text>[xUnit.net 00:00:07.31]     SystemMonitor.Tests.EndToEndTests.Metrics_CpuMem_Ranges [FAIL]</Text>
      </RunInfo>
      <RunInfo computerName="DESKTOP-J6M8022" outcome="Error" timestamp="2025-08-22T05:04:08.6573736+08:00">
        <Text>[xUnit.net 00:00:09.25]     SystemMonitor.Tests.EndToEndTests.QueryHistory_Works [FAIL]</Text>
      </RunInfo>
      <RunInfo computerName="DESKTOP-J6M8022" outcome="Error" timestamp="2025-08-22T05:04:10.8072959+08:00">
        <Text>[xUnit.net 00:00:11.40]     SystemMonitor.Tests.EndToEndTests.QueryHistory_Aggregations_10s_1m [FAIL]</Text>
      </RunInfo>
      <RunInfo computerName="DESKTOP-J6M8022" outcome="Error" timestamp="2025-08-22T05:04:12.9833824+08:00">
        <Text>[xUnit.net 00:00:13.58]     SystemMonitor.Tests.EndToEndTests.Snapshot_Cpu_Expanded_Fields [FAIL]</Text>
      </RunInfo>
      <RunInfo computerName="DESKTOP-J6M8022" outcome="Error" timestamp="2025-08-22T05:04:14.9338550+08:00">
        <Text>[xUnit.net 00:00:15.53]     SystemMonitor.Tests.EndToEndTests.SetConfig_Invalid_BaseInterval_Fails [FAIL]</Text>
      </RunInfo>
      <RunInfo computerName="DESKTOP-J6M8022" outcome="Error" timestamp="2025-08-22T05:04:16.8653961+08:00">
        <Text>[xUnit.net 00:00:17.46]     SystemMonitor.Tests.EndToEndTests.Metrics_Throttle_Burst_Recovery_Works [FAIL]</Text>
      </RunInfo>
      <RunInfo computerName="DESKTOP-J6M8022" outcome="Error" timestamp="2025-08-22T05:04:19.4592950+08:00">
        <Text>[xUnit.net 00:00:20.05]     SystemMonitor.Tests.EndToEndTests.Hello_Protocol_NotSupported_Fails [FAIL]</Text>
      </RunInfo>
      <RunInfo computerName="DESKTOP-J6M8022" outcome="Error" timestamp="2025-08-22T05:04:22.2567995+08:00">
        <Text>[xUnit.net 00:00:22.85]     SystemMonitor.Tests.EndToEndTests.SetConfig_And_BurstSubscribe_Works [FAIL]</Text>
      </RunInfo>
      <RunInfo computerName="DESKTOP-J6M8022" outcome="Error" timestamp="2025-08-22T05:04:24.1981924+08:00">
        <Text>[xUnit.net 00:00:24.79]     SystemMonitor.Tests.EndToEndTests.Hello_Unsupported_Capability_Fails [FAIL]</Text>
      </RunInfo>
      <RunInfo computerName="DESKTOP-J6M8022" outcome="Error" timestamp="2025-08-22T05:04:26.4074391+08:00">
        <Text>[xUnit.net 00:00:27.00]     SystemMonitor.Tests.EndToEndTests.Hello_Then_Snapshot_Works [FAIL]</Text>
      </RunInfo>
      <RunInfo computerName="DESKTOP-J6M8022" outcome="Error" timestamp="2025-08-22T05:04:28.3836840+08:00">
        <Text>[xUnit.net 00:00:28.98]     SystemMonitor.Tests.EndToEndTests.State_Emitted_On_Start_Burst_Stop [FAIL]</Text>
      </RunInfo>
      <RunInfo computerName="DESKTOP-J6M8022" outcome="Error" timestamp="2025-08-22T05:04:30.3524084+08:00">
        <Text>[xUnit.net 00:00:30.95]     SystemMonitor.Tests.EndToEndTests.Snapshot_CpuMem_Ranges [FAIL]</Text>
      </RunInfo>
    </RunInfos>
  </ResultSummary>
</TestRun>