<?xml version="1.0" encoding="utf-8"?>
<TestRun id="be4d318f-981c-4b22-bb40-91f4736875ee" name="terry@DESKTOP-J6M8022 2025-08-22 16:37:38" runUser="DESKTOP-J6M8022\terry" xmlns="http://microsoft.com/schemas/VisualStudio/TeamTest/2010">
  <Times creation="2025-08-22T16:37:38.0544250+08:00" queuing="2025-08-22T16:37:38.0544254+08:00" start="2025-08-22T16:37:36.6380241+08:00" finish="2025-08-22T16:39:02.2503248+08:00" />
  <TestSettings name="default" id="44260444-367f-4de2-82ea-a03c48a4a172">
    <Deployment runDeploymentRoot="terry_DESKTOP-J6M8022_2025-08-22_16_37_38" />
  </TestSettings>
  <Results>
    <UnitTestResult executionId="03226f01-4b79-436a-b779-13f1d8389e14" testId="0f77d0ed-59fb-971b-4d70-0677c148fa79" testName="SystemMonitor.Tests.EndToEndTests.QueryHistory_Edges_And_Bucketing" computerName="DESKTOP-J6M8022" duration="00:00:00.3173974" startTime="2025-08-22T16:37:47.2814509+08:00" endTime="2025-08-22T16:37:47.2814512+08:00" testType="13cdc9d9-ddb5-4fa4-a97d-d965ccfc6d4b" outcome="Passed" testListId="8c84fa94-04c1-424b-9868-57a2d4851a1d" relativeResultsDirectory="03226f01-4b79-436a-b779-13f1d8389e14" />
    <UnitTestResult executionId="d811e9b9-3e36-4f74-a6aa-5f933bef5376" testId="ef813fb4-1132-cb92-7e68-0c9ef045b6b7" testName="SystemMonitor.Tests.EndToEndTests.Metrics_CpuMem_Ranges" computerName="DESKTOP-J6M8022" duration="00:00:00.4389036" startTime="2025-08-22T16:37:51.8626178+08:00" endTime="2025-08-22T16:37:51.8626182+08:00" testType="13cdc9d9-ddb5-4fa4-a97d-d965ccfc6d4b" outcome="Passed" testListId="8c84fa94-04c1-424b-9868-57a2d4851a1d" relativeResultsDirectory="d811e9b9-3e36-4f74-a6aa-5f933bef5376" />
    <UnitTestResult executionId="e8105c0e-b12c-4356-ba18-7bd5b10c5a82" testId="d1ecf483-dfd0-e8fd-412c-75343e5fd3e3" testName="SystemMonitor.Tests.UnitTest1.SnakeCase_Serialization_ShouldUseSnakeCaseNames" computerName="DESKTOP-J6M8022" duration="00:00:00.0003158" startTime="2025-08-22T16:37:38.0041150+08:00" endTime="2025-08-22T16:37:38.0041152+08:00" testType="13cdc9d9-ddb5-4fa4-a97d-d965ccfc6d4b" outcome="Passed" testListId="8c84fa94-04c1-424b-9868-57a2d4851a1d" relativeResultsDirectory="e8105c0e-b12c-4356-ba18-7bd5b10c5a82" />
    <UnitTestResult executionId="2d4b77f7-8140-4c7a-a584-581e9e8059ca" testId="648e89fa-b178-023e-6b9f-b12e893716da" testName="SystemMonitor.Tests.EndToEndTests.Hello_Then_Snapshot_Works" computerName="DESKTOP-J6M8022" duration="00:00:05.7560215" startTime="2025-08-22T16:38:48.5567469+08:00" endTime="2025-08-22T16:38:48.5567472+08:00" testType="13cdc9d9-ddb5-4fa4-a97d-d965ccfc6d4b" outcome="Passed" testListId="8c84fa94-04c1-424b-9868-57a2d4851a1d" relativeResultsDirectory="2d4b77f7-8140-4c7a-a584-581e9e8059ca" />
    <UnitTestResult executionId="386daf2a-0b89-4c08-91a7-a167506a3e49" testId="af91bfef-d9e3-90f4-bf1f-8322352913ff" testName="SystemMonitor.Tests.SchemaTests.QueryHistory_Schema_Invalid_Granularity" computerName="DESKTOP-J6M8022" duration="00:00:00.0028278" startTime="2025-08-22T16:37:38.1917063+08:00" endTime="2025-08-22T16:37:38.1917065+08:00" testType="13cdc9d9-ddb5-4fa4-a97d-d965ccfc6d4b" outcome="Passed" testListId="8c84fa94-04c1-424b-9868-57a2d4851a1d" relativeResultsDirectory="386daf2a-0b89-4c08-91a7-a167506a3e49" />
    <UnitTestResult executionId="34c7a2c8-d5a4-4657-b9dd-389198883c69" testId="116d7234-8081-621c-9c63-75bb4125b1af" testName="SystemMonitor.Tests.ContractTests.SetConfig_Request_Serializes_To_SnakeCase" computerName="DESKTOP-J6M8022" duration="00:00:00.0005844" startTime="2025-08-22T16:37:37.9384948+08:00" endTime="2025-08-22T16:37:37.9384950+08:00" testType="13cdc9d9-ddb5-4fa4-a97d-d965ccfc6d4b" outcome="Passed" testListId="8c84fa94-04c1-424b-9868-57a2d4851a1d" relativeResultsDirectory="34c7a2c8-d5a4-4657-b9dd-389198883c69" />
    <UnitTestResult executionId="92839d83-2f9f-498f-baa9-05fdab4b42bf" testId="63eafbb5-a30b-37a9-e05f-fe5729a00075" testName="SystemMonitor.Tests.ContractTests.UpdateCheck_Request_Serializes_To_SnakeCase" computerName="DESKTOP-J6M8022" duration="00:00:00.0010000" startTime="2025-08-22T16:37:37.9998821+08:00" endTime="2025-08-22T16:37:37.9998823+08:00" testType="13cdc9d9-ddb5-4fa4-a97d-d965ccfc6d4b" outcome="NotExecuted" testListId="8c84fa94-04c1-424b-9868-57a2d4851a1d" relativeResultsDirectory="92839d83-2f9f-498f-baa9-05fdab4b42bf">
      <Output>
        <ErrorInfo>
          <Message>非 M1：后续里程碑接口</Message>
        </ErrorInfo>
      </Output>
    </UnitTestResult>
    <UnitTestResult executionId="7b7445b3-2415-43ac-89f5-594d8458679b" testId="7fcfcc39-66f5-e59a-53bb-ab760b3d7c57" testName="SystemMonitor.Tests.SchemaTests.SetConfig_Schema_Invalid_TooSmallInterval" computerName="DESKTOP-J6M8022" duration="00:00:00.1624127" startTime="2025-08-22T16:37:38.1671132+08:00" endTime="2025-08-22T16:37:38.1671135+08:00" testType="13cdc9d9-ddb5-4fa4-a97d-d965ccfc6d4b" outcome="Passed" testListId="8c84fa94-04c1-424b-9868-57a2d4851a1d" relativeResultsDirectory="7b7445b3-2415-43ac-89f5-594d8458679b" />
    <UnitTestResult executionId="d7ee4079-e027-4c62-8182-5eebf00a844a" testId="e1fbd4f1-6ade-f24b-317f-6dbbbf27c5fc" testName="SystemMonitor.Tests.SchemaTests.Hello_Schema_Valid_Minimal" computerName="DESKTOP-J6M8022" duration="00:00:00.0004085" startTime="2025-08-22T16:37:38.1924149+08:00" endTime="2025-08-22T16:37:38.1924157+08:00" testType="13cdc9d9-ddb5-4fa4-a97d-d965ccfc6d4b" outcome="Passed" testListId="8c84fa94-04c1-424b-9868-57a2d4851a1d" relativeResultsDirectory="d7ee4079-e027-4c62-8182-5eebf00a844a" />
    <UnitTestResult executionId="abc6108a-ccf1-4071-a964-019647dfd13b" testId="6bc5c69f-1e35-1dda-027a-3965f2238887" testName="SystemMonitor.Tests.ContractTests.SetLogLevel_Request_Serializes_To_SnakeCase" computerName="DESKTOP-J6M8022" duration="00:00:00.0010000" startTime="2025-08-22T16:37:37.9438165+08:00" endTime="2025-08-22T16:37:37.9438169+08:00" testType="13cdc9d9-ddb5-4fa4-a97d-d965ccfc6d4b" outcome="NotExecuted" testListId="8c84fa94-04c1-424b-9868-57a2d4851a1d" relativeResultsDirectory="abc6108a-ccf1-4071-a964-019647dfd13b">
      <Output>
        <ErrorInfo>
          <Message>非 M1：后续里程碑接口</Message>
        </ErrorInfo>
      </Output>
    </UnitTestResult>
    <UnitTestResult executionId="aeaab83e-390f-47ef-8923-c37d3aa23d9e" testId="f6814e48-0b49-81a9-5412-aa1c3ac48e00" testName="SystemMonitor.Tests.ContractTests.QueryHistory_Request_Serializes_To_SnakeCase" computerName="DESKTOP-J6M8022" duration="00:00:00.0052247" startTime="2025-08-22T16:37:37.9511220+08:00" endTime="2025-08-22T16:37:37.9511224+08:00" testType="13cdc9d9-ddb5-4fa4-a97d-d965ccfc6d4b" outcome="Passed" testListId="8c84fa94-04c1-424b-9868-57a2d4851a1d" relativeResultsDirectory="aeaab83e-390f-47ef-8923-c37d3aa23d9e" />
    <UnitTestResult executionId="ae247d85-7411-4f8c-b088-729e514a622b" testId="fc84e8aa-81c3-13b2-161d-42cbb3024667" testName="SystemMonitor.Tests.ContractTests.SubscribeMetrics_Request_Serializes_To_SnakeCase" computerName="DESKTOP-J6M8022" duration="00:00:00.0735601" startTime="2025-08-22T16:37:37.8996283+08:00" endTime="2025-08-22T16:37:37.8996701+08:00" testType="13cdc9d9-ddb5-4fa4-a97d-d965ccfc6d4b" outcome="Passed" testListId="8c84fa94-04c1-424b-9868-57a2d4851a1d" relativeResultsDirectory="ae247d85-7411-4f8c-b088-729e514a622b" />
    <UnitTestResult executionId="3b54ff9c-9c46-48fc-96b5-70dca9348f0d" testId="deff2b50-b04e-659a-fcb1-aacff92daa42" testName="SystemMonitor.Tests.ContractTests.Hello_Request_Should_Not_Contain_PascalCase_Keys" computerName="DESKTOP-J6M8022" duration="00:00:00.0028309" startTime="2025-08-22T16:37:37.9415335+08:00" endTime="2025-08-22T16:37:37.9415340+08:00" testType="13cdc9d9-ddb5-4fa4-a97d-d965ccfc6d4b" outcome="Passed" testListId="8c84fa94-04c1-424b-9868-57a2d4851a1d" relativeResultsDirectory="3b54ff9c-9c46-48fc-96b5-70dca9348f0d" />
    <UnitTestResult executionId="2971fa17-2e0c-4a90-871a-3dc43a8ab4ec" testId="d17c6ea2-3ca4-386f-c6e7-4b216cf89dd5" testName="SystemMonitor.Tests.ContractTests.UpdateApply_Request_Serializes_To_SnakeCase" computerName="DESKTOP-J6M8022" duration="00:00:00.0010000" startTime="2025-08-22T16:37:37.9992380+08:00" endTime="2025-08-22T16:37:37.9992382+08:00" testType="13cdc9d9-ddb5-4fa4-a97d-d965ccfc6d4b" outcome="NotExecuted" testListId="8c84fa94-04c1-424b-9868-57a2d4851a1d" relativeResultsDirectory="2971fa17-2e0c-4a90-871a-3dc43a8ab4ec">
      <Output>
        <ErrorInfo>
          <Message>非 M1：后续里程碑接口</Message>
        </ErrorInfo>
      </Output>
    </UnitTestResult>
    <UnitTestResult executionId="393d9d7c-c0c0-4bb3-ae9a-8ab64aa1df81" testId="d13cbe31-bcad-db2e-a448-21033afe455a" testName="SystemMonitor.Tests.SchemaTests.Hello_Schema_Invalid_NoToken" computerName="DESKTOP-J6M8022" duration="00:00:00.0055397" startTime="2025-08-22T16:37:38.1845402+08:00" endTime="2025-08-22T16:37:38.1845403+08:00" testType="13cdc9d9-ddb5-4fa4-a97d-d965ccfc6d4b" outcome="Passed" testListId="8c84fa94-04c1-424b-9868-57a2d4851a1d" relativeResultsDirectory="393d9d7c-c0c0-4bb3-ae9a-8ab64aa1df81" />
    <UnitTestResult executionId="d9f381f6-366d-45f8-81ca-bbb91c9423ad" testId="18b35648-a566-3499-95ec-e14d308dcba6" testName="SystemMonitor.Tests.EndToEndTests.Hello_Unsupported_Capability_Fails" computerName="DESKTOP-J6M8022" duration="00:00:00.3204922" startTime="2025-08-22T16:38:37.5574694+08:00" endTime="2025-08-22T16:38:37.5574701+08:00" testType="13cdc9d9-ddb5-4fa4-a97d-d965ccfc6d4b" outcome="Passed" testListId="8c84fa94-04c1-424b-9868-57a2d4851a1d" relativeResultsDirectory="d9f381f6-366d-45f8-81ca-bbb91c9423ad" />
    <UnitTestResult executionId="04b8b26f-d6ea-46d5-9e07-bcdd6c521d5f" testId="825a0899-f60c-7747-10dc-edf9d745369b" testName="SystemMonitor.Tests.ContractTests.Start_Request_Serializes_To_SnakeCase" computerName="DESKTOP-J6M8022" duration="00:00:00.0002039" startTime="2025-08-22T16:37:37.9995768+08:00" endTime="2025-08-22T16:37:37.9995769+08:00" testType="13cdc9d9-ddb5-4fa4-a97d-d965ccfc6d4b" outcome="Passed" testListId="8c84fa94-04c1-424b-9868-57a2d4851a1d" relativeResultsDirectory="04b8b26f-d6ea-46d5-9e07-bcdd6c521d5f" />
    <UnitTestResult executionId="321ed63e-99bd-4038-9866-d176070036c4" testId="897198c2-e013-2fdc-4de0-ccbd44dab1f1" testName="SystemMonitor.Tests.UnitTest1.Test1" computerName="DESKTOP-J6M8022" duration="00:00:00.0000528" startTime="2025-08-22T16:37:38.0043799+08:00" endTime="2025-08-22T16:37:38.0043800+08:00" testType="13cdc9d9-ddb5-4fa4-a97d-d965ccfc6d4b" outcome="Passed" testListId="8c84fa94-04c1-424b-9868-57a2d4851a1d" relativeResultsDirectory="321ed63e-99bd-4038-9866-d176070036c4" />
    <UnitTestResult executionId="ae8f402f-8bb2-4ce9-b9cf-dd52817882ac" testId="1625b824-bf75-ff81-2ccc-b11736dbaaf3" testName="SystemMonitor.Tests.EndToEndTests.Snapshot_CpuMem_Ranges" computerName="DESKTOP-J6M8022" duration="00:00:03.4192745" startTime="2025-08-22T16:39:02.1545371+08:00" endTime="2025-08-22T16:39:02.1545374+08:00" testType="13cdc9d9-ddb5-4fa4-a97d-d965ccfc6d4b" outcome="Passed" testListId="8c84fa94-04c1-424b-9868-57a2d4851a1d" relativeResultsDirectory="ae8f402f-8bb2-4ce9-b9cf-dd52817882ac" />
    <UnitTestResult executionId="ac0b8b26-8bd1-47bf-b0c0-128854ea5eaf" testId="c7e17ebe-07f3-5913-71e6-f1c4a943136f" testName="SystemMonitor.Tests.SchemaTests.BurstSubscribe_Schema_Invalid_EmptyModules" computerName="DESKTOP-J6M8022" duration="00:00:00.0083757" startTime="2025-08-22T16:37:38.2024384+08:00" endTime="2025-08-22T16:37:38.2024386+08:00" testType="13cdc9d9-ddb5-4fa4-a97d-d965ccfc6d4b" outcome="Passed" testListId="8c84fa94-04c1-424b-9868-57a2d4851a1d" relativeResultsDirectory="ac0b8b26-8bd1-47bf-b0c0-128854ea5eaf" />
    <UnitTestResult executionId="6b661edb-2490-48cf-9859-b9af3046b5c9" testId="84bddd7b-5fca-ad7f-6631-caa1dc730eca" testName="SystemMonitor.Tests.ContractTests.BurstSubscribe_Request_Serializes_To_SnakeCase" computerName="DESKTOP-J6M8022" duration="00:00:00.0036600" startTime="2025-08-22T16:37:37.9377226+08:00" endTime="2025-08-22T16:37:37.9377229+08:00" testType="13cdc9d9-ddb5-4fa4-a97d-d965ccfc6d4b" outcome="Passed" testListId="8c84fa94-04c1-424b-9868-57a2d4851a1d" relativeResultsDirectory="6b661edb-2490-48cf-9859-b9af3046b5c9" />
    <UnitTestResult executionId="1bc1d93d-09d0-4608-961d-fe4ead08aa38" testId="b63f371d-2541-ba09-aa15-8afdc6da8ab0" testName="SystemMonitor.Tests.EndToEndTests.State_Emitted_On_Start_Burst_Stop" computerName="DESKTOP-J6M8022" duration="00:00:00.5132898" startTime="2025-08-22T16:38:53.9978520+08:00" endTime="2025-08-22T16:38:53.9978524+08:00" testType="13cdc9d9-ddb5-4fa4-a97d-d965ccfc6d4b" outcome="Passed" testListId="8c84fa94-04c1-424b-9868-57a2d4851a1d" relativeResultsDirectory="1bc1d93d-09d0-4608-961d-fe4ead08aa38" />
    <UnitTestResult executionId="af46830a-d5df-4fd8-86b1-2416ec2946b0" testId="afa476e6-1342-0de1-8963-ea8bca4835e6" testName="SystemMonitor.Tests.EndToEndTests.QueryHistory_Aggregations_10s_1m" computerName="DESKTOP-J6M8022" duration="00:00:01.4105115" startTime="2025-08-22T16:38:02.9862235+08:00" endTime="2025-08-22T16:38:02.9862238+08:00" testType="13cdc9d9-ddb5-4fa4-a97d-d965ccfc6d4b" outcome="Passed" testListId="8c84fa94-04c1-424b-9868-57a2d4851a1d" relativeResultsDirectory="af46830a-d5df-4fd8-86b1-2416ec2946b0" />
    <UnitTestResult executionId="08a1dc0f-9f25-48e6-b125-1abbb473ee72" testId="f4df6398-0c14-b3dd-5ee6-c8f487d7504a" testName="SystemMonitor.Tests.ContractTests.Snapshot_Request_Serializes_To_SnakeCase" computerName="DESKTOP-J6M8022" duration="00:00:00.0012127" startTime="2025-08-22T16:37:37.9525496+08:00" endTime="2025-08-22T16:37:37.9525498+08:00" testType="13cdc9d9-ddb5-4fa4-a97d-d965ccfc6d4b" outcome="Passed" testListId="8c84fa94-04c1-424b-9868-57a2d4851a1d" relativeResultsDirectory="08a1dc0f-9f25-48e6-b125-1abbb473ee72" />
    <UnitTestResult executionId="5bdc50b4-4fc3-4219-9621-12665df08600" testId="a5cee8d5-e1e7-16a2-597a-8c6cbc2b8be8" testName="SystemMonitor.Tests.EndToEndTests.Hello_Protocol_NotSupported_Fails" computerName="DESKTOP-J6M8022" duration="00:00:00.3037383" startTime="2025-08-22T16:38:27.7604933+08:00" endTime="2025-08-22T16:38:27.7604939+08:00" testType="13cdc9d9-ddb5-4fa4-a97d-d965ccfc6d4b" outcome="Passed" testListId="8c84fa94-04c1-424b-9868-57a2d4851a1d" relativeResultsDirectory="5bdc50b4-4fc3-4219-9621-12665df08600" />
    <UnitTestResult executionId="dfe1d088-1620-4a9a-b7d9-44763475c90e" testId="575383ac-a422-d1e5-3903-2da7ffd1b577" testName="SystemMonitor.Tests.EndToEndTests.Metrics_Throttle_Burst_Recovery_Works" computerName="DESKTOP-J6M8022" duration="00:00:01.4192086" startTime="2025-08-22T16:38:22.9917582+08:00" endTime="2025-08-22T16:38:22.9917585+08:00" testType="13cdc9d9-ddb5-4fa4-a97d-d965ccfc6d4b" outcome="Passed" testListId="8c84fa94-04c1-424b-9868-57a2d4851a1d" relativeResultsDirectory="dfe1d088-1620-4a9a-b7d9-44763475c90e" />
    <UnitTestResult executionId="7a86ee19-26fa-4b5c-a23c-70dfee2d4f72" testId="dc6251cd-01f9-1cce-a502-df54ce71eba2" testName="SystemMonitor.Tests.ContractTests.SetConfig_Request_Should_Not_Contain_PascalCase_Keys" computerName="DESKTOP-J6M8022" duration="00:00:00.0197563" startTime="2025-08-22T16:37:37.9333102+08:00" endTime="2025-08-22T16:37:37.9333106+08:00" testType="13cdc9d9-ddb5-4fa4-a97d-d965ccfc6d4b" outcome="Passed" testListId="8c84fa94-04c1-424b-9868-57a2d4851a1d" relativeResultsDirectory="7a86ee19-26fa-4b5c-a23c-70dfee2d4f72" />
    <UnitTestResult executionId="513755f3-db78-405b-87ee-d3f1e5001b3c" testId="7aba6d95-cdac-4d3b-fc1e-d345b65a933b" testName="SystemMonitor.Tests.ContractTests.Hello_Request_Serializes_To_SnakeCase" computerName="DESKTOP-J6M8022" duration="00:00:00.0016086" startTime="2025-08-22T16:37:37.9984528+08:00" endTime="2025-08-22T16:37:37.9984529+08:00" testType="13cdc9d9-ddb5-4fa4-a97d-d965ccfc6d4b" outcome="Passed" testListId="8c84fa94-04c1-424b-9868-57a2d4851a1d" relativeResultsDirectory="513755f3-db78-405b-87ee-d3f1e5001b3c" />
    <UnitTestResult executionId="944b69c5-431d-4968-b808-6cdd379e9c86" testId="5359d170-82fa-d8d2-2f92-97bc053dca0c" testName="SystemMonitor.Tests.EndToEndTests.QueryHistory_Works" computerName="DESKTOP-J6M8022" duration="00:00:00.2633785" startTime="2025-08-22T16:37:56.8683939+08:00" endTime="2025-08-22T16:37:56.8683942+08:00" testType="13cdc9d9-ddb5-4fa4-a97d-d965ccfc6d4b" outcome="Passed" testListId="8c84fa94-04c1-424b-9868-57a2d4851a1d" relativeResultsDirectory="944b69c5-431d-4968-b808-6cdd379e9c86" />
    <UnitTestResult executionId="d7f6d725-9321-48e4-94da-5088e0df56a0" testId="8efef518-8988-e3e1-bb3e-361f08b825e5" testName="SystemMonitor.Tests.SchemaTests.Snapshot_Schema_Valid_WithModules" computerName="DESKTOP-J6M8022" duration="00:00:00.0068621" startTime="2025-08-22T16:37:38.1742083+08:00" endTime="2025-08-22T16:37:38.1742086+08:00" testType="13cdc9d9-ddb5-4fa4-a97d-d965ccfc6d4b" outcome="Passed" testListId="8c84fa94-04c1-424b-9868-57a2d4851a1d" relativeResultsDirectory="d7f6d725-9321-48e4-94da-5088e0df56a0" />
    <UnitTestResult executionId="481a63dd-b577-4fb3-8bd6-d4311f35d2da" testId="e7afe76e-2983-511f-53e6-ec72c360fd06" testName="SystemMonitor.Tests.SchemaTests.SetConfig_Schema_Valid_WithIntervals" computerName="DESKTOP-J6M8022" duration="00:00:00.0032519" startTime="2025-08-22T16:37:38.1776571+08:00" endTime="2025-08-22T16:37:38.1776575+08:00" testType="13cdc9d9-ddb5-4fa4-a97d-d965ccfc6d4b" outcome="Passed" testListId="8c84fa94-04c1-424b-9868-57a2d4851a1d" relativeResultsDirectory="481a63dd-b577-4fb3-8bd6-d4311f35d2da" />
    <UnitTestResult executionId="f059271f-7d87-4236-afbd-a3de32faf4a6" testId="69d6d1aa-b426-63fd-4c85-4eac53250980" testName="SystemMonitor.Tests.SchemaTests.QueryHistory_Schema_Valid" computerName="DESKTOP-J6M8022" duration="00:00:00.0040454" startTime="2025-08-22T16:37:38.1887249+08:00" endTime="2025-08-22T16:37:38.1887252+08:00" testType="13cdc9d9-ddb5-4fa4-a97d-d965ccfc6d4b" outcome="Passed" testListId="8c84fa94-04c1-424b-9868-57a2d4851a1d" relativeResultsDirectory="f059271f-7d87-4236-afbd-a3de32faf4a6" />
    <UnitTestResult executionId="69b94705-dc87-4fe6-9983-3e50031a3ee7" testId="dacf0d9f-52f8-cc00-236f-2f32d31c4af3" testName="SystemMonitor.Tests.EndToEndTests.SetConfig_Invalid_BaseInterval_Fails" computerName="DESKTOP-J6M8022" duration="00:00:00.3228167" startTime="2025-08-22T16:38:17.7074583+08:00" endTime="2025-08-22T16:38:17.7074591+08:00" testType="13cdc9d9-ddb5-4fa4-a97d-d965ccfc6d4b" outcome="Passed" testListId="8c84fa94-04c1-424b-9868-57a2d4851a1d" relativeResultsDirectory="69b94705-dc87-4fe6-9983-3e50031a3ee7" />
    <UnitTestResult executionId="b2042cf6-0c8e-440e-b35c-37d4f725aa05" testId="d46fc4ee-0150-cded-8fbb-ceb1d2e0e4ba" testName="SystemMonitor.Tests.EndToEndTests.SetConfig_And_BurstSubscribe_Works" computerName="DESKTOP-J6M8022" duration="00:00:00.2214732" startTime="2025-08-22T16:38:32.2789898+08:00" endTime="2025-08-22T16:38:32.2789901+08:00" testType="13cdc9d9-ddb5-4fa4-a97d-d965ccfc6d4b" outcome="Passed" testListId="8c84fa94-04c1-424b-9868-57a2d4851a1d" relativeResultsDirectory="b2042cf6-0c8e-440e-b35c-37d4f725aa05" />
    <UnitTestResult executionId="3a407466-ed4c-46d8-83ba-d0fe4b089840" testId="ba4d86c4-e56e-4feb-035c-05a39221e7db" testName="SystemMonitor.Tests.EndToEndTests.Snapshot_Cpu_Expanded_Fields" computerName="DESKTOP-J6M8022" duration="00:00:05.2626770" startTime="2025-08-22T16:38:12.4440763+08:00" endTime="2025-08-22T16:38:12.4440770+08:00" testType="13cdc9d9-ddb5-4fa4-a97d-d965ccfc6d4b" outcome="Passed" testListId="8c84fa94-04c1-424b-9868-57a2d4851a1d" relativeResultsDirectory="3a407466-ed4c-46d8-83ba-d0fe4b089840" />
    <UnitTestResult executionId="14b50f0c-86f9-4004-b66a-d27c3ea26311" testId="1bc68377-98f3-3224-550a-3a1f98831502" testName="SystemMonitor.Tests.EndToEndTests.Hello_WithoutToken_Fails" computerName="DESKTOP-J6M8022" duration="00:00:00.2550705" startTime="2025-08-22T16:37:42.3880772+08:00" endTime="2025-08-22T16:37:42.3880775+08:00" testType="13cdc9d9-ddb5-4fa4-a97d-d965ccfc6d4b" outcome="Passed" testListId="8c84fa94-04c1-424b-9868-57a2d4851a1d" relativeResultsDirectory="14b50f0c-86f9-4004-b66a-d27c3ea26311" />
    <UnitTestResult executionId="698a978a-0e94-4f93-9673-1aff5d344620" testId="2fee1618-453a-fb22-e956-2fd9d457aed7" testName="SystemMonitor.Tests.ContractTests.Stop_Request_Serializes_To_SnakeCase" computerName="DESKTOP-J6M8022" duration="00:00:00.0012546" startTime="2025-08-22T16:37:37.9455789+08:00" endTime="2025-08-22T16:37:37.9455793+08:00" testType="13cdc9d9-ddb5-4fa4-a97d-d965ccfc6d4b" outcome="Passed" testListId="8c84fa94-04c1-424b-9868-57a2d4851a1d" relativeResultsDirectory="698a978a-0e94-4f93-9673-1aff5d344620" />
    <UnitTestResult executionId="81b8674b-38be-4b12-acbb-e9a99ed4052d" testId="316b5766-01a4-b945-df1a-1d07ac1dfded" testName="SystemMonitor.Tests.SchemaTests.BurstSubscribe_Schema_Valid" computerName="DESKTOP-J6M8022" duration="00:00:00.0012571" startTime="2025-08-22T16:37:38.1939042+08:00" endTime="2025-08-22T16:37:38.1939045+08:00" testType="13cdc9d9-ddb5-4fa4-a97d-d965ccfc6d4b" outcome="Passed" testListId="8c84fa94-04c1-424b-9868-57a2d4851a1d" relativeResultsDirectory="81b8674b-38be-4b12-acbb-e9a99ed4052d" />
  </Results>
  <TestDefinitions>
    <UnitTest name="SystemMonitor.Tests.EndToEndTests.SetConfig_Invalid_BaseInterval_Fails" storage="c:\code\sys-sensor-v3\src\systemmonitor.tests\bin\release\net8.0\systemmonitor.tests.dll" id="dacf0d9f-52f8-cc00-236f-2f32d31c4af3">
      <Execution id="69b94705-dc87-4fe6-9983-3e50031a3ee7" />
      <TestMethod codeBase="C:\code\sys-sensor-v3\src\SystemMonitor.Tests\bin\Release\net8.0\SystemMonitor.Tests.dll" adapterTypeName="executor://xunit/VsTestRunner2/netcoreapp" className="SystemMonitor.Tests.EndToEndTests" name="SetConfig_Invalid_BaseInterval_Fails" />
    </UnitTest>
    <UnitTest name="SystemMonitor.Tests.EndToEndTests.Metrics_CpuMem_Ranges" storage="c:\code\sys-sensor-v3\src\systemmonitor.tests\bin\release\net8.0\systemmonitor.tests.dll" id="ef813fb4-1132-cb92-7e68-0c9ef045b6b7">
      <Execution id="d811e9b9-3e36-4f74-a6aa-5f933bef5376" />
      <TestMethod codeBase="C:\code\sys-sensor-v3\src\SystemMonitor.Tests\bin\Release\net8.0\SystemMonitor.Tests.dll" adapterTypeName="executor://xunit/VsTestRunner2/netcoreapp" className="SystemMonitor.Tests.EndToEndTests" name="Metrics_CpuMem_Ranges" />
    </UnitTest>
    <UnitTest name="SystemMonitor.Tests.EndToEndTests.Hello_Then_Snapshot_Works" storage="c:\code\sys-sensor-v3\src\systemmonitor.tests\bin\release\net8.0\systemmonitor.tests.dll" id="648e89fa-b178-023e-6b9f-b12e893716da">
      <Execution id="2d4b77f7-8140-4c7a-a584-581e9e8059ca" />
      <TestMethod codeBase="C:\code\sys-sensor-v3\src\SystemMonitor.Tests\bin\Release\net8.0\SystemMonitor.Tests.dll" adapterTypeName="executor://xunit/VsTestRunner2/netcoreapp" className="SystemMonitor.Tests.EndToEndTests" name="Hello_Then_Snapshot_Works" />
    </UnitTest>
    <UnitTest name="SystemMonitor.Tests.UnitTest1.SnakeCase_Serialization_ShouldUseSnakeCaseNames" storage="c:\code\sys-sensor-v3\src\systemmonitor.tests\bin\release\net8.0\systemmonitor.tests.dll" id="d1ecf483-dfd0-e8fd-412c-75343e5fd3e3">
      <Execution id="e8105c0e-b12c-4356-ba18-7bd5b10c5a82" />
      <TestMethod codeBase="C:\code\sys-sensor-v3\src\SystemMonitor.Tests\bin\Release\net8.0\SystemMonitor.Tests.dll" adapterTypeName="executor://xunit/VsTestRunner2/netcoreapp" className="SystemMonitor.Tests.UnitTest1" name="SnakeCase_Serialization_ShouldUseSnakeCaseNames" />
    </UnitTest>
    <UnitTest name="SystemMonitor.Tests.SchemaTests.SetConfig_Schema_Valid_WithIntervals" storage="c:\code\sys-sensor-v3\src\systemmonitor.tests\bin\release\net8.0\systemmonitor.tests.dll" id="e7afe76e-2983-511f-53e6-ec72c360fd06">
      <Execution id="481a63dd-b577-4fb3-8bd6-d4311f35d2da" />
      <TestMethod codeBase="C:\code\sys-sensor-v3\src\SystemMonitor.Tests\bin\Release\net8.0\SystemMonitor.Tests.dll" adapterTypeName="executor://xunit/VsTestRunner2/netcoreapp" className="SystemMonitor.Tests.SchemaTests" name="SetConfig_Schema_Valid_WithIntervals" />
    </UnitTest>
    <UnitTest name="SystemMonitor.Tests.EndToEndTests.Snapshot_CpuMem_Ranges" storage="c:\code\sys-sensor-v3\src\systemmonitor.tests\bin\release\net8.0\systemmonitor.tests.dll" id="1625b824-bf75-ff81-2ccc-b11736dbaaf3">
      <Execution id="ae8f402f-8bb2-4ce9-b9cf-dd52817882ac" />
      <TestMethod codeBase="C:\code\sys-sensor-v3\src\SystemMonitor.Tests\bin\Release\net8.0\SystemMonitor.Tests.dll" adapterTypeName="executor://xunit/VsTestRunner2/netcoreapp" className="SystemMonitor.Tests.EndToEndTests" name="Snapshot_CpuMem_Ranges" />
    </UnitTest>
    <UnitTest name="SystemMonitor.Tests.ContractTests.Start_Request_Serializes_To_SnakeCase" storage="c:\code\sys-sensor-v3\src\systemmonitor.tests\bin\release\net8.0\systemmonitor.tests.dll" id="825a0899-f60c-7747-10dc-edf9d745369b">
      <Execution id="04b8b26f-d6ea-46d5-9e07-bcdd6c521d5f" />
      <TestMethod codeBase="C:\code\sys-sensor-v3\src\SystemMonitor.Tests\bin\Release\net8.0\SystemMonitor.Tests.dll" adapterTypeName="executor://xunit/VsTestRunner2/netcoreapp" className="SystemMonitor.Tests.ContractTests" name="Start_Request_Serializes_To_SnakeCase" />
    </UnitTest>
    <UnitTest name="SystemMonitor.Tests.ContractTests.Hello_Request_Should_Not_Contain_PascalCase_Keys" storage="c:\code\sys-sensor-v3\src\systemmonitor.tests\bin\release\net8.0\systemmonitor.tests.dll" id="deff2b50-b04e-659a-fcb1-aacff92daa42">
      <Execution id="3b54ff9c-9c46-48fc-96b5-70dca9348f0d" />
      <TestMethod codeBase="C:\code\sys-sensor-v3\src\SystemMonitor.Tests\bin\Release\net8.0\SystemMonitor.Tests.dll" adapterTypeName="executor://xunit/VsTestRunner2/netcoreapp" className="SystemMonitor.Tests.ContractTests" name="Hello_Request_Should_Not_Contain_PascalCase_Keys" />
    </UnitTest>
    <UnitTest name="SystemMonitor.Tests.ContractTests.QueryHistory_Request_Serializes_To_SnakeCase" storage="c:\code\sys-sensor-v3\src\systemmonitor.tests\bin\release\net8.0\systemmonitor.tests.dll" id="f6814e48-0b49-81a9-5412-aa1c3ac48e00">
      <Execution id="aeaab83e-390f-47ef-8923-c37d3aa23d9e" />
      <TestMethod codeBase="C:\code\sys-sensor-v3\src\SystemMonitor.Tests\bin\Release\net8.0\SystemMonitor.Tests.dll" adapterTypeName="executor://xunit/VsTestRunner2/netcoreapp" className="SystemMonitor.Tests.ContractTests" name="QueryHistory_Request_Serializes_To_SnakeCase" />
    </UnitTest>
    <UnitTest name="SystemMonitor.Tests.EndToEndTests.SetConfig_And_BurstSubscribe_Works" storage="c:\code\sys-sensor-v3\src\systemmonitor.tests\bin\release\net8.0\systemmonitor.tests.dll" id="d46fc4ee-0150-cded-8fbb-ceb1d2e0e4ba">
      <Execution id="b2042cf6-0c8e-440e-b35c-37d4f725aa05" />
      <TestMethod codeBase="C:\code\sys-sensor-v3\src\SystemMonitor.Tests\bin\Release\net8.0\SystemMonitor.Tests.dll" adapterTypeName="executor://xunit/VsTestRunner2/netcoreapp" className="SystemMonitor.Tests.EndToEndTests" name="SetConfig_And_BurstSubscribe_Works" />
    </UnitTest>
    <UnitTest name="SystemMonitor.Tests.EndToEndTests.QueryHistory_Works" storage="c:\code\sys-sensor-v3\src\systemmonitor.tests\bin\release\net8.0\systemmonitor.tests.dll" id="5359d170-82fa-d8d2-2f92-97bc053dca0c">
      <Execution id="944b69c5-431d-4968-b808-6cdd379e9c86" />
      <TestMethod codeBase="C:\code\sys-sensor-v3\src\SystemMonitor.Tests\bin\Release\net8.0\SystemMonitor.Tests.dll" adapterTypeName="executor://xunit/VsTestRunner2/netcoreapp" className="SystemMonitor.Tests.EndToEndTests" name="QueryHistory_Works" />
    </UnitTest>
    <UnitTest name="SystemMonitor.Tests.ContractTests.SetLogLevel_Request_Serializes_To_SnakeCase" storage="c:\code\sys-sensor-v3\src\systemmonitor.tests\bin\release\net8.0\systemmonitor.tests.dll" id="6bc5c69f-1e35-1dda-027a-3965f2238887">
      <Execution id="abc6108a-ccf1-4071-a964-019647dfd13b" />
      <TestMethod codeBase="C:\code\sys-sensor-v3\src\SystemMonitor.Tests\bin\Release\net8.0\SystemMonitor.Tests.dll" adapterTypeName="executor://xunit/VsTestRunner2/netcoreapp" className="SystemMonitor.Tests.ContractTests" name="SetLogLevel_Request_Serializes_To_SnakeCase" />
    </UnitTest>
    <UnitTest name="SystemMonitor.Tests.EndToEndTests.QueryHistory_Edges_And_Bucketing" storage="c:\code\sys-sensor-v3\src\systemmonitor.tests\bin\release\net8.0\systemmonitor.tests.dll" id="0f77d0ed-59fb-971b-4d70-0677c148fa79">
      <Execution id="03226f01-4b79-436a-b779-13f1d8389e14" />
      <TestMethod codeBase="C:\code\sys-sensor-v3\src\SystemMonitor.Tests\bin\Release\net8.0\SystemMonitor.Tests.dll" adapterTypeName="executor://xunit/VsTestRunner2/netcoreapp" className="SystemMonitor.Tests.EndToEndTests" name="QueryHistory_Edges_And_Bucketing" />
    </UnitTest>
    <UnitTest name="SystemMonitor.Tests.SchemaTests.SetConfig_Schema_Invalid_TooSmallInterval" storage="c:\code\sys-sensor-v3\src\systemmonitor.tests\bin\release\net8.0\systemmonitor.tests.dll" id="7fcfcc39-66f5-e59a-53bb-ab760b3d7c57">
      <Execution id="7b7445b3-2415-43ac-89f5-594d8458679b" />
      <TestMethod codeBase="C:\code\sys-sensor-v3\src\SystemMonitor.Tests\bin\Release\net8.0\SystemMonitor.Tests.dll" adapterTypeName="executor://xunit/VsTestRunner2/netcoreapp" className="SystemMonitor.Tests.SchemaTests" name="SetConfig_Schema_Invalid_TooSmallInterval" />
    </UnitTest>
    <UnitTest name="SystemMonitor.Tests.SchemaTests.BurstSubscribe_Schema_Valid" storage="c:\code\sys-sensor-v3\src\systemmonitor.tests\bin\release\net8.0\systemmonitor.tests.dll" id="316b5766-01a4-b945-df1a-1d07ac1dfded">
      <Execution id="81b8674b-38be-4b12-acbb-e9a99ed4052d" />
      <TestMethod codeBase="C:\code\sys-sensor-v3\src\SystemMonitor.Tests\bin\Release\net8.0\SystemMonitor.Tests.dll" adapterTypeName="executor://xunit/VsTestRunner2/netcoreapp" className="SystemMonitor.Tests.SchemaTests" name="BurstSubscribe_Schema_Valid" />
    </UnitTest>
    <UnitTest name="SystemMonitor.Tests.EndToEndTests.Hello_Unsupported_Capability_Fails" storage="c:\code\sys-sensor-v3\src\systemmonitor.tests\bin\release\net8.0\systemmonitor.tests.dll" id="18b35648-a566-3499-95ec-e14d308dcba6">
      <Execution id="d9f381f6-366d-45f8-81ca-bbb91c9423ad" />
      <TestMethod codeBase="C:\code\sys-sensor-v3\src\SystemMonitor.Tests\bin\Release\net8.0\SystemMonitor.Tests.dll" adapterTypeName="executor://xunit/VsTestRunner2/netcoreapp" className="SystemMonitor.Tests.EndToEndTests" name="Hello_Unsupported_Capability_Fails" />
    </UnitTest>
    <UnitTest name="SystemMonitor.Tests.EndToEndTests.Hello_Protocol_NotSupported_Fails" storage="c:\code\sys-sensor-v3\src\systemmonitor.tests\bin\release\net8.0\systemmonitor.tests.dll" id="a5cee8d5-e1e7-16a2-597a-8c6cbc2b8be8">
      <Execution id="5bdc50b4-4fc3-4219-9621-12665df08600" />
      <TestMethod codeBase="C:\code\sys-sensor-v3\src\SystemMonitor.Tests\bin\Release\net8.0\SystemMonitor.Tests.dll" adapterTypeName="executor://xunit/VsTestRunner2/netcoreapp" className="SystemMonitor.Tests.EndToEndTests" name="Hello_Protocol_NotSupported_Fails" />
    </UnitTest>
    <UnitTest name="SystemMonitor.Tests.ContractTests.BurstSubscribe_Request_Serializes_To_SnakeCase" storage="c:\code\sys-sensor-v3\src\systemmonitor.tests\bin\release\net8.0\systemmonitor.tests.dll" id="84bddd7b-5fca-ad7f-6631-caa1dc730eca">
      <Execution id="6b661edb-2490-48cf-9859-b9af3046b5c9" />
      <TestMethod codeBase="C:\code\sys-sensor-v3\src\SystemMonitor.Tests\bin\Release\net8.0\SystemMonitor.Tests.dll" adapterTypeName="executor://xunit/VsTestRunner2/netcoreapp" className="SystemMonitor.Tests.ContractTests" name="BurstSubscribe_Request_Serializes_To_SnakeCase" />
    </UnitTest>
    <UnitTest name="SystemMonitor.Tests.ContractTests.UpdateApply_Request_Serializes_To_SnakeCase" storage="c:\code\sys-sensor-v3\src\systemmonitor.tests\bin\release\net8.0\systemmonitor.tests.dll" id="d17c6ea2-3ca4-386f-c6e7-4b216cf89dd5">
      <Execution id="2971fa17-2e0c-4a90-871a-3dc43a8ab4ec" />
      <TestMethod codeBase="C:\code\sys-sensor-v3\src\SystemMonitor.Tests\bin\Release\net8.0\SystemMonitor.Tests.dll" adapterTypeName="executor://xunit/VsTestRunner2/netcoreapp" className="SystemMonitor.Tests.ContractTests" name="UpdateApply_Request_Serializes_To_SnakeCase" />
    </UnitTest>
    <UnitTest name="SystemMonitor.Tests.EndToEndTests.State_Emitted_On_Start_Burst_Stop" storage="c:\code\sys-sensor-v3\src\systemmonitor.tests\bin\release\net8.0\systemmonitor.tests.dll" id="b63f371d-2541-ba09-aa15-8afdc6da8ab0">
      <Execution id="1bc1d93d-09d0-4608-961d-fe4ead08aa38" />
      <TestMethod codeBase="C:\code\sys-sensor-v3\src\SystemMonitor.Tests\bin\Release\net8.0\SystemMonitor.Tests.dll" adapterTypeName="executor://xunit/VsTestRunner2/netcoreapp" className="SystemMonitor.Tests.EndToEndTests" name="State_Emitted_On_Start_Burst_Stop" />
    </UnitTest>
    <UnitTest name="SystemMonitor.Tests.UnitTest1.Test1" storage="c:\code\sys-sensor-v3\src\systemmonitor.tests\bin\release\net8.0\systemmonitor.tests.dll" id="897198c2-e013-2fdc-4de0-ccbd44dab1f1">
      <Execution id="321ed63e-99bd-4038-9866-d176070036c4" />
      <TestMethod codeBase="C:\code\sys-sensor-v3\src\SystemMonitor.Tests\bin\Release\net8.0\SystemMonitor.Tests.dll" adapterTypeName="executor://xunit/VsTestRunner2/netcoreapp" className="SystemMonitor.Tests.UnitTest1" name="Test1" />
    </UnitTest>
    <UnitTest name="SystemMonitor.Tests.SchemaTests.Snapshot_Schema_Valid_WithModules" storage="c:\code\sys-sensor-v3\src\systemmonitor.tests\bin\release\net8.0\systemmonitor.tests.dll" id="8efef518-8988-e3e1-bb3e-361f08b825e5">
      <Execution id="d7f6d725-9321-48e4-94da-5088e0df56a0" />
      <TestMethod codeBase="C:\code\sys-sensor-v3\src\SystemMonitor.Tests\bin\Release\net8.0\SystemMonitor.Tests.dll" adapterTypeName="executor://xunit/VsTestRunner2/netcoreapp" className="SystemMonitor.Tests.SchemaTests" name="Snapshot_Schema_Valid_WithModules" />
    </UnitTest>
    <UnitTest name="SystemMonitor.Tests.SchemaTests.BurstSubscribe_Schema_Invalid_EmptyModules" storage="c:\code\sys-sensor-v3\src\systemmonitor.tests\bin\release\net8.0\systemmonitor.tests.dll" id="c7e17ebe-07f3-5913-71e6-f1c4a943136f">
      <Execution id="ac0b8b26-8bd1-47bf-b0c0-128854ea5eaf" />
      <TestMethod codeBase="C:\code\sys-sensor-v3\src\SystemMonitor.Tests\bin\Release\net8.0\SystemMonitor.Tests.dll" adapterTypeName="executor://xunit/VsTestRunner2/netcoreapp" className="SystemMonitor.Tests.SchemaTests" name="BurstSubscribe_Schema_Invalid_EmptyModules" />
    </UnitTest>
    <UnitTest name="SystemMonitor.Tests.EndToEndTests.QueryHistory_Aggregations_10s_1m" storage="c:\code\sys-sensor-v3\src\systemmonitor.tests\bin\release\net8.0\systemmonitor.tests.dll" id="afa476e6-1342-0de1-8963-ea8bca4835e6">
      <Execution id="af46830a-d5df-4fd8-86b1-2416ec2946b0" />
      <TestMethod codeBase="C:\code\sys-sensor-v3\src\SystemMonitor.Tests\bin\Release\net8.0\SystemMonitor.Tests.dll" adapterTypeName="executor://xunit/VsTestRunner2/netcoreapp" className="SystemMonitor.Tests.EndToEndTests" name="QueryHistory_Aggregations_10s_1m" />
    </UnitTest>
    <UnitTest name="SystemMonitor.Tests.ContractTests.SetConfig_Request_Serializes_To_SnakeCase" storage="c:\code\sys-sensor-v3\src\systemmonitor.tests\bin\release\net8.0\systemmonitor.tests.dll" id="116d7234-8081-621c-9c63-75bb4125b1af">
      <Execution id="34c7a2c8-d5a4-4657-b9dd-389198883c69" />
      <TestMethod codeBase="C:\code\sys-sensor-v3\src\SystemMonitor.Tests\bin\Release\net8.0\SystemMonitor.Tests.dll" adapterTypeName="executor://xunit/VsTestRunner2/netcoreapp" className="SystemMonitor.Tests.ContractTests" name="SetConfig_Request_Serializes_To_SnakeCase" />
    </UnitTest>
    <UnitTest name="SystemMonitor.Tests.ContractTests.Stop_Request_Serializes_To_SnakeCase" storage="c:\code\sys-sensor-v3\src\systemmonitor.tests\bin\release\net8.0\systemmonitor.tests.dll" id="2fee1618-453a-fb22-e956-2fd9d457aed7">
      <Execution id="698a978a-0e94-4f93-9673-1aff5d344620" />
      <TestMethod codeBase="C:\code\sys-sensor-v3\src\SystemMonitor.Tests\bin\Release\net8.0\SystemMonitor.Tests.dll" adapterTypeName="executor://xunit/VsTestRunner2/netcoreapp" className="SystemMonitor.Tests.ContractTests" name="Stop_Request_Serializes_To_SnakeCase" />
    </UnitTest>
    <UnitTest name="SystemMonitor.Tests.ContractTests.SubscribeMetrics_Request_Serializes_To_SnakeCase" storage="c:\code\sys-sensor-v3\src\systemmonitor.tests\bin\release\net8.0\systemmonitor.tests.dll" id="fc84e8aa-81c3-13b2-161d-42cbb3024667">
      <Execution id="ae247d85-7411-4f8c-b088-729e514a622b" />
      <TestMethod codeBase="C:\code\sys-sensor-v3\src\SystemMonitor.Tests\bin\Release\net8.0\SystemMonitor.Tests.dll" adapterTypeName="executor://xunit/VsTestRunner2/netcoreapp" className="SystemMonitor.Tests.ContractTests" name="SubscribeMetrics_Request_Serializes_To_SnakeCase" />
    </UnitTest>
    <UnitTest name="SystemMonitor.Tests.EndToEndTests.Snapshot_Cpu_Expanded_Fields" storage="c:\code\sys-sensor-v3\src\systemmonitor.tests\bin\release\net8.0\systemmonitor.tests.dll" id="ba4d86c4-e56e-4feb-035c-05a39221e7db">
      <Execution id="3a407466-ed4c-46d8-83ba-d0fe4b089840" />
      <TestMethod codeBase="C:\code\sys-sensor-v3\src\SystemMonitor.Tests\bin\Release\net8.0\SystemMonitor.Tests.dll" adapterTypeName="executor://xunit/VsTestRunner2/netcoreapp" className="SystemMonitor.Tests.EndToEndTests" name="Snapshot_Cpu_Expanded_Fields" />
    </UnitTest>
    <UnitTest name="SystemMonitor.Tests.ContractTests.Hello_Request_Serializes_To_SnakeCase" storage="c:\code\sys-sensor-v3\src\systemmonitor.tests\bin\release\net8.0\systemmonitor.tests.dll" id="7aba6d95-cdac-4d3b-fc1e-d345b65a933b">
      <Execution id="513755f3-db78-405b-87ee-d3f1e5001b3c" />
      <TestMethod codeBase="C:\code\sys-sensor-v3\src\SystemMonitor.Tests\bin\Release\net8.0\SystemMonitor.Tests.dll" adapterTypeName="executor://xunit/VsTestRunner2/netcoreapp" className="SystemMonitor.Tests.ContractTests" name="Hello_Request_Serializes_To_SnakeCase" />
    </UnitTest>
    <UnitTest name="SystemMonitor.Tests.SchemaTests.Hello_Schema_Valid_Minimal" storage="c:\code\sys-sensor-v3\src\systemmonitor.tests\bin\release\net8.0\systemmonitor.tests.dll" id="e1fbd4f1-6ade-f24b-317f-6dbbbf27c5fc">
      <Execution id="d7ee4079-e027-4c62-8182-5eebf00a844a" />
      <TestMethod codeBase="C:\code\sys-sensor-v3\src\SystemMonitor.Tests\bin\Release\net8.0\SystemMonitor.Tests.dll" adapterTypeName="executor://xunit/VsTestRunner2/netcoreapp" className="SystemMonitor.Tests.SchemaTests" name="Hello_Schema_Valid_Minimal" />
    </UnitTest>
    <UnitTest name="SystemMonitor.Tests.EndToEndTests.Hello_WithoutToken_Fails" storage="c:\code\sys-sensor-v3\src\systemmonitor.tests\bin\release\net8.0\systemmonitor.tests.dll" id="1bc68377-98f3-3224-550a-3a1f98831502">
      <Execution id="14b50f0c-86f9-4004-b66a-d27c3ea26311" />
      <TestMethod codeBase="C:\code\sys-sensor-v3\src\SystemMonitor.Tests\bin\Release\net8.0\SystemMonitor.Tests.dll" adapterTypeName="executor://xunit/VsTestRunner2/netcoreapp" className="SystemMonitor.Tests.EndToEndTests" name="Hello_WithoutToken_Fails" />
    </UnitTest>
    <UnitTest name="SystemMonitor.Tests.ContractTests.SetConfig_Request_Should_Not_Contain_PascalCase_Keys" storage="c:\code\sys-sensor-v3\src\systemmonitor.tests\bin\release\net8.0\systemmonitor.tests.dll" id="dc6251cd-01f9-1cce-a502-df54ce71eba2">
      <Execution id="7a86ee19-26fa-4b5c-a23c-70dfee2d4f72" />
      <TestMethod codeBase="C:\code\sys-sensor-v3\src\SystemMonitor.Tests\bin\Release\net8.0\SystemMonitor.Tests.dll" adapterTypeName="executor://xunit/VsTestRunner2/netcoreapp" className="SystemMonitor.Tests.ContractTests" name="SetConfig_Request_Should_Not_Contain_PascalCase_Keys" />
    </UnitTest>
    <UnitTest name="SystemMonitor.Tests.SchemaTests.QueryHistory_Schema_Valid" storage="c:\code\sys-sensor-v3\src\systemmonitor.tests\bin\release\net8.0\systemmonitor.tests.dll" id="69d6d1aa-b426-63fd-4c85-4eac53250980">
      <Execution id="f059271f-7d87-4236-afbd-a3de32faf4a6" />
      <TestMethod codeBase="C:\code\sys-sensor-v3\src\SystemMonitor.Tests\bin\Release\net8.0\SystemMonitor.Tests.dll" adapterTypeName="executor://xunit/VsTestRunner2/netcoreapp" className="SystemMonitor.Tests.SchemaTests" name="QueryHistory_Schema_Valid" />
    </UnitTest>
    <UnitTest name="SystemMonitor.Tests.SchemaTests.QueryHistory_Schema_Invalid_Granularity" storage="c:\code\sys-sensor-v3\src\systemmonitor.tests\bin\release\net8.0\systemmonitor.tests.dll" id="af91bfef-d9e3-90f4-bf1f-8322352913ff">
      <Execution id="386daf2a-0b89-4c08-91a7-a167506a3e49" />
      <TestMethod codeBase="C:\code\sys-sensor-v3\src\SystemMonitor.Tests\bin\Release\net8.0\SystemMonitor.Tests.dll" adapterTypeName="executor://xunit/VsTestRunner2/netcoreapp" className="SystemMonitor.Tests.SchemaTests" name="QueryHistory_Schema_Invalid_Granularity" />
    </UnitTest>
    <UnitTest name="SystemMonitor.Tests.ContractTests.Snapshot_Request_Serializes_To_SnakeCase" storage="c:\code\sys-sensor-v3\src\systemmonitor.tests\bin\release\net8.0\systemmonitor.tests.dll" id="f4df6398-0c14-b3dd-5ee6-c8f487d7504a">
      <Execution id="08a1dc0f-9f25-48e6-b125-1abbb473ee72" />
      <TestMethod codeBase="C:\code\sys-sensor-v3\src\SystemMonitor.Tests\bin\Release\net8.0\SystemMonitor.Tests.dll" adapterTypeName="executor://xunit/VsTestRunner2/netcoreapp" className="SystemMonitor.Tests.ContractTests" name="Snapshot_Request_Serializes_To_SnakeCase" />
    </UnitTest>
    <UnitTest name="SystemMonitor.Tests.EndToEndTests.Metrics_Throttle_Burst_Recovery_Works" storage="c:\code\sys-sensor-v3\src\systemmonitor.tests\bin\release\net8.0\systemmonitor.tests.dll" id="575383ac-a422-d1e5-3903-2da7ffd1b577">
      <Execution id="dfe1d088-1620-4a9a-b7d9-44763475c90e" />
      <TestMethod codeBase="C:\code\sys-sensor-v3\src\SystemMonitor.Tests\bin\Release\net8.0\SystemMonitor.Tests.dll" adapterTypeName="executor://xunit/VsTestRunner2/netcoreapp" className="SystemMonitor.Tests.EndToEndTests" name="Metrics_Throttle_Burst_Recovery_Works" />
    </UnitTest>
    <UnitTest name="SystemMonitor.Tests.SchemaTests.Hello_Schema_Invalid_NoToken" storage="c:\code\sys-sensor-v3\src\systemmonitor.tests\bin\release\net8.0\systemmonitor.tests.dll" id="d13cbe31-bcad-db2e-a448-21033afe455a">
      <Execution id="393d9d7c-c0c0-4bb3-ae9a-8ab64aa1df81" />
      <TestMethod codeBase="C:\code\sys-sensor-v3\src\SystemMonitor.Tests\bin\Release\net8.0\SystemMonitor.Tests.dll" adapterTypeName="executor://xunit/VsTestRunner2/netcoreapp" className="SystemMonitor.Tests.SchemaTests" name="Hello_Schema_Invalid_NoToken" />
    </UnitTest>
    <UnitTest name="SystemMonitor.Tests.ContractTests.UpdateCheck_Request_Serializes_To_SnakeCase" storage="c:\code\sys-sensor-v3\src\systemmonitor.tests\bin\release\net8.0\systemmonitor.tests.dll" id="63eafbb5-a30b-37a9-e05f-fe5729a00075">
      <Execution id="92839d83-2f9f-498f-baa9-05fdab4b42bf" />
      <TestMethod codeBase="C:\code\sys-sensor-v3\src\SystemMonitor.Tests\bin\Release\net8.0\SystemMonitor.Tests.dll" adapterTypeName="executor://xunit/VsTestRunner2/netcoreapp" className="SystemMonitor.Tests.ContractTests" name="UpdateCheck_Request_Serializes_To_SnakeCase" />
    </UnitTest>
  </TestDefinitions>
  <TestEntries>
    <TestEntry testId="0f77d0ed-59fb-971b-4d70-0677c148fa79" executionId="03226f01-4b79-436a-b779-13f1d8389e14" testListId="8c84fa94-04c1-424b-9868-57a2d4851a1d" />
    <TestEntry testId="ef813fb4-1132-cb92-7e68-0c9ef045b6b7" executionId="d811e9b9-3e36-4f74-a6aa-5f933bef5376" testListId="8c84fa94-04c1-424b-9868-57a2d4851a1d" />
    <TestEntry testId="d1ecf483-dfd0-e8fd-412c-75343e5fd3e3" executionId="e8105c0e-b12c-4356-ba18-7bd5b10c5a82" testListId="8c84fa94-04c1-424b-9868-57a2d4851a1d" />
    <TestEntry testId="648e89fa-b178-023e-6b9f-b12e893716da" executionId="2d4b77f7-8140-4c7a-a584-581e9e8059ca" testListId="8c84fa94-04c1-424b-9868-57a2d4851a1d" />
    <TestEntry testId="af91bfef-d9e3-90f4-bf1f-8322352913ff" executionId="386daf2a-0b89-4c08-91a7-a167506a3e49" testListId="8c84fa94-04c1-424b-9868-57a2d4851a1d" />
    <TestEntry testId="116d7234-8081-621c-9c63-75bb4125b1af" executionId="34c7a2c8-d5a4-4657-b9dd-389198883c69" testListId="8c84fa94-04c1-424b-9868-57a2d4851a1d" />
    <TestEntry testId="63eafbb5-a30b-37a9-e05f-fe5729a00075" executionId="92839d83-2f9f-498f-baa9-05fdab4b42bf" testListId="8c84fa94-04c1-424b-9868-57a2d4851a1d" />
    <TestEntry testId="7fcfcc39-66f5-e59a-53bb-ab760b3d7c57" executionId="7b7445b3-2415-43ac-89f5-594d8458679b" testListId="8c84fa94-04c1-424b-9868-57a2d4851a1d" />
    <TestEntry testId="e1fbd4f1-6ade-f24b-317f-6dbbbf27c5fc" executionId="d7ee4079-e027-4c62-8182-5eebf00a844a" testListId="8c84fa94-04c1-424b-9868-57a2d4851a1d" />
    <TestEntry testId="6bc5c69f-1e35-1dda-027a-3965f2238887" executionId="abc6108a-ccf1-4071-a964-019647dfd13b" testListId="8c84fa94-04c1-424b-9868-57a2d4851a1d" />
    <TestEntry testId="f6814e48-0b49-81a9-5412-aa1c3ac48e00" executionId="aeaab83e-390f-47ef-8923-c37d3aa23d9e" testListId="8c84fa94-04c1-424b-9868-57a2d4851a1d" />
    <TestEntry testId="fc84e8aa-81c3-13b2-161d-42cbb3024667" executionId="ae247d85-7411-4f8c-b088-729e514a622b" testListId="8c84fa94-04c1-424b-9868-57a2d4851a1d" />
    <TestEntry testId="deff2b50-b04e-659a-fcb1-aacff92daa42" executionId="3b54ff9c-9c46-48fc-96b5-70dca9348f0d" testListId="8c84fa94-04c1-424b-9868-57a2d4851a1d" />
    <TestEntry testId="d17c6ea2-3ca4-386f-c6e7-4b216cf89dd5" executionId="2971fa17-2e0c-4a90-871a-3dc43a8ab4ec" testListId="8c84fa94-04c1-424b-9868-57a2d4851a1d" />
    <TestEntry testId="d13cbe31-bcad-db2e-a448-21033afe455a" executionId="393d9d7c-c0c0-4bb3-ae9a-8ab64aa1df81" testListId="8c84fa94-04c1-424b-9868-57a2d4851a1d" />
    <TestEntry testId="18b35648-a566-3499-95ec-e14d308dcba6" executionId="d9f381f6-366d-45f8-81ca-bbb91c9423ad" testListId="8c84fa94-04c1-424b-9868-57a2d4851a1d" />
    <TestEntry testId="825a0899-f60c-7747-10dc-edf9d745369b" executionId="04b8b26f-d6ea-46d5-9e07-bcdd6c521d5f" testListId="8c84fa94-04c1-424b-9868-57a2d4851a1d" />
    <TestEntry testId="897198c2-e013-2fdc-4de0-ccbd44dab1f1" executionId="321ed63e-99bd-4038-9866-d176070036c4" testListId="8c84fa94-04c1-424b-9868-57a2d4851a1d" />
    <TestEntry testId="1625b824-bf75-ff81-2ccc-b11736dbaaf3" executionId="ae8f402f-8bb2-4ce9-b9cf-dd52817882ac" testListId="8c84fa94-04c1-424b-9868-57a2d4851a1d" />
    <TestEntry testId="c7e17ebe-07f3-5913-71e6-f1c4a943136f" executionId="ac0b8b26-8bd1-47bf-b0c0-128854ea5eaf" testListId="8c84fa94-04c1-424b-9868-57a2d4851a1d" />
    <TestEntry testId="84bddd7b-5fca-ad7f-6631-caa1dc730eca" executionId="6b661edb-2490-48cf-9859-b9af3046b5c9" testListId="8c84fa94-04c1-424b-9868-57a2d4851a1d" />
    <TestEntry testId="b63f371d-2541-ba09-aa15-8afdc6da8ab0" executionId="1bc1d93d-09d0-4608-961d-fe4ead08aa38" testListId="8c84fa94-04c1-424b-9868-57a2d4851a1d" />
    <TestEntry testId="afa476e6-1342-0de1-8963-ea8bca4835e6" executionId="af46830a-d5df-4fd8-86b1-2416ec2946b0" testListId="8c84fa94-04c1-424b-9868-57a2d4851a1d" />
    <TestEntry testId="f4df6398-0c14-b3dd-5ee6-c8f487d7504a" executionId="08a1dc0f-9f25-48e6-b125-1abbb473ee72" testListId="8c84fa94-04c1-424b-9868-57a2d4851a1d" />
    <TestEntry testId="a5cee8d5-e1e7-16a2-597a-8c6cbc2b8be8" executionId="5bdc50b4-4fc3-4219-9621-12665df08600" testListId="8c84fa94-04c1-424b-9868-57a2d4851a1d" />
    <TestEntry testId="575383ac-a422-d1e5-3903-2da7ffd1b577" executionId="dfe1d088-1620-4a9a-b7d9-44763475c90e" testListId="8c84fa94-04c1-424b-9868-57a2d4851a1d" />
    <TestEntry testId="dc6251cd-01f9-1cce-a502-df54ce71eba2" executionId="7a86ee19-26fa-4b5c-a23c-70dfee2d4f72" testListId="8c84fa94-04c1-424b-9868-57a2d4851a1d" />
    <TestEntry testId="7aba6d95-cdac-4d3b-fc1e-d345b65a933b" executionId="513755f3-db78-405b-87ee-d3f1e5001b3c" testListId="8c84fa94-04c1-424b-9868-57a2d4851a1d" />
    <TestEntry testId="5359d170-82fa-d8d2-2f92-97bc053dca0c" executionId="944b69c5-431d-4968-b808-6cdd379e9c86" testListId="8c84fa94-04c1-424b-9868-57a2d4851a1d" />
    <TestEntry testId="8efef518-8988-e3e1-bb3e-361f08b825e5" executionId="d7f6d725-9321-48e4-94da-5088e0df56a0" testListId="8c84fa94-04c1-424b-9868-57a2d4851a1d" />
    <TestEntry testId="e7afe76e-2983-511f-53e6-ec72c360fd06" executionId="481a63dd-b577-4fb3-8bd6-d4311f35d2da" testListId="8c84fa94-04c1-424b-9868-57a2d4851a1d" />
    <TestEntry testId="69d6d1aa-b426-63fd-4c85-4eac53250980" executionId="f059271f-7d87-4236-afbd-a3de32faf4a6" testListId="8c84fa94-04c1-424b-9868-57a2d4851a1d" />
    <TestEntry testId="dacf0d9f-52f8-cc00-236f-2f32d31c4af3" executionId="69b94705-dc87-4fe6-9983-3e50031a3ee7" testListId="8c84fa94-04c1-424b-9868-57a2d4851a1d" />
    <TestEntry testId="d46fc4ee-0150-cded-8fbb-ceb1d2e0e4ba" executionId="b2042cf6-0c8e-440e-b35c-37d4f725aa05" testListId="8c84fa94-04c1-424b-9868-57a2d4851a1d" />
    <TestEntry testId="ba4d86c4-e56e-4feb-035c-05a39221e7db" executionId="3a407466-ed4c-46d8-83ba-d0fe4b089840" testListId="8c84fa94-04c1-424b-9868-57a2d4851a1d" />
    <TestEntry testId="1bc68377-98f3-3224-550a-3a1f98831502" executionId="14b50f0c-86f9-4004-b66a-d27c3ea26311" testListId="8c84fa94-04c1-424b-9868-57a2d4851a1d" />
    <TestEntry testId="2fee1618-453a-fb22-e956-2fd9d457aed7" executionId="698a978a-0e94-4f93-9673-1aff5d344620" testListId="8c84fa94-04c1-424b-9868-57a2d4851a1d" />
    <TestEntry testId="316b5766-01a4-b945-df1a-1d07ac1dfded" executionId="81b8674b-38be-4b12-acbb-e9a99ed4052d" testListId="8c84fa94-04c1-424b-9868-57a2d4851a1d" />
  </TestEntries>
  <TestLists>
    <TestList name="列表中未列出的结果" id="8c84fa94-04c1-424b-9868-57a2d4851a1d" />
    <TestList name="所有已加载的结果" id="19431567-8539-422a-85d7-44ee4e166bda" />
  </TestLists>
  <ResultSummary outcome="Completed">
    <Counters total="38" executed="35" passed="35" failed="0" error="0" timeout="0" aborted="0" inconclusive="0" passedButRunAborted="0" notRunnable="0" notExecuted="0" disconnected="0" warning="0" completed="0" inProgress="0" pending="0" />
    <Output>
      <StdOut>[xUnit.net 00:00:00.00] xUnit.net VSTest Adapter v2.5.3.1+6b60a9e56a (64-bit .NET 8.0.19)&#xD;
[xUnit.net 00:00:00.18]   Discovering: SystemMonitor.Tests&#xD;
[xUnit.net 00:00:00.23]   Discovered:  SystemMonitor.Tests&#xD;
[xUnit.net 00:00:00.24]   Starting:    SystemMonitor.Tests&#xD;
[xUnit.net 00:00:00.43]       非 M1：后续里程碑接口&#xD;
在测试运行中跳过测试“SystemMonitor.Tests.ContractTests.SetLogLevel_Request_Serializes_To_SnakeCase”。&#xD;
[xUnit.net 00:00:00.49]       非 M1：后续里程碑接口&#xD;
[xUnit.net 00:00:00.49]       非 M1：后续里程碑接口&#xD;
在测试运行中跳过测试“SystemMonitor.Tests.ContractTests.UpdateApply_Request_Serializes_To_SnakeCase”。&#xD;
在测试运行中跳过测试“SystemMonitor.Tests.ContractTests.UpdateCheck_Request_Serializes_To_SnakeCase”。&#xD;
[svc][out] 正在生成...&#xD;
[test][pipe-wait] last-win32=2 elapsed=0.0s&#xD;
[test][pipe-wait] last-win32=2 elapsed=0.2s&#xD;
[test][pipe-wait] last-win32=2 elapsed=0.4s&#xD;
[test][pipe-wait] last-win32=2 elapsed=0.6s&#xD;
[test][pipe-wait] last-win32=2 elapsed=0.8s&#xD;
[test][pipe-wait] last-win32=2 elapsed=1.0s&#xD;
[test][pipe-wait] last-win32=2 elapsed=1.2s&#xD;
[test][pipe-wait] last-win32=2 elapsed=1.4s&#xD;
[test][pipe-wait] last-win32=2 elapsed=1.7s&#xD;
[test][pipe-wait] last-win32=2 elapsed=1.9s&#xD;
[test][pipe-wait] last-win32=2 elapsed=2.1s&#xD;
[test][pipe-wait] last-win32=2 elapsed=2.3s&#xD;
[test][pipe-wait] last-win32=2 elapsed=2.5s&#xD;
[svc][out] [BOOT] Program start&#xD;
[svc][out] [BOOT] Invoking root command...&#xD;
[test][pipe-wait] last-win32=2 elapsed=2.7s&#xD;
[svc][out] [BOOT] Host builder created&#xD;
[svc][out] [BOOT] Building host...&#xD;
[test][pipe-wait] last-win32=2 elapsed=2.9s&#xD;
[svc][out] [BOOT] Host built&#xD;
[svc][out] [SystemMonitor.Service] Running in CONSOLE mode. Use --service to run as Windows Service.&#xD;
[test][pipe-wait] last-win32=2 elapsed=3.1s&#xD;
[svc][out] 正在生成...&#xD;
[test][pipe-wait] last-win32=2 elapsed=0.0s&#xD;
[test][pipe-wait] last-win32=2 elapsed=0.2s&#xD;
[test][pipe-wait] last-win32=2 elapsed=0.6s&#xD;
[test][pipe-wait] last-win32=2 elapsed=0.8s&#xD;
[test][pipe-wait] last-win32=2 elapsed=1.0s&#xD;
[test][pipe-wait] last-win32=2 elapsed=1.2s&#xD;
[test][pipe-wait] last-win32=2 elapsed=1.4s&#xD;
[test][pipe-wait] last-win32=2 elapsed=1.6s&#xD;
[test][pipe-wait] last-win32=2 elapsed=1.8s&#xD;
[test][pipe-wait] last-win32=2 elapsed=2.0s&#xD;
[test][pipe-wait] last-win32=2 elapsed=2.3s&#xD;
[test][pipe-wait] last-win32=2 elapsed=2.5s&#xD;
[test][pipe-wait] last-win32=2 elapsed=2.8s&#xD;
[test][pipe-wait] last-win32=2 elapsed=3.0s&#xD;
[test][pipe-wait] last-win32=2 elapsed=3.2s&#xD;
[svc][out] [BOOT] Program start&#xD;
[svc][out] [BOOT] Invoking root command...&#xD;
[svc][out] [BOOT] Host builder created&#xD;
[svc][out] [BOOT] Building host...&#xD;
[test][pipe-wait] last-win32=2 elapsed=3.4s&#xD;
[test][pipe-wait] last-win32=2 elapsed=3.6s&#xD;
[svc][out] [BOOT] Host built&#xD;
[svc][out] [SystemMonitor.Service] Running in CONSOLE mode. Use --service to run as Windows Service.&#xD;
[test][pipe-wait] last-win32=2 elapsed=3.8s&#xD;
[svc][out] 正在生成...&#xD;
[test][pipe-wait] last-win32=2 elapsed=0.0s&#xD;
[test][pipe-wait] last-win32=2 elapsed=0.2s&#xD;
[test][pipe-wait] last-win32=2 elapsed=0.4s&#xD;
[test][pipe-wait] last-win32=2 elapsed=0.6s&#xD;
[test][pipe-wait] last-win32=2 elapsed=0.8s&#xD;
[test][pipe-wait] last-win32=2 elapsed=1.0s&#xD;
[test][pipe-wait] last-win32=2 elapsed=1.2s&#xD;
[test][pipe-wait] last-win32=2 elapsed=1.5s&#xD;
[test][pipe-wait] last-win32=2 elapsed=1.7s&#xD;
[test][pipe-wait] last-win32=2 elapsed=1.9s&#xD;
[test][pipe-wait] last-win32=2 elapsed=2.1s&#xD;
[test][pipe-wait] last-win32=2 elapsed=2.3s&#xD;
[test][pipe-wait] last-win32=2 elapsed=2.5s&#xD;
[test][pipe-wait] last-win32=2 elapsed=2.7s&#xD;
[svc][out] [BOOT] Program start&#xD;
[svc][out] [BOOT] Invoking root command...&#xD;
[svc][out] [BOOT] Host builder created&#xD;
[svc][out] [BOOT] Building host...&#xD;
[test][pipe-wait] last-win32=2 elapsed=2.9s&#xD;
[test][pipe-wait] last-win32=2 elapsed=3.1s&#xD;
[svc][out] [BOOT] Host built&#xD;
[svc][out] [SystemMonitor.Service] Running in CONSOLE mode. Use --service to run as Windows Service.&#xD;
[test][pipe-wait] last-win32=2 elapsed=3.3s&#xD;
[svc][out] 正在生成...&#xD;
[test][pipe-wait] last-win32=2 elapsed=0.0s&#xD;
[test][pipe-wait] last-win32=2 elapsed=0.2s&#xD;
[test][pipe-wait] last-win32=2 elapsed=0.4s&#xD;
[test][pipe-wait] last-win32=2 elapsed=0.6s&#xD;
[test][pipe-wait] last-win32=2 elapsed=0.8s&#xD;
[test][pipe-wait] last-win32=2 elapsed=1.0s&#xD;
[test][pipe-wait] last-win32=2 elapsed=1.2s&#xD;
[test][pipe-wait] last-win32=2 elapsed=1.5s&#xD;
[test][pipe-wait] last-win32=2 elapsed=1.7s&#xD;
[test][pipe-wait] last-win32=2 elapsed=1.9s&#xD;
[test][pipe-wait] last-win32=2 elapsed=2.1s&#xD;
[test][pipe-wait] last-win32=2 elapsed=2.3s&#xD;
[test][pipe-wait] last-win32=2 elapsed=2.5s&#xD;
[test][pipe-wait] last-win32=2 elapsed=2.7s&#xD;
[test][pipe-wait] last-win32=2 elapsed=2.9s&#xD;
[test][pipe-wait] last-win32=2 elapsed=3.1s&#xD;
[svc][out] [BOOT] Program start&#xD;
[svc][out] [BOOT] Invoking root command...&#xD;
[svc][out] [BOOT] Host builder created&#xD;
[svc][out] [BOOT] Building host...&#xD;
[test][pipe-wait] last-win32=2 elapsed=3.3s&#xD;
[test][pipe-wait] last-win32=2 elapsed=3.6s&#xD;
[test][pipe-wait] last-win32=2 elapsed=3.8s&#xD;
[svc][out] [BOOT] Host built&#xD;
[svc][out] [SystemMonitor.Service] Running in CONSOLE mode. Use --service to run as Windows Service.&#xD;
[test][pipe-wait] last-win32=2 elapsed=4.0s&#xD;
[svc][out] 正在生成...&#xD;
[test][pipe-wait] last-win32=2 elapsed=0.0s&#xD;
[test][pipe-wait] last-win32=2 elapsed=0.2s&#xD;
[test][pipe-wait] last-win32=2 elapsed=0.4s&#xD;
[test][pipe-wait] last-win32=2 elapsed=0.6s&#xD;
[test][pipe-wait] last-win32=2 elapsed=0.8s&#xD;
[test][pipe-wait] last-win32=2 elapsed=1.0s&#xD;
[test][pipe-wait] last-win32=2 elapsed=1.2s&#xD;
[test][pipe-wait] last-win32=2 elapsed=1.4s&#xD;
[test][pipe-wait] last-win32=2 elapsed=1.6s&#xD;
[test][pipe-wait] last-win32=2 elapsed=1.9s&#xD;
[test][pipe-wait] last-win32=2 elapsed=2.1s&#xD;
[test][pipe-wait] last-win32=2 elapsed=2.3s&#xD;
[test][pipe-wait] last-win32=2 elapsed=2.5s&#xD;
[test][pipe-wait] last-win32=2 elapsed=2.7s&#xD;
[test][pipe-wait] last-win32=2 elapsed=2.9s&#xD;
[svc][out] [BOOT] Program start&#xD;
[svc][out] [BOOT] Invoking root command...&#xD;
[test][pipe-wait] last-win32=2 elapsed=3.1s&#xD;
[svc][out] [BOOT] Host builder created&#xD;
[svc][out] [BOOT] Building host...&#xD;
[test][pipe-wait] last-win32=2 elapsed=3.3s&#xD;
[test][pipe-wait] last-win32=2 elapsed=3.5s&#xD;
[test][pipe-wait] last-win32=2 elapsed=3.7s&#xD;
[svc][out] [BOOT] Host built&#xD;
[svc][out] [SystemMonitor.Service] Running in CONSOLE mode. Use --service to run as Windows Service.&#xD;
[test][pipe-wait] last-win32=2 elapsed=3.9s&#xD;
[svc][out] 正在生成...&#xD;
[test][pipe-wait] last-win32=2 elapsed=0.0s&#xD;
[test][pipe-wait] last-win32=2 elapsed=0.2s&#xD;
[test][pipe-wait] last-win32=2 elapsed=0.4s&#xD;
[test][pipe-wait] last-win32=2 elapsed=0.6s&#xD;
[test][pipe-wait] last-win32=2 elapsed=0.9s&#xD;
[test][pipe-wait] last-win32=2 elapsed=1.1s&#xD;
[test][pipe-wait] last-win32=2 elapsed=1.3s&#xD;
[test][pipe-wait] last-win32=2 elapsed=1.5s&#xD;
[test][pipe-wait] last-win32=2 elapsed=1.7s&#xD;
[test][pipe-wait] last-win32=2 elapsed=1.9s&#xD;
[test][pipe-wait] last-win32=2 elapsed=2.1s&#xD;
[test][pipe-wait] last-win32=2 elapsed=2.3s&#xD;
[test][pipe-wait] last-win32=2 elapsed=2.6s&#xD;
[test][pipe-wait] last-win32=2 elapsed=2.8s&#xD;
[test][pipe-wait] last-win32=2 elapsed=3.0s&#xD;
[svc][out] [BOOT] Program start&#xD;
[svc][out] [BOOT] Invoking root command...&#xD;
[svc][out] [BOOT] Host builder created&#xD;
[svc][out] [BOOT] Building host...&#xD;
[test][pipe-wait] last-win32=2 elapsed=3.2s&#xD;
[test][pipe-wait] last-win32=2 elapsed=3.4s&#xD;
[svc][out] [BOOT] Host built&#xD;
[svc][out] [SystemMonitor.Service] Running in CONSOLE mode. Use --service to run as Windows Service.&#xD;
[svc][out] 正在生成...&#xD;
[test][pipe-wait] last-win32=2 elapsed=0.0s&#xD;
[test][pipe-wait] last-win32=2 elapsed=0.2s&#xD;
[test][pipe-wait] last-win32=2 elapsed=0.4s&#xD;
[test][pipe-wait] last-win32=2 elapsed=0.6s&#xD;
[test][pipe-wait] last-win32=2 elapsed=0.8s&#xD;
[test][pipe-wait] last-win32=2 elapsed=1.0s&#xD;
[test][pipe-wait] last-win32=2 elapsed=1.2s&#xD;
[test][pipe-wait] last-win32=2 elapsed=1.4s&#xD;
[test][pipe-wait] last-win32=2 elapsed=1.6s&#xD;
[test][pipe-wait] last-win32=2 elapsed=1.9s&#xD;
[test][pipe-wait] last-win32=2 elapsed=2.1s&#xD;
[test][pipe-wait] last-win32=2 elapsed=2.3s&#xD;
[test][pipe-wait] last-win32=2 elapsed=2.5s&#xD;
[test][pipe-wait] last-win32=2 elapsed=2.7s&#xD;
[test][pipe-wait] last-win32=2 elapsed=2.9s&#xD;
[test][pipe-wait] last-win32=2 elapsed=3.1s&#xD;
[svc][out] [BOOT] Program start&#xD;
[svc][out] [BOOT] Invoking root command...&#xD;
[test][pipe-wait] last-win32=2 elapsed=3.3s&#xD;
[svc][out] [BOOT] Host builder created&#xD;
[svc][out] [BOOT] Building host...&#xD;
[test][pipe-wait] last-win32=2 elapsed=3.5s&#xD;
[svc][out] [BOOT] Host built&#xD;
[svc][out] [SystemMonitor.Service] Running in CONSOLE mode. Use --service to run as Windows Service.&#xD;
[test][pipe-wait] last-win32=2 elapsed=3.7s&#xD;
[test][pipe-wait] last-win32=2 elapsed=4.0s&#xD;
[svc][out] 正在生成...&#xD;
[test][pipe-wait] last-win32=2 elapsed=0.0s&#xD;
[test][pipe-wait] last-win32=2 elapsed=0.2s&#xD;
[test][pipe-wait] last-win32=2 elapsed=0.4s&#xD;
[test][pipe-wait] last-win32=2 elapsed=0.6s&#xD;
[test][pipe-wait] last-win32=2 elapsed=0.8s&#xD;
[test][pipe-wait] last-win32=2 elapsed=1.0s&#xD;
[test][pipe-wait] last-win32=2 elapsed=1.3s&#xD;
[test][pipe-wait] last-win32=2 elapsed=1.5s&#xD;
[test][pipe-wait] last-win32=2 elapsed=1.7s&#xD;
[test][pipe-wait] last-win32=2 elapsed=1.9s&#xD;
[test][pipe-wait] last-win32=2 elapsed=2.1s&#xD;
[test][pipe-wait] last-win32=2 elapsed=2.3s&#xD;
[test][pipe-wait] last-win32=2 elapsed=2.5s&#xD;
[svc][out] [BOOT] Program start&#xD;
[svc][out] [BOOT] Invoking root command...&#xD;
[test][pipe-wait] last-win32=2 elapsed=2.7s&#xD;
[svc][out] [BOOT] Host builder created&#xD;
[svc][out] [BOOT] Building host...&#xD;
[test][pipe-wait] last-win32=2 elapsed=2.9s&#xD;
[test][pipe-wait] last-win32=2 elapsed=3.1s&#xD;
[svc][out] [BOOT] Host built&#xD;
[svc][out] [SystemMonitor.Service] Running in CONSOLE mode. Use --service to run as Windows Service.&#xD;
[svc][out] 正在生成...&#xD;
[test][pipe-wait] last-win32=2 elapsed=0.0s&#xD;
[test][pipe-wait] last-win32=2 elapsed=0.2s&#xD;
[test][pipe-wait] last-win32=2 elapsed=0.4s&#xD;
[test][pipe-wait] last-win32=2 elapsed=0.6s&#xD;
[test][pipe-wait] last-win32=2 elapsed=0.8s&#xD;
[test][pipe-wait] last-win32=2 elapsed=1.0s&#xD;
[test][pipe-wait] last-win32=2 elapsed=1.2s&#xD;
[test][pipe-wait] last-win32=2 elapsed=1.4s&#xD;
[test][pipe-wait] last-win32=2 elapsed=1.6s&#xD;
[test][pipe-wait] last-win32=2 elapsed=1.8s&#xD;
[test][pipe-wait] last-win32=2 elapsed=2.1s&#xD;
[test][pipe-wait] last-win32=2 elapsed=2.3s&#xD;
[test][pipe-wait] last-win32=2 elapsed=2.5s&#xD;
[test][pipe-wait] last-win32=2 elapsed=2.7s&#xD;
[test][pipe-wait] last-win32=2 elapsed=2.9s&#xD;
[test][pipe-wait] last-win32=2 elapsed=3.1s&#xD;
[svc][out] [BOOT] Program start&#xD;
[svc][out] [BOOT] Invoking root command...&#xD;
[svc][out] [BOOT] Host builder created&#xD;
[svc][out] [BOOT] Building host...&#xD;
[test][pipe-wait] last-win32=2 elapsed=3.3s&#xD;
[test][pipe-wait] last-win32=2 elapsed=3.5s&#xD;
[svc][out] [BOOT] Host built&#xD;
[svc][out] [SystemMonitor.Service] Running in CONSOLE mode. Use --service to run as Windows Service.&#xD;
[test][pipe-wait] last-win32=2 elapsed=3.7s&#xD;
[svc][out] 正在生成...&#xD;
[test][pipe-wait] last-win32=2 elapsed=0.0s&#xD;
[test][pipe-wait] last-win32=2 elapsed=0.2s&#xD;
[test][pipe-wait] last-win32=2 elapsed=0.4s&#xD;
[test][pipe-wait] last-win32=2 elapsed=0.6s&#xD;
[test][pipe-wait] last-win32=2 elapsed=0.8s&#xD;
[test][pipe-wait] last-win32=2 elapsed=1.1s&#xD;
[test][pipe-wait] last-win32=2 elapsed=1.3s&#xD;
[test][pipe-wait] last-win32=2 elapsed=1.5s&#xD;
[test][pipe-wait] last-win32=2 elapsed=1.7s&#xD;
[test][pipe-wait] last-win32=2 elapsed=1.9s&#xD;
[test][pipe-wait] last-win32=2 elapsed=2.1s&#xD;
[test][pipe-wait] last-win32=2 elapsed=2.3s&#xD;
[test][pipe-wait] last-win32=2 elapsed=2.5s&#xD;
[test][pipe-wait] last-win32=2 elapsed=2.7s&#xD;
[test][pipe-wait] last-win32=2 elapsed=2.9s&#xD;
[svc][out] [BOOT] Program start&#xD;
[svc][out] [BOOT] Invoking root command...&#xD;
[svc][out] [BOOT] Host builder created&#xD;
[svc][out] [BOOT] Building host...&#xD;
[test][pipe-wait] last-win32=2 elapsed=3.1s&#xD;
[test][pipe-wait] last-win32=2 elapsed=3.3s&#xD;
[svc][out] [BOOT] Host built&#xD;
[svc][out] [SystemMonitor.Service] Running in CONSOLE mode. Use --service to run as Windows Service.&#xD;
[test][pipe-wait] last-win32=2 elapsed=3.5s&#xD;
[svc][out] 正在生成...&#xD;
[test][pipe-wait] last-win32=2 elapsed=0.0s&#xD;
[test][pipe-wait] last-win32=2 elapsed=0.2s&#xD;
[test][pipe-wait] last-win32=2 elapsed=0.4s&#xD;
[test][pipe-wait] last-win32=2 elapsed=0.6s&#xD;
[test][pipe-wait] last-win32=2 elapsed=0.8s&#xD;
[test][pipe-wait] last-win32=2 elapsed=1.1s&#xD;
[test][pipe-wait] last-win32=2 elapsed=1.3s&#xD;
[test][pipe-wait] last-win32=2 elapsed=1.5s&#xD;
[test][pipe-wait] last-win32=2 elapsed=1.7s&#xD;
[test][pipe-wait] last-win32=2 elapsed=1.9s&#xD;
[test][pipe-wait] last-win32=2 elapsed=2.1s&#xD;
[test][pipe-wait] last-win32=2 elapsed=2.3s&#xD;
[test][pipe-wait] last-win32=2 elapsed=2.5s&#xD;
[test][pipe-wait] last-win32=2 elapsed=2.7s&#xD;
[test][pipe-wait] last-win32=2 elapsed=2.9s&#xD;
[test][pipe-wait] last-win32=2 elapsed=3.2s&#xD;
[test][pipe-wait] last-win32=2 elapsed=3.4s&#xD;
[svc][out] [BOOT] Program start&#xD;
[svc][out] [BOOT] Invoking root command...&#xD;
[test][pipe-wait] last-win32=2 elapsed=3.6s&#xD;
[svc][out] [BOOT] Host builder created&#xD;
[svc][out] [BOOT] Building host...&#xD;
[test][pipe-wait] last-win32=2 elapsed=3.8s&#xD;
[test][pipe-wait] last-win32=2 elapsed=4.0s&#xD;
[svc][out] [BOOT] Host built&#xD;
[svc][out] [SystemMonitor.Service] Running in CONSOLE mode. Use --service to run as Windows Service.&#xD;
[test][pipe-wait] last-win32=2 elapsed=4.2s&#xD;
[svc][out] 正在生成...&#xD;
[test][pipe-wait] last-win32=2 elapsed=0.0s&#xD;
[test][pipe-wait] last-win32=2 elapsed=0.2s&#xD;
[test][pipe-wait] last-win32=2 elapsed=0.4s&#xD;
[test][pipe-wait] last-win32=2 elapsed=0.6s&#xD;
[test][pipe-wait] last-win32=2 elapsed=0.8s&#xD;
[test][pipe-wait] last-win32=2 elapsed=1.1s&#xD;
[test][pipe-wait] last-win32=2 elapsed=1.3s&#xD;
[test][pipe-wait] last-win32=2 elapsed=1.5s&#xD;
[test][pipe-wait] last-win32=2 elapsed=1.7s&#xD;
[test][pipe-wait] last-win32=2 elapsed=1.9s&#xD;
[test][pipe-wait] last-win32=2 elapsed=2.1s&#xD;
[test][pipe-wait] last-win32=2 elapsed=2.3s&#xD;
[test][pipe-wait] last-win32=2 elapsed=2.5s&#xD;
[test][pipe-wait] last-win32=2 elapsed=2.8s&#xD;
[test][pipe-wait] last-win32=2 elapsed=3.0s&#xD;
[test][pipe-wait] last-win32=2 elapsed=3.2s&#xD;
[test][pipe-wait] last-win32=2 elapsed=3.4s&#xD;
[test][pipe-wait] last-win32=2 elapsed=3.6s&#xD;
[svc][out] [BOOT] Program start&#xD;
[svc][out] [BOOT] Invoking root command...&#xD;
[svc][out] [BOOT] Host builder created&#xD;
[svc][out] [BOOT] Building host...&#xD;
[test][pipe-wait] last-win32=2 elapsed=3.8s&#xD;
[test][pipe-wait] last-win32=2 elapsed=4.0s&#xD;
[test][pipe-wait] last-win32=2 elapsed=4.2s&#xD;
[svc][out] [BOOT] Host built&#xD;
[svc][out] [SystemMonitor.Service] Running in CONSOLE mode. Use --service to run as Windows Service.&#xD;
[test][pipe-wait] last-win32=2 elapsed=4.5s&#xD;
[svc][out] 正在生成...&#xD;
[test][pipe-wait] last-win32=2 elapsed=0.0s&#xD;
[test][pipe-wait] last-win32=2 elapsed=0.2s&#xD;
[test][pipe-wait] last-win32=2 elapsed=0.4s&#xD;
[test][pipe-wait] last-win32=2 elapsed=0.6s&#xD;
[test][pipe-wait] last-win32=2 elapsed=0.8s&#xD;
[test][pipe-wait] last-win32=2 elapsed=1.0s&#xD;
[test][pipe-wait] last-win32=2 elapsed=1.2s&#xD;
[test][pipe-wait] last-win32=2 elapsed=1.4s&#xD;
[test][pipe-wait] last-win32=2 elapsed=1.7s&#xD;
[test][pipe-wait] last-win32=2 elapsed=1.9s&#xD;
[test][pipe-wait] last-win32=2 elapsed=2.1s&#xD;
[test][pipe-wait] last-win32=2 elapsed=2.3s&#xD;
[test][pipe-wait] last-win32=2 elapsed=2.5s&#xD;
[test][pipe-wait] last-win32=2 elapsed=2.7s&#xD;
[test][pipe-wait] last-win32=2 elapsed=2.9s&#xD;
[test][pipe-wait] last-win32=2 elapsed=3.1s&#xD;
[svc][out] [BOOT] Program start&#xD;
[svc][out] [BOOT] Invoking root command...&#xD;
[test][pipe-wait] last-win32=2 elapsed=3.3s&#xD;
[svc][out] [BOOT] Host builder created&#xD;
[svc][out] [BOOT] Building host...&#xD;
[test][pipe-wait] last-win32=2 elapsed=3.5s&#xD;
[test][pipe-wait] last-win32=2 elapsed=3.7s&#xD;
[test][pipe-wait] last-win32=2 elapsed=3.9s&#xD;
[svc][out] [BOOT] Host built&#xD;
[svc][out] [SystemMonitor.Service] Running in CONSOLE mode. Use --service to run as Windows Service.&#xD;
[test][pipe-wait] last-win32=2 elapsed=4.1s&#xD;
[svc][out] 正在生成...&#xD;
[test][pipe-wait] last-win32=2 elapsed=0.0s&#xD;
[test][pipe-wait] last-win32=2 elapsed=0.2s&#xD;
[test][pipe-wait] last-win32=2 elapsed=0.4s&#xD;
[test][pipe-wait] last-win32=2 elapsed=0.6s&#xD;
[test][pipe-wait] last-win32=2 elapsed=0.8s&#xD;
[test][pipe-wait] last-win32=2 elapsed=1.0s&#xD;
[test][pipe-wait] last-win32=2 elapsed=1.2s&#xD;
[test][pipe-wait] last-win32=2 elapsed=1.4s&#xD;
[test][pipe-wait] last-win32=2 elapsed=1.6s&#xD;
[test][pipe-wait] last-win32=2 elapsed=1.9s&#xD;
[test][pipe-wait] last-win32=2 elapsed=2.1s&#xD;
[test][pipe-wait] last-win32=2 elapsed=2.3s&#xD;
[test][pipe-wait] last-win32=2 elapsed=2.5s&#xD;
[test][pipe-wait] last-win32=2 elapsed=2.7s&#xD;
[test][pipe-wait] last-win32=2 elapsed=2.9s&#xD;
[test][pipe-wait] last-win32=2 elapsed=3.1s&#xD;
[test][pipe-wait] last-win32=2 elapsed=3.3s&#xD;
[svc][out] [BOOT] Program start&#xD;
[svc][out] [BOOT] Invoking root command...&#xD;
[svc][out] [BOOT] Host builder created&#xD;
[svc][out] [BOOT] Building host...&#xD;
[test][pipe-wait] last-win32=2 elapsed=3.5s&#xD;
[test][pipe-wait] last-win32=2 elapsed=3.7s&#xD;
[svc][out] [BOOT] Host built&#xD;
[svc][out] [SystemMonitor.Service] Running in CONSOLE mode. Use --service to run as Windows Service.&#xD;
[test][pipe-wait] last-win32=2 elapsed=3.9s&#xD;
[xUnit.net 00:01:24.65]   Finished:    SystemMonitor.Tests&#xD;
</StdOut>
    </Output>
    <RunInfos>
      <RunInfo computerName="DESKTOP-J6M8022" outcome="Warning" timestamp="2025-08-22T16:37:37.9434473+08:00">
        <Text>[xUnit.net 00:00:00.43]     SystemMonitor.Tests.ContractTests.SetLogLevel_Request_Serializes_To_SnakeCase [SKIP]</Text>
      </RunInfo>
      <RunInfo computerName="DESKTOP-J6M8022" outcome="Warning" timestamp="2025-08-22T16:37:38.0801576+08:00">
        <Text>[xUnit.net 00:00:00.49]     SystemMonitor.Tests.ContractTests.UpdateApply_Request_Serializes_To_SnakeCase [SKIP]</Text>
      </RunInfo>
      <RunInfo computerName="DESKTOP-J6M8022" outcome="Warning" timestamp="2025-08-22T16:37:38.0805770+08:00">
        <Text>[xUnit.net 00:00:00.49]     SystemMonitor.Tests.ContractTests.UpdateCheck_Request_Serializes_To_SnakeCase [SKIP]</Text>
      </RunInfo>
    </RunInfos>
  </ResultSummary>
</TestRun>