<?xml version="1.0" encoding="utf-8"?>
<TestRun id="b54dbd51-84fb-4522-80df-3461d05773ef" name="terry@DESKTOP-J6M8022 2025-08-20 14:46:12" runUser="DESKTOP-J6M8022\terry" xmlns="http://microsoft.com/schemas/VisualStudio/TeamTest/2010">
  <Times creation="2025-08-20T14:46:12.5630106+08:00" queuing="2025-08-20T14:46:12.5630110+08:00" start="2025-08-20T14:46:11.0701381+08:00" finish="2025-08-20T14:46:58.2366102+08:00" />
  <TestSettings name="default" id="c7280df3-708b-4058-aef7-b561a3a8c250">
    <Deployment runDeploymentRoot="terry_DESKTOP-J6M8022_2025-08-20_14_46_12" />
  </TestSettings>
  <Results>
    <UnitTestResult executionId="a3e48751-cb5e-4472-ae88-4393ca119cf7" testId="f4df6398-0c14-b3dd-5ee6-c8f487d7504a" testName="SystemMonitor.Tests.ContractTests.Snapshot_Request_Serializes_To_SnakeCase" computerName="DESKTOP-J6M8022" duration="00:00:00.0012688" startTime="2025-08-20T14:46:12.5045817+08:00" endTime="2025-08-20T14:46:12.5045821+08:00" testType="13cdc9d9-ddb5-4fa4-a97d-d965ccfc6d4b" outcome="Passed" testListId="8c84fa94-04c1-424b-9868-57a2d4851a1d" relativeResultsDirectory="a3e48751-cb5e-4472-ae88-4393ca119cf7" />
    <UnitTestResult executionId="a6d40db8-f9fa-4ce0-8344-b047d4ee6a92" testId="648e89fa-b178-023e-6b9f-b12e893716da" testName="SystemMonitor.Tests.EndToEndTests.Hello_Then_Snapshot_Works" computerName="DESKTOP-J6M8022" duration="00:00:05.2424318" startTime="2025-08-20T14:46:57.9518411+08:00" endTime="2025-08-20T14:46:57.9518414+08:00" testType="13cdc9d9-ddb5-4fa4-a97d-d965ccfc6d4b" outcome="Passed" testListId="8c84fa94-04c1-424b-9868-57a2d4851a1d" relativeResultsDirectory="a6d40db8-f9fa-4ce0-8344-b047d4ee6a92" />
    <UnitTestResult executionId="285adfc7-9b8e-44df-b3ac-220f7f444540" testId="6bc5c69f-1e35-1dda-027a-3965f2238887" testName="SystemMonitor.Tests.ContractTests.SetLogLevel_Request_Serializes_To_SnakeCase" computerName="DESKTOP-J6M8022" duration="00:00:00.0013401" startTime="2025-08-20T14:46:12.4385644+08:00" endTime="2025-08-20T14:46:12.4385646+08:00" testType="13cdc9d9-ddb5-4fa4-a97d-d965ccfc6d4b" outcome="Passed" testListId="8c84fa94-04c1-424b-9868-57a2d4851a1d" relativeResultsDirectory="285adfc7-9b8e-44df-b3ac-220f7f444540" />
    <UnitTestResult executionId="40635ba9-9013-411e-b863-64e8d2042e5e" testId="84bddd7b-5fca-ad7f-6631-caa1dc730eca" testName="SystemMonitor.Tests.ContractTests.BurstSubscribe_Request_Serializes_To_SnakeCase" computerName="DESKTOP-J6M8022" duration="00:00:00.0056553" startTime="2025-08-20T14:46:12.4355262+08:00" endTime="2025-08-20T14:46:12.4355267+08:00" testType="13cdc9d9-ddb5-4fa4-a97d-d965ccfc6d4b" outcome="Passed" testListId="8c84fa94-04c1-424b-9868-57a2d4851a1d" relativeResultsDirectory="40635ba9-9013-411e-b863-64e8d2042e5e" />
    <UnitTestResult executionId="2a63bd20-bc9b-44c6-a6eb-fd502c98e3c0" testId="c7e17ebe-07f3-5913-71e6-f1c4a943136f" testName="SystemMonitor.Tests.SchemaTests.BurstSubscribe_Schema_Invalid_EmptyModules" computerName="DESKTOP-J6M8022" duration="00:00:00.0142971" startTime="2025-08-20T14:46:58.1497219+08:00" endTime="2025-08-20T14:46:58.1497224+08:00" testType="13cdc9d9-ddb5-4fa4-a97d-d965ccfc6d4b" outcome="Passed" testListId="8c84fa94-04c1-424b-9868-57a2d4851a1d" relativeResultsDirectory="2a63bd20-bc9b-44c6-a6eb-fd502c98e3c0" />
    <UnitTestResult executionId="78baac82-3b35-4b12-bd13-b7198c85b3a9" testId="18b35648-a566-3499-95ec-e14d308dcba6" testName="SystemMonitor.Tests.EndToEndTests.Hello_Unsupported_Capability_Fails" computerName="DESKTOP-J6M8022" duration="00:00:00.1529802" startTime="2025-08-20T14:46:48.8315124+08:00" endTime="2025-08-20T14:46:48.8315127+08:00" testType="13cdc9d9-ddb5-4fa4-a97d-d965ccfc6d4b" outcome="Passed" testListId="8c84fa94-04c1-424b-9868-57a2d4851a1d" relativeResultsDirectory="78baac82-3b35-4b12-bd13-b7198c85b3a9" />
    <UnitTestResult executionId="2f0b1904-6b6b-4792-a5ff-bb9efba85fed" testId="f6814e48-0b49-81a9-5412-aa1c3ac48e00" testName="SystemMonitor.Tests.ContractTests.QueryHistory_Request_Serializes_To_SnakeCase" computerName="DESKTOP-J6M8022" duration="00:00:00.0034335" startTime="2025-08-20T14:46:12.4438068+08:00" endTime="2025-08-20T14:46:12.4438073+08:00" testType="13cdc9d9-ddb5-4fa4-a97d-d965ccfc6d4b" outcome="Passed" testListId="8c84fa94-04c1-424b-9868-57a2d4851a1d" relativeResultsDirectory="2f0b1904-6b6b-4792-a5ff-bb9efba85fed" />
    <UnitTestResult executionId="3ffd45d2-45fb-474a-98cc-237c1fde2258" testId="dacf0d9f-52f8-cc00-236f-2f32d31c4af3" testName="SystemMonitor.Tests.EndToEndTests.SetConfig_Invalid_BaseInterval_Fails" computerName="DESKTOP-J6M8022" duration="00:00:00.2631747" startTime="2025-08-20T14:46:31.2004155+08:00" endTime="2025-08-20T14:46:31.2004158+08:00" testType="13cdc9d9-ddb5-4fa4-a97d-d965ccfc6d4b" outcome="Passed" testListId="8c84fa94-04c1-424b-9868-57a2d4851a1d" relativeResultsDirectory="3ffd45d2-45fb-474a-98cc-237c1fde2258" />
    <UnitTestResult executionId="6f407504-0c0d-41f5-9b7d-b0457ebb1002" testId="7fcfcc39-66f5-e59a-53bb-ab760b3d7c57" testName="SystemMonitor.Tests.SchemaTests.SetConfig_Schema_Invalid_TooSmallInterval" computerName="DESKTOP-J6M8022" duration="00:00:00.1456419" startTime="2025-08-20T14:46:58.1001954+08:00" endTime="2025-08-20T14:46:58.1001958+08:00" testType="13cdc9d9-ddb5-4fa4-a97d-d965ccfc6d4b" outcome="Passed" testListId="8c84fa94-04c1-424b-9868-57a2d4851a1d" relativeResultsDirectory="6f407504-0c0d-41f5-9b7d-b0457ebb1002" />
    <UnitTestResult executionId="4f2e8ad3-76ae-4507-af17-159c8e3af8fe" testId="825a0899-f60c-7747-10dc-edf9d745369b" testName="SystemMonitor.Tests.ContractTests.Start_Request_Serializes_To_SnakeCase" computerName="DESKTOP-J6M8022" duration="00:00:00.0002185" startTime="2025-08-20T14:46:12.5085957+08:00" endTime="2025-08-20T14:46:12.5085959+08:00" testType="13cdc9d9-ddb5-4fa4-a97d-d965ccfc6d4b" outcome="Passed" testListId="8c84fa94-04c1-424b-9868-57a2d4851a1d" relativeResultsDirectory="4f2e8ad3-76ae-4507-af17-159c8e3af8fe" />
    <UnitTestResult executionId="f877fdd2-8c53-49ad-b254-fa291fa33229" testId="dc6251cd-01f9-1cce-a502-df54ce71eba2" testName="SystemMonitor.Tests.ContractTests.SetConfig_Request_Should_Not_Contain_PascalCase_Keys" computerName="DESKTOP-J6M8022" duration="00:00:00.0184932" startTime="2025-08-20T14:46:12.4296058+08:00" endTime="2025-08-20T14:46:12.4296061+08:00" testType="13cdc9d9-ddb5-4fa4-a97d-d965ccfc6d4b" outcome="Passed" testListId="8c84fa94-04c1-424b-9868-57a2d4851a1d" relativeResultsDirectory="f877fdd2-8c53-49ad-b254-fa291fa33229" />
    <UnitTestResult executionId="d1594fb3-02f0-4278-8c2a-a09eecb4dfaf" testId="316b5766-01a4-b945-df1a-1d07ac1dfded" testName="SystemMonitor.Tests.SchemaTests.BurstSubscribe_Schema_Valid" computerName="DESKTOP-J6M8022" duration="00:00:00.0013467" startTime="2025-08-20T14:46:58.1352105+08:00" endTime="2025-08-20T14:46:58.1352107+08:00" testType="13cdc9d9-ddb5-4fa4-a97d-d965ccfc6d4b" outcome="Passed" testListId="8c84fa94-04c1-424b-9868-57a2d4851a1d" relativeResultsDirectory="d1594fb3-02f0-4278-8c2a-a09eecb4dfaf" />
    <UnitTestResult executionId="4743f4c8-468d-465a-a972-c90fed93bfcd" testId="575383ac-a422-d1e5-3903-2da7ffd1b577" testName="SystemMonitor.Tests.EndToEndTests.Metrics_Throttle_Burst_Recovery_Works" computerName="DESKTOP-J6M8022" duration="00:00:03.0851855" startTime="2025-08-20T14:46:37.1416767+08:00" endTime="2025-08-20T14:46:37.1416771+08:00" testType="13cdc9d9-ddb5-4fa4-a97d-d965ccfc6d4b" outcome="Passed" testListId="8c84fa94-04c1-424b-9868-57a2d4851a1d" relativeResultsDirectory="4743f4c8-468d-465a-a972-c90fed93bfcd" />
    <UnitTestResult executionId="dfa34f3f-4374-4e99-9ccd-d1fe54f089f8" testId="e7afe76e-2983-511f-53e6-ec72c360fd06" testName="SystemMonitor.Tests.SchemaTests.SetConfig_Schema_Valid_WithIntervals" computerName="DESKTOP-J6M8022" duration="00:00:00.0037277" startTime="2025-08-20T14:46:58.1134431+08:00" endTime="2025-08-20T14:46:58.1134434+08:00" testType="13cdc9d9-ddb5-4fa4-a97d-d965ccfc6d4b" outcome="Passed" testListId="8c84fa94-04c1-424b-9868-57a2d4851a1d" relativeResultsDirectory="dfa34f3f-4374-4e99-9ccd-d1fe54f089f8" />
    <UnitTestResult executionId="76922ee7-9b9d-4007-b195-554468de372c" testId="a5cee8d5-e1e7-16a2-597a-8c6cbc2b8be8" testName="SystemMonitor.Tests.EndToEndTests.Hello_Protocol_NotSupported_Fails" computerName="DESKTOP-J6M8022" duration="00:00:00.1953992" startTime="2025-08-20T14:46:40.6525783+08:00" endTime="2025-08-20T14:46:40.6525788+08:00" testType="13cdc9d9-ddb5-4fa4-a97d-d965ccfc6d4b" outcome="Passed" testListId="8c84fa94-04c1-424b-9868-57a2d4851a1d" relativeResultsDirectory="76922ee7-9b9d-4007-b195-554468de372c" />
    <UnitTestResult executionId="431b2b93-ab64-4b28-97fc-bd302ba6823e" testId="deff2b50-b04e-659a-fcb1-aacff92daa42" testName="SystemMonitor.Tests.ContractTests.Hello_Request_Should_Not_Contain_PascalCase_Keys" computerName="DESKTOP-J6M8022" duration="00:00:00.0002938" startTime="2025-08-20T14:46:12.4370299+08:00" endTime="2025-08-20T14:46:12.4370301+08:00" testType="13cdc9d9-ddb5-4fa4-a97d-d965ccfc6d4b" outcome="Passed" testListId="8c84fa94-04c1-424b-9868-57a2d4851a1d" relativeResultsDirectory="431b2b93-ab64-4b28-97fc-bd302ba6823e" />
    <UnitTestResult executionId="891a07a7-6606-4e6a-8d8e-00bb857bdb63" testId="897198c2-e013-2fdc-4de0-ccbd44dab1f1" testName="SystemMonitor.Tests.UnitTest1.Test1" computerName="DESKTOP-J6M8022" duration="00:00:00.0000575" startTime="2025-08-20T14:46:12.4079037+08:00" endTime="2025-08-20T14:46:12.4079039+08:00" testType="13cdc9d9-ddb5-4fa4-a97d-d965ccfc6d4b" outcome="Passed" testListId="8c84fa94-04c1-424b-9868-57a2d4851a1d" relativeResultsDirectory="891a07a7-6606-4e6a-8d8e-00bb857bdb63" />
    <UnitTestResult executionId="6e4d181a-3774-4a81-bcd6-81593bcc5bec" testId="2fee1618-453a-fb22-e956-2fd9d457aed7" testName="SystemMonitor.Tests.ContractTests.Stop_Request_Serializes_To_SnakeCase" computerName="DESKTOP-J6M8022" duration="00:00:00.0013390" startTime="2025-08-20T14:46:12.4401057+08:00" endTime="2025-08-20T14:46:12.4401059+08:00" testType="13cdc9d9-ddb5-4fa4-a97d-d965ccfc6d4b" outcome="Passed" testListId="8c84fa94-04c1-424b-9868-57a2d4851a1d" relativeResultsDirectory="6e4d181a-3774-4a81-bcd6-81593bcc5bec" />
    <UnitTestResult executionId="0301a132-59a0-43c6-9f96-d867efa58fdb" testId="e1fbd4f1-6ade-f24b-317f-6dbbbf27c5fc" testName="SystemMonitor.Tests.SchemaTests.Hello_Schema_Valid_Minimal" computerName="DESKTOP-J6M8022" duration="00:00:00.0006713" startTime="2025-08-20T14:46:58.1336378+08:00" endTime="2025-08-20T14:46:58.1336379+08:00" testType="13cdc9d9-ddb5-4fa4-a97d-d965ccfc6d4b" outcome="Passed" testListId="8c84fa94-04c1-424b-9868-57a2d4851a1d" relativeResultsDirectory="0301a132-59a0-43c6-9f96-d867efa58fdb" />
    <UnitTestResult executionId="80bf70f3-0da8-44a7-b15d-c15d2954b755" testId="8efef518-8988-e3e1-bb3e-361f08b825e5" testName="SystemMonitor.Tests.SchemaTests.Snapshot_Schema_Valid_WithModules" computerName="DESKTOP-J6M8022" duration="00:00:00.0089478" startTime="2025-08-20T14:46:58.1094513+08:00" endTime="2025-08-20T14:46:58.1094516+08:00" testType="13cdc9d9-ddb5-4fa4-a97d-d965ccfc6d4b" outcome="Passed" testListId="8c84fa94-04c1-424b-9868-57a2d4851a1d" relativeResultsDirectory="80bf70f3-0da8-44a7-b15d-c15d2954b755" />
    <UnitTestResult executionId="5c45cbbb-74c5-4910-a91f-d2d54838d442" testId="7aba6d95-cdac-4d3b-fc1e-d345b65a933b" testName="SystemMonitor.Tests.ContractTests.Hello_Request_Serializes_To_SnakeCase" computerName="DESKTOP-J6M8022" duration="00:00:00.0019442" startTime="2025-08-20T14:46:12.5069163+08:00" endTime="2025-08-20T14:46:12.5069168+08:00" testType="13cdc9d9-ddb5-4fa4-a97d-d965ccfc6d4b" outcome="Passed" testListId="8c84fa94-04c1-424b-9868-57a2d4851a1d" relativeResultsDirectory="5c45cbbb-74c5-4910-a91f-d2d54838d442" />
    <UnitTestResult executionId="fe36b410-c759-4d26-a9af-38d078c046d3" testId="63eafbb5-a30b-37a9-e05f-fe5729a00075" testName="SystemMonitor.Tests.ContractTests.UpdateCheck_Request_Serializes_To_SnakeCase" computerName="DESKTOP-J6M8022" duration="00:00:00.0001273" startTime="2025-08-20T14:46:12.5089055+08:00" endTime="2025-08-20T14:46:12.5089056+08:00" testType="13cdc9d9-ddb5-4fa4-a97d-d965ccfc6d4b" outcome="Passed" testListId="8c84fa94-04c1-424b-9868-57a2d4851a1d" relativeResultsDirectory="fe36b410-c759-4d26-a9af-38d078c046d3" />
    <UnitTestResult executionId="8d27172a-a667-421f-b393-5831e8ec8513" testId="d17c6ea2-3ca4-386f-c6e7-4b216cf89dd5" testName="SystemMonitor.Tests.ContractTests.UpdateApply_Request_Serializes_To_SnakeCase" computerName="DESKTOP-J6M8022" duration="00:00:00.0010479" startTime="2025-08-20T14:46:12.5081764+08:00" endTime="2025-08-20T14:46:12.5081767+08:00" testType="13cdc9d9-ddb5-4fa4-a97d-d965ccfc6d4b" outcome="Passed" testListId="8c84fa94-04c1-424b-9868-57a2d4851a1d" relativeResultsDirectory="8d27172a-a667-421f-b393-5831e8ec8513" />
    <UnitTestResult executionId="d3af2f91-9bca-4b27-b6a1-6d9d18f481c3" testId="69d6d1aa-b426-63fd-4c85-4eac53250980" testName="SystemMonitor.Tests.SchemaTests.QueryHistory_Schema_Valid" computerName="DESKTOP-J6M8022" duration="00:00:00.0033568" startTime="2025-08-20T14:46:58.1285882+08:00" endTime="2025-08-20T14:46:58.1285885+08:00" testType="13cdc9d9-ddb5-4fa4-a97d-d965ccfc6d4b" outcome="Passed" testListId="8c84fa94-04c1-424b-9868-57a2d4851a1d" relativeResultsDirectory="d3af2f91-9bca-4b27-b6a1-6d9d18f481c3" />
    <UnitTestResult executionId="560c67d6-61b9-4d42-a7bd-4f519fd5e259" testId="d1ecf483-dfd0-e8fd-412c-75343e5fd3e3" testName="SystemMonitor.Tests.UnitTest1.SnakeCase_Serialization_ShouldUseSnakeCaseNames" computerName="DESKTOP-J6M8022" duration="00:00:00.0853157" startTime="2025-08-20T14:46:12.4023928+08:00" endTime="2025-08-20T14:46:12.4024520+08:00" testType="13cdc9d9-ddb5-4fa4-a97d-d965ccfc6d4b" outcome="Passed" testListId="8c84fa94-04c1-424b-9868-57a2d4851a1d" relativeResultsDirectory="560c67d6-61b9-4d42-a7bd-4f519fd5e259" />
    <UnitTestResult executionId="a42a3959-c986-4cd7-a2c9-7c440321f56e" testId="5359d170-82fa-d8d2-2f92-97bc053dca0c" testName="SystemMonitor.Tests.EndToEndTests.QueryHistory_Works" computerName="DESKTOP-J6M8022" duration="00:00:00.3557543" startTime="2025-08-20T14:46:25.0597891+08:00" endTime="2025-08-20T14:46:25.0597895+08:00" testType="13cdc9d9-ddb5-4fa4-a97d-d965ccfc6d4b" outcome="Passed" testListId="8c84fa94-04c1-424b-9868-57a2d4851a1d" relativeResultsDirectory="a42a3959-c986-4cd7-a2c9-7c440321f56e" />
    <UnitTestResult executionId="e50fa0fb-da38-4832-acde-85557a934d5c" testId="d13cbe31-bcad-db2e-a448-21033afe455a" testName="SystemMonitor.Tests.SchemaTests.Hello_Schema_Invalid_NoToken" computerName="DESKTOP-J6M8022" duration="00:00:00.0113370" startTime="2025-08-20T14:46:58.1250141+08:00" endTime="2025-08-20T14:46:58.1250143+08:00" testType="13cdc9d9-ddb5-4fa4-a97d-d965ccfc6d4b" outcome="Passed" testListId="8c84fa94-04c1-424b-9868-57a2d4851a1d" relativeResultsDirectory="e50fa0fb-da38-4832-acde-85557a934d5c" />
    <UnitTestResult executionId="79d08809-16a6-45f7-935e-89e02e0f2026" testId="d46fc4ee-0150-cded-8fbb-ceb1d2e0e4ba" testName="SystemMonitor.Tests.EndToEndTests.SetConfig_And_BurstSubscribe_Works" computerName="DESKTOP-J6M8022" duration="00:00:00.1970127" startTime="2025-08-20T14:46:45.1927032+08:00" endTime="2025-08-20T14:46:45.1927035+08:00" testType="13cdc9d9-ddb5-4fa4-a97d-d965ccfc6d4b" outcome="Passed" testListId="8c84fa94-04c1-424b-9868-57a2d4851a1d" relativeResultsDirectory="79d08809-16a6-45f7-935e-89e02e0f2026" />
    <UnitTestResult executionId="e939bcc9-10be-40b5-80c1-437aa0d07687" testId="1bc68377-98f3-3224-550a-3a1f98831502" testName="SystemMonitor.Tests.EndToEndTests.Hello_WithoutToken_Fails" computerName="DESKTOP-J6M8022" duration="00:00:00.3911606" startTime="2025-08-20T14:46:20.0252566+08:00" endTime="2025-08-20T14:46:20.0252570+08:00" testType="13cdc9d9-ddb5-4fa4-a97d-d965ccfc6d4b" outcome="Passed" testListId="8c84fa94-04c1-424b-9868-57a2d4851a1d" relativeResultsDirectory="e939bcc9-10be-40b5-80c1-437aa0d07687" />
    <UnitTestResult executionId="3ff0e42d-9fa0-4d61-b898-c29a37622e85" testId="af91bfef-d9e3-90f4-bf1f-8322352913ff" testName="SystemMonitor.Tests.SchemaTests.QueryHistory_Schema_Invalid_Granularity" computerName="DESKTOP-J6M8022" duration="00:00:00.0039396" startTime="2025-08-20T14:46:58.1327348+08:00" endTime="2025-08-20T14:46:58.1327349+08:00" testType="13cdc9d9-ddb5-4fa4-a97d-d965ccfc6d4b" outcome="Passed" testListId="8c84fa94-04c1-424b-9868-57a2d4851a1d" relativeResultsDirectory="3ff0e42d-9fa0-4d61-b898-c29a37622e85" />
    <UnitTestResult executionId="dc691fca-8186-4129-94dc-158b5cbb22e9" testId="116d7234-8081-621c-9c63-75bb4125b1af" testName="SystemMonitor.Tests.ContractTests.SetConfig_Request_Serializes_To_SnakeCase" computerName="DESKTOP-J6M8022" duration="00:00:00.0007307" startTime="2025-08-20T14:46:12.4365399+08:00" endTime="2025-08-20T14:46:12.4365402+08:00" testType="13cdc9d9-ddb5-4fa4-a97d-d965ccfc6d4b" outcome="Passed" testListId="8c84fa94-04c1-424b-9868-57a2d4851a1d" relativeResultsDirectory="dc691fca-8186-4129-94dc-158b5cbb22e9" />
  </Results>
  <TestDefinitions>
    <UnitTest name="SystemMonitor.Tests.EndToEndTests.SetConfig_Invalid_BaseInterval_Fails" storage="c:\code\sys-sensor-v3\src\systemmonitor.tests\bin\release\net8.0\systemmonitor.tests.dll" id="dacf0d9f-52f8-cc00-236f-2f32d31c4af3">
      <Execution id="3ffd45d2-45fb-474a-98cc-237c1fde2258" />
      <TestMethod codeBase="C:\code\sys-sensor-v3\src\SystemMonitor.Tests\bin\Release\net8.0\SystemMonitor.Tests.dll" adapterTypeName="executor://xunit/VsTestRunner2/netcoreapp" className="SystemMonitor.Tests.EndToEndTests" name="SetConfig_Invalid_BaseInterval_Fails" />
    </UnitTest>
    <UnitTest name="SystemMonitor.Tests.SchemaTests.SetConfig_Schema_Valid_WithIntervals" storage="c:\code\sys-sensor-v3\src\systemmonitor.tests\bin\release\net8.0\systemmonitor.tests.dll" id="e7afe76e-2983-511f-53e6-ec72c360fd06">
      <Execution id="dfa34f3f-4374-4e99-9ccd-d1fe54f089f8" />
      <TestMethod codeBase="C:\code\sys-sensor-v3\src\SystemMonitor.Tests\bin\Release\net8.0\SystemMonitor.Tests.dll" adapterTypeName="executor://xunit/VsTestRunner2/netcoreapp" className="SystemMonitor.Tests.SchemaTests" name="SetConfig_Schema_Valid_WithIntervals" />
    </UnitTest>
    <UnitTest name="SystemMonitor.Tests.EndToEndTests.Hello_Then_Snapshot_Works" storage="c:\code\sys-sensor-v3\src\systemmonitor.tests\bin\release\net8.0\systemmonitor.tests.dll" id="648e89fa-b178-023e-6b9f-b12e893716da">
      <Execution id="a6d40db8-f9fa-4ce0-8344-b047d4ee6a92" />
      <TestMethod codeBase="C:\code\sys-sensor-v3\src\SystemMonitor.Tests\bin\Release\net8.0\SystemMonitor.Tests.dll" adapterTypeName="executor://xunit/VsTestRunner2/netcoreapp" className="SystemMonitor.Tests.EndToEndTests" name="Hello_Then_Snapshot_Works" />
    </UnitTest>
    <UnitTest name="SystemMonitor.Tests.UnitTest1.SnakeCase_Serialization_ShouldUseSnakeCaseNames" storage="c:\code\sys-sensor-v3\src\systemmonitor.tests\bin\release\net8.0\systemmonitor.tests.dll" id="d1ecf483-dfd0-e8fd-412c-75343e5fd3e3">
      <Execution id="560c67d6-61b9-4d42-a7bd-4f519fd5e259" />
      <TestMethod codeBase="C:\code\sys-sensor-v3\src\SystemMonitor.Tests\bin\Release\net8.0\SystemMonitor.Tests.dll" adapterTypeName="executor://xunit/VsTestRunner2/netcoreapp" className="SystemMonitor.Tests.UnitTest1" name="SnakeCase_Serialization_ShouldUseSnakeCaseNames" />
    </UnitTest>
    <UnitTest name="SystemMonitor.Tests.ContractTests.Start_Request_Serializes_To_SnakeCase" storage="c:\code\sys-sensor-v3\src\systemmonitor.tests\bin\release\net8.0\systemmonitor.tests.dll" id="825a0899-f60c-7747-10dc-edf9d745369b">
      <Execution id="4f2e8ad3-76ae-4507-af17-159c8e3af8fe" />
      <TestMethod codeBase="C:\code\sys-sensor-v3\src\SystemMonitor.Tests\bin\Release\net8.0\SystemMonitor.Tests.dll" adapterTypeName="executor://xunit/VsTestRunner2/netcoreapp" className="SystemMonitor.Tests.ContractTests" name="Start_Request_Serializes_To_SnakeCase" />
    </UnitTest>
    <UnitTest name="SystemMonitor.Tests.ContractTests.Hello_Request_Should_Not_Contain_PascalCase_Keys" storage="c:\code\sys-sensor-v3\src\systemmonitor.tests\bin\release\net8.0\systemmonitor.tests.dll" id="deff2b50-b04e-659a-fcb1-aacff92daa42">
      <Execution id="431b2b93-ab64-4b28-97fc-bd302ba6823e" />
      <TestMethod codeBase="C:\code\sys-sensor-v3\src\SystemMonitor.Tests\bin\Release\net8.0\SystemMonitor.Tests.dll" adapterTypeName="executor://xunit/VsTestRunner2/netcoreapp" className="SystemMonitor.Tests.ContractTests" name="Hello_Request_Should_Not_Contain_PascalCase_Keys" />
    </UnitTest>
    <UnitTest name="SystemMonitor.Tests.ContractTests.QueryHistory_Request_Serializes_To_SnakeCase" storage="c:\code\sys-sensor-v3\src\systemmonitor.tests\bin\release\net8.0\systemmonitor.tests.dll" id="f6814e48-0b49-81a9-5412-aa1c3ac48e00">
      <Execution id="2f0b1904-6b6b-4792-a5ff-bb9efba85fed" />
      <TestMethod codeBase="C:\code\sys-sensor-v3\src\SystemMonitor.Tests\bin\Release\net8.0\SystemMonitor.Tests.dll" adapterTypeName="executor://xunit/VsTestRunner2/netcoreapp" className="SystemMonitor.Tests.ContractTests" name="QueryHistory_Request_Serializes_To_SnakeCase" />
    </UnitTest>
    <UnitTest name="SystemMonitor.Tests.EndToEndTests.SetConfig_And_BurstSubscribe_Works" storage="c:\code\sys-sensor-v3\src\systemmonitor.tests\bin\release\net8.0\systemmonitor.tests.dll" id="d46fc4ee-0150-cded-8fbb-ceb1d2e0e4ba">
      <Execution id="79d08809-16a6-45f7-935e-89e02e0f2026" />
      <TestMethod codeBase="C:\code\sys-sensor-v3\src\SystemMonitor.Tests\bin\Release\net8.0\SystemMonitor.Tests.dll" adapterTypeName="executor://xunit/VsTestRunner2/netcoreapp" className="SystemMonitor.Tests.EndToEndTests" name="SetConfig_And_BurstSubscribe_Works" />
    </UnitTest>
    <UnitTest name="SystemMonitor.Tests.EndToEndTests.QueryHistory_Works" storage="c:\code\sys-sensor-v3\src\systemmonitor.tests\bin\release\net8.0\systemmonitor.tests.dll" id="5359d170-82fa-d8d2-2f92-97bc053dca0c">
      <Execution id="a42a3959-c986-4cd7-a2c9-7c440321f56e" />
      <TestMethod codeBase="C:\code\sys-sensor-v3\src\SystemMonitor.Tests\bin\Release\net8.0\SystemMonitor.Tests.dll" adapterTypeName="executor://xunit/VsTestRunner2/netcoreapp" className="SystemMonitor.Tests.EndToEndTests" name="QueryHistory_Works" />
    </UnitTest>
    <UnitTest name="SystemMonitor.Tests.ContractTests.SetLogLevel_Request_Serializes_To_SnakeCase" storage="c:\code\sys-sensor-v3\src\systemmonitor.tests\bin\release\net8.0\systemmonitor.tests.dll" id="6bc5c69f-1e35-1dda-027a-3965f2238887">
      <Execution id="285adfc7-9b8e-44df-b3ac-220f7f444540" />
      <TestMethod codeBase="C:\code\sys-sensor-v3\src\SystemMonitor.Tests\bin\Release\net8.0\SystemMonitor.Tests.dll" adapterTypeName="executor://xunit/VsTestRunner2/netcoreapp" className="SystemMonitor.Tests.ContractTests" name="SetLogLevel_Request_Serializes_To_SnakeCase" />
    </UnitTest>
    <UnitTest name="SystemMonitor.Tests.SchemaTests.SetConfig_Schema_Invalid_TooSmallInterval" storage="c:\code\sys-sensor-v3\src\systemmonitor.tests\bin\release\net8.0\systemmonitor.tests.dll" id="7fcfcc39-66f5-e59a-53bb-ab760b3d7c57">
      <Execution id="6f407504-0c0d-41f5-9b7d-b0457ebb1002" />
      <TestMethod codeBase="C:\code\sys-sensor-v3\src\SystemMonitor.Tests\bin\Release\net8.0\SystemMonitor.Tests.dll" adapterTypeName="executor://xunit/VsTestRunner2/netcoreapp" className="SystemMonitor.Tests.SchemaTests" name="SetConfig_Schema_Invalid_TooSmallInterval" />
    </UnitTest>
    <UnitTest name="SystemMonitor.Tests.SchemaTests.BurstSubscribe_Schema_Valid" storage="c:\code\sys-sensor-v3\src\systemmonitor.tests\bin\release\net8.0\systemmonitor.tests.dll" id="316b5766-01a4-b945-df1a-1d07ac1dfded">
      <Execution id="d1594fb3-02f0-4278-8c2a-a09eecb4dfaf" />
      <TestMethod codeBase="C:\code\sys-sensor-v3\src\SystemMonitor.Tests\bin\Release\net8.0\SystemMonitor.Tests.dll" adapterTypeName="executor://xunit/VsTestRunner2/netcoreapp" className="SystemMonitor.Tests.SchemaTests" name="BurstSubscribe_Schema_Valid" />
    </UnitTest>
    <UnitTest name="SystemMonitor.Tests.EndToEndTests.Hello_Unsupported_Capability_Fails" storage="c:\code\sys-sensor-v3\src\systemmonitor.tests\bin\release\net8.0\systemmonitor.tests.dll" id="18b35648-a566-3499-95ec-e14d308dcba6">
      <Execution id="78baac82-3b35-4b12-bd13-b7198c85b3a9" />
      <TestMethod codeBase="C:\code\sys-sensor-v3\src\SystemMonitor.Tests\bin\Release\net8.0\SystemMonitor.Tests.dll" adapterTypeName="executor://xunit/VsTestRunner2/netcoreapp" className="SystemMonitor.Tests.EndToEndTests" name="Hello_Unsupported_Capability_Fails" />
    </UnitTest>
    <UnitTest name="SystemMonitor.Tests.EndToEndTests.Hello_Protocol_NotSupported_Fails" storage="c:\code\sys-sensor-v3\src\systemmonitor.tests\bin\release\net8.0\systemmonitor.tests.dll" id="a5cee8d5-e1e7-16a2-597a-8c6cbc2b8be8">
      <Execution id="76922ee7-9b9d-4007-b195-554468de372c" />
      <TestMethod codeBase="C:\code\sys-sensor-v3\src\SystemMonitor.Tests\bin\Release\net8.0\SystemMonitor.Tests.dll" adapterTypeName="executor://xunit/VsTestRunner2/netcoreapp" className="SystemMonitor.Tests.EndToEndTests" name="Hello_Protocol_NotSupported_Fails" />
    </UnitTest>
    <UnitTest name="SystemMonitor.Tests.ContractTests.BurstSubscribe_Request_Serializes_To_SnakeCase" storage="c:\code\sys-sensor-v3\src\systemmonitor.tests\bin\release\net8.0\systemmonitor.tests.dll" id="84bddd7b-5fca-ad7f-6631-caa1dc730eca">
      <Execution id="40635ba9-9013-411e-b863-64e8d2042e5e" />
      <TestMethod codeBase="C:\code\sys-sensor-v3\src\SystemMonitor.Tests\bin\Release\net8.0\SystemMonitor.Tests.dll" adapterTypeName="executor://xunit/VsTestRunner2/netcoreapp" className="SystemMonitor.Tests.ContractTests" name="BurstSubscribe_Request_Serializes_To_SnakeCase" />
    </UnitTest>
    <UnitTest name="SystemMonitor.Tests.ContractTests.UpdateApply_Request_Serializes_To_SnakeCase" storage="c:\code\sys-sensor-v3\src\systemmonitor.tests\bin\release\net8.0\systemmonitor.tests.dll" id="d17c6ea2-3ca4-386f-c6e7-4b216cf89dd5">
      <Execution id="8d27172a-a667-421f-b393-5831e8ec8513" />
      <TestMethod codeBase="C:\code\sys-sensor-v3\src\SystemMonitor.Tests\bin\Release\net8.0\SystemMonitor.Tests.dll" adapterTypeName="executor://xunit/VsTestRunner2/netcoreapp" className="SystemMonitor.Tests.ContractTests" name="UpdateApply_Request_Serializes_To_SnakeCase" />
    </UnitTest>
    <UnitTest name="SystemMonitor.Tests.UnitTest1.Test1" storage="c:\code\sys-sensor-v3\src\systemmonitor.tests\bin\release\net8.0\systemmonitor.tests.dll" id="897198c2-e013-2fdc-4de0-ccbd44dab1f1">
      <Execution id="891a07a7-6606-4e6a-8d8e-00bb857bdb63" />
      <TestMethod codeBase="C:\code\sys-sensor-v3\src\SystemMonitor.Tests\bin\Release\net8.0\SystemMonitor.Tests.dll" adapterTypeName="executor://xunit/VsTestRunner2/netcoreapp" className="SystemMonitor.Tests.UnitTest1" name="Test1" />
    </UnitTest>
    <UnitTest name="SystemMonitor.Tests.SchemaTests.Snapshot_Schema_Valid_WithModules" storage="c:\code\sys-sensor-v3\src\systemmonitor.tests\bin\release\net8.0\systemmonitor.tests.dll" id="8efef518-8988-e3e1-bb3e-361f08b825e5">
      <Execution id="80bf70f3-0da8-44a7-b15d-c15d2954b755" />
      <TestMethod codeBase="C:\code\sys-sensor-v3\src\SystemMonitor.Tests\bin\Release\net8.0\SystemMonitor.Tests.dll" adapterTypeName="executor://xunit/VsTestRunner2/netcoreapp" className="SystemMonitor.Tests.SchemaTests" name="Snapshot_Schema_Valid_WithModules" />
    </UnitTest>
    <UnitTest name="SystemMonitor.Tests.SchemaTests.BurstSubscribe_Schema_Invalid_EmptyModules" storage="c:\code\sys-sensor-v3\src\systemmonitor.tests\bin\release\net8.0\systemmonitor.tests.dll" id="c7e17ebe-07f3-5913-71e6-f1c4a943136f">
      <Execution id="2a63bd20-bc9b-44c6-a6eb-fd502c98e3c0" />
      <TestMethod codeBase="C:\code\sys-sensor-v3\src\SystemMonitor.Tests\bin\Release\net8.0\SystemMonitor.Tests.dll" adapterTypeName="executor://xunit/VsTestRunner2/netcoreapp" className="SystemMonitor.Tests.SchemaTests" name="BurstSubscribe_Schema_Invalid_EmptyModules" />
    </UnitTest>
    <UnitTest name="SystemMonitor.Tests.ContractTests.SetConfig_Request_Serializes_To_SnakeCase" storage="c:\code\sys-sensor-v3\src\systemmonitor.tests\bin\release\net8.0\systemmonitor.tests.dll" id="116d7234-8081-621c-9c63-75bb4125b1af">
      <Execution id="dc691fca-8186-4129-94dc-158b5cbb22e9" />
      <TestMethod codeBase="C:\code\sys-sensor-v3\src\SystemMonitor.Tests\bin\Release\net8.0\SystemMonitor.Tests.dll" adapterTypeName="executor://xunit/VsTestRunner2/netcoreapp" className="SystemMonitor.Tests.ContractTests" name="SetConfig_Request_Serializes_To_SnakeCase" />
    </UnitTest>
    <UnitTest name="SystemMonitor.Tests.ContractTests.Stop_Request_Serializes_To_SnakeCase" storage="c:\code\sys-sensor-v3\src\systemmonitor.tests\bin\release\net8.0\systemmonitor.tests.dll" id="2fee1618-453a-fb22-e956-2fd9d457aed7">
      <Execution id="6e4d181a-3774-4a81-bcd6-81593bcc5bec" />
      <TestMethod codeBase="C:\code\sys-sensor-v3\src\SystemMonitor.Tests\bin\Release\net8.0\SystemMonitor.Tests.dll" adapterTypeName="executor://xunit/VsTestRunner2/netcoreapp" className="SystemMonitor.Tests.ContractTests" name="Stop_Request_Serializes_To_SnakeCase" />
    </UnitTest>
    <UnitTest name="SystemMonitor.Tests.SchemaTests.Hello_Schema_Valid_Minimal" storage="c:\code\sys-sensor-v3\src\systemmonitor.tests\bin\release\net8.0\systemmonitor.tests.dll" id="e1fbd4f1-6ade-f24b-317f-6dbbbf27c5fc">
      <Execution id="0301a132-59a0-43c6-9f96-d867efa58fdb" />
      <TestMethod codeBase="C:\code\sys-sensor-v3\src\SystemMonitor.Tests\bin\Release\net8.0\SystemMonitor.Tests.dll" adapterTypeName="executor://xunit/VsTestRunner2/netcoreapp" className="SystemMonitor.Tests.SchemaTests" name="Hello_Schema_Valid_Minimal" />
    </UnitTest>
    <UnitTest name="SystemMonitor.Tests.ContractTests.Hello_Request_Serializes_To_SnakeCase" storage="c:\code\sys-sensor-v3\src\systemmonitor.tests\bin\release\net8.0\systemmonitor.tests.dll" id="7aba6d95-cdac-4d3b-fc1e-d345b65a933b">
      <Execution id="5c45cbbb-74c5-4910-a91f-d2d54838d442" />
      <TestMethod codeBase="C:\code\sys-sensor-v3\src\SystemMonitor.Tests\bin\Release\net8.0\SystemMonitor.Tests.dll" adapterTypeName="executor://xunit/VsTestRunner2/netcoreapp" className="SystemMonitor.Tests.ContractTests" name="Hello_Request_Serializes_To_SnakeCase" />
    </UnitTest>
    <UnitTest name="SystemMonitor.Tests.ContractTests.SetConfig_Request_Should_Not_Contain_PascalCase_Keys" storage="c:\code\sys-sensor-v3\src\systemmonitor.tests\bin\release\net8.0\systemmonitor.tests.dll" id="dc6251cd-01f9-1cce-a502-df54ce71eba2">
      <Execution id="f877fdd2-8c53-49ad-b254-fa291fa33229" />
      <TestMethod codeBase="C:\code\sys-sensor-v3\src\SystemMonitor.Tests\bin\Release\net8.0\SystemMonitor.Tests.dll" adapterTypeName="executor://xunit/VsTestRunner2/netcoreapp" className="SystemMonitor.Tests.ContractTests" name="SetConfig_Request_Should_Not_Contain_PascalCase_Keys" />
    </UnitTest>
    <UnitTest name="SystemMonitor.Tests.EndToEndTests.Hello_WithoutToken_Fails" storage="c:\code\sys-sensor-v3\src\systemmonitor.tests\bin\release\net8.0\systemmonitor.tests.dll" id="1bc68377-98f3-3224-550a-3a1f98831502">
      <Execution id="e939bcc9-10be-40b5-80c1-437aa0d07687" />
      <TestMethod codeBase="C:\code\sys-sensor-v3\src\SystemMonitor.Tests\bin\Release\net8.0\SystemMonitor.Tests.dll" adapterTypeName="executor://xunit/VsTestRunner2/netcoreapp" className="SystemMonitor.Tests.EndToEndTests" name="Hello_WithoutToken_Fails" />
    </UnitTest>
    <UnitTest name="SystemMonitor.Tests.SchemaTests.QueryHistory_Schema_Valid" storage="c:\code\sys-sensor-v3\src\systemmonitor.tests\bin\release\net8.0\systemmonitor.tests.dll" id="69d6d1aa-b426-63fd-4c85-4eac53250980">
      <Execution id="d3af2f91-9bca-4b27-b6a1-6d9d18f481c3" />
      <TestMethod codeBase="C:\code\sys-sensor-v3\src\SystemMonitor.Tests\bin\Release\net8.0\SystemMonitor.Tests.dll" adapterTypeName="executor://xunit/VsTestRunner2/netcoreapp" className="SystemMonitor.Tests.SchemaTests" name="QueryHistory_Schema_Valid" />
    </UnitTest>
    <UnitTest name="SystemMonitor.Tests.SchemaTests.QueryHistory_Schema_Invalid_Granularity" storage="c:\code\sys-sensor-v3\src\systemmonitor.tests\bin\release\net8.0\systemmonitor.tests.dll" id="af91bfef-d9e3-90f4-bf1f-8322352913ff">
      <Execution id="3ff0e42d-9fa0-4d61-b898-c29a37622e85" />
      <TestMethod codeBase="C:\code\sys-sensor-v3\src\SystemMonitor.Tests\bin\Release\net8.0\SystemMonitor.Tests.dll" adapterTypeName="executor://xunit/VsTestRunner2/netcoreapp" className="SystemMonitor.Tests.SchemaTests" name="QueryHistory_Schema_Invalid_Granularity" />
    </UnitTest>
    <UnitTest name="SystemMonitor.Tests.ContractTests.Snapshot_Request_Serializes_To_SnakeCase" storage="c:\code\sys-sensor-v3\src\systemmonitor.tests\bin\release\net8.0\systemmonitor.tests.dll" id="f4df6398-0c14-b3dd-5ee6-c8f487d7504a">
      <Execution id="a3e48751-cb5e-4472-ae88-4393ca119cf7" />
      <TestMethod codeBase="C:\code\sys-sensor-v3\src\SystemMonitor.Tests\bin\Release\net8.0\SystemMonitor.Tests.dll" adapterTypeName="executor://xunit/VsTestRunner2/netcoreapp" className="SystemMonitor.Tests.ContractTests" name="Snapshot_Request_Serializes_To_SnakeCase" />
    </UnitTest>
    <UnitTest name="SystemMonitor.Tests.SchemaTests.Hello_Schema_Invalid_NoToken" storage="c:\code\sys-sensor-v3\src\systemmonitor.tests\bin\release\net8.0\systemmonitor.tests.dll" id="d13cbe31-bcad-db2e-a448-21033afe455a">
      <Execution id="e50fa0fb-da38-4832-acde-85557a934d5c" />
      <TestMethod codeBase="C:\code\sys-sensor-v3\src\SystemMonitor.Tests\bin\Release\net8.0\SystemMonitor.Tests.dll" adapterTypeName="executor://xunit/VsTestRunner2/netcoreapp" className="SystemMonitor.Tests.SchemaTests" name="Hello_Schema_Invalid_NoToken" />
    </UnitTest>
    <UnitTest name="SystemMonitor.Tests.EndToEndTests.Metrics_Throttle_Burst_Recovery_Works" storage="c:\code\sys-sensor-v3\src\systemmonitor.tests\bin\release\net8.0\systemmonitor.tests.dll" id="575383ac-a422-d1e5-3903-2da7ffd1b577">
      <Execution id="4743f4c8-468d-465a-a972-c90fed93bfcd" />
      <TestMethod codeBase="C:\code\sys-sensor-v3\src\SystemMonitor.Tests\bin\Release\net8.0\SystemMonitor.Tests.dll" adapterTypeName="executor://xunit/VsTestRunner2/netcoreapp" className="SystemMonitor.Tests.EndToEndTests" name="Metrics_Throttle_Burst_Recovery_Works" />
    </UnitTest>
    <UnitTest name="SystemMonitor.Tests.ContractTests.UpdateCheck_Request_Serializes_To_SnakeCase" storage="c:\code\sys-sensor-v3\src\systemmonitor.tests\bin\release\net8.0\systemmonitor.tests.dll" id="63eafbb5-a30b-37a9-e05f-fe5729a00075">
      <Execution id="fe36b410-c759-4d26-a9af-38d078c046d3" />
      <TestMethod codeBase="C:\code\sys-sensor-v3\src\SystemMonitor.Tests\bin\Release\net8.0\SystemMonitor.Tests.dll" adapterTypeName="executor://xunit/VsTestRunner2/netcoreapp" className="SystemMonitor.Tests.ContractTests" name="UpdateCheck_Request_Serializes_To_SnakeCase" />
    </UnitTest>
  </TestDefinitions>
  <TestEntries>
    <TestEntry testId="f4df6398-0c14-b3dd-5ee6-c8f487d7504a" executionId="a3e48751-cb5e-4472-ae88-4393ca119cf7" testListId="8c84fa94-04c1-424b-9868-57a2d4851a1d" />
    <TestEntry testId="648e89fa-b178-023e-6b9f-b12e893716da" executionId="a6d40db8-f9fa-4ce0-8344-b047d4ee6a92" testListId="8c84fa94-04c1-424b-9868-57a2d4851a1d" />
    <TestEntry testId="6bc5c69f-1e35-1dda-027a-3965f2238887" executionId="285adfc7-9b8e-44df-b3ac-220f7f444540" testListId="8c84fa94-04c1-424b-9868-57a2d4851a1d" />
    <TestEntry testId="84bddd7b-5fca-ad7f-6631-caa1dc730eca" executionId="40635ba9-9013-411e-b863-64e8d2042e5e" testListId="8c84fa94-04c1-424b-9868-57a2d4851a1d" />
    <TestEntry testId="c7e17ebe-07f3-5913-71e6-f1c4a943136f" executionId="2a63bd20-bc9b-44c6-a6eb-fd502c98e3c0" testListId="8c84fa94-04c1-424b-9868-57a2d4851a1d" />
    <TestEntry testId="18b35648-a566-3499-95ec-e14d308dcba6" executionId="78baac82-3b35-4b12-bd13-b7198c85b3a9" testListId="8c84fa94-04c1-424b-9868-57a2d4851a1d" />
    <TestEntry testId="f6814e48-0b49-81a9-5412-aa1c3ac48e00" executionId="2f0b1904-6b6b-4792-a5ff-bb9efba85fed" testListId="8c84fa94-04c1-424b-9868-57a2d4851a1d" />
    <TestEntry testId="dacf0d9f-52f8-cc00-236f-2f32d31c4af3" executionId="3ffd45d2-45fb-474a-98cc-237c1fde2258" testListId="8c84fa94-04c1-424b-9868-57a2d4851a1d" />
    <TestEntry testId="7fcfcc39-66f5-e59a-53bb-ab760b3d7c57" executionId="6f407504-0c0d-41f5-9b7d-b0457ebb1002" testListId="8c84fa94-04c1-424b-9868-57a2d4851a1d" />
    <TestEntry testId="825a0899-f60c-7747-10dc-edf9d745369b" executionId="4f2e8ad3-76ae-4507-af17-159c8e3af8fe" testListId="8c84fa94-04c1-424b-9868-57a2d4851a1d" />
    <TestEntry testId="dc6251cd-01f9-1cce-a502-df54ce71eba2" executionId="f877fdd2-8c53-49ad-b254-fa291fa33229" testListId="8c84fa94-04c1-424b-9868-57a2d4851a1d" />
    <TestEntry testId="316b5766-01a4-b945-df1a-1d07ac1dfded" executionId="d1594fb3-02f0-4278-8c2a-a09eecb4dfaf" testListId="8c84fa94-04c1-424b-9868-57a2d4851a1d" />
    <TestEntry testId="575383ac-a422-d1e5-3903-2da7ffd1b577" executionId="4743f4c8-468d-465a-a972-c90fed93bfcd" testListId="8c84fa94-04c1-424b-9868-57a2d4851a1d" />
    <TestEntry testId="e7afe76e-2983-511f-53e6-ec72c360fd06" executionId="dfa34f3f-4374-4e99-9ccd-d1fe54f089f8" testListId="8c84fa94-04c1-424b-9868-57a2d4851a1d" />
    <TestEntry testId="a5cee8d5-e1e7-16a2-597a-8c6cbc2b8be8" executionId="76922ee7-9b9d-4007-b195-554468de372c" testListId="8c84fa94-04c1-424b-9868-57a2d4851a1d" />
    <TestEntry testId="deff2b50-b04e-659a-fcb1-aacff92daa42" executionId="431b2b93-ab64-4b28-97fc-bd302ba6823e" testListId="8c84fa94-04c1-424b-9868-57a2d4851a1d" />
    <TestEntry testId="897198c2-e013-2fdc-4de0-ccbd44dab1f1" executionId="891a07a7-6606-4e6a-8d8e-00bb857bdb63" testListId="8c84fa94-04c1-424b-9868-57a2d4851a1d" />
    <TestEntry testId="2fee1618-453a-fb22-e956-2fd9d457aed7" executionId="6e4d181a-3774-4a81-bcd6-81593bcc5bec" testListId="8c84fa94-04c1-424b-9868-57a2d4851a1d" />
    <TestEntry testId="e1fbd4f1-6ade-f24b-317f-6dbbbf27c5fc" executionId="0301a132-59a0-43c6-9f96-d867efa58fdb" testListId="8c84fa94-04c1-424b-9868-57a2d4851a1d" />
    <TestEntry testId="8efef518-8988-e3e1-bb3e-361f08b825e5" executionId="80bf70f3-0da8-44a7-b15d-c15d2954b755" testListId="8c84fa94-04c1-424b-9868-57a2d4851a1d" />
    <TestEntry testId="7aba6d95-cdac-4d3b-fc1e-d345b65a933b" executionId="5c45cbbb-74c5-4910-a91f-d2d54838d442" testListId="8c84fa94-04c1-424b-9868-57a2d4851a1d" />
    <TestEntry testId="63eafbb5-a30b-37a9-e05f-fe5729a00075" executionId="fe36b410-c759-4d26-a9af-38d078c046d3" testListId="8c84fa94-04c1-424b-9868-57a2d4851a1d" />
    <TestEntry testId="d17c6ea2-3ca4-386f-c6e7-4b216cf89dd5" executionId="8d27172a-a667-421f-b393-5831e8ec8513" testListId="8c84fa94-04c1-424b-9868-57a2d4851a1d" />
    <TestEntry testId="69d6d1aa-b426-63fd-4c85-4eac53250980" executionId="d3af2f91-9bca-4b27-b6a1-6d9d18f481c3" testListId="8c84fa94-04c1-424b-9868-57a2d4851a1d" />
    <TestEntry testId="d1ecf483-dfd0-e8fd-412c-75343e5fd3e3" executionId="560c67d6-61b9-4d42-a7bd-4f519fd5e259" testListId="8c84fa94-04c1-424b-9868-57a2d4851a1d" />
    <TestEntry testId="5359d170-82fa-d8d2-2f92-97bc053dca0c" executionId="a42a3959-c986-4cd7-a2c9-7c440321f56e" testListId="8c84fa94-04c1-424b-9868-57a2d4851a1d" />
    <TestEntry testId="d13cbe31-bcad-db2e-a448-21033afe455a" executionId="e50fa0fb-da38-4832-acde-85557a934d5c" testListId="8c84fa94-04c1-424b-9868-57a2d4851a1d" />
    <TestEntry testId="d46fc4ee-0150-cded-8fbb-ceb1d2e0e4ba" executionId="79d08809-16a6-45f7-935e-89e02e0f2026" testListId="8c84fa94-04c1-424b-9868-57a2d4851a1d" />
    <TestEntry testId="1bc68377-98f3-3224-550a-3a1f98831502" executionId="e939bcc9-10be-40b5-80c1-437aa0d07687" testListId="8c84fa94-04c1-424b-9868-57a2d4851a1d" />
    <TestEntry testId="af91bfef-d9e3-90f4-bf1f-8322352913ff" executionId="3ff0e42d-9fa0-4d61-b898-c29a37622e85" testListId="8c84fa94-04c1-424b-9868-57a2d4851a1d" />
    <TestEntry testId="116d7234-8081-621c-9c63-75bb4125b1af" executionId="dc691fca-8186-4129-94dc-158b5cbb22e9" testListId="8c84fa94-04c1-424b-9868-57a2d4851a1d" />
  </TestEntries>
  <TestLists>
    <TestList name="列表中未列出的结果" id="8c84fa94-04c1-424b-9868-57a2d4851a1d" />
    <TestList name="所有已加载的结果" id="19431567-8539-422a-85d7-44ee4e166bda" />
  </TestLists>
  <ResultSummary outcome="Completed">
    <Counters total="31" executed="31" passed="31" failed="0" error="0" timeout="0" aborted="0" inconclusive="0" passedButRunAborted="0" notRunnable="0" notExecuted="0" disconnected="0" warning="0" completed="0" inProgress="0" pending="0" />
    <Output>
      <StdOut>[xUnit.net 00:00:00.00] xUnit.net VSTest Adapter v2.5.3.1+6b60a9e56a (64-bit .NET 8.0.18)&#xD;
[xUnit.net 00:00:00.26]   Discovering: SystemMonitor.Tests&#xD;
[xUnit.net 00:00:00.32]   Discovered:  SystemMonitor.Tests&#xD;
[xUnit.net 00:00:00.33]   Starting:    SystemMonitor.Tests&#xD;
[svc][out] 正在生成...&#xD;
[test][pipe-wait] last-win32=2 elapsed=0.0s&#xD;
[test][pipe-wait] last-win32=2 elapsed=0.2s&#xD;
[test][pipe-wait] last-win32=2 elapsed=0.4s&#xD;
[test][pipe-wait] last-win32=2 elapsed=0.7s&#xD;
[test][pipe-wait] last-win32=2 elapsed=0.9s&#xD;
[test][pipe-wait] last-win32=2 elapsed=1.1s&#xD;
[test][pipe-wait] last-win32=2 elapsed=1.5s&#xD;
[test][pipe-wait] last-win32=2 elapsed=1.7s&#xD;
[test][pipe-wait] last-win32=2 elapsed=1.9s&#xD;
[test][pipe-wait] last-win32=2 elapsed=2.1s&#xD;
[test][pipe-wait] last-win32=2 elapsed=2.3s&#xD;
[test][pipe-wait] last-win32=2 elapsed=2.5s&#xD;
[test][pipe-wait] last-win32=2 elapsed=2.7s&#xD;
[test][pipe-wait] last-win32=2 elapsed=2.9s&#xD;
[test][pipe-wait] last-win32=2 elapsed=3.2s&#xD;
[test][pipe-wait] last-win32=2 elapsed=3.4s&#xD;
[test][pipe-wait] last-win32=2 elapsed=3.6s&#xD;
[test][pipe-wait] last-win32=2 elapsed=3.8s&#xD;
[test][pipe-wait] last-win32=2 elapsed=4.0s&#xD;
[test][pipe-wait] last-win32=2 elapsed=4.2s&#xD;
[svc][out] C:\code\sys-sensor-v3\src\SystemMonitor.Service\Program.cs(43,13): warning CA1416: 可在所有平台上访问此调用站点�?RpcHostedService" 仅在 'windows' 上受支持�?(https://learn.microsoft.com/dotnet/fundamentals/code-analysis/quality-rules/ca1416) [C:\code\sys-sensor-v3\src\SystemMonitor.Service\SystemMonitor.Service.csproj]&#xD;
[test][pipe-wait] last-win32=2 elapsed=4.5s&#xD;
[test][pipe-wait] last-win32=2 elapsed=4.7s&#xD;
[test][pipe-wait] last-win32=2 elapsed=4.9s&#xD;
[test][pipe-wait] last-win32=2 elapsed=5.1s&#xD;
[test][pipe-wait] last-win32=2 elapsed=5.3s&#xD;
[test][pipe-wait] last-win32=2 elapsed=5.5s&#xD;
[test][pipe-wait] last-win32=2 elapsed=5.7s&#xD;
[svc][out] [BOOT] Program start&#xD;
[svc][out] [BOOT] Invoking root command...&#xD;
[svc][out] [BOOT] Host builder created&#xD;
[svc][out] [BOOT] Building host...&#xD;
[test][pipe-wait] last-win32=2 elapsed=5.9s&#xD;
[test][pipe-wait] last-win32=2 elapsed=6.1s&#xD;
[svc][err] [SERILOG] 2025-08-20T06:46:19.2995410Z Unable to find a method called WithMachineName. Candidate methods are:&#xD;
[svc][err] Serilog.LoggerConfiguration With(Serilog.Configuration.LoggerEnrichmentConfiguration, Serilog.Core.ILogEventEnricher)&#xD;
[svc][err] Serilog.LoggerConfiguration AtLevel(Serilog.Configuration.LoggerEnrichmentConfiguration, System.Action`1[Serilog.Configuration.LoggerEnrichmentConfiguration], Serilog.Events.LogEventLevel, Serilog.Core.LoggingLevelSwitch)&#xD;
[svc][err] Serilog.LoggerConfiguration FromLogContext(Serilog.Configuration.LoggerEnrichmentConfiguration)&#xD;
[svc][err] [SERILOG] 2025-08-20T06:46:19.3012608Z Unable to find a method called WithProcessId. Candidate methods are:&#xD;
[svc][err] Serilog.LoggerConfiguration With(Serilog.Configuration.LoggerEnrichmentConfiguration, Serilog.Core.ILogEventEnricher)&#xD;
[svc][err] Serilog.LoggerConfiguration AtLevel(Serilog.Configuration.LoggerEnrichmentConfiguration, System.Action`1[Serilog.Configuration.LoggerEnrichmentConfiguration], Serilog.Events.LogEventLevel, Serilog.Core.LoggingLevelSwitch)&#xD;
[svc][err] Serilog.LoggerConfiguration FromLogContext(Serilog.Configuration.LoggerEnrichmentConfiguration)&#xD;
[svc][err] [SERILOG] 2025-08-20T06:46:19.3013107Z Unable to find a method called WithThreadId. Candidate methods are:&#xD;
[svc][err] Serilog.LoggerConfiguration With(Serilog.Configuration.LoggerEnrichmentConfiguration, Serilog.Core.ILogEventEnricher)&#xD;
[svc][err] Serilog.LoggerConfiguration AtLevel(Serilog.Configuration.LoggerEnrichmentConfiguration, System.Action`1[Serilog.Configuration.LoggerEnrichmentConfiguration], Serilog.Events.LogEventLevel, Serilog.Core.LoggingLevelSwitch)&#xD;
[svc][err] Serilog.LoggerConfiguration FromLogContext(Serilog.Configuration.LoggerEnrichmentConfiguration)&#xD;
[svc][out] [BOOT] Host built&#xD;
[svc][out] [SystemMonitor.Service] Running in CONSOLE mode. Use --service to run as Windows Service.&#xD;
[test][pipe-wait] last-win32=2 elapsed=6.3s&#xD;
[test][pipe-wait] last-win32=2 elapsed=0.0s&#xD;
[svc][out] 正在生成...&#xD;
[test][pipe-wait] last-win32=2 elapsed=0.2s&#xD;
[test][pipe-wait] last-win32=2 elapsed=0.4s&#xD;
[test][pipe-wait] last-win32=2 elapsed=0.6s&#xD;
[test][pipe-wait] last-win32=2 elapsed=0.8s&#xD;
[test][pipe-wait] last-win32=2 elapsed=1.0s&#xD;
[test][pipe-wait] last-win32=2 elapsed=1.2s&#xD;
[test][pipe-wait] last-win32=2 elapsed=1.4s&#xD;
[test][pipe-wait] last-win32=2 elapsed=1.6s&#xD;
[test][pipe-wait] last-win32=2 elapsed=1.9s&#xD;
[test][pipe-wait] last-win32=2 elapsed=2.1s&#xD;
[test][pipe-wait] last-win32=2 elapsed=2.3s&#xD;
[test][pipe-wait] last-win32=2 elapsed=2.5s&#xD;
[test][pipe-wait] last-win32=2 elapsed=2.7s&#xD;
[test][pipe-wait] last-win32=2 elapsed=2.9s&#xD;
[test][pipe-wait] last-win32=2 elapsed=3.1s&#xD;
[svc][out] [BOOT] Program start&#xD;
[svc][out] [BOOT] Invoking root command...&#xD;
[svc][out] [BOOT] Host builder created&#xD;
[svc][out] [BOOT] Building host...&#xD;
[test][pipe-wait] last-win32=2 elapsed=3.4s&#xD;
[test][pipe-wait] last-win32=2 elapsed=3.6s&#xD;
[svc][err] [SERILOG] 2025-08-20T06:46:24.3165288Z Unable to find a method called WithMachineName. Candidate methods are:&#xD;
[svc][err] Serilog.LoggerConfiguration With(Serilog.Configuration.LoggerEnrichmentConfiguration, Serilog.Core.ILogEventEnricher)&#xD;
[svc][err] Serilog.LoggerConfiguration AtLevel(Serilog.Configuration.LoggerEnrichmentConfiguration, System.Action`1[Serilog.Configuration.LoggerEnrichmentConfiguration], Serilog.Events.LogEventLevel, Serilog.Core.LoggingLevelSwitch)&#xD;
[svc][err] Serilog.LoggerConfiguration FromLogContext(Serilog.Configuration.LoggerEnrichmentConfiguration)&#xD;
[svc][err] [SERILOG] 2025-08-20T06:46:24.3202174Z Unable to find a method called WithProcessId. Candidate methods are:&#xD;
[svc][err] Serilog.LoggerConfiguration With(Serilog.Configuration.LoggerEnrichmentConfiguration, Serilog.Core.ILogEventEnricher)&#xD;
[svc][err] Serilog.LoggerConfiguration AtLevel(Serilog.Configuration.LoggerEnrichmentConfiguration, System.Action`1[Serilog.Configuration.LoggerEnrichmentConfiguration], Serilog.Events.LogEventLevel, Serilog.Core.LoggingLevelSwitch)&#xD;
[svc][err] Serilog.LoggerConfiguration FromLogContext(Serilog.Configuration.LoggerEnrichmentConfiguration)&#xD;
[svc][err] [SERILOG] 2025-08-20T06:46:24.3202796Z Unable to find a method called WithThreadId. Candidate methods are:&#xD;
[svc][err] Serilog.LoggerConfiguration With(Serilog.Configuration.LoggerEnrichmentConfiguration, Serilog.Core.ILogEventEnricher)&#xD;
[svc][err] Serilog.LoggerConfiguration AtLevel(Serilog.Configuration.LoggerEnrichmentConfiguration, System.Action`1[Serilog.Configuration.LoggerEnrichmentConfiguration], Serilog.Events.LogEventLevel, Serilog.Core.LoggingLevelSwitch)&#xD;
[svc][err] Serilog.LoggerConfiguration FromLogContext(Serilog.Configuration.LoggerEnrichmentConfiguration)&#xD;
[svc][out] [BOOT] Host built&#xD;
[svc][out] [SystemMonitor.Service] Running in CONSOLE mode. Use --service to run as Windows Service.&#xD;
[test][pipe-wait] last-win32=2 elapsed=3.8s&#xD;
[svc][out] 正在生成...&#xD;
[test][pipe-wait] last-win32=2 elapsed=0.0s&#xD;
[test][pipe-wait] last-win32=2 elapsed=0.2s&#xD;
[test][pipe-wait] last-win32=2 elapsed=0.4s&#xD;
[test][pipe-wait] last-win32=2 elapsed=0.6s&#xD;
[test][pipe-wait] last-win32=2 elapsed=0.8s&#xD;
[test][pipe-wait] last-win32=2 elapsed=1.0s&#xD;
[test][pipe-wait] last-win32=2 elapsed=1.2s&#xD;
[test][pipe-wait] last-win32=2 elapsed=1.4s&#xD;
[test][pipe-wait] last-win32=2 elapsed=1.7s&#xD;
[test][pipe-wait] last-win32=2 elapsed=1.9s&#xD;
[test][pipe-wait] last-win32=2 elapsed=2.1s&#xD;
[test][pipe-wait] last-win32=2 elapsed=2.3s&#xD;
[test][pipe-wait] last-win32=2 elapsed=2.5s&#xD;
[test][pipe-wait] last-win32=2 elapsed=2.7s&#xD;
[test][pipe-wait] last-win32=2 elapsed=2.9s&#xD;
[test][pipe-wait] last-win32=2 elapsed=3.2s&#xD;
[test][pipe-wait] last-win32=2 elapsed=3.4s&#xD;
[test][pipe-wait] last-win32=2 elapsed=3.6s&#xD;
[test][pipe-wait] last-win32=2 elapsed=3.8s&#xD;
[test][pipe-wait] last-win32=2 elapsed=4.0s&#xD;
[svc][out] [BOOT] Program start&#xD;
[svc][out] [BOOT] Invoking root command...&#xD;
[svc][out] [BOOT] Host builder created&#xD;
[svc][out] [BOOT] Building host...&#xD;
[test][pipe-wait] last-win32=2 elapsed=4.2s&#xD;
[test][pipe-wait] last-win32=2 elapsed=4.4s&#xD;
[test][pipe-wait] last-win32=2 elapsed=4.6s&#xD;
[svc][err] [SERILOG] 2025-08-20T06:46:30.3323417Z Unable to find a method called WithMachineName. Candidate methods are:&#xD;
[svc][err] Serilog.LoggerConfiguration With(Serilog.Configuration.LoggerEnrichmentConfiguration, Serilog.Core.ILogEventEnricher)&#xD;
[svc][err] Serilog.LoggerConfiguration AtLevel(Serilog.Configuration.LoggerEnrichmentConfiguration, System.Action`1[Serilog.Configuration.LoggerEnrichmentConfiguration], Serilog.Events.LogEventLevel, Serilog.Core.LoggingLevelSwitch)&#xD;
[svc][err] Serilog.LoggerConfiguration FromLogContext(Serilog.Configuration.LoggerEnrichmentConfiguration)&#xD;
[svc][err] [SERILOG] 2025-08-20T06:46:30.3358496Z Unable to find a method called WithProcessId. Candidate methods are:&#xD;
[svc][err] Serilog.LoggerConfiguration With(Serilog.Configuration.LoggerEnrichmentConfiguration, Serilog.Core.ILogEventEnricher)&#xD;
[svc][err] Serilog.LoggerConfiguration AtLevel(Serilog.Configuration.LoggerEnrichmentConfiguration, System.Action`1[Serilog.Configuration.LoggerEnrichmentConfiguration], Serilog.Events.LogEventLevel, Serilog.Core.LoggingLevelSwitch)&#xD;
[svc][err] Serilog.LoggerConfiguration FromLogContext(Serilog.Configuration.LoggerEnrichmentConfiguration)&#xD;
[svc][err] [SERILOG] 2025-08-20T06:46:30.3359918Z Unable to find a method called WithThreadId. Candidate methods are:&#xD;
[svc][err] Serilog.LoggerConfiguration With(Serilog.Configuration.LoggerEnrichmentConfiguration, Serilog.Core.ILogEventEnricher)&#xD;
[svc][err] Serilog.LoggerConfiguration AtLevel(Serilog.Configuration.LoggerEnrichmentConfiguration, System.Action`1[Serilog.Configuration.LoggerEnrichmentConfiguration], Serilog.Events.LogEventLevel, Serilog.Core.LoggingLevelSwitch)&#xD;
[svc][err] Serilog.LoggerConfiguration FromLogContext(Serilog.Configuration.LoggerEnrichmentConfiguration)&#xD;
[test][pipe-wait] last-win32=2 elapsed=4.9s&#xD;
[svc][out] [BOOT] Host built&#xD;
[svc][out] [SystemMonitor.Service] Running in CONSOLE mode. Use --service to run as Windows Service.&#xD;
[test][pipe-wait] last-win32=2 elapsed=5.1s&#xD;
[svc][out] 正在生成...&#xD;
[test][pipe-wait] last-win32=2 elapsed=0.0s&#xD;
[test][pipe-wait] last-win32=2 elapsed=0.2s&#xD;
[test][pipe-wait] last-win32=2 elapsed=0.4s&#xD;
[test][pipe-wait] last-win32=2 elapsed=0.6s&#xD;
[test][pipe-wait] last-win32=2 elapsed=0.8s&#xD;
[test][pipe-wait] last-win32=2 elapsed=1.1s&#xD;
[test][pipe-wait] last-win32=2 elapsed=1.3s&#xD;
[test][pipe-wait] last-win32=2 elapsed=1.5s&#xD;
[test][pipe-wait] last-win32=2 elapsed=1.7s&#xD;
[svc][out] [BOOT] Program start&#xD;
[svc][out] [BOOT] Invoking root command...&#xD;
[test][pipe-wait] last-win32=2 elapsed=1.9s&#xD;
[svc][out] [BOOT] Host builder created&#xD;
[svc][out] [BOOT] Building host...&#xD;
[test][pipe-wait] last-win32=2 elapsed=2.1s&#xD;
[svc][err] [SERILOG] 2025-08-20T06:46:33.8597245Z Unable to find a method called WithMachineName. Candidate methods are:&#xD;
[svc][err] Serilog.LoggerConfiguration With(Serilog.Configuration.LoggerEnrichmentConfiguration, Serilog.Core.ILogEventEnricher)&#xD;
[svc][err] Serilog.LoggerConfiguration AtLevel(Serilog.Configuration.LoggerEnrichmentConfiguration, System.Action`1[Serilog.Configuration.LoggerEnrichmentConfiguration], Serilog.Events.LogEventLevel, Serilog.Core.LoggingLevelSwitch)&#xD;
[svc][err] Serilog.LoggerConfiguration FromLogContext(Serilog.Configuration.LoggerEnrichmentConfiguration)&#xD;
[svc][err] [SERILOG] 2025-08-20T06:46:33.8614433Z Unable to find a method called WithProcessId. Candidate methods are:&#xD;
[svc][err] Serilog.LoggerConfiguration With(Serilog.Configuration.LoggerEnrichmentConfiguration, Serilog.Core.ILogEventEnricher)&#xD;
[svc][err] Serilog.LoggerConfiguration AtLevel(Serilog.Configuration.LoggerEnrichmentConfiguration, System.Action`1[Serilog.Configuration.LoggerEnrichmentConfiguration], Serilog.Events.LogEventLevel, Serilog.Core.LoggingLevelSwitch)&#xD;
[svc][err] Serilog.LoggerConfiguration FromLogContext(Serilog.Configuration.LoggerEnrichmentConfiguration)&#xD;
[svc][err] [SERILOG] 2025-08-20T06:46:33.8614904Z Unable to find a method called WithThreadId. Candidate methods are:&#xD;
[svc][err] Serilog.LoggerConfiguration With(Serilog.Configuration.LoggerEnrichmentConfiguration, Serilog.Core.ILogEventEnricher)&#xD;
[svc][err] Serilog.LoggerConfiguration AtLevel(Serilog.Configuration.LoggerEnrichmentConfiguration, System.Action`1[Serilog.Configuration.LoggerEnrichmentConfiguration], Serilog.Events.LogEventLevel, Serilog.Core.LoggingLevelSwitch)&#xD;
[svc][err] Serilog.LoggerConfiguration FromLogContext(Serilog.Configuration.LoggerEnrichmentConfiguration)&#xD;
[svc][out] [BOOT] Host built&#xD;
[svc][out] [SystemMonitor.Service] Running in CONSOLE mode. Use --service to run as Windows Service.&#xD;
[svc][out] 正在生成...&#xD;
[test][pipe-wait] last-win32=2 elapsed=0.0s&#xD;
[test][pipe-wait] last-win32=2 elapsed=0.2s&#xD;
[test][pipe-wait] last-win32=2 elapsed=0.4s&#xD;
[test][pipe-wait] last-win32=2 elapsed=0.6s&#xD;
[test][pipe-wait] last-win32=2 elapsed=0.8s&#xD;
[test][pipe-wait] last-win32=2 elapsed=1.0s&#xD;
[test][pipe-wait] last-win32=2 elapsed=1.3s&#xD;
[test][pipe-wait] last-win32=2 elapsed=1.5s&#xD;
[test][pipe-wait] last-win32=2 elapsed=1.7s&#xD;
[test][pipe-wait] last-win32=2 elapsed=1.9s&#xD;
[svc][out] [BOOT] Program start&#xD;
[svc][out] [BOOT] Invoking root command...&#xD;
[test][pipe-wait] last-win32=2 elapsed=2.1s&#xD;
[svc][out] [BOOT] Host builder created&#xD;
[svc][out] [BOOT] Building host...&#xD;
[test][pipe-wait] last-win32=2 elapsed=2.3s&#xD;
[svc][err] [SERILOG] 2025-08-20T06:46:40.1453744Z Unable to find a method called WithMachineName. Candidate methods are:&#xD;
[svc][err] Serilog.LoggerConfiguration With(Serilog.Configuration.LoggerEnrichmentConfiguration, Serilog.Core.ILogEventEnricher)&#xD;
[svc][err] Serilog.LoggerConfiguration AtLevel(Serilog.Configuration.LoggerEnrichmentConfiguration, System.Action`1[Serilog.Configuration.LoggerEnrichmentConfiguration], Serilog.Events.LogEventLevel, Serilog.Core.LoggingLevelSwitch)&#xD;
[svc][err] Serilog.LoggerConfiguration FromLogContext(Serilog.Configuration.LoggerEnrichmentConfiguration)&#xD;
[svc][err] [SERILOG] 2025-08-20T06:46:40.1489829Z Unable to find a method called WithProcessId. Candidate methods are:&#xD;
[svc][err] Serilog.LoggerConfiguration With(Serilog.Configuration.LoggerEnrichmentConfiguration, Serilog.Core.ILogEventEnricher)&#xD;
[svc][err] Serilog.LoggerConfiguration AtLevel(Serilog.Configuration.LoggerEnrichmentConfiguration, System.Action`1[Serilog.Configuration.LoggerEnrichmentConfiguration], Serilog.Events.LogEventLevel, Serilog.Core.LoggingLevelSwitch)&#xD;
[svc][err] Serilog.LoggerConfiguration FromLogContext(Serilog.Configuration.LoggerEnrichmentConfiguration)&#xD;
[svc][err] [SERILOG] 2025-08-20T06:46:40.1490384Z Unable to find a method called WithThreadId. Candidate methods are:&#xD;
[svc][err] Serilog.LoggerConfiguration With(Serilog.Configuration.LoggerEnrichmentConfiguration, Serilog.Core.ILogEventEnricher)&#xD;
[svc][err] Serilog.LoggerConfiguration AtLevel(Serilog.Configuration.LoggerEnrichmentConfiguration, System.Action`1[Serilog.Configuration.LoggerEnrichmentConfiguration], Serilog.Events.LogEventLevel, Serilog.Core.LoggingLevelSwitch)&#xD;
[svc][err] Serilog.LoggerConfiguration FromLogContext(Serilog.Configuration.LoggerEnrichmentConfiguration)&#xD;
[test][pipe-wait] last-win32=2 elapsed=2.5s&#xD;
[svc][out] [BOOT] Host built&#xD;
[svc][out] [SystemMonitor.Service] Running in CONSOLE mode. Use --service to run as Windows Service.&#xD;
[svc][out] 正在生成...&#xD;
[test][pipe-wait] last-win32=2 elapsed=0.0s&#xD;
[test][pipe-wait] last-win32=2 elapsed=0.2s&#xD;
[test][pipe-wait] last-win32=2 elapsed=0.4s&#xD;
[test][pipe-wait] last-win32=2 elapsed=0.6s&#xD;
[test][pipe-wait] last-win32=2 elapsed=0.9s&#xD;
[test][pipe-wait] last-win32=2 elapsed=1.1s&#xD;
[test][pipe-wait] last-win32=2 elapsed=1.3s&#xD;
[test][pipe-wait] last-win32=2 elapsed=1.5s&#xD;
[test][pipe-wait] last-win32=2 elapsed=1.7s&#xD;
[test][pipe-wait] last-win32=2 elapsed=1.9s&#xD;
[test][pipe-wait] last-win32=2 elapsed=2.1s&#xD;
[test][pipe-wait] last-win32=2 elapsed=2.3s&#xD;
[test][pipe-wait] last-win32=2 elapsed=2.5s&#xD;
[test][pipe-wait] last-win32=2 elapsed=2.8s&#xD;
[test][pipe-wait] last-win32=2 elapsed=3.0s&#xD;
[test][pipe-wait] last-win32=2 elapsed=3.2s&#xD;
[svc][out] [BOOT] Program start&#xD;
[svc][out] [BOOT] Invoking root command...&#xD;
[svc][out] [BOOT] Host builder created&#xD;
[svc][out] [BOOT] Building host...&#xD;
[test][pipe-wait] last-win32=2 elapsed=3.4s&#xD;
[test][pipe-wait] last-win32=2 elapsed=3.6s&#xD;
[svc][err] [SERILOG] 2025-08-20T06:46:44.7848354Z Unable to find a method called WithMachineName. Candidate methods are:&#xD;
[svc][err] Serilog.LoggerConfiguration With(Serilog.Configuration.LoggerEnrichmentConfiguration, Serilog.Core.ILogEventEnricher)&#xD;
[svc][err] Serilog.LoggerConfiguration AtLevel(Serilog.Configuration.LoggerEnrichmentConfiguration, System.Action`1[Serilog.Configuration.LoggerEnrichmentConfiguration], Serilog.Events.LogEventLevel, Serilog.Core.LoggingLevelSwitch)&#xD;
[svc][err] Serilog.LoggerConfiguration FromLogContext(Serilog.Configuration.LoggerEnrichmentConfiguration)&#xD;
[svc][err] [SERILOG] 2025-08-20T06:46:44.7876233Z Unable to find a method called WithProcessId. Candidate methods are:&#xD;
[svc][err] Serilog.LoggerConfiguration With(Serilog.Configuration.LoggerEnrichmentConfiguration, Serilog.Core.ILogEventEnricher)&#xD;
[svc][err] Serilog.LoggerConfiguration AtLevel(Serilog.Configuration.LoggerEnrichmentConfiguration, System.Action`1[Serilog.Configuration.LoggerEnrichmentConfiguration], Serilog.Events.LogEventLevel, Serilog.Core.LoggingLevelSwitch)&#xD;
[svc][err] Serilog.LoggerConfiguration FromLogContext(Serilog.Configuration.LoggerEnrichmentConfiguration)&#xD;
[svc][err] [SERILOG] 2025-08-20T06:46:44.7876700Z Unable to find a method called WithThreadId. Candidate methods are:&#xD;
[svc][err] Serilog.LoggerConfiguration With(Serilog.Configuration.LoggerEnrichmentConfiguration, Serilog.Core.ILogEventEnricher)&#xD;
[svc][err] Serilog.LoggerConfiguration AtLevel(Serilog.Configuration.LoggerEnrichmentConfiguration, System.Action`1[Serilog.Configuration.LoggerEnrichmentConfiguration], Serilog.Events.LogEventLevel, Serilog.Core.LoggingLevelSwitch)&#xD;
[svc][err] Serilog.LoggerConfiguration FromLogContext(Serilog.Configuration.LoggerEnrichmentConfiguration)&#xD;
[svc][out] [BOOT] Host built&#xD;
[svc][out] [SystemMonitor.Service] Running in CONSOLE mode. Use --service to run as Windows Service.&#xD;
[svc][out] 正在生成...&#xD;
[test][pipe-wait] last-win32=2 elapsed=0.0s&#xD;
[test][pipe-wait] last-win32=2 elapsed=0.2s&#xD;
[test][pipe-wait] last-win32=2 elapsed=0.4s&#xD;
[test][pipe-wait] last-win32=2 elapsed=0.6s&#xD;
[test][pipe-wait] last-win32=2 elapsed=0.9s&#xD;
[test][pipe-wait] last-win32=2 elapsed=1.1s&#xD;
[test][pipe-wait] last-win32=2 elapsed=1.3s&#xD;
[test][pipe-wait] last-win32=2 elapsed=1.5s&#xD;
[test][pipe-wait] last-win32=2 elapsed=1.7s&#xD;
[test][pipe-wait] last-win32=2 elapsed=1.9s&#xD;
[test][pipe-wait] last-win32=2 elapsed=2.1s&#xD;
[test][pipe-wait] last-win32=2 elapsed=2.3s&#xD;
[svc][out] [BOOT] Program start&#xD;
[svc][out] [BOOT] Invoking root command...&#xD;
[svc][out] [BOOT] Host builder created&#xD;
[svc][out] [BOOT] Building host...&#xD;
[test][pipe-wait] last-win32=2 elapsed=2.5s&#xD;
[svc][err] [SERILOG] 2025-08-20T06:46:48.3265034Z Unable to find a method called WithMachineName. Candidate methods are:&#xD;
[svc][err] Serilog.LoggerConfiguration With(Serilog.Configuration.LoggerEnrichmentConfiguration, Serilog.Core.ILogEventEnricher)&#xD;
[svc][err] Serilog.LoggerConfiguration AtLevel(Serilog.Configuration.LoggerEnrichmentConfiguration, System.Action`1[Serilog.Configuration.LoggerEnrichmentConfiguration], Serilog.Events.LogEventLevel, Serilog.Core.LoggingLevelSwitch)&#xD;
[svc][err] Serilog.LoggerConfiguration FromLogContext(Serilog.Configuration.LoggerEnrichmentConfiguration)&#xD;
[svc][err] [SERILOG] 2025-08-20T06:46:48.3281979Z Unable to find a method called WithProcessId. Candidate methods are:&#xD;
[svc][err] Serilog.LoggerConfiguration With(Serilog.Configuration.LoggerEnrichmentConfiguration, Serilog.Core.ILogEventEnricher)&#xD;
[svc][err] Serilog.LoggerConfiguration AtLevel(Serilog.Configuration.LoggerEnrichmentConfiguration, System.Action`1[Serilog.Configuration.LoggerEnrichmentConfiguration], Serilog.Events.LogEventLevel, Serilog.Core.LoggingLevelSwitch)&#xD;
[svc][err] Serilog.LoggerConfiguration FromLogContext(Serilog.Configuration.LoggerEnrichmentConfiguration)&#xD;
[svc][err] [SERILOG] 2025-08-20T06:46:48.3282251Z Unable to find a method called WithThreadId. Candidate methods are:&#xD;
[svc][err] Serilog.LoggerConfiguration With(Serilog.Configuration.LoggerEnrichmentConfiguration, Serilog.Core.ILogEventEnricher)&#xD;
[svc][err] Serilog.LoggerConfiguration AtLevel(Serilog.Configuration.LoggerEnrichmentConfiguration, System.Action`1[Serilog.Configuration.LoggerEnrichmentConfiguration], Serilog.Events.LogEventLevel, Serilog.Core.LoggingLevelSwitch)&#xD;
[svc][err] Serilog.LoggerConfiguration FromLogContext(Serilog.Configuration.LoggerEnrichmentConfiguration)&#xD;
[svc][out] [BOOT] Host built&#xD;
[svc][out] [SystemMonitor.Service] Running in CONSOLE mode. Use --service to run as Windows Service.&#xD;
[test][pipe-wait] last-win32=2 elapsed=2.7s&#xD;
[svc][out] 正在生成...&#xD;
[test][pipe-wait] last-win32=2 elapsed=0.0s&#xD;
[test][pipe-wait] last-win32=2 elapsed=0.2s&#xD;
[test][pipe-wait] last-win32=2 elapsed=0.4s&#xD;
[test][pipe-wait] last-win32=2 elapsed=0.6s&#xD;
[test][pipe-wait] last-win32=2 elapsed=0.8s&#xD;
[test][pipe-wait] last-win32=2 elapsed=1.0s&#xD;
[test][pipe-wait] last-win32=2 elapsed=1.3s&#xD;
[test][pipe-wait] last-win32=2 elapsed=1.5s&#xD;
[test][pipe-wait] last-win32=2 elapsed=1.7s&#xD;
[test][pipe-wait] last-win32=2 elapsed=1.9s&#xD;
[test][pipe-wait] last-win32=2 elapsed=2.1s&#xD;
[test][pipe-wait] last-win32=2 elapsed=2.3s&#xD;
[svc][out] [BOOT] Program start&#xD;
[svc][out] [BOOT] Invoking root command...&#xD;
[svc][out] [BOOT] Host builder created&#xD;
[svc][out] [BOOT] Building host...&#xD;
[test][pipe-wait] last-win32=2 elapsed=2.5s&#xD;
[test][pipe-wait] last-win32=2 elapsed=2.7s&#xD;
[test][pipe-wait] last-win32=2 elapsed=2.9s&#xD;
[svc][err] [SERILOG] 2025-08-20T06:46:52.3341728Z Unable to find a method called WithMachineName. Candidate methods are:&#xD;
[svc][err] Serilog.LoggerConfiguration With(Serilog.Configuration.LoggerEnrichmentConfiguration, Serilog.Core.ILogEventEnricher)&#xD;
[svc][err] Serilog.LoggerConfiguration AtLevel(Serilog.Configuration.LoggerEnrichmentConfiguration, System.Action`1[Serilog.Configuration.LoggerEnrichmentConfiguration], Serilog.Events.LogEventLevel, Serilog.Core.LoggingLevelSwitch)&#xD;
[svc][err] Serilog.LoggerConfiguration FromLogContext(Serilog.Configuration.LoggerEnrichmentConfiguration)&#xD;
[svc][err] [SERILOG] 2025-08-20T06:46:52.3377831Z Unable to find a method called WithProcessId. Candidate methods are:&#xD;
[svc][err] Serilog.LoggerConfiguration With(Serilog.Configuration.LoggerEnrichmentConfiguration, Serilog.Core.ILogEventEnricher)&#xD;
[svc][err] Serilog.LoggerConfiguration AtLevel(Serilog.Configuration.LoggerEnrichmentConfiguration, System.Action`1[Serilog.Configuration.LoggerEnrichmentConfiguration], Serilog.Events.LogEventLevel, Serilog.Core.LoggingLevelSwitch)&#xD;
[svc][err] Serilog.LoggerConfiguration FromLogContext(Serilog.Configuration.LoggerEnrichmentConfiguration)&#xD;
[svc][err] [SERILOG] 2025-08-20T06:46:52.3378353Z Unable to find a method called WithThreadId. Candidate methods are:&#xD;
[svc][err] Serilog.LoggerConfiguration With(Serilog.Configuration.LoggerEnrichmentConfiguration, Serilog.Core.ILogEventEnricher)&#xD;
[svc][err] Serilog.LoggerConfiguration AtLevel(Serilog.Configuration.LoggerEnrichmentConfiguration, System.Action`1[Serilog.Configuration.LoggerEnrichmentConfiguration], Serilog.Events.LogEventLevel, Serilog.Core.LoggingLevelSwitch)&#xD;
[svc][err] Serilog.LoggerConfiguration FromLogContext(Serilog.Configuration.LoggerEnrichmentConfiguration)&#xD;
[svc][out] [BOOT] Host built&#xD;
[svc][out] [SystemMonitor.Service] Running in CONSOLE mode. Use --service to run as Windows Service.&#xD;
[test][pipe-wait] last-win32=2 elapsed=3.1s&#xD;
[xUnit.net 00:00:46.25]   Finished:    SystemMonitor.Tests&#xD;
</StdOut>
    </Output>
  </ResultSummary>
</TestRun>