<?xml version="1.0" encoding="utf-8"?>
<TestRun id="56fef7b5-aeec-4d32-aabf-d25405e7f330" name="terry@DESKTOP-J6M8022 2025-08-22 00:23:48" runUser="DESKTOP-J6M8022\terry" xmlns="http://microsoft.com/schemas/VisualStudio/TeamTest/2010">
  <Times creation="2025-08-22T00:23:48.7765282+08:00" queuing="2025-08-22T00:23:48.7765285+08:00" start="2025-08-22T00:23:47.8846765+08:00" finish="2025-08-22T00:24:25.9633339+08:00" />
  <TestSettings name="default" id="04f94745-bfb4-4939-a1ce-c95b9f5032ff">
    <Deployment runDeploymentRoot="terry_DESKTOP-J6M8022_2025-08-22_00_23_48" />
  </TestSettings>
  <Results>
    <UnitTestResult executionId="a59777e4-e830-4072-8521-fc1e01a6077c" testId="5359d170-82fa-d8d2-2f92-97bc053dca0c" testName="SystemMonitor.Tests.EndToEndTests.QueryHistory_Works" computerName="DESKTOP-J6M8022" duration="00:00:00.1365891" startTime="2025-08-22T00:23:58.7548533+08:00" endTime="2025-08-22T00:23:58.7548535+08:00" testType="13cdc9d9-ddb5-4fa4-a97d-d965ccfc6d4b" outcome="Passed" testListId="8c84fa94-04c1-424b-9868-57a2d4851a1d" relativeResultsDirectory="a59777e4-e830-4072-8521-fc1e01a6077c" />
    <UnitTestResult executionId="6a24dff7-4c66-46e0-a099-682785136907" testId="e7afe76e-2983-511f-53e6-ec72c360fd06" testName="SystemMonitor.Tests.SchemaTests.SetConfig_Schema_Valid_WithIntervals" computerName="DESKTOP-J6M8022" duration="00:00:00.0017205" startTime="2025-08-22T00:23:48.8676196+08:00" endTime="2025-08-22T00:23:48.8676198+08:00" testType="13cdc9d9-ddb5-4fa4-a97d-d965ccfc6d4b" outcome="Passed" testListId="8c84fa94-04c1-424b-9868-57a2d4851a1d" relativeResultsDirectory="6a24dff7-4c66-46e0-a099-682785136907" />
    <UnitTestResult executionId="ff4ab45f-8435-4f30-accd-21982a410ec2" testId="575383ac-a422-d1e5-3903-2da7ffd1b577" testName="SystemMonitor.Tests.EndToEndTests.Metrics_Throttle_Burst_Recovery_Works" computerName="DESKTOP-J6M8022" duration="00:00:02.7921700" startTime="2025-08-22T00:24:06.4442570+08:00" endTime="2025-08-22T00:24:06.4442572+08:00" testType="13cdc9d9-ddb5-4fa4-a97d-d965ccfc6d4b" outcome="Passed" testListId="8c84fa94-04c1-424b-9868-57a2d4851a1d" relativeResultsDirectory="ff4ab45f-8435-4f30-accd-21982a410ec2" />
    <UnitTestResult executionId="f5134cb7-adce-4ec2-971b-b603f18db9e9" testId="d46fc4ee-0150-cded-8fbb-ceb1d2e0e4ba" testName="SystemMonitor.Tests.EndToEndTests.SetConfig_And_BurstSubscribe_Works" computerName="DESKTOP-J6M8022" duration="00:00:00.1389061" startTime="2025-08-22T00:24:11.0689720+08:00" endTime="2025-08-22T00:24:11.0689722+08:00" testType="13cdc9d9-ddb5-4fa4-a97d-d965ccfc6d4b" outcome="Passed" testListId="8c84fa94-04c1-424b-9868-57a2d4851a1d" relativeResultsDirectory="f5134cb7-adce-4ec2-971b-b603f18db9e9" />
    <UnitTestResult executionId="7f7bec24-d957-4b01-995f-d73311011b99" testId="825a0899-f60c-7747-10dc-edf9d745369b" testName="SystemMonitor.Tests.ContractTests.Start_Request_Serializes_To_SnakeCase" computerName="DESKTOP-J6M8022" duration="00:00:00.0002109" startTime="2025-08-22T00:23:48.7406613+08:00" endTime="2025-08-22T00:23:48.7406614+08:00" testType="13cdc9d9-ddb5-4fa4-a97d-d965ccfc6d4b" outcome="Passed" testListId="8c84fa94-04c1-424b-9868-57a2d4851a1d" relativeResultsDirectory="7f7bec24-d957-4b01-995f-d73311011b99" />
    <UnitTestResult executionId="e296c541-5637-4810-8768-9a16a4ea4957" testId="deff2b50-b04e-659a-fcb1-aacff92daa42" testName="SystemMonitor.Tests.ContractTests.Hello_Request_Should_Not_Contain_PascalCase_Keys" computerName="DESKTOP-J6M8022" duration="00:00:00.0032813" startTime="2025-08-22T00:23:48.7070283+08:00" endTime="2025-08-22T00:23:48.7070284+08:00" testType="13cdc9d9-ddb5-4fa4-a97d-d965ccfc6d4b" outcome="Passed" testListId="8c84fa94-04c1-424b-9868-57a2d4851a1d" relativeResultsDirectory="e296c541-5637-4810-8768-9a16a4ea4957" />
    <UnitTestResult executionId="98171ff8-c273-46e9-baa5-8604c0e731e9" testId="2fee1618-453a-fb22-e956-2fd9d457aed7" testName="SystemMonitor.Tests.ContractTests.Stop_Request_Serializes_To_SnakeCase" computerName="DESKTOP-J6M8022" duration="00:00:00.0006909" startTime="2025-08-22T00:23:48.7090980+08:00" endTime="2025-08-22T00:23:48.7090981+08:00" testType="13cdc9d9-ddb5-4fa4-a97d-d965ccfc6d4b" outcome="Passed" testListId="8c84fa94-04c1-424b-9868-57a2d4851a1d" relativeResultsDirectory="98171ff8-c273-46e9-baa5-8604c0e731e9" />
    <UnitTestResult executionId="dcb5c198-e826-4c9c-903f-14a110b70d36" testId="e1fbd4f1-6ade-f24b-317f-6dbbbf27c5fc" testName="SystemMonitor.Tests.SchemaTests.Hello_Schema_Valid_Minimal" computerName="DESKTOP-J6M8022" duration="00:00:00.0003721" startTime="2025-08-22T00:23:48.8787857+08:00" endTime="2025-08-22T00:23:48.8787858+08:00" testType="13cdc9d9-ddb5-4fa4-a97d-d965ccfc6d4b" outcome="Passed" testListId="8c84fa94-04c1-424b-9868-57a2d4851a1d" relativeResultsDirectory="dcb5c198-e826-4c9c-903f-14a110b70d36" />
    <UnitTestResult executionId="8b2a3ed0-754d-40ed-a8ef-d1730c359e21" testId="1625b824-bf75-ff81-2ccc-b11736dbaaf3" testName="SystemMonitor.Tests.EndToEndTests.Snapshot_CpuMem_Ranges" computerName="DESKTOP-J6M8022" duration="00:00:00.1772973" startTime="2025-08-22T00:24:25.9035554+08:00" endTime="2025-08-22T00:24:25.9035556+08:00" testType="13cdc9d9-ddb5-4fa4-a97d-d965ccfc6d4b" outcome="Passed" testListId="8c84fa94-04c1-424b-9868-57a2d4851a1d" relativeResultsDirectory="8b2a3ed0-754d-40ed-a8ef-d1730c359e21" />
    <UnitTestResult executionId="e6f1c4a8-d93b-4064-bf69-35372a9fd285" testId="d13cbe31-bcad-db2e-a448-21033afe455a" testName="SystemMonitor.Tests.SchemaTests.Hello_Schema_Invalid_NoToken" computerName="DESKTOP-J6M8022" duration="00:00:00.0038781" startTime="2025-08-22T00:23:48.8716311+08:00" endTime="2025-08-22T00:23:48.8716312+08:00" testType="13cdc9d9-ddb5-4fa4-a97d-d965ccfc6d4b" outcome="Passed" testListId="8c84fa94-04c1-424b-9868-57a2d4851a1d" relativeResultsDirectory="e6f1c4a8-d93b-4064-bf69-35372a9fd285" />
    <UnitTestResult executionId="729a406d-0c10-4033-b157-f5987b7dc5ee" testId="316b5766-01a4-b945-df1a-1d07ac1dfded" testName="SystemMonitor.Tests.SchemaTests.BurstSubscribe_Schema_Valid" computerName="DESKTOP-J6M8022" duration="00:00:00.0005994" startTime="2025-08-22T00:23:48.8795223+08:00" endTime="2025-08-22T00:23:48.8795225+08:00" testType="13cdc9d9-ddb5-4fa4-a97d-d965ccfc6d4b" outcome="Passed" testListId="8c84fa94-04c1-424b-9868-57a2d4851a1d" relativeResultsDirectory="729a406d-0c10-4033-b157-f5987b7dc5ee" />
    <UnitTestResult executionId="38b3aec7-a8b4-42a8-ad66-1d6ca8bbc7a3" testId="a5cee8d5-e1e7-16a2-597a-8c6cbc2b8be8" testName="SystemMonitor.Tests.EndToEndTests.Hello_Protocol_NotSupported_Fails" computerName="DESKTOP-J6M8022" duration="00:00:00.1485684" startTime="2025-08-22T00:24:08.7573207+08:00" endTime="2025-08-22T00:24:08.7573210+08:00" testType="13cdc9d9-ddb5-4fa4-a97d-d965ccfc6d4b" outcome="Passed" testListId="8c84fa94-04c1-424b-9868-57a2d4851a1d" relativeResultsDirectory="38b3aec7-a8b4-42a8-ad66-1d6ca8bbc7a3" />
    <UnitTestResult executionId="b56ff28f-a864-46c7-87b9-af689cf38682" testId="7aba6d95-cdac-4d3b-fc1e-d345b65a933b" testName="SystemMonitor.Tests.ContractTests.Hello_Request_Serializes_To_SnakeCase" computerName="DESKTOP-J6M8022" duration="00:00:00.0015530" startTime="2025-08-22T00:23:48.7395641+08:00" endTime="2025-08-22T00:23:48.7395643+08:00" testType="13cdc9d9-ddb5-4fa4-a97d-d965ccfc6d4b" outcome="Passed" testListId="8c84fa94-04c1-424b-9868-57a2d4851a1d" relativeResultsDirectory="b56ff28f-a864-46c7-87b9-af689cf38682" />
    <UnitTestResult executionId="c8230343-3091-4c70-b7f7-21c3ec6581e2" testId="b63f371d-2541-ba09-aa15-8afdc6da8ab0" testName="SystemMonitor.Tests.EndToEndTests.State_Emitted_On_Start_Burst_Stop" computerName="DESKTOP-J6M8022" duration="00:00:00.1378369" startTime="2025-08-22T00:24:23.0999010+08:00" endTime="2025-08-22T00:24:23.0999012+08:00" testType="13cdc9d9-ddb5-4fa4-a97d-d965ccfc6d4b" outcome="Passed" testListId="8c84fa94-04c1-424b-9868-57a2d4851a1d" relativeResultsDirectory="c8230343-3091-4c70-b7f7-21c3ec6581e2" />
    <UnitTestResult executionId="5c836eaa-0e31-4392-8574-9e918e9bfd73" testId="1bc68377-98f3-3224-550a-3a1f98831502" testName="SystemMonitor.Tests.EndToEndTests.Hello_WithoutToken_Fails" computerName="DESKTOP-J6M8022" duration="00:00:00.1583332" startTime="2025-08-22T00:23:51.4351737+08:00" endTime="2025-08-22T00:23:51.4351745+08:00" testType="13cdc9d9-ddb5-4fa4-a97d-d965ccfc6d4b" outcome="Passed" testListId="8c84fa94-04c1-424b-9868-57a2d4851a1d" relativeResultsDirectory="5c836eaa-0e31-4392-8574-9e918e9bfd73" />
    <UnitTestResult executionId="0b6b1b78-50f7-4d28-9c72-17edcd13f5ee" testId="c7e17ebe-07f3-5913-71e6-f1c4a943136f" testName="SystemMonitor.Tests.SchemaTests.BurstSubscribe_Schema_Invalid_EmptyModules" computerName="DESKTOP-J6M8022" duration="00:00:00.0057456" startTime="2025-08-22T00:23:48.8853699+08:00" endTime="2025-08-22T00:23:48.8853700+08:00" testType="13cdc9d9-ddb5-4fa4-a97d-d965ccfc6d4b" outcome="Passed" testListId="8c84fa94-04c1-424b-9868-57a2d4851a1d" relativeResultsDirectory="0b6b1b78-50f7-4d28-9c72-17edcd13f5ee" />
    <UnitTestResult executionId="fab1bbe0-2b0e-4836-a534-af192178f48a" testId="69d6d1aa-b426-63fd-4c85-4eac53250980" testName="SystemMonitor.Tests.SchemaTests.QueryHistory_Schema_Valid" computerName="DESKTOP-J6M8022" duration="00:00:00.0031790" startTime="2025-08-22T00:23:48.8749243+08:00" endTime="2025-08-22T00:23:48.8749244+08:00" testType="13cdc9d9-ddb5-4fa4-a97d-d965ccfc6d4b" outcome="Passed" testListId="8c84fa94-04c1-424b-9868-57a2d4851a1d" relativeResultsDirectory="fab1bbe0-2b0e-4836-a534-af192178f48a" />
    <UnitTestResult executionId="231c3c11-2202-41f3-92ba-c813bc9a3d91" testId="8efef518-8988-e3e1-bb3e-361f08b825e5" testName="SystemMonitor.Tests.SchemaTests.Snapshot_Schema_Valid_WithModules" computerName="DESKTOP-J6M8022" duration="00:00:00.0035473" startTime="2025-08-22T00:23:48.8657852+08:00" endTime="2025-08-22T00:23:48.8657855+08:00" testType="13cdc9d9-ddb5-4fa4-a97d-d965ccfc6d4b" outcome="Passed" testListId="8c84fa94-04c1-424b-9868-57a2d4851a1d" relativeResultsDirectory="231c3c11-2202-41f3-92ba-c813bc9a3d91" />
    <UnitTestResult executionId="c0020448-c124-4943-a171-8733cb0a509c" testId="fc84e8aa-81c3-13b2-161d-42cbb3024667" testName="SystemMonitor.Tests.ContractTests.SubscribeMetrics_Request_Serializes_To_SnakeCase" computerName="DESKTOP-J6M8022" duration="00:00:00.0409996" startTime="2025-08-22T00:23:48.6833950+08:00" endTime="2025-08-22T00:23:48.6834182+08:00" testType="13cdc9d9-ddb5-4fa4-a97d-d965ccfc6d4b" outcome="Passed" testListId="8c84fa94-04c1-424b-9868-57a2d4851a1d" relativeResultsDirectory="c0020448-c124-4943-a171-8733cb0a509c" />
    <UnitTestResult executionId="55fbd9d5-b003-4abb-b895-b3fc6c69f849" testId="116d7234-8081-621c-9c63-75bb4125b1af" testName="SystemMonitor.Tests.ContractTests.SetConfig_Request_Serializes_To_SnakeCase" computerName="DESKTOP-J6M8022" duration="00:00:00.0003212" startTime="2025-08-22T00:23:48.7036402+08:00" endTime="2025-08-22T00:23:48.7036403+08:00" testType="13cdc9d9-ddb5-4fa4-a97d-d965ccfc6d4b" outcome="Passed" testListId="8c84fa94-04c1-424b-9868-57a2d4851a1d" relativeResultsDirectory="55fbd9d5-b003-4abb-b895-b3fc6c69f849" />
    <UnitTestResult executionId="06a6c8e8-a1bd-449b-be21-4a3608deab1c" testId="dc6251cd-01f9-1cce-a502-df54ce71eba2" testName="SystemMonitor.Tests.ContractTests.SetConfig_Request_Should_Not_Contain_PascalCase_Keys" computerName="DESKTOP-J6M8022" duration="00:00:00.0100424" startTime="2025-08-22T00:23:48.6971026+08:00" endTime="2025-08-22T00:23:48.6971028+08:00" testType="13cdc9d9-ddb5-4fa4-a97d-d965ccfc6d4b" outcome="Passed" testListId="8c84fa94-04c1-424b-9868-57a2d4851a1d" relativeResultsDirectory="06a6c8e8-a1bd-449b-be21-4a3608deab1c" />
    <UnitTestResult executionId="f8ae4d8d-596d-491f-904e-d96c70120b53" testId="f4df6398-0c14-b3dd-5ee6-c8f487d7504a" testName="SystemMonitor.Tests.ContractTests.Snapshot_Request_Serializes_To_SnakeCase" computerName="DESKTOP-J6M8022" duration="00:00:00.0006279" startTime="2025-08-22T00:23:48.7115258+08:00" endTime="2025-08-22T00:23:48.7115259+08:00" testType="13cdc9d9-ddb5-4fa4-a97d-d965ccfc6d4b" outcome="Passed" testListId="8c84fa94-04c1-424b-9868-57a2d4851a1d" relativeResultsDirectory="f8ae4d8d-596d-491f-904e-d96c70120b53" />
    <UnitTestResult executionId="fdf648c2-8118-4229-a257-8707a9cfdeb3" testId="84bddd7b-5fca-ad7f-6631-caa1dc730eca" testName="SystemMonitor.Tests.ContractTests.BurstSubscribe_Request_Serializes_To_SnakeCase" computerName="DESKTOP-J6M8022" duration="00:00:00.0056440" startTime="2025-08-22T00:23:48.7032057+08:00" endTime="2025-08-22T00:23:48.7032058+08:00" testType="13cdc9d9-ddb5-4fa4-a97d-d965ccfc6d4b" outcome="Passed" testListId="8c84fa94-04c1-424b-9868-57a2d4851a1d" relativeResultsDirectory="fdf648c2-8118-4229-a257-8707a9cfdeb3" />
    <UnitTestResult executionId="3c6d03d9-d9fc-4fd6-9e70-2ca7629d32c7" testId="648e89fa-b178-023e-6b9f-b12e893716da" testName="SystemMonitor.Tests.EndToEndTests.Hello_Then_Snapshot_Works" computerName="DESKTOP-J6M8022" duration="00:00:05.2073991" startTime="2025-08-22T00:24:20.9735067+08:00" endTime="2025-08-22T00:24:20.9735069+08:00" testType="13cdc9d9-ddb5-4fa4-a97d-d965ccfc6d4b" outcome="Passed" testListId="8c84fa94-04c1-424b-9868-57a2d4851a1d" relativeResultsDirectory="3c6d03d9-d9fc-4fd6-9e70-2ca7629d32c7" />
    <UnitTestResult executionId="3be420f3-b120-4b54-a716-7af165b3269b" testId="63eafbb5-a30b-37a9-e05f-fe5729a00075" testName="SystemMonitor.Tests.ContractTests.UpdateCheck_Request_Serializes_To_SnakeCase" computerName="DESKTOP-J6M8022" duration="00:00:00.0010000" startTime="2025-08-22T00:23:48.7409716+08:00" endTime="2025-08-22T00:23:48.7409718+08:00" testType="13cdc9d9-ddb5-4fa4-a97d-d965ccfc6d4b" outcome="NotExecuted" testListId="8c84fa94-04c1-424b-9868-57a2d4851a1d" relativeResultsDirectory="3be420f3-b120-4b54-a716-7af165b3269b">
      <Output>
        <ErrorInfo>
          <Message>非 M1：后续里程碑接口</Message>
        </ErrorInfo>
      </Output>
    </UnitTestResult>
    <UnitTestResult executionId="f4875373-e88e-41b3-8d08-4a2cd1e5d8a9" testId="af91bfef-d9e3-90f4-bf1f-8322352913ff" testName="SystemMonitor.Tests.SchemaTests.QueryHistory_Schema_Invalid_Granularity" computerName="DESKTOP-J6M8022" duration="00:00:00.0023703" startTime="2025-08-22T00:23:48.8782783+08:00" endTime="2025-08-22T00:23:48.8782785+08:00" testType="13cdc9d9-ddb5-4fa4-a97d-d965ccfc6d4b" outcome="Passed" testListId="8c84fa94-04c1-424b-9868-57a2d4851a1d" relativeResultsDirectory="f4875373-e88e-41b3-8d08-4a2cd1e5d8a9" />
    <UnitTestResult executionId="6e391dfd-aa3a-4f2a-9e8e-3bc7165e4abb" testId="0f77d0ed-59fb-971b-4d70-0677c148fa79" testName="SystemMonitor.Tests.EndToEndTests.QueryHistory_Edges_And_Bucketing" computerName="DESKTOP-J6M8022" duration="00:00:00.1401683" startTime="2025-08-22T00:23:53.9539872+08:00" endTime="2025-08-22T00:23:53.9539875+08:00" testType="13cdc9d9-ddb5-4fa4-a97d-d965ccfc6d4b" outcome="Passed" testListId="8c84fa94-04c1-424b-9868-57a2d4851a1d" relativeResultsDirectory="6e391dfd-aa3a-4f2a-9e8e-3bc7165e4abb" />
    <UnitTestResult executionId="923054a8-165f-4beb-a704-3fa707d934c6" testId="18b35648-a566-3499-95ec-e14d308dcba6" testName="SystemMonitor.Tests.EndToEndTests.Hello_Unsupported_Capability_Fails" computerName="DESKTOP-J6M8022" duration="00:00:00.1317459" startTime="2025-08-22T00:24:13.5967813+08:00" endTime="2025-08-22T00:24:13.5967814+08:00" testType="13cdc9d9-ddb5-4fa4-a97d-d965ccfc6d4b" outcome="Passed" testListId="8c84fa94-04c1-424b-9868-57a2d4851a1d" relativeResultsDirectory="923054a8-165f-4beb-a704-3fa707d934c6" />
    <UnitTestResult executionId="187d93a4-a872-4cca-bc1b-df708035c2f2" testId="f6814e48-0b49-81a9-5412-aa1c3ac48e00" testName="SystemMonitor.Tests.ContractTests.QueryHistory_Request_Serializes_To_SnakeCase" computerName="DESKTOP-J6M8022" duration="00:00:00.0016139" startTime="2025-08-22T00:23:48.7108049+08:00" endTime="2025-08-22T00:23:48.7108054+08:00" testType="13cdc9d9-ddb5-4fa4-a97d-d965ccfc6d4b" outcome="Passed" testListId="8c84fa94-04c1-424b-9868-57a2d4851a1d" relativeResultsDirectory="187d93a4-a872-4cca-bc1b-df708035c2f2" />
    <UnitTestResult executionId="0f2054ff-a8ea-46b2-8561-5e6463af7b8f" testId="6bc5c69f-1e35-1dda-027a-3965f2238887" testName="SystemMonitor.Tests.ContractTests.SetLogLevel_Request_Serializes_To_SnakeCase" computerName="DESKTOP-J6M8022" duration="00:00:00.0010000" startTime="2025-08-22T00:23:48.7082208+08:00" endTime="2025-08-22T00:23:48.7082209+08:00" testType="13cdc9d9-ddb5-4fa4-a97d-d965ccfc6d4b" outcome="NotExecuted" testListId="8c84fa94-04c1-424b-9868-57a2d4851a1d" relativeResultsDirectory="0f2054ff-a8ea-46b2-8561-5e6463af7b8f">
      <Output>
        <ErrorInfo>
          <Message>非 M1：后续里程碑接口</Message>
        </ErrorInfo>
      </Output>
    </UnitTestResult>
    <UnitTestResult executionId="54355b35-386a-4a91-9fd4-e6f127056a40" testId="dacf0d9f-52f8-cc00-236f-2f32d31c4af3" testName="SystemMonitor.Tests.EndToEndTests.SetConfig_Invalid_BaseInterval_Fails" computerName="DESKTOP-J6M8022" duration="00:00:00.1448292" startTime="2025-08-22T00:24:01.0834963+08:00" endTime="2025-08-22T00:24:01.0834965+08:00" testType="13cdc9d9-ddb5-4fa4-a97d-d965ccfc6d4b" outcome="Passed" testListId="8c84fa94-04c1-424b-9868-57a2d4851a1d" relativeResultsDirectory="54355b35-386a-4a91-9fd4-e6f127056a40" />
    <UnitTestResult executionId="3be42e3e-8d80-4df5-b37b-7978e9004d49" testId="ef813fb4-1132-cb92-7e68-0c9ef045b6b7" testName="SystemMonitor.Tests.EndToEndTests.Metrics_CpuMem_Ranges" computerName="DESKTOP-J6M8022" duration="00:00:00.4503732" startTime="2025-08-22T00:23:56.4063787+08:00" endTime="2025-08-22T00:23:56.4063789+08:00" testType="13cdc9d9-ddb5-4fa4-a97d-d965ccfc6d4b" outcome="Passed" testListId="8c84fa94-04c1-424b-9868-57a2d4851a1d" relativeResultsDirectory="3be42e3e-8d80-4df5-b37b-7978e9004d49" />
    <UnitTestResult executionId="aed12438-eea8-4db4-a81c-866631029295" testId="897198c2-e013-2fdc-4de0-ccbd44dab1f1" testName="SystemMonitor.Tests.UnitTest1.Test1" computerName="DESKTOP-J6M8022" duration="00:00:00.0000287" startTime="2025-08-22T00:23:48.8858863+08:00" endTime="2025-08-22T00:23:48.8858863+08:00" testType="13cdc9d9-ddb5-4fa4-a97d-d965ccfc6d4b" outcome="Passed" testListId="8c84fa94-04c1-424b-9868-57a2d4851a1d" relativeResultsDirectory="aed12438-eea8-4db4-a81c-866631029295" />
    <UnitTestResult executionId="d73b8dd7-84be-4a51-993d-df2d7e54e937" testId="d17c6ea2-3ca4-386f-c6e7-4b216cf89dd5" testName="SystemMonitor.Tests.ContractTests.UpdateApply_Request_Serializes_To_SnakeCase" computerName="DESKTOP-J6M8022" duration="00:00:00.0010000" startTime="2025-08-22T00:23:48.7401952+08:00" endTime="2025-08-22T00:23:48.7401954+08:00" testType="13cdc9d9-ddb5-4fa4-a97d-d965ccfc6d4b" outcome="NotExecuted" testListId="8c84fa94-04c1-424b-9868-57a2d4851a1d" relativeResultsDirectory="d73b8dd7-84be-4a51-993d-df2d7e54e937">
      <Output>
        <ErrorInfo>
          <Message>非 M1：后续里程碑接口</Message>
        </ErrorInfo>
      </Output>
    </UnitTestResult>
    <UnitTestResult executionId="b8c9b359-1b64-408e-90bb-f97aabd4afda" testId="d1ecf483-dfd0-e8fd-412c-75343e5fd3e3" testName="SystemMonitor.Tests.UnitTest1.SnakeCase_Serialization_ShouldUseSnakeCaseNames" computerName="DESKTOP-J6M8022" duration="00:00:00.0001934" startTime="2025-08-22T00:23:48.8857825+08:00" endTime="2025-08-22T00:23:48.8857826+08:00" testType="13cdc9d9-ddb5-4fa4-a97d-d965ccfc6d4b" outcome="Passed" testListId="8c84fa94-04c1-424b-9868-57a2d4851a1d" relativeResultsDirectory="b8c9b359-1b64-408e-90bb-f97aabd4afda" />
    <UnitTestResult executionId="650310ef-f4ab-46be-a05b-99ef74d30a15" testId="7fcfcc39-66f5-e59a-53bb-ab760b3d7c57" testName="SystemMonitor.Tests.SchemaTests.SetConfig_Schema_Invalid_TooSmallInterval" computerName="DESKTOP-J6M8022" duration="00:00:00.1171673" startTime="2025-08-22T00:23:48.8621046+08:00" endTime="2025-08-22T00:23:48.8621048+08:00" testType="13cdc9d9-ddb5-4fa4-a97d-d965ccfc6d4b" outcome="Passed" testListId="8c84fa94-04c1-424b-9868-57a2d4851a1d" relativeResultsDirectory="650310ef-f4ab-46be-a05b-99ef74d30a15" />
  </Results>
  <TestDefinitions>
    <UnitTest name="SystemMonitor.Tests.EndToEndTests.SetConfig_Invalid_BaseInterval_Fails" storage="c:\code\sys-sensor-v3\src\systemmonitor.tests\bin\release\net8.0\systemmonitor.tests.dll" id="dacf0d9f-52f8-cc00-236f-2f32d31c4af3">
      <Execution id="54355b35-386a-4a91-9fd4-e6f127056a40" />
      <TestMethod codeBase="C:\code\sys-sensor-v3\src\SystemMonitor.Tests\bin\Release\net8.0\SystemMonitor.Tests.dll" adapterTypeName="executor://xunit/VsTestRunner2/netcoreapp" className="SystemMonitor.Tests.EndToEndTests" name="SetConfig_Invalid_BaseInterval_Fails" />
    </UnitTest>
    <UnitTest name="SystemMonitor.Tests.EndToEndTests.Metrics_CpuMem_Ranges" storage="c:\code\sys-sensor-v3\src\systemmonitor.tests\bin\release\net8.0\systemmonitor.tests.dll" id="ef813fb4-1132-cb92-7e68-0c9ef045b6b7">
      <Execution id="3be42e3e-8d80-4df5-b37b-7978e9004d49" />
      <TestMethod codeBase="C:\code\sys-sensor-v3\src\SystemMonitor.Tests\bin\Release\net8.0\SystemMonitor.Tests.dll" adapterTypeName="executor://xunit/VsTestRunner2/netcoreapp" className="SystemMonitor.Tests.EndToEndTests" name="Metrics_CpuMem_Ranges" />
    </UnitTest>
    <UnitTest name="SystemMonitor.Tests.EndToEndTests.Hello_Then_Snapshot_Works" storage="c:\code\sys-sensor-v3\src\systemmonitor.tests\bin\release\net8.0\systemmonitor.tests.dll" id="648e89fa-b178-023e-6b9f-b12e893716da">
      <Execution id="3c6d03d9-d9fc-4fd6-9e70-2ca7629d32c7" />
      <TestMethod codeBase="C:\code\sys-sensor-v3\src\SystemMonitor.Tests\bin\Release\net8.0\SystemMonitor.Tests.dll" adapterTypeName="executor://xunit/VsTestRunner2/netcoreapp" className="SystemMonitor.Tests.EndToEndTests" name="Hello_Then_Snapshot_Works" />
    </UnitTest>
    <UnitTest name="SystemMonitor.Tests.UnitTest1.SnakeCase_Serialization_ShouldUseSnakeCaseNames" storage="c:\code\sys-sensor-v3\src\systemmonitor.tests\bin\release\net8.0\systemmonitor.tests.dll" id="d1ecf483-dfd0-e8fd-412c-75343e5fd3e3">
      <Execution id="b8c9b359-1b64-408e-90bb-f97aabd4afda" />
      <TestMethod codeBase="C:\code\sys-sensor-v3\src\SystemMonitor.Tests\bin\Release\net8.0\SystemMonitor.Tests.dll" adapterTypeName="executor://xunit/VsTestRunner2/netcoreapp" className="SystemMonitor.Tests.UnitTest1" name="SnakeCase_Serialization_ShouldUseSnakeCaseNames" />
    </UnitTest>
    <UnitTest name="SystemMonitor.Tests.SchemaTests.SetConfig_Schema_Valid_WithIntervals" storage="c:\code\sys-sensor-v3\src\systemmonitor.tests\bin\release\net8.0\systemmonitor.tests.dll" id="e7afe76e-2983-511f-53e6-ec72c360fd06">
      <Execution id="6a24dff7-4c66-46e0-a099-682785136907" />
      <TestMethod codeBase="C:\code\sys-sensor-v3\src\SystemMonitor.Tests\bin\Release\net8.0\SystemMonitor.Tests.dll" adapterTypeName="executor://xunit/VsTestRunner2/netcoreapp" className="SystemMonitor.Tests.SchemaTests" name="SetConfig_Schema_Valid_WithIntervals" />
    </UnitTest>
    <UnitTest name="SystemMonitor.Tests.EndToEndTests.Snapshot_CpuMem_Ranges" storage="c:\code\sys-sensor-v3\src\systemmonitor.tests\bin\release\net8.0\systemmonitor.tests.dll" id="1625b824-bf75-ff81-2ccc-b11736dbaaf3">
      <Execution id="8b2a3ed0-754d-40ed-a8ef-d1730c359e21" />
      <TestMethod codeBase="C:\code\sys-sensor-v3\src\SystemMonitor.Tests\bin\Release\net8.0\SystemMonitor.Tests.dll" adapterTypeName="executor://xunit/VsTestRunner2/netcoreapp" className="SystemMonitor.Tests.EndToEndTests" name="Snapshot_CpuMem_Ranges" />
    </UnitTest>
    <UnitTest name="SystemMonitor.Tests.ContractTests.Start_Request_Serializes_To_SnakeCase" storage="c:\code\sys-sensor-v3\src\systemmonitor.tests\bin\release\net8.0\systemmonitor.tests.dll" id="825a0899-f60c-7747-10dc-edf9d745369b">
      <Execution id="7f7bec24-d957-4b01-995f-d73311011b99" />
      <TestMethod codeBase="C:\code\sys-sensor-v3\src\SystemMonitor.Tests\bin\Release\net8.0\SystemMonitor.Tests.dll" adapterTypeName="executor://xunit/VsTestRunner2/netcoreapp" className="SystemMonitor.Tests.ContractTests" name="Start_Request_Serializes_To_SnakeCase" />
    </UnitTest>
    <UnitTest name="SystemMonitor.Tests.ContractTests.Hello_Request_Should_Not_Contain_PascalCase_Keys" storage="c:\code\sys-sensor-v3\src\systemmonitor.tests\bin\release\net8.0\systemmonitor.tests.dll" id="deff2b50-b04e-659a-fcb1-aacff92daa42">
      <Execution id="e296c541-5637-4810-8768-9a16a4ea4957" />
      <TestMethod codeBase="C:\code\sys-sensor-v3\src\SystemMonitor.Tests\bin\Release\net8.0\SystemMonitor.Tests.dll" adapterTypeName="executor://xunit/VsTestRunner2/netcoreapp" className="SystemMonitor.Tests.ContractTests" name="Hello_Request_Should_Not_Contain_PascalCase_Keys" />
    </UnitTest>
    <UnitTest name="SystemMonitor.Tests.ContractTests.QueryHistory_Request_Serializes_To_SnakeCase" storage="c:\code\sys-sensor-v3\src\systemmonitor.tests\bin\release\net8.0\systemmonitor.tests.dll" id="f6814e48-0b49-81a9-5412-aa1c3ac48e00">
      <Execution id="187d93a4-a872-4cca-bc1b-df708035c2f2" />
      <TestMethod codeBase="C:\code\sys-sensor-v3\src\SystemMonitor.Tests\bin\Release\net8.0\SystemMonitor.Tests.dll" adapterTypeName="executor://xunit/VsTestRunner2/netcoreapp" className="SystemMonitor.Tests.ContractTests" name="QueryHistory_Request_Serializes_To_SnakeCase" />
    </UnitTest>
    <UnitTest name="SystemMonitor.Tests.EndToEndTests.SetConfig_And_BurstSubscribe_Works" storage="c:\code\sys-sensor-v3\src\systemmonitor.tests\bin\release\net8.0\systemmonitor.tests.dll" id="d46fc4ee-0150-cded-8fbb-ceb1d2e0e4ba">
      <Execution id="f5134cb7-adce-4ec2-971b-b603f18db9e9" />
      <TestMethod codeBase="C:\code\sys-sensor-v3\src\SystemMonitor.Tests\bin\Release\net8.0\SystemMonitor.Tests.dll" adapterTypeName="executor://xunit/VsTestRunner2/netcoreapp" className="SystemMonitor.Tests.EndToEndTests" name="SetConfig_And_BurstSubscribe_Works" />
    </UnitTest>
    <UnitTest name="SystemMonitor.Tests.EndToEndTests.QueryHistory_Works" storage="c:\code\sys-sensor-v3\src\systemmonitor.tests\bin\release\net8.0\systemmonitor.tests.dll" id="5359d170-82fa-d8d2-2f92-97bc053dca0c">
      <Execution id="a59777e4-e830-4072-8521-fc1e01a6077c" />
      <TestMethod codeBase="C:\code\sys-sensor-v3\src\SystemMonitor.Tests\bin\Release\net8.0\SystemMonitor.Tests.dll" adapterTypeName="executor://xunit/VsTestRunner2/netcoreapp" className="SystemMonitor.Tests.EndToEndTests" name="QueryHistory_Works" />
    </UnitTest>
    <UnitTest name="SystemMonitor.Tests.ContractTests.SetLogLevel_Request_Serializes_To_SnakeCase" storage="c:\code\sys-sensor-v3\src\systemmonitor.tests\bin\release\net8.0\systemmonitor.tests.dll" id="6bc5c69f-1e35-1dda-027a-3965f2238887">
      <Execution id="0f2054ff-a8ea-46b2-8561-5e6463af7b8f" />
      <TestMethod codeBase="C:\code\sys-sensor-v3\src\SystemMonitor.Tests\bin\Release\net8.0\SystemMonitor.Tests.dll" adapterTypeName="executor://xunit/VsTestRunner2/netcoreapp" className="SystemMonitor.Tests.ContractTests" name="SetLogLevel_Request_Serializes_To_SnakeCase" />
    </UnitTest>
    <UnitTest name="SystemMonitor.Tests.EndToEndTests.QueryHistory_Edges_And_Bucketing" storage="c:\code\sys-sensor-v3\src\systemmonitor.tests\bin\release\net8.0\systemmonitor.tests.dll" id="0f77d0ed-59fb-971b-4d70-0677c148fa79">
      <Execution id="6e391dfd-aa3a-4f2a-9e8e-3bc7165e4abb" />
      <TestMethod codeBase="C:\code\sys-sensor-v3\src\SystemMonitor.Tests\bin\Release\net8.0\SystemMonitor.Tests.dll" adapterTypeName="executor://xunit/VsTestRunner2/netcoreapp" className="SystemMonitor.Tests.EndToEndTests" name="QueryHistory_Edges_And_Bucketing" />
    </UnitTest>
    <UnitTest name="SystemMonitor.Tests.SchemaTests.SetConfig_Schema_Invalid_TooSmallInterval" storage="c:\code\sys-sensor-v3\src\systemmonitor.tests\bin\release\net8.0\systemmonitor.tests.dll" id="7fcfcc39-66f5-e59a-53bb-ab760b3d7c57">
      <Execution id="650310ef-f4ab-46be-a05b-99ef74d30a15" />
      <TestMethod codeBase="C:\code\sys-sensor-v3\src\SystemMonitor.Tests\bin\Release\net8.0\SystemMonitor.Tests.dll" adapterTypeName="executor://xunit/VsTestRunner2/netcoreapp" className="SystemMonitor.Tests.SchemaTests" name="SetConfig_Schema_Invalid_TooSmallInterval" />
    </UnitTest>
    <UnitTest name="SystemMonitor.Tests.SchemaTests.BurstSubscribe_Schema_Valid" storage="c:\code\sys-sensor-v3\src\systemmonitor.tests\bin\release\net8.0\systemmonitor.tests.dll" id="316b5766-01a4-b945-df1a-1d07ac1dfded">
      <Execution id="729a406d-0c10-4033-b157-f5987b7dc5ee" />
      <TestMethod codeBase="C:\code\sys-sensor-v3\src\SystemMonitor.Tests\bin\Release\net8.0\SystemMonitor.Tests.dll" adapterTypeName="executor://xunit/VsTestRunner2/netcoreapp" className="SystemMonitor.Tests.SchemaTests" name="BurstSubscribe_Schema_Valid" />
    </UnitTest>
    <UnitTest name="SystemMonitor.Tests.EndToEndTests.Hello_Unsupported_Capability_Fails" storage="c:\code\sys-sensor-v3\src\systemmonitor.tests\bin\release\net8.0\systemmonitor.tests.dll" id="18b35648-a566-3499-95ec-e14d308dcba6">
      <Execution id="923054a8-165f-4beb-a704-3fa707d934c6" />
      <TestMethod codeBase="C:\code\sys-sensor-v3\src\SystemMonitor.Tests\bin\Release\net8.0\SystemMonitor.Tests.dll" adapterTypeName="executor://xunit/VsTestRunner2/netcoreapp" className="SystemMonitor.Tests.EndToEndTests" name="Hello_Unsupported_Capability_Fails" />
    </UnitTest>
    <UnitTest name="SystemMonitor.Tests.EndToEndTests.Hello_Protocol_NotSupported_Fails" storage="c:\code\sys-sensor-v3\src\systemmonitor.tests\bin\release\net8.0\systemmonitor.tests.dll" id="a5cee8d5-e1e7-16a2-597a-8c6cbc2b8be8">
      <Execution id="38b3aec7-a8b4-42a8-ad66-1d6ca8bbc7a3" />
      <TestMethod codeBase="C:\code\sys-sensor-v3\src\SystemMonitor.Tests\bin\Release\net8.0\SystemMonitor.Tests.dll" adapterTypeName="executor://xunit/VsTestRunner2/netcoreapp" className="SystemMonitor.Tests.EndToEndTests" name="Hello_Protocol_NotSupported_Fails" />
    </UnitTest>
    <UnitTest name="SystemMonitor.Tests.ContractTests.BurstSubscribe_Request_Serializes_To_SnakeCase" storage="c:\code\sys-sensor-v3\src\systemmonitor.tests\bin\release\net8.0\systemmonitor.tests.dll" id="84bddd7b-5fca-ad7f-6631-caa1dc730eca">
      <Execution id="fdf648c2-8118-4229-a257-8707a9cfdeb3" />
      <TestMethod codeBase="C:\code\sys-sensor-v3\src\SystemMonitor.Tests\bin\Release\net8.0\SystemMonitor.Tests.dll" adapterTypeName="executor://xunit/VsTestRunner2/netcoreapp" className="SystemMonitor.Tests.ContractTests" name="BurstSubscribe_Request_Serializes_To_SnakeCase" />
    </UnitTest>
    <UnitTest name="SystemMonitor.Tests.ContractTests.UpdateApply_Request_Serializes_To_SnakeCase" storage="c:\code\sys-sensor-v3\src\systemmonitor.tests\bin\release\net8.0\systemmonitor.tests.dll" id="d17c6ea2-3ca4-386f-c6e7-4b216cf89dd5">
      <Execution id="d73b8dd7-84be-4a51-993d-df2d7e54e937" />
      <TestMethod codeBase="C:\code\sys-sensor-v3\src\SystemMonitor.Tests\bin\Release\net8.0\SystemMonitor.Tests.dll" adapterTypeName="executor://xunit/VsTestRunner2/netcoreapp" className="SystemMonitor.Tests.ContractTests" name="UpdateApply_Request_Serializes_To_SnakeCase" />
    </UnitTest>
    <UnitTest name="SystemMonitor.Tests.EndToEndTests.State_Emitted_On_Start_Burst_Stop" storage="c:\code\sys-sensor-v3\src\systemmonitor.tests\bin\release\net8.0\systemmonitor.tests.dll" id="b63f371d-2541-ba09-aa15-8afdc6da8ab0">
      <Execution id="c8230343-3091-4c70-b7f7-21c3ec6581e2" />
      <TestMethod codeBase="C:\code\sys-sensor-v3\src\SystemMonitor.Tests\bin\Release\net8.0\SystemMonitor.Tests.dll" adapterTypeName="executor://xunit/VsTestRunner2/netcoreapp" className="SystemMonitor.Tests.EndToEndTests" name="State_Emitted_On_Start_Burst_Stop" />
    </UnitTest>
    <UnitTest name="SystemMonitor.Tests.UnitTest1.Test1" storage="c:\code\sys-sensor-v3\src\systemmonitor.tests\bin\release\net8.0\systemmonitor.tests.dll" id="897198c2-e013-2fdc-4de0-ccbd44dab1f1">
      <Execution id="aed12438-eea8-4db4-a81c-866631029295" />
      <TestMethod codeBase="C:\code\sys-sensor-v3\src\SystemMonitor.Tests\bin\Release\net8.0\SystemMonitor.Tests.dll" adapterTypeName="executor://xunit/VsTestRunner2/netcoreapp" className="SystemMonitor.Tests.UnitTest1" name="Test1" />
    </UnitTest>
    <UnitTest name="SystemMonitor.Tests.SchemaTests.Snapshot_Schema_Valid_WithModules" storage="c:\code\sys-sensor-v3\src\systemmonitor.tests\bin\release\net8.0\systemmonitor.tests.dll" id="8efef518-8988-e3e1-bb3e-361f08b825e5">
      <Execution id="231c3c11-2202-41f3-92ba-c813bc9a3d91" />
      <TestMethod codeBase="C:\code\sys-sensor-v3\src\SystemMonitor.Tests\bin\Release\net8.0\SystemMonitor.Tests.dll" adapterTypeName="executor://xunit/VsTestRunner2/netcoreapp" className="SystemMonitor.Tests.SchemaTests" name="Snapshot_Schema_Valid_WithModules" />
    </UnitTest>
    <UnitTest name="SystemMonitor.Tests.SchemaTests.BurstSubscribe_Schema_Invalid_EmptyModules" storage="c:\code\sys-sensor-v3\src\systemmonitor.tests\bin\release\net8.0\systemmonitor.tests.dll" id="c7e17ebe-07f3-5913-71e6-f1c4a943136f">
      <Execution id="0b6b1b78-50f7-4d28-9c72-17edcd13f5ee" />
      <TestMethod codeBase="C:\code\sys-sensor-v3\src\SystemMonitor.Tests\bin\Release\net8.0\SystemMonitor.Tests.dll" adapterTypeName="executor://xunit/VsTestRunner2/netcoreapp" className="SystemMonitor.Tests.SchemaTests" name="BurstSubscribe_Schema_Invalid_EmptyModules" />
    </UnitTest>
    <UnitTest name="SystemMonitor.Tests.ContractTests.SetConfig_Request_Serializes_To_SnakeCase" storage="c:\code\sys-sensor-v3\src\systemmonitor.tests\bin\release\net8.0\systemmonitor.tests.dll" id="116d7234-8081-621c-9c63-75bb4125b1af">
      <Execution id="55fbd9d5-b003-4abb-b895-b3fc6c69f849" />
      <TestMethod codeBase="C:\code\sys-sensor-v3\src\SystemMonitor.Tests\bin\Release\net8.0\SystemMonitor.Tests.dll" adapterTypeName="executor://xunit/VsTestRunner2/netcoreapp" className="SystemMonitor.Tests.ContractTests" name="SetConfig_Request_Serializes_To_SnakeCase" />
    </UnitTest>
    <UnitTest name="SystemMonitor.Tests.ContractTests.Stop_Request_Serializes_To_SnakeCase" storage="c:\code\sys-sensor-v3\src\systemmonitor.tests\bin\release\net8.0\systemmonitor.tests.dll" id="2fee1618-453a-fb22-e956-2fd9d457aed7">
      <Execution id="98171ff8-c273-46e9-baa5-8604c0e731e9" />
      <TestMethod codeBase="C:\code\sys-sensor-v3\src\SystemMonitor.Tests\bin\Release\net8.0\SystemMonitor.Tests.dll" adapterTypeName="executor://xunit/VsTestRunner2/netcoreapp" className="SystemMonitor.Tests.ContractTests" name="Stop_Request_Serializes_To_SnakeCase" />
    </UnitTest>
    <UnitTest name="SystemMonitor.Tests.ContractTests.SubscribeMetrics_Request_Serializes_To_SnakeCase" storage="c:\code\sys-sensor-v3\src\systemmonitor.tests\bin\release\net8.0\systemmonitor.tests.dll" id="fc84e8aa-81c3-13b2-161d-42cbb3024667">
      <Execution id="c0020448-c124-4943-a171-8733cb0a509c" />
      <TestMethod codeBase="C:\code\sys-sensor-v3\src\SystemMonitor.Tests\bin\Release\net8.0\SystemMonitor.Tests.dll" adapterTypeName="executor://xunit/VsTestRunner2/netcoreapp" className="SystemMonitor.Tests.ContractTests" name="SubscribeMetrics_Request_Serializes_To_SnakeCase" />
    </UnitTest>
    <UnitTest name="SystemMonitor.Tests.ContractTests.Hello_Request_Serializes_To_SnakeCase" storage="c:\code\sys-sensor-v3\src\systemmonitor.tests\bin\release\net8.0\systemmonitor.tests.dll" id="7aba6d95-cdac-4d3b-fc1e-d345b65a933b">
      <Execution id="b56ff28f-a864-46c7-87b9-af689cf38682" />
      <TestMethod codeBase="C:\code\sys-sensor-v3\src\SystemMonitor.Tests\bin\Release\net8.0\SystemMonitor.Tests.dll" adapterTypeName="executor://xunit/VsTestRunner2/netcoreapp" className="SystemMonitor.Tests.ContractTests" name="Hello_Request_Serializes_To_SnakeCase" />
    </UnitTest>
    <UnitTest name="SystemMonitor.Tests.SchemaTests.Hello_Schema_Valid_Minimal" storage="c:\code\sys-sensor-v3\src\systemmonitor.tests\bin\release\net8.0\systemmonitor.tests.dll" id="e1fbd4f1-6ade-f24b-317f-6dbbbf27c5fc">
      <Execution id="dcb5c198-e826-4c9c-903f-14a110b70d36" />
      <TestMethod codeBase="C:\code\sys-sensor-v3\src\SystemMonitor.Tests\bin\Release\net8.0\SystemMonitor.Tests.dll" adapterTypeName="executor://xunit/VsTestRunner2/netcoreapp" className="SystemMonitor.Tests.SchemaTests" name="Hello_Schema_Valid_Minimal" />
    </UnitTest>
    <UnitTest name="SystemMonitor.Tests.EndToEndTests.Hello_WithoutToken_Fails" storage="c:\code\sys-sensor-v3\src\systemmonitor.tests\bin\release\net8.0\systemmonitor.tests.dll" id="1bc68377-98f3-3224-550a-3a1f98831502">
      <Execution id="5c836eaa-0e31-4392-8574-9e918e9bfd73" />
      <TestMethod codeBase="C:\code\sys-sensor-v3\src\SystemMonitor.Tests\bin\Release\net8.0\SystemMonitor.Tests.dll" adapterTypeName="executor://xunit/VsTestRunner2/netcoreapp" className="SystemMonitor.Tests.EndToEndTests" name="Hello_WithoutToken_Fails" />
    </UnitTest>
    <UnitTest name="SystemMonitor.Tests.ContractTests.SetConfig_Request_Should_Not_Contain_PascalCase_Keys" storage="c:\code\sys-sensor-v3\src\systemmonitor.tests\bin\release\net8.0\systemmonitor.tests.dll" id="dc6251cd-01f9-1cce-a502-df54ce71eba2">
      <Execution id="06a6c8e8-a1bd-449b-be21-4a3608deab1c" />
      <TestMethod codeBase="C:\code\sys-sensor-v3\src\SystemMonitor.Tests\bin\Release\net8.0\SystemMonitor.Tests.dll" adapterTypeName="executor://xunit/VsTestRunner2/netcoreapp" className="SystemMonitor.Tests.ContractTests" name="SetConfig_Request_Should_Not_Contain_PascalCase_Keys" />
    </UnitTest>
    <UnitTest name="SystemMonitor.Tests.SchemaTests.QueryHistory_Schema_Valid" storage="c:\code\sys-sensor-v3\src\systemmonitor.tests\bin\release\net8.0\systemmonitor.tests.dll" id="69d6d1aa-b426-63fd-4c85-4eac53250980">
      <Execution id="fab1bbe0-2b0e-4836-a534-af192178f48a" />
      <TestMethod codeBase="C:\code\sys-sensor-v3\src\SystemMonitor.Tests\bin\Release\net8.0\SystemMonitor.Tests.dll" adapterTypeName="executor://xunit/VsTestRunner2/netcoreapp" className="SystemMonitor.Tests.SchemaTests" name="QueryHistory_Schema_Valid" />
    </UnitTest>
    <UnitTest name="SystemMonitor.Tests.SchemaTests.QueryHistory_Schema_Invalid_Granularity" storage="c:\code\sys-sensor-v3\src\systemmonitor.tests\bin\release\net8.0\systemmonitor.tests.dll" id="af91bfef-d9e3-90f4-bf1f-8322352913ff">
      <Execution id="f4875373-e88e-41b3-8d08-4a2cd1e5d8a9" />
      <TestMethod codeBase="C:\code\sys-sensor-v3\src\SystemMonitor.Tests\bin\Release\net8.0\SystemMonitor.Tests.dll" adapterTypeName="executor://xunit/VsTestRunner2/netcoreapp" className="SystemMonitor.Tests.SchemaTests" name="QueryHistory_Schema_Invalid_Granularity" />
    </UnitTest>
    <UnitTest name="SystemMonitor.Tests.ContractTests.Snapshot_Request_Serializes_To_SnakeCase" storage="c:\code\sys-sensor-v3\src\systemmonitor.tests\bin\release\net8.0\systemmonitor.tests.dll" id="f4df6398-0c14-b3dd-5ee6-c8f487d7504a">
      <Execution id="f8ae4d8d-596d-491f-904e-d96c70120b53" />
      <TestMethod codeBase="C:\code\sys-sensor-v3\src\SystemMonitor.Tests\bin\Release\net8.0\SystemMonitor.Tests.dll" adapterTypeName="executor://xunit/VsTestRunner2/netcoreapp" className="SystemMonitor.Tests.ContractTests" name="Snapshot_Request_Serializes_To_SnakeCase" />
    </UnitTest>
    <UnitTest name="SystemMonitor.Tests.EndToEndTests.Metrics_Throttle_Burst_Recovery_Works" storage="c:\code\sys-sensor-v3\src\systemmonitor.tests\bin\release\net8.0\systemmonitor.tests.dll" id="575383ac-a422-d1e5-3903-2da7ffd1b577">
      <Execution id="ff4ab45f-8435-4f30-accd-21982a410ec2" />
      <TestMethod codeBase="C:\code\sys-sensor-v3\src\SystemMonitor.Tests\bin\Release\net8.0\SystemMonitor.Tests.dll" adapterTypeName="executor://xunit/VsTestRunner2/netcoreapp" className="SystemMonitor.Tests.EndToEndTests" name="Metrics_Throttle_Burst_Recovery_Works" />
    </UnitTest>
    <UnitTest name="SystemMonitor.Tests.SchemaTests.Hello_Schema_Invalid_NoToken" storage="c:\code\sys-sensor-v3\src\systemmonitor.tests\bin\release\net8.0\systemmonitor.tests.dll" id="d13cbe31-bcad-db2e-a448-21033afe455a">
      <Execution id="e6f1c4a8-d93b-4064-bf69-35372a9fd285" />
      <TestMethod codeBase="C:\code\sys-sensor-v3\src\SystemMonitor.Tests\bin\Release\net8.0\SystemMonitor.Tests.dll" adapterTypeName="executor://xunit/VsTestRunner2/netcoreapp" className="SystemMonitor.Tests.SchemaTests" name="Hello_Schema_Invalid_NoToken" />
    </UnitTest>
    <UnitTest name="SystemMonitor.Tests.ContractTests.UpdateCheck_Request_Serializes_To_SnakeCase" storage="c:\code\sys-sensor-v3\src\systemmonitor.tests\bin\release\net8.0\systemmonitor.tests.dll" id="63eafbb5-a30b-37a9-e05f-fe5729a00075">
      <Execution id="3be420f3-b120-4b54-a716-7af165b3269b" />
      <TestMethod codeBase="C:\code\sys-sensor-v3\src\SystemMonitor.Tests\bin\Release\net8.0\SystemMonitor.Tests.dll" adapterTypeName="executor://xunit/VsTestRunner2/netcoreapp" className="SystemMonitor.Tests.ContractTests" name="UpdateCheck_Request_Serializes_To_SnakeCase" />
    </UnitTest>
  </TestDefinitions>
  <TestEntries>
    <TestEntry testId="5359d170-82fa-d8d2-2f92-97bc053dca0c" executionId="a59777e4-e830-4072-8521-fc1e01a6077c" testListId="8c84fa94-04c1-424b-9868-57a2d4851a1d" />
    <TestEntry testId="e7afe76e-2983-511f-53e6-ec72c360fd06" executionId="6a24dff7-4c66-46e0-a099-682785136907" testListId="8c84fa94-04c1-424b-9868-57a2d4851a1d" />
    <TestEntry testId="575383ac-a422-d1e5-3903-2da7ffd1b577" executionId="ff4ab45f-8435-4f30-accd-21982a410ec2" testListId="8c84fa94-04c1-424b-9868-57a2d4851a1d" />
    <TestEntry testId="d46fc4ee-0150-cded-8fbb-ceb1d2e0e4ba" executionId="f5134cb7-adce-4ec2-971b-b603f18db9e9" testListId="8c84fa94-04c1-424b-9868-57a2d4851a1d" />
    <TestEntry testId="825a0899-f60c-7747-10dc-edf9d745369b" executionId="7f7bec24-d957-4b01-995f-d73311011b99" testListId="8c84fa94-04c1-424b-9868-57a2d4851a1d" />
    <TestEntry testId="deff2b50-b04e-659a-fcb1-aacff92daa42" executionId="e296c541-5637-4810-8768-9a16a4ea4957" testListId="8c84fa94-04c1-424b-9868-57a2d4851a1d" />
    <TestEntry testId="2fee1618-453a-fb22-e956-2fd9d457aed7" executionId="98171ff8-c273-46e9-baa5-8604c0e731e9" testListId="8c84fa94-04c1-424b-9868-57a2d4851a1d" />
    <TestEntry testId="e1fbd4f1-6ade-f24b-317f-6dbbbf27c5fc" executionId="dcb5c198-e826-4c9c-903f-14a110b70d36" testListId="8c84fa94-04c1-424b-9868-57a2d4851a1d" />
    <TestEntry testId="1625b824-bf75-ff81-2ccc-b11736dbaaf3" executionId="8b2a3ed0-754d-40ed-a8ef-d1730c359e21" testListId="8c84fa94-04c1-424b-9868-57a2d4851a1d" />
    <TestEntry testId="d13cbe31-bcad-db2e-a448-21033afe455a" executionId="e6f1c4a8-d93b-4064-bf69-35372a9fd285" testListId="8c84fa94-04c1-424b-9868-57a2d4851a1d" />
    <TestEntry testId="316b5766-01a4-b945-df1a-1d07ac1dfded" executionId="729a406d-0c10-4033-b157-f5987b7dc5ee" testListId="8c84fa94-04c1-424b-9868-57a2d4851a1d" />
    <TestEntry testId="a5cee8d5-e1e7-16a2-597a-8c6cbc2b8be8" executionId="38b3aec7-a8b4-42a8-ad66-1d6ca8bbc7a3" testListId="8c84fa94-04c1-424b-9868-57a2d4851a1d" />
    <TestEntry testId="7aba6d95-cdac-4d3b-fc1e-d345b65a933b" executionId="b56ff28f-a864-46c7-87b9-af689cf38682" testListId="8c84fa94-04c1-424b-9868-57a2d4851a1d" />
    <TestEntry testId="b63f371d-2541-ba09-aa15-8afdc6da8ab0" executionId="c8230343-3091-4c70-b7f7-21c3ec6581e2" testListId="8c84fa94-04c1-424b-9868-57a2d4851a1d" />
    <TestEntry testId="1bc68377-98f3-3224-550a-3a1f98831502" executionId="5c836eaa-0e31-4392-8574-9e918e9bfd73" testListId="8c84fa94-04c1-424b-9868-57a2d4851a1d" />
    <TestEntry testId="c7e17ebe-07f3-5913-71e6-f1c4a943136f" executionId="0b6b1b78-50f7-4d28-9c72-17edcd13f5ee" testListId="8c84fa94-04c1-424b-9868-57a2d4851a1d" />
    <TestEntry testId="69d6d1aa-b426-63fd-4c85-4eac53250980" executionId="fab1bbe0-2b0e-4836-a534-af192178f48a" testListId="8c84fa94-04c1-424b-9868-57a2d4851a1d" />
    <TestEntry testId="8efef518-8988-e3e1-bb3e-361f08b825e5" executionId="231c3c11-2202-41f3-92ba-c813bc9a3d91" testListId="8c84fa94-04c1-424b-9868-57a2d4851a1d" />
    <TestEntry testId="fc84e8aa-81c3-13b2-161d-42cbb3024667" executionId="c0020448-c124-4943-a171-8733cb0a509c" testListId="8c84fa94-04c1-424b-9868-57a2d4851a1d" />
    <TestEntry testId="116d7234-8081-621c-9c63-75bb4125b1af" executionId="55fbd9d5-b003-4abb-b895-b3fc6c69f849" testListId="8c84fa94-04c1-424b-9868-57a2d4851a1d" />
    <TestEntry testId="dc6251cd-01f9-1cce-a502-df54ce71eba2" executionId="06a6c8e8-a1bd-449b-be21-4a3608deab1c" testListId="8c84fa94-04c1-424b-9868-57a2d4851a1d" />
    <TestEntry testId="f4df6398-0c14-b3dd-5ee6-c8f487d7504a" executionId="f8ae4d8d-596d-491f-904e-d96c70120b53" testListId="8c84fa94-04c1-424b-9868-57a2d4851a1d" />
    <TestEntry testId="84bddd7b-5fca-ad7f-6631-caa1dc730eca" executionId="fdf648c2-8118-4229-a257-8707a9cfdeb3" testListId="8c84fa94-04c1-424b-9868-57a2d4851a1d" />
    <TestEntry testId="648e89fa-b178-023e-6b9f-b12e893716da" executionId="3c6d03d9-d9fc-4fd6-9e70-2ca7629d32c7" testListId="8c84fa94-04c1-424b-9868-57a2d4851a1d" />
    <TestEntry testId="63eafbb5-a30b-37a9-e05f-fe5729a00075" executionId="3be420f3-b120-4b54-a716-7af165b3269b" testListId="8c84fa94-04c1-424b-9868-57a2d4851a1d" />
    <TestEntry testId="af91bfef-d9e3-90f4-bf1f-8322352913ff" executionId="f4875373-e88e-41b3-8d08-4a2cd1e5d8a9" testListId="8c84fa94-04c1-424b-9868-57a2d4851a1d" />
    <TestEntry testId="0f77d0ed-59fb-971b-4d70-0677c148fa79" executionId="6e391dfd-aa3a-4f2a-9e8e-3bc7165e4abb" testListId="8c84fa94-04c1-424b-9868-57a2d4851a1d" />
    <TestEntry testId="18b35648-a566-3499-95ec-e14d308dcba6" executionId="923054a8-165f-4beb-a704-3fa707d934c6" testListId="8c84fa94-04c1-424b-9868-57a2d4851a1d" />
    <TestEntry testId="f6814e48-0b49-81a9-5412-aa1c3ac48e00" executionId="187d93a4-a872-4cca-bc1b-df708035c2f2" testListId="8c84fa94-04c1-424b-9868-57a2d4851a1d" />
    <TestEntry testId="6bc5c69f-1e35-1dda-027a-3965f2238887" executionId="0f2054ff-a8ea-46b2-8561-5e6463af7b8f" testListId="8c84fa94-04c1-424b-9868-57a2d4851a1d" />
    <TestEntry testId="dacf0d9f-52f8-cc00-236f-2f32d31c4af3" executionId="54355b35-386a-4a91-9fd4-e6f127056a40" testListId="8c84fa94-04c1-424b-9868-57a2d4851a1d" />
    <TestEntry testId="ef813fb4-1132-cb92-7e68-0c9ef045b6b7" executionId="3be42e3e-8d80-4df5-b37b-7978e9004d49" testListId="8c84fa94-04c1-424b-9868-57a2d4851a1d" />
    <TestEntry testId="897198c2-e013-2fdc-4de0-ccbd44dab1f1" executionId="aed12438-eea8-4db4-a81c-866631029295" testListId="8c84fa94-04c1-424b-9868-57a2d4851a1d" />
    <TestEntry testId="d17c6ea2-3ca4-386f-c6e7-4b216cf89dd5" executionId="d73b8dd7-84be-4a51-993d-df2d7e54e937" testListId="8c84fa94-04c1-424b-9868-57a2d4851a1d" />
    <TestEntry testId="d1ecf483-dfd0-e8fd-412c-75343e5fd3e3" executionId="b8c9b359-1b64-408e-90bb-f97aabd4afda" testListId="8c84fa94-04c1-424b-9868-57a2d4851a1d" />
    <TestEntry testId="7fcfcc39-66f5-e59a-53bb-ab760b3d7c57" executionId="650310ef-f4ab-46be-a05b-99ef74d30a15" testListId="8c84fa94-04c1-424b-9868-57a2d4851a1d" />
  </TestEntries>
  <TestLists>
    <TestList name="列表中未列出的结果" id="8c84fa94-04c1-424b-9868-57a2d4851a1d" />
    <TestList name="所有已加载的结果" id="19431567-8539-422a-85d7-44ee4e166bda" />
  </TestLists>
  <ResultSummary outcome="Completed">
    <Counters total="36" executed="33" passed="33" failed="0" error="0" timeout="0" aborted="0" inconclusive="0" passedButRunAborted="0" notRunnable="0" notExecuted="0" disconnected="0" warning="0" completed="0" inProgress="0" pending="0" />
    <Output>
      <StdOut>[xUnit.net 00:00:00.00] xUnit.net VSTest Adapter v2.5.3.1+6b60a9e56a (64-bit .NET 8.0.19)&#xD;
[xUnit.net 00:00:00.12]   Discovering: SystemMonitor.Tests&#xD;
[xUnit.net 00:00:00.15]   Discovered:  SystemMonitor.Tests&#xD;
[xUnit.net 00:00:00.15]   Starting:    SystemMonitor.Tests&#xD;
[xUnit.net 00:00:00.27]       非 M1：后续里程碑接口&#xD;
在测试运行中跳过测试“SystemMonitor.Tests.ContractTests.SetLogLevel_Request_Serializes_To_SnakeCase”。&#xD;
[xUnit.net 00:00:00.30]       非 M1：后续里程碑接口&#xD;
[xUnit.net 00:00:00.30]       非 M1：后续里程碑接口&#xD;
在测试运行中跳过测试“SystemMonitor.Tests.ContractTests.UpdateApply_Request_Serializes_To_SnakeCase”。&#xD;
在测试运行中跳过测试“SystemMonitor.Tests.ContractTests.UpdateCheck_Request_Serializes_To_SnakeCase”。&#xD;
[svc][out] 正在生成...&#xD;
[test][pipe-wait] last-win32=2 elapsed=0.0s&#xD;
[test][pipe-wait] last-win32=2 elapsed=0.2s&#xD;
[test][pipe-wait] last-win32=2 elapsed=0.4s&#xD;
[test][pipe-wait] last-win32=2 elapsed=0.6s&#xD;
[test][pipe-wait] last-win32=2 elapsed=0.8s&#xD;
[test][pipe-wait] last-win32=2 elapsed=1.0s&#xD;
[test][pipe-wait] last-win32=2 elapsed=1.2s&#xD;
[svc][out] [BOOT] Program start&#xD;
[svc][out] [BOOT] Invoking root command...&#xD;
[test][pipe-wait] last-win32=2 elapsed=1.4s&#xD;
[svc][out] [BOOT] Host builder created&#xD;
[svc][out] [BOOT] Building host...&#xD;
[test][pipe-wait] last-win32=2 elapsed=1.6s&#xD;
[svc][err] [SERILOG] 2025-08-21T16:23:51.0391916Z Unable to find a method called WithMachineName. Candidate methods are:&#xD;
[svc][err] Serilog.LoggerConfiguration With(Serilog.Configuration.LoggerEnrichmentConfiguration, Serilog.Core.ILogEventEnricher)&#xD;
[svc][err] Serilog.LoggerConfiguration AtLevel(Serilog.Configuration.LoggerEnrichmentConfiguration, System.Action`1[Serilog.Configuration.LoggerEnrichmentConfiguration], Serilog.Events.LogEventLevel, Serilog.Core.LoggingLevelSwitch)&#xD;
[svc][err] Serilog.LoggerConfiguration FromLogContext(Serilog.Configuration.LoggerEnrichmentConfiguration)&#xD;
[svc][err] [SERILOG] 2025-08-21T16:23:51.0406869Z Unable to find a method called WithProcessId. Candidate methods are:&#xD;
[svc][err] Serilog.LoggerConfiguration With(Serilog.Configuration.LoggerEnrichmentConfiguration, Serilog.Core.ILogEventEnricher)&#xD;
[svc][err] Serilog.LoggerConfiguration AtLevel(Serilog.Configuration.LoggerEnrichmentConfiguration, System.Action`1[Serilog.Configuration.LoggerEnrichmentConfiguration], Serilog.Events.LogEventLevel, Serilog.Core.LoggingLevelSwitch)&#xD;
[svc][err] Serilog.LoggerConfiguration FromLogContext(Serilog.Configuration.LoggerEnrichmentConfiguration)&#xD;
[svc][err] [SERILOG] 2025-08-21T16:23:51.0407098Z Unable to find a method called WithThreadId. Candidate methods are:&#xD;
[svc][err] Serilog.LoggerConfiguration With(Serilog.Configuration.LoggerEnrichmentConfiguration, Serilog.Core.ILogEventEnricher)&#xD;
[svc][err] Serilog.LoggerConfiguration AtLevel(Serilog.Configuration.LoggerEnrichmentConfiguration, System.Action`1[Serilog.Configuration.LoggerEnrichmentConfiguration], Serilog.Events.LogEventLevel, Serilog.Core.LoggingLevelSwitch)&#xD;
[svc][err] Serilog.LoggerConfiguration FromLogContext(Serilog.Configuration.LoggerEnrichmentConfiguration)&#xD;
[svc][out] [BOOT] Host built&#xD;
[svc][out] [SystemMonitor.Service] Running in CONSOLE mode. Use --service to run as Windows Service.&#xD;
[svc][out] 正在生成...&#xD;
[test][pipe-wait] last-win32=2 elapsed=0.0s&#xD;
[test][pipe-wait] last-win32=2 elapsed=0.2s&#xD;
[test][pipe-wait] last-win32=2 elapsed=0.4s&#xD;
[test][pipe-wait] last-win32=2 elapsed=0.6s&#xD;
[test][pipe-wait] last-win32=2 elapsed=0.8s&#xD;
[test][pipe-wait] last-win32=2 elapsed=1.0s&#xD;
[test][pipe-wait] last-win32=2 elapsed=1.2s&#xD;
[svc][out] [BOOT] Program start&#xD;
[svc][out] [BOOT] Invoking root command...&#xD;
[svc][out] [BOOT] Host builder created&#xD;
[svc][out] [BOOT] Building host...&#xD;
[test][pipe-wait] last-win32=2 elapsed=1.4s&#xD;
[svc][err] [SERILOG] 2025-08-21T16:23:53.4884570Z Unable to find a method called WithMachineName. Candidate methods are:&#xD;
[svc][err] Serilog.LoggerConfiguration With(Serilog.Configuration.LoggerEnrichmentConfiguration, Serilog.Core.ILogEventEnricher)&#xD;
[svc][err] Serilog.LoggerConfiguration AtLevel(Serilog.Configuration.LoggerEnrichmentConfiguration, System.Action`1[Serilog.Configuration.LoggerEnrichmentConfiguration], Serilog.Events.LogEventLevel, Serilog.Core.LoggingLevelSwitch)&#xD;
[svc][err] Serilog.LoggerConfiguration FromLogContext(Serilog.Configuration.LoggerEnrichmentConfiguration)&#xD;
[svc][err] [SERILOG] 2025-08-21T16:23:53.4898477Z Unable to find a method called WithProcessId. Candidate methods are:&#xD;
[svc][err] Serilog.LoggerConfiguration With(Serilog.Configuration.LoggerEnrichmentConfiguration, Serilog.Core.ILogEventEnricher)&#xD;
[svc][err] Serilog.LoggerConfiguration AtLevel(Serilog.Configuration.LoggerEnrichmentConfiguration, System.Action`1[Serilog.Configuration.LoggerEnrichmentConfiguration], Serilog.Events.LogEventLevel, Serilog.Core.LoggingLevelSwitch)&#xD;
[svc][err] Serilog.LoggerConfiguration FromLogContext(Serilog.Configuration.LoggerEnrichmentConfiguration)&#xD;
[svc][err] [SERILOG] 2025-08-21T16:23:53.4898854Z Unable to find a method called WithThreadId. Candidate methods are:&#xD;
[svc][err] Serilog.LoggerConfiguration With(Serilog.Configuration.LoggerEnrichmentConfiguration, Serilog.Core.ILogEventEnricher)&#xD;
[svc][err] Serilog.LoggerConfiguration AtLevel(Serilog.Configuration.LoggerEnrichmentConfiguration, System.Action`1[Serilog.Configuration.LoggerEnrichmentConfiguration], Serilog.Events.LogEventLevel, Serilog.Core.LoggingLevelSwitch)&#xD;
[svc][err] Serilog.LoggerConfiguration FromLogContext(Serilog.Configuration.LoggerEnrichmentConfiguration)&#xD;
[svc][out] [BOOT] Host built&#xD;
[svc][out] [SystemMonitor.Service] Running in CONSOLE mode. Use --service to run as Windows Service.&#xD;
[test][pipe-wait] last-win32=2 elapsed=1.6s&#xD;
[svc][out] 正在生成...&#xD;
[test][pipe-wait] last-win32=2 elapsed=0.0s&#xD;
[test][pipe-wait] last-win32=2 elapsed=0.2s&#xD;
[test][pipe-wait] last-win32=2 elapsed=0.4s&#xD;
[test][pipe-wait] last-win32=2 elapsed=0.6s&#xD;
[test][pipe-wait] last-win32=2 elapsed=0.8s&#xD;
[test][pipe-wait] last-win32=2 elapsed=1.0s&#xD;
[svc][out] [BOOT] Program start&#xD;
[svc][out] [BOOT] Invoking root command...&#xD;
[svc][out] [BOOT] Host builder created&#xD;
[svc][out] [BOOT] Building host...&#xD;
[test][pipe-wait] last-win32=2 elapsed=1.3s&#xD;
[svc][err] [SERILOG] 2025-08-21T16:23:55.7453863Z Unable to find a method called WithMachineName. Candidate methods are:&#xD;
[svc][err] Serilog.LoggerConfiguration With(Serilog.Configuration.LoggerEnrichmentConfiguration, Serilog.Core.ILogEventEnricher)&#xD;
[svc][err] Serilog.LoggerConfiguration AtLevel(Serilog.Configuration.LoggerEnrichmentConfiguration, System.Action`1[Serilog.Configuration.LoggerEnrichmentConfiguration], Serilog.Events.LogEventLevel, Serilog.Core.LoggingLevelSwitch)&#xD;
[svc][err] Serilog.LoggerConfiguration FromLogContext(Serilog.Configuration.LoggerEnrichmentConfiguration)&#xD;
[svc][err] [SERILOG] 2025-08-21T16:23:55.7475515Z Unable to find a method called WithProcessId. Candidate methods are:&#xD;
[svc][err] Serilog.LoggerConfiguration With(Serilog.Configuration.LoggerEnrichmentConfiguration, Serilog.Core.ILogEventEnricher)&#xD;
[svc][err] Serilog.LoggerConfiguration AtLevel(Serilog.Configuration.LoggerEnrichmentConfiguration, System.Action`1[Serilog.Configuration.LoggerEnrichmentConfiguration], Serilog.Events.LogEventLevel, Serilog.Core.LoggingLevelSwitch)&#xD;
[svc][err] Serilog.LoggerConfiguration FromLogContext(Serilog.Configuration.LoggerEnrichmentConfiguration)&#xD;
[svc][err] [SERILOG] 2025-08-21T16:23:55.7475903Z Unable to find a method called WithThreadId. Candidate methods are:&#xD;
[svc][err] Serilog.LoggerConfiguration With(Serilog.Configuration.LoggerEnrichmentConfiguration, Serilog.Core.ILogEventEnricher)&#xD;
[svc][err] Serilog.LoggerConfiguration AtLevel(Serilog.Configuration.LoggerEnrichmentConfiguration, System.Action`1[Serilog.Configuration.LoggerEnrichmentConfiguration], Serilog.Events.LogEventLevel, Serilog.Core.LoggingLevelSwitch)&#xD;
[svc][err] Serilog.LoggerConfiguration FromLogContext(Serilog.Configuration.LoggerEnrichmentConfiguration)&#xD;
[svc][out] [BOOT] Host built&#xD;
[svc][out] [SystemMonitor.Service] Running in CONSOLE mode. Use --service to run as Windows Service.&#xD;
[svc][out] 正在生成...&#xD;
[test][pipe-wait] last-win32=2 elapsed=0.0s&#xD;
[test][pipe-wait] last-win32=2 elapsed=0.2s&#xD;
[test][pipe-wait] last-win32=2 elapsed=0.4s&#xD;
[test][pipe-wait] last-win32=2 elapsed=0.6s&#xD;
[test][pipe-wait] last-win32=2 elapsed=0.8s&#xD;
[test][pipe-wait] last-win32=2 elapsed=1.0s&#xD;
[test][pipe-wait] last-win32=2 elapsed=1.2s&#xD;
[svc][out] [BOOT] Program start&#xD;
[svc][out] [BOOT] Invoking root command...&#xD;
[svc][out] [BOOT] Host builder created&#xD;
[svc][out] [BOOT] Building host...&#xD;
[test][pipe-wait] last-win32=2 elapsed=1.4s&#xD;
[svc][err] [SERILOG] 2025-08-21T16:23:58.4567889Z Unable to find a method called WithMachineName. Candidate methods are:&#xD;
[svc][err] Serilog.LoggerConfiguration With(Serilog.Configuration.LoggerEnrichmentConfiguration, Serilog.Core.ILogEventEnricher)&#xD;
[svc][err] Serilog.LoggerConfiguration AtLevel(Serilog.Configuration.LoggerEnrichmentConfiguration, System.Action`1[Serilog.Configuration.LoggerEnrichmentConfiguration], Serilog.Events.LogEventLevel, Serilog.Core.LoggingLevelSwitch)&#xD;
[svc][err] Serilog.LoggerConfiguration FromLogContext(Serilog.Configuration.LoggerEnrichmentConfiguration)&#xD;
[svc][err] [SERILOG] 2025-08-21T16:23:58.4580504Z Unable to find a method called WithProcessId. Candidate methods are:&#xD;
[svc][err] Serilog.LoggerConfiguration With(Serilog.Configuration.LoggerEnrichmentConfiguration, Serilog.Core.ILogEventEnricher)&#xD;
[svc][err] Serilog.LoggerConfiguration AtLevel(Serilog.Configuration.LoggerEnrichmentConfiguration, System.Action`1[Serilog.Configuration.LoggerEnrichmentConfiguration], Serilog.Events.LogEventLevel, Serilog.Core.LoggingLevelSwitch)&#xD;
[svc][err] Serilog.LoggerConfiguration FromLogContext(Serilog.Configuration.LoggerEnrichmentConfiguration)&#xD;
[svc][err] [SERILOG] 2025-08-21T16:23:58.4580750Z Unable to find a method called WithThreadId. Candidate methods are:&#xD;
[svc][err] Serilog.LoggerConfiguration With(Serilog.Configuration.LoggerEnrichmentConfiguration, Serilog.Core.ILogEventEnricher)&#xD;
[svc][err] Serilog.LoggerConfiguration AtLevel(Serilog.Configuration.LoggerEnrichmentConfiguration, System.Action`1[Serilog.Configuration.LoggerEnrichmentConfiguration], Serilog.Events.LogEventLevel, Serilog.Core.LoggingLevelSwitch)&#xD;
[svc][err] Serilog.LoggerConfiguration FromLogContext(Serilog.Configuration.LoggerEnrichmentConfiguration)&#xD;
[svc][out] [BOOT] Host built&#xD;
[svc][out] [SystemMonitor.Service] Running in CONSOLE mode. Use --service to run as Windows Service.&#xD;
[svc][out] 正在生成...&#xD;
[test][pipe-wait] last-win32=2 elapsed=0.0s&#xD;
[test][pipe-wait] last-win32=2 elapsed=0.2s&#xD;
[test][pipe-wait] last-win32=2 elapsed=0.4s&#xD;
[test][pipe-wait] last-win32=2 elapsed=0.6s&#xD;
[test][pipe-wait] last-win32=2 elapsed=0.8s&#xD;
[test][pipe-wait] last-win32=2 elapsed=1.0s&#xD;
[svc][out] [BOOT] Program start&#xD;
[svc][out] [BOOT] Invoking root command...&#xD;
[test][pipe-wait] last-win32=2 elapsed=1.2s&#xD;
[svc][out] [BOOT] Host builder created&#xD;
[svc][out] [BOOT] Building host...&#xD;
[test][pipe-wait] last-win32=2 elapsed=1.4s&#xD;
[svc][err] [SERILOG] 2025-08-21T16:24:00.7255676Z Unable to find a method called WithMachineName. Candidate methods are:&#xD;
[svc][err] Serilog.LoggerConfiguration With(Serilog.Configuration.LoggerEnrichmentConfiguration, Serilog.Core.ILogEventEnricher)&#xD;
[svc][err] Serilog.LoggerConfiguration AtLevel(Serilog.Configuration.LoggerEnrichmentConfiguration, System.Action`1[Serilog.Configuration.LoggerEnrichmentConfiguration], Serilog.Events.LogEventLevel, Serilog.Core.LoggingLevelSwitch)&#xD;
[svc][err] Serilog.LoggerConfiguration FromLogContext(Serilog.Configuration.LoggerEnrichmentConfiguration)&#xD;
[svc][err] [SERILOG] 2025-08-21T16:24:00.7271127Z Unable to find a method called WithProcessId. Candidate methods are:&#xD;
[svc][err] Serilog.LoggerConfiguration With(Serilog.Configuration.LoggerEnrichmentConfiguration, Serilog.Core.ILogEventEnricher)&#xD;
[svc][err] Serilog.LoggerConfiguration AtLevel(Serilog.Configuration.LoggerEnrichmentConfiguration, System.Action`1[Serilog.Configuration.LoggerEnrichmentConfiguration], Serilog.Events.LogEventLevel, Serilog.Core.LoggingLevelSwitch)&#xD;
[svc][err] Serilog.LoggerConfiguration FromLogContext(Serilog.Configuration.LoggerEnrichmentConfiguration)&#xD;
[svc][err] [SERILOG] 2025-08-21T16:24:00.7271552Z Unable to find a method called WithThreadId. Candidate methods are:&#xD;
[svc][err] Serilog.LoggerConfiguration With(Serilog.Configuration.LoggerEnrichmentConfiguration, Serilog.Core.ILogEventEnricher)&#xD;
[svc][err] Serilog.LoggerConfiguration AtLevel(Serilog.Configuration.LoggerEnrichmentConfiguration, System.Action`1[Serilog.Configuration.LoggerEnrichmentConfiguration], Serilog.Events.LogEventLevel, Serilog.Core.LoggingLevelSwitch)&#xD;
[svc][err] Serilog.LoggerConfiguration FromLogContext(Serilog.Configuration.LoggerEnrichmentConfiguration)&#xD;
[svc][out] [BOOT] Host built&#xD;
[svc][out] [SystemMonitor.Service] Running in CONSOLE mode. Use --service to run as Windows Service.&#xD;
[svc][out] 正在生成...&#xD;
[test][pipe-wait] last-win32=2 elapsed=0.0s&#xD;
[test][pipe-wait] last-win32=2 elapsed=0.2s&#xD;
[test][pipe-wait] last-win32=2 elapsed=0.4s&#xD;
[test][pipe-wait] last-win32=2 elapsed=0.6s&#xD;
[test][pipe-wait] last-win32=2 elapsed=0.8s&#xD;
[test][pipe-wait] last-win32=2 elapsed=1.0s&#xD;
[test][pipe-wait] last-win32=2 elapsed=1.2s&#xD;
[test][pipe-wait] last-win32=2 elapsed=1.4s&#xD;
[svc][out] [BOOT] Program start&#xD;
[svc][out] [BOOT] Invoking root command...&#xD;
[svc][out] [BOOT] Host builder created&#xD;
[svc][out] [BOOT] Building host...&#xD;
[test][pipe-wait] last-win32=2 elapsed=1.6s&#xD;
[svc][err] [SERILOG] 2025-08-21T16:24:03.3693025Z Unable to find a method called WithMachineName. Candidate methods are:&#xD;
[svc][err] Serilog.LoggerConfiguration With(Serilog.Configuration.LoggerEnrichmentConfiguration, Serilog.Core.ILogEventEnricher)&#xD;
[svc][err] Serilog.LoggerConfiguration AtLevel(Serilog.Configuration.LoggerEnrichmentConfiguration, System.Action`1[Serilog.Configuration.LoggerEnrichmentConfiguration], Serilog.Events.LogEventLevel, Serilog.Core.LoggingLevelSwitch)&#xD;
[svc][err] Serilog.LoggerConfiguration FromLogContext(Serilog.Configuration.LoggerEnrichmentConfiguration)&#xD;
[svc][err] [SERILOG] 2025-08-21T16:24:03.3719242Z Unable to find a method called WithProcessId. Candidate methods are:&#xD;
[svc][err] Serilog.LoggerConfiguration With(Serilog.Configuration.LoggerEnrichmentConfiguration, Serilog.Core.ILogEventEnricher)&#xD;
[svc][err] Serilog.LoggerConfiguration AtLevel(Serilog.Configuration.LoggerEnrichmentConfiguration, System.Action`1[Serilog.Configuration.LoggerEnrichmentConfiguration], Serilog.Events.LogEventLevel, Serilog.Core.LoggingLevelSwitch)&#xD;
[svc][err] Serilog.LoggerConfiguration FromLogContext(Serilog.Configuration.LoggerEnrichmentConfiguration)&#xD;
[svc][err] [SERILOG] 2025-08-21T16:24:03.3719688Z Unable to find a method called WithThreadId. Candidate methods are:&#xD;
[svc][err] Serilog.LoggerConfiguration With(Serilog.Configuration.LoggerEnrichmentConfiguration, Serilog.Core.ILogEventEnricher)&#xD;
[svc][err] Serilog.LoggerConfiguration AtLevel(Serilog.Configuration.LoggerEnrichmentConfiguration, System.Action`1[Serilog.Configuration.LoggerEnrichmentConfiguration], Serilog.Events.LogEventLevel, Serilog.Core.LoggingLevelSwitch)&#xD;
[svc][err] Serilog.LoggerConfiguration FromLogContext(Serilog.Configuration.LoggerEnrichmentConfiguration)&#xD;
[svc][out] [BOOT] Host built&#xD;
[svc][out] [SystemMonitor.Service] Running in CONSOLE mode. Use --service to run as Windows Service.&#xD;
[test][pipe-wait] last-win32=2 elapsed=1.8s&#xD;
[svc][out] 正在生成...&#xD;
[test][pipe-wait] last-win32=2 elapsed=0.0s&#xD;
[test][pipe-wait] last-win32=2 elapsed=0.2s&#xD;
[test][pipe-wait] last-win32=2 elapsed=0.4s&#xD;
[test][pipe-wait] last-win32=2 elapsed=0.6s&#xD;
[test][pipe-wait] last-win32=2 elapsed=0.8s&#xD;
[test][pipe-wait] last-win32=2 elapsed=1.0s&#xD;
[svc][out] [BOOT] Program start&#xD;
[svc][out] [BOOT] Invoking root command...&#xD;
[svc][out] [BOOT] Host builder created&#xD;
[svc][out] [BOOT] Building host...&#xD;
[test][pipe-wait] last-win32=2 elapsed=1.2s&#xD;
[svc][err] [SERILOG] 2025-08-21T16:24:08.3543243Z Unable to find a method called WithMachineName. Candidate methods are:&#xD;
[svc][err] Serilog.LoggerConfiguration With(Serilog.Configuration.LoggerEnrichmentConfiguration, Serilog.Core.ILogEventEnricher)&#xD;
[svc][err] Serilog.LoggerConfiguration AtLevel(Serilog.Configuration.LoggerEnrichmentConfiguration, System.Action`1[Serilog.Configuration.LoggerEnrichmentConfiguration], Serilog.Events.LogEventLevel, Serilog.Core.LoggingLevelSwitch)&#xD;
[svc][err] Serilog.LoggerConfiguration FromLogContext(Serilog.Configuration.LoggerEnrichmentConfiguration)&#xD;
[svc][err] [SERILOG] 2025-08-21T16:24:08.3559900Z Unable to find a method called WithProcessId. Candidate methods are:&#xD;
[svc][err] Serilog.LoggerConfiguration With(Serilog.Configuration.LoggerEnrichmentConfiguration, Serilog.Core.ILogEventEnricher)&#xD;
[svc][err] Serilog.LoggerConfiguration AtLevel(Serilog.Configuration.LoggerEnrichmentConfiguration, System.Action`1[Serilog.Configuration.LoggerEnrichmentConfiguration], Serilog.Events.LogEventLevel, Serilog.Core.LoggingLevelSwitch)&#xD;
[svc][err] Serilog.LoggerConfiguration FromLogContext(Serilog.Configuration.LoggerEnrichmentConfiguration)&#xD;
[svc][err] [SERILOG] 2025-08-21T16:24:08.3561209Z Unable to find a method called WithThreadId. Candidate methods are:&#xD;
[svc][err] Serilog.LoggerConfiguration With(Serilog.Configuration.LoggerEnrichmentConfiguration, Serilog.Core.ILogEventEnricher)&#xD;
[svc][err] Serilog.LoggerConfiguration AtLevel(Serilog.Configuration.LoggerEnrichmentConfiguration, System.Action`1[Serilog.Configuration.LoggerEnrichmentConfiguration], Serilog.Events.LogEventLevel, Serilog.Core.LoggingLevelSwitch)&#xD;
[svc][err] Serilog.LoggerConfiguration FromLogContext(Serilog.Configuration.LoggerEnrichmentConfiguration)&#xD;
[test][pipe-wait] last-win32=2 elapsed=1.4s&#xD;
[svc][out] [BOOT] Host built&#xD;
[svc][out] [SystemMonitor.Service] Running in CONSOLE mode. Use --service to run as Windows Service.&#xD;
[svc][out] 正在生成...&#xD;
[test][pipe-wait] last-win32=2 elapsed=0.0s&#xD;
[test][pipe-wait] last-win32=2 elapsed=0.2s&#xD;
[test][pipe-wait] last-win32=2 elapsed=0.4s&#xD;
[test][pipe-wait] last-win32=2 elapsed=0.6s&#xD;
[test][pipe-wait] last-win32=2 elapsed=0.8s&#xD;
[test][pipe-wait] last-win32=2 elapsed=1.0s&#xD;
[test][pipe-wait] last-win32=2 elapsed=1.2s&#xD;
[svc][out] [BOOT] Program start&#xD;
[svc][out] [BOOT] Invoking root command...&#xD;
[svc][out] [BOOT] Host builder created&#xD;
[svc][out] [BOOT] Building host...&#xD;
[test][pipe-wait] last-win32=2 elapsed=1.4s&#xD;
[svc][err] [SERILOG] 2025-08-21T16:24:10.7517494Z Unable to find a method called WithMachineName. Candidate methods are:&#xD;
[svc][err] Serilog.LoggerConfiguration With(Serilog.Configuration.LoggerEnrichmentConfiguration, Serilog.Core.ILogEventEnricher)&#xD;
[svc][err] Serilog.LoggerConfiguration AtLevel(Serilog.Configuration.LoggerEnrichmentConfiguration, System.Action`1[Serilog.Configuration.LoggerEnrichmentConfiguration], Serilog.Events.LogEventLevel, Serilog.Core.LoggingLevelSwitch)&#xD;
[svc][err] Serilog.LoggerConfiguration FromLogContext(Serilog.Configuration.LoggerEnrichmentConfiguration)&#xD;
[svc][err] [SERILOG] 2025-08-21T16:24:10.7530821Z Unable to find a method called WithProcessId. Candidate methods are:&#xD;
[svc][err] Serilog.LoggerConfiguration With(Serilog.Configuration.LoggerEnrichmentConfiguration, Serilog.Core.ILogEventEnricher)&#xD;
[svc][err] Serilog.LoggerConfiguration AtLevel(Serilog.Configuration.LoggerEnrichmentConfiguration, System.Action`1[Serilog.Configuration.LoggerEnrichmentConfiguration], Serilog.Events.LogEventLevel, Serilog.Core.LoggingLevelSwitch)&#xD;
[svc][err] Serilog.LoggerConfiguration FromLogContext(Serilog.Configuration.LoggerEnrichmentConfiguration)&#xD;
[svc][err] [SERILOG] 2025-08-21T16:24:10.7531040Z Unable to find a method called WithThreadId. Candidate methods are:&#xD;
[svc][err] Serilog.LoggerConfiguration With(Serilog.Configuration.LoggerEnrichmentConfiguration, Serilog.Core.ILogEventEnricher)&#xD;
[svc][err] Serilog.LoggerConfiguration AtLevel(Serilog.Configuration.LoggerEnrichmentConfiguration, System.Action`1[Serilog.Configuration.LoggerEnrichmentConfiguration], Serilog.Events.LogEventLevel, Serilog.Core.LoggingLevelSwitch)&#xD;
[svc][err] Serilog.LoggerConfiguration FromLogContext(Serilog.Configuration.LoggerEnrichmentConfiguration)&#xD;
[svc][out] [BOOT] Host built&#xD;
[svc][out] [SystemMonitor.Service] Running in CONSOLE mode. Use --service to run as Windows Service.&#xD;
[svc][out] 正在生成...&#xD;
[test][pipe-wait] last-win32=2 elapsed=0.0s&#xD;
[test][pipe-wait] last-win32=2 elapsed=0.2s&#xD;
[test][pipe-wait] last-win32=2 elapsed=0.4s&#xD;
[test][pipe-wait] last-win32=2 elapsed=0.6s&#xD;
[test][pipe-wait] last-win32=2 elapsed=0.8s&#xD;
[test][pipe-wait] last-win32=2 elapsed=1.0s&#xD;
[test][pipe-wait] last-win32=2 elapsed=1.2s&#xD;
[test][pipe-wait] last-win32=2 elapsed=1.4s&#xD;
[svc][out] [BOOT] Program start&#xD;
[svc][out] [BOOT] Invoking root command...&#xD;
[svc][out] [BOOT] Host builder created&#xD;
[svc][out] [BOOT] Building host...&#xD;
[test][pipe-wait] last-win32=2 elapsed=1.7s&#xD;
[svc][err] [SERILOG] 2025-08-21T16:24:13.2546172Z Unable to find a method called WithMachineName. Candidate methods are:&#xD;
[svc][err] Serilog.LoggerConfiguration With(Serilog.Configuration.LoggerEnrichmentConfiguration, Serilog.Core.ILogEventEnricher)&#xD;
[svc][err] Serilog.LoggerConfiguration AtLevel(Serilog.Configuration.LoggerEnrichmentConfiguration, System.Action`1[Serilog.Configuration.LoggerEnrichmentConfiguration], Serilog.Events.LogEventLevel, Serilog.Core.LoggingLevelSwitch)&#xD;
[svc][err] Serilog.LoggerConfiguration FromLogContext(Serilog.Configuration.LoggerEnrichmentConfiguration)&#xD;
[svc][err] [SERILOG] 2025-08-21T16:24:13.2560441Z Unable to find a method called WithProcessId. Candidate methods are:&#xD;
[svc][err] Serilog.LoggerConfiguration With(Serilog.Configuration.LoggerEnrichmentConfiguration, Serilog.Core.ILogEventEnricher)&#xD;
[svc][err] Serilog.LoggerConfiguration AtLevel(Serilog.Configuration.LoggerEnrichmentConfiguration, System.Action`1[Serilog.Configuration.LoggerEnrichmentConfiguration], Serilog.Events.LogEventLevel, Serilog.Core.LoggingLevelSwitch)&#xD;
[svc][err] Serilog.LoggerConfiguration FromLogContext(Serilog.Configuration.LoggerEnrichmentConfiguration)&#xD;
[svc][err] [SERILOG] 2025-08-21T16:24:13.2560879Z Unable to find a method called WithThreadId. Candidate methods are:&#xD;
[svc][err] Serilog.LoggerConfiguration With(Serilog.Configuration.LoggerEnrichmentConfiguration, Serilog.Core.ILogEventEnricher)&#xD;
[svc][err] Serilog.LoggerConfiguration AtLevel(Serilog.Configuration.LoggerEnrichmentConfiguration, System.Action`1[Serilog.Configuration.LoggerEnrichmentConfiguration], Serilog.Events.LogEventLevel, Serilog.Core.LoggingLevelSwitch)&#xD;
[svc][err] Serilog.LoggerConfiguration FromLogContext(Serilog.Configuration.LoggerEnrichmentConfiguration)&#xD;
[svc][out] [BOOT] Host built&#xD;
[svc][out] [SystemMonitor.Service] Running in CONSOLE mode. Use --service to run as Windows Service.&#xD;
[svc][out] 正在生成...&#xD;
[test][pipe-wait] last-win32=2 elapsed=0.0s&#xD;
[test][pipe-wait] last-win32=2 elapsed=0.2s&#xD;
[test][pipe-wait] last-win32=2 elapsed=0.4s&#xD;
[test][pipe-wait] last-win32=2 elapsed=0.6s&#xD;
[test][pipe-wait] last-win32=2 elapsed=0.8s&#xD;
[test][pipe-wait] last-win32=2 elapsed=1.0s&#xD;
[svc][out] [BOOT] Program start&#xD;
[svc][out] [BOOT] Invoking root command...&#xD;
[test][pipe-wait] last-win32=2 elapsed=1.2s&#xD;
[svc][out] [BOOT] Host builder created&#xD;
[svc][out] [BOOT] Building host...&#xD;
[test][pipe-wait] last-win32=2 elapsed=1.4s&#xD;
[svc][err] [SERILOG] 2025-08-21T16:24:15.5308937Z Unable to find a method called WithMachineName. Candidate methods are:&#xD;
[svc][err] Serilog.LoggerConfiguration With(Serilog.Configuration.LoggerEnrichmentConfiguration, Serilog.Core.ILogEventEnricher)&#xD;
[svc][err] Serilog.LoggerConfiguration AtLevel(Serilog.Configuration.LoggerEnrichmentConfiguration, System.Action`1[Serilog.Configuration.LoggerEnrichmentConfiguration], Serilog.Events.LogEventLevel, Serilog.Core.LoggingLevelSwitch)&#xD;
[svc][err] Serilog.LoggerConfiguration FromLogContext(Serilog.Configuration.LoggerEnrichmentConfiguration)&#xD;
[svc][err] [SERILOG] 2025-08-21T16:24:15.5331348Z Unable to find a method called WithProcessId. Candidate methods are:&#xD;
[svc][err] Serilog.LoggerConfiguration With(Serilog.Configuration.LoggerEnrichmentConfiguration, Serilog.Core.ILogEventEnricher)&#xD;
[svc][err] Serilog.LoggerConfiguration AtLevel(Serilog.Configuration.LoggerEnrichmentConfiguration, System.Action`1[Serilog.Configuration.LoggerEnrichmentConfiguration], Serilog.Events.LogEventLevel, Serilog.Core.LoggingLevelSwitch)&#xD;
[svc][err] Serilog.LoggerConfiguration FromLogContext(Serilog.Configuration.LoggerEnrichmentConfiguration)&#xD;
[svc][err] [SERILOG] 2025-08-21T16:24:15.5331700Z Unable to find a method called WithThreadId. Candidate methods are:&#xD;
[svc][err] Serilog.LoggerConfiguration With(Serilog.Configuration.LoggerEnrichmentConfiguration, Serilog.Core.ILogEventEnricher)&#xD;
[svc][err] Serilog.LoggerConfiguration AtLevel(Serilog.Configuration.LoggerEnrichmentConfiguration, System.Action`1[Serilog.Configuration.LoggerEnrichmentConfiguration], Serilog.Events.LogEventLevel, Serilog.Core.LoggingLevelSwitch)&#xD;
[svc][err] Serilog.LoggerConfiguration FromLogContext(Serilog.Configuration.LoggerEnrichmentConfiguration)&#xD;
[svc][out] [BOOT] Host built&#xD;
[svc][out] [SystemMonitor.Service] Running in CONSOLE mode. Use --service to run as Windows Service.&#xD;
[svc][out] 正在生成...&#xD;
[test][pipe-wait] last-win32=2 elapsed=0.0s&#xD;
[test][pipe-wait] last-win32=2 elapsed=0.2s&#xD;
[test][pipe-wait] last-win32=2 elapsed=0.4s&#xD;
[test][pipe-wait] last-win32=2 elapsed=0.6s&#xD;
[test][pipe-wait] last-win32=2 elapsed=0.8s&#xD;
[svc][out] [BOOT] Program start&#xD;
[svc][out] [BOOT] Invoking root command...&#xD;
[svc][out] [BOOT] Host builder created&#xD;
[svc][out] [BOOT] Building host...&#xD;
[test][pipe-wait] last-win32=2 elapsed=1.0s&#xD;
[svc][err] [SERILOG] 2025-08-21T16:24:22.6815671Z Unable to find a method called WithMachineName. Candidate methods are:&#xD;
[svc][err] Serilog.LoggerConfiguration With(Serilog.Configuration.LoggerEnrichmentConfiguration, Serilog.Core.ILogEventEnricher)&#xD;
[svc][err] Serilog.LoggerConfiguration AtLevel(Serilog.Configuration.LoggerEnrichmentConfiguration, System.Action`1[Serilog.Configuration.LoggerEnrichmentConfiguration], Serilog.Events.LogEventLevel, Serilog.Core.LoggingLevelSwitch)&#xD;
[svc][err] Serilog.LoggerConfiguration FromLogContext(Serilog.Configuration.LoggerEnrichmentConfiguration)&#xD;
[svc][err] [SERILOG] 2025-08-21T16:24:22.6829792Z Unable to find a method called WithProcessId. Candidate methods are:&#xD;
[svc][err] Serilog.LoggerConfiguration With(Serilog.Configuration.LoggerEnrichmentConfiguration, Serilog.Core.ILogEventEnricher)&#xD;
[svc][err] Serilog.LoggerConfiguration AtLevel(Serilog.Configuration.LoggerEnrichmentConfiguration, System.Action`1[Serilog.Configuration.LoggerEnrichmentConfiguration], Serilog.Events.LogEventLevel, Serilog.Core.LoggingLevelSwitch)&#xD;
[svc][err] Serilog.LoggerConfiguration FromLogContext(Serilog.Configuration.LoggerEnrichmentConfiguration)&#xD;
[svc][err] [SERILOG] 2025-08-21T16:24:22.6830037Z Unable to find a method called WithThreadId. Candidate methods are:&#xD;
[svc][err] Serilog.LoggerConfiguration With(Serilog.Configuration.LoggerEnrichmentConfiguration, Serilog.Core.ILogEventEnricher)&#xD;
[svc][err] Serilog.LoggerConfiguration AtLevel(Serilog.Configuration.LoggerEnrichmentConfiguration, System.Action`1[Serilog.Configuration.LoggerEnrichmentConfiguration], Serilog.Events.LogEventLevel, Serilog.Core.LoggingLevelSwitch)&#xD;
[svc][err] Serilog.LoggerConfiguration FromLogContext(Serilog.Configuration.LoggerEnrichmentConfiguration)&#xD;
[svc][out] [BOOT] Host built&#xD;
[svc][out] [SystemMonitor.Service] Running in CONSOLE mode. Use --service to run as Windows Service.&#xD;
[test][pipe-wait] last-win32=2 elapsed=1.2s&#xD;
[svc][out] 正在生成...&#xD;
[test][pipe-wait] last-win32=2 elapsed=0.0s&#xD;
[test][pipe-wait] last-win32=2 elapsed=0.2s&#xD;
[test][pipe-wait] last-win32=2 elapsed=0.4s&#xD;
[test][pipe-wait] last-win32=2 elapsed=0.6s&#xD;
[test][pipe-wait] last-win32=2 elapsed=0.8s&#xD;
[test][pipe-wait] last-win32=2 elapsed=1.0s&#xD;
[test][pipe-wait] last-win32=2 elapsed=1.2s&#xD;
[test][pipe-wait] last-win32=2 elapsed=1.5s&#xD;
[svc][out] [BOOT] Program start&#xD;
[svc][out] [BOOT] Invoking root command...&#xD;
[svc][out] [BOOT] Host builder created&#xD;
[svc][out] [BOOT] Building host...&#xD;
[test][pipe-wait] last-win32=2 elapsed=1.7s&#xD;
[svc][err] [SERILOG] 2025-08-21T16:24:25.4482347Z Unable to find a method called WithMachineName. Candidate methods are:&#xD;
[svc][err] Serilog.LoggerConfiguration With(Serilog.Configuration.LoggerEnrichmentConfiguration, Serilog.Core.ILogEventEnricher)&#xD;
[svc][err] Serilog.LoggerConfiguration AtLevel(Serilog.Configuration.LoggerEnrichmentConfiguration, System.Action`1[Serilog.Configuration.LoggerEnrichmentConfiguration], Serilog.Events.LogEventLevel, Serilog.Core.LoggingLevelSwitch)&#xD;
[svc][err] Serilog.LoggerConfiguration FromLogContext(Serilog.Configuration.LoggerEnrichmentConfiguration)&#xD;
[svc][err] [SERILOG] 2025-08-21T16:24:25.4505715Z Unable to find a method called WithProcessId. Candidate methods are:&#xD;
[svc][err] Serilog.LoggerConfiguration With(Serilog.Configuration.LoggerEnrichmentConfiguration, Serilog.Core.ILogEventEnricher)&#xD;
[svc][err] Serilog.LoggerConfiguration AtLevel(Serilog.Configuration.LoggerEnrichmentConfiguration, System.Action`1[Serilog.Configuration.LoggerEnrichmentConfiguration], Serilog.Events.LogEventLevel, Serilog.Core.LoggingLevelSwitch)&#xD;
[svc][err] Serilog.LoggerConfiguration FromLogContext(Serilog.Configuration.LoggerEnrichmentConfiguration)&#xD;
[svc][err] [SERILOG] 2025-08-21T16:24:25.4506878Z Unable to find a method called WithThreadId. Candidate methods are:&#xD;
[svc][err] Serilog.LoggerConfiguration With(Serilog.Configuration.LoggerEnrichmentConfiguration, Serilog.Core.ILogEventEnricher)&#xD;
[svc][err] Serilog.LoggerConfiguration AtLevel(Serilog.Configuration.LoggerEnrichmentConfiguration, System.Action`1[Serilog.Configuration.LoggerEnrichmentConfiguration], Serilog.Events.LogEventLevel, Serilog.Core.LoggingLevelSwitch)&#xD;
[svc][err] Serilog.LoggerConfiguration FromLogContext(Serilog.Configuration.LoggerEnrichmentConfiguration)&#xD;
[test][pipe-wait] last-win32=2 elapsed=1.9s&#xD;
[svc][out] [BOOT] Host built&#xD;
[svc][out] [SystemMonitor.Service] Running in CONSOLE mode. Use --service to run as Windows Service.&#xD;
[xUnit.net 00:00:37.47]   Finished:    SystemMonitor.Tests&#xD;
</StdOut>
    </Output>
    <RunInfos>
      <RunInfo computerName="DESKTOP-J6M8022" outcome="Warning" timestamp="2025-08-22T00:23:48.7080828+08:00">
        <Text>[xUnit.net 00:00:00.27]     SystemMonitor.Tests.ContractTests.SetLogLevel_Request_Serializes_To_SnakeCase [SKIP]</Text>
      </RunInfo>
      <RunInfo computerName="DESKTOP-J6M8022" outcome="Warning" timestamp="2025-08-22T00:23:48.7924028+08:00">
        <Text>[xUnit.net 00:00:00.30]     SystemMonitor.Tests.ContractTests.UpdateApply_Request_Serializes_To_SnakeCase [SKIP]</Text>
      </RunInfo>
      <RunInfo computerName="DESKTOP-J6M8022" outcome="Warning" timestamp="2025-08-22T00:23:48.7929978+08:00">
        <Text>[xUnit.net 00:00:00.30]     SystemMonitor.Tests.ContractTests.UpdateCheck_Request_Serializes_To_SnakeCase [SKIP]</Text>
      </RunInfo>
    </RunInfos>
  </ResultSummary>
</TestRun>