<?xml version="1.0" encoding="utf-8"?>
<TestRun id="2a761d1f-0827-4724-bb58-e1540ce193d2" name="terry@DESKTOP-J6M8022 2025-08-22 01:19:36" runUser="DESKTOP-J6M8022\terry" xmlns="http://microsoft.com/schemas/VisualStudio/TeamTest/2010">
  <Times creation="2025-08-22T01:19:36.8840292+08:00" queuing="2025-08-22T01:19:36.8840296+08:00" start="2025-08-22T01:19:34.8332437+08:00" finish="2025-08-22T01:20:20.0253347+08:00" />
  <TestSettings name="default" id="5b7497e1-2871-4161-9583-0feabf6b2234">
    <Deployment runDeploymentRoot="terry_DESKTOP-J6M8022_2025-08-22_01_19_36" />
  </TestSettings>
  <Results>
    <UnitTestResult executionId="c64c2623-1ea3-455c-9f51-23f6f32ff2a3" testId="fc84e8aa-81c3-13b2-161d-42cbb3024667" testName="SystemMonitor.Tests.ContractTests.SubscribeMetrics_Request_Serializes_To_SnakeCase" computerName="DESKTOP-J6M8022" duration="00:00:00.0008244" startTime="2025-08-22T01:20:19.8643106+08:00" endTime="2025-08-22T01:20:19.8643106+08:00" testType="13cdc9d9-ddb5-4fa4-a97d-d965ccfc6d4b" outcome="Passed" testListId="8c84fa94-04c1-424b-9868-57a2d4851a1d" relativeResultsDirectory="c64c2623-1ea3-455c-9f51-23f6f32ff2a3" />
    <UnitTestResult executionId="173e07bb-1409-4ff4-af88-e26980c0865f" testId="2fee1618-453a-fb22-e956-2fd9d457aed7" testName="SystemMonitor.Tests.ContractTests.Stop_Request_Serializes_To_SnakeCase" computerName="DESKTOP-J6M8022" duration="00:00:00.0004152" startTime="2025-08-22T01:20:19.8693779+08:00" endTime="2025-08-22T01:20:19.8693779+08:00" testType="13cdc9d9-ddb5-4fa4-a97d-d965ccfc6d4b" outcome="Passed" testListId="8c84fa94-04c1-424b-9868-57a2d4851a1d" relativeResultsDirectory="173e07bb-1409-4ff4-af88-e26980c0865f" />
    <UnitTestResult executionId="7740a21b-e6e8-464f-b090-3671e5b80426" testId="c7e17ebe-07f3-5913-71e6-f1c4a943136f" testName="SystemMonitor.Tests.SchemaTests.BurstSubscribe_Schema_Invalid_EmptyModules" computerName="DESKTOP-J6M8022" duration="00:00:00.0047356" startTime="2025-08-22T01:20:19.9712073+08:00" endTime="2025-08-22T01:20:19.9712074+08:00" testType="13cdc9d9-ddb5-4fa4-a97d-d965ccfc6d4b" outcome="Passed" testListId="8c84fa94-04c1-424b-9868-57a2d4851a1d" relativeResultsDirectory="7740a21b-e6e8-464f-b090-3671e5b80426" />
    <UnitTestResult executionId="a2d9e66d-835d-4d77-a692-427d10cf9313" testId="f4df6398-0c14-b3dd-5ee6-c8f487d7504a" testName="SystemMonitor.Tests.ContractTests.Snapshot_Request_Serializes_To_SnakeCase" computerName="DESKTOP-J6M8022" duration="00:00:00.0004220" startTime="2025-08-22T01:20:19.8713924+08:00" endTime="2025-08-22T01:20:19.8713925+08:00" testType="13cdc9d9-ddb5-4fa4-a97d-d965ccfc6d4b" outcome="Passed" testListId="8c84fa94-04c1-424b-9868-57a2d4851a1d" relativeResultsDirectory="a2d9e66d-835d-4d77-a692-427d10cf9313" />
    <UnitTestResult executionId="4cbd20e2-0aed-4f4a-942c-58785824601c" testId="d46fc4ee-0150-cded-8fbb-ceb1d2e0e4ba" testName="SystemMonitor.Tests.EndToEndTests.SetConfig_And_BurstSubscribe_Works" computerName="DESKTOP-J6M8022" duration="00:00:00.3367691" startTime="2025-08-22T01:20:05.3408649+08:00" endTime="2025-08-22T01:20:05.3408653+08:00" testType="13cdc9d9-ddb5-4fa4-a97d-d965ccfc6d4b" outcome="Passed" testListId="8c84fa94-04c1-424b-9868-57a2d4851a1d" relativeResultsDirectory="4cbd20e2-0aed-4f4a-942c-58785824601c" />
    <UnitTestResult executionId="d75258c8-f9b6-419d-bac9-36d17637858a" testId="e7afe76e-2983-511f-53e6-ec72c360fd06" testName="SystemMonitor.Tests.SchemaTests.SetConfig_Schema_Valid_WithIntervals" computerName="DESKTOP-J6M8022" duration="00:00:00.0015092" startTime="2025-08-22T01:20:19.9568113+08:00" endTime="2025-08-22T01:20:19.9568114+08:00" testType="13cdc9d9-ddb5-4fa4-a97d-d965ccfc6d4b" outcome="Passed" testListId="8c84fa94-04c1-424b-9868-57a2d4851a1d" relativeResultsDirectory="d75258c8-f9b6-419d-bac9-36d17637858a" />
    <UnitTestResult executionId="d543e972-f48d-4edd-8bfd-c8ad0499cea8" testId="7aba6d95-cdac-4d3b-fc1e-d345b65a933b" testName="SystemMonitor.Tests.ContractTests.Hello_Request_Serializes_To_SnakeCase" computerName="DESKTOP-J6M8022" duration="00:00:00.0007425" startTime="2025-08-22T01:20:19.8724376+08:00" endTime="2025-08-22T01:20:19.8724377+08:00" testType="13cdc9d9-ddb5-4fa4-a97d-d965ccfc6d4b" outcome="Passed" testListId="8c84fa94-04c1-424b-9868-57a2d4851a1d" relativeResultsDirectory="d543e972-f48d-4edd-8bfd-c8ad0499cea8" />
    <UnitTestResult executionId="d47b4211-ec64-4450-a4d6-3952d9682ae8" testId="f6814e48-0b49-81a9-5412-aa1c3ac48e00" testName="SystemMonitor.Tests.ContractTests.QueryHistory_Request_Serializes_To_SnakeCase" computerName="DESKTOP-J6M8022" duration="00:00:00.0014427" startTime="2025-08-22T01:20:19.8708905+08:00" endTime="2025-08-22T01:20:19.8708906+08:00" testType="13cdc9d9-ddb5-4fa4-a97d-d965ccfc6d4b" outcome="Passed" testListId="8c84fa94-04c1-424b-9868-57a2d4851a1d" relativeResultsDirectory="d47b4211-ec64-4450-a4d6-3952d9682ae8" />
    <UnitTestResult executionId="36406aa5-36e4-4fde-9731-fa9f040e75a4" testId="5359d170-82fa-d8d2-2f92-97bc053dca0c" testName="SystemMonitor.Tests.EndToEndTests.QueryHistory_Works" computerName="DESKTOP-J6M8022" duration="00:00:00.1682332" startTime="2025-08-22T01:19:47.3320869+08:00" endTime="2025-08-22T01:19:47.3320872+08:00" testType="13cdc9d9-ddb5-4fa4-a97d-d965ccfc6d4b" outcome="Passed" testListId="8c84fa94-04c1-424b-9868-57a2d4851a1d" relativeResultsDirectory="36406aa5-36e4-4fde-9731-fa9f040e75a4" />
    <UnitTestResult executionId="24f6cdca-cc99-47ee-bc41-8df50b9ec77b" testId="116d7234-8081-621c-9c63-75bb4125b1af" testName="SystemMonitor.Tests.ContractTests.SetConfig_Request_Serializes_To_SnakeCase" computerName="DESKTOP-J6M8022" duration="00:00:00.0001407" startTime="2025-08-22T01:20:19.8668616+08:00" endTime="2025-08-22T01:20:19.8668617+08:00" testType="13cdc9d9-ddb5-4fa4-a97d-d965ccfc6d4b" outcome="Passed" testListId="8c84fa94-04c1-424b-9868-57a2d4851a1d" relativeResultsDirectory="24f6cdca-cc99-47ee-bc41-8df50b9ec77b" />
    <UnitTestResult executionId="f5d5f422-541c-4067-85dc-71ebcbe57ab6" testId="ef813fb4-1132-cb92-7e68-0c9ef045b6b7" testName="SystemMonitor.Tests.EndToEndTests.Metrics_CpuMem_Ranges" computerName="DESKTOP-J6M8022" duration="00:00:00.4379451" startTime="2025-08-22T01:19:45.1948097+08:00" endTime="2025-08-22T01:19:45.1948101+08:00" testType="13cdc9d9-ddb5-4fa4-a97d-d965ccfc6d4b" outcome="Passed" testListId="8c84fa94-04c1-424b-9868-57a2d4851a1d" relativeResultsDirectory="f5d5f422-541c-4067-85dc-71ebcbe57ab6" />
    <UnitTestResult executionId="1f1021d2-a27d-4976-a174-a23c6cdc6e63" testId="a5cee8d5-e1e7-16a2-597a-8c6cbc2b8be8" testName="SystemMonitor.Tests.EndToEndTests.Hello_Protocol_NotSupported_Fails" computerName="DESKTOP-J6M8022" duration="00:00:00.2127908" startTime="2025-08-22T01:20:01.2876695+08:00" endTime="2025-08-22T01:20:01.2876699+08:00" testType="13cdc9d9-ddb5-4fa4-a97d-d965ccfc6d4b" outcome="Passed" testListId="8c84fa94-04c1-424b-9868-57a2d4851a1d" relativeResultsDirectory="1f1021d2-a27d-4976-a174-a23c6cdc6e63" />
    <UnitTestResult executionId="cfa8aad9-c79b-41b9-9743-2e39dd0bae60" testId="6bc5c69f-1e35-1dda-027a-3965f2238887" testName="SystemMonitor.Tests.ContractTests.SetLogLevel_Request_Serializes_To_SnakeCase" computerName="DESKTOP-J6M8022" duration="00:00:00.0010000" startTime="2025-08-22T01:20:19.8688016+08:00" endTime="2025-08-22T01:20:19.8688017+08:00" testType="13cdc9d9-ddb5-4fa4-a97d-d965ccfc6d4b" outcome="NotExecuted" testListId="8c84fa94-04c1-424b-9868-57a2d4851a1d" relativeResultsDirectory="cfa8aad9-c79b-41b9-9743-2e39dd0bae60">
      <Output>
        <ErrorInfo>
          <Message>非 M1：后续里程碑接口</Message>
        </ErrorInfo>
      </Output>
    </UnitTestResult>
    <UnitTestResult executionId="572fcbad-40dc-4658-bc77-1bd4429d5cbf" testId="d1ecf483-dfd0-e8fd-412c-75343e5fd3e3" testName="SystemMonitor.Tests.UnitTest1.SnakeCase_Serialization_ShouldUseSnakeCaseNames" computerName="DESKTOP-J6M8022" duration="00:00:00.0384043" startTime="2025-08-22T01:19:35.6245140+08:00" endTime="2025-08-22T01:19:35.6245355+08:00" testType="13cdc9d9-ddb5-4fa4-a97d-d965ccfc6d4b" outcome="Passed" testListId="8c84fa94-04c1-424b-9868-57a2d4851a1d" relativeResultsDirectory="572fcbad-40dc-4658-bc77-1bd4429d5cbf" />
    <UnitTestResult executionId="529decf0-376b-45a4-827c-fae8d86eaf31" testId="dc6251cd-01f9-1cce-a502-df54ce71eba2" testName="SystemMonitor.Tests.ContractTests.SetConfig_Request_Should_Not_Contain_PascalCase_Keys" computerName="DESKTOP-J6M8022" duration="00:00:00.0014536" startTime="2025-08-22T01:20:19.8658484+08:00" endTime="2025-08-22T01:20:19.8658491+08:00" testType="13cdc9d9-ddb5-4fa4-a97d-d965ccfc6d4b" outcome="Passed" testListId="8c84fa94-04c1-424b-9868-57a2d4851a1d" relativeResultsDirectory="529decf0-376b-45a4-827c-fae8d86eaf31" />
    <UnitTestResult executionId="6acbc903-e8bd-4262-ace8-6cfafdca8aee" testId="84bddd7b-5fca-ad7f-6631-caa1dc730eca" testName="SystemMonitor.Tests.ContractTests.BurstSubscribe_Request_Serializes_To_SnakeCase" computerName="DESKTOP-J6M8022" duration="00:00:00.0006958" startTime="2025-08-22T01:20:19.8666383+08:00" endTime="2025-08-22T01:20:19.8666383+08:00" testType="13cdc9d9-ddb5-4fa4-a97d-d965ccfc6d4b" outcome="Passed" testListId="8c84fa94-04c1-424b-9868-57a2d4851a1d" relativeResultsDirectory="6acbc903-e8bd-4262-ace8-6cfafdca8aee" />
    <UnitTestResult executionId="124d7897-4250-4a1f-83e2-ad2195e3ec75" testId="1625b824-bf75-ff81-2ccc-b11736dbaaf3" testName="SystemMonitor.Tests.EndToEndTests.Snapshot_CpuMem_Ranges" computerName="DESKTOP-J6M8022" duration="00:00:00.1255651" startTime="2025-08-22T01:20:19.8614130+08:00" endTime="2025-08-22T01:20:19.8614132+08:00" testType="13cdc9d9-ddb5-4fa4-a97d-d965ccfc6d4b" outcome="Passed" testListId="8c84fa94-04c1-424b-9868-57a2d4851a1d" relativeResultsDirectory="124d7897-4250-4a1f-83e2-ad2195e3ec75" />
    <UnitTestResult executionId="946044be-d084-4fe2-bff7-7874dcd46423" testId="dacf0d9f-52f8-cc00-236f-2f32d31c4af3" testName="SystemMonitor.Tests.EndToEndTests.SetConfig_Invalid_BaseInterval_Fails" computerName="DESKTOP-J6M8022" duration="00:00:00.2514536" startTime="2025-08-22T01:19:50.0621056+08:00" endTime="2025-08-22T01:19:50.0621062+08:00" testType="13cdc9d9-ddb5-4fa4-a97d-d965ccfc6d4b" outcome="Passed" testListId="8c84fa94-04c1-424b-9868-57a2d4851a1d" relativeResultsDirectory="946044be-d084-4fe2-bff7-7874dcd46423" />
    <UnitTestResult executionId="defaa509-cd09-4b4f-ac55-22e0ed8025ea" testId="e1fbd4f1-6ade-f24b-317f-6dbbbf27c5fc" testName="SystemMonitor.Tests.SchemaTests.Hello_Schema_Valid_Minimal" computerName="DESKTOP-J6M8022" duration="00:00:00.0002809" startTime="2025-08-22T01:20:19.9658219+08:00" endTime="2025-08-22T01:20:19.9658219+08:00" testType="13cdc9d9-ddb5-4fa4-a97d-d965ccfc6d4b" outcome="Passed" testListId="8c84fa94-04c1-424b-9868-57a2d4851a1d" relativeResultsDirectory="defaa509-cd09-4b4f-ac55-22e0ed8025ea" />
    <UnitTestResult executionId="e7d16fc4-c70f-4f86-82a9-06e5b33fb196" testId="b63f371d-2541-ba09-aa15-8afdc6da8ab0" testName="SystemMonitor.Tests.EndToEndTests.State_Emitted_On_Start_Burst_Stop" computerName="DESKTOP-J6M8022" duration="00:00:00.1533604" startTime="2025-08-22T01:20:17.5903097+08:00" endTime="2025-08-22T01:20:17.5903099+08:00" testType="13cdc9d9-ddb5-4fa4-a97d-d965ccfc6d4b" outcome="Passed" testListId="8c84fa94-04c1-424b-9868-57a2d4851a1d" relativeResultsDirectory="e7d16fc4-c70f-4f86-82a9-06e5b33fb196" />
    <UnitTestResult executionId="84debcb5-6553-4f5e-8733-e15eb3a16bf9" testId="7fcfcc39-66f5-e59a-53bb-ab760b3d7c57" testName="SystemMonitor.Tests.SchemaTests.SetConfig_Schema_Invalid_TooSmallInterval" computerName="DESKTOP-J6M8022" duration="00:00:00.0757333" startTime="2025-08-22T01:20:19.9489531+08:00" endTime="2025-08-22T01:20:19.9489532+08:00" testType="13cdc9d9-ddb5-4fa4-a97d-d965ccfc6d4b" outcome="Passed" testListId="8c84fa94-04c1-424b-9868-57a2d4851a1d" relativeResultsDirectory="84debcb5-6553-4f5e-8733-e15eb3a16bf9" />
    <UnitTestResult executionId="ceded3ff-5b00-4c79-9609-ad9ad471ce7f" testId="18b35648-a566-3499-95ec-e14d308dcba6" testName="SystemMonitor.Tests.EndToEndTests.Hello_Unsupported_Capability_Fails" computerName="DESKTOP-J6M8022" duration="00:00:00.1662534" startTime="2025-08-22T01:20:08.3099538+08:00" endTime="2025-08-22T01:20:08.3099540+08:00" testType="13cdc9d9-ddb5-4fa4-a97d-d965ccfc6d4b" outcome="Passed" testListId="8c84fa94-04c1-424b-9868-57a2d4851a1d" relativeResultsDirectory="ceded3ff-5b00-4c79-9609-ad9ad471ce7f" />
    <UnitTestResult executionId="5532e994-8bc0-48a9-8c77-70d75b33501f" testId="d17c6ea2-3ca4-386f-c6e7-4b216cf89dd5" testName="SystemMonitor.Tests.ContractTests.UpdateApply_Request_Serializes_To_SnakeCase" computerName="DESKTOP-J6M8022" duration="00:00:00.0010000" startTime="2025-08-22T01:20:19.8726806+08:00" endTime="2025-08-22T01:20:19.8726807+08:00" testType="13cdc9d9-ddb5-4fa4-a97d-d965ccfc6d4b" outcome="NotExecuted" testListId="8c84fa94-04c1-424b-9868-57a2d4851a1d" relativeResultsDirectory="5532e994-8bc0-48a9-8c77-70d75b33501f">
      <Output>
        <ErrorInfo>
          <Message>非 M1：后续里程碑接口</Message>
        </ErrorInfo>
      </Output>
    </UnitTestResult>
    <UnitTestResult executionId="1cea339a-32f0-433c-8e42-8af953cff6d9" testId="648e89fa-b178-023e-6b9f-b12e893716da" testName="SystemMonitor.Tests.EndToEndTests.Hello_Then_Snapshot_Works" computerName="DESKTOP-J6M8022" duration="00:00:05.2091087" startTime="2025-08-22T01:20:15.4751081+08:00" endTime="2025-08-22T01:20:15.4751083+08:00" testType="13cdc9d9-ddb5-4fa4-a97d-d965ccfc6d4b" outcome="Passed" testListId="8c84fa94-04c1-424b-9868-57a2d4851a1d" relativeResultsDirectory="1cea339a-32f0-433c-8e42-8af953cff6d9" />
    <UnitTestResult executionId="6caef3f6-d4a1-48ec-8775-56578dad7709" testId="8efef518-8988-e3e1-bb3e-361f08b825e5" testName="SystemMonitor.Tests.SchemaTests.Snapshot_Schema_Valid_WithModules" computerName="DESKTOP-J6M8022" duration="00:00:00.0031932" startTime="2025-08-22T01:20:19.9522764+08:00" endTime="2025-08-22T01:20:19.9522765+08:00" testType="13cdc9d9-ddb5-4fa4-a97d-d965ccfc6d4b" outcome="Passed" testListId="8c84fa94-04c1-424b-9868-57a2d4851a1d" relativeResultsDirectory="6caef3f6-d4a1-48ec-8775-56578dad7709" />
    <UnitTestResult executionId="774af605-7e82-4aa3-bad6-1515dbd9f877" testId="deff2b50-b04e-659a-fcb1-aacff92daa42" testName="SystemMonitor.Tests.ContractTests.Hello_Request_Should_Not_Contain_PascalCase_Keys" computerName="DESKTOP-J6M8022" duration="00:00:00.0006265" startTime="2025-08-22T01:20:19.8675643+08:00" endTime="2025-08-22T01:20:19.8675644+08:00" testType="13cdc9d9-ddb5-4fa4-a97d-d965ccfc6d4b" outcome="Passed" testListId="8c84fa94-04c1-424b-9868-57a2d4851a1d" relativeResultsDirectory="774af605-7e82-4aa3-bad6-1515dbd9f877" />
    <UnitTestResult executionId="fba27e81-f5fd-4a80-9a72-17a5e14c44b6" testId="69d6d1aa-b426-63fd-4c85-4eac53250980" testName="SystemMonitor.Tests.SchemaTests.QueryHistory_Schema_Valid" computerName="DESKTOP-J6M8022" duration="00:00:00.0028514" startTime="2025-08-22T01:20:19.9633519+08:00" endTime="2025-08-22T01:20:19.9633521+08:00" testType="13cdc9d9-ddb5-4fa4-a97d-d965ccfc6d4b" outcome="Passed" testListId="8c84fa94-04c1-424b-9868-57a2d4851a1d" relativeResultsDirectory="fba27e81-f5fd-4a80-9a72-17a5e14c44b6" />
    <UnitTestResult executionId="4992d69b-93ef-4a0c-ad63-9eabb56b6040" testId="d13cbe31-bcad-db2e-a448-21033afe455a" testName="SystemMonitor.Tests.SchemaTests.Hello_Schema_Invalid_NoToken" computerName="DESKTOP-J6M8022" duration="00:00:00.0034880" startTime="2025-08-22T01:20:19.9603918+08:00" endTime="2025-08-22T01:20:19.9603919+08:00" testType="13cdc9d9-ddb5-4fa4-a97d-d965ccfc6d4b" outcome="Passed" testListId="8c84fa94-04c1-424b-9868-57a2d4851a1d" relativeResultsDirectory="4992d69b-93ef-4a0c-ad63-9eabb56b6040" />
    <UnitTestResult executionId="322cc466-de17-4703-af13-6615c74850ef" testId="575383ac-a422-d1e5-3903-2da7ffd1b577" testName="SystemMonitor.Tests.EndToEndTests.Metrics_Throttle_Burst_Recovery_Works" computerName="DESKTOP-J6M8022" duration="00:00:03.6330283" startTime="2025-08-22T01:19:57.3137081+08:00" endTime="2025-08-22T01:19:57.3137084+08:00" testType="13cdc9d9-ddb5-4fa4-a97d-d965ccfc6d4b" outcome="Passed" testListId="8c84fa94-04c1-424b-9868-57a2d4851a1d" relativeResultsDirectory="322cc466-de17-4703-af13-6615c74850ef" />
    <UnitTestResult executionId="3225d5f8-cc34-450e-b89c-644e072508ad" testId="316b5766-01a4-b945-df1a-1d07ac1dfded" testName="SystemMonitor.Tests.SchemaTests.BurstSubscribe_Schema_Valid" computerName="DESKTOP-J6M8022" duration="00:00:00.0004894" startTime="2025-08-22T01:20:19.9663893+08:00" endTime="2025-08-22T01:20:19.9663894+08:00" testType="13cdc9d9-ddb5-4fa4-a97d-d965ccfc6d4b" outcome="Passed" testListId="8c84fa94-04c1-424b-9868-57a2d4851a1d" relativeResultsDirectory="3225d5f8-cc34-450e-b89c-644e072508ad" />
    <UnitTestResult executionId="0d80683e-3c50-483b-beb7-f2fcae0c1e2b" testId="1bc68377-98f3-3224-550a-3a1f98831502" testName="SystemMonitor.Tests.EndToEndTests.Hello_WithoutToken_Fails" computerName="DESKTOP-J6M8022" duration="00:00:00.1992912" startTime="2025-08-22T01:19:39.4467933+08:00" endTime="2025-08-22T01:19:39.4467935+08:00" testType="13cdc9d9-ddb5-4fa4-a97d-d965ccfc6d4b" outcome="Passed" testListId="8c84fa94-04c1-424b-9868-57a2d4851a1d" relativeResultsDirectory="0d80683e-3c50-483b-beb7-f2fcae0c1e2b" />
    <UnitTestResult executionId="1b8218ed-f424-43b6-837c-ff0edb569296" testId="63eafbb5-a30b-37a9-e05f-fe5729a00075" testName="SystemMonitor.Tests.ContractTests.UpdateCheck_Request_Serializes_To_SnakeCase" computerName="DESKTOP-J6M8022" duration="00:00:00.0010000" startTime="2025-08-22T01:20:19.8729831+08:00" endTime="2025-08-22T01:20:19.8729832+08:00" testType="13cdc9d9-ddb5-4fa4-a97d-d965ccfc6d4b" outcome="NotExecuted" testListId="8c84fa94-04c1-424b-9868-57a2d4851a1d" relativeResultsDirectory="1b8218ed-f424-43b6-837c-ff0edb569296">
      <Output>
        <ErrorInfo>
          <Message>非 M1：后续里程碑接口</Message>
        </ErrorInfo>
      </Output>
    </UnitTestResult>
    <UnitTestResult executionId="3ce46263-130d-427d-a756-e6a6552ed44d" testId="af91bfef-d9e3-90f4-bf1f-8322352913ff" testName="SystemMonitor.Tests.SchemaTests.QueryHistory_Schema_Invalid_Granularity" computerName="DESKTOP-J6M8022" duration="00:00:00.0017071" startTime="2025-08-22T01:20:19.9654523+08:00" endTime="2025-08-22T01:20:19.9654528+08:00" testType="13cdc9d9-ddb5-4fa4-a97d-d965ccfc6d4b" outcome="Passed" testListId="8c84fa94-04c1-424b-9868-57a2d4851a1d" relativeResultsDirectory="3ce46263-130d-427d-a756-e6a6552ed44d" />
    <UnitTestResult executionId="99539558-58ff-4a2d-8c5e-bfce02a2e41e" testId="897198c2-e013-2fdc-4de0-ccbd44dab1f1" testName="SystemMonitor.Tests.UnitTest1.Test1" computerName="DESKTOP-J6M8022" duration="00:00:00.0000326" startTime="2025-08-22T01:19:35.6281190+08:00" endTime="2025-08-22T01:19:35.6281191+08:00" testType="13cdc9d9-ddb5-4fa4-a97d-d965ccfc6d4b" outcome="Passed" testListId="8c84fa94-04c1-424b-9868-57a2d4851a1d" relativeResultsDirectory="99539558-58ff-4a2d-8c5e-bfce02a2e41e" />
    <UnitTestResult executionId="ea4943c1-5569-4977-a16a-6350514633cb" testId="825a0899-f60c-7747-10dc-edf9d745369b" testName="SystemMonitor.Tests.ContractTests.Start_Request_Serializes_To_SnakeCase" computerName="DESKTOP-J6M8022" duration="00:00:00.0001139" startTime="2025-08-22T01:20:19.8728659+08:00" endTime="2025-08-22T01:20:19.8728660+08:00" testType="13cdc9d9-ddb5-4fa4-a97d-d965ccfc6d4b" outcome="Passed" testListId="8c84fa94-04c1-424b-9868-57a2d4851a1d" relativeResultsDirectory="ea4943c1-5569-4977-a16a-6350514633cb" />
    <UnitTestResult executionId="db64c7b0-bc8f-4492-a7ee-bae127c6d996" testId="0f77d0ed-59fb-971b-4d70-0677c148fa79" testName="SystemMonitor.Tests.EndToEndTests.QueryHistory_Edges_And_Bucketing" computerName="DESKTOP-J6M8022" duration="00:00:00.1494821" startTime="2025-08-22T01:19:41.9627197+08:00" endTime="2025-08-22T01:19:41.9627200+08:00" testType="13cdc9d9-ddb5-4fa4-a97d-d965ccfc6d4b" outcome="Passed" testListId="8c84fa94-04c1-424b-9868-57a2d4851a1d" relativeResultsDirectory="db64c7b0-bc8f-4492-a7ee-bae127c6d996" />
  </Results>
  <TestDefinitions>
    <UnitTest name="SystemMonitor.Tests.EndToEndTests.SetConfig_Invalid_BaseInterval_Fails" storage="c:\code\sys-sensor-v3\src\systemmonitor.tests\bin\release\net8.0\systemmonitor.tests.dll" id="dacf0d9f-52f8-cc00-236f-2f32d31c4af3">
      <Execution id="946044be-d084-4fe2-bff7-7874dcd46423" />
      <TestMethod codeBase="C:\code\sys-sensor-v3\src\SystemMonitor.Tests\bin\Release\net8.0\SystemMonitor.Tests.dll" adapterTypeName="executor://xunit/VsTestRunner2/netcoreapp" className="SystemMonitor.Tests.EndToEndTests" name="SetConfig_Invalid_BaseInterval_Fails" />
    </UnitTest>
    <UnitTest name="SystemMonitor.Tests.EndToEndTests.Metrics_CpuMem_Ranges" storage="c:\code\sys-sensor-v3\src\systemmonitor.tests\bin\release\net8.0\systemmonitor.tests.dll" id="ef813fb4-1132-cb92-7e68-0c9ef045b6b7">
      <Execution id="f5d5f422-541c-4067-85dc-71ebcbe57ab6" />
      <TestMethod codeBase="C:\code\sys-sensor-v3\src\SystemMonitor.Tests\bin\Release\net8.0\SystemMonitor.Tests.dll" adapterTypeName="executor://xunit/VsTestRunner2/netcoreapp" className="SystemMonitor.Tests.EndToEndTests" name="Metrics_CpuMem_Ranges" />
    </UnitTest>
    <UnitTest name="SystemMonitor.Tests.SchemaTests.SetConfig_Schema_Valid_WithIntervals" storage="c:\code\sys-sensor-v3\src\systemmonitor.tests\bin\release\net8.0\systemmonitor.tests.dll" id="e7afe76e-2983-511f-53e6-ec72c360fd06">
      <Execution id="d75258c8-f9b6-419d-bac9-36d17637858a" />
      <TestMethod codeBase="C:\code\sys-sensor-v3\src\SystemMonitor.Tests\bin\Release\net8.0\SystemMonitor.Tests.dll" adapterTypeName="executor://xunit/VsTestRunner2/netcoreapp" className="SystemMonitor.Tests.SchemaTests" name="SetConfig_Schema_Valid_WithIntervals" />
    </UnitTest>
    <UnitTest name="SystemMonitor.Tests.EndToEndTests.Hello_Then_Snapshot_Works" storage="c:\code\sys-sensor-v3\src\systemmonitor.tests\bin\release\net8.0\systemmonitor.tests.dll" id="648e89fa-b178-023e-6b9f-b12e893716da">
      <Execution id="1cea339a-32f0-433c-8e42-8af953cff6d9" />
      <TestMethod codeBase="C:\code\sys-sensor-v3\src\SystemMonitor.Tests\bin\Release\net8.0\SystemMonitor.Tests.dll" adapterTypeName="executor://xunit/VsTestRunner2/netcoreapp" className="SystemMonitor.Tests.EndToEndTests" name="Hello_Then_Snapshot_Works" />
    </UnitTest>
    <UnitTest name="SystemMonitor.Tests.UnitTest1.SnakeCase_Serialization_ShouldUseSnakeCaseNames" storage="c:\code\sys-sensor-v3\src\systemmonitor.tests\bin\release\net8.0\systemmonitor.tests.dll" id="d1ecf483-dfd0-e8fd-412c-75343e5fd3e3">
      <Execution id="572fcbad-40dc-4658-bc77-1bd4429d5cbf" />
      <TestMethod codeBase="C:\code\sys-sensor-v3\src\SystemMonitor.Tests\bin\Release\net8.0\SystemMonitor.Tests.dll" adapterTypeName="executor://xunit/VsTestRunner2/netcoreapp" className="SystemMonitor.Tests.UnitTest1" name="SnakeCase_Serialization_ShouldUseSnakeCaseNames" />
    </UnitTest>
    <UnitTest name="SystemMonitor.Tests.EndToEndTests.Snapshot_CpuMem_Ranges" storage="c:\code\sys-sensor-v3\src\systemmonitor.tests\bin\release\net8.0\systemmonitor.tests.dll" id="1625b824-bf75-ff81-2ccc-b11736dbaaf3">
      <Execution id="124d7897-4250-4a1f-83e2-ad2195e3ec75" />
      <TestMethod codeBase="C:\code\sys-sensor-v3\src\SystemMonitor.Tests\bin\Release\net8.0\SystemMonitor.Tests.dll" adapterTypeName="executor://xunit/VsTestRunner2/netcoreapp" className="SystemMonitor.Tests.EndToEndTests" name="Snapshot_CpuMem_Ranges" />
    </UnitTest>
    <UnitTest name="SystemMonitor.Tests.ContractTests.Start_Request_Serializes_To_SnakeCase" storage="c:\code\sys-sensor-v3\src\systemmonitor.tests\bin\release\net8.0\systemmonitor.tests.dll" id="825a0899-f60c-7747-10dc-edf9d745369b">
      <Execution id="ea4943c1-5569-4977-a16a-6350514633cb" />
      <TestMethod codeBase="C:\code\sys-sensor-v3\src\SystemMonitor.Tests\bin\Release\net8.0\SystemMonitor.Tests.dll" adapterTypeName="executor://xunit/VsTestRunner2/netcoreapp" className="SystemMonitor.Tests.ContractTests" name="Start_Request_Serializes_To_SnakeCase" />
    </UnitTest>
    <UnitTest name="SystemMonitor.Tests.ContractTests.Hello_Request_Should_Not_Contain_PascalCase_Keys" storage="c:\code\sys-sensor-v3\src\systemmonitor.tests\bin\release\net8.0\systemmonitor.tests.dll" id="deff2b50-b04e-659a-fcb1-aacff92daa42">
      <Execution id="774af605-7e82-4aa3-bad6-1515dbd9f877" />
      <TestMethod codeBase="C:\code\sys-sensor-v3\src\SystemMonitor.Tests\bin\Release\net8.0\SystemMonitor.Tests.dll" adapterTypeName="executor://xunit/VsTestRunner2/netcoreapp" className="SystemMonitor.Tests.ContractTests" name="Hello_Request_Should_Not_Contain_PascalCase_Keys" />
    </UnitTest>
    <UnitTest name="SystemMonitor.Tests.ContractTests.QueryHistory_Request_Serializes_To_SnakeCase" storage="c:\code\sys-sensor-v3\src\systemmonitor.tests\bin\release\net8.0\systemmonitor.tests.dll" id="f6814e48-0b49-81a9-5412-aa1c3ac48e00">
      <Execution id="d47b4211-ec64-4450-a4d6-3952d9682ae8" />
      <TestMethod codeBase="C:\code\sys-sensor-v3\src\SystemMonitor.Tests\bin\Release\net8.0\SystemMonitor.Tests.dll" adapterTypeName="executor://xunit/VsTestRunner2/netcoreapp" className="SystemMonitor.Tests.ContractTests" name="QueryHistory_Request_Serializes_To_SnakeCase" />
    </UnitTest>
    <UnitTest name="SystemMonitor.Tests.EndToEndTests.SetConfig_And_BurstSubscribe_Works" storage="c:\code\sys-sensor-v3\src\systemmonitor.tests\bin\release\net8.0\systemmonitor.tests.dll" id="d46fc4ee-0150-cded-8fbb-ceb1d2e0e4ba">
      <Execution id="4cbd20e2-0aed-4f4a-942c-58785824601c" />
      <TestMethod codeBase="C:\code\sys-sensor-v3\src\SystemMonitor.Tests\bin\Release\net8.0\SystemMonitor.Tests.dll" adapterTypeName="executor://xunit/VsTestRunner2/netcoreapp" className="SystemMonitor.Tests.EndToEndTests" name="SetConfig_And_BurstSubscribe_Works" />
    </UnitTest>
    <UnitTest name="SystemMonitor.Tests.EndToEndTests.QueryHistory_Works" storage="c:\code\sys-sensor-v3\src\systemmonitor.tests\bin\release\net8.0\systemmonitor.tests.dll" id="5359d170-82fa-d8d2-2f92-97bc053dca0c">
      <Execution id="36406aa5-36e4-4fde-9731-fa9f040e75a4" />
      <TestMethod codeBase="C:\code\sys-sensor-v3\src\SystemMonitor.Tests\bin\Release\net8.0\SystemMonitor.Tests.dll" adapterTypeName="executor://xunit/VsTestRunner2/netcoreapp" className="SystemMonitor.Tests.EndToEndTests" name="QueryHistory_Works" />
    </UnitTest>
    <UnitTest name="SystemMonitor.Tests.ContractTests.SetLogLevel_Request_Serializes_To_SnakeCase" storage="c:\code\sys-sensor-v3\src\systemmonitor.tests\bin\release\net8.0\systemmonitor.tests.dll" id="6bc5c69f-1e35-1dda-027a-3965f2238887">
      <Execution id="cfa8aad9-c79b-41b9-9743-2e39dd0bae60" />
      <TestMethod codeBase="C:\code\sys-sensor-v3\src\SystemMonitor.Tests\bin\Release\net8.0\SystemMonitor.Tests.dll" adapterTypeName="executor://xunit/VsTestRunner2/netcoreapp" className="SystemMonitor.Tests.ContractTests" name="SetLogLevel_Request_Serializes_To_SnakeCase" />
    </UnitTest>
    <UnitTest name="SystemMonitor.Tests.SchemaTests.SetConfig_Schema_Invalid_TooSmallInterval" storage="c:\code\sys-sensor-v3\src\systemmonitor.tests\bin\release\net8.0\systemmonitor.tests.dll" id="7fcfcc39-66f5-e59a-53bb-ab760b3d7c57">
      <Execution id="84debcb5-6553-4f5e-8733-e15eb3a16bf9" />
      <TestMethod codeBase="C:\code\sys-sensor-v3\src\SystemMonitor.Tests\bin\Release\net8.0\SystemMonitor.Tests.dll" adapterTypeName="executor://xunit/VsTestRunner2/netcoreapp" className="SystemMonitor.Tests.SchemaTests" name="SetConfig_Schema_Invalid_TooSmallInterval" />
    </UnitTest>
    <UnitTest name="SystemMonitor.Tests.EndToEndTests.QueryHistory_Edges_And_Bucketing" storage="c:\code\sys-sensor-v3\src\systemmonitor.tests\bin\release\net8.0\systemmonitor.tests.dll" id="0f77d0ed-59fb-971b-4d70-0677c148fa79">
      <Execution id="db64c7b0-bc8f-4492-a7ee-bae127c6d996" />
      <TestMethod codeBase="C:\code\sys-sensor-v3\src\SystemMonitor.Tests\bin\Release\net8.0\SystemMonitor.Tests.dll" adapterTypeName="executor://xunit/VsTestRunner2/netcoreapp" className="SystemMonitor.Tests.EndToEndTests" name="QueryHistory_Edges_And_Bucketing" />
    </UnitTest>
    <UnitTest name="SystemMonitor.Tests.SchemaTests.BurstSubscribe_Schema_Valid" storage="c:\code\sys-sensor-v3\src\systemmonitor.tests\bin\release\net8.0\systemmonitor.tests.dll" id="316b5766-01a4-b945-df1a-1d07ac1dfded">
      <Execution id="3225d5f8-cc34-450e-b89c-644e072508ad" />
      <TestMethod codeBase="C:\code\sys-sensor-v3\src\SystemMonitor.Tests\bin\Release\net8.0\SystemMonitor.Tests.dll" adapterTypeName="executor://xunit/VsTestRunner2/netcoreapp" className="SystemMonitor.Tests.SchemaTests" name="BurstSubscribe_Schema_Valid" />
    </UnitTest>
    <UnitTest name="SystemMonitor.Tests.EndToEndTests.Hello_Unsupported_Capability_Fails" storage="c:\code\sys-sensor-v3\src\systemmonitor.tests\bin\release\net8.0\systemmonitor.tests.dll" id="18b35648-a566-3499-95ec-e14d308dcba6">
      <Execution id="ceded3ff-5b00-4c79-9609-ad9ad471ce7f" />
      <TestMethod codeBase="C:\code\sys-sensor-v3\src\SystemMonitor.Tests\bin\Release\net8.0\SystemMonitor.Tests.dll" adapterTypeName="executor://xunit/VsTestRunner2/netcoreapp" className="SystemMonitor.Tests.EndToEndTests" name="Hello_Unsupported_Capability_Fails" />
    </UnitTest>
    <UnitTest name="SystemMonitor.Tests.EndToEndTests.Hello_Protocol_NotSupported_Fails" storage="c:\code\sys-sensor-v3\src\systemmonitor.tests\bin\release\net8.0\systemmonitor.tests.dll" id="a5cee8d5-e1e7-16a2-597a-8c6cbc2b8be8">
      <Execution id="1f1021d2-a27d-4976-a174-a23c6cdc6e63" />
      <TestMethod codeBase="C:\code\sys-sensor-v3\src\SystemMonitor.Tests\bin\Release\net8.0\SystemMonitor.Tests.dll" adapterTypeName="executor://xunit/VsTestRunner2/netcoreapp" className="SystemMonitor.Tests.EndToEndTests" name="Hello_Protocol_NotSupported_Fails" />
    </UnitTest>
    <UnitTest name="SystemMonitor.Tests.ContractTests.BurstSubscribe_Request_Serializes_To_SnakeCase" storage="c:\code\sys-sensor-v3\src\systemmonitor.tests\bin\release\net8.0\systemmonitor.tests.dll" id="84bddd7b-5fca-ad7f-6631-caa1dc730eca">
      <Execution id="6acbc903-e8bd-4262-ace8-6cfafdca8aee" />
      <TestMethod codeBase="C:\code\sys-sensor-v3\src\SystemMonitor.Tests\bin\Release\net8.0\SystemMonitor.Tests.dll" adapterTypeName="executor://xunit/VsTestRunner2/netcoreapp" className="SystemMonitor.Tests.ContractTests" name="BurstSubscribe_Request_Serializes_To_SnakeCase" />
    </UnitTest>
    <UnitTest name="SystemMonitor.Tests.ContractTests.UpdateApply_Request_Serializes_To_SnakeCase" storage="c:\code\sys-sensor-v3\src\systemmonitor.tests\bin\release\net8.0\systemmonitor.tests.dll" id="d17c6ea2-3ca4-386f-c6e7-4b216cf89dd5">
      <Execution id="5532e994-8bc0-48a9-8c77-70d75b33501f" />
      <TestMethod codeBase="C:\code\sys-sensor-v3\src\SystemMonitor.Tests\bin\Release\net8.0\SystemMonitor.Tests.dll" adapterTypeName="executor://xunit/VsTestRunner2/netcoreapp" className="SystemMonitor.Tests.ContractTests" name="UpdateApply_Request_Serializes_To_SnakeCase" />
    </UnitTest>
    <UnitTest name="SystemMonitor.Tests.EndToEndTests.State_Emitted_On_Start_Burst_Stop" storage="c:\code\sys-sensor-v3\src\systemmonitor.tests\bin\release\net8.0\systemmonitor.tests.dll" id="b63f371d-2541-ba09-aa15-8afdc6da8ab0">
      <Execution id="e7d16fc4-c70f-4f86-82a9-06e5b33fb196" />
      <TestMethod codeBase="C:\code\sys-sensor-v3\src\SystemMonitor.Tests\bin\Release\net8.0\SystemMonitor.Tests.dll" adapterTypeName="executor://xunit/VsTestRunner2/netcoreapp" className="SystemMonitor.Tests.EndToEndTests" name="State_Emitted_On_Start_Burst_Stop" />
    </UnitTest>
    <UnitTest name="SystemMonitor.Tests.UnitTest1.Test1" storage="c:\code\sys-sensor-v3\src\systemmonitor.tests\bin\release\net8.0\systemmonitor.tests.dll" id="897198c2-e013-2fdc-4de0-ccbd44dab1f1">
      <Execution id="99539558-58ff-4a2d-8c5e-bfce02a2e41e" />
      <TestMethod codeBase="C:\code\sys-sensor-v3\src\SystemMonitor.Tests\bin\Release\net8.0\SystemMonitor.Tests.dll" adapterTypeName="executor://xunit/VsTestRunner2/netcoreapp" className="SystemMonitor.Tests.UnitTest1" name="Test1" />
    </UnitTest>
    <UnitTest name="SystemMonitor.Tests.SchemaTests.Snapshot_Schema_Valid_WithModules" storage="c:\code\sys-sensor-v3\src\systemmonitor.tests\bin\release\net8.0\systemmonitor.tests.dll" id="8efef518-8988-e3e1-bb3e-361f08b825e5">
      <Execution id="6caef3f6-d4a1-48ec-8775-56578dad7709" />
      <TestMethod codeBase="C:\code\sys-sensor-v3\src\SystemMonitor.Tests\bin\Release\net8.0\SystemMonitor.Tests.dll" adapterTypeName="executor://xunit/VsTestRunner2/netcoreapp" className="SystemMonitor.Tests.SchemaTests" name="Snapshot_Schema_Valid_WithModules" />
    </UnitTest>
    <UnitTest name="SystemMonitor.Tests.SchemaTests.BurstSubscribe_Schema_Invalid_EmptyModules" storage="c:\code\sys-sensor-v3\src\systemmonitor.tests\bin\release\net8.0\systemmonitor.tests.dll" id="c7e17ebe-07f3-5913-71e6-f1c4a943136f">
      <Execution id="7740a21b-e6e8-464f-b090-3671e5b80426" />
      <TestMethod codeBase="C:\code\sys-sensor-v3\src\SystemMonitor.Tests\bin\Release\net8.0\SystemMonitor.Tests.dll" adapterTypeName="executor://xunit/VsTestRunner2/netcoreapp" className="SystemMonitor.Tests.SchemaTests" name="BurstSubscribe_Schema_Invalid_EmptyModules" />
    </UnitTest>
    <UnitTest name="SystemMonitor.Tests.ContractTests.SetConfig_Request_Serializes_To_SnakeCase" storage="c:\code\sys-sensor-v3\src\systemmonitor.tests\bin\release\net8.0\systemmonitor.tests.dll" id="116d7234-8081-621c-9c63-75bb4125b1af">
      <Execution id="24f6cdca-cc99-47ee-bc41-8df50b9ec77b" />
      <TestMethod codeBase="C:\code\sys-sensor-v3\src\SystemMonitor.Tests\bin\Release\net8.0\SystemMonitor.Tests.dll" adapterTypeName="executor://xunit/VsTestRunner2/netcoreapp" className="SystemMonitor.Tests.ContractTests" name="SetConfig_Request_Serializes_To_SnakeCase" />
    </UnitTest>
    <UnitTest name="SystemMonitor.Tests.ContractTests.Stop_Request_Serializes_To_SnakeCase" storage="c:\code\sys-sensor-v3\src\systemmonitor.tests\bin\release\net8.0\systemmonitor.tests.dll" id="2fee1618-453a-fb22-e956-2fd9d457aed7">
      <Execution id="173e07bb-1409-4ff4-af88-e26980c0865f" />
      <TestMethod codeBase="C:\code\sys-sensor-v3\src\SystemMonitor.Tests\bin\Release\net8.0\SystemMonitor.Tests.dll" adapterTypeName="executor://xunit/VsTestRunner2/netcoreapp" className="SystemMonitor.Tests.ContractTests" name="Stop_Request_Serializes_To_SnakeCase" />
    </UnitTest>
    <UnitTest name="SystemMonitor.Tests.ContractTests.SubscribeMetrics_Request_Serializes_To_SnakeCase" storage="c:\code\sys-sensor-v3\src\systemmonitor.tests\bin\release\net8.0\systemmonitor.tests.dll" id="fc84e8aa-81c3-13b2-161d-42cbb3024667">
      <Execution id="c64c2623-1ea3-455c-9f51-23f6f32ff2a3" />
      <TestMethod codeBase="C:\code\sys-sensor-v3\src\SystemMonitor.Tests\bin\Release\net8.0\SystemMonitor.Tests.dll" adapterTypeName="executor://xunit/VsTestRunner2/netcoreapp" className="SystemMonitor.Tests.ContractTests" name="SubscribeMetrics_Request_Serializes_To_SnakeCase" />
    </UnitTest>
    <UnitTest name="SystemMonitor.Tests.SchemaTests.Hello_Schema_Valid_Minimal" storage="c:\code\sys-sensor-v3\src\systemmonitor.tests\bin\release\net8.0\systemmonitor.tests.dll" id="e1fbd4f1-6ade-f24b-317f-6dbbbf27c5fc">
      <Execution id="defaa509-cd09-4b4f-ac55-22e0ed8025ea" />
      <TestMethod codeBase="C:\code\sys-sensor-v3\src\SystemMonitor.Tests\bin\Release\net8.0\SystemMonitor.Tests.dll" adapterTypeName="executor://xunit/VsTestRunner2/netcoreapp" className="SystemMonitor.Tests.SchemaTests" name="Hello_Schema_Valid_Minimal" />
    </UnitTest>
    <UnitTest name="SystemMonitor.Tests.ContractTests.Hello_Request_Serializes_To_SnakeCase" storage="c:\code\sys-sensor-v3\src\systemmonitor.tests\bin\release\net8.0\systemmonitor.tests.dll" id="7aba6d95-cdac-4d3b-fc1e-d345b65a933b">
      <Execution id="d543e972-f48d-4edd-8bfd-c8ad0499cea8" />
      <TestMethod codeBase="C:\code\sys-sensor-v3\src\SystemMonitor.Tests\bin\Release\net8.0\SystemMonitor.Tests.dll" adapterTypeName="executor://xunit/VsTestRunner2/netcoreapp" className="SystemMonitor.Tests.ContractTests" name="Hello_Request_Serializes_To_SnakeCase" />
    </UnitTest>
    <UnitTest name="SystemMonitor.Tests.ContractTests.SetConfig_Request_Should_Not_Contain_PascalCase_Keys" storage="c:\code\sys-sensor-v3\src\systemmonitor.tests\bin\release\net8.0\systemmonitor.tests.dll" id="dc6251cd-01f9-1cce-a502-df54ce71eba2">
      <Execution id="529decf0-376b-45a4-827c-fae8d86eaf31" />
      <TestMethod codeBase="C:\code\sys-sensor-v3\src\SystemMonitor.Tests\bin\Release\net8.0\SystemMonitor.Tests.dll" adapterTypeName="executor://xunit/VsTestRunner2/netcoreapp" className="SystemMonitor.Tests.ContractTests" name="SetConfig_Request_Should_Not_Contain_PascalCase_Keys" />
    </UnitTest>
    <UnitTest name="SystemMonitor.Tests.EndToEndTests.Hello_WithoutToken_Fails" storage="c:\code\sys-sensor-v3\src\systemmonitor.tests\bin\release\net8.0\systemmonitor.tests.dll" id="1bc68377-98f3-3224-550a-3a1f98831502">
      <Execution id="0d80683e-3c50-483b-beb7-f2fcae0c1e2b" />
      <TestMethod codeBase="C:\code\sys-sensor-v3\src\SystemMonitor.Tests\bin\Release\net8.0\SystemMonitor.Tests.dll" adapterTypeName="executor://xunit/VsTestRunner2/netcoreapp" className="SystemMonitor.Tests.EndToEndTests" name="Hello_WithoutToken_Fails" />
    </UnitTest>
    <UnitTest name="SystemMonitor.Tests.SchemaTests.QueryHistory_Schema_Valid" storage="c:\code\sys-sensor-v3\src\systemmonitor.tests\bin\release\net8.0\systemmonitor.tests.dll" id="69d6d1aa-b426-63fd-4c85-4eac53250980">
      <Execution id="fba27e81-f5fd-4a80-9a72-17a5e14c44b6" />
      <TestMethod codeBase="C:\code\sys-sensor-v3\src\SystemMonitor.Tests\bin\Release\net8.0\SystemMonitor.Tests.dll" adapterTypeName="executor://xunit/VsTestRunner2/netcoreapp" className="SystemMonitor.Tests.SchemaTests" name="QueryHistory_Schema_Valid" />
    </UnitTest>
    <UnitTest name="SystemMonitor.Tests.SchemaTests.QueryHistory_Schema_Invalid_Granularity" storage="c:\code\sys-sensor-v3\src\systemmonitor.tests\bin\release\net8.0\systemmonitor.tests.dll" id="af91bfef-d9e3-90f4-bf1f-8322352913ff">
      <Execution id="3ce46263-130d-427d-a756-e6a6552ed44d" />
      <TestMethod codeBase="C:\code\sys-sensor-v3\src\SystemMonitor.Tests\bin\Release\net8.0\SystemMonitor.Tests.dll" adapterTypeName="executor://xunit/VsTestRunner2/netcoreapp" className="SystemMonitor.Tests.SchemaTests" name="QueryHistory_Schema_Invalid_Granularity" />
    </UnitTest>
    <UnitTest name="SystemMonitor.Tests.ContractTests.Snapshot_Request_Serializes_To_SnakeCase" storage="c:\code\sys-sensor-v3\src\systemmonitor.tests\bin\release\net8.0\systemmonitor.tests.dll" id="f4df6398-0c14-b3dd-5ee6-c8f487d7504a">
      <Execution id="a2d9e66d-835d-4d77-a692-427d10cf9313" />
      <TestMethod codeBase="C:\code\sys-sensor-v3\src\SystemMonitor.Tests\bin\Release\net8.0\SystemMonitor.Tests.dll" adapterTypeName="executor://xunit/VsTestRunner2/netcoreapp" className="SystemMonitor.Tests.ContractTests" name="Snapshot_Request_Serializes_To_SnakeCase" />
    </UnitTest>
    <UnitTest name="SystemMonitor.Tests.SchemaTests.Hello_Schema_Invalid_NoToken" storage="c:\code\sys-sensor-v3\src\systemmonitor.tests\bin\release\net8.0\systemmonitor.tests.dll" id="d13cbe31-bcad-db2e-a448-21033afe455a">
      <Execution id="4992d69b-93ef-4a0c-ad63-9eabb56b6040" />
      <TestMethod codeBase="C:\code\sys-sensor-v3\src\SystemMonitor.Tests\bin\Release\net8.0\SystemMonitor.Tests.dll" adapterTypeName="executor://xunit/VsTestRunner2/netcoreapp" className="SystemMonitor.Tests.SchemaTests" name="Hello_Schema_Invalid_NoToken" />
    </UnitTest>
    <UnitTest name="SystemMonitor.Tests.EndToEndTests.Metrics_Throttle_Burst_Recovery_Works" storage="c:\code\sys-sensor-v3\src\systemmonitor.tests\bin\release\net8.0\systemmonitor.tests.dll" id="575383ac-a422-d1e5-3903-2da7ffd1b577">
      <Execution id="322cc466-de17-4703-af13-6615c74850ef" />
      <TestMethod codeBase="C:\code\sys-sensor-v3\src\SystemMonitor.Tests\bin\Release\net8.0\SystemMonitor.Tests.dll" adapterTypeName="executor://xunit/VsTestRunner2/netcoreapp" className="SystemMonitor.Tests.EndToEndTests" name="Metrics_Throttle_Burst_Recovery_Works" />
    </UnitTest>
    <UnitTest name="SystemMonitor.Tests.ContractTests.UpdateCheck_Request_Serializes_To_SnakeCase" storage="c:\code\sys-sensor-v3\src\systemmonitor.tests\bin\release\net8.0\systemmonitor.tests.dll" id="63eafbb5-a30b-37a9-e05f-fe5729a00075">
      <Execution id="1b8218ed-f424-43b6-837c-ff0edb569296" />
      <TestMethod codeBase="C:\code\sys-sensor-v3\src\SystemMonitor.Tests\bin\Release\net8.0\SystemMonitor.Tests.dll" adapterTypeName="executor://xunit/VsTestRunner2/netcoreapp" className="SystemMonitor.Tests.ContractTests" name="UpdateCheck_Request_Serializes_To_SnakeCase" />
    </UnitTest>
  </TestDefinitions>
  <TestEntries>
    <TestEntry testId="fc84e8aa-81c3-13b2-161d-42cbb3024667" executionId="c64c2623-1ea3-455c-9f51-23f6f32ff2a3" testListId="8c84fa94-04c1-424b-9868-57a2d4851a1d" />
    <TestEntry testId="2fee1618-453a-fb22-e956-2fd9d457aed7" executionId="173e07bb-1409-4ff4-af88-e26980c0865f" testListId="8c84fa94-04c1-424b-9868-57a2d4851a1d" />
    <TestEntry testId="c7e17ebe-07f3-5913-71e6-f1c4a943136f" executionId="7740a21b-e6e8-464f-b090-3671e5b80426" testListId="8c84fa94-04c1-424b-9868-57a2d4851a1d" />
    <TestEntry testId="f4df6398-0c14-b3dd-5ee6-c8f487d7504a" executionId="a2d9e66d-835d-4d77-a692-427d10cf9313" testListId="8c84fa94-04c1-424b-9868-57a2d4851a1d" />
    <TestEntry testId="d46fc4ee-0150-cded-8fbb-ceb1d2e0e4ba" executionId="4cbd20e2-0aed-4f4a-942c-58785824601c" testListId="8c84fa94-04c1-424b-9868-57a2d4851a1d" />
    <TestEntry testId="e7afe76e-2983-511f-53e6-ec72c360fd06" executionId="d75258c8-f9b6-419d-bac9-36d17637858a" testListId="8c84fa94-04c1-424b-9868-57a2d4851a1d" />
    <TestEntry testId="7aba6d95-cdac-4d3b-fc1e-d345b65a933b" executionId="d543e972-f48d-4edd-8bfd-c8ad0499cea8" testListId="8c84fa94-04c1-424b-9868-57a2d4851a1d" />
    <TestEntry testId="f6814e48-0b49-81a9-5412-aa1c3ac48e00" executionId="d47b4211-ec64-4450-a4d6-3952d9682ae8" testListId="8c84fa94-04c1-424b-9868-57a2d4851a1d" />
    <TestEntry testId="5359d170-82fa-d8d2-2f92-97bc053dca0c" executionId="36406aa5-36e4-4fde-9731-fa9f040e75a4" testListId="8c84fa94-04c1-424b-9868-57a2d4851a1d" />
    <TestEntry testId="116d7234-8081-621c-9c63-75bb4125b1af" executionId="24f6cdca-cc99-47ee-bc41-8df50b9ec77b" testListId="8c84fa94-04c1-424b-9868-57a2d4851a1d" />
    <TestEntry testId="ef813fb4-1132-cb92-7e68-0c9ef045b6b7" executionId="f5d5f422-541c-4067-85dc-71ebcbe57ab6" testListId="8c84fa94-04c1-424b-9868-57a2d4851a1d" />
    <TestEntry testId="a5cee8d5-e1e7-16a2-597a-8c6cbc2b8be8" executionId="1f1021d2-a27d-4976-a174-a23c6cdc6e63" testListId="8c84fa94-04c1-424b-9868-57a2d4851a1d" />
    <TestEntry testId="6bc5c69f-1e35-1dda-027a-3965f2238887" executionId="cfa8aad9-c79b-41b9-9743-2e39dd0bae60" testListId="8c84fa94-04c1-424b-9868-57a2d4851a1d" />
    <TestEntry testId="d1ecf483-dfd0-e8fd-412c-75343e5fd3e3" executionId="572fcbad-40dc-4658-bc77-1bd4429d5cbf" testListId="8c84fa94-04c1-424b-9868-57a2d4851a1d" />
    <TestEntry testId="dc6251cd-01f9-1cce-a502-df54ce71eba2" executionId="529decf0-376b-45a4-827c-fae8d86eaf31" testListId="8c84fa94-04c1-424b-9868-57a2d4851a1d" />
    <TestEntry testId="84bddd7b-5fca-ad7f-6631-caa1dc730eca" executionId="6acbc903-e8bd-4262-ace8-6cfafdca8aee" testListId="8c84fa94-04c1-424b-9868-57a2d4851a1d" />
    <TestEntry testId="1625b824-bf75-ff81-2ccc-b11736dbaaf3" executionId="124d7897-4250-4a1f-83e2-ad2195e3ec75" testListId="8c84fa94-04c1-424b-9868-57a2d4851a1d" />
    <TestEntry testId="dacf0d9f-52f8-cc00-236f-2f32d31c4af3" executionId="946044be-d084-4fe2-bff7-7874dcd46423" testListId="8c84fa94-04c1-424b-9868-57a2d4851a1d" />
    <TestEntry testId="e1fbd4f1-6ade-f24b-317f-6dbbbf27c5fc" executionId="defaa509-cd09-4b4f-ac55-22e0ed8025ea" testListId="8c84fa94-04c1-424b-9868-57a2d4851a1d" />
    <TestEntry testId="b63f371d-2541-ba09-aa15-8afdc6da8ab0" executionId="e7d16fc4-c70f-4f86-82a9-06e5b33fb196" testListId="8c84fa94-04c1-424b-9868-57a2d4851a1d" />
    <TestEntry testId="7fcfcc39-66f5-e59a-53bb-ab760b3d7c57" executionId="84debcb5-6553-4f5e-8733-e15eb3a16bf9" testListId="8c84fa94-04c1-424b-9868-57a2d4851a1d" />
    <TestEntry testId="18b35648-a566-3499-95ec-e14d308dcba6" executionId="ceded3ff-5b00-4c79-9609-ad9ad471ce7f" testListId="8c84fa94-04c1-424b-9868-57a2d4851a1d" />
    <TestEntry testId="d17c6ea2-3ca4-386f-c6e7-4b216cf89dd5" executionId="5532e994-8bc0-48a9-8c77-70d75b33501f" testListId="8c84fa94-04c1-424b-9868-57a2d4851a1d" />
    <TestEntry testId="648e89fa-b178-023e-6b9f-b12e893716da" executionId="1cea339a-32f0-433c-8e42-8af953cff6d9" testListId="8c84fa94-04c1-424b-9868-57a2d4851a1d" />
    <TestEntry testId="8efef518-8988-e3e1-bb3e-361f08b825e5" executionId="6caef3f6-d4a1-48ec-8775-56578dad7709" testListId="8c84fa94-04c1-424b-9868-57a2d4851a1d" />
    <TestEntry testId="deff2b50-b04e-659a-fcb1-aacff92daa42" executionId="774af605-7e82-4aa3-bad6-1515dbd9f877" testListId="8c84fa94-04c1-424b-9868-57a2d4851a1d" />
    <TestEntry testId="69d6d1aa-b426-63fd-4c85-4eac53250980" executionId="fba27e81-f5fd-4a80-9a72-17a5e14c44b6" testListId="8c84fa94-04c1-424b-9868-57a2d4851a1d" />
    <TestEntry testId="d13cbe31-bcad-db2e-a448-21033afe455a" executionId="4992d69b-93ef-4a0c-ad63-9eabb56b6040" testListId="8c84fa94-04c1-424b-9868-57a2d4851a1d" />
    <TestEntry testId="575383ac-a422-d1e5-3903-2da7ffd1b577" executionId="322cc466-de17-4703-af13-6615c74850ef" testListId="8c84fa94-04c1-424b-9868-57a2d4851a1d" />
    <TestEntry testId="316b5766-01a4-b945-df1a-1d07ac1dfded" executionId="3225d5f8-cc34-450e-b89c-644e072508ad" testListId="8c84fa94-04c1-424b-9868-57a2d4851a1d" />
    <TestEntry testId="1bc68377-98f3-3224-550a-3a1f98831502" executionId="0d80683e-3c50-483b-beb7-f2fcae0c1e2b" testListId="8c84fa94-04c1-424b-9868-57a2d4851a1d" />
    <TestEntry testId="63eafbb5-a30b-37a9-e05f-fe5729a00075" executionId="1b8218ed-f424-43b6-837c-ff0edb569296" testListId="8c84fa94-04c1-424b-9868-57a2d4851a1d" />
    <TestEntry testId="af91bfef-d9e3-90f4-bf1f-8322352913ff" executionId="3ce46263-130d-427d-a756-e6a6552ed44d" testListId="8c84fa94-04c1-424b-9868-57a2d4851a1d" />
    <TestEntry testId="897198c2-e013-2fdc-4de0-ccbd44dab1f1" executionId="99539558-58ff-4a2d-8c5e-bfce02a2e41e" testListId="8c84fa94-04c1-424b-9868-57a2d4851a1d" />
    <TestEntry testId="825a0899-f60c-7747-10dc-edf9d745369b" executionId="ea4943c1-5569-4977-a16a-6350514633cb" testListId="8c84fa94-04c1-424b-9868-57a2d4851a1d" />
    <TestEntry testId="0f77d0ed-59fb-971b-4d70-0677c148fa79" executionId="db64c7b0-bc8f-4492-a7ee-bae127c6d996" testListId="8c84fa94-04c1-424b-9868-57a2d4851a1d" />
  </TestEntries>
  <TestLists>
    <TestList name="列表中未列出的结果" id="8c84fa94-04c1-424b-9868-57a2d4851a1d" />
    <TestList name="所有已加载的结果" id="19431567-8539-422a-85d7-44ee4e166bda" />
  </TestLists>
  <ResultSummary outcome="Completed">
    <Counters total="36" executed="33" passed="33" failed="0" error="0" timeout="0" aborted="0" inconclusive="0" passedButRunAborted="0" notRunnable="0" notExecuted="0" disconnected="0" warning="0" completed="0" inProgress="0" pending="0" />
    <Output>
      <StdOut>[xUnit.net 00:00:00.00] xUnit.net VSTest Adapter v2.5.3.1+6b60a9e56a (64-bit .NET 8.0.19)&#xD;
[xUnit.net 00:00:00.11]   Discovering: SystemMonitor.Tests&#xD;
[xUnit.net 00:00:00.15]   Discovered:  SystemMonitor.Tests&#xD;
[xUnit.net 00:00:00.16]   Starting:    SystemMonitor.Tests&#xD;
[svc][out] 正在生成...&#xD;
[test][pipe-wait] last-win32=2 elapsed=0.0s&#xD;
[test][pipe-wait] last-win32=2 elapsed=0.2s&#xD;
[test][pipe-wait] last-win32=2 elapsed=0.4s&#xD;
[test][pipe-wait] last-win32=2 elapsed=0.6s&#xD;
[test][pipe-wait] last-win32=2 elapsed=0.8s&#xD;
[test][pipe-wait] last-win32=2 elapsed=1.0s&#xD;
[test][pipe-wait] last-win32=2 elapsed=1.2s&#xD;
[test][pipe-wait] last-win32=2 elapsed=1.4s&#xD;
[test][pipe-wait] last-win32=2 elapsed=1.6s&#xD;
[test][pipe-wait] last-win32=2 elapsed=1.8s&#xD;
[test][pipe-wait] last-win32=2 elapsed=2.0s&#xD;
[svc][out] C:\code\sys-sensor-v3\src\SystemMonitor.Service\Program.cs(44,13): warning CA1416: 可在所有平台上访问此调用站点�?RpcHostedService" 仅在 'windows' 上受支持�?(https://learn.microsoft.com/dotnet/fundamentals/code-analysis/quality-rules/ca1416) [C:\code\sys-sensor-v3\src\SystemMonitor.Service\SystemMonitor.Service.csproj]&#xD;
[test][pipe-wait] last-win32=2 elapsed=2.2s&#xD;
[test][pipe-wait] last-win32=2 elapsed=2.4s&#xD;
[svc][out] [BOOT] Program start&#xD;
[svc][out] [BOOT] Invoking root command...&#xD;
[test][pipe-wait] last-win32=2 elapsed=2.6s&#xD;
[svc][out] [BOOT] Host builder created&#xD;
[svc][out] [BOOT] Building host...&#xD;
[test][pipe-wait] last-win32=2 elapsed=2.9s&#xD;
[svc][err] [SERILOG] 2025-08-21T17:19:39.0168422Z Unable to find a method called WithMachineName. Candidate methods are:&#xD;
[svc][err] Serilog.LoggerConfiguration With(Serilog.Configuration.LoggerEnrichmentConfiguration, Serilog.Core.ILogEventEnricher)&#xD;
[svc][err] Serilog.LoggerConfiguration AtLevel(Serilog.Configuration.LoggerEnrichmentConfiguration, System.Action`1[Serilog.Configuration.LoggerEnrichmentConfiguration], Serilog.Events.LogEventLevel, Serilog.Core.LoggingLevelSwitch)&#xD;
[svc][err] Serilog.LoggerConfiguration FromLogContext(Serilog.Configuration.LoggerEnrichmentConfiguration)&#xD;
[svc][err] [SERILOG] 2025-08-21T17:19:39.0182052Z Unable to find a method called WithProcessId. Candidate methods are:&#xD;
[svc][err] Serilog.LoggerConfiguration With(Serilog.Configuration.LoggerEnrichmentConfiguration, Serilog.Core.ILogEventEnricher)&#xD;
[svc][err] Serilog.LoggerConfiguration AtLevel(Serilog.Configuration.LoggerEnrichmentConfiguration, System.Action`1[Serilog.Configuration.LoggerEnrichmentConfiguration], Serilog.Events.LogEventLevel, Serilog.Core.LoggingLevelSwitch)&#xD;
[svc][err] Serilog.LoggerConfiguration FromLogContext(Serilog.Configuration.LoggerEnrichmentConfiguration)&#xD;
[svc][err] [SERILOG] 2025-08-21T17:19:39.0182284Z Unable to find a method called WithThreadId. Candidate methods are:&#xD;
[svc][err] Serilog.LoggerConfiguration With(Serilog.Configuration.LoggerEnrichmentConfiguration, Serilog.Core.ILogEventEnricher)&#xD;
[svc][err] Serilog.LoggerConfiguration AtLevel(Serilog.Configuration.LoggerEnrichmentConfiguration, System.Action`1[Serilog.Configuration.LoggerEnrichmentConfiguration], Serilog.Events.LogEventLevel, Serilog.Core.LoggingLevelSwitch)&#xD;
[svc][err] Serilog.LoggerConfiguration FromLogContext(Serilog.Configuration.LoggerEnrichmentConfiguration)&#xD;
[svc][out] [BOOT] Host built&#xD;
[svc][out] [SystemMonitor.Service] Running in CONSOLE mode. Use --service to run as Windows Service.&#xD;
[svc][out] 正在生成...&#xD;
[test][pipe-wait] last-win32=2 elapsed=0.0s&#xD;
[test][pipe-wait] last-win32=2 elapsed=0.2s&#xD;
[test][pipe-wait] last-win32=2 elapsed=0.4s&#xD;
[test][pipe-wait] last-win32=2 elapsed=0.6s&#xD;
[test][pipe-wait] last-win32=2 elapsed=0.8s&#xD;
[test][pipe-wait] last-win32=2 elapsed=1.0s&#xD;
[test][pipe-wait] last-win32=2 elapsed=1.2s&#xD;
[svc][out] [BOOT] Program start&#xD;
[svc][out] [BOOT] Invoking root command...&#xD;
[svc][out] [BOOT] Host builder created&#xD;
[svc][out] [BOOT] Building host...&#xD;
[test][pipe-wait] last-win32=2 elapsed=1.4s&#xD;
[svc][err] [SERILOG] 2025-08-21T17:19:41.5194544Z Unable to find a method called WithMachineName. Candidate methods are:&#xD;
[svc][err] Serilog.LoggerConfiguration With(Serilog.Configuration.LoggerEnrichmentConfiguration, Serilog.Core.ILogEventEnricher)&#xD;
[svc][err] Serilog.LoggerConfiguration AtLevel(Serilog.Configuration.LoggerEnrichmentConfiguration, System.Action`1[Serilog.Configuration.LoggerEnrichmentConfiguration], Serilog.Events.LogEventLevel, Serilog.Core.LoggingLevelSwitch)&#xD;
[svc][err] Serilog.LoggerConfiguration FromLogContext(Serilog.Configuration.LoggerEnrichmentConfiguration)&#xD;
[svc][err] [SERILOG] 2025-08-21T17:19:41.5218151Z Unable to find a method called WithProcessId. Candidate methods are:&#xD;
[svc][err] Serilog.LoggerConfiguration With(Serilog.Configuration.LoggerEnrichmentConfiguration, Serilog.Core.ILogEventEnricher)&#xD;
[svc][err] Serilog.LoggerConfiguration AtLevel(Serilog.Configuration.LoggerEnrichmentConfiguration, System.Action`1[Serilog.Configuration.LoggerEnrichmentConfiguration], Serilog.Events.LogEventLevel, Serilog.Core.LoggingLevelSwitch)&#xD;
[svc][err] Serilog.LoggerConfiguration FromLogContext(Serilog.Configuration.LoggerEnrichmentConfiguration)&#xD;
[svc][err] [SERILOG] 2025-08-21T17:19:41.5218490Z Unable to find a method called WithThreadId. Candidate methods are:&#xD;
[svc][err] Serilog.LoggerConfiguration With(Serilog.Configuration.LoggerEnrichmentConfiguration, Serilog.Core.ILogEventEnricher)&#xD;
[svc][err] Serilog.LoggerConfiguration AtLevel(Serilog.Configuration.LoggerEnrichmentConfiguration, System.Action`1[Serilog.Configuration.LoggerEnrichmentConfiguration], Serilog.Events.LogEventLevel, Serilog.Core.LoggingLevelSwitch)&#xD;
[svc][err] Serilog.LoggerConfiguration FromLogContext(Serilog.Configuration.LoggerEnrichmentConfiguration)&#xD;
[svc][out] [BOOT] Host built&#xD;
[svc][out] [SystemMonitor.Service] Running in CONSOLE mode. Use --service to run as Windows Service.&#xD;
[test][pipe-wait] last-win32=2 elapsed=1.6s&#xD;
[svc][out] 正在生成...&#xD;
[test][pipe-wait] last-win32=2 elapsed=0.0s&#xD;
[test][pipe-wait] last-win32=2 elapsed=0.2s&#xD;
[test][pipe-wait] last-win32=2 elapsed=0.4s&#xD;
[test][pipe-wait] last-win32=2 elapsed=0.6s&#xD;
[test][pipe-wait] last-win32=2 elapsed=0.8s&#xD;
[test][pipe-wait] last-win32=2 elapsed=1.0s&#xD;
[test][pipe-wait] last-win32=2 elapsed=1.2s&#xD;
[test][pipe-wait] last-win32=2 elapsed=1.4s&#xD;
[test][pipe-wait] last-win32=2 elapsed=1.6s&#xD;
[test][pipe-wait] last-win32=2 elapsed=1.9s&#xD;
[svc][out] [BOOT] Program start&#xD;
[svc][out] [BOOT] Invoking root command...&#xD;
[svc][out] [BOOT] Host builder created&#xD;
[svc][out] [BOOT] Building host...&#xD;
[test][pipe-wait] last-win32=2 elapsed=2.1s&#xD;
[svc][err] [SERILOG] 2025-08-21T17:19:44.5576279Z Unable to find a method called WithMachineName. Candidate methods are:&#xD;
[svc][err] Serilog.LoggerConfiguration With(Serilog.Configuration.LoggerEnrichmentConfiguration, Serilog.Core.ILogEventEnricher)&#xD;
[svc][err] Serilog.LoggerConfiguration AtLevel(Serilog.Configuration.LoggerEnrichmentConfiguration, System.Action`1[Serilog.Configuration.LoggerEnrichmentConfiguration], Serilog.Events.LogEventLevel, Serilog.Core.LoggingLevelSwitch)&#xD;
[svc][err] Serilog.LoggerConfiguration FromLogContext(Serilog.Configuration.LoggerEnrichmentConfiguration)&#xD;
[svc][err] [SERILOG] 2025-08-21T17:19:44.5589746Z Unable to find a method called WithProcessId. Candidate methods are:&#xD;
[svc][err] Serilog.LoggerConfiguration With(Serilog.Configuration.LoggerEnrichmentConfiguration, Serilog.Core.ILogEventEnricher)&#xD;
[svc][err] Serilog.LoggerConfiguration AtLevel(Serilog.Configuration.LoggerEnrichmentConfiguration, System.Action`1[Serilog.Configuration.LoggerEnrichmentConfiguration], Serilog.Events.LogEventLevel, Serilog.Core.LoggingLevelSwitch)&#xD;
[svc][err] Serilog.LoggerConfiguration FromLogContext(Serilog.Configuration.LoggerEnrichmentConfiguration)&#xD;
[svc][err] [SERILOG] 2025-08-21T17:19:44.5589953Z Unable to find a method called WithThreadId. Candidate methods are:&#xD;
[svc][err] Serilog.LoggerConfiguration With(Serilog.Configuration.LoggerEnrichmentConfiguration, Serilog.Core.ILogEventEnricher)&#xD;
[svc][err] Serilog.LoggerConfiguration AtLevel(Serilog.Configuration.LoggerEnrichmentConfiguration, System.Action`1[Serilog.Configuration.LoggerEnrichmentConfiguration], Serilog.Events.LogEventLevel, Serilog.Core.LoggingLevelSwitch)&#xD;
[svc][err] Serilog.LoggerConfiguration FromLogContext(Serilog.Configuration.LoggerEnrichmentConfiguration)&#xD;
[svc][out] [BOOT] Host built&#xD;
[svc][out] [SystemMonitor.Service] Running in CONSOLE mode. Use --service to run as Windows Service.&#xD;
[svc][out] 正在生成...&#xD;
[test][pipe-wait] last-win32=2 elapsed=0.0s&#xD;
[test][pipe-wait] last-win32=2 elapsed=0.2s&#xD;
[test][pipe-wait] last-win32=2 elapsed=0.4s&#xD;
[test][pipe-wait] last-win32=2 elapsed=0.6s&#xD;
[test][pipe-wait] last-win32=2 elapsed=0.8s&#xD;
[svc][out] [BOOT] Program start&#xD;
[svc][out] [BOOT] Invoking root command...&#xD;
[svc][out] [BOOT] Host builder created&#xD;
[svc][out] [BOOT] Building host...&#xD;
[test][pipe-wait] last-win32=2 elapsed=1.0s&#xD;
[svc][err] [SERILOG] 2025-08-21T17:19:46.8505262Z Unable to find a method called WithMachineName. Candidate methods are:&#xD;
[svc][err] Serilog.LoggerConfiguration With(Serilog.Configuration.LoggerEnrichmentConfiguration, Serilog.Core.ILogEventEnricher)&#xD;
[svc][err] Serilog.LoggerConfiguration AtLevel(Serilog.Configuration.LoggerEnrichmentConfiguration, System.Action`1[Serilog.Configuration.LoggerEnrichmentConfiguration], Serilog.Events.LogEventLevel, Serilog.Core.LoggingLevelSwitch)&#xD;
[svc][err] Serilog.LoggerConfiguration FromLogContext(Serilog.Configuration.LoggerEnrichmentConfiguration)&#xD;
[svc][err] [SERILOG] 2025-08-21T17:19:46.8517321Z Unable to find a method called WithProcessId. Candidate methods are:&#xD;
[svc][err] Serilog.LoggerConfiguration With(Serilog.Configuration.LoggerEnrichmentConfiguration, Serilog.Core.ILogEventEnricher)&#xD;
[svc][err] Serilog.LoggerConfiguration AtLevel(Serilog.Configuration.LoggerEnrichmentConfiguration, System.Action`1[Serilog.Configuration.LoggerEnrichmentConfiguration], Serilog.Events.LogEventLevel, Serilog.Core.LoggingLevelSwitch)&#xD;
[svc][err] Serilog.LoggerConfiguration FromLogContext(Serilog.Configuration.LoggerEnrichmentConfiguration)&#xD;
[svc][err] [SERILOG] 2025-08-21T17:19:46.8517500Z Unable to find a method called WithThreadId. Candidate methods are:&#xD;
[svc][err] Serilog.LoggerConfiguration With(Serilog.Configuration.LoggerEnrichmentConfiguration, Serilog.Core.ILogEventEnricher)&#xD;
[svc][err] Serilog.LoggerConfiguration AtLevel(Serilog.Configuration.LoggerEnrichmentConfiguration, System.Action`1[Serilog.Configuration.LoggerEnrichmentConfiguration], Serilog.Events.LogEventLevel, Serilog.Core.LoggingLevelSwitch)&#xD;
[svc][err] Serilog.LoggerConfiguration FromLogContext(Serilog.Configuration.LoggerEnrichmentConfiguration)&#xD;
[svc][out] [BOOT] Host built&#xD;
[svc][out] [SystemMonitor.Service] Running in CONSOLE mode. Use --service to run as Windows Service.&#xD;
[test][pipe-wait] last-win32=2 elapsed=1.2s&#xD;
[svc][out] 正在生成...&#xD;
[test][pipe-wait] last-win32=2 elapsed=0.0s&#xD;
[test][pipe-wait] last-win32=2 elapsed=0.2s&#xD;
[test][pipe-wait] last-win32=2 elapsed=0.4s&#xD;
[test][pipe-wait] last-win32=2 elapsed=0.6s&#xD;
[test][pipe-wait] last-win32=2 elapsed=0.8s&#xD;
[test][pipe-wait] last-win32=2 elapsed=1.0s&#xD;
[svc][out] [BOOT] Program start&#xD;
[svc][out] [BOOT] Invoking root command...&#xD;
[svc][out] [BOOT] Host builder created&#xD;
[svc][out] [BOOT] Building host...&#xD;
[test][pipe-wait] last-win32=2 elapsed=1.3s&#xD;
[test][pipe-wait] last-win32=2 elapsed=1.5s&#xD;
[svc][err] [SERILOG] 2025-08-21T17:19:49.3857529Z Unable to find a method called WithMachineName. Candidate methods are:&#xD;
[svc][err] Serilog.LoggerConfiguration With(Serilog.Configuration.LoggerEnrichmentConfiguration, Serilog.Core.ILogEventEnricher)&#xD;
[svc][err] Serilog.LoggerConfiguration AtLevel(Serilog.Configuration.LoggerEnrichmentConfiguration, System.Action`1[Serilog.Configuration.LoggerEnrichmentConfiguration], Serilog.Events.LogEventLevel, Serilog.Core.LoggingLevelSwitch)&#xD;
[svc][err] Serilog.LoggerConfiguration FromLogContext(Serilog.Configuration.LoggerEnrichmentConfiguration)&#xD;
[svc][err] [SERILOG] 2025-08-21T17:19:49.3877428Z Unable to find a method called WithProcessId. Candidate methods are:&#xD;
[svc][err] Serilog.LoggerConfiguration With(Serilog.Configuration.LoggerEnrichmentConfiguration, Serilog.Core.ILogEventEnricher)&#xD;
[svc][err] Serilog.LoggerConfiguration AtLevel(Serilog.Configuration.LoggerEnrichmentConfiguration, System.Action`1[Serilog.Configuration.LoggerEnrichmentConfiguration], Serilog.Events.LogEventLevel, Serilog.Core.LoggingLevelSwitch)&#xD;
[svc][err] Serilog.LoggerConfiguration FromLogContext(Serilog.Configuration.LoggerEnrichmentConfiguration)&#xD;
[svc][err] [SERILOG] 2025-08-21T17:19:49.3877884Z Unable to find a method called WithThreadId. Candidate methods are:&#xD;
[svc][err] Serilog.LoggerConfiguration With(Serilog.Configuration.LoggerEnrichmentConfiguration, Serilog.Core.ILogEventEnricher)&#xD;
[svc][err] Serilog.LoggerConfiguration AtLevel(Serilog.Configuration.LoggerEnrichmentConfiguration, System.Action`1[Serilog.Configuration.LoggerEnrichmentConfiguration], Serilog.Events.LogEventLevel, Serilog.Core.LoggingLevelSwitch)&#xD;
[svc][err] Serilog.LoggerConfiguration FromLogContext(Serilog.Configuration.LoggerEnrichmentConfiguration)&#xD;
[svc][out] [BOOT] Host built&#xD;
[svc][out] [SystemMonitor.Service] Running in CONSOLE mode. Use --service to run as Windows Service.&#xD;
[test][pipe-wait] last-win32=2 elapsed=1.7s&#xD;
[svc][out] 正在生成...&#xD;
[test][pipe-wait] last-win32=2 elapsed=0.0s&#xD;
[test][pipe-wait] last-win32=2 elapsed=0.2s&#xD;
[test][pipe-wait] last-win32=2 elapsed=0.4s&#xD;
[test][pipe-wait] last-win32=2 elapsed=0.6s&#xD;
[test][pipe-wait] last-win32=2 elapsed=0.8s&#xD;
[test][pipe-wait] last-win32=2 elapsed=1.0s&#xD;
[test][pipe-wait] last-win32=2 elapsed=1.2s&#xD;
[test][pipe-wait] last-win32=2 elapsed=1.4s&#xD;
[test][pipe-wait] last-win32=2 elapsed=1.6s&#xD;
[test][pipe-wait] last-win32=2 elapsed=1.8s&#xD;
[test][pipe-wait] last-win32=2 elapsed=2.0s&#xD;
[svc][out] [BOOT] Program start&#xD;
[svc][out] [BOOT] Invoking root command...&#xD;
[svc][out] [BOOT] Host builder created&#xD;
[svc][out] [BOOT] Building host...&#xD;
[test][pipe-wait] last-win32=2 elapsed=2.2s&#xD;
[test][pipe-wait] last-win32=2 elapsed=2.5s&#xD;
[test][pipe-wait] last-win32=2 elapsed=2.7s&#xD;
[svc][err] [SERILOG] 2025-08-21T17:19:53.2736150Z Unable to find a method called WithMachineName. Candidate methods are:&#xD;
[svc][err] Serilog.LoggerConfiguration With(Serilog.Configuration.LoggerEnrichmentConfiguration, Serilog.Core.ILogEventEnricher)&#xD;
[svc][err] Serilog.LoggerConfiguration AtLevel(Serilog.Configuration.LoggerEnrichmentConfiguration, System.Action`1[Serilog.Configuration.LoggerEnrichmentConfiguration], Serilog.Events.LogEventLevel, Serilog.Core.LoggingLevelSwitch)&#xD;
[svc][err] Serilog.LoggerConfiguration FromLogContext(Serilog.Configuration.LoggerEnrichmentConfiguration)&#xD;
[svc][err] [SERILOG] 2025-08-21T17:19:53.2836528Z Unable to find a method called WithProcessId. Candidate methods are:&#xD;
[svc][err] Serilog.LoggerConfiguration With(Serilog.Configuration.LoggerEnrichmentConfiguration, Serilog.Core.ILogEventEnricher)&#xD;
[svc][err] Serilog.LoggerConfiguration AtLevel(Serilog.Configuration.LoggerEnrichmentConfiguration, System.Action`1[Serilog.Configuration.LoggerEnrichmentConfiguration], Serilog.Events.LogEventLevel, Serilog.Core.LoggingLevelSwitch)&#xD;
[svc][err] Serilog.LoggerConfiguration FromLogContext(Serilog.Configuration.LoggerEnrichmentConfiguration)&#xD;
[svc][err] [SERILOG] 2025-08-21T17:19:53.2841917Z Unable to find a method called WithThreadId. Candidate methods are:&#xD;
[svc][err] Serilog.LoggerConfiguration With(Serilog.Configuration.LoggerEnrichmentConfiguration, Serilog.Core.ILogEventEnricher)&#xD;
[svc][err] Serilog.LoggerConfiguration AtLevel(Serilog.Configuration.LoggerEnrichmentConfiguration, System.Action`1[Serilog.Configuration.LoggerEnrichmentConfiguration], Serilog.Events.LogEventLevel, Serilog.Core.LoggingLevelSwitch)&#xD;
[svc][err] Serilog.LoggerConfiguration FromLogContext(Serilog.Configuration.LoggerEnrichmentConfiguration)&#xD;
[svc][out] [BOOT] Host built&#xD;
[svc][out] [SystemMonitor.Service] Running in CONSOLE mode. Use --service to run as Windows Service.&#xD;
[test][pipe-wait] last-win32=2 elapsed=2.9s&#xD;
[svc][out] 正在生成...&#xD;
[test][pipe-wait] last-win32=2 elapsed=0.0s&#xD;
[test][pipe-wait] last-win32=2 elapsed=0.3s&#xD;
[test][pipe-wait] last-win32=2 elapsed=0.5s&#xD;
[test][pipe-wait] last-win32=2 elapsed=0.7s&#xD;
[test][pipe-wait] last-win32=2 elapsed=0.9s&#xD;
[test][pipe-wait] last-win32=2 elapsed=1.1s&#xD;
[test][pipe-wait] last-win32=2 elapsed=1.3s&#xD;
[test][pipe-wait] last-win32=2 elapsed=1.5s&#xD;
[test][pipe-wait] last-win32=2 elapsed=1.7s&#xD;
[test][pipe-wait] last-win32=2 elapsed=2.0s&#xD;
[test][pipe-wait] last-win32=2 elapsed=2.2s&#xD;
[test][pipe-wait] last-win32=2 elapsed=2.4s&#xD;
[svc][out] [BOOT] Program start&#xD;
[svc][out] [BOOT] Invoking root command...&#xD;
[svc][out] [BOOT] Host builder created&#xD;
[svc][out] [BOOT] Building host...&#xD;
[test][pipe-wait] last-win32=2 elapsed=2.6s&#xD;
[svc][err] [SERILOG] 2025-08-21T17:20:00.5838088Z Unable to find a method called WithMachineName. Candidate methods are:&#xD;
[svc][err] Serilog.LoggerConfiguration With(Serilog.Configuration.LoggerEnrichmentConfiguration, Serilog.Core.ILogEventEnricher)&#xD;
[svc][err] Serilog.LoggerConfiguration AtLevel(Serilog.Configuration.LoggerEnrichmentConfiguration, System.Action`1[Serilog.Configuration.LoggerEnrichmentConfiguration], Serilog.Events.LogEventLevel, Serilog.Core.LoggingLevelSwitch)&#xD;
[svc][err] Serilog.LoggerConfiguration FromLogContext(Serilog.Configuration.LoggerEnrichmentConfiguration)&#xD;
[svc][err] [SERILOG] 2025-08-21T17:20:00.5863082Z Unable to find a method called WithProcessId. Candidate methods are:&#xD;
[svc][err] Serilog.LoggerConfiguration With(Serilog.Configuration.LoggerEnrichmentConfiguration, Serilog.Core.ILogEventEnricher)&#xD;
[svc][err] Serilog.LoggerConfiguration AtLevel(Serilog.Configuration.LoggerEnrichmentConfiguration, System.Action`1[Serilog.Configuration.LoggerEnrichmentConfiguration], Serilog.Events.LogEventLevel, Serilog.Core.LoggingLevelSwitch)&#xD;
[svc][err] Serilog.LoggerConfiguration FromLogContext(Serilog.Configuration.LoggerEnrichmentConfiguration)&#xD;
[svc][err] [SERILOG] 2025-08-21T17:20:00.5863537Z Unable to find a method called WithThreadId. Candidate methods are:&#xD;
[svc][err] Serilog.LoggerConfiguration With(Serilog.Configuration.LoggerEnrichmentConfiguration, Serilog.Core.ILogEventEnricher)&#xD;
[svc][err] Serilog.LoggerConfiguration AtLevel(Serilog.Configuration.LoggerEnrichmentConfiguration, System.Action`1[Serilog.Configuration.LoggerEnrichmentConfiguration], Serilog.Events.LogEventLevel, Serilog.Core.LoggingLevelSwitch)&#xD;
[svc][err] Serilog.LoggerConfiguration FromLogContext(Serilog.Configuration.LoggerEnrichmentConfiguration)&#xD;
[test][pipe-wait] last-win32=2 elapsed=2.8s&#xD;
[svc][out] [BOOT] Host built&#xD;
[svc][out] [SystemMonitor.Service] Running in CONSOLE mode. Use --service to run as Windows Service.&#xD;
[test][pipe-wait] last-win32=2 elapsed=3.0s&#xD;
[svc][out] 正在生成...&#xD;
[test][pipe-wait] last-win32=2 elapsed=0.0s&#xD;
[test][pipe-wait] last-win32=2 elapsed=0.2s&#xD;
[test][pipe-wait] last-win32=2 elapsed=0.4s&#xD;
[test][pipe-wait] last-win32=2 elapsed=0.6s&#xD;
[test][pipe-wait] last-win32=2 elapsed=0.8s&#xD;
[test][pipe-wait] last-win32=2 elapsed=1.0s&#xD;
[test][pipe-wait] last-win32=2 elapsed=1.2s&#xD;
[test][pipe-wait] last-win32=2 elapsed=1.4s&#xD;
[test][pipe-wait] last-win32=2 elapsed=1.6s&#xD;
[test][pipe-wait] last-win32=2 elapsed=1.9s&#xD;
[test][pipe-wait] last-win32=2 elapsed=2.1s&#xD;
[svc][out] [BOOT] Program start&#xD;
[svc][out] [BOOT] Invoking root command...&#xD;
[test][pipe-wait] last-win32=2 elapsed=2.3s&#xD;
[svc][out] [BOOT] Host builder created&#xD;
[svc][out] [BOOT] Building host...&#xD;
[test][pipe-wait] last-win32=2 elapsed=2.5s&#xD;
[svc][err] [SERILOG] 2025-08-21T17:20:04.4697589Z Unable to find a method called WithMachineName. Candidate methods are:&#xD;
[svc][err] Serilog.LoggerConfiguration With(Serilog.Configuration.LoggerEnrichmentConfiguration, Serilog.Core.ILogEventEnricher)&#xD;
[svc][err] Serilog.LoggerConfiguration AtLevel(Serilog.Configuration.LoggerEnrichmentConfiguration, System.Action`1[Serilog.Configuration.LoggerEnrichmentConfiguration], Serilog.Events.LogEventLevel, Serilog.Core.LoggingLevelSwitch)&#xD;
[svc][err] Serilog.LoggerConfiguration FromLogContext(Serilog.Configuration.LoggerEnrichmentConfiguration)&#xD;
[svc][err] [SERILOG] 2025-08-21T17:20:04.4751392Z Unable to find a method called WithProcessId. Candidate methods are:&#xD;
[svc][err] Serilog.LoggerConfiguration With(Serilog.Configuration.LoggerEnrichmentConfiguration, Serilog.Core.ILogEventEnricher)&#xD;
[svc][err] Serilog.LoggerConfiguration AtLevel(Serilog.Configuration.LoggerEnrichmentConfiguration, System.Action`1[Serilog.Configuration.LoggerEnrichmentConfiguration], Serilog.Events.LogEventLevel, Serilog.Core.LoggingLevelSwitch)&#xD;
[svc][err] Serilog.LoggerConfiguration FromLogContext(Serilog.Configuration.LoggerEnrichmentConfiguration)&#xD;
[svc][err] [SERILOG] 2025-08-21T17:20:04.4751937Z Unable to find a method called WithThreadId. Candidate methods are:&#xD;
[svc][err] Serilog.LoggerConfiguration With(Serilog.Configuration.LoggerEnrichmentConfiguration, Serilog.Core.ILogEventEnricher)&#xD;
[svc][err] Serilog.LoggerConfiguration AtLevel(Serilog.Configuration.LoggerEnrichmentConfiguration, System.Action`1[Serilog.Configuration.LoggerEnrichmentConfiguration], Serilog.Events.LogEventLevel, Serilog.Core.LoggingLevelSwitch)&#xD;
[svc][err] Serilog.LoggerConfiguration FromLogContext(Serilog.Configuration.LoggerEnrichmentConfiguration)&#xD;
[test][pipe-wait] last-win32=2 elapsed=2.7s&#xD;
[svc][out] [BOOT] Host built&#xD;
[svc][out] [SystemMonitor.Service] Running in CONSOLE mode. Use --service to run as Windows Service.&#xD;
[test][pipe-wait] last-win32=2 elapsed=2.9s&#xD;
[svc][out] 正在生成...&#xD;
[test][pipe-wait] last-win32=2 elapsed=0.0s&#xD;
[test][pipe-wait] last-win32=2 elapsed=0.2s&#xD;
[test][pipe-wait] last-win32=2 elapsed=0.4s&#xD;
[test][pipe-wait] last-win32=2 elapsed=0.6s&#xD;
[test][pipe-wait] last-win32=2 elapsed=0.8s&#xD;
[test][pipe-wait] last-win32=2 elapsed=1.0s&#xD;
[test][pipe-wait] last-win32=2 elapsed=1.2s&#xD;
[test][pipe-wait] last-win32=2 elapsed=1.4s&#xD;
[test][pipe-wait] last-win32=2 elapsed=1.6s&#xD;
[svc][out] [BOOT] Program start&#xD;
[svc][out] [BOOT] Invoking root command...&#xD;
[svc][out] [BOOT] Host builder created&#xD;
[test][pipe-wait] last-win32=2 elapsed=1.8s&#xD;
[svc][out] [BOOT] Building host...&#xD;
[svc][err] [SERILOG] 2025-08-21T17:20:07.8902818Z Unable to find a method called WithMachineName. Candidate methods are:&#xD;
[svc][err] Serilog.LoggerConfiguration With(Serilog.Configuration.LoggerEnrichmentConfiguration, Serilog.Core.ILogEventEnricher)&#xD;
[svc][err] Serilog.LoggerConfiguration AtLevel(Serilog.Configuration.LoggerEnrichmentConfiguration, System.Action`1[Serilog.Configuration.LoggerEnrichmentConfiguration], Serilog.Events.LogEventLevel, Serilog.Core.LoggingLevelSwitch)&#xD;
[svc][err] Serilog.LoggerConfiguration FromLogContext(Serilog.Configuration.LoggerEnrichmentConfiguration)&#xD;
[svc][err] [SERILOG] 2025-08-21T17:20:07.8916940Z Unable to find a method called WithProcessId. Candidate methods are:&#xD;
[svc][err] Serilog.LoggerConfiguration With(Serilog.Configuration.LoggerEnrichmentConfiguration, Serilog.Core.ILogEventEnricher)&#xD;
[svc][err] Serilog.LoggerConfiguration AtLevel(Serilog.Configuration.LoggerEnrichmentConfiguration, System.Action`1[Serilog.Configuration.LoggerEnrichmentConfiguration], Serilog.Events.LogEventLevel, Serilog.Core.LoggingLevelSwitch)&#xD;
[svc][err] Serilog.LoggerConfiguration FromLogContext(Serilog.Configuration.LoggerEnrichmentConfiguration)&#xD;
[svc][err] [SERILOG] 2025-08-21T17:20:07.8917152Z Unable to find a method called WithThreadId. Candidate methods are:&#xD;
[svc][err] Serilog.LoggerConfiguration With(Serilog.Configuration.LoggerEnrichmentConfiguration, Serilog.Core.ILogEventEnricher)&#xD;
[svc][err] Serilog.LoggerConfiguration AtLevel(Serilog.Configuration.LoggerEnrichmentConfiguration, System.Action`1[Serilog.Configuration.LoggerEnrichmentConfiguration], Serilog.Events.LogEventLevel, Serilog.Core.LoggingLevelSwitch)&#xD;
[svc][err] Serilog.LoggerConfiguration FromLogContext(Serilog.Configuration.LoggerEnrichmentConfiguration)&#xD;
[test][pipe-wait] last-win32=2 elapsed=2.0s&#xD;
[svc][out] [BOOT] Host built&#xD;
[svc][out] [SystemMonitor.Service] Running in CONSOLE mode. Use --service to run as Windows Service.&#xD;
[svc][out] 正在生成...&#xD;
[test][pipe-wait] last-win32=2 elapsed=0.0s&#xD;
[test][pipe-wait] last-win32=2 elapsed=0.2s&#xD;
[test][pipe-wait] last-win32=2 elapsed=0.4s&#xD;
[test][pipe-wait] last-win32=2 elapsed=0.6s&#xD;
[test][pipe-wait] last-win32=2 elapsed=0.8s&#xD;
[test][pipe-wait] last-win32=2 elapsed=1.0s&#xD;
[svc][out] [BOOT] Program start&#xD;
[svc][out] [BOOT] Invoking root command...&#xD;
[svc][out] [BOOT] Host builder created&#xD;
[svc][out] [BOOT] Building host...&#xD;
[test][pipe-wait] last-win32=2 elapsed=1.2s&#xD;
[svc][err] [SERILOG] 2025-08-21T17:20:10.0696924Z Unable to find a method called WithMachineName. Candidate methods are:&#xD;
[svc][err] Serilog.LoggerConfiguration With(Serilog.Configuration.LoggerEnrichmentConfiguration, Serilog.Core.ILogEventEnricher)&#xD;
[svc][err] Serilog.LoggerConfiguration AtLevel(Serilog.Configuration.LoggerEnrichmentConfiguration, System.Action`1[Serilog.Configuration.LoggerEnrichmentConfiguration], Serilog.Events.LogEventLevel, Serilog.Core.LoggingLevelSwitch)&#xD;
[svc][err] Serilog.LoggerConfiguration FromLogContext(Serilog.Configuration.LoggerEnrichmentConfiguration)&#xD;
[svc][err] [SERILOG] 2025-08-21T17:20:10.0709419Z Unable to find a method called WithProcessId. Candidate methods are:&#xD;
[svc][err] Serilog.LoggerConfiguration With(Serilog.Configuration.LoggerEnrichmentConfiguration, Serilog.Core.ILogEventEnricher)&#xD;
[svc][err] Serilog.LoggerConfiguration AtLevel(Serilog.Configuration.LoggerEnrichmentConfiguration, System.Action`1[Serilog.Configuration.LoggerEnrichmentConfiguration], Serilog.Events.LogEventLevel, Serilog.Core.LoggingLevelSwitch)&#xD;
[svc][err] Serilog.LoggerConfiguration FromLogContext(Serilog.Configuration.LoggerEnrichmentConfiguration)&#xD;
[svc][err] [SERILOG] 2025-08-21T17:20:10.0709612Z Unable to find a method called WithThreadId. Candidate methods are:&#xD;
[svc][err] Serilog.LoggerConfiguration With(Serilog.Configuration.LoggerEnrichmentConfiguration, Serilog.Core.ILogEventEnricher)&#xD;
[svc][err] Serilog.LoggerConfiguration AtLevel(Serilog.Configuration.LoggerEnrichmentConfiguration, System.Action`1[Serilog.Configuration.LoggerEnrichmentConfiguration], Serilog.Events.LogEventLevel, Serilog.Core.LoggingLevelSwitch)&#xD;
[svc][err] Serilog.LoggerConfiguration FromLogContext(Serilog.Configuration.LoggerEnrichmentConfiguration)&#xD;
[svc][out] [BOOT] Host built&#xD;
[svc][out] [SystemMonitor.Service] Running in CONSOLE mode. Use --service to run as Windows Service.&#xD;
[svc][out] 正在生成...&#xD;
[test][pipe-wait] last-win32=2 elapsed=0.0s&#xD;
[test][pipe-wait] last-win32=2 elapsed=0.2s&#xD;
[test][pipe-wait] last-win32=2 elapsed=0.4s&#xD;
[test][pipe-wait] last-win32=2 elapsed=0.6s&#xD;
[test][pipe-wait] last-win32=2 elapsed=0.8s&#xD;
[test][pipe-wait] last-win32=2 elapsed=1.0s&#xD;
[svc][out] [BOOT] Program start&#xD;
[svc][out] [BOOT] Invoking root command...&#xD;
[svc][out] [BOOT] Host builder created&#xD;
[svc][out] [BOOT] Building host...&#xD;
[test][pipe-wait] last-win32=2 elapsed=1.2s&#xD;
[svc][err] [SERILOG] 2025-08-21T17:20:17.2770102Z Unable to find a method called WithMachineName. Candidate methods are:&#xD;
[svc][err] Serilog.LoggerConfiguration With(Serilog.Configuration.LoggerEnrichmentConfiguration, Serilog.Core.ILogEventEnricher)&#xD;
[svc][err] Serilog.LoggerConfiguration AtLevel(Serilog.Configuration.LoggerEnrichmentConfiguration, System.Action`1[Serilog.Configuration.LoggerEnrichmentConfiguration], Serilog.Events.LogEventLevel, Serilog.Core.LoggingLevelSwitch)&#xD;
[svc][err] Serilog.LoggerConfiguration FromLogContext(Serilog.Configuration.LoggerEnrichmentConfiguration)&#xD;
[svc][err] [SERILOG] 2025-08-21T17:20:17.2783465Z Unable to find a method called WithProcessId. Candidate methods are:&#xD;
[svc][err] Serilog.LoggerConfiguration With(Serilog.Configuration.LoggerEnrichmentConfiguration, Serilog.Core.ILogEventEnricher)&#xD;
[svc][err] Serilog.LoggerConfiguration AtLevel(Serilog.Configuration.LoggerEnrichmentConfiguration, System.Action`1[Serilog.Configuration.LoggerEnrichmentConfiguration], Serilog.Events.LogEventLevel, Serilog.Core.LoggingLevelSwitch)&#xD;
[svc][err] Serilog.LoggerConfiguration FromLogContext(Serilog.Configuration.LoggerEnrichmentConfiguration)&#xD;
[svc][err] [SERILOG] 2025-08-21T17:20:17.2783722Z Unable to find a method called WithThreadId. Candidate methods are:&#xD;
[svc][err] Serilog.LoggerConfiguration With(Serilog.Configuration.LoggerEnrichmentConfiguration, Serilog.Core.ILogEventEnricher)&#xD;
[svc][err] Serilog.LoggerConfiguration AtLevel(Serilog.Configuration.LoggerEnrichmentConfiguration, System.Action`1[Serilog.Configuration.LoggerEnrichmentConfiguration], Serilog.Events.LogEventLevel, Serilog.Core.LoggingLevelSwitch)&#xD;
[svc][err] Serilog.LoggerConfiguration FromLogContext(Serilog.Configuration.LoggerEnrichmentConfiguration)&#xD;
[svc][out] [BOOT] Host built&#xD;
[svc][out] [SystemMonitor.Service] Running in CONSOLE mode. Use --service to run as Windows Service.&#xD;
[svc][out] 正在生成...&#xD;
[test][pipe-wait] last-win32=2 elapsed=0.0s&#xD;
[test][pipe-wait] last-win32=2 elapsed=0.2s&#xD;
[test][pipe-wait] last-win32=2 elapsed=0.4s&#xD;
[test][pipe-wait] last-win32=2 elapsed=0.6s&#xD;
[test][pipe-wait] last-win32=2 elapsed=0.8s&#xD;
[test][pipe-wait] last-win32=2 elapsed=1.0s&#xD;
[svc][out] [BOOT] Program start&#xD;
[svc][out] [BOOT] Invoking root command...&#xD;
[svc][out] [BOOT] Host builder created&#xD;
[svc][out] [BOOT] Building host...&#xD;
[test][pipe-wait] last-win32=2 elapsed=1.2s&#xD;
[svc][err] [SERILOG] 2025-08-21T17:20:19.4027687Z Unable to find a method called WithMachineName. Candidate methods are:&#xD;
[svc][err] Serilog.LoggerConfiguration With(Serilog.Configuration.LoggerEnrichmentConfiguration, Serilog.Core.ILogEventEnricher)&#xD;
[svc][err] Serilog.LoggerConfiguration AtLevel(Serilog.Configuration.LoggerEnrichmentConfiguration, System.Action`1[Serilog.Configuration.LoggerEnrichmentConfiguration], Serilog.Events.LogEventLevel, Serilog.Core.LoggingLevelSwitch)&#xD;
[svc][err] Serilog.LoggerConfiguration FromLogContext(Serilog.Configuration.LoggerEnrichmentConfiguration)&#xD;
[svc][err] [SERILOG] 2025-08-21T17:20:19.4041990Z Unable to find a method called WithProcessId. Candidate methods are:&#xD;
[svc][err] Serilog.LoggerConfiguration With(Serilog.Configuration.LoggerEnrichmentConfiguration, Serilog.Core.ILogEventEnricher)&#xD;
[svc][err] Serilog.LoggerConfiguration AtLevel(Serilog.Configuration.LoggerEnrichmentConfiguration, System.Action`1[Serilog.Configuration.LoggerEnrichmentConfiguration], Serilog.Events.LogEventLevel, Serilog.Core.LoggingLevelSwitch)&#xD;
[svc][err] Serilog.LoggerConfiguration FromLogContext(Serilog.Configuration.LoggerEnrichmentConfiguration)&#xD;
[svc][err] [SERILOG] 2025-08-21T17:20:19.4042201Z Unable to find a method called WithThreadId. Candidate methods are:&#xD;
[svc][err] Serilog.LoggerConfiguration With(Serilog.Configuration.LoggerEnrichmentConfiguration, Serilog.Core.ILogEventEnricher)&#xD;
[svc][err] Serilog.LoggerConfiguration AtLevel(Serilog.Configuration.LoggerEnrichmentConfiguration, System.Action`1[Serilog.Configuration.LoggerEnrichmentConfiguration], Serilog.Events.LogEventLevel, Serilog.Core.LoggingLevelSwitch)&#xD;
[svc][err] Serilog.LoggerConfiguration FromLogContext(Serilog.Configuration.LoggerEnrichmentConfiguration)&#xD;
[svc][out] [BOOT] Host built&#xD;
[svc][out] [SystemMonitor.Service] Running in CONSOLE mode. Use --service to run as Windows Service.&#xD;
[test][pipe-wait] last-win32=2 elapsed=1.4s&#xD;
[xUnit.net 00:00:44.50]       非 M1：后续里程碑接口&#xD;
在测试运行中跳过测试“SystemMonitor.Tests.ContractTests.SetLogLevel_Request_Serializes_To_SnakeCase”。&#xD;
[xUnit.net 00:00:44.50]       非 M1：后续里程碑接口&#xD;
[xUnit.net 00:00:44.50]       非 M1：后续里程碑接口&#xD;
在测试运行中跳过测试“SystemMonitor.Tests.ContractTests.UpdateApply_Request_Serializes_To_SnakeCase”。&#xD;
在测试运行中跳过测试“SystemMonitor.Tests.ContractTests.UpdateCheck_Request_Serializes_To_SnakeCase”。&#xD;
[xUnit.net 00:00:44.60]   Finished:    SystemMonitor.Tests&#xD;
</StdOut>
    </Output>
    <RunInfos>
      <RunInfo computerName="DESKTOP-J6M8022" outcome="Warning" timestamp="2025-08-22T01:20:19.8684027+08:00">
        <Text>[xUnit.net 00:00:44.50]     SystemMonitor.Tests.ContractTests.SetLogLevel_Request_Serializes_To_SnakeCase [SKIP]</Text>
      </RunInfo>
      <RunInfo computerName="DESKTOP-J6M8022" outcome="Warning" timestamp="2025-08-22T01:20:19.8738016+08:00">
        <Text>[xUnit.net 00:00:44.50]     SystemMonitor.Tests.ContractTests.UpdateApply_Request_Serializes_To_SnakeCase [SKIP]</Text>
      </RunInfo>
      <RunInfo computerName="DESKTOP-J6M8022" outcome="Warning" timestamp="2025-08-22T01:20:19.8740960+08:00">
        <Text>[xUnit.net 00:00:44.50]     SystemMonitor.Tests.ContractTests.UpdateCheck_Request_Serializes_To_SnakeCase [SKIP]</Text>
      </RunInfo>
    </RunInfos>
  </ResultSummary>
</TestRun>