<?xml version="1.0" encoding="utf-8"?>
<TestRun id="60928e4d-d5b0-44da-95e2-ae81a89bdc06" name="terry@DESKTOP-J6M8022 2025-08-22 03:04:51" runUser="DESKTOP-J6M8022\terry" xmlns="http://microsoft.com/schemas/VisualStudio/TeamTest/2010">
  <Times creation="2025-08-22T03:04:51.2386377+08:00" queuing="2025-08-22T03:04:51.2386381+08:00" start="2025-08-22T03:04:50.2508232+08:00" finish="2025-08-22T03:05:30.8511565+08:00" />
  <TestSettings name="default" id="e33a2cc9-9932-4ab3-98f8-dd67e67af8a2">
    <Deployment runDeploymentRoot="terry_DESKTOP-J6M8022_2025-08-22_03_04_51" />
  </TestSettings>
  <Results>
    <UnitTestResult executionId="a3dba48f-5b4a-4481-83ae-52338af780c7" testId="84bddd7b-5fca-ad7f-6631-caa1dc730eca" testName="SystemMonitor.Tests.ContractTests.BurstSubscribe_Request_Serializes_To_SnakeCase" computerName="DESKTOP-J6M8022" duration="00:00:00.0030123" startTime="2025-08-22T03:04:51.1440089+08:00" endTime="2025-08-22T03:04:51.1440091+08:00" testType="13cdc9d9-ddb5-4fa4-a97d-d965ccfc6d4b" outcome="Passed" testListId="8c84fa94-04c1-424b-9868-57a2d4851a1d" relativeResultsDirectory="a3dba48f-5b4a-4481-83ae-52338af780c7" />
    <UnitTestResult executionId="014844ca-2381-4bb8-9b22-38fce73b6674" testId="afa476e6-1342-0de1-8963-ea8bca4835e6" testName="SystemMonitor.Tests.EndToEndTests.QueryHistory_Aggregations_10s_1m" computerName="DESKTOP-J6M8022" duration="00:00:01.2165236" startTime="2025-08-22T03:05:05.0123178+08:00" endTime="2025-08-22T03:05:05.0123181+08:00" testType="13cdc9d9-ddb5-4fa4-a97d-d965ccfc6d4b" outcome="Passed" testListId="8c84fa94-04c1-424b-9868-57a2d4851a1d" relativeResultsDirectory="014844ca-2381-4bb8-9b22-38fce73b6674" />
    <UnitTestResult executionId="accbf3be-6fe9-4a9a-89c2-74f40a584fe4" testId="c7e17ebe-07f3-5913-71e6-f1c4a943136f" testName="SystemMonitor.Tests.SchemaTests.BurstSubscribe_Schema_Invalid_EmptyModules" computerName="DESKTOP-J6M8022" duration="00:00:00.0062135" startTime="2025-08-22T03:04:51.3467517+08:00" endTime="2025-08-22T03:04:51.3467518+08:00" testType="13cdc9d9-ddb5-4fa4-a97d-d965ccfc6d4b" outcome="Passed" testListId="8c84fa94-04c1-424b-9868-57a2d4851a1d" relativeResultsDirectory="accbf3be-6fe9-4a9a-89c2-74f40a584fe4" />
    <UnitTestResult executionId="0c428909-fbcc-4bd7-b88a-6973b9267d6a" testId="575383ac-a422-d1e5-3903-2da7ffd1b577" testName="SystemMonitor.Tests.EndToEndTests.Metrics_Throttle_Burst_Recovery_Works" computerName="DESKTOP-J6M8022" duration="00:00:02.5901435" startTime="2025-08-22T03:05:11.9713853+08:00" endTime="2025-08-22T03:05:11.9713855+08:00" testType="13cdc9d9-ddb5-4fa4-a97d-d965ccfc6d4b" outcome="Passed" testListId="8c84fa94-04c1-424b-9868-57a2d4851a1d" relativeResultsDirectory="0c428909-fbcc-4bd7-b88a-6973b9267d6a" />
    <UnitTestResult executionId="cdd714c2-1e5a-41e8-9910-4c7c33eae73c" testId="825a0899-f60c-7747-10dc-edf9d745369b" testName="SystemMonitor.Tests.ContractTests.Start_Request_Serializes_To_SnakeCase" computerName="DESKTOP-J6M8022" duration="00:00:00.0001627" startTime="2025-08-22T03:04:51.1936941+08:00" endTime="2025-08-22T03:04:51.1936942+08:00" testType="13cdc9d9-ddb5-4fa4-a97d-d965ccfc6d4b" outcome="Passed" testListId="8c84fa94-04c1-424b-9868-57a2d4851a1d" relativeResultsDirectory="cdd714c2-1e5a-41e8-9910-4c7c33eae73c" />
    <UnitTestResult executionId="2a4b8869-8ebe-41b5-8398-f0af111fd20e" testId="deff2b50-b04e-659a-fcb1-aacff92daa42" testName="SystemMonitor.Tests.ContractTests.Hello_Request_Should_Not_Contain_PascalCase_Keys" computerName="DESKTOP-J6M8022" duration="00:00:00.0021275" startTime="2025-08-22T03:04:51.1469245+08:00" endTime="2025-08-22T03:04:51.1469247+08:00" testType="13cdc9d9-ddb5-4fa4-a97d-d965ccfc6d4b" outcome="Passed" testListId="8c84fa94-04c1-424b-9868-57a2d4851a1d" relativeResultsDirectory="2a4b8869-8ebe-41b5-8398-f0af111fd20e" />
    <UnitTestResult executionId="f6ff51c2-6eb5-4bad-b4f4-25032723361d" testId="6bc5c69f-1e35-1dda-027a-3965f2238887" testName="SystemMonitor.Tests.ContractTests.SetLogLevel_Request_Serializes_To_SnakeCase" computerName="DESKTOP-J6M8022" duration="00:00:00.0010000" startTime="2025-08-22T03:04:51.1485207+08:00" endTime="2025-08-22T03:04:51.1485210+08:00" testType="13cdc9d9-ddb5-4fa4-a97d-d965ccfc6d4b" outcome="NotExecuted" testListId="8c84fa94-04c1-424b-9868-57a2d4851a1d" relativeResultsDirectory="f6ff51c2-6eb5-4bad-b4f4-25032723361d">
      <Output>
        <ErrorInfo>
          <Message>非 M1：后续里程碑接口</Message>
        </ErrorInfo>
      </Output>
    </UnitTestResult>
    <UnitTestResult executionId="3da49fd8-e7ae-4f15-a109-d34a030da8fe" testId="f6814e48-0b49-81a9-5412-aa1c3ac48e00" testName="SystemMonitor.Tests.ContractTests.QueryHistory_Request_Serializes_To_SnakeCase" computerName="DESKTOP-J6M8022" duration="00:00:00.0029984" startTime="2025-08-22T03:04:51.1528238+08:00" endTime="2025-08-22T03:04:51.1528239+08:00" testType="13cdc9d9-ddb5-4fa4-a97d-d965ccfc6d4b" outcome="Passed" testListId="8c84fa94-04c1-424b-9868-57a2d4851a1d" relativeResultsDirectory="3da49fd8-e7ae-4f15-a109-d34a030da8fe" />
    <UnitTestResult executionId="988fce4d-ca49-44a7-b802-e45ce7d25cd4" testId="69d6d1aa-b426-63fd-4c85-4eac53250980" testName="SystemMonitor.Tests.SchemaTests.QueryHistory_Schema_Valid" computerName="DESKTOP-J6M8022" duration="00:00:00.0044939" startTime="2025-08-22T03:04:51.3350805+08:00" endTime="2025-08-22T03:04:51.3350806+08:00" testType="13cdc9d9-ddb5-4fa4-a97d-d965ccfc6d4b" outcome="Passed" testListId="8c84fa94-04c1-424b-9868-57a2d4851a1d" relativeResultsDirectory="988fce4d-ca49-44a7-b802-e45ce7d25cd4" />
    <UnitTestResult executionId="540e3340-f0a7-42dc-8e20-63638cb183b0" testId="ef813fb4-1132-cb92-7e68-0c9ef045b6b7" testName="SystemMonitor.Tests.EndToEndTests.Metrics_CpuMem_Ranges" computerName="DESKTOP-J6M8022" duration="00:00:00.4468167" startTime="2025-08-22T03:04:58.8733240+08:00" endTime="2025-08-22T03:04:58.8733242+08:00" testType="13cdc9d9-ddb5-4fa4-a97d-d965ccfc6d4b" outcome="Passed" testListId="8c84fa94-04c1-424b-9868-57a2d4851a1d" relativeResultsDirectory="540e3340-f0a7-42dc-8e20-63638cb183b0" />
    <UnitTestResult executionId="8e5f0150-2cdd-4d27-80e3-05e3fedd9cc8" testId="d17c6ea2-3ca4-386f-c6e7-4b216cf89dd5" testName="SystemMonitor.Tests.ContractTests.UpdateApply_Request_Serializes_To_SnakeCase" computerName="DESKTOP-J6M8022" duration="00:00:00.0010000" startTime="2025-08-22T03:04:51.1934268+08:00" endTime="2025-08-22T03:04:51.1934269+08:00" testType="13cdc9d9-ddb5-4fa4-a97d-d965ccfc6d4b" outcome="NotExecuted" testListId="8c84fa94-04c1-424b-9868-57a2d4851a1d" relativeResultsDirectory="8e5f0150-2cdd-4d27-80e3-05e3fedd9cc8">
      <Output>
        <ErrorInfo>
          <Message>非 M1：后续里程碑接口</Message>
        </ErrorInfo>
      </Output>
    </UnitTestResult>
    <UnitTestResult executionId="960caccd-0d2a-4a8a-830f-b5a0d75e9968" testId="7fcfcc39-66f5-e59a-53bb-ab760b3d7c57" testName="SystemMonitor.Tests.SchemaTests.SetConfig_Schema_Invalid_TooSmallInterval" computerName="DESKTOP-J6M8022" duration="00:00:00.1203844" startTime="2025-08-22T03:04:51.3171389+08:00" endTime="2025-08-22T03:04:51.3171392+08:00" testType="13cdc9d9-ddb5-4fa4-a97d-d965ccfc6d4b" outcome="Passed" testListId="8c84fa94-04c1-424b-9868-57a2d4851a1d" relativeResultsDirectory="960caccd-0d2a-4a8a-830f-b5a0d75e9968" />
    <UnitTestResult executionId="bc897294-749d-4195-98b5-2ac7f036bb41" testId="116d7234-8081-621c-9c63-75bb4125b1af" testName="SystemMonitor.Tests.ContractTests.SetConfig_Request_Serializes_To_SnakeCase" computerName="DESKTOP-J6M8022" duration="00:00:00.0004744" startTime="2025-08-22T03:04:51.1446493+08:00" endTime="2025-08-22T03:04:51.1446494+08:00" testType="13cdc9d9-ddb5-4fa4-a97d-d965ccfc6d4b" outcome="Passed" testListId="8c84fa94-04c1-424b-9868-57a2d4851a1d" relativeResultsDirectory="bc897294-749d-4195-98b5-2ac7f036bb41" />
    <UnitTestResult executionId="0bcf6262-6349-4713-b16e-1ed25c8aaf23" testId="e7afe76e-2983-511f-53e6-ec72c360fd06" testName="SystemMonitor.Tests.SchemaTests.SetConfig_Schema_Valid_WithIntervals" computerName="DESKTOP-J6M8022" duration="00:00:00.0024765" startTime="2025-08-22T03:04:51.3251766+08:00" endTime="2025-08-22T03:04:51.3251769+08:00" testType="13cdc9d9-ddb5-4fa4-a97d-d965ccfc6d4b" outcome="Passed" testListId="8c84fa94-04c1-424b-9868-57a2d4851a1d" relativeResultsDirectory="0bcf6262-6349-4713-b16e-1ed25c8aaf23" />
    <UnitTestResult executionId="74efc265-6b68-432f-8753-0913b5013578" testId="7aba6d95-cdac-4d3b-fc1e-d345b65a933b" testName="SystemMonitor.Tests.ContractTests.Hello_Request_Serializes_To_SnakeCase" computerName="DESKTOP-J6M8022" duration="00:00:00.0014557" startTime="2025-08-22T03:04:51.1930358+08:00" endTime="2025-08-22T03:04:51.1930360+08:00" testType="13cdc9d9-ddb5-4fa4-a97d-d965ccfc6d4b" outcome="Passed" testListId="8c84fa94-04c1-424b-9868-57a2d4851a1d" relativeResultsDirectory="74efc265-6b68-432f-8753-0913b5013578" />
    <UnitTestResult executionId="a8932693-031f-4f47-9ec5-198a6a9ae275" testId="a5cee8d5-e1e7-16a2-597a-8c6cbc2b8be8" testName="SystemMonitor.Tests.EndToEndTests.Hello_Protocol_NotSupported_Fails" computerName="DESKTOP-J6M8022" duration="00:00:00.0241444" startTime="2025-08-22T03:05:14.0083501+08:00" endTime="2025-08-22T03:05:14.0083504+08:00" testType="13cdc9d9-ddb5-4fa4-a97d-d965ccfc6d4b" outcome="Passed" testListId="8c84fa94-04c1-424b-9868-57a2d4851a1d" relativeResultsDirectory="a8932693-031f-4f47-9ec5-198a6a9ae275" />
    <UnitTestResult executionId="00bc056d-5254-4d72-820b-8fd3f59ae258" testId="648e89fa-b178-023e-6b9f-b12e893716da" testName="SystemMonitor.Tests.EndToEndTests.Hello_Then_Snapshot_Works" computerName="DESKTOP-J6M8022" duration="00:00:05.1974296" startTime="2025-08-22T03:05:26.2719924+08:00" endTime="2025-08-22T03:05:26.2719926+08:00" testType="13cdc9d9-ddb5-4fa4-a97d-d965ccfc6d4b" outcome="Passed" testListId="8c84fa94-04c1-424b-9868-57a2d4851a1d" relativeResultsDirectory="00bc056d-5254-4d72-820b-8fd3f59ae258" />
    <UnitTestResult executionId="6041f25f-3be2-47d4-97c8-285053fb3fa7" testId="897198c2-e013-2fdc-4de0-ccbd44dab1f1" testName="SystemMonitor.Tests.UnitTest1.Test1" computerName="DESKTOP-J6M8022" duration="00:00:00.0000386" startTime="2025-08-22T03:05:30.7948882+08:00" endTime="2025-08-22T03:05:30.7948883+08:00" testType="13cdc9d9-ddb5-4fa4-a97d-d965ccfc6d4b" outcome="Passed" testListId="8c84fa94-04c1-424b-9868-57a2d4851a1d" relativeResultsDirectory="6041f25f-3be2-47d4-97c8-285053fb3fa7" />
    <UnitTestResult executionId="8a7a5c75-8a04-4b89-aedd-469832bb1a1f" testId="18b35648-a566-3499-95ec-e14d308dcba6" testName="SystemMonitor.Tests.EndToEndTests.Hello_Unsupported_Capability_Fails" computerName="DESKTOP-J6M8022" duration="00:00:00.1625597" startTime="2025-08-22T03:05:18.8717989+08:00" endTime="2025-08-22T03:05:18.8717991+08:00" testType="13cdc9d9-ddb5-4fa4-a97d-d965ccfc6d4b" outcome="Passed" testListId="8c84fa94-04c1-424b-9868-57a2d4851a1d" relativeResultsDirectory="8a7a5c75-8a04-4b89-aedd-469832bb1a1f" />
    <UnitTestResult executionId="b0b5ed01-57f4-445a-b791-525a17e5fd91" testId="dc6251cd-01f9-1cce-a502-df54ce71eba2" testName="SystemMonitor.Tests.ContractTests.SetConfig_Request_Should_Not_Contain_PascalCase_Keys" computerName="DESKTOP-J6M8022" duration="00:00:00.0154254" startTime="2025-08-22T03:04:51.1356971+08:00" endTime="2025-08-22T03:04:51.1356975+08:00" testType="13cdc9d9-ddb5-4fa4-a97d-d965ccfc6d4b" outcome="Passed" testListId="8c84fa94-04c1-424b-9868-57a2d4851a1d" relativeResultsDirectory="b0b5ed01-57f4-445a-b791-525a17e5fd91" />
    <UnitTestResult executionId="eff8c398-4af9-49ec-8b83-833c9e7e14a7" testId="2fee1618-453a-fb22-e956-2fd9d457aed7" testName="SystemMonitor.Tests.ContractTests.Stop_Request_Serializes_To_SnakeCase" computerName="DESKTOP-J6M8022" duration="00:00:00.0007703" startTime="2025-08-22T03:04:51.1496213+08:00" endTime="2025-08-22T03:04:51.1496214+08:00" testType="13cdc9d9-ddb5-4fa4-a97d-d965ccfc6d4b" outcome="Passed" testListId="8c84fa94-04c1-424b-9868-57a2d4851a1d" relativeResultsDirectory="eff8c398-4af9-49ec-8b83-833c9e7e14a7" />
    <UnitTestResult executionId="392bd71d-2464-47a4-a97a-62bfc00ad08b" testId="e1fbd4f1-6ade-f24b-317f-6dbbbf27c5fc" testName="SystemMonitor.Tests.SchemaTests.Hello_Schema_Valid_Minimal" computerName="DESKTOP-J6M8022" duration="00:00:00.0003923" startTime="2025-08-22T03:04:51.3395505+08:00" endTime="2025-08-22T03:04:51.3395506+08:00" testType="13cdc9d9-ddb5-4fa4-a97d-d965ccfc6d4b" outcome="Passed" testListId="8c84fa94-04c1-424b-9868-57a2d4851a1d" relativeResultsDirectory="392bd71d-2464-47a4-a97a-62bfc00ad08b" />
    <UnitTestResult executionId="16a7316e-7af2-48fd-a793-a087d23a9287" testId="5359d170-82fa-d8d2-2f92-97bc053dca0c" testName="SystemMonitor.Tests.EndToEndTests.QueryHistory_Works" computerName="DESKTOP-J6M8022" duration="00:00:00.1648505" startTime="2025-08-22T03:05:01.6370527+08:00" endTime="2025-08-22T03:05:01.6370529+08:00" testType="13cdc9d9-ddb5-4fa4-a97d-d965ccfc6d4b" outcome="Passed" testListId="8c84fa94-04c1-424b-9868-57a2d4851a1d" relativeResultsDirectory="16a7316e-7af2-48fd-a793-a087d23a9287" />
    <UnitTestResult executionId="3fa5edd0-7a67-4571-b571-c66594969fbc" testId="1625b824-bf75-ff81-2ccc-b11736dbaaf3" testName="SystemMonitor.Tests.EndToEndTests.Snapshot_CpuMem_Ranges" computerName="DESKTOP-J6M8022" duration="00:00:00.0550369" startTime="2025-08-22T03:05:30.7922652+08:00" endTime="2025-08-22T03:05:30.7922655+08:00" testType="13cdc9d9-ddb5-4fa4-a97d-d965ccfc6d4b" outcome="Passed" testListId="8c84fa94-04c1-424b-9868-57a2d4851a1d" relativeResultsDirectory="3fa5edd0-7a67-4571-b571-c66594969fbc" />
    <UnitTestResult executionId="5c552644-39b5-4ee9-a3b1-ae6024f501db" testId="0f77d0ed-59fb-971b-4d70-0677c148fa79" testName="SystemMonitor.Tests.EndToEndTests.QueryHistory_Edges_And_Bucketing" computerName="DESKTOP-J6M8022" duration="00:00:00.1276003" startTime="2025-08-22T03:04:56.4654008+08:00" endTime="2025-08-22T03:04:56.4654016+08:00" testType="13cdc9d9-ddb5-4fa4-a97d-d965ccfc6d4b" outcome="Passed" testListId="8c84fa94-04c1-424b-9868-57a2d4851a1d" relativeResultsDirectory="5c552644-39b5-4ee9-a3b1-ae6024f501db" />
    <UnitTestResult executionId="fc992ab3-1b67-4765-b5af-c0b0d74013e7" testId="316b5766-01a4-b945-df1a-1d07ac1dfded" testName="SystemMonitor.Tests.SchemaTests.BurstSubscribe_Schema_Valid" computerName="DESKTOP-J6M8022" duration="00:00:00.0006808" startTime="2025-08-22T03:04:51.3403492+08:00" endTime="2025-08-22T03:04:51.3403493+08:00" testType="13cdc9d9-ddb5-4fa4-a97d-d965ccfc6d4b" outcome="Passed" testListId="8c84fa94-04c1-424b-9868-57a2d4851a1d" relativeResultsDirectory="fc992ab3-1b67-4765-b5af-c0b0d74013e7" />
    <UnitTestResult executionId="9df4a601-0b38-4caf-8f21-470364496c34" testId="d13cbe31-bcad-db2e-a448-21033afe455a" testName="SystemMonitor.Tests.SchemaTests.Hello_Schema_Invalid_NoToken" computerName="DESKTOP-J6M8022" duration="00:00:00.0050898" startTime="2025-08-22T03:04:51.3304332+08:00" endTime="2025-08-22T03:04:51.3304334+08:00" testType="13cdc9d9-ddb5-4fa4-a97d-d965ccfc6d4b" outcome="Passed" testListId="8c84fa94-04c1-424b-9868-57a2d4851a1d" relativeResultsDirectory="9df4a601-0b38-4caf-8f21-470364496c34" />
    <UnitTestResult executionId="d6f6e8c1-eb30-4d3b-998d-648d52d963a0" testId="af91bfef-d9e3-90f4-bf1f-8322352913ff" testName="SystemMonitor.Tests.SchemaTests.QueryHistory_Schema_Invalid_Granularity" computerName="DESKTOP-J6M8022" duration="00:00:00.0025499" startTime="2025-08-22T03:04:51.3390143+08:00" endTime="2025-08-22T03:04:51.3390148+08:00" testType="13cdc9d9-ddb5-4fa4-a97d-d965ccfc6d4b" outcome="Passed" testListId="8c84fa94-04c1-424b-9868-57a2d4851a1d" relativeResultsDirectory="d6f6e8c1-eb30-4d3b-998d-648d52d963a0" />
    <UnitTestResult executionId="5be26545-f2e0-404e-a5e5-55d4a99ac110" testId="d1ecf483-dfd0-e8fd-412c-75343e5fd3e3" testName="SystemMonitor.Tests.UnitTest1.SnakeCase_Serialization_ShouldUseSnakeCaseNames" computerName="DESKTOP-J6M8022" duration="00:00:00.0002446" startTime="2025-08-22T03:05:30.7947212+08:00" endTime="2025-08-22T03:05:30.7947214+08:00" testType="13cdc9d9-ddb5-4fa4-a97d-d965ccfc6d4b" outcome="Passed" testListId="8c84fa94-04c1-424b-9868-57a2d4851a1d" relativeResultsDirectory="5be26545-f2e0-404e-a5e5-55d4a99ac110" />
    <UnitTestResult executionId="94c9840b-45d3-4ade-bce1-93c0b0c4aaa9" testId="fc84e8aa-81c3-13b2-161d-42cbb3024667" testName="SystemMonitor.Tests.ContractTests.SubscribeMetrics_Request_Serializes_To_SnakeCase" computerName="DESKTOP-J6M8022" duration="00:00:00.0549994" startTime="2025-08-22T03:04:51.1147671+08:00" endTime="2025-08-22T03:04:51.1147992+08:00" testType="13cdc9d9-ddb5-4fa4-a97d-d965ccfc6d4b" outcome="Passed" testListId="8c84fa94-04c1-424b-9868-57a2d4851a1d" relativeResultsDirectory="94c9840b-45d3-4ade-bce1-93c0b0c4aaa9" />
    <UnitTestResult executionId="54367f8e-3622-4c8d-b480-f91a84e8a5cf" testId="1bc68377-98f3-3224-550a-3a1f98831502" testName="SystemMonitor.Tests.EndToEndTests.Hello_WithoutToken_Fails" computerName="DESKTOP-J6M8022" duration="00:00:00.1497197" startTime="2025-08-22T03:04:53.9572126+08:00" endTime="2025-08-22T03:04:53.9572132+08:00" testType="13cdc9d9-ddb5-4fa4-a97d-d965ccfc6d4b" outcome="Passed" testListId="8c84fa94-04c1-424b-9868-57a2d4851a1d" relativeResultsDirectory="54367f8e-3622-4c8d-b480-f91a84e8a5cf" />
    <UnitTestResult executionId="a4199f5f-7793-4eda-8b7e-f3595a4aa5da" testId="b63f371d-2541-ba09-aa15-8afdc6da8ab0" testName="SystemMonitor.Tests.EndToEndTests.State_Emitted_On_Start_Burst_Stop" computerName="DESKTOP-J6M8022" duration="00:00:00.1312330" startTime="2025-08-22T03:05:28.5565367+08:00" endTime="2025-08-22T03:05:28.5565369+08:00" testType="13cdc9d9-ddb5-4fa4-a97d-d965ccfc6d4b" outcome="Passed" testListId="8c84fa94-04c1-424b-9868-57a2d4851a1d" relativeResultsDirectory="a4199f5f-7793-4eda-8b7e-f3595a4aa5da" />
    <UnitTestResult executionId="8e00fc10-4dce-4e8b-9b26-20e635b3e575" testId="d46fc4ee-0150-cded-8fbb-ceb1d2e0e4ba" testName="SystemMonitor.Tests.EndToEndTests.SetConfig_And_BurstSubscribe_Works" computerName="DESKTOP-J6M8022" duration="00:00:00.1583623" startTime="2025-08-22T03:05:16.3126969+08:00" endTime="2025-08-22T03:05:16.3126971+08:00" testType="13cdc9d9-ddb5-4fa4-a97d-d965ccfc6d4b" outcome="Passed" testListId="8c84fa94-04c1-424b-9868-57a2d4851a1d" relativeResultsDirectory="8e00fc10-4dce-4e8b-9b26-20e635b3e575" />
    <UnitTestResult executionId="3407a1d3-78ca-4fe1-ad2d-49349d438ab9" testId="63eafbb5-a30b-37a9-e05f-fe5729a00075" testName="SystemMonitor.Tests.ContractTests.UpdateCheck_Request_Serializes_To_SnakeCase" computerName="DESKTOP-J6M8022" duration="00:00:00.0010000" startTime="2025-08-22T03:04:51.1938796+08:00" endTime="2025-08-22T03:04:51.1938797+08:00" testType="13cdc9d9-ddb5-4fa4-a97d-d965ccfc6d4b" outcome="NotExecuted" testListId="8c84fa94-04c1-424b-9868-57a2d4851a1d" relativeResultsDirectory="3407a1d3-78ca-4fe1-ad2d-49349d438ab9">
      <Output>
        <ErrorInfo>
          <Message>非 M1：后续里程碑接口</Message>
        </ErrorInfo>
      </Output>
    </UnitTestResult>
    <UnitTestResult executionId="2ea31247-cd19-447f-be6b-83451c1f0e40" testId="f4df6398-0c14-b3dd-5ee6-c8f487d7504a" testName="SystemMonitor.Tests.ContractTests.Snapshot_Request_Serializes_To_SnakeCase" computerName="DESKTOP-J6M8022" duration="00:00:00.0006839" startTime="2025-08-22T03:04:51.1536195+08:00" endTime="2025-08-22T03:04:51.1536196+08:00" testType="13cdc9d9-ddb5-4fa4-a97d-d965ccfc6d4b" outcome="Passed" testListId="8c84fa94-04c1-424b-9868-57a2d4851a1d" relativeResultsDirectory="2ea31247-cd19-447f-be6b-83451c1f0e40" />
    <UnitTestResult executionId="166f9cfe-5c74-4566-b9a6-28d446df4d61" testId="8efef518-8988-e3e1-bb3e-361f08b825e5" testName="SystemMonitor.Tests.SchemaTests.Snapshot_Schema_Valid_WithModules" computerName="DESKTOP-J6M8022" duration="00:00:00.0052050" startTime="2025-08-22T03:04:51.3225270+08:00" endTime="2025-08-22T03:04:51.3225273+08:00" testType="13cdc9d9-ddb5-4fa4-a97d-d965ccfc6d4b" outcome="Passed" testListId="8c84fa94-04c1-424b-9868-57a2d4851a1d" relativeResultsDirectory="166f9cfe-5c74-4566-b9a6-28d446df4d61" />
    <UnitTestResult executionId="d3b60319-7eb2-41b6-888c-a7c1742db7b2" testId="dacf0d9f-52f8-cc00-236f-2f32d31c4af3" testName="SystemMonitor.Tests.EndToEndTests.SetConfig_Invalid_BaseInterval_Fails" computerName="DESKTOP-J6M8022" duration="00:00:00.0265530" startTime="2025-08-22T03:05:07.2141271+08:00" endTime="2025-08-22T03:05:07.2141274+08:00" testType="13cdc9d9-ddb5-4fa4-a97d-d965ccfc6d4b" outcome="Passed" testListId="8c84fa94-04c1-424b-9868-57a2d4851a1d" relativeResultsDirectory="d3b60319-7eb2-41b6-888c-a7c1742db7b2" />
  </Results>
  <TestDefinitions>
    <UnitTest name="SystemMonitor.Tests.EndToEndTests.SetConfig_Invalid_BaseInterval_Fails" storage="c:\code\sys-sensor-v3\src\systemmonitor.tests\bin\release\net8.0\systemmonitor.tests.dll" id="dacf0d9f-52f8-cc00-236f-2f32d31c4af3">
      <Execution id="d3b60319-7eb2-41b6-888c-a7c1742db7b2" />
      <TestMethod codeBase="C:\code\sys-sensor-v3\src\SystemMonitor.Tests\bin\Release\net8.0\SystemMonitor.Tests.dll" adapterTypeName="executor://xunit/VsTestRunner2/netcoreapp" className="SystemMonitor.Tests.EndToEndTests" name="SetConfig_Invalid_BaseInterval_Fails" />
    </UnitTest>
    <UnitTest name="SystemMonitor.Tests.EndToEndTests.Metrics_CpuMem_Ranges" storage="c:\code\sys-sensor-v3\src\systemmonitor.tests\bin\release\net8.0\systemmonitor.tests.dll" id="ef813fb4-1132-cb92-7e68-0c9ef045b6b7">
      <Execution id="540e3340-f0a7-42dc-8e20-63638cb183b0" />
      <TestMethod codeBase="C:\code\sys-sensor-v3\src\SystemMonitor.Tests\bin\Release\net8.0\SystemMonitor.Tests.dll" adapterTypeName="executor://xunit/VsTestRunner2/netcoreapp" className="SystemMonitor.Tests.EndToEndTests" name="Metrics_CpuMem_Ranges" />
    </UnitTest>
    <UnitTest name="SystemMonitor.Tests.UnitTest1.SnakeCase_Serialization_ShouldUseSnakeCaseNames" storage="c:\code\sys-sensor-v3\src\systemmonitor.tests\bin\release\net8.0\systemmonitor.tests.dll" id="d1ecf483-dfd0-e8fd-412c-75343e5fd3e3">
      <Execution id="5be26545-f2e0-404e-a5e5-55d4a99ac110" />
      <TestMethod codeBase="C:\code\sys-sensor-v3\src\SystemMonitor.Tests\bin\Release\net8.0\SystemMonitor.Tests.dll" adapterTypeName="executor://xunit/VsTestRunner2/netcoreapp" className="SystemMonitor.Tests.UnitTest1" name="SnakeCase_Serialization_ShouldUseSnakeCaseNames" />
    </UnitTest>
    <UnitTest name="SystemMonitor.Tests.EndToEndTests.Hello_Then_Snapshot_Works" storage="c:\code\sys-sensor-v3\src\systemmonitor.tests\bin\release\net8.0\systemmonitor.tests.dll" id="648e89fa-b178-023e-6b9f-b12e893716da">
      <Execution id="00bc056d-5254-4d72-820b-8fd3f59ae258" />
      <TestMethod codeBase="C:\code\sys-sensor-v3\src\SystemMonitor.Tests\bin\Release\net8.0\SystemMonitor.Tests.dll" adapterTypeName="executor://xunit/VsTestRunner2/netcoreapp" className="SystemMonitor.Tests.EndToEndTests" name="Hello_Then_Snapshot_Works" />
    </UnitTest>
    <UnitTest name="SystemMonitor.Tests.SchemaTests.SetConfig_Schema_Valid_WithIntervals" storage="c:\code\sys-sensor-v3\src\systemmonitor.tests\bin\release\net8.0\systemmonitor.tests.dll" id="e7afe76e-2983-511f-53e6-ec72c360fd06">
      <Execution id="0bcf6262-6349-4713-b16e-1ed25c8aaf23" />
      <TestMethod codeBase="C:\code\sys-sensor-v3\src\SystemMonitor.Tests\bin\Release\net8.0\SystemMonitor.Tests.dll" adapterTypeName="executor://xunit/VsTestRunner2/netcoreapp" className="SystemMonitor.Tests.SchemaTests" name="SetConfig_Schema_Valid_WithIntervals" />
    </UnitTest>
    <UnitTest name="SystemMonitor.Tests.EndToEndTests.Snapshot_CpuMem_Ranges" storage="c:\code\sys-sensor-v3\src\systemmonitor.tests\bin\release\net8.0\systemmonitor.tests.dll" id="1625b824-bf75-ff81-2ccc-b11736dbaaf3">
      <Execution id="3fa5edd0-7a67-4571-b571-c66594969fbc" />
      <TestMethod codeBase="C:\code\sys-sensor-v3\src\SystemMonitor.Tests\bin\Release\net8.0\SystemMonitor.Tests.dll" adapterTypeName="executor://xunit/VsTestRunner2/netcoreapp" className="SystemMonitor.Tests.EndToEndTests" name="Snapshot_CpuMem_Ranges" />
    </UnitTest>
    <UnitTest name="SystemMonitor.Tests.ContractTests.Start_Request_Serializes_To_SnakeCase" storage="c:\code\sys-sensor-v3\src\systemmonitor.tests\bin\release\net8.0\systemmonitor.tests.dll" id="825a0899-f60c-7747-10dc-edf9d745369b">
      <Execution id="cdd714c2-1e5a-41e8-9910-4c7c33eae73c" />
      <TestMethod codeBase="C:\code\sys-sensor-v3\src\SystemMonitor.Tests\bin\Release\net8.0\SystemMonitor.Tests.dll" adapterTypeName="executor://xunit/VsTestRunner2/netcoreapp" className="SystemMonitor.Tests.ContractTests" name="Start_Request_Serializes_To_SnakeCase" />
    </UnitTest>
    <UnitTest name="SystemMonitor.Tests.ContractTests.Hello_Request_Should_Not_Contain_PascalCase_Keys" storage="c:\code\sys-sensor-v3\src\systemmonitor.tests\bin\release\net8.0\systemmonitor.tests.dll" id="deff2b50-b04e-659a-fcb1-aacff92daa42">
      <Execution id="2a4b8869-8ebe-41b5-8398-f0af111fd20e" />
      <TestMethod codeBase="C:\code\sys-sensor-v3\src\SystemMonitor.Tests\bin\Release\net8.0\SystemMonitor.Tests.dll" adapterTypeName="executor://xunit/VsTestRunner2/netcoreapp" className="SystemMonitor.Tests.ContractTests" name="Hello_Request_Should_Not_Contain_PascalCase_Keys" />
    </UnitTest>
    <UnitTest name="SystemMonitor.Tests.ContractTests.QueryHistory_Request_Serializes_To_SnakeCase" storage="c:\code\sys-sensor-v3\src\systemmonitor.tests\bin\release\net8.0\systemmonitor.tests.dll" id="f6814e48-0b49-81a9-5412-aa1c3ac48e00">
      <Execution id="3da49fd8-e7ae-4f15-a109-d34a030da8fe" />
      <TestMethod codeBase="C:\code\sys-sensor-v3\src\SystemMonitor.Tests\bin\Release\net8.0\SystemMonitor.Tests.dll" adapterTypeName="executor://xunit/VsTestRunner2/netcoreapp" className="SystemMonitor.Tests.ContractTests" name="QueryHistory_Request_Serializes_To_SnakeCase" />
    </UnitTest>
    <UnitTest name="SystemMonitor.Tests.EndToEndTests.SetConfig_And_BurstSubscribe_Works" storage="c:\code\sys-sensor-v3\src\systemmonitor.tests\bin\release\net8.0\systemmonitor.tests.dll" id="d46fc4ee-0150-cded-8fbb-ceb1d2e0e4ba">
      <Execution id="8e00fc10-4dce-4e8b-9b26-20e635b3e575" />
      <TestMethod codeBase="C:\code\sys-sensor-v3\src\SystemMonitor.Tests\bin\Release\net8.0\SystemMonitor.Tests.dll" adapterTypeName="executor://xunit/VsTestRunner2/netcoreapp" className="SystemMonitor.Tests.EndToEndTests" name="SetConfig_And_BurstSubscribe_Works" />
    </UnitTest>
    <UnitTest name="SystemMonitor.Tests.EndToEndTests.QueryHistory_Works" storage="c:\code\sys-sensor-v3\src\systemmonitor.tests\bin\release\net8.0\systemmonitor.tests.dll" id="5359d170-82fa-d8d2-2f92-97bc053dca0c">
      <Execution id="16a7316e-7af2-48fd-a793-a087d23a9287" />
      <TestMethod codeBase="C:\code\sys-sensor-v3\src\SystemMonitor.Tests\bin\Release\net8.0\SystemMonitor.Tests.dll" adapterTypeName="executor://xunit/VsTestRunner2/netcoreapp" className="SystemMonitor.Tests.EndToEndTests" name="QueryHistory_Works" />
    </UnitTest>
    <UnitTest name="SystemMonitor.Tests.ContractTests.SetLogLevel_Request_Serializes_To_SnakeCase" storage="c:\code\sys-sensor-v3\src\systemmonitor.tests\bin\release\net8.0\systemmonitor.tests.dll" id="6bc5c69f-1e35-1dda-027a-3965f2238887">
      <Execution id="f6ff51c2-6eb5-4bad-b4f4-25032723361d" />
      <TestMethod codeBase="C:\code\sys-sensor-v3\src\SystemMonitor.Tests\bin\Release\net8.0\SystemMonitor.Tests.dll" adapterTypeName="executor://xunit/VsTestRunner2/netcoreapp" className="SystemMonitor.Tests.ContractTests" name="SetLogLevel_Request_Serializes_To_SnakeCase" />
    </UnitTest>
    <UnitTest name="SystemMonitor.Tests.EndToEndTests.QueryHistory_Edges_And_Bucketing" storage="c:\code\sys-sensor-v3\src\systemmonitor.tests\bin\release\net8.0\systemmonitor.tests.dll" id="0f77d0ed-59fb-971b-4d70-0677c148fa79">
      <Execution id="5c552644-39b5-4ee9-a3b1-ae6024f501db" />
      <TestMethod codeBase="C:\code\sys-sensor-v3\src\SystemMonitor.Tests\bin\Release\net8.0\SystemMonitor.Tests.dll" adapterTypeName="executor://xunit/VsTestRunner2/netcoreapp" className="SystemMonitor.Tests.EndToEndTests" name="QueryHistory_Edges_And_Bucketing" />
    </UnitTest>
    <UnitTest name="SystemMonitor.Tests.SchemaTests.SetConfig_Schema_Invalid_TooSmallInterval" storage="c:\code\sys-sensor-v3\src\systemmonitor.tests\bin\release\net8.0\systemmonitor.tests.dll" id="7fcfcc39-66f5-e59a-53bb-ab760b3d7c57">
      <Execution id="960caccd-0d2a-4a8a-830f-b5a0d75e9968" />
      <TestMethod codeBase="C:\code\sys-sensor-v3\src\SystemMonitor.Tests\bin\Release\net8.0\SystemMonitor.Tests.dll" adapterTypeName="executor://xunit/VsTestRunner2/netcoreapp" className="SystemMonitor.Tests.SchemaTests" name="SetConfig_Schema_Invalid_TooSmallInterval" />
    </UnitTest>
    <UnitTest name="SystemMonitor.Tests.SchemaTests.BurstSubscribe_Schema_Valid" storage="c:\code\sys-sensor-v3\src\systemmonitor.tests\bin\release\net8.0\systemmonitor.tests.dll" id="316b5766-01a4-b945-df1a-1d07ac1dfded">
      <Execution id="fc992ab3-1b67-4765-b5af-c0b0d74013e7" />
      <TestMethod codeBase="C:\code\sys-sensor-v3\src\SystemMonitor.Tests\bin\Release\net8.0\SystemMonitor.Tests.dll" adapterTypeName="executor://xunit/VsTestRunner2/netcoreapp" className="SystemMonitor.Tests.SchemaTests" name="BurstSubscribe_Schema_Valid" />
    </UnitTest>
    <UnitTest name="SystemMonitor.Tests.EndToEndTests.Hello_Unsupported_Capability_Fails" storage="c:\code\sys-sensor-v3\src\systemmonitor.tests\bin\release\net8.0\systemmonitor.tests.dll" id="18b35648-a566-3499-95ec-e14d308dcba6">
      <Execution id="8a7a5c75-8a04-4b89-aedd-469832bb1a1f" />
      <TestMethod codeBase="C:\code\sys-sensor-v3\src\SystemMonitor.Tests\bin\Release\net8.0\SystemMonitor.Tests.dll" adapterTypeName="executor://xunit/VsTestRunner2/netcoreapp" className="SystemMonitor.Tests.EndToEndTests" name="Hello_Unsupported_Capability_Fails" />
    </UnitTest>
    <UnitTest name="SystemMonitor.Tests.EndToEndTests.Hello_Protocol_NotSupported_Fails" storage="c:\code\sys-sensor-v3\src\systemmonitor.tests\bin\release\net8.0\systemmonitor.tests.dll" id="a5cee8d5-e1e7-16a2-597a-8c6cbc2b8be8">
      <Execution id="a8932693-031f-4f47-9ec5-198a6a9ae275" />
      <TestMethod codeBase="C:\code\sys-sensor-v3\src\SystemMonitor.Tests\bin\Release\net8.0\SystemMonitor.Tests.dll" adapterTypeName="executor://xunit/VsTestRunner2/netcoreapp" className="SystemMonitor.Tests.EndToEndTests" name="Hello_Protocol_NotSupported_Fails" />
    </UnitTest>
    <UnitTest name="SystemMonitor.Tests.ContractTests.BurstSubscribe_Request_Serializes_To_SnakeCase" storage="c:\code\sys-sensor-v3\src\systemmonitor.tests\bin\release\net8.0\systemmonitor.tests.dll" id="84bddd7b-5fca-ad7f-6631-caa1dc730eca">
      <Execution id="a3dba48f-5b4a-4481-83ae-52338af780c7" />
      <TestMethod codeBase="C:\code\sys-sensor-v3\src\SystemMonitor.Tests\bin\Release\net8.0\SystemMonitor.Tests.dll" adapterTypeName="executor://xunit/VsTestRunner2/netcoreapp" className="SystemMonitor.Tests.ContractTests" name="BurstSubscribe_Request_Serializes_To_SnakeCase" />
    </UnitTest>
    <UnitTest name="SystemMonitor.Tests.ContractTests.UpdateApply_Request_Serializes_To_SnakeCase" storage="c:\code\sys-sensor-v3\src\systemmonitor.tests\bin\release\net8.0\systemmonitor.tests.dll" id="d17c6ea2-3ca4-386f-c6e7-4b216cf89dd5">
      <Execution id="8e5f0150-2cdd-4d27-80e3-05e3fedd9cc8" />
      <TestMethod codeBase="C:\code\sys-sensor-v3\src\SystemMonitor.Tests\bin\Release\net8.0\SystemMonitor.Tests.dll" adapterTypeName="executor://xunit/VsTestRunner2/netcoreapp" className="SystemMonitor.Tests.ContractTests" name="UpdateApply_Request_Serializes_To_SnakeCase" />
    </UnitTest>
    <UnitTest name="SystemMonitor.Tests.EndToEndTests.State_Emitted_On_Start_Burst_Stop" storage="c:\code\sys-sensor-v3\src\systemmonitor.tests\bin\release\net8.0\systemmonitor.tests.dll" id="b63f371d-2541-ba09-aa15-8afdc6da8ab0">
      <Execution id="a4199f5f-7793-4eda-8b7e-f3595a4aa5da" />
      <TestMethod codeBase="C:\code\sys-sensor-v3\src\SystemMonitor.Tests\bin\Release\net8.0\SystemMonitor.Tests.dll" adapterTypeName="executor://xunit/VsTestRunner2/netcoreapp" className="SystemMonitor.Tests.EndToEndTests" name="State_Emitted_On_Start_Burst_Stop" />
    </UnitTest>
    <UnitTest name="SystemMonitor.Tests.UnitTest1.Test1" storage="c:\code\sys-sensor-v3\src\systemmonitor.tests\bin\release\net8.0\systemmonitor.tests.dll" id="897198c2-e013-2fdc-4de0-ccbd44dab1f1">
      <Execution id="6041f25f-3be2-47d4-97c8-285053fb3fa7" />
      <TestMethod codeBase="C:\code\sys-sensor-v3\src\SystemMonitor.Tests\bin\Release\net8.0\SystemMonitor.Tests.dll" adapterTypeName="executor://xunit/VsTestRunner2/netcoreapp" className="SystemMonitor.Tests.UnitTest1" name="Test1" />
    </UnitTest>
    <UnitTest name="SystemMonitor.Tests.SchemaTests.Snapshot_Schema_Valid_WithModules" storage="c:\code\sys-sensor-v3\src\systemmonitor.tests\bin\release\net8.0\systemmonitor.tests.dll" id="8efef518-8988-e3e1-bb3e-361f08b825e5">
      <Execution id="166f9cfe-5c74-4566-b9a6-28d446df4d61" />
      <TestMethod codeBase="C:\code\sys-sensor-v3\src\SystemMonitor.Tests\bin\Release\net8.0\SystemMonitor.Tests.dll" adapterTypeName="executor://xunit/VsTestRunner2/netcoreapp" className="SystemMonitor.Tests.SchemaTests" name="Snapshot_Schema_Valid_WithModules" />
    </UnitTest>
    <UnitTest name="SystemMonitor.Tests.SchemaTests.BurstSubscribe_Schema_Invalid_EmptyModules" storage="c:\code\sys-sensor-v3\src\systemmonitor.tests\bin\release\net8.0\systemmonitor.tests.dll" id="c7e17ebe-07f3-5913-71e6-f1c4a943136f">
      <Execution id="accbf3be-6fe9-4a9a-89c2-74f40a584fe4" />
      <TestMethod codeBase="C:\code\sys-sensor-v3\src\SystemMonitor.Tests\bin\Release\net8.0\SystemMonitor.Tests.dll" adapterTypeName="executor://xunit/VsTestRunner2/netcoreapp" className="SystemMonitor.Tests.SchemaTests" name="BurstSubscribe_Schema_Invalid_EmptyModules" />
    </UnitTest>
    <UnitTest name="SystemMonitor.Tests.EndToEndTests.QueryHistory_Aggregations_10s_1m" storage="c:\code\sys-sensor-v3\src\systemmonitor.tests\bin\release\net8.0\systemmonitor.tests.dll" id="afa476e6-1342-0de1-8963-ea8bca4835e6">
      <Execution id="014844ca-2381-4bb8-9b22-38fce73b6674" />
      <TestMethod codeBase="C:\code\sys-sensor-v3\src\SystemMonitor.Tests\bin\Release\net8.0\SystemMonitor.Tests.dll" adapterTypeName="executor://xunit/VsTestRunner2/netcoreapp" className="SystemMonitor.Tests.EndToEndTests" name="QueryHistory_Aggregations_10s_1m" />
    </UnitTest>
    <UnitTest name="SystemMonitor.Tests.ContractTests.SetConfig_Request_Serializes_To_SnakeCase" storage="c:\code\sys-sensor-v3\src\systemmonitor.tests\bin\release\net8.0\systemmonitor.tests.dll" id="116d7234-8081-621c-9c63-75bb4125b1af">
      <Execution id="bc897294-749d-4195-98b5-2ac7f036bb41" />
      <TestMethod codeBase="C:\code\sys-sensor-v3\src\SystemMonitor.Tests\bin\Release\net8.0\SystemMonitor.Tests.dll" adapterTypeName="executor://xunit/VsTestRunner2/netcoreapp" className="SystemMonitor.Tests.ContractTests" name="SetConfig_Request_Serializes_To_SnakeCase" />
    </UnitTest>
    <UnitTest name="SystemMonitor.Tests.ContractTests.Stop_Request_Serializes_To_SnakeCase" storage="c:\code\sys-sensor-v3\src\systemmonitor.tests\bin\release\net8.0\systemmonitor.tests.dll" id="2fee1618-453a-fb22-e956-2fd9d457aed7">
      <Execution id="eff8c398-4af9-49ec-8b83-833c9e7e14a7" />
      <TestMethod codeBase="C:\code\sys-sensor-v3\src\SystemMonitor.Tests\bin\Release\net8.0\SystemMonitor.Tests.dll" adapterTypeName="executor://xunit/VsTestRunner2/netcoreapp" className="SystemMonitor.Tests.ContractTests" name="Stop_Request_Serializes_To_SnakeCase" />
    </UnitTest>
    <UnitTest name="SystemMonitor.Tests.ContractTests.SubscribeMetrics_Request_Serializes_To_SnakeCase" storage="c:\code\sys-sensor-v3\src\systemmonitor.tests\bin\release\net8.0\systemmonitor.tests.dll" id="fc84e8aa-81c3-13b2-161d-42cbb3024667">
      <Execution id="94c9840b-45d3-4ade-bce1-93c0b0c4aaa9" />
      <TestMethod codeBase="C:\code\sys-sensor-v3\src\SystemMonitor.Tests\bin\Release\net8.0\SystemMonitor.Tests.dll" adapterTypeName="executor://xunit/VsTestRunner2/netcoreapp" className="SystemMonitor.Tests.ContractTests" name="SubscribeMetrics_Request_Serializes_To_SnakeCase" />
    </UnitTest>
    <UnitTest name="SystemMonitor.Tests.ContractTests.Hello_Request_Serializes_To_SnakeCase" storage="c:\code\sys-sensor-v3\src\systemmonitor.tests\bin\release\net8.0\systemmonitor.tests.dll" id="7aba6d95-cdac-4d3b-fc1e-d345b65a933b">
      <Execution id="74efc265-6b68-432f-8753-0913b5013578" />
      <TestMethod codeBase="C:\code\sys-sensor-v3\src\SystemMonitor.Tests\bin\Release\net8.0\SystemMonitor.Tests.dll" adapterTypeName="executor://xunit/VsTestRunner2/netcoreapp" className="SystemMonitor.Tests.ContractTests" name="Hello_Request_Serializes_To_SnakeCase" />
    </UnitTest>
    <UnitTest name="SystemMonitor.Tests.SchemaTests.Hello_Schema_Valid_Minimal" storage="c:\code\sys-sensor-v3\src\systemmonitor.tests\bin\release\net8.0\systemmonitor.tests.dll" id="e1fbd4f1-6ade-f24b-317f-6dbbbf27c5fc">
      <Execution id="392bd71d-2464-47a4-a97a-62bfc00ad08b" />
      <TestMethod codeBase="C:\code\sys-sensor-v3\src\SystemMonitor.Tests\bin\Release\net8.0\SystemMonitor.Tests.dll" adapterTypeName="executor://xunit/VsTestRunner2/netcoreapp" className="SystemMonitor.Tests.SchemaTests" name="Hello_Schema_Valid_Minimal" />
    </UnitTest>
    <UnitTest name="SystemMonitor.Tests.EndToEndTests.Hello_WithoutToken_Fails" storage="c:\code\sys-sensor-v3\src\systemmonitor.tests\bin\release\net8.0\systemmonitor.tests.dll" id="1bc68377-98f3-3224-550a-3a1f98831502">
      <Execution id="54367f8e-3622-4c8d-b480-f91a84e8a5cf" />
      <TestMethod codeBase="C:\code\sys-sensor-v3\src\SystemMonitor.Tests\bin\Release\net8.0\SystemMonitor.Tests.dll" adapterTypeName="executor://xunit/VsTestRunner2/netcoreapp" className="SystemMonitor.Tests.EndToEndTests" name="Hello_WithoutToken_Fails" />
    </UnitTest>
    <UnitTest name="SystemMonitor.Tests.ContractTests.SetConfig_Request_Should_Not_Contain_PascalCase_Keys" storage="c:\code\sys-sensor-v3\src\systemmonitor.tests\bin\release\net8.0\systemmonitor.tests.dll" id="dc6251cd-01f9-1cce-a502-df54ce71eba2">
      <Execution id="b0b5ed01-57f4-445a-b791-525a17e5fd91" />
      <TestMethod codeBase="C:\code\sys-sensor-v3\src\SystemMonitor.Tests\bin\Release\net8.0\SystemMonitor.Tests.dll" adapterTypeName="executor://xunit/VsTestRunner2/netcoreapp" className="SystemMonitor.Tests.ContractTests" name="SetConfig_Request_Should_Not_Contain_PascalCase_Keys" />
    </UnitTest>
    <UnitTest name="SystemMonitor.Tests.SchemaTests.QueryHistory_Schema_Valid" storage="c:\code\sys-sensor-v3\src\systemmonitor.tests\bin\release\net8.0\systemmonitor.tests.dll" id="69d6d1aa-b426-63fd-4c85-4eac53250980">
      <Execution id="988fce4d-ca49-44a7-b802-e45ce7d25cd4" />
      <TestMethod codeBase="C:\code\sys-sensor-v3\src\SystemMonitor.Tests\bin\Release\net8.0\SystemMonitor.Tests.dll" adapterTypeName="executor://xunit/VsTestRunner2/netcoreapp" className="SystemMonitor.Tests.SchemaTests" name="QueryHistory_Schema_Valid" />
    </UnitTest>
    <UnitTest name="SystemMonitor.Tests.SchemaTests.QueryHistory_Schema_Invalid_Granularity" storage="c:\code\sys-sensor-v3\src\systemmonitor.tests\bin\release\net8.0\systemmonitor.tests.dll" id="af91bfef-d9e3-90f4-bf1f-8322352913ff">
      <Execution id="d6f6e8c1-eb30-4d3b-998d-648d52d963a0" />
      <TestMethod codeBase="C:\code\sys-sensor-v3\src\SystemMonitor.Tests\bin\Release\net8.0\SystemMonitor.Tests.dll" adapterTypeName="executor://xunit/VsTestRunner2/netcoreapp" className="SystemMonitor.Tests.SchemaTests" name="QueryHistory_Schema_Invalid_Granularity" />
    </UnitTest>
    <UnitTest name="SystemMonitor.Tests.ContractTests.Snapshot_Request_Serializes_To_SnakeCase" storage="c:\code\sys-sensor-v3\src\systemmonitor.tests\bin\release\net8.0\systemmonitor.tests.dll" id="f4df6398-0c14-b3dd-5ee6-c8f487d7504a">
      <Execution id="2ea31247-cd19-447f-be6b-83451c1f0e40" />
      <TestMethod codeBase="C:\code\sys-sensor-v3\src\SystemMonitor.Tests\bin\Release\net8.0\SystemMonitor.Tests.dll" adapterTypeName="executor://xunit/VsTestRunner2/netcoreapp" className="SystemMonitor.Tests.ContractTests" name="Snapshot_Request_Serializes_To_SnakeCase" />
    </UnitTest>
    <UnitTest name="SystemMonitor.Tests.EndToEndTests.Metrics_Throttle_Burst_Recovery_Works" storage="c:\code\sys-sensor-v3\src\systemmonitor.tests\bin\release\net8.0\systemmonitor.tests.dll" id="575383ac-a422-d1e5-3903-2da7ffd1b577">
      <Execution id="0c428909-fbcc-4bd7-b88a-6973b9267d6a" />
      <TestMethod codeBase="C:\code\sys-sensor-v3\src\SystemMonitor.Tests\bin\Release\net8.0\SystemMonitor.Tests.dll" adapterTypeName="executor://xunit/VsTestRunner2/netcoreapp" className="SystemMonitor.Tests.EndToEndTests" name="Metrics_Throttle_Burst_Recovery_Works" />
    </UnitTest>
    <UnitTest name="SystemMonitor.Tests.SchemaTests.Hello_Schema_Invalid_NoToken" storage="c:\code\sys-sensor-v3\src\systemmonitor.tests\bin\release\net8.0\systemmonitor.tests.dll" id="d13cbe31-bcad-db2e-a448-21033afe455a">
      <Execution id="9df4a601-0b38-4caf-8f21-470364496c34" />
      <TestMethod codeBase="C:\code\sys-sensor-v3\src\SystemMonitor.Tests\bin\Release\net8.0\SystemMonitor.Tests.dll" adapterTypeName="executor://xunit/VsTestRunner2/netcoreapp" className="SystemMonitor.Tests.SchemaTests" name="Hello_Schema_Invalid_NoToken" />
    </UnitTest>
    <UnitTest name="SystemMonitor.Tests.ContractTests.UpdateCheck_Request_Serializes_To_SnakeCase" storage="c:\code\sys-sensor-v3\src\systemmonitor.tests\bin\release\net8.0\systemmonitor.tests.dll" id="63eafbb5-a30b-37a9-e05f-fe5729a00075">
      <Execution id="3407a1d3-78ca-4fe1-ad2d-49349d438ab9" />
      <TestMethod codeBase="C:\code\sys-sensor-v3\src\SystemMonitor.Tests\bin\Release\net8.0\SystemMonitor.Tests.dll" adapterTypeName="executor://xunit/VsTestRunner2/netcoreapp" className="SystemMonitor.Tests.ContractTests" name="UpdateCheck_Request_Serializes_To_SnakeCase" />
    </UnitTest>
  </TestDefinitions>
  <TestEntries>
    <TestEntry testId="84bddd7b-5fca-ad7f-6631-caa1dc730eca" executionId="a3dba48f-5b4a-4481-83ae-52338af780c7" testListId="8c84fa94-04c1-424b-9868-57a2d4851a1d" />
    <TestEntry testId="afa476e6-1342-0de1-8963-ea8bca4835e6" executionId="014844ca-2381-4bb8-9b22-38fce73b6674" testListId="8c84fa94-04c1-424b-9868-57a2d4851a1d" />
    <TestEntry testId="c7e17ebe-07f3-5913-71e6-f1c4a943136f" executionId="accbf3be-6fe9-4a9a-89c2-74f40a584fe4" testListId="8c84fa94-04c1-424b-9868-57a2d4851a1d" />
    <TestEntry testId="575383ac-a422-d1e5-3903-2da7ffd1b577" executionId="0c428909-fbcc-4bd7-b88a-6973b9267d6a" testListId="8c84fa94-04c1-424b-9868-57a2d4851a1d" />
    <TestEntry testId="825a0899-f60c-7747-10dc-edf9d745369b" executionId="cdd714c2-1e5a-41e8-9910-4c7c33eae73c" testListId="8c84fa94-04c1-424b-9868-57a2d4851a1d" />
    <TestEntry testId="deff2b50-b04e-659a-fcb1-aacff92daa42" executionId="2a4b8869-8ebe-41b5-8398-f0af111fd20e" testListId="8c84fa94-04c1-424b-9868-57a2d4851a1d" />
    <TestEntry testId="6bc5c69f-1e35-1dda-027a-3965f2238887" executionId="f6ff51c2-6eb5-4bad-b4f4-25032723361d" testListId="8c84fa94-04c1-424b-9868-57a2d4851a1d" />
    <TestEntry testId="f6814e48-0b49-81a9-5412-aa1c3ac48e00" executionId="3da49fd8-e7ae-4f15-a109-d34a030da8fe" testListId="8c84fa94-04c1-424b-9868-57a2d4851a1d" />
    <TestEntry testId="69d6d1aa-b426-63fd-4c85-4eac53250980" executionId="988fce4d-ca49-44a7-b802-e45ce7d25cd4" testListId="8c84fa94-04c1-424b-9868-57a2d4851a1d" />
    <TestEntry testId="ef813fb4-1132-cb92-7e68-0c9ef045b6b7" executionId="540e3340-f0a7-42dc-8e20-63638cb183b0" testListId="8c84fa94-04c1-424b-9868-57a2d4851a1d" />
    <TestEntry testId="d17c6ea2-3ca4-386f-c6e7-4b216cf89dd5" executionId="8e5f0150-2cdd-4d27-80e3-05e3fedd9cc8" testListId="8c84fa94-04c1-424b-9868-57a2d4851a1d" />
    <TestEntry testId="7fcfcc39-66f5-e59a-53bb-ab760b3d7c57" executionId="960caccd-0d2a-4a8a-830f-b5a0d75e9968" testListId="8c84fa94-04c1-424b-9868-57a2d4851a1d" />
    <TestEntry testId="116d7234-8081-621c-9c63-75bb4125b1af" executionId="bc897294-749d-4195-98b5-2ac7f036bb41" testListId="8c84fa94-04c1-424b-9868-57a2d4851a1d" />
    <TestEntry testId="e7afe76e-2983-511f-53e6-ec72c360fd06" executionId="0bcf6262-6349-4713-b16e-1ed25c8aaf23" testListId="8c84fa94-04c1-424b-9868-57a2d4851a1d" />
    <TestEntry testId="7aba6d95-cdac-4d3b-fc1e-d345b65a933b" executionId="74efc265-6b68-432f-8753-0913b5013578" testListId="8c84fa94-04c1-424b-9868-57a2d4851a1d" />
    <TestEntry testId="a5cee8d5-e1e7-16a2-597a-8c6cbc2b8be8" executionId="a8932693-031f-4f47-9ec5-198a6a9ae275" testListId="8c84fa94-04c1-424b-9868-57a2d4851a1d" />
    <TestEntry testId="648e89fa-b178-023e-6b9f-b12e893716da" executionId="00bc056d-5254-4d72-820b-8fd3f59ae258" testListId="8c84fa94-04c1-424b-9868-57a2d4851a1d" />
    <TestEntry testId="897198c2-e013-2fdc-4de0-ccbd44dab1f1" executionId="6041f25f-3be2-47d4-97c8-285053fb3fa7" testListId="8c84fa94-04c1-424b-9868-57a2d4851a1d" />
    <TestEntry testId="18b35648-a566-3499-95ec-e14d308dcba6" executionId="8a7a5c75-8a04-4b89-aedd-469832bb1a1f" testListId="8c84fa94-04c1-424b-9868-57a2d4851a1d" />
    <TestEntry testId="dc6251cd-01f9-1cce-a502-df54ce71eba2" executionId="b0b5ed01-57f4-445a-b791-525a17e5fd91" testListId="8c84fa94-04c1-424b-9868-57a2d4851a1d" />
    <TestEntry testId="2fee1618-453a-fb22-e956-2fd9d457aed7" executionId="eff8c398-4af9-49ec-8b83-833c9e7e14a7" testListId="8c84fa94-04c1-424b-9868-57a2d4851a1d" />
    <TestEntry testId="e1fbd4f1-6ade-f24b-317f-6dbbbf27c5fc" executionId="392bd71d-2464-47a4-a97a-62bfc00ad08b" testListId="8c84fa94-04c1-424b-9868-57a2d4851a1d" />
    <TestEntry testId="5359d170-82fa-d8d2-2f92-97bc053dca0c" executionId="16a7316e-7af2-48fd-a793-a087d23a9287" testListId="8c84fa94-04c1-424b-9868-57a2d4851a1d" />
    <TestEntry testId="1625b824-bf75-ff81-2ccc-b11736dbaaf3" executionId="3fa5edd0-7a67-4571-b571-c66594969fbc" testListId="8c84fa94-04c1-424b-9868-57a2d4851a1d" />
    <TestEntry testId="0f77d0ed-59fb-971b-4d70-0677c148fa79" executionId="5c552644-39b5-4ee9-a3b1-ae6024f501db" testListId="8c84fa94-04c1-424b-9868-57a2d4851a1d" />
    <TestEntry testId="316b5766-01a4-b945-df1a-1d07ac1dfded" executionId="fc992ab3-1b67-4765-b5af-c0b0d74013e7" testListId="8c84fa94-04c1-424b-9868-57a2d4851a1d" />
    <TestEntry testId="d13cbe31-bcad-db2e-a448-21033afe455a" executionId="9df4a601-0b38-4caf-8f21-470364496c34" testListId="8c84fa94-04c1-424b-9868-57a2d4851a1d" />
    <TestEntry testId="af91bfef-d9e3-90f4-bf1f-8322352913ff" executionId="d6f6e8c1-eb30-4d3b-998d-648d52d963a0" testListId="8c84fa94-04c1-424b-9868-57a2d4851a1d" />
    <TestEntry testId="d1ecf483-dfd0-e8fd-412c-75343e5fd3e3" executionId="5be26545-f2e0-404e-a5e5-55d4a99ac110" testListId="8c84fa94-04c1-424b-9868-57a2d4851a1d" />
    <TestEntry testId="fc84e8aa-81c3-13b2-161d-42cbb3024667" executionId="94c9840b-45d3-4ade-bce1-93c0b0c4aaa9" testListId="8c84fa94-04c1-424b-9868-57a2d4851a1d" />
    <TestEntry testId="1bc68377-98f3-3224-550a-3a1f98831502" executionId="54367f8e-3622-4c8d-b480-f91a84e8a5cf" testListId="8c84fa94-04c1-424b-9868-57a2d4851a1d" />
    <TestEntry testId="b63f371d-2541-ba09-aa15-8afdc6da8ab0" executionId="a4199f5f-7793-4eda-8b7e-f3595a4aa5da" testListId="8c84fa94-04c1-424b-9868-57a2d4851a1d" />
    <TestEntry testId="d46fc4ee-0150-cded-8fbb-ceb1d2e0e4ba" executionId="8e00fc10-4dce-4e8b-9b26-20e635b3e575" testListId="8c84fa94-04c1-424b-9868-57a2d4851a1d" />
    <TestEntry testId="63eafbb5-a30b-37a9-e05f-fe5729a00075" executionId="3407a1d3-78ca-4fe1-ad2d-49349d438ab9" testListId="8c84fa94-04c1-424b-9868-57a2d4851a1d" />
    <TestEntry testId="f4df6398-0c14-b3dd-5ee6-c8f487d7504a" executionId="2ea31247-cd19-447f-be6b-83451c1f0e40" testListId="8c84fa94-04c1-424b-9868-57a2d4851a1d" />
    <TestEntry testId="8efef518-8988-e3e1-bb3e-361f08b825e5" executionId="166f9cfe-5c74-4566-b9a6-28d446df4d61" testListId="8c84fa94-04c1-424b-9868-57a2d4851a1d" />
    <TestEntry testId="dacf0d9f-52f8-cc00-236f-2f32d31c4af3" executionId="d3b60319-7eb2-41b6-888c-a7c1742db7b2" testListId="8c84fa94-04c1-424b-9868-57a2d4851a1d" />
  </TestEntries>
  <TestLists>
    <TestList name="列表中未列出的结果" id="8c84fa94-04c1-424b-9868-57a2d4851a1d" />
    <TestList name="所有已加载的结果" id="19431567-8539-422a-85d7-44ee4e166bda" />
  </TestLists>
  <ResultSummary outcome="Completed">
    <Counters total="37" executed="34" passed="34" failed="0" error="0" timeout="0" aborted="0" inconclusive="0" passedButRunAborted="0" notRunnable="0" notExecuted="0" disconnected="0" warning="0" completed="0" inProgress="0" pending="0" />
    <Output>
      <StdOut>[xUnit.net 00:00:00.00] xUnit.net VSTest Adapter v2.5.3.1+6b60a9e56a (64-bit .NET 8.0.19)&#xD;
[xUnit.net 00:00:00.14]   Discovering: SystemMonitor.Tests&#xD;
[xUnit.net 00:00:00.17]   Discovered:  SystemMonitor.Tests&#xD;
[xUnit.net 00:00:00.18]   Starting:    SystemMonitor.Tests&#xD;
[xUnit.net 00:00:00.33]       非 M1：后续里程碑接口&#xD;
在测试运行中跳过测试“SystemMonitor.Tests.ContractTests.SetLogLevel_Request_Serializes_To_SnakeCase”。&#xD;
[xUnit.net 00:00:00.38]       非 M1：后续里程碑接口&#xD;
[xUnit.net 00:00:00.38]       非 M1：后续里程碑接口&#xD;
在测试运行中跳过测试“SystemMonitor.Tests.ContractTests.UpdateApply_Request_Serializes_To_SnakeCase”。&#xD;
在测试运行中跳过测试“SystemMonitor.Tests.ContractTests.UpdateCheck_Request_Serializes_To_SnakeCase”。&#xD;
[svc][out] 正在生成...&#xD;
[test][pipe-wait] last-win32=2 elapsed=0.0s&#xD;
[test][pipe-wait] last-win32=2 elapsed=0.2s&#xD;
[test][pipe-wait] last-win32=2 elapsed=0.4s&#xD;
[test][pipe-wait] last-win32=2 elapsed=0.6s&#xD;
[test][pipe-wait] last-win32=2 elapsed=0.8s&#xD;
[test][pipe-wait] last-win32=2 elapsed=1.0s&#xD;
[test][pipe-wait] last-win32=2 elapsed=1.3s&#xD;
[svc][out] [BOOT] Program start&#xD;
[svc][out] [BOOT] Invoking root command...&#xD;
[svc][out] [BOOT] Host builder created&#xD;
[svc][out] [BOOT] Building host...&#xD;
[test][pipe-wait] last-win32=2 elapsed=1.5s&#xD;
[svc][out] [BOOT] Host built&#xD;
[svc][out] [SystemMonitor.Service] Running in CONSOLE mode. Use --service to run as Windows Service.&#xD;
[test][pipe-wait] last-win32=2 elapsed=1.7s&#xD;
[svc][out] 正在生成...&#xD;
[test][pipe-wait] last-win32=2 elapsed=0.0s&#xD;
[test][pipe-wait] last-win32=2 elapsed=0.2s&#xD;
[test][pipe-wait] last-win32=2 elapsed=0.4s&#xD;
[test][pipe-wait] last-win32=2 elapsed=0.6s&#xD;
[test][pipe-wait] last-win32=2 elapsed=0.8s&#xD;
[test][pipe-wait] last-win32=2 elapsed=1.0s&#xD;
[test][pipe-wait] last-win32=2 elapsed=1.2s&#xD;
[svc][out] [BOOT] Program start&#xD;
[test][pipe-wait] last-win32=2 elapsed=1.4s&#xD;
[svc][out] [BOOT] Invoking root command...&#xD;
[svc][out] [BOOT] Host builder created&#xD;
[svc][out] [BOOT] Building host...&#xD;
[test][pipe-wait] last-win32=2 elapsed=1.6s&#xD;
[svc][out] [BOOT] Host built&#xD;
[svc][out] [SystemMonitor.Service] Running in CONSOLE mode. Use --service to run as Windows Service.&#xD;
[svc][out] 正在生成...&#xD;
[test][pipe-wait] last-win32=2 elapsed=0.0s&#xD;
[test][pipe-wait] last-win32=2 elapsed=0.2s&#xD;
[test][pipe-wait] last-win32=2 elapsed=0.4s&#xD;
[test][pipe-wait] last-win32=2 elapsed=0.6s&#xD;
[test][pipe-wait] last-win32=2 elapsed=0.8s&#xD;
[svc][out] [BOOT] Program start&#xD;
[svc][out] [BOOT] Invoking root command...&#xD;
[svc][out] [BOOT] Host builder created&#xD;
[svc][out] [BOOT] Building host...&#xD;
[test][pipe-wait] last-win32=2 elapsed=1.0s&#xD;
[svc][out] [BOOT] Host built&#xD;
[svc][out] [SystemMonitor.Service] Running in CONSOLE mode. Use --service to run as Windows Service.&#xD;
[test][pipe-wait] last-win32=2 elapsed=1.2s&#xD;
[svc][out] 正在生成...&#xD;
[test][pipe-wait] last-win32=2 elapsed=0.0s&#xD;
[test][pipe-wait] last-win32=2 elapsed=0.2s&#xD;
[test][pipe-wait] last-win32=2 elapsed=0.4s&#xD;
[test][pipe-wait] last-win32=2 elapsed=0.6s&#xD;
[test][pipe-wait] last-win32=2 elapsed=0.8s&#xD;
[test][pipe-wait] last-win32=2 elapsed=1.0s&#xD;
[test][pipe-wait] last-win32=2 elapsed=1.2s&#xD;
[test][pipe-wait] last-win32=2 elapsed=1.4s&#xD;
[svc][out] [BOOT] Program start&#xD;
[svc][out] [BOOT] Invoking root command...&#xD;
[svc][out] [BOOT] Host builder created&#xD;
[svc][out] [BOOT] Building host...&#xD;
[test][pipe-wait] last-win32=2 elapsed=1.6s&#xD;
[svc][out] [BOOT] Host built&#xD;
[svc][out] [SystemMonitor.Service] Running in CONSOLE mode. Use --service to run as Windows Service.&#xD;
[test][pipe-wait] last-win32=2 elapsed=1.8s&#xD;
[svc][out] 正在生成...&#xD;
[test][pipe-wait] last-win32=2 elapsed=0.0s&#xD;
[test][pipe-wait] last-win32=2 elapsed=0.2s&#xD;
[test][pipe-wait] last-win32=2 elapsed=0.4s&#xD;
[test][pipe-wait] last-win32=2 elapsed=0.6s&#xD;
[test][pipe-wait] last-win32=2 elapsed=0.8s&#xD;
[test][pipe-wait] last-win32=2 elapsed=1.0s&#xD;
[svc][out] [BOOT] Program start&#xD;
[svc][out] [BOOT] Invoking root command...&#xD;
[svc][out] [BOOT] Host builder created&#xD;
[svc][out] [BOOT] Building host...&#xD;
[test][pipe-wait] last-win32=2 elapsed=1.2s&#xD;
[svc][out] [BOOT] Host built&#xD;
[svc][out] [SystemMonitor.Service] Running in CONSOLE mode. Use --service to run as Windows Service.&#xD;
[test][pipe-wait] last-win32=2 elapsed=1.4s&#xD;
[svc][out] 正在生成...&#xD;
[test][pipe-wait] last-win32=2 elapsed=0.0s&#xD;
[test][pipe-wait] last-win32=2 elapsed=0.2s&#xD;
[test][pipe-wait] last-win32=2 elapsed=0.4s&#xD;
[test][pipe-wait] last-win32=2 elapsed=0.6s&#xD;
[test][pipe-wait] last-win32=2 elapsed=0.8s&#xD;
[test][pipe-wait] last-win32=2 elapsed=1.0s&#xD;
[svc][out] [BOOT] Program start&#xD;
[svc][out] [BOOT] Invoking root command...&#xD;
[svc][out] [BOOT] Host builder created&#xD;
[svc][out] [BOOT] Building host...&#xD;
[test][pipe-wait] last-win32=2 elapsed=1.2s&#xD;
[svc][out] [BOOT] Host built&#xD;
[svc][out] [SystemMonitor.Service] Running in CONSOLE mode. Use --service to run as Windows Service.&#xD;
[test][pipe-wait] last-win32=2 elapsed=1.4s&#xD;
[svc][out] 正在生成...&#xD;
[test][pipe-wait] last-win32=2 elapsed=0.0s&#xD;
[test][pipe-wait] last-win32=2 elapsed=0.2s&#xD;
[test][pipe-wait] last-win32=2 elapsed=0.4s&#xD;
[test][pipe-wait] last-win32=2 elapsed=0.6s&#xD;
[test][pipe-wait] last-win32=2 elapsed=0.8s&#xD;
[test][pipe-wait] last-win32=2 elapsed=1.0s&#xD;
[svc][out] [BOOT] Program start&#xD;
[svc][out] [BOOT] Invoking root command...&#xD;
[svc][out] [BOOT] Host builder created&#xD;
[svc][out] [BOOT] Building host...&#xD;
[test][pipe-wait] last-win32=2 elapsed=1.2s&#xD;
[svc][out] [BOOT] Host built&#xD;
[svc][out] [SystemMonitor.Service] Running in CONSOLE mode. Use --service to run as Windows Service.&#xD;
[test][pipe-wait] last-win32=2 elapsed=1.4s&#xD;
[svc][out] 正在生成...&#xD;
[test][pipe-wait] last-win32=2 elapsed=0.0s&#xD;
[test][pipe-wait] last-win32=2 elapsed=0.2s&#xD;
[test][pipe-wait] last-win32=2 elapsed=0.4s&#xD;
[test][pipe-wait] last-win32=2 elapsed=0.6s&#xD;
[test][pipe-wait] last-win32=2 elapsed=0.8s&#xD;
[svc][out] [BOOT] Program start&#xD;
[svc][out] [BOOT] Invoking root command...&#xD;
[svc][out] [BOOT] Host builder created&#xD;
[svc][out] [BOOT] Building host...&#xD;
[test][pipe-wait] last-win32=2 elapsed=1.1s&#xD;
[svc][out] [BOOT] Host built&#xD;
[svc][out] [SystemMonitor.Service] Running in CONSOLE mode. Use --service to run as Windows Service.&#xD;
[test][pipe-wait] last-win32=2 elapsed=1.3s&#xD;
[svc][out] 正在生成...&#xD;
[test][pipe-wait] last-win32=2 elapsed=0.0s&#xD;
[test][pipe-wait] last-win32=2 elapsed=0.2s&#xD;
[test][pipe-wait] last-win32=2 elapsed=0.4s&#xD;
[test][pipe-wait] last-win32=2 elapsed=0.6s&#xD;
[test][pipe-wait] last-win32=2 elapsed=0.8s&#xD;
[test][pipe-wait] last-win32=2 elapsed=1.0s&#xD;
[svc][out] [BOOT] Program start&#xD;
[svc][out] [BOOT] Invoking root command...&#xD;
[test][pipe-wait] last-win32=2 elapsed=1.2s&#xD;
[svc][out] [BOOT] Host builder created&#xD;
[svc][out] [BOOT] Building host...&#xD;
[test][pipe-wait] last-win32=2 elapsed=1.4s&#xD;
[svc][out] [BOOT] Host built&#xD;
[svc][out] [SystemMonitor.Service] Running in CONSOLE mode. Use --service to run as Windows Service.&#xD;
[svc][out] 正在生成...&#xD;
[test][pipe-wait] last-win32=2 elapsed=0.0s&#xD;
[test][pipe-wait] last-win32=2 elapsed=0.2s&#xD;
[test][pipe-wait] last-win32=2 elapsed=0.4s&#xD;
[test][pipe-wait] last-win32=2 elapsed=0.6s&#xD;
[test][pipe-wait] last-win32=2 elapsed=0.8s&#xD;
[test][pipe-wait] last-win32=2 elapsed=1.0s&#xD;
[test][pipe-wait] last-win32=2 elapsed=1.2s&#xD;
[svc][out] [BOOT] Program start&#xD;
[svc][out] [BOOT] Invoking root command...&#xD;
[svc][out] [BOOT] Host builder created&#xD;
[svc][out] [BOOT] Building host...&#xD;
[test][pipe-wait] last-win32=2 elapsed=1.4s&#xD;
[svc][out] [BOOT] Host built&#xD;
[svc][out] [SystemMonitor.Service] Running in CONSOLE mode. Use --service to run as Windows Service.&#xD;
[test][pipe-wait] last-win32=2 elapsed=1.6s&#xD;
[svc][out] 正在生成...&#xD;
[test][pipe-wait] last-win32=2 elapsed=0.0s&#xD;
[test][pipe-wait] last-win32=2 elapsed=0.2s&#xD;
[test][pipe-wait] last-win32=2 elapsed=0.4s&#xD;
[test][pipe-wait] last-win32=2 elapsed=0.6s&#xD;
[test][pipe-wait] last-win32=2 elapsed=0.8s&#xD;
[test][pipe-wait] last-win32=2 elapsed=1.0s&#xD;
[test][pipe-wait] last-win32=2 elapsed=1.2s&#xD;
[svc][out] [BOOT] Program start&#xD;
[svc][out] [BOOT] Invoking root command...&#xD;
[svc][out] [BOOT] Host builder created&#xD;
[svc][out] [BOOT] Building host...&#xD;
[test][pipe-wait] last-win32=2 elapsed=1.4s&#xD;
[svc][out] [BOOT] Host built&#xD;
[svc][out] [SystemMonitor.Service] Running in CONSOLE mode. Use --service to run as Windows Service.&#xD;
[svc][out] 正在生成...&#xD;
[test][pipe-wait] last-win32=2 elapsed=0.0s&#xD;
[test][pipe-wait] last-win32=2 elapsed=0.2s&#xD;
[test][pipe-wait] last-win32=2 elapsed=0.4s&#xD;
[test][pipe-wait] last-win32=2 elapsed=0.6s&#xD;
[test][pipe-wait] last-win32=2 elapsed=0.8s&#xD;
[test][pipe-wait] last-win32=2 elapsed=1.0s&#xD;
[svc][out] [BOOT] Program start&#xD;
[svc][out] [BOOT] Invoking root command...&#xD;
[test][pipe-wait] last-win32=2 elapsed=1.2s&#xD;
[svc][out] [BOOT] Host builder created&#xD;
[svc][out] [BOOT] Building host...&#xD;
[test][pipe-wait] last-win32=2 elapsed=1.4s&#xD;
[svc][out] [BOOT] Host built&#xD;
[svc][out] [SystemMonitor.Service] Running in CONSOLE mode. Use --service to run as Windows Service.&#xD;
[svc][out] 正在生成...&#xD;
[test][pipe-wait] last-win32=2 elapsed=0.0s&#xD;
[test][pipe-wait] last-win32=2 elapsed=0.2s&#xD;
[test][pipe-wait] last-win32=2 elapsed=0.4s&#xD;
[test][pipe-wait] last-win32=2 elapsed=0.6s&#xD;
[test][pipe-wait] last-win32=2 elapsed=0.8s&#xD;
[test][pipe-wait] last-win32=2 elapsed=1.0s&#xD;
[svc][out] [BOOT] Program start&#xD;
[svc][out] [BOOT] Invoking root command...&#xD;
[svc][out] [BOOT] Host builder created&#xD;
[svc][out] [BOOT] Building host...&#xD;
[test][pipe-wait] last-win32=2 elapsed=1.2s&#xD;
[svc][out] [BOOT] Host built&#xD;
[svc][out] [SystemMonitor.Service] Running in CONSOLE mode. Use --service to run as Windows Service.&#xD;
[test][pipe-wait] last-win32=2 elapsed=1.4s&#xD;
[xUnit.net 00:00:39.98]   Finished:    SystemMonitor.Tests&#xD;
</StdOut>
    </Output>
    <RunInfos>
      <RunInfo computerName="DESKTOP-J6M8022" outcome="Warning" timestamp="2025-08-22T03:04:51.1483051+08:00">
        <Text>[xUnit.net 00:00:00.33]     SystemMonitor.Tests.ContractTests.SetLogLevel_Request_Serializes_To_SnakeCase [SKIP]</Text>
      </RunInfo>
      <RunInfo computerName="DESKTOP-J6M8022" outcome="Warning" timestamp="2025-08-22T03:04:51.2568518+08:00">
        <Text>[xUnit.net 00:00:00.38]     SystemMonitor.Tests.ContractTests.UpdateApply_Request_Serializes_To_SnakeCase [SKIP]</Text>
      </RunInfo>
      <RunInfo computerName="DESKTOP-J6M8022" outcome="Warning" timestamp="2025-08-22T03:04:51.2572226+08:00">
        <Text>[xUnit.net 00:00:00.38]     SystemMonitor.Tests.ContractTests.UpdateCheck_Request_Serializes_To_SnakeCase [SKIP]</Text>
      </RunInfo>
    </RunInfos>
  </ResultSummary>
</TestRun>