<?xml version="1.0" encoding="utf-8"?>
<TestRun id="a3ccdfc5-e8d0-48bb-84fd-2c9c88565dc7" name="terry@DESKTOP-J6M8022 2025-08-22 17:23:58" runUser="DESKTOP-J6M8022\terry" xmlns="http://microsoft.com/schemas/VisualStudio/TeamTest/2010">
  <Times creation="2025-08-22T17:23:58.3028757+08:00" queuing="2025-08-22T17:23:58.3028762+08:00" start="2025-08-22T17:23:48.6750312+08:00" finish="2025-08-22T17:25:36.8815843+08:00" />
  <TestSettings name="default" id="c31f74e7-403f-44d5-8ce9-90db2c02aad1">
    <Deployment runDeploymentRoot="terry_DESKTOP-J6M8022_2025-08-22_17_23_58" />
  </TestSettings>
  <Results>
    <UnitTestResult executionId="89d2ffdd-d741-4493-ab7f-2bbf7042e836" testId="648e89fa-b178-023e-6b9f-b12e893716da" testName="SystemMonitor.Tests.EndToEndTests.Hello_Then_Snapshot_Works" computerName="DESKTOP-J6M8022" duration="00:00:05.8266306" startTime="2025-08-22T17:25:22.8729001+08:00" endTime="2025-08-22T17:25:22.8729004+08:00" testType="13cdc9d9-ddb5-4fa4-a97d-d965ccfc6d4b" outcome="Passed" testListId="8c84fa94-04c1-424b-9868-57a2d4851a1d" relativeResultsDirectory="89d2ffdd-d741-4493-ab7f-2bbf7042e836" />
    <UnitTestResult executionId="b5975d71-5525-4693-9325-dc51a11b46b2" testId="ef813fb4-1132-cb92-7e68-0c9ef045b6b7" testName="SystemMonitor.Tests.EndToEndTests.Metrics_CpuMem_Ranges" computerName="DESKTOP-J6M8022" duration="00:00:00.5539153" startTime="2025-08-22T17:24:09.8419494+08:00" endTime="2025-08-22T17:24:09.8419498+08:00" testType="13cdc9d9-ddb5-4fa4-a97d-d965ccfc6d4b" outcome="Passed" testListId="8c84fa94-04c1-424b-9868-57a2d4851a1d" relativeResultsDirectory="b5975d71-5525-4693-9325-dc51a11b46b2" />
    <UnitTestResult executionId="d76f4105-7e15-467d-b039-bdefb8c2191b" testId="897198c2-e013-2fdc-4de0-ccbd44dab1f1" testName="SystemMonitor.Tests.UnitTest1.Test1" computerName="DESKTOP-J6M8022" duration="00:00:00.0000992" startTime="2025-08-22T17:25:36.7253216+08:00" endTime="2025-08-22T17:25:36.7253218+08:00" testType="13cdc9d9-ddb5-4fa4-a97d-d965ccfc6d4b" outcome="Passed" testListId="8c84fa94-04c1-424b-9868-57a2d4851a1d" relativeResultsDirectory="d76f4105-7e15-467d-b039-bdefb8c2191b" />
    <UnitTestResult executionId="ef6469ab-5f09-421d-ba81-6d98d6dd55ca" testId="f6814e48-0b49-81a9-5412-aa1c3ac48e00" testName="SystemMonitor.Tests.ContractTests.QueryHistory_Request_Serializes_To_SnakeCase" computerName="DESKTOP-J6M8022" duration="00:00:00.0033504" startTime="2025-08-22T17:25:36.7375332+08:00" endTime="2025-08-22T17:25:36.7375334+08:00" testType="13cdc9d9-ddb5-4fa4-a97d-d965ccfc6d4b" outcome="Passed" testListId="8c84fa94-04c1-424b-9868-57a2d4851a1d" relativeResultsDirectory="ef6469ab-5f09-421d-ba81-6d98d6dd55ca" />
    <UnitTestResult executionId="9b6ed061-b2eb-4b83-8320-8cf7a73f3a0e" testId="0f77d0ed-59fb-971b-4d70-0677c148fa79" testName="SystemMonitor.Tests.EndToEndTests.QueryHistory_Edges_And_Bucketing" computerName="DESKTOP-J6M8022" duration="00:00:00.2586941" startTime="2025-08-22T17:24:03.0308529+08:00" endTime="2025-08-22T17:24:03.0308532+08:00" testType="13cdc9d9-ddb5-4fa4-a97d-d965ccfc6d4b" outcome="Passed" testListId="8c84fa94-04c1-424b-9868-57a2d4851a1d" relativeResultsDirectory="9b6ed061-b2eb-4b83-8320-8cf7a73f3a0e" />
    <UnitTestResult executionId="2393d23d-862a-42c6-8b54-4b60decd236b" testId="ba4d86c4-e56e-4feb-035c-05a39221e7db" testName="SystemMonitor.Tests.EndToEndTests.Snapshot_Cpu_Expanded_Fields" computerName="DESKTOP-J6M8022" duration="00:00:08.3794978" startTime="2025-08-22T17:24:34.8511851+08:00" endTime="2025-08-22T17:24:34.8511855+08:00" testType="13cdc9d9-ddb5-4fa4-a97d-d965ccfc6d4b" outcome="Passed" testListId="8c84fa94-04c1-424b-9868-57a2d4851a1d" relativeResultsDirectory="2393d23d-862a-42c6-8b54-4b60decd236b" />
    <UnitTestResult executionId="d059af3f-1191-49d7-9d3d-0b31f7805780" testId="69d6d1aa-b426-63fd-4c85-4eac53250980" testName="SystemMonitor.Tests.SchemaTests.QueryHistory_Schema_Valid" computerName="DESKTOP-J6M8022" duration="00:00:00.0068225" startTime="2025-08-22T17:25:36.6643274+08:00" endTime="2025-08-22T17:25:36.6643277+08:00" testType="13cdc9d9-ddb5-4fa4-a97d-d965ccfc6d4b" outcome="Passed" testListId="8c84fa94-04c1-424b-9868-57a2d4851a1d" relativeResultsDirectory="d059af3f-1191-49d7-9d3d-0b31f7805780" />
    <UnitTestResult executionId="62a69fcb-16cb-40e7-9630-ebe4b0a865e6" testId="316b5766-01a4-b945-df1a-1d07ac1dfded" testName="SystemMonitor.Tests.SchemaTests.BurstSubscribe_Schema_Valid" computerName="DESKTOP-J6M8022" duration="00:00:00.0021962" startTime="2025-08-22T17:25:36.6719258+08:00" endTime="2025-08-22T17:25:36.6719260+08:00" testType="13cdc9d9-ddb5-4fa4-a97d-d965ccfc6d4b" outcome="Passed" testListId="8c84fa94-04c1-424b-9868-57a2d4851a1d" relativeResultsDirectory="62a69fcb-16cb-40e7-9630-ebe4b0a865e6" />
    <UnitTestResult executionId="3ec0fd64-2a09-4453-bc3a-2813195a596e" testId="d13cbe31-bcad-db2e-a448-21033afe455a" testName="SystemMonitor.Tests.SchemaTests.Hello_Schema_Invalid_NoToken" computerName="DESKTOP-J6M8022" duration="00:00:00.0069402" startTime="2025-08-22T17:25:36.6572955+08:00" endTime="2025-08-22T17:25:36.6572958+08:00" testType="13cdc9d9-ddb5-4fa4-a97d-d965ccfc6d4b" outcome="Passed" testListId="8c84fa94-04c1-424b-9868-57a2d4851a1d" relativeResultsDirectory="3ec0fd64-2a09-4453-bc3a-2813195a596e" />
    <UnitTestResult executionId="021fef74-9058-4c79-8b35-bfbf488d79d5" testId="18b35648-a566-3499-95ec-e14d308dcba6" testName="SystemMonitor.Tests.EndToEndTests.Hello_Unsupported_Capability_Fails" computerName="DESKTOP-J6M8022" duration="00:00:00.3478120" startTime="2025-08-22T17:25:11.7804529+08:00" endTime="2025-08-22T17:25:11.7804532+08:00" testType="13cdc9d9-ddb5-4fa4-a97d-d965ccfc6d4b" outcome="Passed" testListId="8c84fa94-04c1-424b-9868-57a2d4851a1d" relativeResultsDirectory="021fef74-9058-4c79-8b35-bfbf488d79d5" />
    <UnitTestResult executionId="32e509c0-d5a6-4974-8a80-8c2931d08941" testId="84bddd7b-5fca-ad7f-6631-caa1dc730eca" testName="SystemMonitor.Tests.ContractTests.BurstSubscribe_Request_Serializes_To_SnakeCase" computerName="DESKTOP-J6M8022" duration="00:00:00.0003227" startTime="2025-08-22T17:25:36.7281893+08:00" endTime="2025-08-22T17:25:36.7281895+08:00" testType="13cdc9d9-ddb5-4fa4-a97d-d965ccfc6d4b" outcome="Passed" testListId="8c84fa94-04c1-424b-9868-57a2d4851a1d" relativeResultsDirectory="32e509c0-d5a6-4974-8a80-8c2931d08941" />
    <UnitTestResult executionId="fb459276-42e7-4941-ab45-eb8eb7e9bab3" testId="dc6251cd-01f9-1cce-a502-df54ce71eba2" testName="SystemMonitor.Tests.ContractTests.SetConfig_Request_Should_Not_Contain_PascalCase_Keys" computerName="DESKTOP-J6M8022" duration="00:00:00.0003074" startTime="2025-08-22T17:25:36.7277214+08:00" endTime="2025-08-22T17:25:36.7277217+08:00" testType="13cdc9d9-ddb5-4fa4-a97d-d965ccfc6d4b" outcome="Passed" testListId="8c84fa94-04c1-424b-9868-57a2d4851a1d" relativeResultsDirectory="fb459276-42e7-4941-ab45-eb8eb7e9bab3" />
    <UnitTestResult executionId="69689812-4b2a-4c26-8c2a-968d3fc96089" testId="af91bfef-d9e3-90f4-bf1f-8322352913ff" testName="SystemMonitor.Tests.SchemaTests.QueryHistory_Schema_Invalid_Granularity" computerName="DESKTOP-J6M8022" duration="00:00:00.0030320" startTime="2025-08-22T17:25:36.6675514+08:00" endTime="2025-08-22T17:25:36.6675515+08:00" testType="13cdc9d9-ddb5-4fa4-a97d-d965ccfc6d4b" outcome="Passed" testListId="8c84fa94-04c1-424b-9868-57a2d4851a1d" relativeResultsDirectory="69689812-4b2a-4c26-8c2a-968d3fc96089" />
    <UnitTestResult executionId="411f809c-6f11-43ce-8f0c-68b313a19ba6" testId="dacf0d9f-52f8-cc00-236f-2f32d31c4af3" testName="SystemMonitor.Tests.EndToEndTests.SetConfig_Invalid_BaseInterval_Fails" computerName="DESKTOP-J6M8022" duration="00:00:00.2643881" startTime="2025-08-22T17:24:43.1455495+08:00" endTime="2025-08-22T17:24:43.1455498+08:00" testType="13cdc9d9-ddb5-4fa4-a97d-d965ccfc6d4b" outcome="Passed" testListId="8c84fa94-04c1-424b-9868-57a2d4851a1d" relativeResultsDirectory="411f809c-6f11-43ce-8f0c-68b313a19ba6" />
    <UnitTestResult executionId="012f66a6-f4fd-47bc-9954-59a91a157d23" testId="2fee1618-453a-fb22-e956-2fd9d457aed7" testName="SystemMonitor.Tests.ContractTests.Stop_Request_Serializes_To_SnakeCase" computerName="DESKTOP-J6M8022" duration="00:00:00.0010693" startTime="2025-08-22T17:25:36.7335201+08:00" endTime="2025-08-22T17:25:36.7335204+08:00" testType="13cdc9d9-ddb5-4fa4-a97d-d965ccfc6d4b" outcome="Passed" testListId="8c84fa94-04c1-424b-9868-57a2d4851a1d" relativeResultsDirectory="012f66a6-f4fd-47bc-9954-59a91a157d23" />
    <UnitTestResult executionId="2459d554-82d3-4651-9467-3d522dba5159" testId="d1ecf483-dfd0-e8fd-412c-75343e5fd3e3" testName="SystemMonitor.Tests.UnitTest1.SnakeCase_Serialization_ShouldUseSnakeCaseNames" computerName="DESKTOP-J6M8022" duration="00:00:00.0335458" startTime="2025-08-22T17:25:36.7250327+08:00" endTime="2025-08-22T17:25:36.7250330+08:00" testType="13cdc9d9-ddb5-4fa4-a97d-d965ccfc6d4b" outcome="Passed" testListId="8c84fa94-04c1-424b-9868-57a2d4851a1d" relativeResultsDirectory="2459d554-82d3-4651-9467-3d522dba5159" />
    <UnitTestResult executionId="5a18ac2a-ce53-4d05-96ef-9ccf916bdfd4" testId="825a0899-f60c-7747-10dc-edf9d745369b" testName="SystemMonitor.Tests.ContractTests.Start_Request_Serializes_To_SnakeCase" computerName="DESKTOP-J6M8022" duration="00:00:00.0002677" startTime="2025-08-22T17:25:36.7413445+08:00" endTime="2025-08-22T17:25:36.7413447+08:00" testType="13cdc9d9-ddb5-4fa4-a97d-d965ccfc6d4b" outcome="Passed" testListId="8c84fa94-04c1-424b-9868-57a2d4851a1d" relativeResultsDirectory="5a18ac2a-ce53-4d05-96ef-9ccf916bdfd4" />
    <UnitTestResult executionId="063004bb-c2e7-49eb-bda7-92ce1964fe0f" testId="6bc5c69f-1e35-1dda-027a-3965f2238887" testName="SystemMonitor.Tests.ContractTests.SetLogLevel_Request_Serializes_To_SnakeCase" computerName="DESKTOP-J6M8022" duration="00:00:00.0010000" startTime="2025-08-22T17:25:36.7320237+08:00" endTime="2025-08-22T17:25:36.7320244+08:00" testType="13cdc9d9-ddb5-4fa4-a97d-d965ccfc6d4b" outcome="NotExecuted" testListId="8c84fa94-04c1-424b-9868-57a2d4851a1d" relativeResultsDirectory="063004bb-c2e7-49eb-bda7-92ce1964fe0f">
      <Output>
        <ErrorInfo>
          <Message>非 M1：后续里程碑接口</Message>
        </ErrorInfo>
      </Output>
    </UnitTestResult>
    <UnitTestResult executionId="dff63969-7140-49dc-9d15-14c320679ea9" testId="575383ac-a422-d1e5-3903-2da7ffd1b577" testName="SystemMonitor.Tests.EndToEndTests.Metrics_Throttle_Burst_Recovery_Works" computerName="DESKTOP-J6M8022" duration="00:00:01.4888113" startTime="2025-08-22T17:24:51.5673612+08:00" endTime="2025-08-22T17:24:51.5673616+08:00" testType="13cdc9d9-ddb5-4fa4-a97d-d965ccfc6d4b" outcome="Passed" testListId="8c84fa94-04c1-424b-9868-57a2d4851a1d" relativeResultsDirectory="dff63969-7140-49dc-9d15-14c320679ea9" />
    <UnitTestResult executionId="f9c5b84f-33b5-460d-87c9-bde78f073387" testId="afa476e6-1342-0de1-8963-ea8bca4835e6" testName="SystemMonitor.Tests.EndToEndTests.QueryHistory_Aggregations_10s_1m" computerName="DESKTOP-J6M8022" duration="00:00:01.5772095" startTime="2025-08-22T17:24:21.4353514+08:00" endTime="2025-08-22T17:24:21.4353518+08:00" testType="13cdc9d9-ddb5-4fa4-a97d-d965ccfc6d4b" outcome="Passed" testListId="8c84fa94-04c1-424b-9868-57a2d4851a1d" relativeResultsDirectory="f9c5b84f-33b5-460d-87c9-bde78f073387" />
    <UnitTestResult executionId="3a7eb006-6b3d-404b-a25a-ba6faa4011e7" testId="fc84e8aa-81c3-13b2-161d-42cbb3024667" testName="SystemMonitor.Tests.ContractTests.SubscribeMetrics_Request_Serializes_To_SnakeCase" computerName="DESKTOP-J6M8022" duration="00:00:00.0014823" startTime="2025-08-22T17:25:36.7272519+08:00" endTime="2025-08-22T17:25:36.7272521+08:00" testType="13cdc9d9-ddb5-4fa4-a97d-d965ccfc6d4b" outcome="Passed" testListId="8c84fa94-04c1-424b-9868-57a2d4851a1d" relativeResultsDirectory="3a7eb006-6b3d-404b-a25a-ba6faa4011e7" />
    <UnitTestResult executionId="10dfb15d-b8b7-41ec-8f94-8157b098f6a6" testId="f4df6398-0c14-b3dd-5ee6-c8f487d7504a" testName="SystemMonitor.Tests.ContractTests.Snapshot_Request_Serializes_To_SnakeCase" computerName="DESKTOP-J6M8022" duration="00:00:00.0003994" startTime="2025-08-22T17:25:36.7382820+08:00" endTime="2025-08-22T17:25:36.7382822+08:00" testType="13cdc9d9-ddb5-4fa4-a97d-d965ccfc6d4b" outcome="Passed" testListId="8c84fa94-04c1-424b-9868-57a2d4851a1d" relativeResultsDirectory="10dfb15d-b8b7-41ec-8f94-8157b098f6a6" />
    <UnitTestResult executionId="42ef5d48-e107-4f0d-aee7-1baa929039d3" testId="7aba6d95-cdac-4d3b-fc1e-d345b65a933b" testName="SystemMonitor.Tests.ContractTests.Hello_Request_Serializes_To_SnakeCase" computerName="DESKTOP-J6M8022" duration="00:00:00.0018069" startTime="2025-08-22T17:25:36.7402698+08:00" endTime="2025-08-22T17:25:36.7402701+08:00" testType="13cdc9d9-ddb5-4fa4-a97d-d965ccfc6d4b" outcome="Passed" testListId="8c84fa94-04c1-424b-9868-57a2d4851a1d" relativeResultsDirectory="42ef5d48-e107-4f0d-aee7-1baa929039d3" />
    <UnitTestResult executionId="b8e8cc3c-0d2c-4239-a958-7969b990c938" testId="116d7234-8081-621c-9c63-75bb4125b1af" testName="SystemMonitor.Tests.ContractTests.SetConfig_Request_Serializes_To_SnakeCase" computerName="DESKTOP-J6M8022" duration="00:00:00.0003032" startTime="2025-08-22T17:25:36.7286178+08:00" endTime="2025-08-22T17:25:36.7286179+08:00" testType="13cdc9d9-ddb5-4fa4-a97d-d965ccfc6d4b" outcome="Passed" testListId="8c84fa94-04c1-424b-9868-57a2d4851a1d" relativeResultsDirectory="b8e8cc3c-0d2c-4239-a958-7969b990c938" />
    <UnitTestResult executionId="e2cb5127-c8e0-4175-89e0-a011fadf3d55" testId="d17c6ea2-3ca4-386f-c6e7-4b216cf89dd5" testName="SystemMonitor.Tests.ContractTests.UpdateApply_Request_Serializes_To_SnakeCase" computerName="DESKTOP-J6M8022" duration="00:00:00.0010000" startTime="2025-08-22T17:25:36.7409073+08:00" endTime="2025-08-22T17:25:36.7409076+08:00" testType="13cdc9d9-ddb5-4fa4-a97d-d965ccfc6d4b" outcome="NotExecuted" testListId="8c84fa94-04c1-424b-9868-57a2d4851a1d" relativeResultsDirectory="e2cb5127-c8e0-4175-89e0-a011fadf3d55">
      <Output>
        <ErrorInfo>
          <Message>非 M1：后续里程碑接口</Message>
        </ErrorInfo>
      </Output>
    </UnitTestResult>
    <UnitTestResult executionId="bc6bc3b1-152c-4446-bd36-f82783694977" testId="7fcfcc39-66f5-e59a-53bb-ab760b3d7c57" testName="SystemMonitor.Tests.SchemaTests.SetConfig_Schema_Invalid_TooSmallInterval" computerName="DESKTOP-J6M8022" duration="00:00:00.1999249" startTime="2025-08-22T17:25:36.6331523+08:00" endTime="2025-08-22T17:25:36.6331527+08:00" testType="13cdc9d9-ddb5-4fa4-a97d-d965ccfc6d4b" outcome="Passed" testListId="8c84fa94-04c1-424b-9868-57a2d4851a1d" relativeResultsDirectory="bc6bc3b1-152c-4446-bd36-f82783694977" />
    <UnitTestResult executionId="3107d03c-8a52-478e-8ccf-d2ca21a53743" testId="63eafbb5-a30b-37a9-e05f-fe5729a00075" testName="SystemMonitor.Tests.ContractTests.UpdateCheck_Request_Serializes_To_SnakeCase" computerName="DESKTOP-J6M8022" duration="00:00:00.0010000" startTime="2025-08-22T17:25:36.7416561+08:00" endTime="2025-08-22T17:25:36.7416562+08:00" testType="13cdc9d9-ddb5-4fa4-a97d-d965ccfc6d4b" outcome="NotExecuted" testListId="8c84fa94-04c1-424b-9868-57a2d4851a1d" relativeResultsDirectory="3107d03c-8a52-478e-8ccf-d2ca21a53743">
      <Output>
        <ErrorInfo>
          <Message>非 M1：后续里程碑接口</Message>
        </ErrorInfo>
      </Output>
    </UnitTestResult>
    <UnitTestResult executionId="8e049dbb-e53c-46b1-a558-48234b459e9d" testId="c7e17ebe-07f3-5913-71e6-f1c4a943136f" testName="SystemMonitor.Tests.SchemaTests.BurstSubscribe_Schema_Invalid_EmptyModules" computerName="DESKTOP-J6M8022" duration="00:00:00.0180357" startTime="2025-08-22T17:25:36.6902386+08:00" endTime="2025-08-22T17:25:36.6902389+08:00" testType="13cdc9d9-ddb5-4fa4-a97d-d965ccfc6d4b" outcome="Passed" testListId="8c84fa94-04c1-424b-9868-57a2d4851a1d" relativeResultsDirectory="8e049dbb-e53c-46b1-a558-48234b459e9d" />
    <UnitTestResult executionId="e517e109-bc52-4f0e-aa11-7aef31317fb4" testId="a5cee8d5-e1e7-16a2-597a-8c6cbc2b8be8" testName="SystemMonitor.Tests.EndToEndTests.Hello_Protocol_NotSupported_Fails" computerName="DESKTOP-J6M8022" duration="00:00:00.5968094" startTime="2025-08-22T17:24:57.9557964+08:00" endTime="2025-08-22T17:24:57.9557968+08:00" testType="13cdc9d9-ddb5-4fa4-a97d-d965ccfc6d4b" outcome="Passed" testListId="8c84fa94-04c1-424b-9868-57a2d4851a1d" relativeResultsDirectory="e517e109-bc52-4f0e-aa11-7aef31317fb4" />
    <UnitTestResult executionId="7b57289c-27de-46e8-854e-2f560ad76fa7" testId="1bc68377-98f3-3224-550a-3a1f98831502" testName="SystemMonitor.Tests.EndToEndTests.Hello_WithoutToken_Fails" computerName="DESKTOP-J6M8022" duration="00:00:00.6164714" startTime="2025-08-22T17:23:58.2185976+08:00" endTime="2025-08-22T17:23:58.2186541+08:00" testType="13cdc9d9-ddb5-4fa4-a97d-d965ccfc6d4b" outcome="Passed" testListId="8c84fa94-04c1-424b-9868-57a2d4851a1d" relativeResultsDirectory="7b57289c-27de-46e8-854e-2f560ad76fa7" />
    <UnitTestResult executionId="c4eaae8f-bdb7-48eb-963d-50c035a8c2e6" testId="deff2b50-b04e-659a-fcb1-aacff92daa42" testName="SystemMonitor.Tests.ContractTests.Hello_Request_Should_Not_Contain_PascalCase_Keys" computerName="DESKTOP-J6M8022" duration="00:00:00.0002297" startTime="2025-08-22T17:25:36.7289665+08:00" endTime="2025-08-22T17:25:36.7289667+08:00" testType="13cdc9d9-ddb5-4fa4-a97d-d965ccfc6d4b" outcome="Passed" testListId="8c84fa94-04c1-424b-9868-57a2d4851a1d" relativeResultsDirectory="c4eaae8f-bdb7-48eb-963d-50c035a8c2e6" />
    <UnitTestResult executionId="15481cec-ff56-4b92-ba2f-4fe1b6a6d62b" testId="1625b824-bf75-ff81-2ccc-b11736dbaaf3" testName="SystemMonitor.Tests.EndToEndTests.Snapshot_CpuMem_Ranges" computerName="DESKTOP-J6M8022" duration="00:00:03.7435436" startTime="2025-08-22T17:25:36.4239752+08:00" endTime="2025-08-22T17:25:36.4239755+08:00" testType="13cdc9d9-ddb5-4fa4-a97d-d965ccfc6d4b" outcome="Passed" testListId="8c84fa94-04c1-424b-9868-57a2d4851a1d" relativeResultsDirectory="15481cec-ff56-4b92-ba2f-4fe1b6a6d62b" />
    <UnitTestResult executionId="065898bd-2002-4b6a-8556-2493d0d66fba" testId="8efef518-8988-e3e1-bb3e-361f08b825e5" testName="SystemMonitor.Tests.SchemaTests.Snapshot_Schema_Valid_WithModules" computerName="DESKTOP-J6M8022" duration="00:00:00.0105795" startTime="2025-08-22T17:25:36.6439783+08:00" endTime="2025-08-22T17:25:36.6439785+08:00" testType="13cdc9d9-ddb5-4fa4-a97d-d965ccfc6d4b" outcome="Passed" testListId="8c84fa94-04c1-424b-9868-57a2d4851a1d" relativeResultsDirectory="065898bd-2002-4b6a-8556-2493d0d66fba" />
    <UnitTestResult executionId="1db0878a-b29a-4281-b7d1-97aba51dd8c6" testId="e1fbd4f1-6ade-f24b-317f-6dbbbf27c5fc" testName="SystemMonitor.Tests.SchemaTests.Hello_Schema_Valid_Minimal" computerName="DESKTOP-J6M8022" duration="00:00:00.0017805" startTime="2025-08-22T17:25:36.6695431+08:00" endTime="2025-08-22T17:25:36.6695432+08:00" testType="13cdc9d9-ddb5-4fa4-a97d-d965ccfc6d4b" outcome="Passed" testListId="8c84fa94-04c1-424b-9868-57a2d4851a1d" relativeResultsDirectory="1db0878a-b29a-4281-b7d1-97aba51dd8c6" />
    <UnitTestResult executionId="46b1bf86-e8f9-4c90-a055-8a3a7abb4fc2" testId="e7afe76e-2983-511f-53e6-ec72c360fd06" testName="SystemMonitor.Tests.SchemaTests.SetConfig_Schema_Valid_WithIntervals" computerName="DESKTOP-J6M8022" duration="00:00:00.0057953" startTime="2025-08-22T17:25:36.6501301+08:00" endTime="2025-08-22T17:25:36.6501303+08:00" testType="13cdc9d9-ddb5-4fa4-a97d-d965ccfc6d4b" outcome="Passed" testListId="8c84fa94-04c1-424b-9868-57a2d4851a1d" relativeResultsDirectory="46b1bf86-e8f9-4c90-a055-8a3a7abb4fc2" />
    <UnitTestResult executionId="1af2b9db-8c12-4d59-ad88-ca37c4f5e543" testId="5359d170-82fa-d8d2-2f92-97bc053dca0c" testName="SystemMonitor.Tests.EndToEndTests.QueryHistory_Works" computerName="DESKTOP-J6M8022" duration="00:00:00.3901753" startTime="2025-08-22T17:24:14.4151121+08:00" endTime="2025-08-22T17:24:14.4151124+08:00" testType="13cdc9d9-ddb5-4fa4-a97d-d965ccfc6d4b" outcome="Passed" testListId="8c84fa94-04c1-424b-9868-57a2d4851a1d" relativeResultsDirectory="1af2b9db-8c12-4d59-ad88-ca37c4f5e543" />
    <UnitTestResult executionId="be88ba2d-e5a1-46ac-9626-3c1550b725e2" testId="b63f371d-2541-ba09-aa15-8afdc6da8ab0" testName="SystemMonitor.Tests.EndToEndTests.State_Emitted_On_Start_Burst_Stop" computerName="DESKTOP-J6M8022" duration="00:00:00.5147988" startTime="2025-08-22T17:25:28.4205392+08:00" endTime="2025-08-22T17:25:28.4205396+08:00" testType="13cdc9d9-ddb5-4fa4-a97d-d965ccfc6d4b" outcome="Passed" testListId="8c84fa94-04c1-424b-9868-57a2d4851a1d" relativeResultsDirectory="be88ba2d-e5a1-46ac-9626-3c1550b725e2" />
    <UnitTestResult executionId="ffb48ae5-e1b2-46c0-b82f-10a24d267977" testId="d46fc4ee-0150-cded-8fbb-ceb1d2e0e4ba" testName="SystemMonitor.Tests.EndToEndTests.SetConfig_And_BurstSubscribe_Works" computerName="DESKTOP-J6M8022" duration="00:00:00.3465023" startTime="2025-08-22T17:25:04.0963097+08:00" endTime="2025-08-22T17:25:04.0963100+08:00" testType="13cdc9d9-ddb5-4fa4-a97d-d965ccfc6d4b" outcome="Passed" testListId="8c84fa94-04c1-424b-9868-57a2d4851a1d" relativeResultsDirectory="ffb48ae5-e1b2-46c0-b82f-10a24d267977" />
  </Results>
  <TestDefinitions>
    <UnitTest name="SystemMonitor.Tests.EndToEndTests.SetConfig_Invalid_BaseInterval_Fails" storage="c:\code\sys-sensor-v3\src\systemmonitor.tests\bin\release\net8.0\systemmonitor.tests.dll" id="dacf0d9f-52f8-cc00-236f-2f32d31c4af3">
      <Execution id="411f809c-6f11-43ce-8f0c-68b313a19ba6" />
      <TestMethod codeBase="C:\code\sys-sensor-v3\src\SystemMonitor.Tests\bin\Release\net8.0\SystemMonitor.Tests.dll" adapterTypeName="executor://xunit/VsTestRunner2/netcoreapp" className="SystemMonitor.Tests.EndToEndTests" name="SetConfig_Invalid_BaseInterval_Fails" />
    </UnitTest>
    <UnitTest name="SystemMonitor.Tests.EndToEndTests.Metrics_CpuMem_Ranges" storage="c:\code\sys-sensor-v3\src\systemmonitor.tests\bin\release\net8.0\systemmonitor.tests.dll" id="ef813fb4-1132-cb92-7e68-0c9ef045b6b7">
      <Execution id="b5975d71-5525-4693-9325-dc51a11b46b2" />
      <TestMethod codeBase="C:\code\sys-sensor-v3\src\SystemMonitor.Tests\bin\Release\net8.0\SystemMonitor.Tests.dll" adapterTypeName="executor://xunit/VsTestRunner2/netcoreapp" className="SystemMonitor.Tests.EndToEndTests" name="Metrics_CpuMem_Ranges" />
    </UnitTest>
    <UnitTest name="SystemMonitor.Tests.UnitTest1.SnakeCase_Serialization_ShouldUseSnakeCaseNames" storage="c:\code\sys-sensor-v3\src\systemmonitor.tests\bin\release\net8.0\systemmonitor.tests.dll" id="d1ecf483-dfd0-e8fd-412c-75343e5fd3e3">
      <Execution id="2459d554-82d3-4651-9467-3d522dba5159" />
      <TestMethod codeBase="C:\code\sys-sensor-v3\src\SystemMonitor.Tests\bin\Release\net8.0\SystemMonitor.Tests.dll" adapterTypeName="executor://xunit/VsTestRunner2/netcoreapp" className="SystemMonitor.Tests.UnitTest1" name="SnakeCase_Serialization_ShouldUseSnakeCaseNames" />
    </UnitTest>
    <UnitTest name="SystemMonitor.Tests.EndToEndTests.Hello_Then_Snapshot_Works" storage="c:\code\sys-sensor-v3\src\systemmonitor.tests\bin\release\net8.0\systemmonitor.tests.dll" id="648e89fa-b178-023e-6b9f-b12e893716da">
      <Execution id="89d2ffdd-d741-4493-ab7f-2bbf7042e836" />
      <TestMethod codeBase="C:\code\sys-sensor-v3\src\SystemMonitor.Tests\bin\Release\net8.0\SystemMonitor.Tests.dll" adapterTypeName="executor://xunit/VsTestRunner2/netcoreapp" className="SystemMonitor.Tests.EndToEndTests" name="Hello_Then_Snapshot_Works" />
    </UnitTest>
    <UnitTest name="SystemMonitor.Tests.SchemaTests.SetConfig_Schema_Valid_WithIntervals" storage="c:\code\sys-sensor-v3\src\systemmonitor.tests\bin\release\net8.0\systemmonitor.tests.dll" id="e7afe76e-2983-511f-53e6-ec72c360fd06">
      <Execution id="46b1bf86-e8f9-4c90-a055-8a3a7abb4fc2" />
      <TestMethod codeBase="C:\code\sys-sensor-v3\src\SystemMonitor.Tests\bin\Release\net8.0\SystemMonitor.Tests.dll" adapterTypeName="executor://xunit/VsTestRunner2/netcoreapp" className="SystemMonitor.Tests.SchemaTests" name="SetConfig_Schema_Valid_WithIntervals" />
    </UnitTest>
    <UnitTest name="SystemMonitor.Tests.EndToEndTests.Snapshot_CpuMem_Ranges" storage="c:\code\sys-sensor-v3\src\systemmonitor.tests\bin\release\net8.0\systemmonitor.tests.dll" id="1625b824-bf75-ff81-2ccc-b11736dbaaf3">
      <Execution id="15481cec-ff56-4b92-ba2f-4fe1b6a6d62b" />
      <TestMethod codeBase="C:\code\sys-sensor-v3\src\SystemMonitor.Tests\bin\Release\net8.0\SystemMonitor.Tests.dll" adapterTypeName="executor://xunit/VsTestRunner2/netcoreapp" className="SystemMonitor.Tests.EndToEndTests" name="Snapshot_CpuMem_Ranges" />
    </UnitTest>
    <UnitTest name="SystemMonitor.Tests.ContractTests.Start_Request_Serializes_To_SnakeCase" storage="c:\code\sys-sensor-v3\src\systemmonitor.tests\bin\release\net8.0\systemmonitor.tests.dll" id="825a0899-f60c-7747-10dc-edf9d745369b">
      <Execution id="5a18ac2a-ce53-4d05-96ef-9ccf916bdfd4" />
      <TestMethod codeBase="C:\code\sys-sensor-v3\src\SystemMonitor.Tests\bin\Release\net8.0\SystemMonitor.Tests.dll" adapterTypeName="executor://xunit/VsTestRunner2/netcoreapp" className="SystemMonitor.Tests.ContractTests" name="Start_Request_Serializes_To_SnakeCase" />
    </UnitTest>
    <UnitTest name="SystemMonitor.Tests.ContractTests.Hello_Request_Should_Not_Contain_PascalCase_Keys" storage="c:\code\sys-sensor-v3\src\systemmonitor.tests\bin\release\net8.0\systemmonitor.tests.dll" id="deff2b50-b04e-659a-fcb1-aacff92daa42">
      <Execution id="c4eaae8f-bdb7-48eb-963d-50c035a8c2e6" />
      <TestMethod codeBase="C:\code\sys-sensor-v3\src\SystemMonitor.Tests\bin\Release\net8.0\SystemMonitor.Tests.dll" adapterTypeName="executor://xunit/VsTestRunner2/netcoreapp" className="SystemMonitor.Tests.ContractTests" name="Hello_Request_Should_Not_Contain_PascalCase_Keys" />
    </UnitTest>
    <UnitTest name="SystemMonitor.Tests.ContractTests.QueryHistory_Request_Serializes_To_SnakeCase" storage="c:\code\sys-sensor-v3\src\systemmonitor.tests\bin\release\net8.0\systemmonitor.tests.dll" id="f6814e48-0b49-81a9-5412-aa1c3ac48e00">
      <Execution id="ef6469ab-5f09-421d-ba81-6d98d6dd55ca" />
      <TestMethod codeBase="C:\code\sys-sensor-v3\src\SystemMonitor.Tests\bin\Release\net8.0\SystemMonitor.Tests.dll" adapterTypeName="executor://xunit/VsTestRunner2/netcoreapp" className="SystemMonitor.Tests.ContractTests" name="QueryHistory_Request_Serializes_To_SnakeCase" />
    </UnitTest>
    <UnitTest name="SystemMonitor.Tests.EndToEndTests.SetConfig_And_BurstSubscribe_Works" storage="c:\code\sys-sensor-v3\src\systemmonitor.tests\bin\release\net8.0\systemmonitor.tests.dll" id="d46fc4ee-0150-cded-8fbb-ceb1d2e0e4ba">
      <Execution id="ffb48ae5-e1b2-46c0-b82f-10a24d267977" />
      <TestMethod codeBase="C:\code\sys-sensor-v3\src\SystemMonitor.Tests\bin\Release\net8.0\SystemMonitor.Tests.dll" adapterTypeName="executor://xunit/VsTestRunner2/netcoreapp" className="SystemMonitor.Tests.EndToEndTests" name="SetConfig_And_BurstSubscribe_Works" />
    </UnitTest>
    <UnitTest name="SystemMonitor.Tests.EndToEndTests.QueryHistory_Works" storage="c:\code\sys-sensor-v3\src\systemmonitor.tests\bin\release\net8.0\systemmonitor.tests.dll" id="5359d170-82fa-d8d2-2f92-97bc053dca0c">
      <Execution id="1af2b9db-8c12-4d59-ad88-ca37c4f5e543" />
      <TestMethod codeBase="C:\code\sys-sensor-v3\src\SystemMonitor.Tests\bin\Release\net8.0\SystemMonitor.Tests.dll" adapterTypeName="executor://xunit/VsTestRunner2/netcoreapp" className="SystemMonitor.Tests.EndToEndTests" name="QueryHistory_Works" />
    </UnitTest>
    <UnitTest name="SystemMonitor.Tests.ContractTests.SetLogLevel_Request_Serializes_To_SnakeCase" storage="c:\code\sys-sensor-v3\src\systemmonitor.tests\bin\release\net8.0\systemmonitor.tests.dll" id="6bc5c69f-1e35-1dda-027a-3965f2238887">
      <Execution id="063004bb-c2e7-49eb-bda7-92ce1964fe0f" />
      <TestMethod codeBase="C:\code\sys-sensor-v3\src\SystemMonitor.Tests\bin\Release\net8.0\SystemMonitor.Tests.dll" adapterTypeName="executor://xunit/VsTestRunner2/netcoreapp" className="SystemMonitor.Tests.ContractTests" name="SetLogLevel_Request_Serializes_To_SnakeCase" />
    </UnitTest>
    <UnitTest name="SystemMonitor.Tests.SchemaTests.SetConfig_Schema_Invalid_TooSmallInterval" storage="c:\code\sys-sensor-v3\src\systemmonitor.tests\bin\release\net8.0\systemmonitor.tests.dll" id="7fcfcc39-66f5-e59a-53bb-ab760b3d7c57">
      <Execution id="bc6bc3b1-152c-4446-bd36-f82783694977" />
      <TestMethod codeBase="C:\code\sys-sensor-v3\src\SystemMonitor.Tests\bin\Release\net8.0\SystemMonitor.Tests.dll" adapterTypeName="executor://xunit/VsTestRunner2/netcoreapp" className="SystemMonitor.Tests.SchemaTests" name="SetConfig_Schema_Invalid_TooSmallInterval" />
    </UnitTest>
    <UnitTest name="SystemMonitor.Tests.EndToEndTests.QueryHistory_Edges_And_Bucketing" storage="c:\code\sys-sensor-v3\src\systemmonitor.tests\bin\release\net8.0\systemmonitor.tests.dll" id="0f77d0ed-59fb-971b-4d70-0677c148fa79">
      <Execution id="9b6ed061-b2eb-4b83-8320-8cf7a73f3a0e" />
      <TestMethod codeBase="C:\code\sys-sensor-v3\src\SystemMonitor.Tests\bin\Release\net8.0\SystemMonitor.Tests.dll" adapterTypeName="executor://xunit/VsTestRunner2/netcoreapp" className="SystemMonitor.Tests.EndToEndTests" name="QueryHistory_Edges_And_Bucketing" />
    </UnitTest>
    <UnitTest name="SystemMonitor.Tests.SchemaTests.BurstSubscribe_Schema_Valid" storage="c:\code\sys-sensor-v3\src\systemmonitor.tests\bin\release\net8.0\systemmonitor.tests.dll" id="316b5766-01a4-b945-df1a-1d07ac1dfded">
      <Execution id="62a69fcb-16cb-40e7-9630-ebe4b0a865e6" />
      <TestMethod codeBase="C:\code\sys-sensor-v3\src\SystemMonitor.Tests\bin\Release\net8.0\SystemMonitor.Tests.dll" adapterTypeName="executor://xunit/VsTestRunner2/netcoreapp" className="SystemMonitor.Tests.SchemaTests" name="BurstSubscribe_Schema_Valid" />
    </UnitTest>
    <UnitTest name="SystemMonitor.Tests.EndToEndTests.Hello_Unsupported_Capability_Fails" storage="c:\code\sys-sensor-v3\src\systemmonitor.tests\bin\release\net8.0\systemmonitor.tests.dll" id="18b35648-a566-3499-95ec-e14d308dcba6">
      <Execution id="021fef74-9058-4c79-8b35-bfbf488d79d5" />
      <TestMethod codeBase="C:\code\sys-sensor-v3\src\SystemMonitor.Tests\bin\Release\net8.0\SystemMonitor.Tests.dll" adapterTypeName="executor://xunit/VsTestRunner2/netcoreapp" className="SystemMonitor.Tests.EndToEndTests" name="Hello_Unsupported_Capability_Fails" />
    </UnitTest>
    <UnitTest name="SystemMonitor.Tests.EndToEndTests.Hello_Protocol_NotSupported_Fails" storage="c:\code\sys-sensor-v3\src\systemmonitor.tests\bin\release\net8.0\systemmonitor.tests.dll" id="a5cee8d5-e1e7-16a2-597a-8c6cbc2b8be8">
      <Execution id="e517e109-bc52-4f0e-aa11-7aef31317fb4" />
      <TestMethod codeBase="C:\code\sys-sensor-v3\src\SystemMonitor.Tests\bin\Release\net8.0\SystemMonitor.Tests.dll" adapterTypeName="executor://xunit/VsTestRunner2/netcoreapp" className="SystemMonitor.Tests.EndToEndTests" name="Hello_Protocol_NotSupported_Fails" />
    </UnitTest>
    <UnitTest name="SystemMonitor.Tests.ContractTests.BurstSubscribe_Request_Serializes_To_SnakeCase" storage="c:\code\sys-sensor-v3\src\systemmonitor.tests\bin\release\net8.0\systemmonitor.tests.dll" id="84bddd7b-5fca-ad7f-6631-caa1dc730eca">
      <Execution id="32e509c0-d5a6-4974-8a80-8c2931d08941" />
      <TestMethod codeBase="C:\code\sys-sensor-v3\src\SystemMonitor.Tests\bin\Release\net8.0\SystemMonitor.Tests.dll" adapterTypeName="executor://xunit/VsTestRunner2/netcoreapp" className="SystemMonitor.Tests.ContractTests" name="BurstSubscribe_Request_Serializes_To_SnakeCase" />
    </UnitTest>
    <UnitTest name="SystemMonitor.Tests.ContractTests.UpdateApply_Request_Serializes_To_SnakeCase" storage="c:\code\sys-sensor-v3\src\systemmonitor.tests\bin\release\net8.0\systemmonitor.tests.dll" id="d17c6ea2-3ca4-386f-c6e7-4b216cf89dd5">
      <Execution id="e2cb5127-c8e0-4175-89e0-a011fadf3d55" />
      <TestMethod codeBase="C:\code\sys-sensor-v3\src\SystemMonitor.Tests\bin\Release\net8.0\SystemMonitor.Tests.dll" adapterTypeName="executor://xunit/VsTestRunner2/netcoreapp" className="SystemMonitor.Tests.ContractTests" name="UpdateApply_Request_Serializes_To_SnakeCase" />
    </UnitTest>
    <UnitTest name="SystemMonitor.Tests.EndToEndTests.State_Emitted_On_Start_Burst_Stop" storage="c:\code\sys-sensor-v3\src\systemmonitor.tests\bin\release\net8.0\systemmonitor.tests.dll" id="b63f371d-2541-ba09-aa15-8afdc6da8ab0">
      <Execution id="be88ba2d-e5a1-46ac-9626-3c1550b725e2" />
      <TestMethod codeBase="C:\code\sys-sensor-v3\src\SystemMonitor.Tests\bin\Release\net8.0\SystemMonitor.Tests.dll" adapterTypeName="executor://xunit/VsTestRunner2/netcoreapp" className="SystemMonitor.Tests.EndToEndTests" name="State_Emitted_On_Start_Burst_Stop" />
    </UnitTest>
    <UnitTest name="SystemMonitor.Tests.UnitTest1.Test1" storage="c:\code\sys-sensor-v3\src\systemmonitor.tests\bin\release\net8.0\systemmonitor.tests.dll" id="897198c2-e013-2fdc-4de0-ccbd44dab1f1">
      <Execution id="d76f4105-7e15-467d-b039-bdefb8c2191b" />
      <TestMethod codeBase="C:\code\sys-sensor-v3\src\SystemMonitor.Tests\bin\Release\net8.0\SystemMonitor.Tests.dll" adapterTypeName="executor://xunit/VsTestRunner2/netcoreapp" className="SystemMonitor.Tests.UnitTest1" name="Test1" />
    </UnitTest>
    <UnitTest name="SystemMonitor.Tests.SchemaTests.Snapshot_Schema_Valid_WithModules" storage="c:\code\sys-sensor-v3\src\systemmonitor.tests\bin\release\net8.0\systemmonitor.tests.dll" id="8efef518-8988-e3e1-bb3e-361f08b825e5">
      <Execution id="065898bd-2002-4b6a-8556-2493d0d66fba" />
      <TestMethod codeBase="C:\code\sys-sensor-v3\src\SystemMonitor.Tests\bin\Release\net8.0\SystemMonitor.Tests.dll" adapterTypeName="executor://xunit/VsTestRunner2/netcoreapp" className="SystemMonitor.Tests.SchemaTests" name="Snapshot_Schema_Valid_WithModules" />
    </UnitTest>
    <UnitTest name="SystemMonitor.Tests.SchemaTests.BurstSubscribe_Schema_Invalid_EmptyModules" storage="c:\code\sys-sensor-v3\src\systemmonitor.tests\bin\release\net8.0\systemmonitor.tests.dll" id="c7e17ebe-07f3-5913-71e6-f1c4a943136f">
      <Execution id="8e049dbb-e53c-46b1-a558-48234b459e9d" />
      <TestMethod codeBase="C:\code\sys-sensor-v3\src\SystemMonitor.Tests\bin\Release\net8.0\SystemMonitor.Tests.dll" adapterTypeName="executor://xunit/VsTestRunner2/netcoreapp" className="SystemMonitor.Tests.SchemaTests" name="BurstSubscribe_Schema_Invalid_EmptyModules" />
    </UnitTest>
    <UnitTest name="SystemMonitor.Tests.ContractTests.SetConfig_Request_Serializes_To_SnakeCase" storage="c:\code\sys-sensor-v3\src\systemmonitor.tests\bin\release\net8.0\systemmonitor.tests.dll" id="116d7234-8081-621c-9c63-75bb4125b1af">
      <Execution id="b8e8cc3c-0d2c-4239-a958-7969b990c938" />
      <TestMethod codeBase="C:\code\sys-sensor-v3\src\SystemMonitor.Tests\bin\Release\net8.0\SystemMonitor.Tests.dll" adapterTypeName="executor://xunit/VsTestRunner2/netcoreapp" className="SystemMonitor.Tests.ContractTests" name="SetConfig_Request_Serializes_To_SnakeCase" />
    </UnitTest>
    <UnitTest name="SystemMonitor.Tests.EndToEndTests.QueryHistory_Aggregations_10s_1m" storage="c:\code\sys-sensor-v3\src\systemmonitor.tests\bin\release\net8.0\systemmonitor.tests.dll" id="afa476e6-1342-0de1-8963-ea8bca4835e6">
      <Execution id="f9c5b84f-33b5-460d-87c9-bde78f073387" />
      <TestMethod codeBase="C:\code\sys-sensor-v3\src\SystemMonitor.Tests\bin\Release\net8.0\SystemMonitor.Tests.dll" adapterTypeName="executor://xunit/VsTestRunner2/netcoreapp" className="SystemMonitor.Tests.EndToEndTests" name="QueryHistory_Aggregations_10s_1m" />
    </UnitTest>
    <UnitTest name="SystemMonitor.Tests.ContractTests.Stop_Request_Serializes_To_SnakeCase" storage="c:\code\sys-sensor-v3\src\systemmonitor.tests\bin\release\net8.0\systemmonitor.tests.dll" id="2fee1618-453a-fb22-e956-2fd9d457aed7">
      <Execution id="012f66a6-f4fd-47bc-9954-59a91a157d23" />
      <TestMethod codeBase="C:\code\sys-sensor-v3\src\SystemMonitor.Tests\bin\Release\net8.0\SystemMonitor.Tests.dll" adapterTypeName="executor://xunit/VsTestRunner2/netcoreapp" className="SystemMonitor.Tests.ContractTests" name="Stop_Request_Serializes_To_SnakeCase" />
    </UnitTest>
    <UnitTest name="SystemMonitor.Tests.ContractTests.SubscribeMetrics_Request_Serializes_To_SnakeCase" storage="c:\code\sys-sensor-v3\src\systemmonitor.tests\bin\release\net8.0\systemmonitor.tests.dll" id="fc84e8aa-81c3-13b2-161d-42cbb3024667">
      <Execution id="3a7eb006-6b3d-404b-a25a-ba6faa4011e7" />
      <TestMethod codeBase="C:\code\sys-sensor-v3\src\SystemMonitor.Tests\bin\Release\net8.0\SystemMonitor.Tests.dll" adapterTypeName="executor://xunit/VsTestRunner2/netcoreapp" className="SystemMonitor.Tests.ContractTests" name="SubscribeMetrics_Request_Serializes_To_SnakeCase" />
    </UnitTest>
    <UnitTest name="SystemMonitor.Tests.EndToEndTests.Snapshot_Cpu_Expanded_Fields" storage="c:\code\sys-sensor-v3\src\systemmonitor.tests\bin\release\net8.0\systemmonitor.tests.dll" id="ba4d86c4-e56e-4feb-035c-05a39221e7db">
      <Execution id="2393d23d-862a-42c6-8b54-4b60decd236b" />
      <TestMethod codeBase="C:\code\sys-sensor-v3\src\SystemMonitor.Tests\bin\Release\net8.0\SystemMonitor.Tests.dll" adapterTypeName="executor://xunit/VsTestRunner2/netcoreapp" className="SystemMonitor.Tests.EndToEndTests" name="Snapshot_Cpu_Expanded_Fields" />
    </UnitTest>
    <UnitTest name="SystemMonitor.Tests.ContractTests.Hello_Request_Serializes_To_SnakeCase" storage="c:\code\sys-sensor-v3\src\systemmonitor.tests\bin\release\net8.0\systemmonitor.tests.dll" id="7aba6d95-cdac-4d3b-fc1e-d345b65a933b">
      <Execution id="42ef5d48-e107-4f0d-aee7-1baa929039d3" />
      <TestMethod codeBase="C:\code\sys-sensor-v3\src\SystemMonitor.Tests\bin\Release\net8.0\SystemMonitor.Tests.dll" adapterTypeName="executor://xunit/VsTestRunner2/netcoreapp" className="SystemMonitor.Tests.ContractTests" name="Hello_Request_Serializes_To_SnakeCase" />
    </UnitTest>
    <UnitTest name="SystemMonitor.Tests.SchemaTests.Hello_Schema_Valid_Minimal" storage="c:\code\sys-sensor-v3\src\systemmonitor.tests\bin\release\net8.0\systemmonitor.tests.dll" id="e1fbd4f1-6ade-f24b-317f-6dbbbf27c5fc">
      <Execution id="1db0878a-b29a-4281-b7d1-97aba51dd8c6" />
      <TestMethod codeBase="C:\code\sys-sensor-v3\src\SystemMonitor.Tests\bin\Release\net8.0\SystemMonitor.Tests.dll" adapterTypeName="executor://xunit/VsTestRunner2/netcoreapp" className="SystemMonitor.Tests.SchemaTests" name="Hello_Schema_Valid_Minimal" />
    </UnitTest>
    <UnitTest name="SystemMonitor.Tests.ContractTests.SetConfig_Request_Should_Not_Contain_PascalCase_Keys" storage="c:\code\sys-sensor-v3\src\systemmonitor.tests\bin\release\net8.0\systemmonitor.tests.dll" id="dc6251cd-01f9-1cce-a502-df54ce71eba2">
      <Execution id="fb459276-42e7-4941-ab45-eb8eb7e9bab3" />
      <TestMethod codeBase="C:\code\sys-sensor-v3\src\SystemMonitor.Tests\bin\Release\net8.0\SystemMonitor.Tests.dll" adapterTypeName="executor://xunit/VsTestRunner2/netcoreapp" className="SystemMonitor.Tests.ContractTests" name="SetConfig_Request_Should_Not_Contain_PascalCase_Keys" />
    </UnitTest>
    <UnitTest name="SystemMonitor.Tests.EndToEndTests.Hello_WithoutToken_Fails" storage="c:\code\sys-sensor-v3\src\systemmonitor.tests\bin\release\net8.0\systemmonitor.tests.dll" id="1bc68377-98f3-3224-550a-3a1f98831502">
      <Execution id="7b57289c-27de-46e8-854e-2f560ad76fa7" />
      <TestMethod codeBase="C:\code\sys-sensor-v3\src\SystemMonitor.Tests\bin\Release\net8.0\SystemMonitor.Tests.dll" adapterTypeName="executor://xunit/VsTestRunner2/netcoreapp" className="SystemMonitor.Tests.EndToEndTests" name="Hello_WithoutToken_Fails" />
    </UnitTest>
    <UnitTest name="SystemMonitor.Tests.SchemaTests.QueryHistory_Schema_Valid" storage="c:\code\sys-sensor-v3\src\systemmonitor.tests\bin\release\net8.0\systemmonitor.tests.dll" id="69d6d1aa-b426-63fd-4c85-4eac53250980">
      <Execution id="d059af3f-1191-49d7-9d3d-0b31f7805780" />
      <TestMethod codeBase="C:\code\sys-sensor-v3\src\SystemMonitor.Tests\bin\Release\net8.0\SystemMonitor.Tests.dll" adapterTypeName="executor://xunit/VsTestRunner2/netcoreapp" className="SystemMonitor.Tests.SchemaTests" name="QueryHistory_Schema_Valid" />
    </UnitTest>
    <UnitTest name="SystemMonitor.Tests.SchemaTests.QueryHistory_Schema_Invalid_Granularity" storage="c:\code\sys-sensor-v3\src\systemmonitor.tests\bin\release\net8.0\systemmonitor.tests.dll" id="af91bfef-d9e3-90f4-bf1f-8322352913ff">
      <Execution id="69689812-4b2a-4c26-8c2a-968d3fc96089" />
      <TestMethod codeBase="C:\code\sys-sensor-v3\src\SystemMonitor.Tests\bin\Release\net8.0\SystemMonitor.Tests.dll" adapterTypeName="executor://xunit/VsTestRunner2/netcoreapp" className="SystemMonitor.Tests.SchemaTests" name="QueryHistory_Schema_Invalid_Granularity" />
    </UnitTest>
    <UnitTest name="SystemMonitor.Tests.ContractTests.Snapshot_Request_Serializes_To_SnakeCase" storage="c:\code\sys-sensor-v3\src\systemmonitor.tests\bin\release\net8.0\systemmonitor.tests.dll" id="f4df6398-0c14-b3dd-5ee6-c8f487d7504a">
      <Execution id="10dfb15d-b8b7-41ec-8f94-8157b098f6a6" />
      <TestMethod codeBase="C:\code\sys-sensor-v3\src\SystemMonitor.Tests\bin\Release\net8.0\SystemMonitor.Tests.dll" adapterTypeName="executor://xunit/VsTestRunner2/netcoreapp" className="SystemMonitor.Tests.ContractTests" name="Snapshot_Request_Serializes_To_SnakeCase" />
    </UnitTest>
    <UnitTest name="SystemMonitor.Tests.SchemaTests.Hello_Schema_Invalid_NoToken" storage="c:\code\sys-sensor-v3\src\systemmonitor.tests\bin\release\net8.0\systemmonitor.tests.dll" id="d13cbe31-bcad-db2e-a448-21033afe455a">
      <Execution id="3ec0fd64-2a09-4453-bc3a-2813195a596e" />
      <TestMethod codeBase="C:\code\sys-sensor-v3\src\SystemMonitor.Tests\bin\Release\net8.0\SystemMonitor.Tests.dll" adapterTypeName="executor://xunit/VsTestRunner2/netcoreapp" className="SystemMonitor.Tests.SchemaTests" name="Hello_Schema_Invalid_NoToken" />
    </UnitTest>
    <UnitTest name="SystemMonitor.Tests.EndToEndTests.Metrics_Throttle_Burst_Recovery_Works" storage="c:\code\sys-sensor-v3\src\systemmonitor.tests\bin\release\net8.0\systemmonitor.tests.dll" id="575383ac-a422-d1e5-3903-2da7ffd1b577">
      <Execution id="dff63969-7140-49dc-9d15-14c320679ea9" />
      <TestMethod codeBase="C:\code\sys-sensor-v3\src\SystemMonitor.Tests\bin\Release\net8.0\SystemMonitor.Tests.dll" adapterTypeName="executor://xunit/VsTestRunner2/netcoreapp" className="SystemMonitor.Tests.EndToEndTests" name="Metrics_Throttle_Burst_Recovery_Works" />
    </UnitTest>
    <UnitTest name="SystemMonitor.Tests.ContractTests.UpdateCheck_Request_Serializes_To_SnakeCase" storage="c:\code\sys-sensor-v3\src\systemmonitor.tests\bin\release\net8.0\systemmonitor.tests.dll" id="63eafbb5-a30b-37a9-e05f-fe5729a00075">
      <Execution id="3107d03c-8a52-478e-8ccf-d2ca21a53743" />
      <TestMethod codeBase="C:\code\sys-sensor-v3\src\SystemMonitor.Tests\bin\Release\net8.0\SystemMonitor.Tests.dll" adapterTypeName="executor://xunit/VsTestRunner2/netcoreapp" className="SystemMonitor.Tests.ContractTests" name="UpdateCheck_Request_Serializes_To_SnakeCase" />
    </UnitTest>
  </TestDefinitions>
  <TestEntries>
    <TestEntry testId="648e89fa-b178-023e-6b9f-b12e893716da" executionId="89d2ffdd-d741-4493-ab7f-2bbf7042e836" testListId="8c84fa94-04c1-424b-9868-57a2d4851a1d" />
    <TestEntry testId="ef813fb4-1132-cb92-7e68-0c9ef045b6b7" executionId="b5975d71-5525-4693-9325-dc51a11b46b2" testListId="8c84fa94-04c1-424b-9868-57a2d4851a1d" />
    <TestEntry testId="897198c2-e013-2fdc-4de0-ccbd44dab1f1" executionId="d76f4105-7e15-467d-b039-bdefb8c2191b" testListId="8c84fa94-04c1-424b-9868-57a2d4851a1d" />
    <TestEntry testId="f6814e48-0b49-81a9-5412-aa1c3ac48e00" executionId="ef6469ab-5f09-421d-ba81-6d98d6dd55ca" testListId="8c84fa94-04c1-424b-9868-57a2d4851a1d" />
    <TestEntry testId="0f77d0ed-59fb-971b-4d70-0677c148fa79" executionId="9b6ed061-b2eb-4b83-8320-8cf7a73f3a0e" testListId="8c84fa94-04c1-424b-9868-57a2d4851a1d" />
    <TestEntry testId="ba4d86c4-e56e-4feb-035c-05a39221e7db" executionId="2393d23d-862a-42c6-8b54-4b60decd236b" testListId="8c84fa94-04c1-424b-9868-57a2d4851a1d" />
    <TestEntry testId="69d6d1aa-b426-63fd-4c85-4eac53250980" executionId="d059af3f-1191-49d7-9d3d-0b31f7805780" testListId="8c84fa94-04c1-424b-9868-57a2d4851a1d" />
    <TestEntry testId="316b5766-01a4-b945-df1a-1d07ac1dfded" executionId="62a69fcb-16cb-40e7-9630-ebe4b0a865e6" testListId="8c84fa94-04c1-424b-9868-57a2d4851a1d" />
    <TestEntry testId="d13cbe31-bcad-db2e-a448-21033afe455a" executionId="3ec0fd64-2a09-4453-bc3a-2813195a596e" testListId="8c84fa94-04c1-424b-9868-57a2d4851a1d" />
    <TestEntry testId="18b35648-a566-3499-95ec-e14d308dcba6" executionId="021fef74-9058-4c79-8b35-bfbf488d79d5" testListId="8c84fa94-04c1-424b-9868-57a2d4851a1d" />
    <TestEntry testId="84bddd7b-5fca-ad7f-6631-caa1dc730eca" executionId="32e509c0-d5a6-4974-8a80-8c2931d08941" testListId="8c84fa94-04c1-424b-9868-57a2d4851a1d" />
    <TestEntry testId="dc6251cd-01f9-1cce-a502-df54ce71eba2" executionId="fb459276-42e7-4941-ab45-eb8eb7e9bab3" testListId="8c84fa94-04c1-424b-9868-57a2d4851a1d" />
    <TestEntry testId="af91bfef-d9e3-90f4-bf1f-8322352913ff" executionId="69689812-4b2a-4c26-8c2a-968d3fc96089" testListId="8c84fa94-04c1-424b-9868-57a2d4851a1d" />
    <TestEntry testId="dacf0d9f-52f8-cc00-236f-2f32d31c4af3" executionId="411f809c-6f11-43ce-8f0c-68b313a19ba6" testListId="8c84fa94-04c1-424b-9868-57a2d4851a1d" />
    <TestEntry testId="2fee1618-453a-fb22-e956-2fd9d457aed7" executionId="012f66a6-f4fd-47bc-9954-59a91a157d23" testListId="8c84fa94-04c1-424b-9868-57a2d4851a1d" />
    <TestEntry testId="d1ecf483-dfd0-e8fd-412c-75343e5fd3e3" executionId="2459d554-82d3-4651-9467-3d522dba5159" testListId="8c84fa94-04c1-424b-9868-57a2d4851a1d" />
    <TestEntry testId="825a0899-f60c-7747-10dc-edf9d745369b" executionId="5a18ac2a-ce53-4d05-96ef-9ccf916bdfd4" testListId="8c84fa94-04c1-424b-9868-57a2d4851a1d" />
    <TestEntry testId="6bc5c69f-1e35-1dda-027a-3965f2238887" executionId="063004bb-c2e7-49eb-bda7-92ce1964fe0f" testListId="8c84fa94-04c1-424b-9868-57a2d4851a1d" />
    <TestEntry testId="575383ac-a422-d1e5-3903-2da7ffd1b577" executionId="dff63969-7140-49dc-9d15-14c320679ea9" testListId="8c84fa94-04c1-424b-9868-57a2d4851a1d" />
    <TestEntry testId="afa476e6-1342-0de1-8963-ea8bca4835e6" executionId="f9c5b84f-33b5-460d-87c9-bde78f073387" testListId="8c84fa94-04c1-424b-9868-57a2d4851a1d" />
    <TestEntry testId="fc84e8aa-81c3-13b2-161d-42cbb3024667" executionId="3a7eb006-6b3d-404b-a25a-ba6faa4011e7" testListId="8c84fa94-04c1-424b-9868-57a2d4851a1d" />
    <TestEntry testId="f4df6398-0c14-b3dd-5ee6-c8f487d7504a" executionId="10dfb15d-b8b7-41ec-8f94-8157b098f6a6" testListId="8c84fa94-04c1-424b-9868-57a2d4851a1d" />
    <TestEntry testId="7aba6d95-cdac-4d3b-fc1e-d345b65a933b" executionId="42ef5d48-e107-4f0d-aee7-1baa929039d3" testListId="8c84fa94-04c1-424b-9868-57a2d4851a1d" />
    <TestEntry testId="116d7234-8081-621c-9c63-75bb4125b1af" executionId="b8e8cc3c-0d2c-4239-a958-7969b990c938" testListId="8c84fa94-04c1-424b-9868-57a2d4851a1d" />
    <TestEntry testId="d17c6ea2-3ca4-386f-c6e7-4b216cf89dd5" executionId="e2cb5127-c8e0-4175-89e0-a011fadf3d55" testListId="8c84fa94-04c1-424b-9868-57a2d4851a1d" />
    <TestEntry testId="7fcfcc39-66f5-e59a-53bb-ab760b3d7c57" executionId="bc6bc3b1-152c-4446-bd36-f82783694977" testListId="8c84fa94-04c1-424b-9868-57a2d4851a1d" />
    <TestEntry testId="63eafbb5-a30b-37a9-e05f-fe5729a00075" executionId="3107d03c-8a52-478e-8ccf-d2ca21a53743" testListId="8c84fa94-04c1-424b-9868-57a2d4851a1d" />
    <TestEntry testId="c7e17ebe-07f3-5913-71e6-f1c4a943136f" executionId="8e049dbb-e53c-46b1-a558-48234b459e9d" testListId="8c84fa94-04c1-424b-9868-57a2d4851a1d" />
    <TestEntry testId="a5cee8d5-e1e7-16a2-597a-8c6cbc2b8be8" executionId="e517e109-bc52-4f0e-aa11-7aef31317fb4" testListId="8c84fa94-04c1-424b-9868-57a2d4851a1d" />
    <TestEntry testId="1bc68377-98f3-3224-550a-3a1f98831502" executionId="7b57289c-27de-46e8-854e-2f560ad76fa7" testListId="8c84fa94-04c1-424b-9868-57a2d4851a1d" />
    <TestEntry testId="deff2b50-b04e-659a-fcb1-aacff92daa42" executionId="c4eaae8f-bdb7-48eb-963d-50c035a8c2e6" testListId="8c84fa94-04c1-424b-9868-57a2d4851a1d" />
    <TestEntry testId="1625b824-bf75-ff81-2ccc-b11736dbaaf3" executionId="15481cec-ff56-4b92-ba2f-4fe1b6a6d62b" testListId="8c84fa94-04c1-424b-9868-57a2d4851a1d" />
    <TestEntry testId="8efef518-8988-e3e1-bb3e-361f08b825e5" executionId="065898bd-2002-4b6a-8556-2493d0d66fba" testListId="8c84fa94-04c1-424b-9868-57a2d4851a1d" />
    <TestEntry testId="e1fbd4f1-6ade-f24b-317f-6dbbbf27c5fc" executionId="1db0878a-b29a-4281-b7d1-97aba51dd8c6" testListId="8c84fa94-04c1-424b-9868-57a2d4851a1d" />
    <TestEntry testId="e7afe76e-2983-511f-53e6-ec72c360fd06" executionId="46b1bf86-e8f9-4c90-a055-8a3a7abb4fc2" testListId="8c84fa94-04c1-424b-9868-57a2d4851a1d" />
    <TestEntry testId="5359d170-82fa-d8d2-2f92-97bc053dca0c" executionId="1af2b9db-8c12-4d59-ad88-ca37c4f5e543" testListId="8c84fa94-04c1-424b-9868-57a2d4851a1d" />
    <TestEntry testId="b63f371d-2541-ba09-aa15-8afdc6da8ab0" executionId="be88ba2d-e5a1-46ac-9626-3c1550b725e2" testListId="8c84fa94-04c1-424b-9868-57a2d4851a1d" />
    <TestEntry testId="d46fc4ee-0150-cded-8fbb-ceb1d2e0e4ba" executionId="ffb48ae5-e1b2-46c0-b82f-10a24d267977" testListId="8c84fa94-04c1-424b-9868-57a2d4851a1d" />
  </TestEntries>
  <TestLists>
    <TestList name="列表中未列出的结果" id="8c84fa94-04c1-424b-9868-57a2d4851a1d" />
    <TestList name="所有已加载的结果" id="19431567-8539-422a-85d7-44ee4e166bda" />
  </TestLists>
  <ResultSummary outcome="Completed">
    <Counters total="38" executed="35" passed="35" failed="0" error="0" timeout="0" aborted="0" inconclusive="0" passedButRunAborted="0" notRunnable="0" notExecuted="0" disconnected="0" warning="0" completed="0" inProgress="0" pending="0" />
    <Output>
      <StdOut>[xUnit.net 00:00:00.00] xUnit.net VSTest Adapter v2.5.3.1+6b60a9e56a (64-bit .NET 8.0.19)&#xD;
[xUnit.net 00:00:00.23]   Discovering: SystemMonitor.Tests&#xD;
[xUnit.net 00:00:00.32]   Discovered:  SystemMonitor.Tests&#xD;
[xUnit.net 00:00:00.33]   Starting:    SystemMonitor.Tests&#xD;
[test][pipe-wait] last-win32=2 elapsed=0.0s&#xD;
[svc][out] 正在生成...&#xD;
[test][pipe-wait] last-win32=2 elapsed=0.2s&#xD;
[test][pipe-wait] last-win32=2 elapsed=0.5s&#xD;
[test][pipe-wait] last-win32=2 elapsed=0.7s&#xD;
[test][pipe-wait] last-win32=2 elapsed=0.9s&#xD;
[test][pipe-wait] last-win32=2 elapsed=1.1s&#xD;
[test][pipe-wait] last-win32=2 elapsed=1.3s&#xD;
[test][pipe-wait] last-win32=2 elapsed=1.5s&#xD;
[test][pipe-wait] last-win32=2 elapsed=1.7s&#xD;
[test][pipe-wait] last-win32=2 elapsed=2.0s&#xD;
[test][pipe-wait] last-win32=2 elapsed=2.2s&#xD;
[test][pipe-wait] last-win32=2 elapsed=2.5s&#xD;
[test][pipe-wait] last-win32=2 elapsed=2.7s&#xD;
[test][pipe-wait] last-win32=2 elapsed=2.9s&#xD;
[test][pipe-wait] last-win32=2 elapsed=3.1s&#xD;
[test][pipe-wait] last-win32=2 elapsed=3.3s&#xD;
[test][pipe-wait] last-win32=2 elapsed=3.5s&#xD;
[test][pipe-wait] last-win32=2 elapsed=3.8s&#xD;
[test][pipe-wait] last-win32=2 elapsed=4.0s&#xD;
[test][pipe-wait] last-win32=2 elapsed=4.2s&#xD;
[test][pipe-wait] last-win32=2 elapsed=4.4s&#xD;
[test][pipe-wait] last-win32=2 elapsed=4.6s&#xD;
[test][pipe-wait] last-win32=2 elapsed=4.8s&#xD;
[test][pipe-wait] last-win32=2 elapsed=5.1s&#xD;
[test][pipe-wait] last-win32=2 elapsed=5.3s&#xD;
[svc][out] [BOOT] Program start&#xD;
[svc][out] [BOOT] Invoking root command...&#xD;
[svc][out] [BOOT] Host builder created&#xD;
[svc][out] [BOOT] Building host...&#xD;
[test][pipe-wait] last-win32=2 elapsed=5.5s&#xD;
[test][pipe-wait] last-win32=2 elapsed=5.7s&#xD;
[test][pipe-wait] last-win32=2 elapsed=5.9s&#xD;
[svc][out] [BOOT] Host built&#xD;
[svc][out] [SystemMonitor.Service] Running in CONSOLE mode. Use --service to run as Windows Service.&#xD;
[test][pipe-wait] last-win32=2 elapsed=6.1s&#xD;
[test][pipe-wait] last-win32=2 elapsed=6.4s&#xD;
[svc][out] 正在生成...&#xD;
[test][pipe-wait] last-win32=2 elapsed=0.0s&#xD;
[test][pipe-wait] last-win32=2 elapsed=0.2s&#xD;
[test][pipe-wait] last-win32=2 elapsed=0.4s&#xD;
[test][pipe-wait] last-win32=2 elapsed=0.6s&#xD;
[test][pipe-wait] last-win32=2 elapsed=0.8s&#xD;
[test][pipe-wait] last-win32=2 elapsed=1.0s&#xD;
[test][pipe-wait] last-win32=2 elapsed=1.2s&#xD;
[test][pipe-wait] last-win32=2 elapsed=1.4s&#xD;
[test][pipe-wait] last-win32=2 elapsed=1.6s&#xD;
[test][pipe-wait] last-win32=2 elapsed=1.8s&#xD;
[test][pipe-wait] last-win32=2 elapsed=2.1s&#xD;
[test][pipe-wait] last-win32=2 elapsed=2.3s&#xD;
[test][pipe-wait] last-win32=2 elapsed=2.5s&#xD;
[test][pipe-wait] last-win32=2 elapsed=2.7s&#xD;
[test][pipe-wait] last-win32=2 elapsed=2.9s&#xD;
[test][pipe-wait] last-win32=2 elapsed=3.1s&#xD;
[test][pipe-wait] last-win32=2 elapsed=3.3s&#xD;
[svc][out] [BOOT] Program start&#xD;
[svc][out] [BOOT] Invoking root command...&#xD;
[svc][out] [BOOT] Host builder created&#xD;
[svc][out] [BOOT] Building host...&#xD;
[test][pipe-wait] last-win32=2 elapsed=3.5s&#xD;
[svc][out] [BOOT] Host built&#xD;
[svc][out] [SystemMonitor.Service] Running in CONSOLE mode. Use --service to run as Windows Service.&#xD;
[test][pipe-wait] last-win32=2 elapsed=3.7s&#xD;
[svc][out] 正在生成...&#xD;
[test][pipe-wait] last-win32=2 elapsed=0.0s&#xD;
[test][pipe-wait] last-win32=2 elapsed=0.2s&#xD;
[test][pipe-wait] last-win32=2 elapsed=0.4s&#xD;
[test][pipe-wait] last-win32=2 elapsed=0.6s&#xD;
[test][pipe-wait] last-win32=2 elapsed=0.8s&#xD;
[test][pipe-wait] last-win32=2 elapsed=1.1s&#xD;
[test][pipe-wait] last-win32=2 elapsed=1.3s&#xD;
[test][pipe-wait] last-win32=2 elapsed=1.5s&#xD;
[test][pipe-wait] last-win32=2 elapsed=1.7s&#xD;
[test][pipe-wait] last-win32=2 elapsed=1.9s&#xD;
[test][pipe-wait] last-win32=2 elapsed=2.1s&#xD;
[test][pipe-wait] last-win32=2 elapsed=2.4s&#xD;
[test][pipe-wait] last-win32=2 elapsed=2.6s&#xD;
[test][pipe-wait] last-win32=2 elapsed=2.9s&#xD;
[test][pipe-wait] last-win32=2 elapsed=3.1s&#xD;
[test][pipe-wait] last-win32=2 elapsed=3.3s&#xD;
[test][pipe-wait] last-win32=2 elapsed=3.5s&#xD;
[test][pipe-wait] last-win32=2 elapsed=3.7s&#xD;
[test][pipe-wait] last-win32=2 elapsed=4.0s&#xD;
[test][pipe-wait] last-win32=2 elapsed=4.2s&#xD;
[test][pipe-wait] last-win32=2 elapsed=4.4s&#xD;
[svc][out] [BOOT] Program start&#xD;
[svc][out] [BOOT] Invoking root command...&#xD;
[svc][out] [BOOT] Host builder created&#xD;
[svc][out] [BOOT] Building host...&#xD;
[test][pipe-wait] last-win32=2 elapsed=4.6s&#xD;
[test][pipe-wait] last-win32=2 elapsed=4.8s&#xD;
[test][pipe-wait] last-win32=2 elapsed=5.0s&#xD;
[test][pipe-wait] last-win32=2 elapsed=5.3s&#xD;
[svc][out] [BOOT] Host built&#xD;
[svc][out] [SystemMonitor.Service] Running in CONSOLE mode. Use --service to run as Windows Service.&#xD;
[test][pipe-wait] last-win32=2 elapsed=5.5s&#xD;
[svc][out] 正在生成...&#xD;
[test][pipe-wait] last-win32=2 elapsed=0.0s&#xD;
[test][pipe-wait] last-win32=2 elapsed=0.2s&#xD;
[test][pipe-wait] last-win32=2 elapsed=0.4s&#xD;
[test][pipe-wait] last-win32=2 elapsed=0.6s&#xD;
[test][pipe-wait] last-win32=2 elapsed=0.8s&#xD;
[test][pipe-wait] last-win32=2 elapsed=1.1s&#xD;
[test][pipe-wait] last-win32=2 elapsed=1.3s&#xD;
[test][pipe-wait] last-win32=2 elapsed=1.5s&#xD;
[test][pipe-wait] last-win32=2 elapsed=1.7s&#xD;
[test][pipe-wait] last-win32=2 elapsed=1.9s&#xD;
[test][pipe-wait] last-win32=2 elapsed=2.1s&#xD;
[test][pipe-wait] last-win32=2 elapsed=2.3s&#xD;
[test][pipe-wait] last-win32=2 elapsed=2.5s&#xD;
[test][pipe-wait] last-win32=2 elapsed=2.7s&#xD;
[svc][out] [BOOT] Program start&#xD;
[svc][out] [BOOT] Invoking root command...&#xD;
[svc][out] [BOOT] Host builder created&#xD;
[svc][out] [BOOT] Building host...&#xD;
[test][pipe-wait] last-win32=2 elapsed=3.0s&#xD;
[test][pipe-wait] last-win32=2 elapsed=3.2s&#xD;
[svc][out] [BOOT] Host built&#xD;
[svc][out] [SystemMonitor.Service] Running in CONSOLE mode. Use --service to run as Windows Service.&#xD;
[test][pipe-wait] last-win32=2 elapsed=3.4s&#xD;
[test][pipe-wait] last-win32=2 elapsed=0.0s&#xD;
[svc][out] 正在生成...&#xD;
[test][pipe-wait] last-win32=2 elapsed=0.2s&#xD;
[test][pipe-wait] last-win32=2 elapsed=0.4s&#xD;
[test][pipe-wait] last-win32=2 elapsed=0.6s&#xD;
[test][pipe-wait] last-win32=2 elapsed=0.9s&#xD;
[test][pipe-wait] last-win32=2 elapsed=1.1s&#xD;
[test][pipe-wait] last-win32=2 elapsed=1.3s&#xD;
[test][pipe-wait] last-win32=2 elapsed=1.5s&#xD;
[test][pipe-wait] last-win32=2 elapsed=1.7s&#xD;
[test][pipe-wait] last-win32=2 elapsed=2.0s&#xD;
[test][pipe-wait] last-win32=2 elapsed=2.2s&#xD;
[test][pipe-wait] last-win32=2 elapsed=2.4s&#xD;
[test][pipe-wait] last-win32=2 elapsed=2.6s&#xD;
[test][pipe-wait] last-win32=2 elapsed=2.8s&#xD;
[test][pipe-wait] last-win32=2 elapsed=3.0s&#xD;
[test][pipe-wait] last-win32=2 elapsed=3.2s&#xD;
[test][pipe-wait] last-win32=2 elapsed=3.4s&#xD;
[test][pipe-wait] last-win32=2 elapsed=3.6s&#xD;
[test][pipe-wait] last-win32=2 elapsed=3.8s&#xD;
[test][pipe-wait] last-win32=2 elapsed=4.0s&#xD;
[test][pipe-wait] last-win32=2 elapsed=4.2s&#xD;
[svc][out] [BOOT] Program start&#xD;
[svc][out] [BOOT] Invoking root command...&#xD;
[svc][out] [BOOT] Host builder created&#xD;
[svc][out] [BOOT] Building host...&#xD;
[test][pipe-wait] last-win32=2 elapsed=4.4s&#xD;
[test][pipe-wait] last-win32=2 elapsed=4.7s&#xD;
[svc][out] [BOOT] Host built&#xD;
[svc][out] [SystemMonitor.Service] Running in CONSOLE mode. Use --service to run as Windows Service.&#xD;
[svc][out] 正在生成...&#xD;
[test][pipe-wait] last-win32=2 elapsed=0.0s&#xD;
[test][pipe-wait] last-win32=2 elapsed=0.2s&#xD;
[test][pipe-wait] last-win32=2 elapsed=0.4s&#xD;
[test][pipe-wait] last-win32=2 elapsed=0.6s&#xD;
[test][pipe-wait] last-win32=2 elapsed=0.8s&#xD;
[test][pipe-wait] last-win32=2 elapsed=1.0s&#xD;
[test][pipe-wait] last-win32=2 elapsed=1.2s&#xD;
[test][pipe-wait] last-win32=2 elapsed=1.4s&#xD;
[test][pipe-wait] last-win32=2 elapsed=1.6s&#xD;
[test][pipe-wait] last-win32=2 elapsed=1.8s&#xD;
[test][pipe-wait] last-win32=2 elapsed=2.1s&#xD;
[test][pipe-wait] last-win32=2 elapsed=2.3s&#xD;
[test][pipe-wait] last-win32=2 elapsed=2.5s&#xD;
[test][pipe-wait] last-win32=2 elapsed=2.7s&#xD;
[test][pipe-wait] last-win32=2 elapsed=2.9s&#xD;
[test][pipe-wait] last-win32=2 elapsed=3.1s&#xD;
[test][pipe-wait] last-win32=2 elapsed=3.3s&#xD;
[svc][out] [BOOT] Program start&#xD;
[svc][out] [BOOT] Invoking root command...&#xD;
[test][pipe-wait] last-win32=2 elapsed=3.6s&#xD;
[svc][out] [BOOT] Host builder created&#xD;
[svc][out] [BOOT] Building host...&#xD;
[test][pipe-wait] last-win32=2 elapsed=3.8s&#xD;
[test][pipe-wait] last-win32=2 elapsed=4.0s&#xD;
[svc][out] [BOOT] Host built&#xD;
[svc][out] [SystemMonitor.Service] Running in CONSOLE mode. Use --service to run as Windows Service.&#xD;
[test][pipe-wait] last-win32=2 elapsed=4.2s&#xD;
[svc][out] 正在生成...&#xD;
[test][pipe-wait] last-win32=2 elapsed=0.0s&#xD;
[test][pipe-wait] last-win32=2 elapsed=0.4s&#xD;
[test][pipe-wait] last-win32=2 elapsed=0.6s&#xD;
[test][pipe-wait] last-win32=2 elapsed=0.8s&#xD;
[test][pipe-wait] last-win32=2 elapsed=1.0s&#xD;
[test][pipe-wait] last-win32=2 elapsed=1.3s&#xD;
[test][pipe-wait] last-win32=2 elapsed=1.5s&#xD;
[test][pipe-wait] last-win32=2 elapsed=1.7s&#xD;
[test][pipe-wait] last-win32=2 elapsed=1.9s&#xD;
[test][pipe-wait] last-win32=2 elapsed=2.2s&#xD;
[test][pipe-wait] last-win32=2 elapsed=2.4s&#xD;
[test][pipe-wait] last-win32=2 elapsed=2.6s&#xD;
[test][pipe-wait] last-win32=2 elapsed=2.8s&#xD;
[test][pipe-wait] last-win32=2 elapsed=3.0s&#xD;
[test][pipe-wait] last-win32=2 elapsed=3.2s&#xD;
[test][pipe-wait] last-win32=2 elapsed=3.5s&#xD;
[test][pipe-wait] last-win32=2 elapsed=3.7s&#xD;
[test][pipe-wait] last-win32=2 elapsed=3.9s&#xD;
[test][pipe-wait] last-win32=2 elapsed=4.1s&#xD;
[test][pipe-wait] last-win32=2 elapsed=4.3s&#xD;
[test][pipe-wait] last-win32=2 elapsed=4.5s&#xD;
[test][pipe-wait] last-win32=2 elapsed=4.7s&#xD;
[test][pipe-wait] last-win32=2 elapsed=5.0s&#xD;
[test][pipe-wait] last-win32=2 elapsed=5.2s&#xD;
[test][pipe-wait] last-win32=2 elapsed=5.4s&#xD;
[test][pipe-wait] last-win32=2 elapsed=5.7s&#xD;
[test][pipe-wait] last-win32=2 elapsed=6.0s&#xD;
[test][pipe-wait] last-win32=2 elapsed=6.2s&#xD;
[test][pipe-wait] last-win32=2 elapsed=6.4s&#xD;
[svc][out] [BOOT] Program start&#xD;
[svc][out] [BOOT] Invoking root command...&#xD;
[svc][out] [BOOT] Host builder created&#xD;
[svc][out] [BOOT] Building host...&#xD;
[test][pipe-wait] last-win32=2 elapsed=6.6s&#xD;
[test][pipe-wait] last-win32=2 elapsed=6.8s&#xD;
[test][pipe-wait] last-win32=2 elapsed=7.0s&#xD;
[svc][out] [BOOT] Host built&#xD;
[svc][out] [SystemMonitor.Service] Running in CONSOLE mode. Use --service to run as Windows Service.&#xD;
[test][pipe-wait] last-win32=2 elapsed=7.3s&#xD;
[svc][out] 正在生成...&#xD;
[test][pipe-wait] last-win32=2 elapsed=0.0s&#xD;
[test][pipe-wait] last-win32=2 elapsed=0.2s&#xD;
[test][pipe-wait] last-win32=2 elapsed=0.4s&#xD;
[test][pipe-wait] last-win32=2 elapsed=0.6s&#xD;
[test][pipe-wait] last-win32=2 elapsed=0.8s&#xD;
[test][pipe-wait] last-win32=2 elapsed=1.1s&#xD;
[test][pipe-wait] last-win32=2 elapsed=1.3s&#xD;
[test][pipe-wait] last-win32=2 elapsed=1.5s&#xD;
[test][pipe-wait] last-win32=2 elapsed=1.7s&#xD;
[test][pipe-wait] last-win32=2 elapsed=1.9s&#xD;
[test][pipe-wait] last-win32=2 elapsed=2.2s&#xD;
[test][pipe-wait] last-win32=2 elapsed=2.4s&#xD;
[test][pipe-wait] last-win32=2 elapsed=2.6s&#xD;
[test][pipe-wait] last-win32=2 elapsed=2.8s&#xD;
[test][pipe-wait] last-win32=2 elapsed=3.1s&#xD;
[test][pipe-wait] last-win32=2 elapsed=3.3s&#xD;
[test][pipe-wait] last-win32=2 elapsed=3.5s&#xD;
[test][pipe-wait] last-win32=2 elapsed=3.7s&#xD;
[test][pipe-wait] last-win32=2 elapsed=4.0s&#xD;
[test][pipe-wait] last-win32=2 elapsed=4.2s&#xD;
[test][pipe-wait] last-win32=2 elapsed=4.4s&#xD;
[test][pipe-wait] last-win32=2 elapsed=4.6s&#xD;
[test][pipe-wait] last-win32=2 elapsed=4.8s&#xD;
[test][pipe-wait] last-win32=2 elapsed=5.0s&#xD;
[test][pipe-wait] last-win32=2 elapsed=5.2s&#xD;
[test][pipe-wait] last-win32=2 elapsed=5.4s&#xD;
[svc][out] [BOOT] Program start&#xD;
[svc][out] [BOOT] Invoking root command...&#xD;
[svc][out] [BOOT] Host builder created&#xD;
[svc][out] [BOOT] Building host...&#xD;
[test][pipe-wait] last-win32=2 elapsed=5.6s&#xD;
[test][pipe-wait] last-win32=2 elapsed=5.9s&#xD;
[test][pipe-wait] last-win32=2 elapsed=6.1s&#xD;
[svc][out] [BOOT] Host built&#xD;
[svc][out] [SystemMonitor.Service] Running in CONSOLE mode. Use --service to run as Windows Service.&#xD;
[svc][out] 正在生成...&#xD;
[test][pipe-wait] last-win32=2 elapsed=0.0s&#xD;
[test][pipe-wait] last-win32=2 elapsed=0.2s&#xD;
[test][pipe-wait] last-win32=2 elapsed=0.4s&#xD;
[test][pipe-wait] last-win32=2 elapsed=0.6s&#xD;
[test][pipe-wait] last-win32=2 elapsed=0.8s&#xD;
[test][pipe-wait] last-win32=2 elapsed=1.1s&#xD;
[test][pipe-wait] last-win32=2 elapsed=1.3s&#xD;
[test][pipe-wait] last-win32=2 elapsed=1.5s&#xD;
[test][pipe-wait] last-win32=2 elapsed=1.7s&#xD;
[test][pipe-wait] last-win32=2 elapsed=1.9s&#xD;
[test][pipe-wait] last-win32=2 elapsed=2.1s&#xD;
[test][pipe-wait] last-win32=2 elapsed=2.3s&#xD;
[test][pipe-wait] last-win32=2 elapsed=2.5s&#xD;
[test][pipe-wait] last-win32=2 elapsed=2.8s&#xD;
[test][pipe-wait] last-win32=2 elapsed=3.0s&#xD;
[test][pipe-wait] last-win32=2 elapsed=3.2s&#xD;
[test][pipe-wait] last-win32=2 elapsed=3.4s&#xD;
[test][pipe-wait] last-win32=2 elapsed=3.6s&#xD;
[test][pipe-wait] last-win32=2 elapsed=3.8s&#xD;
[test][pipe-wait] last-win32=2 elapsed=4.1s&#xD;
[svc][out] [BOOT] Program start&#xD;
[svc][out] [BOOT] Invoking root command...&#xD;
[test][pipe-wait] last-win32=2 elapsed=4.3s&#xD;
[svc][out] [BOOT] Host builder created&#xD;
[svc][out] [BOOT] Building host...&#xD;
[test][pipe-wait] last-win32=2 elapsed=4.5s&#xD;
[test][pipe-wait] last-win32=2 elapsed=4.7s&#xD;
[svc][out] [BOOT] Host built&#xD;
[svc][out] [SystemMonitor.Service] Running in CONSOLE mode. Use --service to run as Windows Service.&#xD;
[test][pipe-wait] last-win32=2 elapsed=4.9s&#xD;
[svc][out] 正在生成...&#xD;
[test][pipe-wait] last-win32=2 elapsed=0.0s&#xD;
[test][pipe-wait] last-win32=2 elapsed=0.2s&#xD;
[test][pipe-wait] last-win32=2 elapsed=0.4s&#xD;
[test][pipe-wait] last-win32=2 elapsed=0.8s&#xD;
[test][pipe-wait] last-win32=2 elapsed=1.0s&#xD;
[test][pipe-wait] last-win32=2 elapsed=1.2s&#xD;
[test][pipe-wait] last-win32=2 elapsed=1.4s&#xD;
[test][pipe-wait] last-win32=2 elapsed=1.6s&#xD;
[test][pipe-wait] last-win32=2 elapsed=1.8s&#xD;
[test][pipe-wait] last-win32=2 elapsed=2.0s&#xD;
[test][pipe-wait] last-win32=2 elapsed=2.3s&#xD;
[test][pipe-wait] last-win32=2 elapsed=2.5s&#xD;
[test][pipe-wait] last-win32=2 elapsed=2.7s&#xD;
[test][pipe-wait] last-win32=2 elapsed=2.9s&#xD;
[test][pipe-wait] last-win32=2 elapsed=3.1s&#xD;
[test][pipe-wait] last-win32=2 elapsed=3.3s&#xD;
[test][pipe-wait] last-win32=2 elapsed=3.5s&#xD;
[test][pipe-wait] last-win32=2 elapsed=3.7s&#xD;
[test][pipe-wait] last-win32=2 elapsed=3.9s&#xD;
[test][pipe-wait] last-win32=2 elapsed=4.2s&#xD;
[test][pipe-wait] last-win32=2 elapsed=4.4s&#xD;
[svc][out] [BOOT] Program start&#xD;
[svc][out] [BOOT] Invoking root command...&#xD;
[svc][out] [BOOT] Host builder created&#xD;
[svc][out] [BOOT] Building host...&#xD;
[test][pipe-wait] last-win32=2 elapsed=4.6s&#xD;
[test][pipe-wait] last-win32=2 elapsed=4.8s&#xD;
[svc][out] [BOOT] Host built&#xD;
[svc][out] [SystemMonitor.Service] Running in CONSOLE mode. Use --service to run as Windows Service.&#xD;
[test][pipe-wait] last-win32=2 elapsed=5.0s&#xD;
[svc][out] 正在生成...&#xD;
[test][pipe-wait] last-win32=2 elapsed=0.0s&#xD;
[test][pipe-wait] last-win32=2 elapsed=0.2s&#xD;
[test][pipe-wait] last-win32=2 elapsed=0.4s&#xD;
[test][pipe-wait] last-win32=2 elapsed=0.6s&#xD;
[test][pipe-wait] last-win32=2 elapsed=0.9s&#xD;
[test][pipe-wait] last-win32=2 elapsed=1.1s&#xD;
[test][pipe-wait] last-win32=2 elapsed=1.3s&#xD;
[test][pipe-wait] last-win32=2 elapsed=1.5s&#xD;
[test][pipe-wait] last-win32=2 elapsed=1.8s&#xD;
[test][pipe-wait] last-win32=2 elapsed=2.0s&#xD;
[test][pipe-wait] last-win32=2 elapsed=2.2s&#xD;
[test][pipe-wait] last-win32=2 elapsed=2.4s&#xD;
[test][pipe-wait] last-win32=2 elapsed=2.7s&#xD;
[test][pipe-wait] last-win32=2 elapsed=2.9s&#xD;
[test][pipe-wait] last-win32=2 elapsed=3.1s&#xD;
[test][pipe-wait] last-win32=2 elapsed=3.3s&#xD;
[test][pipe-wait] last-win32=2 elapsed=3.5s&#xD;
[test][pipe-wait] last-win32=2 elapsed=3.7s&#xD;
[test][pipe-wait] last-win32=2 elapsed=4.0s&#xD;
[test][pipe-wait] last-win32=2 elapsed=4.2s&#xD;
[test][pipe-wait] last-win32=2 elapsed=4.4s&#xD;
[test][pipe-wait] last-win32=2 elapsed=4.6s&#xD;
[test][pipe-wait] last-win32=2 elapsed=4.8s&#xD;
[test][pipe-wait] last-win32=2 elapsed=5.1s&#xD;
[test][pipe-wait] last-win32=2 elapsed=5.3s&#xD;
[test][pipe-wait] last-win32=2 elapsed=5.5s&#xD;
[svc][out] [BOOT] Program start&#xD;
[svc][out] [BOOT] Invoking root command...&#xD;
[test][pipe-wait] last-win32=2 elapsed=5.7s&#xD;
[svc][out] [BOOT] Host builder created&#xD;
[svc][out] [BOOT] Building host...&#xD;
[test][pipe-wait] last-win32=2 elapsed=5.9s&#xD;
[test][pipe-wait] last-win32=2 elapsed=6.1s&#xD;
[test][pipe-wait] last-win32=2 elapsed=6.3s&#xD;
[svc][out] [BOOT] Host built&#xD;
[svc][out] [SystemMonitor.Service] Running in CONSOLE mode. Use --service to run as Windows Service.&#xD;
[test][pipe-wait] last-win32=2 elapsed=6.5s&#xD;
[svc][out] 正在生成...&#xD;
[test][pipe-wait] last-win32=2 elapsed=0.0s&#xD;
[test][pipe-wait] last-win32=2 elapsed=0.2s&#xD;
[test][pipe-wait] last-win32=2 elapsed=0.4s&#xD;
[test][pipe-wait] last-win32=2 elapsed=0.6s&#xD;
[test][pipe-wait] last-win32=2 elapsed=0.8s&#xD;
[test][pipe-wait] last-win32=2 elapsed=1.0s&#xD;
[test][pipe-wait] last-win32=2 elapsed=1.2s&#xD;
[test][pipe-wait] last-win32=2 elapsed=1.5s&#xD;
[test][pipe-wait] last-win32=2 elapsed=1.7s&#xD;
[test][pipe-wait] last-win32=2 elapsed=1.9s&#xD;
[test][pipe-wait] last-win32=2 elapsed=2.1s&#xD;
[test][pipe-wait] last-win32=2 elapsed=2.3s&#xD;
[test][pipe-wait] last-win32=2 elapsed=2.5s&#xD;
[test][pipe-wait] last-win32=2 elapsed=2.7s&#xD;
[test][pipe-wait] last-win32=2 elapsed=2.9s&#xD;
[test][pipe-wait] last-win32=2 elapsed=3.1s&#xD;
[test][pipe-wait] last-win32=2 elapsed=3.3s&#xD;
[svc][out] [BOOT] Program start&#xD;
[svc][out] [BOOT] Invoking root command...&#xD;
[test][pipe-wait] last-win32=2 elapsed=3.6s&#xD;
[svc][out] [BOOT] Host builder created&#xD;
[svc][out] [BOOT] Building host...&#xD;
[test][pipe-wait] last-win32=2 elapsed=3.8s&#xD;
[test][pipe-wait] last-win32=2 elapsed=4.0s&#xD;
[test][pipe-wait] last-win32=2 elapsed=4.2s&#xD;
[svc][out] [BOOT] Host built&#xD;
[svc][out] [SystemMonitor.Service] Running in CONSOLE mode. Use --service to run as Windows Service.&#xD;
[test][pipe-wait] last-win32=2 elapsed=4.5s&#xD;
[svc][out] 正在生成...&#xD;
[test][pipe-wait] last-win32=2 elapsed=0.0s&#xD;
[test][pipe-wait] last-win32=2 elapsed=0.2s&#xD;
[test][pipe-wait] last-win32=2 elapsed=0.4s&#xD;
[test][pipe-wait] last-win32=2 elapsed=0.6s&#xD;
[test][pipe-wait] last-win32=2 elapsed=0.8s&#xD;
[test][pipe-wait] last-win32=2 elapsed=1.0s&#xD;
[test][pipe-wait] last-win32=2 elapsed=1.3s&#xD;
[test][pipe-wait] last-win32=2 elapsed=1.5s&#xD;
[test][pipe-wait] last-win32=2 elapsed=1.7s&#xD;
[test][pipe-wait] last-win32=2 elapsed=1.9s&#xD;
[test][pipe-wait] last-win32=2 elapsed=2.1s&#xD;
[test][pipe-wait] last-win32=2 elapsed=2.3s&#xD;
[test][pipe-wait] last-win32=2 elapsed=2.6s&#xD;
[test][pipe-wait] last-win32=2 elapsed=2.8s&#xD;
[test][pipe-wait] last-win32=2 elapsed=3.0s&#xD;
[test][pipe-wait] last-win32=2 elapsed=3.2s&#xD;
[test][pipe-wait] last-win32=2 elapsed=3.4s&#xD;
[svc][out] [BOOT] Program start&#xD;
[svc][out] [BOOT] Invoking root command...&#xD;
[test][pipe-wait] last-win32=2 elapsed=3.6s&#xD;
[svc][out] [BOOT] Host builder created&#xD;
[svc][out] [BOOT] Building host...&#xD;
[test][pipe-wait] last-win32=2 elapsed=3.8s&#xD;
[test][pipe-wait] last-win32=2 elapsed=4.1s&#xD;
[svc][out] [BOOT] Host built&#xD;
[svc][out] [SystemMonitor.Service] Running in CONSOLE mode. Use --service to run as Windows Service.&#xD;
[test][pipe-wait] last-win32=2 elapsed=4.3s&#xD;
[svc][out] 正在生成...&#xD;
[test][pipe-wait] last-win32=2 elapsed=0.0s&#xD;
[test][pipe-wait] last-win32=2 elapsed=0.2s&#xD;
[test][pipe-wait] last-win32=2 elapsed=0.4s&#xD;
[test][pipe-wait] last-win32=2 elapsed=0.6s&#xD;
[test][pipe-wait] last-win32=2 elapsed=0.8s&#xD;
[test][pipe-wait] last-win32=2 elapsed=1.1s&#xD;
[test][pipe-wait] last-win32=2 elapsed=1.3s&#xD;
[test][pipe-wait] last-win32=2 elapsed=1.5s&#xD;
[test][pipe-wait] last-win32=2 elapsed=1.7s&#xD;
[test][pipe-wait] last-win32=2 elapsed=1.9s&#xD;
[test][pipe-wait] last-win32=2 elapsed=2.1s&#xD;
[test][pipe-wait] last-win32=2 elapsed=2.3s&#xD;
[test][pipe-wait] last-win32=2 elapsed=2.5s&#xD;
[test][pipe-wait] last-win32=2 elapsed=2.8s&#xD;
[test][pipe-wait] last-win32=2 elapsed=3.0s&#xD;
[svc][out] [BOOT] Program start&#xD;
[svc][out] [BOOT] Invoking root command...&#xD;
[svc][out] [BOOT] Host builder created&#xD;
[svc][out] [BOOT] Building host...&#xD;
[test][pipe-wait] last-win32=2 elapsed=3.2s&#xD;
[test][pipe-wait] last-win32=2 elapsed=3.4s&#xD;
[svc][out] [BOOT] Host built&#xD;
[svc][out] [SystemMonitor.Service] Running in CONSOLE mode. Use --service to run as Windows Service.&#xD;
[xUnit.net 00:01:46.90]       非 M1：后续里程碑接口&#xD;
在测试运行中跳过测试“SystemMonitor.Tests.ContractTests.SetLogLevel_Request_Serializes_To_SnakeCase”。&#xD;
[xUnit.net 00:01:46.91]       非 M1：后续里程碑接口&#xD;
[xUnit.net 00:01:46.91]       非 M1：后续里程碑接口&#xD;
[xUnit.net 00:01:46.91]   Finished:    SystemMonitor.Tests&#xD;
在测试运行中跳过测试“SystemMonitor.Tests.ContractTests.UpdateApply_Request_Serializes_To_SnakeCase”。&#xD;
在测试运行中跳过测试“SystemMonitor.Tests.ContractTests.UpdateCheck_Request_Serializes_To_SnakeCase”。&#xD;
</StdOut>
    </Output>
    <RunInfos>
      <RunInfo computerName="DESKTOP-J6M8022" outcome="Warning" timestamp="2025-08-22T17:25:36.7306197+08:00">
        <Text>[xUnit.net 00:01:46.90]     SystemMonitor.Tests.ContractTests.SetLogLevel_Request_Serializes_To_SnakeCase [SKIP]</Text>
      </RunInfo>
      <RunInfo computerName="DESKTOP-J6M8022" outcome="Warning" timestamp="2025-08-22T17:25:36.7407566+08:00">
        <Text>[xUnit.net 00:01:46.91]     SystemMonitor.Tests.ContractTests.UpdateApply_Request_Serializes_To_SnakeCase [SKIP]</Text>
      </RunInfo>
      <RunInfo computerName="DESKTOP-J6M8022" outcome="Warning" timestamp="2025-08-22T17:25:36.7417771+08:00">
        <Text>[xUnit.net 00:01:46.91]     SystemMonitor.Tests.ContractTests.UpdateCheck_Request_Serializes_To_SnakeCase [SKIP]</Text>
      </RunInfo>
    </RunInfos>
  </ResultSummary>
</TestRun>