<?xml version="1.0" encoding="utf-8"?>
<TestRun id="df6f8ddc-930b-460e-a179-6c1b4f44f8cb" name="terry@DESKTOP-J6M8022 2025-08-25 04:59:36" runUser="DESKTOP-J6M8022\terry" xmlns="http://microsoft.com/schemas/VisualStudio/TeamTest/2010">
  <Times creation="2025-08-25T04:59:36.8430931+08:00" queuing="2025-08-25T04:59:36.8430936+08:00" start="2025-08-25T04:59:08.6657726+08:00" finish="2025-08-25T05:02:25.2457072+08:00" />
  <TestSettings name="default" id="5c2b89a3-43b7-489f-8090-e971f1868aa3">
    <Deployment runDeploymentRoot="terry_DESKTOP-J6M8022_2025-08-25_04_59_36" />
  </TestSettings>
  <Results>
    <UnitTestResult executionId="cab70d2c-572a-4c1d-a660-97b18107bdf9" testId="f4df6398-0c14-b3dd-5ee6-c8f487d7504a" testName="SystemMonitor.Tests.ContractTests.Snapshot_Request_Serializes_To_SnakeCase" computerName="DESKTOP-J6M8022" duration="00:00:00.0011248" startTime="2025-08-25T05:00:06.4510430+08:00" endTime="2025-08-25T05:00:06.4510432+08:00" testType="13cdc9d9-ddb5-4fa4-a97d-d965ccfc6d4b" outcome="Passed" testListId="8c84fa94-04c1-424b-9868-57a2d4851a1d" relativeResultsDirectory="cab70d2c-572a-4c1d-a660-97b18107bdf9" />
    <UnitTestResult executionId="7020a2b4-9405-4745-97ed-acf340eabc8b" testId="f77df879-60f3-e710-84ee-7fa4f013bac5" testName="SystemMonitor.Tests.SystemInfoCollectorTests.Collect_ShouldReturnFirmwareInfo" computerName="DESKTOP-J6M8022" duration="00:00:00.0157291" startTime="2025-08-25T05:00:10.0797894+08:00" endTime="2025-08-25T05:00:10.0797898+08:00" testType="13cdc9d9-ddb5-4fa4-a97d-d965ccfc6d4b" outcome="Passed" testListId="8c84fa94-04c1-424b-9868-57a2d4851a1d" relativeResultsDirectory="7020a2b4-9405-4745-97ed-acf340eabc8b" />
    <UnitTestResult executionId="0b9d893f-bb11-4c97-b1d9-ef3d268691d4" testId="b3c9c3db-2e88-73a3-bfa9-5343e3be2294" testName="SystemMonitor.Tests.PushSuppressionTests.SubscribeMetrics_Should_Enable_Push" computerName="DESKTOP-J6M8022" duration="00:00:00.0024358" startTime="2025-08-25T05:00:10.1957327+08:00" endTime="2025-08-25T05:00:10.1957329+08:00" testType="13cdc9d9-ddb5-4fa4-a97d-d965ccfc6d4b" outcome="Passed" testListId="8c84fa94-04c1-424b-9868-57a2d4851a1d" relativeResultsDirectory="0b9d893f-bb11-4c97-b1d9-ef3d268691d4" />
    <UnitTestResult executionId="86af70f5-4f31-4e97-8d49-2283a04804b8" testId="18b35648-a566-3499-95ec-e14d308dcba6" testName="SystemMonitor.Tests.EndToEndTests.Hello_Unsupported_Capability_Fails" computerName="DESKTOP-J6M8022" duration="00:00:00.3354901" startTime="2025-08-25T05:02:09.6477297+08:00" endTime="2025-08-25T05:02:09.6477300+08:00" testType="13cdc9d9-ddb5-4fa4-a97d-d965ccfc6d4b" outcome="Passed" testListId="8c84fa94-04c1-424b-9868-57a2d4851a1d" relativeResultsDirectory="86af70f5-4f31-4e97-8d49-2283a04804b8" />
    <UnitTestResult executionId="5a3f2404-eb44-4ec4-934e-dae165826cfb" testId="80a1d66a-fc4c-387f-5eb8-78fdf4069097" testName="SystemMonitor.Tests.SystemInfoCollectorIntegrationTests.Collector_ShouldBeRegisteredInMetricsRegistry" computerName="DESKTOP-J6M8022" duration="00:00:00.0055836" startTime="2025-08-25T05:00:18.5623980+08:00" endTime="2025-08-25T05:00:18.5623982+08:00" testType="13cdc9d9-ddb5-4fa4-a97d-d965ccfc6d4b" outcome="Passed" testListId="8c84fa94-04c1-424b-9868-57a2d4851a1d" relativeResultsDirectory="5a3f2404-eb44-4ec4-934e-dae165826cfb" />
    <UnitTestResult executionId="83f8a54e-31c7-41f0-9c1b-70a7b5bb3415" testId="b63f371d-2541-ba09-aa15-8afdc6da8ab0" testName="SystemMonitor.Tests.EndToEndTests.State_Emitted_On_Start_Burst_Stop" computerName="DESKTOP-J6M8022" duration="00:00:00.7658490" startTime="2025-08-25T05:02:19.8529884+08:00" endTime="2025-08-25T05:02:19.8529892+08:00" testType="13cdc9d9-ddb5-4fa4-a97d-d965ccfc6d4b" outcome="Passed" testListId="8c84fa94-04c1-424b-9868-57a2d4851a1d" relativeResultsDirectory="83f8a54e-31c7-41f0-9c1b-70a7b5bb3415" />
    <UnitTestResult executionId="7e5635f9-5330-4676-acd6-5e6156532f8f" testId="cdc1d8a4-ebdd-0129-c99e-b7f07ac1be20" testName="SystemMonitor.Tests.MemoryCountersTests.MemoryCounters_Read_NoThrow_And_CacheWithin200ms" computerName="DESKTOP-J6M8022" duration="00:00:00.0172227" startTime="2025-08-25T05:00:18.5802158+08:00" endTime="2025-08-25T05:00:18.5802169+08:00" testType="13cdc9d9-ddb5-4fa4-a97d-d965ccfc6d4b" outcome="Passed" testListId="8c84fa94-04c1-424b-9868-57a2d4851a1d" relativeResultsDirectory="7e5635f9-5330-4676-acd6-5e6156532f8f" />
    <UnitTestResult executionId="840ec650-3ab3-4e00-a2cc-dd43433737a5" testId="116d7234-8081-621c-9c63-75bb4125b1af" testName="SystemMonitor.Tests.ContractTests.SetConfig_Request_Serializes_To_SnakeCase" computerName="DESKTOP-J6M8022" duration="00:00:00.0009433" startTime="2025-08-25T05:00:06.4214219+08:00" endTime="2025-08-25T05:00:06.4214222+08:00" testType="13cdc9d9-ddb5-4fa4-a97d-d965ccfc6d4b" outcome="Passed" testListId="8c84fa94-04c1-424b-9868-57a2d4851a1d" relativeResultsDirectory="840ec650-3ab3-4e00-a2cc-dd43433737a5" />
    <UnitTestResult executionId="a28a1c8f-61f8-4e01-9500-24d1eeaaebf3" testId="cd40f9a9-198e-ecbc-2caf-667c26607765" testName="SystemMonitor.Tests.SystemInfoCollectorTests.Collect_ShouldReturnMemoryInfo" computerName="DESKTOP-J6M8022" duration="00:00:00.0119318" startTime="2025-08-25T05:00:10.1409363+08:00" endTime="2025-08-25T05:00:10.1409370+08:00" testType="13cdc9d9-ddb5-4fa4-a97d-d965ccfc6d4b" outcome="Passed" testListId="8c84fa94-04c1-424b-9868-57a2d4851a1d" relativeResultsDirectory="a28a1c8f-61f8-4e01-9500-24d1eeaaebf3" />
    <UnitTestResult executionId="31b989c1-4522-40ee-b646-c08c7e2b9070" testId="2380be20-41f7-c6da-9826-a89e44675606" testName="SystemMonitor.Tests.MemoryCountersTests.GetMemoryInfoMb_NoThrow_And_ReasonableRanges" computerName="DESKTOP-J6M8022" duration="00:00:00.0001457" startTime="2025-08-25T05:00:18.5805208+08:00" endTime="2025-08-25T05:00:18.5805210+08:00" testType="13cdc9d9-ddb5-4fa4-a97d-d965ccfc6d4b" outcome="Passed" testListId="8c84fa94-04c1-424b-9868-57a2d4851a1d" relativeResultsDirectory="31b989c1-4522-40ee-b646-c08c7e2b9070" />
    <UnitTestResult executionId="f99e8bbb-bfe7-4f22-9aa5-67a8c2e95818" testId="a9bbc647-8803-5dec-658a-7c77db2afa36" testName="SystemMonitor.Tests.PushSuppressionTests.Start_SetConfig_Should_Update_Intervals_And_Modules" computerName="DESKTOP-J6M8022" duration="00:00:00.0485541" startTime="2025-08-25T05:00:10.1930355+08:00" endTime="2025-08-25T05:00:10.1930362+08:00" testType="13cdc9d9-ddb5-4fa4-a97d-d965ccfc6d4b" outcome="Passed" testListId="8c84fa94-04c1-424b-9868-57a2d4851a1d" relativeResultsDirectory="f99e8bbb-bfe7-4f22-9aa5-67a8c2e95818" />
    <UnitTestResult executionId="47d518e4-6145-4751-899e-4b656cbfe8a7" testId="dacf0d9f-52f8-cc00-236f-2f32d31c4af3" testName="SystemMonitor.Tests.EndToEndTests.SetConfig_Invalid_BaseInterval_Fails" computerName="DESKTOP-J6M8022" duration="00:00:00.2492874" startTime="2025-08-25T05:01:39.1139556+08:00" endTime="2025-08-25T05:01:39.1139561+08:00" testType="13cdc9d9-ddb5-4fa4-a97d-d965ccfc6d4b" outcome="Passed" testListId="8c84fa94-04c1-424b-9868-57a2d4851a1d" relativeResultsDirectory="47d518e4-6145-4751-899e-4b656cbfe8a7" />
    <UnitTestResult executionId="c5606bcd-93ad-4675-ba94-66592db46e8f" testId="2fee1618-453a-fb22-e956-2fd9d457aed7" testName="SystemMonitor.Tests.ContractTests.Stop_Request_Serializes_To_SnakeCase" computerName="DESKTOP-J6M8022" duration="00:00:00.0014695" startTime="2025-08-25T05:00:06.4281536+08:00" endTime="2025-08-25T05:00:06.4281538+08:00" testType="13cdc9d9-ddb5-4fa4-a97d-d965ccfc6d4b" outcome="Passed" testListId="8c84fa94-04c1-424b-9868-57a2d4851a1d" relativeResultsDirectory="c5606bcd-93ad-4675-ba94-66592db46e8f" />
    <UnitTestResult executionId="9770796d-c113-4a6f-a3e9-4627429b1812" testId="bfd61319-6402-4aa3-c4c0-19c24cf3e257" testName="SystemMonitor.Tests.SystemInfoCollectorTests.Collect_ShouldReturnGraphicsInfo" computerName="DESKTOP-J6M8022" duration="00:00:00.0025310" startTime="2025-08-25T05:00:10.1437000+08:00" endTime="2025-08-25T05:00:10.1437003+08:00" testType="13cdc9d9-ddb5-4fa4-a97d-d965ccfc6d4b" outcome="Passed" testListId="8c84fa94-04c1-424b-9868-57a2d4851a1d" relativeResultsDirectory="9770796d-c113-4a6f-a3e9-4627429b1812" />
    <UnitTestResult executionId="1fdda699-f285-420b-941f-591edaacfc0f" testId="f42e09b5-b678-0ad4-c320-b008feb744b6" testName="SystemMonitor.Tests.NetCountersTests.NetCounters_Read_CacheWithin200ms" computerName="DESKTOP-J6M8022" duration="00:00:00.0003074" startTime="2025-08-25T05:00:18.7365159+08:00" endTime="2025-08-25T05:00:18.7365161+08:00" testType="13cdc9d9-ddb5-4fa4-a97d-d965ccfc6d4b" outcome="Passed" testListId="8c84fa94-04c1-424b-9868-57a2d4851a1d" relativeResultsDirectory="1fdda699-f285-420b-941f-591edaacfc0f" />
    <UnitTestResult executionId="9e16c904-bc56-4f77-9ff1-bb9db2dacf31" testId="786286bb-adde-af71-f91d-9110424a9ef6" testName="SystemMonitor.Tests.SchemaTests.Disk_TopProcesses_Schema_Valid" computerName="DESKTOP-J6M8022" duration="00:00:01.0490947" startTime="2025-08-25T05:00:12.6568047+08:00" endTime="2025-08-25T05:00:12.6568049+08:00" testType="13cdc9d9-ddb5-4fa4-a97d-d965ccfc6d4b" outcome="Passed" testListId="8c84fa94-04c1-424b-9868-57a2d4851a1d" relativeResultsDirectory="9e16c904-bc56-4f77-9ff1-bb9db2dacf31" />
    <UnitTestResult executionId="99235d15-76b5-4f6d-8d1c-d58f0c3b5a98" testId="1bc68377-98f3-3224-550a-3a1f98831502" testName="SystemMonitor.Tests.EndToEndTests.Hello_WithoutToken_Fails" computerName="DESKTOP-J6M8022" duration="00:00:00.3141903" startTime="2025-08-25T05:00:30.0744358+08:00" endTime="2025-08-25T05:00:30.0744360+08:00" testType="13cdc9d9-ddb5-4fa4-a97d-d965ccfc6d4b" outcome="Passed" testListId="8c84fa94-04c1-424b-9868-57a2d4851a1d" relativeResultsDirectory="99235d15-76b5-4f6d-8d1c-d58f0c3b5a98" />
    <UnitTestResult executionId="c64ca8ef-b4ec-4794-9e29-12c6ac4ba26a" testId="63eafbb5-a30b-37a9-e05f-fe5729a00075" testName="SystemMonitor.Tests.ContractTests.UpdateCheck_Request_Serializes_To_SnakeCase" computerName="DESKTOP-J6M8022" duration="00:00:00.0010000" startTime="2025-08-25T05:00:06.4547447+08:00" endTime="2025-08-25T05:00:06.4547448+08:00" testType="13cdc9d9-ddb5-4fa4-a97d-d965ccfc6d4b" outcome="NotExecuted" testListId="8c84fa94-04c1-424b-9868-57a2d4851a1d" relativeResultsDirectory="c64ca8ef-b4ec-4794-9e29-12c6ac4ba26a">
      <Output>
        <ErrorInfo>
          <Message>非 M1：后续里程碑接口</Message>
        </ErrorInfo>
      </Output>
    </UnitTestResult>
    <UnitTestResult executionId="c2068534-6088-4239-bfae-e850c59bdfea" testId="ab4d4b6f-92a9-ebf0-6ec0-d3699092cfc4" testName="SystemMonitor.Tests.SystemInfoCollectorTests.Collect_ShouldReturnMachineInfo" computerName="DESKTOP-J6M8022" duration="00:00:00.0425798" startTime="2025-08-25T05:00:10.0076134+08:00" endTime="2025-08-25T05:00:10.0076138+08:00" testType="13cdc9d9-ddb5-4fa4-a97d-d965ccfc6d4b" outcome="Passed" testListId="8c84fa94-04c1-424b-9868-57a2d4851a1d" relativeResultsDirectory="c2068534-6088-4239-bfae-e850c59bdfea" />
    <UnitTestResult executionId="ede02d5c-ffe9-4f64-b6eb-d936a316501a" testId="316b5766-01a4-b945-df1a-1d07ac1dfded" testName="SystemMonitor.Tests.SchemaTests.BurstSubscribe_Schema_Valid" computerName="DESKTOP-J6M8022" duration="00:00:00.0010713" startTime="2025-08-25T05:00:12.7094883+08:00" endTime="2025-08-25T05:00:12.7094886+08:00" testType="13cdc9d9-ddb5-4fa4-a97d-d965ccfc6d4b" outcome="Passed" testListId="8c84fa94-04c1-424b-9868-57a2d4851a1d" relativeResultsDirectory="ede02d5c-ffe9-4f64-b6eb-d936a316501a" />
    <UnitTestResult executionId="2f3adffd-c413-4be2-898f-529b837daca4" testId="ef813fb4-1132-cb92-7e68-0c9ef045b6b7" testName="SystemMonitor.Tests.EndToEndTests.Metrics_CpuMem_Ranges" computerName="DESKTOP-J6M8022" duration="00:00:01.1787922" startTime="2025-08-25T05:00:56.1467776+08:00" endTime="2025-08-25T05:00:56.1467779+08:00" testType="13cdc9d9-ddb5-4fa4-a97d-d965ccfc6d4b" outcome="Passed" testListId="8c84fa94-04c1-424b-9868-57a2d4851a1d" relativeResultsDirectory="2f3adffd-c413-4be2-898f-529b837daca4" />
    <UnitTestResult executionId="0a7680ec-638a-433b-9f9f-3a145041338a" testId="e1fbd4f1-6ade-f24b-317f-6dbbbf27c5fc" testName="SystemMonitor.Tests.SchemaTests.Hello_Schema_Valid_Minimal" computerName="DESKTOP-J6M8022" duration="00:00:00.0005459" startTime="2025-08-25T05:00:12.7006424+08:00" endTime="2025-08-25T05:00:12.7006426+08:00" testType="13cdc9d9-ddb5-4fa4-a97d-d965ccfc6d4b" outcome="Passed" testListId="8c84fa94-04c1-424b-9868-57a2d4851a1d" relativeResultsDirectory="0a7680ec-638a-433b-9f9f-3a145041338a" />
    <UnitTestResult executionId="01a39767-4533-4311-86ca-44c0d9d9f91a" testId="afa476e6-1342-0de1-8963-ea8bca4835e6" testName="SystemMonitor.Tests.EndToEndTests.QueryHistory_Aggregations_10s_1m" computerName="DESKTOP-J6M8022" duration="00:00:03.4988036" startTime="2025-08-25T05:01:18.7440837+08:00" endTime="2025-08-25T05:01:18.7440839+08:00" testType="13cdc9d9-ddb5-4fa4-a97d-d965ccfc6d4b" outcome="Passed" testListId="8c84fa94-04c1-424b-9868-57a2d4851a1d" relativeResultsDirectory="01a39767-4533-4311-86ca-44c0d9d9f91a" />
    <UnitTestResult executionId="9ab15d3f-5725-44ee-a5f5-a2bae30c94c8" testId="759df637-d080-ef7c-66ad-cd6f487477c1" testName="SystemMonitor.Tests.SchemaTests.Disk_TopProcesses_Schema_Invalid_MissingName" computerName="DESKTOP-J6M8022" duration="00:00:00.0178614" startTime="2025-08-25T05:00:12.7416004+08:00" endTime="2025-08-25T05:00:12.7416007+08:00" testType="13cdc9d9-ddb5-4fa4-a97d-d965ccfc6d4b" outcome="Passed" testListId="8c84fa94-04c1-424b-9868-57a2d4851a1d" relativeResultsDirectory="9ab15d3f-5725-44ee-a5f5-a2bae30c94c8" />
    <UnitTestResult executionId="6f557604-d351-41d7-9383-e51133c1e4d3" testId="648e89fa-b178-023e-6b9f-b12e893716da" testName="SystemMonitor.Tests.EndToEndTests.Hello_Then_Snapshot_Works" computerName="DESKTOP-J6M8022" duration="00:00:00.0010000" startTime="2025-08-25T05:02:12.4060406+08:00" endTime="2025-08-25T05:02:12.4060408+08:00" testType="13cdc9d9-ddb5-4fa4-a97d-d965ccfc6d4b" outcome="Failed" testListId="8c84fa94-04c1-424b-9868-57a2d4851a1d" relativeResultsDirectory="6f557604-d351-41d7-9383-e51133c1e4d3">
      <Output>
        <ErrorInfo>
          <Message>System.InvalidOperationException : Service exited while waiting for pipe. Code=1. Tail:
[svc][out] 姝ｅ湪鐢熸垚...
[file-log-tail]
2025-08-25 05:01:15.180 +08:00 [INF] DESKTOP-J6M8022 49336/8 SystemMonitor.Service.Services.RpcHostedService [startup] 命名管道已创建，等待客户端连接…&#xD;
2025-08-25 05:01:15.268 +08:00 [INF] DESKTOP-J6M8022 49336/12 SystemMonitor.Service.Services.RpcHostedService [startup] 接受到一个客户端连接&#xD;
2025-08-25 05:01:15.269 +08:00 [INF] DESKTOP-J6M8022 49336/12 SystemMonitor.Service.Services.RpcHostedService 客户端已连接&#xD;
2025-08-25 05:01:15.269 +08:00 [INF] DESKTOP-J6M8022 49336/12 SystemMonitor.Service.Services.RpcHostedService 客户端会话建立: conn="09511daf-1ee3-41bf-8de3-eb8dbf96cec5"&#xD;
2025-08-25 05:01:15.269 +08:00 [INF] DESKTOP-J6M8022 49336/12 SystemMonitor.Service.Services.RpcHostedService [startup] 创建命名管道实例&#xD;
2025-08-25 05:01:15.270 +08:00 [INF] DESKTOP-J6M8022 49336/12 SystemMonitor.Service.Services.RpcHostedService [startup] 命名管道已创建，等待客户端连接…&#xD;
2025-08-25 05:01:15.629 +08:00 [INF] DESKTOP-J6M8022 49336/6 SystemMonitor.Service.Worker Worker running at: "2025-08-25T05:01:15.6288710+08:00"&#xD;
2025-08-25 05:01:15.645 +08:00 [INF] DESKTOP-J6M8022 49336/6 SystemMonitor.Service.Services.RpcHostedService 客户端断开：已达到流的结尾。 conn="09511daf-1ee3-41bf-8de3-eb8dbf96cec5"&#xD;
2025-08-25 05:01:15.859 +08:00 [INF] DESKTOP-J6M8022 49336/6 SystemMonitor.Service.Services.RpcHostedService [startup] 接受到一个客户端连接&#xD;
2025-08-25 05:01:15.860 +08:00 [INF] DESKTOP-J6M8022 49336/6 SystemMonitor.Service.Services.RpcHostedService 客户端已连接&#xD;
2025-08-25 05:01:15.860 +08:00 [INF] DESKTOP-J6M8022 49336/6 SystemMonitor.Service.Services.RpcHostedService 客户端会话建立: conn="7461ab18-84f3-4934-af59-acd200243bc0"&#xD;
2025-08-25 05:01:15.860 +08:00 [INF] DESKTOP-J6M8022 49336/6 SystemMonitor.Service.Services.RpcHostedService [startup] 创建命名管道实例&#xD;
2025-08-25 05:01:15.863 +08:00 [INF] DESKTOP-J6M8022 49336/6 SystemMonitor.Service.Services.RpcHostedService [startup] 命名管道已创建，等待客户端连接…&#xD;
2025-08-25 05:01:18.056 +08:00 [INF] DESKTOP-J6M8022 49336/9 SystemMonitor.Service.Worker Worker running at: "2025-08-25T05:01:18.0564353+08:00"&#xD;
2025-08-25 05:01:18.082 +08:00 [INF] DESKTOP-J6M8022 49336/15 SystemMonitor.Service.Services.RpcHostedService hello: app=tauri-bridge proto=1 caps=[metrics_stream] conn="7461ab18-84f3-4934-af59-acd200243bc0"&#xD;
2025-08-25 05:01:18.083 +08:00 [INF] DESKTOP-J6M8022 49336/15 SystemMonitor.Service.Services.RpcHostedService hello ok (bridge): app=tauri-bridge proto=1 caps=[metrics_stream] session_id=9391b803-9447-444f-a151-e1dea003d020 conn="7461ab18-84f3-4934-af59-acd200243bc0"&#xD;
2025-08-25 05:01:18.129 +08:00 [INF] DESKTOP-J6M8022 49336/9 SystemMonitor.Service.Services.RpcHostedService subscribe_metrics: enable=true conn="7461ab18-84f3-4934-af59-acd200243bc0"&#xD;
2025-08-25 05:01:18.138 +08:00 [INF] DESKTOP-J6M8022 49336/9 SystemMonitor.Service.Services.RpcHostedService subscribe_metrics: enable=true conn="7461ab18-84f3-4934-af59-acd200243bc0"&#xD;
2025-08-25 05:01:18.418 +08:00 [INF] DESKTOP-J6M8022 49336/14 SystemMonitor.Service.Services.RpcHostedService prewarm metrics sent after hello: ts=1756069278361 conn="7461ab18-84f3-4934-af59-acd200243bc0"&#xD;
2025-08-25 05:01:18.508 +08:00 [INF] DESKTOP-J6M8022 49336/9 SystemMonitor.Service.Services.RpcHostedService prewarm metrics sent after subscribe_metrics: ts=1756069278479 conn="7461ab18-84f3-4934-af59-acd200243bc0"&#xD;
2025-08-25 05:01:18.595 +08:00 [INF] DESKTOP-J6M8022 49336/13 SystemMonitor.Service.Services.RpcHostedService start called, modules=cpu,mem,disk,network&#xD;
2025-08-25 05:01:18.595 +08:00 [INF] DESKTOP-J6M8022 49336/13 SystemMonitor.Service.Services.RpcHostedService 自动启动采集模块成功&#xD;
2025-08-25 05:01:18.629 +08:00 [INF] DESKTOP-J6M8022 49336/12 SystemMonitor.Service.Services.RpcHostedService prewarm metrics sent after subscribe_metrics: ts=1756069278479 conn="7461ab18-84f3-4934-af59-acd200243bc0"&#xD;
2025-08-25 05:01:18.663 +08:00 [INF] DESKTOP-J6M8022 49336/8 SystemMonitor.Service.Services.RpcHostedService state emitted: phase=start reason=null&#xD;
2025-08-25 05:01:25.292 +08:00 [INF] DESKTOP-J6M8022 4560/1 SystemMonitor.Service.Worker Worker running at: "2025-08-25T05:01:25.2509257+08:00"&#xD;
2025-08-25 05:01:25.502 +08:00 [INF] DESKTOP-J6M8022 4560/1 SystemMonitor.Service.Services.RpcHostedService [startup] RPC HostedService 启动&#xD;
2025-08-25 05:01:25.502 +08:00 [INF] DESKTOP-J6M8022 4560/1 SystemMonitor.Service.Services.RpcHostedService [startup] 初始化 HistoryStore 开始&#xD;
2025-08-25 05:01:25.851 +08:00 [INF] DESKTOP-J6M8022 4560/1 SystemMonitor.Service.Services.HistoryStore HistoryStore initialized at C:\code\sys-sensor-v3\src\SystemMonitor.Service\bin\Release\net8.0\data\metrics.db&#xD;
2025-08-25 05:01:25.855 +08:00 [INF] DESKTOP-J6M8022 4560/1 SystemMonitor.Service.Services.RpcHostedService [startup] 初始化 HistoryStore 结束，用时 352ms&#xD;
2025-08-25 05:01:25.857 +08:00 [INF] DESKTOP-J6M8022 4560/1 SystemMonitor.Service.Services.RpcHostedService [startup] 创建命名管道实例&#xD;
2025-08-25 05:01:25.867 +08:00 [INF] DESKTOP-J6M8022 4560/1 SystemMonitor.Service.Services.RpcHostedService [startup] 命名管道已创建，等待客户端连接…&#xD;
2025-08-25 05:01:25.937 +08:00 [INF] DESKTOP-J6M8022 4560/9 SystemMonitor.Service.Services.RpcHostedService [startup] 接受到一个客户端连接&#xD;
2025-08-25 05:01:25.945 +08:00 [INF] DESKTOP-J6M8022 4560/9 SystemMonitor.Service.Services.RpcHostedService 客户端已连接&#xD;
2025-08-25 05:01:25.960 +08:00 [INF] DESKTOP-J6M8022 4560/9 SystemMonitor.Service.Services.RpcHostedService 客户端会话建立: conn="b2a843aa-c30b-4c98-9325-cd2276b54d01"&#xD;
2025-08-25 05:01:26.032 +08:00 [INF] DESKTOP-J6M8022 4560/9 SystemMonitor.Service.Services.RpcHostedService [startup] 创建命名管道实例&#xD;
2025-08-25 05:01:26.032 +08:00 [INF] DESKTOP-J6M8022 4560/9 SystemMonitor.Service.Services.RpcHostedService [startup] 命名管道已创建，等待客户端连接…&#xD;
2025-08-25 05:01:26.036 +08:00 [INF] DESKTOP-J6M8022 4560/10 SystemMonitor.Service.Services.RpcHostedService [startup] 接受到一个客户端连接&#xD;
2025-08-25 05:01:26.036 +08:00 [INF] DESKTOP-J6M8022 4560/10 SystemMonitor.Service.Services.RpcHostedService 客户端已连接&#xD;
2025-08-25 05:01:26.036 +08:00 [INF] DESKTOP-J6M8022 4560/10 SystemMonitor.Service.Services.RpcHostedService 客户端会话建立: conn="1147dbfa-51d4-423b-bbd6-23105608b80d"&#xD;
2025-08-25 05:01:26.038 +08:00 [INF] DESKTOP-J6M8022 4560/10 SystemMonitor.Service.Services.RpcHostedService [startup] 创建命名管道实例&#xD;
2025-08-25 05:01:26.039 +08:00 [INF] DESKTOP-J6M8022 4560/10 SystemMonitor.Service.Services.RpcHostedService [startup] 命名管道已创建，等待客户端连接…&#xD;
2025-08-25 05:01:26.108 +08:00 [INF] DESKTOP-J6M8022 4560/12 SystemMonitor.Service.Services.RpcHostedService [startup] 接受到一个客户端连接&#xD;
2025-08-25 05:01:26.109 +08:00 [INF] DESKTOP-J6M8022 4560/12 SystemMonitor.Service.Services.RpcHostedService 客户端已连接&#xD;
2025-08-25 05:01:26.109 +08:00 [INF] DESKTOP-J6M8022 4560/12 SystemMonitor.Service.Services.RpcHostedService 客户端会话建立: conn="9bc06dcc-c745-4d9c-8f7b-e793970a1a2a"&#xD;
2025-08-25 05:01:26.109 +08:00 [INF] DESKTOP-J6M8022 4560/12 SystemMonitor.Service.Services.RpcHostedService [startup] 创建命名管道实例&#xD;
2025-08-25 05:01:26.109 +08:00 [INF] DESKTOP-J6M8022 4560/12 SystemMonitor.Service.Services.RpcHostedService [startup] 命名管道已创建，等待客户端连接…&#xD;
2025-08-25 05:01:26.186 +08:00 [INF] DESKTOP-J6M8022 4560/11 SystemMonitor.Service.Services.RpcHostedService hello: app=1.0.0 proto=1 caps=[metrics_stream] conn="1147dbfa-51d4-423b-bbd6-23105608b80d"&#xD;
2025-08-25 05:01:26.187 +08:00 [INF] DESKTOP-J6M8022 4560/11 SystemMonitor.Service.Services.RpcHostedService hello ok (bridge): app=1.0.0 proto=1 caps=[metrics_stream] session_id=a7f05aa9-568d-4f94-adbf-b99d47c0dd66 conn="1147dbfa-51d4-423b-bbd6-23105608b80d"&#xD;
2025-08-25 05:01:26.583 +08:00 [INF] DESKTOP-J6M8022 4560/9 SystemMonitor.Service.Services.RpcHostedService prewarm metrics sent after hello: ts=1756069286511 conn="1147dbfa-51d4-423b-bbd6-23105608b80d"&#xD;
2025-08-25 05:01:28.143 +08:00 [INF] DESKTOP-J6M8022 4560/8 SystemMonitor.Service.Services.RpcHostedService [startup] 接受到一个客户端连接&#xD;
2025-08-25 05:01:28.143 +08:00 [INF] DESKTOP-J6M8022 4560/8 SystemMonitor.Service.Services.RpcHostedService 客户端已连接&#xD;
2025-08-25 05:01:28.143 +08:00 [INF] DESKTOP-J6M8022 4560/8 SystemMonitor.Service.Services.RpcHostedService 客户端会话建立: conn="d661b79f-9113-4e7d-ac4d-3d0f6f6f8a34"&#xD;
2025-08-25 05:01:28.144 +08:00 [INF] DESKTOP-J6M8022 4560/8 SystemMonitor.Service.Services.RpcHostedService [startup] 创建命名管道实例&#xD;
2025-08-25 05:01:28.144 +08:00 [INF] DESKTOP-J6M8022 4560/8 SystemMonitor.Service.Services.RpcHostedService [startup] 命名管道已创建，等待客户端连接…&#xD;
2025-08-25 05:01:28.222 +08:00 [INF] DESKTOP-J6M8022 4560/14 SystemMonitor.Service.Worker Worker running at: "2025-08-25T05:01:28.2226676+08:00"&#xD;
2025-08-25 05:01:28.224 +08:00 [INF] DESKTOP-J6M8022 4560/14 SystemMonitor.Service.Services.RpcHostedService start called, modules=cpu,mem,disk,network&#xD;
2025-08-25 05:01:28.225 +08:00 [INF] DESKTOP-J6M8022 4560/14 SystemMonitor.Service.Services.RpcHostedService 自动启动采集模块成功&#xD;
2025-08-25 05:01:28.278 +08:00 [INF] DESKTOP-J6M8022 4560/15 SystemMonitor.Service.Services.RpcHostedService 客户端断开：已达到流的结尾。 conn="b2a843aa-c30b-4c98-9325-cd2276b54d01"&#xD;
2025-08-25 05:01:28.283 +08:00 [INF] DESKTOP-J6M8022 4560/12 SystemMonitor.Service.Services.RpcHostedService hello: app=tauri-bridge proto=1 caps=[metrics_stream] conn="d661b79f-9113-4e7d-ac4d-3d0f6f6f8a34"&#xD;
2025-08-25 05:01:28.283 +08:00 [INF] DESKTOP-J6M8022 4560/12 SystemMonitor.Service.Services.RpcHostedService hello ok (bridge): app=tauri-bridge proto=1 caps=[metrics_stream] session_id=3621d6a1-a226-4968-8b10-7554cea330a1 conn="d661b79f-9113-4e7d-ac4d-3d0f6f6f8a34"&#xD;
2025-08-25 05:01:28.290 +08:00 [INF] DESKTOP-J6M8022 4560/12 SystemMonitor.Service.Services.RpcHostedService state emitted: phase=start reason=null&#xD;
2025-08-25 05:01:28.311 +08:00 [INF] DESKTOP-J6M8022 4560/15 SystemMonitor.Service.Services.RpcHostedService subscribe_metrics: enable=true conn="d661b79f-9113-4e7d-ac4d-3d0f6f6f8a34"&#xD;
2025-08-25 05:01:28.374 +08:00 [INF] DESKTOP-J6M8022 4560/6 SystemMonitor.Service.Services.RpcHostedService subscribe_metrics: enable=true conn="d661b79f-9113-4e7d-ac4d-3d0f6f6f8a34"&#xD;
2025-08-25 05:01:28.593 +08:00 [INF] DESKTOP-J6M8022 4560/6 SystemMonitor.Service.Services.RpcHostedService prewarm metrics sent after hello: ts=1756069288585 conn="d661b79f-9113-4e7d-ac4d-3d0f6f6f8a34"&#xD;
2025-08-25 05:01:28.685 +08:00 [INF] DESKTOP-J6M8022 4560/15 SystemMonitor.Service.Services.RpcHostedService prewarm metrics sent after subscribe_metrics: ts=1756069288663 conn="d661b79f-9113-4e7d-ac4d-3d0f6f6f8a34"&#xD;
2025-08-25 05:01:28.694 +08:00 [INF] DESKTOP-J6M8022 4560/11 SystemMonitor.Service.Services.RpcHostedService prewarm metrics sent after subscribe_metrics: ts=1756069288679 conn="d661b79f-9113-4e7d-ac4d-3d0f6f6f8a34"&#xD;
2025-08-25 05:01:28.792 +08:00 [INF] DESKTOP-J6M8022 4560/11 SystemMonitor.Service.Services.RpcHostedService [startup] 接受到一个客户端连接&#xD;
2025-08-25 05:01:28.793 +08:00 [INF] DESKTOP-J6M8022 4560/11 SystemMonitor.Service.Services.RpcHostedService 客户端已连接&#xD;
2025-08-25 05:01:28.793 +08:00 [INF] DESKTOP-J6M8022 4560/11 SystemMonitor.Service.Services.RpcHostedService 客户端会话建立: conn="84b5468f-6a3d-414b-bf82-9f0d16333b6e"&#xD;
2025-08-25 05:01:28.794 +08:00 [INF] DESKTOP-J6M8022 4560/11 SystemMonitor.Service.Services.RpcHostedService [startup] 创建命名管道实例&#xD;
2025-08-25 05:01:28.794 +08:00 [INF] DESKTOP-J6M8022 4560/11 SystemMonitor.Service.Services.RpcHostedService [startup] 命名管道已创建，等待客户端连接…&#xD;
2025-08-25 05:01:28.795 +08:00 [INF] DESKTOP-J6M8022 4560/15 SystemMonitor.Service.Services.RpcHostedService start called, modules=cpu,mem,disk,network&#xD;
2025-08-25 05:01:28.795 +08:00 [INF] DESKTOP-J6M8022 4560/15 SystemMonitor.Service.Services.RpcHostedService 自动启动采集模块成功&#xD;
2025-08-25 05:01:28.804 +08:00 [INF] DESKTOP-J6M8022 4560/15 SystemMonitor.Service.Services.RpcHostedService 客户端断开：已达到流的结尾。 conn="84b5468f-6a3d-414b-bf82-9f0d16333b6e"&#xD;
2025-08-25 05:01:28.849 +08:00 [INF] DESKTOP-J6M8022 4560/15 SystemMonitor.Service.Services.RpcHostedService state emitted: phase=start reason=null&#xD;
2025-08-25 05:01:30.775 +08:00 [INF] DESKTOP-J6M8022 4560/12 SystemMonitor.Service.Worker Worker running at: "2025-08-25T05:01:30.7755475+08:00"&#xD;
2025-08-25 05:01:31.269 +08:00 [INF] DESKTOP-J6M8022 4560/13 SystemMonitor.Service.Services.RpcHostedService 客户端断开：已达到流的结尾。 conn="9bc06dcc-c745-4d9c-8f7b-e793970a1a2a"&#xD;
2025-08-25 05:01:31.419 +08:00 [INF] DESKTOP-J6M8022 4560/13 SystemMonitor.Service.Services.RpcHostedService snapshot called, modules=cpu&#xD;
2025-08-25 05:01:31.818 +08:00 [INF] DESKTOP-J6M8022 4560/8 SystemMonitor.Service.Worker Worker running at: "2025-08-25T05:01:31.8188139+08:00"&#xD;
2025-08-25 05:01:37.834 +08:00 [INF] DESKTOP-J6M8022 34732/1 SystemMonitor.Service.Worker Worker running at: "2025-08-25T05:01:37.8079607+08:00"&#xD;
2025-08-25 05:01:37.935 +08:00 [INF] DESKTOP-J6M8022 34732/1 SystemMonitor.Service.Services.RpcHostedService [startup] RPC HostedService 启动&#xD;
2025-08-25 05:01:37.935 +08:00 [INF] DESKTOP-J6M8022 34732/1 SystemMonitor.Service.Services.RpcHostedService [startup] 初始化 HistoryStore 开始&#xD;
2025-08-25 05:01:38.398 +08:00 [INF] DESKTOP-J6M8022 34732/1 SystemMonitor.Service.Services.HistoryStore HistoryStore initialized at C:\code\sys-sensor-v3\src\SystemMonitor.Service\bin\Release\net8.0\data\metrics.db&#xD;
2025-08-25 05:01:38.405 +08:00 [INF] DESKTOP-J6M8022 34732/1 SystemMonitor.Service.Services.RpcHostedService [startup] 初始化 HistoryStore 结束，用时 469ms&#xD;
2025-08-25 05:01:38.407 +08:00 [INF] DESKTOP-J6M8022 34732/1 SystemMonitor.Service.Services.RpcHostedService [startup] 创建命名管道实例&#xD;
2025-08-25 05:01:38.419 +08:00 [INF] DESKTOP-J6M8022 34732/1 SystemMonitor.Service.Services.RpcHostedService [startup] 命名管道已创建，等待客户端连接…&#xD;
2025-08-25 05:01:38.444 +08:00 [INF] DESKTOP-J6M8022 34732/6 SystemMonitor.Service.Services.RpcHostedService [startup] 接受到一个客户端连接&#xD;
2025-08-25 05:01:38.453 +08:00 [INF] DESKTOP-J6M8022 34732/6 SystemMonitor.Service.Services.RpcHostedService 客户端已连接&#xD;
2025-08-25 05:01:38.471 +08:00 [INF] DESKTOP-J6M8022 34732/6 SystemMonitor.Service.Services.RpcHostedService 客户端会话建立: conn="734b55e5-728f-48e4-9b62-8a9413075dca"&#xD;
2025-08-25 05:01:38.562 +08:00 [INF] DESKTOP-J6M8022 34732/6 SystemMonitor.Service.Services.RpcHostedService [startup] 创建命名管道实例&#xD;
2025-08-25 05:01:38.562 +08:00 [INF] DESKTOP-J6M8022 34732/6 SystemMonitor.Service.Services.RpcHostedService [startup] 命名管道已创建，等待客户端连接…&#xD;
2025-08-25 05:01:38.610 +08:00 [INF] DESKTOP-J6M8022 34732/10 SystemMonitor.Service.Services.RpcHostedService [startup] 接受到一个客户端连接&#xD;
2025-08-25 05:01:38.610 +08:00 [INF] DESKTOP-J6M8022 34732/10 SystemMonitor.Service.Services.RpcHostedService 客户端已连接&#xD;
2025-08-25 05:01:38.610 +08:00 [INF] DESKTOP-J6M8022 34732/10 SystemMonitor.Service.Services.RpcHostedService 客户端会话建立: conn="fb66b4fa-8001-471c-b2ed-81bf956028a1"&#xD;
2025-08-25 05:01:38.612 +08:00 [INF] DESKTOP-J6M8022 34732/10 SystemMonitor.Service.Services.RpcHostedService [startup] 创建命名管道实例&#xD;
2025-08-25 05:01:38.612 +08:00 [INF] DESKTOP-J6M8022 34732/10 SystemMonitor.Service.Services.RpcHostedService [startup] 命名管道已创建，等待客户端连接…&#xD;
2025-08-25 05:01:38.622 +08:00 [INF] DESKTOP-J6M8022 34732/6 SystemMonitor.Service.Services.RpcHostedService [startup] 接受到一个客户端连接&#xD;
2025-08-25 05:01:38.623 +08:00 [INF] DESKTOP-J6M8022 34732/6 SystemMonitor.Service.Services.RpcHostedService 客户端已连接&#xD;
2025-08-25 05:01:38.623 +08:00 [INF] DESKTOP-J6M8022 34732/6 SystemMonitor.Service.Services.RpcHostedService 客户端会话建立: conn="8c1b8b00-1cb6-45fb-94e4-94ff9aa76566"&#xD;
2025-08-25 05:01:38.626 +08:00 [INF] DESKTOP-J6M8022 34732/6 SystemMonitor.Service.Services.RpcHostedService [startup] 创建命名管道实例&#xD;
2025-08-25 05:01:38.627 +08:00 [INF] DESKTOP-J6M8022 34732/6 SystemMonitor.Service.Services.RpcHostedService [startup] 命名管道已创建，等待客户端连接…&#xD;
2025-08-25 05:01:38.703 +08:00 [INF] DESKTOP-J6M8022 34732/12 SystemMonitor.Service.Services.RpcHostedService set_config 收到: base_interval_ms=0, max_concurrency=null, enabled_modules=[null], sync_exempt_modules=[null], module_intervals=[], peripherals_winrt_fallback_enabled=null&#xD;
2025-08-25 05:01:38.779 +08:00 [INF] DESKTOP-J6M8022 34732/13 SystemMonitor.Service.Services.RpcHostedService [startup] 接受到一个客户端连接&#xD;
2025-08-25 05:01:38.779 +08:00 [INF] DESKTOP-J6M8022 34732/13 SystemMonitor.Service.Services.RpcHostedService 客户端已连接&#xD;
2025-08-25 05:01:38.779 +08:00 [INF] DESKTOP-J6M8022 34732/13 SystemMonitor.Service.Services.RpcHostedService 客户端会话建立: conn="daa91532-48d2-47c3-8f71-ad1df30245f6"&#xD;
2025-08-25 05:01:38.780 +08:00 [INF] DESKTOP-J6M8022 34732/13 SystemMonitor.Service.Services.RpcHostedService [startup] 创建命名管道实例&#xD;
2025-08-25 05:01:38.780 +08:00 [INF] DESKTOP-J6M8022 34732/13 SystemMonitor.Service.Services.RpcHostedService [startup] 命名管道已创建，等待客户端连接…&#xD;
2025-08-25 05:01:38.855 +08:00 [INF] DESKTOP-J6M8022 34732/11 SystemMonitor.Service.Services.RpcHostedService 客户端断开：已达到流的结尾。 conn="daa91532-48d2-47c3-8f71-ad1df30245f6"&#xD;
2025-08-25 05:01:38.944 +08:00 [INF] DESKTOP-J6M8022 34732/11 SystemMonitor.Service.Worker Worker running at: "2025-08-25T05:01:38.9441306+08:00"&#xD;
2025-08-25 05:01:46.318 +08:00 [INF] DESKTOP-J6M8022 49332/1 SystemMonitor.Service.Worker Worker running at: "2025-08-25T05:01:46.2795639+08:00"&#xD;
2025-08-25 05:01:46.416 +08:00 [INF] DESKTOP-J6M8022 49332/1 SystemMonitor.Service.Services.RpcHostedService [startup] RPC HostedService 启动&#xD;
2025-08-25 05:01:46.417 +08:00 [INF] DESKTOP-J6M8022 49332/1 SystemMonitor.Service.Services.RpcHostedService [startup] 初始化 HistoryStore 开始&#xD;
2025-08-25 05:01:46.778 +08:00 [INF] DESKTOP-J6M8022 49332/1 SystemMonitor.Service.Services.HistoryStore HistoryStore initialized at C:\code\sys-sensor-v3\src\SystemMonitor.Service\bin\Release\net8.0\data\metrics.db&#xD;
2025-08-25 05:01:46.785 +08:00 [INF] DESKTOP-J6M8022 49332/1 SystemMonitor.Service.Services.RpcHostedService [startup] 初始化 HistoryStore 结束，用时 368ms&#xD;
2025-08-25 05:01:46.787 +08:00 [INF] DESKTOP-J6M8022 49332/1 SystemMonitor.Service.Services.RpcHostedService [startup] 创建命名管道实例&#xD;
2025-08-25 05:01:46.801 +08:00 [INF] DESKTOP-J6M8022 49332/1 SystemMonitor.Service.Services.RpcHostedService [startup] 命名管道已创建，等待客户端连接…&#xD;
2025-08-25 05:01:46.829 +08:00 [INF] DESKTOP-J6M8022 49332/9 SystemMonitor.Service.Services.RpcHostedService [startup] 接受到一个客户端连接&#xD;
2025-08-25 05:01:46.838 +08:00 [INF] DESKTOP-J6M8022 49332/9 SystemMonitor.Service.Services.RpcHostedService 客户端已连接&#xD;
2025-08-25 05:01:46.857 +08:00 [INF] DESKTOP-J6M8022 49332/9 SystemMonitor.Service.Services.RpcHostedService 客户端会话建立: conn="bb4acf8a-7288-42fd-904c-86c5499097c0"&#xD;
2025-08-25 05:01:46.995 +08:00 [INF] DESKTOP-J6M8022 49332/9 SystemMonitor.Service.Services.RpcHostedService [startup] 创建命名管道实例&#xD;
2025-08-25 05:01:46.996 +08:00 [INF] DESKTOP-J6M8022 49332/9 SystemMonitor.Service.Services.RpcHostedService [startup] 命名管道已创建，等待客户端连接…&#xD;
2025-08-25 05:01:47.028 +08:00 [INF] DESKTOP-J6M8022 49332/6 SystemMonitor.Service.Services.RpcHostedService [startup] 接受到一个客户端连接&#xD;
2025-08-25 05:01:47.029 +08:00 [INF] DESKTOP-J6M8022 49332/6 SystemMonitor.Service.Services.RpcHostedService 客户端已连接&#xD;
2025-08-25 05:01:47.029 +08:00 [INF] DESKTOP-J6M8022 49332/6 SystemMonitor.Service.Services.RpcHostedService 客户端会话建立: conn="d3477ebd-6224-4d32-809b-baa84259ec9c"&#xD;
2025-08-25 05:01:47.036 +08:00 [INF] DESKTOP-J6M8022 49332/6 SystemMonitor.Service.Services.RpcHostedService [startup] 创建命名管道实例&#xD;
2025-08-25 05:01:47.036 +08:00 [INF] DESKTOP-J6M8022 49332/6 SystemMonitor.Service.Services.RpcHostedService [startup] 命名管道已创建，等待客户端连接…&#xD;
2025-08-25 05:01:47.139 +08:00 [INF] DESKTOP-J6M8022 49332/9 SystemMonitor.Service.Services.RpcHostedService hello: app=1.0.0 proto=1 caps=[metrics_stream] conn="d3477ebd-6224-4d32-809b-baa84259ec9c"&#xD;
2025-08-25 05:01:47.141 +08:00 [INF] DESKTOP-J6M8022 49332/9 SystemMonitor.Service.Services.RpcHostedService hello ok (bridge): app=1.0.0 proto=1 caps=[metrics_stream] session_id=f67766d5-91c2-4dbd-93d3-b9dfb1d326d7 conn="d3477ebd-6224-4d32-809b-baa84259ec9c"&#xD;
2025-08-25 05:01:47.207 +08:00 [INF] DESKTOP-J6M8022 49332/8 SystemMonitor.Service.Services.RpcHostedService subscribe_metrics: enable=true conn="d3477ebd-6224-4d32-809b-baa84259ec9c"&#xD;
2025-08-25 05:01:47.236 +08:00 [INF] DESKTOP-J6M8022 49332/9 SystemMonitor.Service.Services.RpcHostedService set_config 收到: base_interval_ms=400, max_concurrency=null, enabled_modules=[null], sync_exempt_modules=[null], module_intervals=[], peripherals_winrt_fallback_enabled=null&#xD;
2025-08-25 05:01:47.236 +08:00 [INF] DESKTOP-J6M8022 49332/9 SystemMonitor.Service.Services.RpcHostedService set_config: base_interval_ms -&gt; 400ms&#xD;
2025-08-25 05:01:47.393 +08:00 [INF] DESKTOP-J6M8022 49332/9 SystemMonitor.Service.Services.RpcHostedService [startup] 接受到一个客户端连接&#xD;
2025-08-25 05:01:47.393 +08:00 [INF] DESKTOP-J6M8022 49332/9 SystemMonitor.Service.Services.RpcHostedService 客户端已连接&#xD;
2025-08-25 05:01:47.393 +08:00 [INF] DESKTOP-J6M8022 49332/9 SystemMonitor.Service.Services.RpcHostedService 客户端会话建立: conn="30ca990e-d13a-4804-a692-33883dddf796"&#xD;
2025-08-25 05:01:47.394 +08:00 [INF] DESKTOP-J6M8022 49332/9 SystemMonitor.Service.Services.RpcHostedService [startup] 创建命名管道实例&#xD;
2025-08-25 05:01:47.394 +08:00 [INF] DESKTOP-J6M8022 49332/9 SystemMonitor.Service.Services.RpcHostedService [startup] 命名管道已创建，等待客户端连接…&#xD;
2025-08-25 05:01:47.405 +08:00 [INF] DESKTOP-J6M8022 49332/13 SystemMonitor.Service.Services.RpcHostedService hello: app=tauri-bridge proto=1 caps=[metrics_stream] conn="30ca990e-d13a-4804-a692-33883dddf796"&#xD;
2025-08-25 05:01:47.405 +08:00 [INF] DESKTOP-J6M8022 49332/13 SystemMonitor.Service.Services.RpcHostedService hello ok (bridge): app=tauri-bridge proto=1 caps=[metrics_stream] session_id=bb11c9f4-7cf1-49a1-94d6-d850c7f3916f conn="30ca990e-d13a-4804-a692-33883dddf796"&#xD;
2025-08-25 05:01:47.409 +08:00 [INF] DESKTOP-J6M8022 49332/13 SystemMonitor.Service.Worker Worker running at: "2025-08-25T05:01:47.4097555+08:00"&#xD;
2025-08-25 05:01:47.462 +08:00 [INF] DESKTOP-J6M8022 49332/8 SystemMonitor.Service.Services.RpcHostedService subscribe_metrics: enable=true conn="30ca990e-d13a-4804-a692-33883dddf796"&#xD;
2025-08-25 05:01:47.526 +08:00 [INF] DESKTOP-J6M8022 49332/13 SystemMonitor.Service.Services.RpcHostedService prewarm metrics sent after hello: ts=1756069307442 conn="d3477ebd-6224-4d32-809b-baa84259ec9c"&#xD;
2025-08-25 05:01:47.635 +08:00 [INF] DESKTOP-J6M8022 49332/13 SystemMonitor.Service.Services.RpcHostedService subscribe_metrics: enable=true conn="30ca990e-d13a-4804-a692-33883dddf796"&#xD;
2025-08-25 05:01:47.642 +08:00 [INF] DESKTOP-J6M8022 49332/15 SystemMonitor.Service.Services.RpcHostedService prewarm metrics sent after set_config: ts=1756069307461 conn="d3477ebd-6224-4d32-809b-baa84259ec9c"&#xD;
2025-08-25 05:01:47.644 +08:00 [INF] DESKTOP-J6M8022 49332/15 SystemMonitor.Service.Services.RpcHostedService prewarm metrics sent after subscribe_metrics: ts=1756069307527 conn="d3477ebd-6224-4d32-809b-baa84259ec9c"&#xD;
2025-08-25 05:01:47.728 +08:00 [INF] DESKTOP-J6M8022 49332/15 SystemMonitor.Service.Services.RpcHostedService start called, modules=cpu,mem,disk,network&#xD;
2025-08-25 05:01:47.728 +08:00 [INF] DESKTOP-J6M8022 49332/15 SystemMonitor.Service.Services.RpcHostedService 自动启动采集模块成功&#xD;
2025-08-25 05:01:47.736 +08:00 [INF] DESKTOP-J6M8022 49332/15 SystemMonitor.Service.Services.RpcHostedService burst_subscribe: interval=100ms ttl=600ms -&gt; expires_at=1756069308336&#xD;
2025-08-25 05:01:47.766 +08:00 [INF] DESKTOP-J6M8022 49332/15 SystemMonitor.Service.Services.RpcHostedService burst tick metrics sent: ts=1756069307743 interval=100 conn="d3477ebd-6224-4d32-809b-baa84259ec9c"&#xD;
2025-08-25 05:01:47.812 +08:00 [INF] DESKTOP-J6M8022 49332/15 SystemMonitor.Service.Services.RpcHostedService state emitted: phase=start reason=null&#xD;
2025-08-25 05:01:47.929 +08:00 [INF] DESKTOP-J6M8022 49332/15 SystemMonitor.Service.Services.RpcHostedService prewarm metrics sent after hello: ts=1756069307898 conn="30ca990e-d13a-4804-a692-33883dddf796"&#xD;
2025-08-25 05:01:56.730 +08:00 [INF] DESKTOP-J6M8022 48268/1 SystemMonitor.Service.Worker Worker running at: "2025-08-25T05:01:56.6915136+08:00"&#xD;
2025-08-25 05:01:56.832 +08:00 [INF] DESKTOP-J6M8022 48268/1 SystemMonitor.Service.Services.RpcHostedService [startup] RPC HostedService 启动&#xD;
2025-08-25 05:01:56.833 +08:00 [INF] DESKTOP-J6M8022 48268/1 SystemMonitor.Service.Services.RpcHostedService [startup] 初始化 HistoryStore 开始&#xD;
2025-08-25 05:01:57.112 +08:00 [INF] DESKTOP-J6M8022 48268/1 SystemMonitor.Service.Services.HistoryStore HistoryStore initialized at C:\code\sys-sensor-v3\src\SystemMonitor.Service\bin\Release\net8.0\data\metrics.db&#xD;
2025-08-25 05:01:57.115 +08:00 [INF] DESKTOP-J6M8022 48268/1 SystemMonitor.Service.Services.RpcHostedService [startup] 初始化 HistoryStore 结束，用时 282ms&#xD;
2025-08-25 05:01:57.117 +08:00 [INF] DESKTOP-J6M8022 48268/1 SystemMonitor.Service.Services.RpcHostedService [startup] 创建命名管道实例&#xD;
2025-08-25 05:01:57.123 +08:00 [INF] DESKTOP-J6M8022 48268/1 SystemMonitor.Service.Services.RpcHostedService [startup] 命名管道已创建，等待客户端连接…&#xD;
2025-08-25 05:01:57.151 +08:00 [INF] DESKTOP-J6M8022 48268/9 SystemMonitor.Service.Services.RpcHostedService [startup] 接受到一个客户端连接&#xD;
2025-08-25 05:01:57.157 +08:00 [INF] DESKTOP-J6M8022 48268/9 SystemMonitor.Service.Services.RpcHostedService 客户端已连接&#xD;
2025-08-25 05:01:57.169 +08:00 [INF] DESKTOP-J6M8022 48268/9 SystemMonitor.Service.Services.RpcHostedService 客户端会话建立: conn="fce8a0b2-79d9-496d-8128-2b3cbe6c3f2f"&#xD;
2025-08-25 05:01:57.221 +08:00 [INF] DESKTOP-J6M8022 48268/9 SystemMonitor.Service.Services.RpcHostedService [startup] 创建命名管道实例&#xD;
2025-08-25 05:01:57.221 +08:00 [INF] DESKTOP-J6M8022 48268/9 SystemMonitor.Service.Services.RpcHostedService [startup] 命名管道已创建，等待客户端连接…&#xD;
2025-08-25 05:01:57.235 +08:00 [INF] DESKTOP-J6M8022 48268/10 SystemMonitor.Service.Services.RpcHostedService [startup] 接受到一个客户端连接&#xD;
2025-08-25 05:01:57.235 +08:00 [INF] DESKTOP-J6M8022 48268/10 SystemMonitor.Service.Services.RpcHostedService 客户端已连接&#xD;
2025-08-25 05:01:57.235 +08:00 [INF] DESKTOP-J6M8022 48268/10 SystemMonitor.Service.Services.RpcHostedService 客户端会话建立: conn="a4a14ed4-09a8-4d74-a018-8d10c8e3443f"&#xD;
2025-08-25 05:01:57.236 +08:00 [INF] DESKTOP-J6M8022 48268/10 SystemMonitor.Service.Services.RpcHostedService [startup] 创建命名管道实例&#xD;
2025-08-25 05:01:57.237 +08:00 [INF] DESKTOP-J6M8022 48268/10 SystemMonitor.Service.Services.RpcHostedService [startup] 命名管道已创建，等待客户端连接…&#xD;
2025-08-25 05:01:57.329 +08:00 [INF] DESKTOP-J6M8022 48268/12 SystemMonitor.Service.Services.RpcHostedService hello: app=1.0.0 proto=2 caps=[] conn="a4a14ed4-09a8-4d74-a018-8d10c8e3443f"&#xD;
2025-08-25 05:01:57.330 +08:00 [WRN] DESKTOP-J6M8022 48268/12 SystemMonitor.Service.Services.RpcHostedService hello validation failed: unsupported protocol_version=2&#xD;
2025-08-25 05:02:02.301 +08:00 [INF] DESKTOP-J6M8022 41948/1 SystemMonitor.Service.Worker Worker running at: "2025-08-25T05:02:02.2724216+08:00"&#xD;
2025-08-25 05:02:02.399 +08:00 [INF] DESKTOP-J6M8022 41948/1 SystemMonitor.Service.Services.RpcHostedService [startup] RPC HostedService 启动&#xD;
2025-08-25 05:02:02.399 +08:00 [INF] DESKTOP-J6M8022 41948/1 SystemMonitor.Service.Services.RpcHostedService [startup] 初始化 HistoryStore 开始&#xD;
2025-08-25 05:02:02.687 +08:00 [INF] DESKTOP-J6M8022 41948/1 SystemMonitor.Service.Services.HistoryStore HistoryStore initialized at C:\code\sys-sensor-v3\src\SystemMonitor.Service\bin\Release\net8.0\data\metrics.db&#xD;
2025-08-25 05:02:02.693 +08:00 [INF] DESKTOP-J6M8022 41948/1 SystemMonitor.Service.Services.RpcHostedService [startup] 初始化 HistoryStore 结束，用时 293ms&#xD;
2025-08-25 05:02:02.696 +08:00 [INF] DESKTOP-J6M8022 41948/1 SystemMonitor.Service.Services.RpcHostedService [startup] 创建命名管道实例&#xD;
2025-08-25 05:02:02.703 +08:00 [INF] DESKTOP-J6M8022 41948/1 SystemMonitor.Service.Services.RpcHostedService [startup] 命名管道已创建，等待客户端连接…&#xD;
2025-08-25 05:02:02.918 +08:00 [INF] DESKTOP-J6M8022 41948/6 SystemMonitor.Service.Services.RpcHostedService [startup] 接受到一个客户端连接&#xD;
2025-08-25 05:02:02.927 +08:00 [INF] DESKTOP-J6M8022 41948/6 SystemMonitor.Service.Services.RpcHostedService 客户端已连接&#xD;
2025-08-25 05:02:02.940 +08:00 [INF] DESKTOP-J6M8022 41948/6 SystemMonitor.Service.Services.RpcHostedService 客户端会话建立: conn="429f62b1-c11d-4137-ac2e-751f272b0c63"&#xD;
2025-08-25 05:02:03.019 +08:00 [INF] DESKTOP-J6M8022 41948/6 SystemMonitor.Service.Services.RpcHostedService [startup] 创建命名管道实例&#xD;
2025-08-25 05:02:03.019 +08:00 [INF] DESKTOP-J6M8022 41948/6 SystemMonitor.Service.Services.RpcHostedService [startup] 命名管道已创建，等待客户端连接…&#xD;
2025-08-25 05:02:03.213 +08:00 [INF] DESKTOP-J6M8022 41948/10 SystemMonitor.Service.Services.RpcHostedService set_config 收到: base_interval_ms=200, max_concurrency=null, enabled_modules=[null], sync_exempt_modules=[null], module_intervals=[], peripherals_winrt_fallback_enabled=null&#xD;
2025-08-25 05:02:03.214 +08:00 [INF] DESKTOP-J6M8022 41948/10 SystemMonitor.Service.Services.RpcHostedService set_config: base_interval_ms -&gt; 200ms&#xD;
2025-08-25 05:02:03.383 +08:00 [INF] DESKTOP-J6M8022 41948/10 SystemMonitor.Service.Services.RpcHostedService burst_subscribe: interval=200ms ttl=1500ms -&gt; expires_at=1756069324883&#xD;
2025-08-25 05:02:03.496 +08:00 [INF] DESKTOP-J6M8022 41948/10 SystemMonitor.Service.Worker Worker running at: "2025-08-25T05:02:03.4963600+08:00"&#xD;
2025-08-25 05:02:03.581 +08:00 [INF] DESKTOP-J6M8022 41948/12 SystemMonitor.Service.Services.RpcHostedService state emitted: phase=burst reason=null&#xD;
2025-08-25 05:02:08.745 +08:00 [INF] DESKTOP-J6M8022 14320/1 SystemMonitor.Service.Worker Worker running at: "2025-08-25T05:02:08.6943326+08:00"&#xD;
2025-08-25 05:02:08.912 +08:00 [INF] DESKTOP-J6M8022 14320/1 SystemMonitor.Service.Services.RpcHostedService [startup] RPC HostedService 启动&#xD;
2025-08-25 05:02:08.912 +08:00 [INF] DESKTOP-J6M8022 14320/1 SystemMonitor.Service.Services.RpcHostedService [startup] 初始化 HistoryStore 开始&#xD;
2025-08-25 05:02:09.188 +08:00 [INF] DESKTOP-J6M8022 14320/1 SystemMonitor.Service.Services.HistoryStore HistoryStore initialized at C:\code\sys-sensor-v3\src\SystemMonitor.Service\bin\Release\net8.0\data\metrics.db&#xD;
2025-08-25 05:02:09.192 +08:00 [INF] DESKTOP-J6M8022 14320/1 SystemMonitor.Service.Services.RpcHostedService [startup] 初始化 HistoryStore 结束，用时 279ms&#xD;
2025-08-25 05:02:09.194 +08:00 [INF] DESKTOP-J6M8022 14320/1 SystemMonitor.Service.Services.RpcHostedService [startup] 创建命名管道实例&#xD;
2025-08-25 05:02:09.200 +08:00 [INF] DESKTOP-J6M8022 14320/1 SystemMonitor.Service.Services.RpcHostedService [startup] 命名管道已创建，等待客户端连接…&#xD;
2025-08-25 05:02:09.213 +08:00 [INF] DESKTOP-J6M8022 14320/6 SystemMonitor.Service.Services.RpcHostedService [startup] 接受到一个客户端连接&#xD;
2025-08-25 05:02:09.221 +08:00 [INF] DESKTOP-J6M8022 14320/6 SystemMonitor.Service.Services.RpcHostedService 客户端已连接&#xD;
2025-08-25 05:02:09.234 +08:00 [INF] DESKTOP-J6M8022 14320/6 SystemMonitor.Service.Services.RpcHostedService 客户端会话建立: conn="017e2d7e-096d-4b53-b4d9-9be7de31e873"&#xD;
2025-08-25 05:02:09.302 +08:00 [INF] DESKTOP-J6M8022 14320/6 SystemMonitor.Service.Services.RpcHostedService [startup] 创建命名管道实例&#xD;
2025-08-25 05:02:09.303 +08:00 [INF] DESKTOP-J6M8022 14320/6 SystemMonitor.Service.Services.RpcHostedService [startup] 命名管道已创建，等待客户端连接…&#xD;
2025-08-25 05:02:09.474 +08:00 [INF] DESKTOP-J6M8022 14320/10 SystemMonitor.Service.Services.RpcHostedService hello: app=1.0.0 proto=1 caps=[unknown_cap] conn="017e2d7e-096d-4b53-b4d9-9be7de31e873"&#xD;
2025-08-25 05:02:09.475 +08:00 [WRN] DESKTOP-J6M8022 14320/10 SystemMonitor.Service.Services.RpcHostedService hello validation failed: unsupported capabilities=unknown_cap</Message>
          <StackTrace>   at SystemMonitor.Tests.EndToEndTests.WaitPipeReadyAsync(TimeSpan timeout) in C:\code\sys-sensor-v3\src\SystemMonitor.Tests\EndToEndTests.cs:line 151&#xD;
   at SystemMonitor.Tests.EndToEndTests.InitializeAsync() in C:\code\sys-sensor-v3\src\SystemMonitor.Tests\EndToEndTests.cs:line 278</StackTrace>
        </ErrorInfo>
      </Output>
    </UnitTestResult>
    <UnitTestResult executionId="bb9787a5-d0a1-463b-a6a8-4f469a40fcb3" testId="d524aa03-b550-0e62-e27b-5731e05d725f" testName="SystemMonitor.Tests.SchemaTests.Disk_TopProcesses_Schema_Invalid_NegativePid" computerName="DESKTOP-J6M8022" duration="00:00:00.0145339" startTime="2025-08-25T05:00:12.6715860+08:00" endTime="2025-08-25T05:00:12.6715868+08:00" testType="13cdc9d9-ddb5-4fa4-a97d-d965ccfc6d4b" outcome="Passed" testListId="8c84fa94-04c1-424b-9868-57a2d4851a1d" relativeResultsDirectory="bb9787a5-d0a1-463b-a6a8-4f469a40fcb3" />
    <UnitTestResult executionId="486f8bbf-dd75-483e-b7c3-324593be7b66" testId="c2cbe4b9-6d25-c7b6-4d02-96a009247a6c" testName="SystemMonitor.Tests.MemoryCountersTests.MemoryCounters_ForceFallback_NoInitObjects_NoThrow" computerName="DESKTOP-J6M8022" duration="00:00:00.0011531" startTime="2025-08-25T05:00:18.5817925+08:00" endTime="2025-08-25T05:00:18.5817926+08:00" testType="13cdc9d9-ddb5-4fa4-a97d-d965ccfc6d4b" outcome="Passed" testListId="8c84fa94-04c1-424b-9868-57a2d4851a1d" relativeResultsDirectory="486f8bbf-dd75-483e-b7c3-324593be7b66" />
    <UnitTestResult executionId="35629144-ea41-49ca-b853-506b02eaf191" testId="d13cbe31-bcad-db2e-a448-21033afe455a" testName="SystemMonitor.Tests.SchemaTests.Hello_Schema_Invalid_NoToken" computerName="DESKTOP-J6M8022" duration="00:00:00.0059014" startTime="2025-08-25T05:00:12.6899575+08:00" endTime="2025-08-25T05:00:12.6899577+08:00" testType="13cdc9d9-ddb5-4fa4-a97d-d965ccfc6d4b" outcome="Passed" testListId="8c84fa94-04c1-424b-9868-57a2d4851a1d" relativeResultsDirectory="35629144-ea41-49ca-b853-506b02eaf191" />
    <UnitTestResult executionId="951c8f92-80e4-40af-831d-9cb737128657" testId="c7997c4b-1968-3efe-299c-4efc84561103" testName="SystemMonitor.Tests.BridgeAndBurstTests.Hello_With_Bridge_Capability_Should_Set_Bridge_And_Enable_Push" computerName="DESKTOP-J6M8022" duration="00:00:00.0041561" startTime="2025-08-25T05:00:10.4668684+08:00" endTime="2025-08-25T05:00:10.4668687+08:00" testType="13cdc9d9-ddb5-4fa4-a97d-d965ccfc6d4b" outcome="Passed" testListId="8c84fa94-04c1-424b-9868-57a2d4851a1d" relativeResultsDirectory="951c8f92-80e4-40af-831d-9cb737128657" />
    <UnitTestResult executionId="ad94baec-2fc0-40c0-95ab-7d6f873cdfca" testId="b62b63b9-c5d3-6cc0-d782-e31396d5ce04" testName="SystemMonitor.Tests.BridgeAndBurstTests.Burst_Subscribe_Should_Override_Interval_Temporarily" computerName="DESKTOP-J6M8022" duration="00:00:01.0576108" startTime="2025-08-25T05:00:11.6069335+08:00" endTime="2025-08-25T05:00:11.6069341+08:00" testType="13cdc9d9-ddb5-4fa4-a97d-d965ccfc6d4b" outcome="Passed" testListId="8c84fa94-04c1-424b-9868-57a2d4851a1d" relativeResultsDirectory="ad94baec-2fc0-40c0-95ab-7d6f873cdfca" />
    <UnitTestResult executionId="37b8c66e-8e9e-44a4-bbea-70d37fb36ee3" testId="774d74ba-1e67-8ec3-332f-9829923cf51e" testName="SystemMonitor.Tests.SystemInfoCollectorTests.Collect_ShouldReturnNetworkIdentityInfo" computerName="DESKTOP-J6M8022" duration="00:00:00.0196369" startTime="2025-08-25T05:00:10.0637895+08:00" endTime="2025-08-25T05:00:10.0637898+08:00" testType="13cdc9d9-ddb5-4fa4-a97d-d965ccfc6d4b" outcome="Passed" testListId="8c84fa94-04c1-424b-9868-57a2d4851a1d" relativeResultsDirectory="37b8c66e-8e9e-44a4-bbea-70d37fb36ee3" />
    <UnitTestResult executionId="464c6607-2856-4934-8b8f-cb1037f0f4d0" testId="ec71cdc8-6d39-61b9-df7b-72c26b499840" testName="SystemMonitor.Tests.SystemInfoCollectorTests.Collect_ShouldFollowSnakeCaseNaming" computerName="DESKTOP-J6M8022" duration="00:00:00.0225681" startTime="2025-08-25T05:00:10.1036789+08:00" endTime="2025-08-25T05:00:10.1036792+08:00" testType="13cdc9d9-ddb5-4fa4-a97d-d965ccfc6d4b" outcome="Passed" testListId="8c84fa94-04c1-424b-9868-57a2d4851a1d" relativeResultsDirectory="464c6607-2856-4934-8b8f-cb1037f0f4d0" />
    <UnitTestResult executionId="c179ac8d-b455-43ce-99d0-dad8c3ad3c80" testId="5f5e4331-0572-1805-5a29-0eb08c589e03" testName="SystemMonitor.Tests.SystemInfoCollectorIntegrationTests.Collector_ShouldImplementIMetricsCollector" computerName="DESKTOP-J6M8022" duration="00:00:00.0005701" startTime="2025-08-25T05:00:12.7430533+08:00" endTime="2025-08-25T05:00:12.7430534+08:00" testType="13cdc9d9-ddb5-4fa4-a97d-d965ccfc6d4b" outcome="Passed" testListId="8c84fa94-04c1-424b-9868-57a2d4851a1d" relativeResultsDirectory="c179ac8d-b455-43ce-99d0-dad8c3ad3c80" />
    <UnitTestResult executionId="fb274c7d-33a5-4d16-9fdd-e18c8cabe8cb" testId="bda4512a-560a-88ee-9564-f3548aca2761" testName="SystemMonitor.Tests.SystemInfoCollectorTests.Collect_ShouldReturnNonNullResult" computerName="DESKTOP-J6M8022" duration="00:00:00.0001796" startTime="2025-08-25T05:00:10.1040948+08:00" endTime="2025-08-25T05:00:10.1040950+08:00" testType="13cdc9d9-ddb5-4fa4-a97d-d965ccfc6d4b" outcome="Passed" testListId="8c84fa94-04c1-424b-9868-57a2d4851a1d" relativeResultsDirectory="fb274c7d-33a5-4d16-9fdd-e18c8cabe8cb" />
    <UnitTestResult executionId="ab02cf82-2e24-4cdb-ae59-77a4cdde43fa" testId="b633bbb8-7807-8b62-d736-2bf19ee15db3" testName="SystemMonitor.Tests.PushSuppressionTests.SuppressWindow_Should_Block_Push_Temporarily" computerName="DESKTOP-J6M8022" duration="00:00:00.2651206" startTime="2025-08-25T05:00:10.4611302+08:00" endTime="2025-08-25T05:00:10.4611307+08:00" testType="13cdc9d9-ddb5-4fa4-a97d-d965ccfc6d4b" outcome="Passed" testListId="8c84fa94-04c1-424b-9868-57a2d4851a1d" relativeResultsDirectory="ab02cf82-2e24-4cdb-ae59-77a4cdde43fa" />
    <UnitTestResult executionId="398b283f-c89d-42f5-a694-554991adb70f" testId="e7afe76e-2983-511f-53e6-ec72c360fd06" testName="SystemMonitor.Tests.SchemaTests.SetConfig_Schema_Valid_WithIntervals" computerName="DESKTOP-J6M8022" duration="00:00:00.0043130" startTime="2025-08-25T05:00:12.6838958+08:00" endTime="2025-08-25T05:00:12.6838961+08:00" testType="13cdc9d9-ddb5-4fa4-a97d-d965ccfc6d4b" outcome="Passed" testListId="8c84fa94-04c1-424b-9868-57a2d4851a1d" relativeResultsDirectory="398b283f-c89d-42f5-a694-554991adb70f" />
    <UnitTestResult executionId="45bea41c-2fc5-42d4-9385-c65cb4021067" testId="8efef518-8988-e3e1-bb3e-361f08b825e5" testName="SystemMonitor.Tests.SchemaTests.Snapshot_Schema_Valid_WithModules" computerName="DESKTOP-J6M8022" duration="00:00:00.0030152" startTime="2025-08-25T05:00:12.6794017+08:00" endTime="2025-08-25T05:00:12.6794019+08:00" testType="13cdc9d9-ddb5-4fa4-a97d-d965ccfc6d4b" outcome="Passed" testListId="8c84fa94-04c1-424b-9868-57a2d4851a1d" relativeResultsDirectory="45bea41c-2fc5-42d4-9385-c65cb4021067" />
    <UnitTestResult executionId="97e14176-d265-442e-83d9-cb8e13d4b678" testId="d46fc4ee-0150-cded-8fbb-ceb1d2e0e4ba" testName="SystemMonitor.Tests.EndToEndTests.SetConfig_And_BurstSubscribe_Works" computerName="DESKTOP-J6M8022" duration="00:00:00.6078832" startTime="2025-08-25T05:02:03.7833861+08:00" endTime="2025-08-25T05:02:03.7833864+08:00" testType="13cdc9d9-ddb5-4fa4-a97d-d965ccfc6d4b" outcome="Passed" testListId="8c84fa94-04c1-424b-9868-57a2d4851a1d" relativeResultsDirectory="97e14176-d265-442e-83d9-cb8e13d4b678" />
    <UnitTestResult executionId="71a3f379-61e9-42ed-91a3-f867f5971d5b" testId="746cb85e-f2f9-7142-6ace-897f39374f35" testName="SystemMonitor.Tests.SensorCollectorTests.Collect_WithDumpAllEnv_IncludesDumpAllSensors" computerName="DESKTOP-J6M8022" duration="00:00:00.0135912" startTime="2025-08-25T05:00:18.6635674+08:00" endTime="2025-08-25T05:00:18.6635676+08:00" testType="13cdc9d9-ddb5-4fa4-a97d-d965ccfc6d4b" outcome="Passed" testListId="8c84fa94-04c1-424b-9868-57a2d4851a1d" relativeResultsDirectory="71a3f379-61e9-42ed-91a3-f867f5971d5b" />
    <UnitTestResult executionId="74139eae-b594-49bb-b0eb-c8648316f2cb" testId="ba4d86c4-e56e-4feb-035c-05a39221e7db" testName="SystemMonitor.Tests.EndToEndTests.Snapshot_Cpu_Expanded_Fields" computerName="DESKTOP-J6M8022" duration="00:00:05.7727912" startTime="2025-08-25T05:01:31.9920487+08:00" endTime="2025-08-25T05:01:31.9920489+08:00" testType="13cdc9d9-ddb5-4fa4-a97d-d965ccfc6d4b" outcome="Passed" testListId="8c84fa94-04c1-424b-9868-57a2d4851a1d" relativeResultsDirectory="74139eae-b594-49bb-b0eb-c8648316f2cb" />
    <UnitTestResult executionId="ae6b9206-0c40-4deb-a5a2-30e120ca5033" testId="d6ac2798-6340-adbf-8a06-ec62221e80fa" testName="SystemMonitor.Tests.SystemInfoCollectorTests.Collect_ShouldReturnProcessorInfo" computerName="DESKTOP-J6M8022" duration="00:00:00.0360167" startTime="2025-08-25T05:00:10.0439099+08:00" endTime="2025-08-25T05:00:10.0439102+08:00" testType="13cdc9d9-ddb5-4fa4-a97d-d965ccfc6d4b" outcome="Passed" testListId="8c84fa94-04c1-424b-9868-57a2d4851a1d" relativeResultsDirectory="ae6b9206-0c40-4deb-a5a2-30e120ca5033" />
    <UnitTestResult executionId="b4c14750-bca2-4211-ae98-85b515d7edc9" testId="f6814e48-0b49-81a9-5412-aa1c3ac48e00" testName="SystemMonitor.Tests.ContractTests.QueryHistory_Request_Serializes_To_SnakeCase" computerName="DESKTOP-J6M8022" duration="00:00:00.0095686" startTime="2025-08-25T05:00:06.4394896+08:00" endTime="2025-08-25T05:00:06.4394902+08:00" testType="13cdc9d9-ddb5-4fa4-a97d-d965ccfc6d4b" outcome="Passed" testListId="8c84fa94-04c1-424b-9868-57a2d4851a1d" relativeResultsDirectory="b4c14750-bca2-4211-ae98-85b515d7edc9" />
    <UnitTestResult executionId="02ac5a62-1ba2-4be2-92ab-4bf9b7de589f" testId="7aba6d95-cdac-4d3b-fc1e-d345b65a933b" testName="SystemMonitor.Tests.ContractTests.Hello_Request_Serializes_To_SnakeCase" computerName="DESKTOP-J6M8022" duration="00:00:00.0018255" startTime="2025-08-25T05:00:06.4530805+08:00" endTime="2025-08-25T05:00:06.4530810+08:00" testType="13cdc9d9-ddb5-4fa4-a97d-d965ccfc6d4b" outcome="Passed" testListId="8c84fa94-04c1-424b-9868-57a2d4851a1d" relativeResultsDirectory="02ac5a62-1ba2-4be2-92ab-4bf9b7de589f" />
    <UnitTestResult executionId="9825acd7-0f07-4e6b-ab15-4689df251af3" testId="575383ac-a422-d1e5-3903-2da7ffd1b577" testName="SystemMonitor.Tests.EndToEndTests.Metrics_Throttle_Burst_Recovery_Works" computerName="DESKTOP-J6M8022" duration="00:00:02.1111380" startTime="2025-08-25T05:01:49.3309823+08:00" endTime="2025-08-25T05:01:49.3309826+08:00" testType="13cdc9d9-ddb5-4fa4-a97d-d965ccfc6d4b" outcome="Failed" testListId="8c84fa94-04c1-424b-9868-57a2d4851a1d" relativeResultsDirectory="9825acd7-0f07-4e6b-ab15-4689df251af3">
      <Output>
        <ErrorInfo>
          <Message>expected &gt;=3 during burst (target &gt;=4), got 0</Message>
          <StackTrace>   at SystemMonitor.Tests.EndToEndTests.Metrics_Throttle_Burst_Recovery_Works() in C:\code\sys-sensor-v3\src\SystemMonitor.Tests\EndToEndTests.cs:line 602&#xD;
--- End of stack trace from previous location ---</StackTrace>
        </ErrorInfo>
      </Output>
    </UnitTestResult>
    <UnitTestResult executionId="6c45fc55-2ec5-453b-b01b-a6caa1461f26" testId="6bc5c69f-1e35-1dda-027a-3965f2238887" testName="SystemMonitor.Tests.ContractTests.SetLogLevel_Request_Serializes_To_SnakeCase" computerName="DESKTOP-J6M8022" duration="00:00:00.0010000" startTime="2025-08-25T05:00:06.4263534+08:00" endTime="2025-08-25T05:00:06.4263536+08:00" testType="13cdc9d9-ddb5-4fa4-a97d-d965ccfc6d4b" outcome="NotExecuted" testListId="8c84fa94-04c1-424b-9868-57a2d4851a1d" relativeResultsDirectory="6c45fc55-2ec5-453b-b01b-a6caa1461f26">
      <Output>
        <ErrorInfo>
          <Message>非 M1：后续里程碑接口</Message>
        </ErrorInfo>
      </Output>
    </UnitTestResult>
    <UnitTestResult executionId="6bfacef0-67f9-4470-8fbe-91825e69f4f7" testId="825a0899-f60c-7747-10dc-edf9d745369b" testName="SystemMonitor.Tests.ContractTests.Start_Request_Serializes_To_SnakeCase" computerName="DESKTOP-J6M8022" duration="00:00:00.0005750" startTime="2025-08-25T05:00:06.4542714+08:00" endTime="2025-08-25T05:00:06.4542716+08:00" testType="13cdc9d9-ddb5-4fa4-a97d-d965ccfc6d4b" outcome="Passed" testListId="8c84fa94-04c1-424b-9868-57a2d4851a1d" relativeResultsDirectory="6bfacef0-67f9-4470-8fbe-91825e69f4f7" />
    <UnitTestResult executionId="680755e4-2ca8-4883-96b3-91c569c40deb" testId="5359d170-82fa-d8d2-2f92-97bc053dca0c" testName="SystemMonitor.Tests.EndToEndTests.QueryHistory_Works" computerName="DESKTOP-J6M8022" duration="00:00:00.6912848" startTime="2025-08-25T05:01:06.8005599+08:00" endTime="2025-08-25T05:01:06.8005602+08:00" testType="13cdc9d9-ddb5-4fa4-a97d-d965ccfc6d4b" outcome="Passed" testListId="8c84fa94-04c1-424b-9868-57a2d4851a1d" relativeResultsDirectory="680755e4-2ca8-4883-96b3-91c569c40deb" />
    <UnitTestResult executionId="acd26acd-d1ba-4c64-b95b-419f30d62547" testId="af91bfef-d9e3-90f4-bf1f-8322352913ff" testName="SystemMonitor.Tests.SchemaTests.QueryHistory_Schema_Invalid_Granularity" computerName="DESKTOP-J6M8022" duration="00:00:00.0035865" startTime="2025-08-25T05:00:12.6999650+08:00" endTime="2025-08-25T05:00:12.6999651+08:00" testType="13cdc9d9-ddb5-4fa4-a97d-d965ccfc6d4b" outcome="Passed" testListId="8c84fa94-04c1-424b-9868-57a2d4851a1d" relativeResultsDirectory="acd26acd-d1ba-4c64-b95b-419f30d62547" />
    <UnitTestResult executionId="225e7f7d-b525-49b5-90d4-3cc9dc3c4b36" testId="d1ecf483-dfd0-e8fd-412c-75343e5fd3e3" testName="SystemMonitor.Tests.UnitTest1.SnakeCase_Serialization_ShouldUseSnakeCaseNames" computerName="DESKTOP-J6M8022" duration="00:00:00.0004920" startTime="2025-08-25T05:00:10.4621346+08:00" endTime="2025-08-25T05:00:10.4621349+08:00" testType="13cdc9d9-ddb5-4fa4-a97d-d965ccfc6d4b" outcome="Passed" testListId="8c84fa94-04c1-424b-9868-57a2d4851a1d" relativeResultsDirectory="225e7f7d-b525-49b5-90d4-3cc9dc3c4b36" />
    <UnitTestResult executionId="22e963d7-4d4d-4414-9efb-8753094426d4" testId="3ee85549-4ce4-91ac-066d-ba1d997fe556" testName="SystemMonitor.Tests.SystemInfoCollectorIntegrationTests.Collector_ShouldWorkInParallelWithOtherCollectors" computerName="DESKTOP-J6M8022" duration="00:00:05.8110567" startTime="2025-08-25T05:00:18.5549766+08:00" endTime="2025-08-25T05:00:18.5549768+08:00" testType="13cdc9d9-ddb5-4fa4-a97d-d965ccfc6d4b" outcome="Passed" testListId="8c84fa94-04c1-424b-9868-57a2d4851a1d" relativeResultsDirectory="22e963d7-4d4d-4414-9efb-8753094426d4" />
    <UnitTestResult executionId="5f67e5cf-8417-4feb-bf6b-e4c87034fba4" testId="cc32e9a5-f3b4-24bc-d94d-c130daf26cd8" testName="SystemMonitor.Tests.HistoryQueryTests.Agg_10s_InMemory_Fallback_Buckets_By_EndTime" computerName="DESKTOP-J6M8022" duration="00:00:00.0172226" startTime="2025-08-25T05:00:06.3499192+08:00" endTime="2025-08-25T05:00:06.3499200+08:00" testType="13cdc9d9-ddb5-4fa4-a97d-d965ccfc6d4b" outcome="Passed" testListId="8c84fa94-04c1-424b-9868-57a2d4851a1d" relativeResultsDirectory="5f67e5cf-8417-4feb-bf6b-e4c87034fba4" />
    <UnitTestResult executionId="d293e5ca-e8a6-4e47-bf01-1208f48b358b" testId="fc84e8aa-81c3-13b2-161d-42cbb3024667" testName="SystemMonitor.Tests.ContractTests.SubscribeMetrics_Request_Serializes_To_SnakeCase" computerName="DESKTOP-J6M8022" duration="00:00:00.0506929" startTime="2025-08-25T05:00:06.4015201+08:00" endTime="2025-08-25T05:00:06.4015207+08:00" testType="13cdc9d9-ddb5-4fa4-a97d-d965ccfc6d4b" outcome="Passed" testListId="8c84fa94-04c1-424b-9868-57a2d4851a1d" relativeResultsDirectory="d293e5ca-e8a6-4e47-bf01-1208f48b358b" />
    <UnitTestResult executionId="22f9dace-cae0-43d5-be81-09048284c04c" testId="7a415512-eeeb-ad04-a0c8-c1821ba3a362" testName="SystemMonitor.Tests.HistoryQueryTests.StepMs_1s_Groups_Last_Value_Per_Bucket" computerName="DESKTOP-J6M8022" duration="00:00:00.0143374" startTime="2025-08-25T05:00:06.3319783+08:00" endTime="2025-08-25T05:00:06.3319786+08:00" testType="13cdc9d9-ddb5-4fa4-a97d-d965ccfc6d4b" outcome="Passed" testListId="8c84fa94-04c1-424b-9868-57a2d4851a1d" relativeResultsDirectory="22f9dace-cae0-43d5-be81-09048284c04c" />
    <UnitTestResult executionId="8fe71ea1-ee92-4c9c-97ab-f3523e731cd9" testId="84bddd7b-5fca-ad7f-6631-caa1dc730eca" testName="SystemMonitor.Tests.ContractTests.BurstSubscribe_Request_Serializes_To_SnakeCase" computerName="DESKTOP-J6M8022" duration="00:00:00.0036156" startTime="2025-08-25T05:00:06.4202115+08:00" endTime="2025-08-25T05:00:06.4202117+08:00" testType="13cdc9d9-ddb5-4fa4-a97d-d965ccfc6d4b" outcome="Passed" testListId="8c84fa94-04c1-424b-9868-57a2d4851a1d" relativeResultsDirectory="8fe71ea1-ee92-4c9c-97ab-f3523e731cd9" />
    <UnitTestResult executionId="12669f93-ac32-4600-a2ef-76f3b03fe1c9" testId="ae3acead-7ea4-7542-c915-3fc15e2059df" testName="SystemMonitor.Tests.MemoryCountersTests.GetMemoryDetail_NoThrow_And_BoundedFields" computerName="DESKTOP-J6M8022" duration="00:00:00.0036407" startTime="2025-08-25T05:00:18.5855673+08:00" endTime="2025-08-25T05:00:18.5855675+08:00" testType="13cdc9d9-ddb5-4fa4-a97d-d965ccfc6d4b" outcome="Passed" testListId="8c84fa94-04c1-424b-9868-57a2d4851a1d" relativeResultsDirectory="12669f93-ac32-4600-a2ef-76f3b03fe1c9" />
    <UnitTestResult executionId="51d81c7d-3771-45d3-8391-005b7caeb4a9" testId="deff2b50-b04e-659a-fcb1-aacff92daa42" testName="SystemMonitor.Tests.ContractTests.Hello_Request_Should_Not_Contain_PascalCase_Keys" computerName="DESKTOP-J6M8022" duration="00:00:00.0019638" startTime="2025-08-25T05:00:06.4236939+08:00" endTime="2025-08-25T05:00:06.4236941+08:00" testType="13cdc9d9-ddb5-4fa4-a97d-d965ccfc6d4b" outcome="Passed" testListId="8c84fa94-04c1-424b-9868-57a2d4851a1d" relativeResultsDirectory="51d81c7d-3771-45d3-8391-005b7caeb4a9" />
    <UnitTestResult executionId="4a23318e-4a61-4a71-8e00-2ceb2d63d5e4" testId="a5cee8d5-e1e7-16a2-597a-8c6cbc2b8be8" testName="SystemMonitor.Tests.EndToEndTests.Hello_Protocol_NotSupported_Fails" computerName="DESKTOP-J6M8022" duration="00:00:00.1954669" startTime="2025-08-25T05:01:57.6746205+08:00" endTime="2025-08-25T05:01:57.6746208+08:00" testType="13cdc9d9-ddb5-4fa4-a97d-d965ccfc6d4b" outcome="Passed" testListId="8c84fa94-04c1-424b-9868-57a2d4851a1d" relativeResultsDirectory="4a23318e-4a61-4a71-8e00-2ceb2d63d5e4" />
    <UnitTestResult executionId="fbea82cb-70e9-419f-bf5c-911c0f1a9bfe" testId="1c403746-be59-cc80-edd6-df5abff6ba7c" testName="SystemMonitor.Tests.SystemInfoCollectorTests.Collect_ShouldUseCache" computerName="DESKTOP-J6M8022" duration="00:00:00.0004033" startTime="2025-08-25T05:00:10.0804874+08:00" endTime="2025-08-25T05:00:10.0804876+08:00" testType="13cdc9d9-ddb5-4fa4-a97d-d965ccfc6d4b" outcome="Passed" testListId="8c84fa94-04c1-424b-9868-57a2d4851a1d" relativeResultsDirectory="fbea82cb-70e9-419f-bf5c-911c0f1a9bfe" />
    <UnitTestResult executionId="8fdb041b-95e4-4964-8825-1737b0a13554" testId="69d6d1aa-b426-63fd-4c85-4eac53250980" testName="SystemMonitor.Tests.SchemaTests.QueryHistory_Schema_Valid" computerName="DESKTOP-J6M8022" duration="00:00:00.0060666" startTime="2025-08-25T05:00:12.6962249+08:00" endTime="2025-08-25T05:00:12.6962251+08:00" testType="13cdc9d9-ddb5-4fa4-a97d-d965ccfc6d4b" outcome="Passed" testListId="8c84fa94-04c1-424b-9868-57a2d4851a1d" relativeResultsDirectory="8fdb041b-95e4-4964-8825-1737b0a13554" />
    <UnitTestResult executionId="b57690b2-5c29-4510-8c3b-c26546de7855" testId="7fcfcc39-66f5-e59a-53bb-ab760b3d7c57" testName="SystemMonitor.Tests.SchemaTests.SetConfig_Schema_Invalid_TooSmallInterval" computerName="DESKTOP-J6M8022" duration="00:00:00.0044184" startTime="2025-08-25T05:00:12.6762281+08:00" endTime="2025-08-25T05:00:12.6762284+08:00" testType="13cdc9d9-ddb5-4fa4-a97d-d965ccfc6d4b" outcome="Passed" testListId="8c84fa94-04c1-424b-9868-57a2d4851a1d" relativeResultsDirectory="b57690b2-5c29-4510-8c3b-c26546de7855" />
    <UnitTestResult executionId="e4e60697-f425-47b4-8b57-ea7a99ee1fa9" testId="28045bfa-47ed-87ca-6372-8605f4955481" testName="SystemMonitor.Tests.SystemInfoCollectorTests.Collect_ShouldReturnOperatingSystemInfo" computerName="DESKTOP-J6M8022" duration="00:00:00.0226679" startTime="2025-08-25T05:00:10.1286909+08:00" endTime="2025-08-25T05:00:10.1286953+08:00" testType="13cdc9d9-ddb5-4fa4-a97d-d965ccfc6d4b" outcome="Passed" testListId="8c84fa94-04c1-424b-9868-57a2d4851a1d" relativeResultsDirectory="e4e60697-f425-47b4-8b57-ea7a99ee1fa9" />
    <UnitTestResult executionId="66d7e697-2ea1-441a-a9d5-59d22d7038e0" testId="d53958d2-43f2-2735-e5ae-d7816cb1d7fe" testName="SystemMonitor.Tests.SystemInfoCollectorTests.Collect_ShouldHandleWmiErrors" computerName="DESKTOP-J6M8022" duration="00:00:03.5089126" startTime="2025-08-25T05:00:09.9641748+08:00" endTime="2025-08-25T05:00:09.9641760+08:00" testType="13cdc9d9-ddb5-4fa4-a97d-d965ccfc6d4b" outcome="Passed" testListId="8c84fa94-04c1-424b-9868-57a2d4851a1d" relativeResultsDirectory="66d7e697-2ea1-441a-a9d5-59d22d7038e0" />
    <UnitTestResult executionId="b6c75ae2-cb06-4169-b1c9-21c74403788c" testId="857822b1-329a-f930-8301-df5e8ea2e201" testName="SystemMonitor.Tests.NetCountersTests.NetCounters_Read_Contract_And_Aggregation" computerName="DESKTOP-J6M8022" duration="00:00:00.0720008" startTime="2025-08-25T05:00:18.7359865+08:00" endTime="2025-08-25T05:00:18.7359872+08:00" testType="13cdc9d9-ddb5-4fa4-a97d-d965ccfc6d4b" outcome="Passed" testListId="8c84fa94-04c1-424b-9868-57a2d4851a1d" relativeResultsDirectory="b6c75ae2-cb06-4169-b1c9-21c74403788c" />
    <UnitTestResult executionId="bfcb8b43-96f5-4ac2-a6df-79862e13fdff" testId="9185c476-4564-e810-71de-61b0e9db2619" testName="SystemMonitor.Tests.SystemInfoCollectorTests.Name_ShouldReturnCorrectName" computerName="DESKTOP-J6M8022" duration="00:00:00.0001959" startTime="2025-08-25T05:00:10.0808786+08:00" endTime="2025-08-25T05:00:10.0808788+08:00" testType="13cdc9d9-ddb5-4fa4-a97d-d965ccfc6d4b" outcome="Passed" testListId="8c84fa94-04c1-424b-9868-57a2d4851a1d" relativeResultsDirectory="bfcb8b43-96f5-4ac2-a6df-79862e13fdff" />
    <UnitTestResult executionId="b75ced7d-4f75-43ea-bde3-fc6c3ff0a149" testId="bc8ea8d6-fb65-1feb-f863-faba4dee9ab0" testName="SystemMonitor.Tests.StabilityTests.Startup_WarmingUp_Then_Payload_Arrives" computerName="DESKTOP-J6M8022" duration="00:00:02.1156145" startTime="2025-08-25T04:59:36.7648694+08:00" endTime="2025-08-25T04:59:36.7649175+08:00" testType="13cdc9d9-ddb5-4fa4-a97d-d965ccfc6d4b" outcome="Passed" testListId="8c84fa94-04c1-424b-9868-57a2d4851a1d" relativeResultsDirectory="b75ced7d-4f75-43ea-bde3-fc6c3ff0a149" />
    <UnitTestResult executionId="0c58b36f-646d-4049-bec4-d6e3672db842" testId="8a8a6eda-4d8a-889d-ad1c-f38fbb6735aa" testName="SystemMonitor.Tests.StabilityTests.HighFrequency_Snapshot_Loop_Is_Stable_For_Short_Window" computerName="DESKTOP-J6M8022" duration="00:00:04.6526121" startTime="2025-08-25T05:00:03.8926450+08:00" endTime="2025-08-25T05:00:03.8926453+08:00" testType="13cdc9d9-ddb5-4fa4-a97d-d965ccfc6d4b" outcome="Failed" testListId="8c84fa94-04c1-424b-9868-57a2d4851a1d" relativeResultsDirectory="0c58b36f-646d-4049-bec4-d6e3672db842">
      <Output>
        <ErrorInfo>
          <Message>expected &gt;=20 successful snapshots, ok=1, err=0</Message>
          <StackTrace>   at SystemMonitor.Tests.StabilityTests.HighFrequency_Snapshot_Loop_Is_Stable_For_Short_Window() in C:\code\sys-sensor-v3\src\SystemMonitor.Tests\StabilityTests.cs:line 236&#xD;
--- End of stack trace from previous location ---</StackTrace>
        </ErrorInfo>
      </Output>
    </UnitTestResult>
    <UnitTestResult executionId="a7bdb49e-f190-4fd6-858e-fffc85bcdd53" testId="d17c6ea2-3ca4-386f-c6e7-4b216cf89dd5" testName="SystemMonitor.Tests.ContractTests.UpdateApply_Request_Serializes_To_SnakeCase" computerName="DESKTOP-J6M8022" duration="00:00:00.0010000" startTime="2025-08-25T05:00:06.4535298+08:00" endTime="2025-08-25T05:00:06.4535300+08:00" testType="13cdc9d9-ddb5-4fa4-a97d-d965ccfc6d4b" outcome="NotExecuted" testListId="8c84fa94-04c1-424b-9868-57a2d4851a1d" relativeResultsDirectory="a7bdb49e-f190-4fd6-858e-fffc85bcdd53">
      <Output>
        <ErrorInfo>
          <Message>非 M1：后续里程碑接口</Message>
        </ErrorInfo>
      </Output>
    </UnitTestResult>
    <UnitTestResult executionId="2d634af0-49b9-447a-900f-eb612db32f1a" testId="066ac360-3a3d-3874-ff81-64082362c1d3" testName="SystemMonitor.Tests.HistoryQueryTests.Raw_Empty_Window_Fallsback_To_Current_Snapshot" computerName="DESKTOP-J6M8022" duration="00:00:02.3765852" startTime="2025-08-25T05:00:06.3168331+08:00" endTime="2025-08-25T05:00:06.3168336+08:00" testType="13cdc9d9-ddb5-4fa4-a97d-d965ccfc6d4b" outcome="Passed" testListId="8c84fa94-04c1-424b-9868-57a2d4851a1d" relativeResultsDirectory="2d634af0-49b9-447a-900f-eb612db32f1a" />
    <UnitTestResult executionId="e2fb00e0-8737-4d53-8977-9129f03f60f2" testId="fa553d2f-b63a-f0b3-b6be-024acfc3c3aa" testName="SystemMonitor.Tests.SensorCollectorTests.Collect_NoThrow_And_HasExpectedKeys" computerName="DESKTOP-J6M8022" duration="00:00:00.0635638" startTime="2025-08-25T05:00:18.6497751+08:00" endTime="2025-08-25T05:00:18.6497754+08:00" testType="13cdc9d9-ddb5-4fa4-a97d-d965ccfc6d4b" outcome="Passed" testListId="8c84fa94-04c1-424b-9868-57a2d4851a1d" relativeResultsDirectory="e2fb00e0-8737-4d53-8977-9129f03f60f2" />
    <UnitTestResult executionId="4aa0cbc4-b723-4bd6-bf09-ed5de19bff30" testId="0f77d0ed-59fb-971b-4d70-0677c148fa79" testName="SystemMonitor.Tests.EndToEndTests.QueryHistory_Edges_And_Bucketing" computerName="DESKTOP-J6M8022" duration="00:00:06.4651811" startTime="2025-08-25T05:00:45.5717721+08:00" endTime="2025-08-25T05:00:45.5717724+08:00" testType="13cdc9d9-ddb5-4fa4-a97d-d965ccfc6d4b" outcome="Passed" testListId="8c84fa94-04c1-424b-9868-57a2d4851a1d" relativeResultsDirectory="4aa0cbc4-b723-4bd6-bf09-ed5de19bff30" />
    <UnitTestResult executionId="cdb67bcd-763b-4614-a170-220ed476611e" testId="600d902f-724e-255d-709d-fa76d1ec6f96" testName="SystemMonitor.Tests.ContractTests.Disk_Snapshot_Response_TopProcesses_Serializes_To_SnakeCase" computerName="DESKTOP-J6M8022" duration="00:00:00.0099328" startTime="2025-08-25T05:00:06.4496750+08:00" endTime="2025-08-25T05:00:06.4496755+08:00" testType="13cdc9d9-ddb5-4fa4-a97d-d965ccfc6d4b" outcome="Passed" testListId="8c84fa94-04c1-424b-9868-57a2d4851a1d" relativeResultsDirectory="cdb67bcd-763b-4614-a170-220ed476611e" />
    <UnitTestResult executionId="993c7bb1-b12f-4b2d-afdc-a0f5e33a8edd" testId="897198c2-e013-2fdc-4de0-ccbd44dab1f1" testName="SystemMonitor.Tests.UnitTest1.Test1" computerName="DESKTOP-J6M8022" duration="00:00:00.0000557" startTime="2025-08-25T05:00:10.4623347+08:00" endTime="2025-08-25T05:00:10.4623349+08:00" testType="13cdc9d9-ddb5-4fa4-a97d-d965ccfc6d4b" outcome="Passed" testListId="8c84fa94-04c1-424b-9868-57a2d4851a1d" relativeResultsDirectory="993c7bb1-b12f-4b2d-afdc-a0f5e33a8edd" />
    <UnitTestResult executionId="b7069385-f8f5-4011-be18-b9cda6b8bfb8" testId="c7e17ebe-07f3-5913-71e6-f1c4a943136f" testName="SystemMonitor.Tests.SchemaTests.BurstSubscribe_Schema_Invalid_EmptyModules" computerName="DESKTOP-J6M8022" duration="00:00:00.0138818" startTime="2025-08-25T05:00:12.7235273+08:00" endTime="2025-08-25T05:00:12.7235277+08:00" testType="13cdc9d9-ddb5-4fa4-a97d-d965ccfc6d4b" outcome="Passed" testListId="8c84fa94-04c1-424b-9868-57a2d4851a1d" relativeResultsDirectory="b7069385-f8f5-4011-be18-b9cda6b8bfb8" />
    <UnitTestResult executionId="2d52a86d-8e80-44cc-b331-9e02b4ba8efb" testId="85ef8df4-ffb7-1be1-f178-87b114e78a0e" testName="SystemMonitor.Tests.SystemInfoCollectorTests.Collect_ShouldReturnValidDataStructure" computerName="DESKTOP-J6M8022" duration="00:00:00.0004022" startTime="2025-08-25T05:00:10.1046825+08:00" endTime="2025-08-25T05:00:10.1046827+08:00" testType="13cdc9d9-ddb5-4fa4-a97d-d965ccfc6d4b" outcome="Passed" testListId="8c84fa94-04c1-424b-9868-57a2d4851a1d" relativeResultsDirectory="2d52a86d-8e80-44cc-b331-9e02b4ba8efb" />
    <UnitTestResult executionId="962b6ace-bb30-4012-8a27-bfb88dcd255a" testId="1625b824-bf75-ff81-2ccc-b11736dbaaf3" testName="SystemMonitor.Tests.EndToEndTests.Snapshot_CpuMem_Ranges" computerName="DESKTOP-J6M8022" duration="00:00:01.3554702" startTime="2025-08-25T05:02:25.0902630+08:00" endTime="2025-08-25T05:02:25.0902633+08:00" testType="13cdc9d9-ddb5-4fa4-a97d-d965ccfc6d4b" outcome="Passed" testListId="8c84fa94-04c1-424b-9868-57a2d4851a1d" relativeResultsDirectory="962b6ace-bb30-4012-8a27-bfb88dcd255a" />
    <UnitTestResult executionId="66c9a44b-75c8-49ce-bf07-9c38a2ec837a" testId="dc6251cd-01f9-1cce-a502-df54ce71eba2" testName="SystemMonitor.Tests.ContractTests.SetConfig_Request_Should_Not_Contain_PascalCase_Keys" computerName="DESKTOP-J6M8022" duration="00:00:00.0143283" startTime="2025-08-25T05:00:06.4161682+08:00" endTime="2025-08-25T05:00:06.4161687+08:00" testType="13cdc9d9-ddb5-4fa4-a97d-d965ccfc6d4b" outcome="Passed" testListId="8c84fa94-04c1-424b-9868-57a2d4851a1d" relativeResultsDirectory="66c9a44b-75c8-49ce-bf07-9c38a2ec837a" />
    <UnitTestResult executionId="a5a93840-6158-448c-acca-2de1b1e06d37" testId="9d96fc0c-9e6a-e1a0-d1d3-66ca4463738d" testName="SystemMonitor.Tests.StabilityTests.SetConfig_Disk_Runtime_Config_Accepts" computerName="DESKTOP-J6M8022" duration="00:00:01.2922735" startTime="2025-08-25T04:59:50.5320858+08:00" endTime="2025-08-25T04:59:50.5320861+08:00" testType="13cdc9d9-ddb5-4fa4-a97d-d965ccfc6d4b" outcome="Passed" testListId="8c84fa94-04c1-424b-9868-57a2d4851a1d" relativeResultsDirectory="a5a93840-6158-448c-acca-2de1b1e06d37" />
  </Results>
  <TestDefinitions>
    <UnitTest name="SystemMonitor.Tests.EndToEndTests.Snapshot_Cpu_Expanded_Fields" storage="c:\code\sys-sensor-v3\src\systemmonitor.tests\bin\release\net8.0\systemmonitor.tests.dll" id="ba4d86c4-e56e-4feb-035c-05a39221e7db">
      <Execution id="74139eae-b594-49bb-b0eb-c8648316f2cb" />
      <TestMethod codeBase="C:\code\sys-sensor-v3\src\SystemMonitor.Tests\bin\Release\net8.0\SystemMonitor.Tests.dll" adapterTypeName="executor://xunit/VsTestRunner2/netcoreapp" className="SystemMonitor.Tests.EndToEndTests" name="Snapshot_Cpu_Expanded_Fields" />
    </UnitTest>
    <UnitTest name="SystemMonitor.Tests.StabilityTests.SetConfig_Disk_Runtime_Config_Accepts" storage="c:\code\sys-sensor-v3\src\systemmonitor.tests\bin\release\net8.0\systemmonitor.tests.dll" id="9d96fc0c-9e6a-e1a0-d1d3-66ca4463738d">
      <Execution id="a5a93840-6158-448c-acca-2de1b1e06d37" />
      <TestMethod codeBase="C:\code\sys-sensor-v3\src\SystemMonitor.Tests\bin\Release\net8.0\SystemMonitor.Tests.dll" adapterTypeName="executor://xunit/VsTestRunner2/netcoreapp" className="SystemMonitor.Tests.StabilityTests" name="SetConfig_Disk_Runtime_Config_Accepts" />
    </UnitTest>
    <UnitTest name="SystemMonitor.Tests.EndToEndTests.QueryHistory_Aggregations_10s_1m" storage="c:\code\sys-sensor-v3\src\systemmonitor.tests\bin\release\net8.0\systemmonitor.tests.dll" id="afa476e6-1342-0de1-8963-ea8bca4835e6">
      <Execution id="01a39767-4533-4311-86ca-44c0d9d9f91a" />
      <TestMethod codeBase="C:\code\sys-sensor-v3\src\SystemMonitor.Tests\bin\Release\net8.0\SystemMonitor.Tests.dll" adapterTypeName="executor://xunit/VsTestRunner2/netcoreapp" className="SystemMonitor.Tests.EndToEndTests" name="QueryHistory_Aggregations_10s_1m" />
    </UnitTest>
    <UnitTest name="SystemMonitor.Tests.UnitTest1.SnakeCase_Serialization_ShouldUseSnakeCaseNames" storage="c:\code\sys-sensor-v3\src\systemmonitor.tests\bin\release\net8.0\systemmonitor.tests.dll" id="d1ecf483-dfd0-e8fd-412c-75343e5fd3e3">
      <Execution id="225e7f7d-b525-49b5-90d4-3cc9dc3c4b36" />
      <TestMethod codeBase="C:\code\sys-sensor-v3\src\SystemMonitor.Tests\bin\Release\net8.0\SystemMonitor.Tests.dll" adapterTypeName="executor://xunit/VsTestRunner2/netcoreapp" className="SystemMonitor.Tests.UnitTest1" name="SnakeCase_Serialization_ShouldUseSnakeCaseNames" />
    </UnitTest>
    <UnitTest name="SystemMonitor.Tests.MemoryCountersTests.MemoryCounters_Read_NoThrow_And_CacheWithin200ms" storage="c:\code\sys-sensor-v3\src\systemmonitor.tests\bin\release\net8.0\systemmonitor.tests.dll" id="cdc1d8a4-ebdd-0129-c99e-b7f07ac1be20">
      <Execution id="7e5635f9-5330-4676-acd6-5e6156532f8f" />
      <TestMethod codeBase="C:\code\sys-sensor-v3\src\SystemMonitor.Tests\bin\Release\net8.0\SystemMonitor.Tests.dll" adapterTypeName="executor://xunit/VsTestRunner2/netcoreapp" className="SystemMonitor.Tests.MemoryCountersTests" name="MemoryCounters_Read_NoThrow_And_CacheWithin200ms" />
    </UnitTest>
    <UnitTest name="SystemMonitor.Tests.PushSuppressionTests.SuppressWindow_Should_Block_Push_Temporarily" storage="c:\code\sys-sensor-v3\src\systemmonitor.tests\bin\release\net8.0\systemmonitor.tests.dll" id="b633bbb8-7807-8b62-d736-2bf19ee15db3">
      <Execution id="ab02cf82-2e24-4cdb-ae59-77a4cdde43fa" />
      <TestMethod codeBase="C:\code\sys-sensor-v3\src\SystemMonitor.Tests\bin\Release\net8.0\SystemMonitor.Tests.dll" adapterTypeName="executor://xunit/VsTestRunner2/netcoreapp" className="SystemMonitor.Tests.PushSuppressionTests" name="SuppressWindow_Should_Block_Push_Temporarily" />
    </UnitTest>
    <UnitTest name="SystemMonitor.Tests.PushSuppressionTests.Start_SetConfig_Should_Update_Intervals_And_Modules" storage="c:\code\sys-sensor-v3\src\systemmonitor.tests\bin\release\net8.0\systemmonitor.tests.dll" id="a9bbc647-8803-5dec-658a-7c77db2afa36">
      <Execution id="f99e8bbb-bfe7-4f22-9aa5-67a8c2e95818" />
      <TestMethod codeBase="C:\code\sys-sensor-v3\src\SystemMonitor.Tests\bin\Release\net8.0\SystemMonitor.Tests.dll" adapterTypeName="executor://xunit/VsTestRunner2/netcoreapp" className="SystemMonitor.Tests.PushSuppressionTests" name="Start_SetConfig_Should_Update_Intervals_And_Modules" />
    </UnitTest>
    <UnitTest name="SystemMonitor.Tests.SensorCollectorTests.Collect_NoThrow_And_HasExpectedKeys" storage="c:\code\sys-sensor-v3\src\systemmonitor.tests\bin\release\net8.0\systemmonitor.tests.dll" id="fa553d2f-b63a-f0b3-b6be-024acfc3c3aa">
      <Execution id="e2fb00e0-8737-4d53-8977-9129f03f60f2" />
      <TestMethod codeBase="C:\code\sys-sensor-v3\src\SystemMonitor.Tests\bin\Release\net8.0\SystemMonitor.Tests.dll" adapterTypeName="executor://xunit/VsTestRunner2/netcoreapp" className="SystemMonitor.Tests.SensorCollectorTests" name="Collect_NoThrow_And_HasExpectedKeys" />
    </UnitTest>
    <UnitTest name="SystemMonitor.Tests.HistoryQueryTests.StepMs_1s_Groups_Last_Value_Per_Bucket" storage="c:\code\sys-sensor-v3\src\systemmonitor.tests\bin\release\net8.0\systemmonitor.tests.dll" id="7a415512-eeeb-ad04-a0c8-c1821ba3a362">
      <Execution id="22f9dace-cae0-43d5-be81-09048284c04c" />
      <TestMethod codeBase="C:\code\sys-sensor-v3\src\SystemMonitor.Tests\bin\Release\net8.0\SystemMonitor.Tests.dll" adapterTypeName="executor://xunit/VsTestRunner2/netcoreapp" className="SystemMonitor.Tests.HistoryQueryTests" name="StepMs_1s_Groups_Last_Value_Per_Bucket" />
    </UnitTest>
    <UnitTest name="SystemMonitor.Tests.EndToEndTests.Snapshot_CpuMem_Ranges" storage="c:\code\sys-sensor-v3\src\systemmonitor.tests\bin\release\net8.0\systemmonitor.tests.dll" id="1625b824-bf75-ff81-2ccc-b11736dbaaf3">
      <Execution id="962b6ace-bb30-4012-8a27-bfb88dcd255a" />
      <TestMethod codeBase="C:\code\sys-sensor-v3\src\SystemMonitor.Tests\bin\Release\net8.0\SystemMonitor.Tests.dll" adapterTypeName="executor://xunit/VsTestRunner2/netcoreapp" className="SystemMonitor.Tests.EndToEndTests" name="Snapshot_CpuMem_Ranges" />
    </UnitTest>
    <UnitTest name="SystemMonitor.Tests.ContractTests.Hello_Request_Serializes_To_SnakeCase" storage="c:\code\sys-sensor-v3\src\systemmonitor.tests\bin\release\net8.0\systemmonitor.tests.dll" id="7aba6d95-cdac-4d3b-fc1e-d345b65a933b">
      <Execution id="02ac5a62-1ba2-4be2-92ab-4bf9b7de589f" />
      <TestMethod codeBase="C:\code\sys-sensor-v3\src\SystemMonitor.Tests\bin\Release\net8.0\SystemMonitor.Tests.dll" adapterTypeName="executor://xunit/VsTestRunner2/netcoreapp" className="SystemMonitor.Tests.ContractTests" name="Hello_Request_Serializes_To_SnakeCase" />
    </UnitTest>
    <UnitTest name="SystemMonitor.Tests.EndToEndTests.Metrics_CpuMem_Ranges" storage="c:\code\sys-sensor-v3\src\systemmonitor.tests\bin\release\net8.0\systemmonitor.tests.dll" id="ef813fb4-1132-cb92-7e68-0c9ef045b6b7">
      <Execution id="2f3adffd-c413-4be2-898f-529b837daca4" />
      <TestMethod codeBase="C:\code\sys-sensor-v3\src\SystemMonitor.Tests\bin\Release\net8.0\SystemMonitor.Tests.dll" adapterTypeName="executor://xunit/VsTestRunner2/netcoreapp" className="SystemMonitor.Tests.EndToEndTests" name="Metrics_CpuMem_Ranges" />
    </UnitTest>
    <UnitTest name="SystemMonitor.Tests.SystemInfoCollectorTests.Collect_ShouldReturnMachineInfo" storage="c:\code\sys-sensor-v3\src\systemmonitor.tests\bin\release\net8.0\systemmonitor.tests.dll" id="ab4d4b6f-92a9-ebf0-6ec0-d3699092cfc4">
      <Execution id="c2068534-6088-4239-bfae-e850c59bdfea" />
      <TestMethod codeBase="C:\code\sys-sensor-v3\src\SystemMonitor.Tests\bin\Release\net8.0\SystemMonitor.Tests.dll" adapterTypeName="executor://xunit/VsTestRunner2/netcoreapp" className="SystemMonitor.Tests.SystemInfoCollectorTests" name="Collect_ShouldReturnMachineInfo" />
    </UnitTest>
    <UnitTest name="SystemMonitor.Tests.EndToEndTests.QueryHistory_Works" storage="c:\code\sys-sensor-v3\src\systemmonitor.tests\bin\release\net8.0\systemmonitor.tests.dll" id="5359d170-82fa-d8d2-2f92-97bc053dca0c">
      <Execution id="680755e4-2ca8-4883-96b3-91c569c40deb" />
      <TestMethod codeBase="C:\code\sys-sensor-v3\src\SystemMonitor.Tests\bin\Release\net8.0\SystemMonitor.Tests.dll" adapterTypeName="executor://xunit/VsTestRunner2/netcoreapp" className="SystemMonitor.Tests.EndToEndTests" name="QueryHistory_Works" />
    </UnitTest>
    <UnitTest name="SystemMonitor.Tests.SchemaTests.Disk_TopProcesses_Schema_Valid" storage="c:\code\sys-sensor-v3\src\systemmonitor.tests\bin\release\net8.0\systemmonitor.tests.dll" id="786286bb-adde-af71-f91d-9110424a9ef6">
      <Execution id="9e16c904-bc56-4f77-9ff1-bb9db2dacf31" />
      <TestMethod codeBase="C:\code\sys-sensor-v3\src\SystemMonitor.Tests\bin\Release\net8.0\SystemMonitor.Tests.dll" adapterTypeName="executor://xunit/VsTestRunner2/netcoreapp" className="SystemMonitor.Tests.SchemaTests" name="Disk_TopProcesses_Schema_Valid" />
    </UnitTest>
    <UnitTest name="SystemMonitor.Tests.SystemInfoCollectorIntegrationTests.Collector_ShouldBeRegisteredInMetricsRegistry" storage="c:\code\sys-sensor-v3\src\systemmonitor.tests\bin\release\net8.0\systemmonitor.tests.dll" id="80a1d66a-fc4c-387f-5eb8-78fdf4069097">
      <Execution id="5a3f2404-eb44-4ec4-934e-dae165826cfb" />
      <TestMethod codeBase="C:\code\sys-sensor-v3\src\SystemMonitor.Tests\bin\Release\net8.0\SystemMonitor.Tests.dll" adapterTypeName="executor://xunit/VsTestRunner2/netcoreapp" className="SystemMonitor.Tests.SystemInfoCollectorIntegrationTests" name="Collector_ShouldBeRegisteredInMetricsRegistry" />
    </UnitTest>
    <UnitTest name="SystemMonitor.Tests.ContractTests.UpdateCheck_Request_Serializes_To_SnakeCase" storage="c:\code\sys-sensor-v3\src\systemmonitor.tests\bin\release\net8.0\systemmonitor.tests.dll" id="63eafbb5-a30b-37a9-e05f-fe5729a00075">
      <Execution id="c64ca8ef-b4ec-4794-9e29-12c6ac4ba26a" />
      <TestMethod codeBase="C:\code\sys-sensor-v3\src\SystemMonitor.Tests\bin\Release\net8.0\SystemMonitor.Tests.dll" adapterTypeName="executor://xunit/VsTestRunner2/netcoreapp" className="SystemMonitor.Tests.ContractTests" name="UpdateCheck_Request_Serializes_To_SnakeCase" />
    </UnitTest>
    <UnitTest name="SystemMonitor.Tests.SystemInfoCollectorIntegrationTests.Collector_ShouldWorkInParallelWithOtherCollectors" storage="c:\code\sys-sensor-v3\src\systemmonitor.tests\bin\release\net8.0\systemmonitor.tests.dll" id="3ee85549-4ce4-91ac-066d-ba1d997fe556">
      <Execution id="22e963d7-4d4d-4414-9efb-8753094426d4" />
      <TestMethod codeBase="C:\code\sys-sensor-v3\src\SystemMonitor.Tests\bin\Release\net8.0\SystemMonitor.Tests.dll" adapterTypeName="executor://xunit/VsTestRunner2/netcoreapp" className="SystemMonitor.Tests.SystemInfoCollectorIntegrationTests" name="Collector_ShouldWorkInParallelWithOtherCollectors" />
    </UnitTest>
    <UnitTest name="SystemMonitor.Tests.EndToEndTests.Hello_WithoutToken_Fails" storage="c:\code\sys-sensor-v3\src\systemmonitor.tests\bin\release\net8.0\systemmonitor.tests.dll" id="1bc68377-98f3-3224-550a-3a1f98831502">
      <Execution id="99235d15-76b5-4f6d-8d1c-d58f0c3b5a98" />
      <TestMethod codeBase="C:\code\sys-sensor-v3\src\SystemMonitor.Tests\bin\Release\net8.0\SystemMonitor.Tests.dll" adapterTypeName="executor://xunit/VsTestRunner2/netcoreapp" className="SystemMonitor.Tests.EndToEndTests" name="Hello_WithoutToken_Fails" />
    </UnitTest>
    <UnitTest name="SystemMonitor.Tests.SystemInfoCollectorTests.Collect_ShouldReturnProcessorInfo" storage="c:\code\sys-sensor-v3\src\systemmonitor.tests\bin\release\net8.0\systemmonitor.tests.dll" id="d6ac2798-6340-adbf-8a06-ec62221e80fa">
      <Execution id="ae6b9206-0c40-4deb-a5a2-30e120ca5033" />
      <TestMethod codeBase="C:\code\sys-sensor-v3\src\SystemMonitor.Tests\bin\Release\net8.0\SystemMonitor.Tests.dll" adapterTypeName="executor://xunit/VsTestRunner2/netcoreapp" className="SystemMonitor.Tests.SystemInfoCollectorTests" name="Collect_ShouldReturnProcessorInfo" />
    </UnitTest>
    <UnitTest name="SystemMonitor.Tests.SchemaTests.Hello_Schema_Invalid_NoToken" storage="c:\code\sys-sensor-v3\src\systemmonitor.tests\bin\release\net8.0\systemmonitor.tests.dll" id="d13cbe31-bcad-db2e-a448-21033afe455a">
      <Execution id="35629144-ea41-49ca-b853-506b02eaf191" />
      <TestMethod codeBase="C:\code\sys-sensor-v3\src\SystemMonitor.Tests\bin\Release\net8.0\SystemMonitor.Tests.dll" adapterTypeName="executor://xunit/VsTestRunner2/netcoreapp" className="SystemMonitor.Tests.SchemaTests" name="Hello_Schema_Invalid_NoToken" />
    </UnitTest>
    <UnitTest name="SystemMonitor.Tests.EndToEndTests.QueryHistory_Edges_And_Bucketing" storage="c:\code\sys-sensor-v3\src\systemmonitor.tests\bin\release\net8.0\systemmonitor.tests.dll" id="0f77d0ed-59fb-971b-4d70-0677c148fa79">
      <Execution id="4aa0cbc4-b723-4bd6-bf09-ed5de19bff30" />
      <TestMethod codeBase="C:\code\sys-sensor-v3\src\SystemMonitor.Tests\bin\Release\net8.0\SystemMonitor.Tests.dll" adapterTypeName="executor://xunit/VsTestRunner2/netcoreapp" className="SystemMonitor.Tests.EndToEndTests" name="QueryHistory_Edges_And_Bucketing" />
    </UnitTest>
    <UnitTest name="SystemMonitor.Tests.SystemInfoCollectorTests.Collect_ShouldHandleWmiErrors" storage="c:\code\sys-sensor-v3\src\systemmonitor.tests\bin\release\net8.0\systemmonitor.tests.dll" id="d53958d2-43f2-2735-e5ae-d7816cb1d7fe">
      <Execution id="66d7e697-2ea1-441a-a9d5-59d22d7038e0" />
      <TestMethod codeBase="C:\code\sys-sensor-v3\src\SystemMonitor.Tests\bin\Release\net8.0\SystemMonitor.Tests.dll" adapterTypeName="executor://xunit/VsTestRunner2/netcoreapp" className="SystemMonitor.Tests.SystemInfoCollectorTests" name="Collect_ShouldHandleWmiErrors" />
    </UnitTest>
    <UnitTest name="SystemMonitor.Tests.EndToEndTests.State_Emitted_On_Start_Burst_Stop" storage="c:\code\sys-sensor-v3\src\systemmonitor.tests\bin\release\net8.0\systemmonitor.tests.dll" id="b63f371d-2541-ba09-aa15-8afdc6da8ab0">
      <Execution id="83f8a54e-31c7-41f0-9c1b-70a7b5bb3415" />
      <TestMethod codeBase="C:\code\sys-sensor-v3\src\SystemMonitor.Tests\bin\Release\net8.0\SystemMonitor.Tests.dll" adapterTypeName="executor://xunit/VsTestRunner2/netcoreapp" className="SystemMonitor.Tests.EndToEndTests" name="State_Emitted_On_Start_Burst_Stop" />
    </UnitTest>
    <UnitTest name="SystemMonitor.Tests.SchemaTests.QueryHistory_Schema_Invalid_Granularity" storage="c:\code\sys-sensor-v3\src\systemmonitor.tests\bin\release\net8.0\systemmonitor.tests.dll" id="af91bfef-d9e3-90f4-bf1f-8322352913ff">
      <Execution id="acd26acd-d1ba-4c64-b95b-419f30d62547" />
      <TestMethod codeBase="C:\code\sys-sensor-v3\src\SystemMonitor.Tests\bin\Release\net8.0\SystemMonitor.Tests.dll" adapterTypeName="executor://xunit/VsTestRunner2/netcoreapp" className="SystemMonitor.Tests.SchemaTests" name="QueryHistory_Schema_Invalid_Granularity" />
    </UnitTest>
    <UnitTest name="SystemMonitor.Tests.SchemaTests.Disk_TopProcesses_Schema_Invalid_NegativePid" storage="c:\code\sys-sensor-v3\src\systemmonitor.tests\bin\release\net8.0\systemmonitor.tests.dll" id="d524aa03-b550-0e62-e27b-5731e05d725f">
      <Execution id="bb9787a5-d0a1-463b-a6a8-4f469a40fcb3" />
      <TestMethod codeBase="C:\code\sys-sensor-v3\src\SystemMonitor.Tests\bin\Release\net8.0\SystemMonitor.Tests.dll" adapterTypeName="executor://xunit/VsTestRunner2/netcoreapp" className="SystemMonitor.Tests.SchemaTests" name="Disk_TopProcesses_Schema_Invalid_NegativePid" />
    </UnitTest>
    <UnitTest name="SystemMonitor.Tests.SystemInfoCollectorIntegrationTests.Collector_ShouldImplementIMetricsCollector" storage="c:\code\sys-sensor-v3\src\systemmonitor.tests\bin\release\net8.0\systemmonitor.tests.dll" id="5f5e4331-0572-1805-5a29-0eb08c589e03">
      <Execution id="c179ac8d-b455-43ce-99d0-dad8c3ad3c80" />
      <TestMethod codeBase="C:\code\sys-sensor-v3\src\SystemMonitor.Tests\bin\Release\net8.0\SystemMonitor.Tests.dll" adapterTypeName="executor://xunit/VsTestRunner2/netcoreapp" className="SystemMonitor.Tests.SystemInfoCollectorIntegrationTests" name="Collector_ShouldImplementIMetricsCollector" />
    </UnitTest>
    <UnitTest name="SystemMonitor.Tests.PushSuppressionTests.SubscribeMetrics_Should_Enable_Push" storage="c:\code\sys-sensor-v3\src\systemmonitor.tests\bin\release\net8.0\systemmonitor.tests.dll" id="b3c9c3db-2e88-73a3-bfa9-5343e3be2294">
      <Execution id="0b9d893f-bb11-4c97-b1d9-ef3d268691d4" />
      <TestMethod codeBase="C:\code\sys-sensor-v3\src\SystemMonitor.Tests\bin\Release\net8.0\SystemMonitor.Tests.dll" adapterTypeName="executor://xunit/VsTestRunner2/netcoreapp" className="SystemMonitor.Tests.PushSuppressionTests" name="SubscribeMetrics_Should_Enable_Push" />
    </UnitTest>
    <UnitTest name="SystemMonitor.Tests.BridgeAndBurstTests.Burst_Subscribe_Should_Override_Interval_Temporarily" storage="c:\code\sys-sensor-v3\src\systemmonitor.tests\bin\release\net8.0\systemmonitor.tests.dll" id="b62b63b9-c5d3-6cc0-d782-e31396d5ce04">
      <Execution id="ad94baec-2fc0-40c0-95ab-7d6f873cdfca" />
      <TestMethod codeBase="C:\code\sys-sensor-v3\src\SystemMonitor.Tests\bin\Release\net8.0\SystemMonitor.Tests.dll" adapterTypeName="executor://xunit/VsTestRunner2/netcoreapp" className="SystemMonitor.Tests.BridgeAndBurstTests" name="Burst_Subscribe_Should_Override_Interval_Temporarily" />
    </UnitTest>
    <UnitTest name="SystemMonitor.Tests.SystemInfoCollectorTests.Collect_ShouldReturnFirmwareInfo" storage="c:\code\sys-sensor-v3\src\systemmonitor.tests\bin\release\net8.0\systemmonitor.tests.dll" id="f77df879-60f3-e710-84ee-7fa4f013bac5">
      <Execution id="7020a2b4-9405-4745-97ed-acf340eabc8b" />
      <TestMethod codeBase="C:\code\sys-sensor-v3\src\SystemMonitor.Tests\bin\Release\net8.0\SystemMonitor.Tests.dll" adapterTypeName="executor://xunit/VsTestRunner2/netcoreapp" className="SystemMonitor.Tests.SystemInfoCollectorTests" name="Collect_ShouldReturnFirmwareInfo" />
    </UnitTest>
    <UnitTest name="SystemMonitor.Tests.SchemaTests.QueryHistory_Schema_Valid" storage="c:\code\sys-sensor-v3\src\systemmonitor.tests\bin\release\net8.0\systemmonitor.tests.dll" id="69d6d1aa-b426-63fd-4c85-4eac53250980">
      <Execution id="8fdb041b-95e4-4964-8825-1737b0a13554" />
      <TestMethod codeBase="C:\code\sys-sensor-v3\src\SystemMonitor.Tests\bin\Release\net8.0\SystemMonitor.Tests.dll" adapterTypeName="executor://xunit/VsTestRunner2/netcoreapp" className="SystemMonitor.Tests.SchemaTests" name="QueryHistory_Schema_Valid" />
    </UnitTest>
    <UnitTest name="SystemMonitor.Tests.ContractTests.UpdateApply_Request_Serializes_To_SnakeCase" storage="c:\code\sys-sensor-v3\src\systemmonitor.tests\bin\release\net8.0\systemmonitor.tests.dll" id="d17c6ea2-3ca4-386f-c6e7-4b216cf89dd5">
      <Execution id="a7bdb49e-f190-4fd6-858e-fffc85bcdd53" />
      <TestMethod codeBase="C:\code\sys-sensor-v3\src\SystemMonitor.Tests\bin\Release\net8.0\SystemMonitor.Tests.dll" adapterTypeName="executor://xunit/VsTestRunner2/netcoreapp" className="SystemMonitor.Tests.ContractTests" name="UpdateApply_Request_Serializes_To_SnakeCase" />
    </UnitTest>
    <UnitTest name="SystemMonitor.Tests.EndToEndTests.Metrics_Throttle_Burst_Recovery_Works" storage="c:\code\sys-sensor-v3\src\systemmonitor.tests\bin\release\net8.0\systemmonitor.tests.dll" id="575383ac-a422-d1e5-3903-2da7ffd1b577">
      <Execution id="9825acd7-0f07-4e6b-ab15-4689df251af3" />
      <TestMethod codeBase="C:\code\sys-sensor-v3\src\SystemMonitor.Tests\bin\Release\net8.0\SystemMonitor.Tests.dll" adapterTypeName="executor://xunit/VsTestRunner2/netcoreapp" className="SystemMonitor.Tests.EndToEndTests" name="Metrics_Throttle_Burst_Recovery_Works" />
    </UnitTest>
    <UnitTest name="SystemMonitor.Tests.SensorCollectorTests.Collect_WithDumpAllEnv_IncludesDumpAllSensors" storage="c:\code\sys-sensor-v3\src\systemmonitor.tests\bin\release\net8.0\systemmonitor.tests.dll" id="746cb85e-f2f9-7142-6ace-897f39374f35">
      <Execution id="71a3f379-61e9-42ed-91a3-f867f5971d5b" />
      <TestMethod codeBase="C:\code\sys-sensor-v3\src\SystemMonitor.Tests\bin\Release\net8.0\SystemMonitor.Tests.dll" adapterTypeName="executor://xunit/VsTestRunner2/netcoreapp" className="SystemMonitor.Tests.SensorCollectorTests" name="Collect_WithDumpAllEnv_IncludesDumpAllSensors" />
    </UnitTest>
    <UnitTest name="SystemMonitor.Tests.ContractTests.Start_Request_Serializes_To_SnakeCase" storage="c:\code\sys-sensor-v3\src\systemmonitor.tests\bin\release\net8.0\systemmonitor.tests.dll" id="825a0899-f60c-7747-10dc-edf9d745369b">
      <Execution id="6bfacef0-67f9-4470-8fbe-91825e69f4f7" />
      <TestMethod codeBase="C:\code\sys-sensor-v3\src\SystemMonitor.Tests\bin\Release\net8.0\SystemMonitor.Tests.dll" adapterTypeName="executor://xunit/VsTestRunner2/netcoreapp" className="SystemMonitor.Tests.ContractTests" name="Start_Request_Serializes_To_SnakeCase" />
    </UnitTest>
    <UnitTest name="SystemMonitor.Tests.SchemaTests.BurstSubscribe_Schema_Valid" storage="c:\code\sys-sensor-v3\src\systemmonitor.tests\bin\release\net8.0\systemmonitor.tests.dll" id="316b5766-01a4-b945-df1a-1d07ac1dfded">
      <Execution id="ede02d5c-ffe9-4f64-b6eb-d936a316501a" />
      <TestMethod codeBase="C:\code\sys-sensor-v3\src\SystemMonitor.Tests\bin\Release\net8.0\SystemMonitor.Tests.dll" adapterTypeName="executor://xunit/VsTestRunner2/netcoreapp" className="SystemMonitor.Tests.SchemaTests" name="BurstSubscribe_Schema_Valid" />
    </UnitTest>
    <UnitTest name="SystemMonitor.Tests.SystemInfoCollectorTests.Collect_ShouldReturnValidDataStructure" storage="c:\code\sys-sensor-v3\src\systemmonitor.tests\bin\release\net8.0\systemmonitor.tests.dll" id="85ef8df4-ffb7-1be1-f178-87b114e78a0e">
      <Execution id="2d52a86d-8e80-44cc-b331-9e02b4ba8efb" />
      <TestMethod codeBase="C:\code\sys-sensor-v3\src\SystemMonitor.Tests\bin\Release\net8.0\SystemMonitor.Tests.dll" adapterTypeName="executor://xunit/VsTestRunner2/netcoreapp" className="SystemMonitor.Tests.SystemInfoCollectorTests" name="Collect_ShouldReturnValidDataStructure" />
    </UnitTest>
    <UnitTest name="SystemMonitor.Tests.SystemInfoCollectorTests.Collect_ShouldReturnGraphicsInfo" storage="c:\code\sys-sensor-v3\src\systemmonitor.tests\bin\release\net8.0\systemmonitor.tests.dll" id="bfd61319-6402-4aa3-c4c0-19c24cf3e257">
      <Execution id="9770796d-c113-4a6f-a3e9-4627429b1812" />
      <TestMethod codeBase="C:\code\sys-sensor-v3\src\SystemMonitor.Tests\bin\Release\net8.0\SystemMonitor.Tests.dll" adapterTypeName="executor://xunit/VsTestRunner2/netcoreapp" className="SystemMonitor.Tests.SystemInfoCollectorTests" name="Collect_ShouldReturnGraphicsInfo" />
    </UnitTest>
    <UnitTest name="SystemMonitor.Tests.EndToEndTests.SetConfig_Invalid_BaseInterval_Fails" storage="c:\code\sys-sensor-v3\src\systemmonitor.tests\bin\release\net8.0\systemmonitor.tests.dll" id="dacf0d9f-52f8-cc00-236f-2f32d31c4af3">
      <Execution id="47d518e4-6145-4751-899e-4b656cbfe8a7" />
      <TestMethod codeBase="C:\code\sys-sensor-v3\src\SystemMonitor.Tests\bin\Release\net8.0\SystemMonitor.Tests.dll" adapterTypeName="executor://xunit/VsTestRunner2/netcoreapp" className="SystemMonitor.Tests.EndToEndTests" name="SetConfig_Invalid_BaseInterval_Fails" />
    </UnitTest>
    <UnitTest name="SystemMonitor.Tests.EndToEndTests.Hello_Protocol_NotSupported_Fails" storage="c:\code\sys-sensor-v3\src\systemmonitor.tests\bin\release\net8.0\systemmonitor.tests.dll" id="a5cee8d5-e1e7-16a2-597a-8c6cbc2b8be8">
      <Execution id="4a23318e-4a61-4a71-8e00-2ceb2d63d5e4" />
      <TestMethod codeBase="C:\code\sys-sensor-v3\src\SystemMonitor.Tests\bin\Release\net8.0\SystemMonitor.Tests.dll" adapterTypeName="executor://xunit/VsTestRunner2/netcoreapp" className="SystemMonitor.Tests.EndToEndTests" name="Hello_Protocol_NotSupported_Fails" />
    </UnitTest>
    <UnitTest name="SystemMonitor.Tests.MemoryCountersTests.GetMemoryInfoMb_NoThrow_And_ReasonableRanges" storage="c:\code\sys-sensor-v3\src\systemmonitor.tests\bin\release\net8.0\systemmonitor.tests.dll" id="2380be20-41f7-c6da-9826-a89e44675606">
      <Execution id="31b989c1-4522-40ee-b646-c08c7e2b9070" />
      <TestMethod codeBase="C:\code\sys-sensor-v3\src\SystemMonitor.Tests\bin\Release\net8.0\SystemMonitor.Tests.dll" adapterTypeName="executor://xunit/VsTestRunner2/netcoreapp" className="SystemMonitor.Tests.MemoryCountersTests" name="GetMemoryInfoMb_NoThrow_And_ReasonableRanges" />
    </UnitTest>
    <UnitTest name="SystemMonitor.Tests.SchemaTests.SetConfig_Schema_Valid_WithIntervals" storage="c:\code\sys-sensor-v3\src\systemmonitor.tests\bin\release\net8.0\systemmonitor.tests.dll" id="e7afe76e-2983-511f-53e6-ec72c360fd06">
      <Execution id="398b283f-c89d-42f5-a694-554991adb70f" />
      <TestMethod codeBase="C:\code\sys-sensor-v3\src\SystemMonitor.Tests\bin\Release\net8.0\SystemMonitor.Tests.dll" adapterTypeName="executor://xunit/VsTestRunner2/netcoreapp" className="SystemMonitor.Tests.SchemaTests" name="SetConfig_Schema_Valid_WithIntervals" />
    </UnitTest>
    <UnitTest name="SystemMonitor.Tests.ContractTests.Snapshot_Request_Serializes_To_SnakeCase" storage="c:\code\sys-sensor-v3\src\systemmonitor.tests\bin\release\net8.0\systemmonitor.tests.dll" id="f4df6398-0c14-b3dd-5ee6-c8f487d7504a">
      <Execution id="cab70d2c-572a-4c1d-a660-97b18107bdf9" />
      <TestMethod codeBase="C:\code\sys-sensor-v3\src\SystemMonitor.Tests\bin\Release\net8.0\SystemMonitor.Tests.dll" adapterTypeName="executor://xunit/VsTestRunner2/netcoreapp" className="SystemMonitor.Tests.ContractTests" name="Snapshot_Request_Serializes_To_SnakeCase" />
    </UnitTest>
    <UnitTest name="SystemMonitor.Tests.EndToEndTests.Hello_Unsupported_Capability_Fails" storage="c:\code\sys-sensor-v3\src\systemmonitor.tests\bin\release\net8.0\systemmonitor.tests.dll" id="18b35648-a566-3499-95ec-e14d308dcba6">
      <Execution id="86af70f5-4f31-4e97-8d49-2283a04804b8" />
      <TestMethod codeBase="C:\code\sys-sensor-v3\src\SystemMonitor.Tests\bin\Release\net8.0\SystemMonitor.Tests.dll" adapterTypeName="executor://xunit/VsTestRunner2/netcoreapp" className="SystemMonitor.Tests.EndToEndTests" name="Hello_Unsupported_Capability_Fails" />
    </UnitTest>
    <UnitTest name="SystemMonitor.Tests.SystemInfoCollectorTests.Collect_ShouldReturnOperatingSystemInfo" storage="c:\code\sys-sensor-v3\src\systemmonitor.tests\bin\release\net8.0\systemmonitor.tests.dll" id="28045bfa-47ed-87ca-6372-8605f4955481">
      <Execution id="e4e60697-f425-47b4-8b57-ea7a99ee1fa9" />
      <TestMethod codeBase="C:\code\sys-sensor-v3\src\SystemMonitor.Tests\bin\Release\net8.0\SystemMonitor.Tests.dll" adapterTypeName="executor://xunit/VsTestRunner2/netcoreapp" className="SystemMonitor.Tests.SystemInfoCollectorTests" name="Collect_ShouldReturnOperatingSystemInfo" />
    </UnitTest>
    <UnitTest name="SystemMonitor.Tests.ContractTests.Stop_Request_Serializes_To_SnakeCase" storage="c:\code\sys-sensor-v3\src\systemmonitor.tests\bin\release\net8.0\systemmonitor.tests.dll" id="2fee1618-453a-fb22-e956-2fd9d457aed7">
      <Execution id="c5606bcd-93ad-4675-ba94-66592db46e8f" />
      <TestMethod codeBase="C:\code\sys-sensor-v3\src\SystemMonitor.Tests\bin\Release\net8.0\SystemMonitor.Tests.dll" adapterTypeName="executor://xunit/VsTestRunner2/netcoreapp" className="SystemMonitor.Tests.ContractTests" name="Stop_Request_Serializes_To_SnakeCase" />
    </UnitTest>
    <UnitTest name="SystemMonitor.Tests.StabilityTests.HighFrequency_Snapshot_Loop_Is_Stable_For_Short_Window" storage="c:\code\sys-sensor-v3\src\systemmonitor.tests\bin\release\net8.0\systemmonitor.tests.dll" id="8a8a6eda-4d8a-889d-ad1c-f38fbb6735aa">
      <Execution id="0c58b36f-646d-4049-bec4-d6e3672db842" />
      <TestMethod codeBase="C:\code\sys-sensor-v3\src\SystemMonitor.Tests\bin\Release\net8.0\SystemMonitor.Tests.dll" adapterTypeName="executor://xunit/VsTestRunner2/netcoreapp" className="SystemMonitor.Tests.StabilityTests" name="HighFrequency_Snapshot_Loop_Is_Stable_For_Short_Window" />
    </UnitTest>
    <UnitTest name="SystemMonitor.Tests.SchemaTests.Hello_Schema_Valid_Minimal" storage="c:\code\sys-sensor-v3\src\systemmonitor.tests\bin\release\net8.0\systemmonitor.tests.dll" id="e1fbd4f1-6ade-f24b-317f-6dbbbf27c5fc">
      <Execution id="0a7680ec-638a-433b-9f9f-3a145041338a" />
      <TestMethod codeBase="C:\code\sys-sensor-v3\src\SystemMonitor.Tests\bin\Release\net8.0\SystemMonitor.Tests.dll" adapterTypeName="executor://xunit/VsTestRunner2/netcoreapp" className="SystemMonitor.Tests.SchemaTests" name="Hello_Schema_Valid_Minimal" />
    </UnitTest>
    <UnitTest name="SystemMonitor.Tests.ContractTests.SetLogLevel_Request_Serializes_To_SnakeCase" storage="c:\code\sys-sensor-v3\src\systemmonitor.tests\bin\release\net8.0\systemmonitor.tests.dll" id="6bc5c69f-1e35-1dda-027a-3965f2238887">
      <Execution id="6c45fc55-2ec5-453b-b01b-a6caa1461f26" />
      <TestMethod codeBase="C:\code\sys-sensor-v3\src\SystemMonitor.Tests\bin\Release\net8.0\SystemMonitor.Tests.dll" adapterTypeName="executor://xunit/VsTestRunner2/netcoreapp" className="SystemMonitor.Tests.ContractTests" name="SetLogLevel_Request_Serializes_To_SnakeCase" />
    </UnitTest>
    <UnitTest name="SystemMonitor.Tests.SchemaTests.Snapshot_Schema_Valid_WithModules" storage="c:\code\sys-sensor-v3\src\systemmonitor.tests\bin\release\net8.0\systemmonitor.tests.dll" id="8efef518-8988-e3e1-bb3e-361f08b825e5">
      <Execution id="45bea41c-2fc5-42d4-9385-c65cb4021067" />
      <TestMethod codeBase="C:\code\sys-sensor-v3\src\SystemMonitor.Tests\bin\Release\net8.0\SystemMonitor.Tests.dll" adapterTypeName="executor://xunit/VsTestRunner2/netcoreapp" className="SystemMonitor.Tests.SchemaTests" name="Snapshot_Schema_Valid_WithModules" />
    </UnitTest>
    <UnitTest name="SystemMonitor.Tests.ContractTests.SubscribeMetrics_Request_Serializes_To_SnakeCase" storage="c:\code\sys-sensor-v3\src\systemmonitor.tests\bin\release\net8.0\systemmonitor.tests.dll" id="fc84e8aa-81c3-13b2-161d-42cbb3024667">
      <Execution id="d293e5ca-e8a6-4e47-bf01-1208f48b358b" />
      <TestMethod codeBase="C:\code\sys-sensor-v3\src\SystemMonitor.Tests\bin\Release\net8.0\SystemMonitor.Tests.dll" adapterTypeName="executor://xunit/VsTestRunner2/netcoreapp" className="SystemMonitor.Tests.ContractTests" name="SubscribeMetrics_Request_Serializes_To_SnakeCase" />
    </UnitTest>
    <UnitTest name="SystemMonitor.Tests.ContractTests.SetConfig_Request_Should_Not_Contain_PascalCase_Keys" storage="c:\code\sys-sensor-v3\src\systemmonitor.tests\bin\release\net8.0\systemmonitor.tests.dll" id="dc6251cd-01f9-1cce-a502-df54ce71eba2">
      <Execution id="66c9a44b-75c8-49ce-bf07-9c38a2ec837a" />
      <TestMethod codeBase="C:\code\sys-sensor-v3\src\SystemMonitor.Tests\bin\Release\net8.0\SystemMonitor.Tests.dll" adapterTypeName="executor://xunit/VsTestRunner2/netcoreapp" className="SystemMonitor.Tests.ContractTests" name="SetConfig_Request_Should_Not_Contain_PascalCase_Keys" />
    </UnitTest>
    <UnitTest name="SystemMonitor.Tests.SchemaTests.BurstSubscribe_Schema_Invalid_EmptyModules" storage="c:\code\sys-sensor-v3\src\systemmonitor.tests\bin\release\net8.0\systemmonitor.tests.dll" id="c7e17ebe-07f3-5913-71e6-f1c4a943136f">
      <Execution id="b7069385-f8f5-4011-be18-b9cda6b8bfb8" />
      <TestMethod codeBase="C:\code\sys-sensor-v3\src\SystemMonitor.Tests\bin\Release\net8.0\SystemMonitor.Tests.dll" adapterTypeName="executor://xunit/VsTestRunner2/netcoreapp" className="SystemMonitor.Tests.SchemaTests" name="BurstSubscribe_Schema_Invalid_EmptyModules" />
    </UnitTest>
    <UnitTest name="SystemMonitor.Tests.ContractTests.SetConfig_Request_Serializes_To_SnakeCase" storage="c:\code\sys-sensor-v3\src\systemmonitor.tests\bin\release\net8.0\systemmonitor.tests.dll" id="116d7234-8081-621c-9c63-75bb4125b1af">
      <Execution id="840ec650-3ab3-4e00-a2cc-dd43433737a5" />
      <TestMethod codeBase="C:\code\sys-sensor-v3\src\SystemMonitor.Tests\bin\Release\net8.0\SystemMonitor.Tests.dll" adapterTypeName="executor://xunit/VsTestRunner2/netcoreapp" className="SystemMonitor.Tests.ContractTests" name="SetConfig_Request_Serializes_To_SnakeCase" />
    </UnitTest>
    <UnitTest name="SystemMonitor.Tests.EndToEndTests.SetConfig_And_BurstSubscribe_Works" storage="c:\code\sys-sensor-v3\src\systemmonitor.tests\bin\release\net8.0\systemmonitor.tests.dll" id="d46fc4ee-0150-cded-8fbb-ceb1d2e0e4ba">
      <Execution id="97e14176-d265-442e-83d9-cb8e13d4b678" />
      <TestMethod codeBase="C:\code\sys-sensor-v3\src\SystemMonitor.Tests\bin\Release\net8.0\SystemMonitor.Tests.dll" adapterTypeName="executor://xunit/VsTestRunner2/netcoreapp" className="SystemMonitor.Tests.EndToEndTests" name="SetConfig_And_BurstSubscribe_Works" />
    </UnitTest>
    <UnitTest name="SystemMonitor.Tests.ContractTests.QueryHistory_Request_Serializes_To_SnakeCase" storage="c:\code\sys-sensor-v3\src\systemmonitor.tests\bin\release\net8.0\systemmonitor.tests.dll" id="f6814e48-0b49-81a9-5412-aa1c3ac48e00">
      <Execution id="b4c14750-bca2-4211-ae98-85b515d7edc9" />
      <TestMethod codeBase="C:\code\sys-sensor-v3\src\SystemMonitor.Tests\bin\Release\net8.0\SystemMonitor.Tests.dll" adapterTypeName="executor://xunit/VsTestRunner2/netcoreapp" className="SystemMonitor.Tests.ContractTests" name="QueryHistory_Request_Serializes_To_SnakeCase" />
    </UnitTest>
    <UnitTest name="SystemMonitor.Tests.SystemInfoCollectorTests.Collect_ShouldUseCache" storage="c:\code\sys-sensor-v3\src\systemmonitor.tests\bin\release\net8.0\systemmonitor.tests.dll" id="1c403746-be59-cc80-edd6-df5abff6ba7c">
      <Execution id="fbea82cb-70e9-419f-bf5c-911c0f1a9bfe" />
      <TestMethod codeBase="C:\code\sys-sensor-v3\src\SystemMonitor.Tests\bin\Release\net8.0\SystemMonitor.Tests.dll" adapterTypeName="executor://xunit/VsTestRunner2/netcoreapp" className="SystemMonitor.Tests.SystemInfoCollectorTests" name="Collect_ShouldUseCache" />
    </UnitTest>
    <UnitTest name="SystemMonitor.Tests.NetCountersTests.NetCounters_Read_CacheWithin200ms" storage="c:\code\sys-sensor-v3\src\systemmonitor.tests\bin\release\net8.0\systemmonitor.tests.dll" id="f42e09b5-b678-0ad4-c320-b008feb744b6">
      <Execution id="1fdda699-f285-420b-941f-591edaacfc0f" />
      <TestMethod codeBase="C:\code\sys-sensor-v3\src\SystemMonitor.Tests\bin\Release\net8.0\SystemMonitor.Tests.dll" adapterTypeName="executor://xunit/VsTestRunner2/netcoreapp" className="SystemMonitor.Tests.NetCountersTests" name="NetCounters_Read_CacheWithin200ms" />
    </UnitTest>
    <UnitTest name="SystemMonitor.Tests.ContractTests.Hello_Request_Should_Not_Contain_PascalCase_Keys" storage="c:\code\sys-sensor-v3\src\systemmonitor.tests\bin\release\net8.0\systemmonitor.tests.dll" id="deff2b50-b04e-659a-fcb1-aacff92daa42">
      <Execution id="51d81c7d-3771-45d3-8391-005b7caeb4a9" />
      <TestMethod codeBase="C:\code\sys-sensor-v3\src\SystemMonitor.Tests\bin\Release\net8.0\SystemMonitor.Tests.dll" adapterTypeName="executor://xunit/VsTestRunner2/netcoreapp" className="SystemMonitor.Tests.ContractTests" name="Hello_Request_Should_Not_Contain_PascalCase_Keys" />
    </UnitTest>
    <UnitTest name="SystemMonitor.Tests.SchemaTests.SetConfig_Schema_Invalid_TooSmallInterval" storage="c:\code\sys-sensor-v3\src\systemmonitor.tests\bin\release\net8.0\systemmonitor.tests.dll" id="7fcfcc39-66f5-e59a-53bb-ab760b3d7c57">
      <Execution id="b57690b2-5c29-4510-8c3b-c26546de7855" />
      <TestMethod codeBase="C:\code\sys-sensor-v3\src\SystemMonitor.Tests\bin\Release\net8.0\SystemMonitor.Tests.dll" adapterTypeName="executor://xunit/VsTestRunner2/netcoreapp" className="SystemMonitor.Tests.SchemaTests" name="SetConfig_Schema_Invalid_TooSmallInterval" />
    </UnitTest>
    <UnitTest name="SystemMonitor.Tests.MemoryCountersTests.GetMemoryDetail_NoThrow_And_BoundedFields" storage="c:\code\sys-sensor-v3\src\systemmonitor.tests\bin\release\net8.0\systemmonitor.tests.dll" id="ae3acead-7ea4-7542-c915-3fc15e2059df">
      <Execution id="12669f93-ac32-4600-a2ef-76f3b03fe1c9" />
      <TestMethod codeBase="C:\code\sys-sensor-v3\src\SystemMonitor.Tests\bin\Release\net8.0\SystemMonitor.Tests.dll" adapterTypeName="executor://xunit/VsTestRunner2/netcoreapp" className="SystemMonitor.Tests.MemoryCountersTests" name="GetMemoryDetail_NoThrow_And_BoundedFields" />
    </UnitTest>
    <UnitTest name="SystemMonitor.Tests.ContractTests.BurstSubscribe_Request_Serializes_To_SnakeCase" storage="c:\code\sys-sensor-v3\src\systemmonitor.tests\bin\release\net8.0\systemmonitor.tests.dll" id="84bddd7b-5fca-ad7f-6631-caa1dc730eca">
      <Execution id="8fe71ea1-ee92-4c9c-97ab-f3523e731cd9" />
      <TestMethod codeBase="C:\code\sys-sensor-v3\src\SystemMonitor.Tests\bin\Release\net8.0\SystemMonitor.Tests.dll" adapterTypeName="executor://xunit/VsTestRunner2/netcoreapp" className="SystemMonitor.Tests.ContractTests" name="BurstSubscribe_Request_Serializes_To_SnakeCase" />
    </UnitTest>
    <UnitTest name="SystemMonitor.Tests.SystemInfoCollectorTests.Collect_ShouldReturnNetworkIdentityInfo" storage="c:\code\sys-sensor-v3\src\systemmonitor.tests\bin\release\net8.0\systemmonitor.tests.dll" id="774d74ba-1e67-8ec3-332f-9829923cf51e">
      <Execution id="37b8c66e-8e9e-44a4-bbea-70d37fb36ee3" />
      <TestMethod codeBase="C:\code\sys-sensor-v3\src\SystemMonitor.Tests\bin\Release\net8.0\SystemMonitor.Tests.dll" adapterTypeName="executor://xunit/VsTestRunner2/netcoreapp" className="SystemMonitor.Tests.SystemInfoCollectorTests" name="Collect_ShouldReturnNetworkIdentityInfo" />
    </UnitTest>
    <UnitTest name="SystemMonitor.Tests.MemoryCountersTests.MemoryCounters_ForceFallback_NoInitObjects_NoThrow" storage="c:\code\sys-sensor-v3\src\systemmonitor.tests\bin\release\net8.0\systemmonitor.tests.dll" id="c2cbe4b9-6d25-c7b6-4d02-96a009247a6c">
      <Execution id="486f8bbf-dd75-483e-b7c3-324593be7b66" />
      <TestMethod codeBase="C:\code\sys-sensor-v3\src\SystemMonitor.Tests\bin\Release\net8.0\SystemMonitor.Tests.dll" adapterTypeName="executor://xunit/VsTestRunner2/netcoreapp" className="SystemMonitor.Tests.MemoryCountersTests" name="MemoryCounters_ForceFallback_NoInitObjects_NoThrow" />
    </UnitTest>
    <UnitTest name="SystemMonitor.Tests.HistoryQueryTests.Raw_Empty_Window_Fallsback_To_Current_Snapshot" storage="c:\code\sys-sensor-v3\src\systemmonitor.tests\bin\release\net8.0\systemmonitor.tests.dll" id="066ac360-3a3d-3874-ff81-64082362c1d3">
      <Execution id="2d634af0-49b9-447a-900f-eb612db32f1a" />
      <TestMethod codeBase="C:\code\sys-sensor-v3\src\SystemMonitor.Tests\bin\Release\net8.0\SystemMonitor.Tests.dll" adapterTypeName="executor://xunit/VsTestRunner2/netcoreapp" className="SystemMonitor.Tests.HistoryQueryTests" name="Raw_Empty_Window_Fallsback_To_Current_Snapshot" />
    </UnitTest>
    <UnitTest name="SystemMonitor.Tests.SystemInfoCollectorTests.Collect_ShouldReturnNonNullResult" storage="c:\code\sys-sensor-v3\src\systemmonitor.tests\bin\release\net8.0\systemmonitor.tests.dll" id="bda4512a-560a-88ee-9564-f3548aca2761">
      <Execution id="fb274c7d-33a5-4d16-9fdd-e18c8cabe8cb" />
      <TestMethod codeBase="C:\code\sys-sensor-v3\src\SystemMonitor.Tests\bin\Release\net8.0\SystemMonitor.Tests.dll" adapterTypeName="executor://xunit/VsTestRunner2/netcoreapp" className="SystemMonitor.Tests.SystemInfoCollectorTests" name="Collect_ShouldReturnNonNullResult" />
    </UnitTest>
    <UnitTest name="SystemMonitor.Tests.SystemInfoCollectorTests.Name_ShouldReturnCorrectName" storage="c:\code\sys-sensor-v3\src\systemmonitor.tests\bin\release\net8.0\systemmonitor.tests.dll" id="9185c476-4564-e810-71de-61b0e9db2619">
      <Execution id="bfcb8b43-96f5-4ac2-a6df-79862e13fdff" />
      <TestMethod codeBase="C:\code\sys-sensor-v3\src\SystemMonitor.Tests\bin\Release\net8.0\SystemMonitor.Tests.dll" adapterTypeName="executor://xunit/VsTestRunner2/netcoreapp" className="SystemMonitor.Tests.SystemInfoCollectorTests" name="Name_ShouldReturnCorrectName" />
    </UnitTest>
    <UnitTest name="SystemMonitor.Tests.SchemaTests.Disk_TopProcesses_Schema_Invalid_MissingName" storage="c:\code\sys-sensor-v3\src\systemmonitor.tests\bin\release\net8.0\systemmonitor.tests.dll" id="759df637-d080-ef7c-66ad-cd6f487477c1">
      <Execution id="9ab15d3f-5725-44ee-a5f5-a2bae30c94c8" />
      <TestMethod codeBase="C:\code\sys-sensor-v3\src\SystemMonitor.Tests\bin\Release\net8.0\SystemMonitor.Tests.dll" adapterTypeName="executor://xunit/VsTestRunner2/netcoreapp" className="SystemMonitor.Tests.SchemaTests" name="Disk_TopProcesses_Schema_Invalid_MissingName" />
    </UnitTest>
    <UnitTest name="SystemMonitor.Tests.EndToEndTests.Hello_Then_Snapshot_Works" storage="c:\code\sys-sensor-v3\src\systemmonitor.tests\bin\release\net8.0\systemmonitor.tests.dll" id="648e89fa-b178-023e-6b9f-b12e893716da">
      <Execution id="6f557604-d351-41d7-9383-e51133c1e4d3" />
      <TestMethod codeBase="C:\code\sys-sensor-v3\src\SystemMonitor.Tests\bin\Release\net8.0\SystemMonitor.Tests.dll" adapterTypeName="executor://xunit/VsTestRunner2/netcoreapp" className="SystemMonitor.Tests.EndToEndTests" name="Hello_Then_Snapshot_Works" />
    </UnitTest>
    <UnitTest name="SystemMonitor.Tests.NetCountersTests.NetCounters_Read_Contract_And_Aggregation" storage="c:\code\sys-sensor-v3\src\systemmonitor.tests\bin\release\net8.0\systemmonitor.tests.dll" id="857822b1-329a-f930-8301-df5e8ea2e201">
      <Execution id="b6c75ae2-cb06-4169-b1c9-21c74403788c" />
      <TestMethod codeBase="C:\code\sys-sensor-v3\src\SystemMonitor.Tests\bin\Release\net8.0\SystemMonitor.Tests.dll" adapterTypeName="executor://xunit/VsTestRunner2/netcoreapp" className="SystemMonitor.Tests.NetCountersTests" name="NetCounters_Read_Contract_And_Aggregation" />
    </UnitTest>
    <UnitTest name="SystemMonitor.Tests.BridgeAndBurstTests.Hello_With_Bridge_Capability_Should_Set_Bridge_And_Enable_Push" storage="c:\code\sys-sensor-v3\src\systemmonitor.tests\bin\release\net8.0\systemmonitor.tests.dll" id="c7997c4b-1968-3efe-299c-4efc84561103">
      <Execution id="951c8f92-80e4-40af-831d-9cb737128657" />
      <TestMethod codeBase="C:\code\sys-sensor-v3\src\SystemMonitor.Tests\bin\Release\net8.0\SystemMonitor.Tests.dll" adapterTypeName="executor://xunit/VsTestRunner2/netcoreapp" className="SystemMonitor.Tests.BridgeAndBurstTests" name="Hello_With_Bridge_Capability_Should_Set_Bridge_And_Enable_Push" />
    </UnitTest>
    <UnitTest name="SystemMonitor.Tests.SystemInfoCollectorTests.Collect_ShouldFollowSnakeCaseNaming" storage="c:\code\sys-sensor-v3\src\systemmonitor.tests\bin\release\net8.0\systemmonitor.tests.dll" id="ec71cdc8-6d39-61b9-df7b-72c26b499840">
      <Execution id="464c6607-2856-4934-8b8f-cb1037f0f4d0" />
      <TestMethod codeBase="C:\code\sys-sensor-v3\src\SystemMonitor.Tests\bin\Release\net8.0\SystemMonitor.Tests.dll" adapterTypeName="executor://xunit/VsTestRunner2/netcoreapp" className="SystemMonitor.Tests.SystemInfoCollectorTests" name="Collect_ShouldFollowSnakeCaseNaming" />
    </UnitTest>
    <UnitTest name="SystemMonitor.Tests.ContractTests.Disk_Snapshot_Response_TopProcesses_Serializes_To_SnakeCase" storage="c:\code\sys-sensor-v3\src\systemmonitor.tests\bin\release\net8.0\systemmonitor.tests.dll" id="600d902f-724e-255d-709d-fa76d1ec6f96">
      <Execution id="cdb67bcd-763b-4614-a170-220ed476611e" />
      <TestMethod codeBase="C:\code\sys-sensor-v3\src\SystemMonitor.Tests\bin\Release\net8.0\SystemMonitor.Tests.dll" adapterTypeName="executor://xunit/VsTestRunner2/netcoreapp" className="SystemMonitor.Tests.ContractTests" name="Disk_Snapshot_Response_TopProcesses_Serializes_To_SnakeCase" />
    </UnitTest>
    <UnitTest name="SystemMonitor.Tests.StabilityTests.Startup_WarmingUp_Then_Payload_Arrives" storage="c:\code\sys-sensor-v3\src\systemmonitor.tests\bin\release\net8.0\systemmonitor.tests.dll" id="bc8ea8d6-fb65-1feb-f863-faba4dee9ab0">
      <Execution id="b75ced7d-4f75-43ea-bde3-fc6c3ff0a149" />
      <TestMethod codeBase="C:\code\sys-sensor-v3\src\SystemMonitor.Tests\bin\Release\net8.0\SystemMonitor.Tests.dll" adapterTypeName="executor://xunit/VsTestRunner2/netcoreapp" className="SystemMonitor.Tests.StabilityTests" name="Startup_WarmingUp_Then_Payload_Arrives" />
    </UnitTest>
    <UnitTest name="SystemMonitor.Tests.UnitTest1.Test1" storage="c:\code\sys-sensor-v3\src\systemmonitor.tests\bin\release\net8.0\systemmonitor.tests.dll" id="897198c2-e013-2fdc-4de0-ccbd44dab1f1">
      <Execution id="993c7bb1-b12f-4b2d-afdc-a0f5e33a8edd" />
      <TestMethod codeBase="C:\code\sys-sensor-v3\src\SystemMonitor.Tests\bin\Release\net8.0\SystemMonitor.Tests.dll" adapterTypeName="executor://xunit/VsTestRunner2/netcoreapp" className="SystemMonitor.Tests.UnitTest1" name="Test1" />
    </UnitTest>
    <UnitTest name="SystemMonitor.Tests.SystemInfoCollectorTests.Collect_ShouldReturnMemoryInfo" storage="c:\code\sys-sensor-v3\src\systemmonitor.tests\bin\release\net8.0\systemmonitor.tests.dll" id="cd40f9a9-198e-ecbc-2caf-667c26607765">
      <Execution id="a28a1c8f-61f8-4e01-9500-24d1eeaaebf3" />
      <TestMethod codeBase="C:\code\sys-sensor-v3\src\SystemMonitor.Tests\bin\Release\net8.0\SystemMonitor.Tests.dll" adapterTypeName="executor://xunit/VsTestRunner2/netcoreapp" className="SystemMonitor.Tests.SystemInfoCollectorTests" name="Collect_ShouldReturnMemoryInfo" />
    </UnitTest>
    <UnitTest name="SystemMonitor.Tests.HistoryQueryTests.Agg_10s_InMemory_Fallback_Buckets_By_EndTime" storage="c:\code\sys-sensor-v3\src\systemmonitor.tests\bin\release\net8.0\systemmonitor.tests.dll" id="cc32e9a5-f3b4-24bc-d94d-c130daf26cd8">
      <Execution id="5f67e5cf-8417-4feb-bf6b-e4c87034fba4" />
      <TestMethod codeBase="C:\code\sys-sensor-v3\src\SystemMonitor.Tests\bin\Release\net8.0\SystemMonitor.Tests.dll" adapterTypeName="executor://xunit/VsTestRunner2/netcoreapp" className="SystemMonitor.Tests.HistoryQueryTests" name="Agg_10s_InMemory_Fallback_Buckets_By_EndTime" />
    </UnitTest>
  </TestDefinitions>
  <TestEntries>
    <TestEntry testId="f4df6398-0c14-b3dd-5ee6-c8f487d7504a" executionId="cab70d2c-572a-4c1d-a660-97b18107bdf9" testListId="8c84fa94-04c1-424b-9868-57a2d4851a1d" />
    <TestEntry testId="f77df879-60f3-e710-84ee-7fa4f013bac5" executionId="7020a2b4-9405-4745-97ed-acf340eabc8b" testListId="8c84fa94-04c1-424b-9868-57a2d4851a1d" />
    <TestEntry testId="b3c9c3db-2e88-73a3-bfa9-5343e3be2294" executionId="0b9d893f-bb11-4c97-b1d9-ef3d268691d4" testListId="8c84fa94-04c1-424b-9868-57a2d4851a1d" />
    <TestEntry testId="18b35648-a566-3499-95ec-e14d308dcba6" executionId="86af70f5-4f31-4e97-8d49-2283a04804b8" testListId="8c84fa94-04c1-424b-9868-57a2d4851a1d" />
    <TestEntry testId="80a1d66a-fc4c-387f-5eb8-78fdf4069097" executionId="5a3f2404-eb44-4ec4-934e-dae165826cfb" testListId="8c84fa94-04c1-424b-9868-57a2d4851a1d" />
    <TestEntry testId="b63f371d-2541-ba09-aa15-8afdc6da8ab0" executionId="83f8a54e-31c7-41f0-9c1b-70a7b5bb3415" testListId="8c84fa94-04c1-424b-9868-57a2d4851a1d" />
    <TestEntry testId="cdc1d8a4-ebdd-0129-c99e-b7f07ac1be20" executionId="7e5635f9-5330-4676-acd6-5e6156532f8f" testListId="8c84fa94-04c1-424b-9868-57a2d4851a1d" />
    <TestEntry testId="116d7234-8081-621c-9c63-75bb4125b1af" executionId="840ec650-3ab3-4e00-a2cc-dd43433737a5" testListId="8c84fa94-04c1-424b-9868-57a2d4851a1d" />
    <TestEntry testId="cd40f9a9-198e-ecbc-2caf-667c26607765" executionId="a28a1c8f-61f8-4e01-9500-24d1eeaaebf3" testListId="8c84fa94-04c1-424b-9868-57a2d4851a1d" />
    <TestEntry testId="2380be20-41f7-c6da-9826-a89e44675606" executionId="31b989c1-4522-40ee-b646-c08c7e2b9070" testListId="8c84fa94-04c1-424b-9868-57a2d4851a1d" />
    <TestEntry testId="a9bbc647-8803-5dec-658a-7c77db2afa36" executionId="f99e8bbb-bfe7-4f22-9aa5-67a8c2e95818" testListId="8c84fa94-04c1-424b-9868-57a2d4851a1d" />
    <TestEntry testId="dacf0d9f-52f8-cc00-236f-2f32d31c4af3" executionId="47d518e4-6145-4751-899e-4b656cbfe8a7" testListId="8c84fa94-04c1-424b-9868-57a2d4851a1d" />
    <TestEntry testId="2fee1618-453a-fb22-e956-2fd9d457aed7" executionId="c5606bcd-93ad-4675-ba94-66592db46e8f" testListId="8c84fa94-04c1-424b-9868-57a2d4851a1d" />
    <TestEntry testId="bfd61319-6402-4aa3-c4c0-19c24cf3e257" executionId="9770796d-c113-4a6f-a3e9-4627429b1812" testListId="8c84fa94-04c1-424b-9868-57a2d4851a1d" />
    <TestEntry testId="f42e09b5-b678-0ad4-c320-b008feb744b6" executionId="1fdda699-f285-420b-941f-591edaacfc0f" testListId="8c84fa94-04c1-424b-9868-57a2d4851a1d" />
    <TestEntry testId="786286bb-adde-af71-f91d-9110424a9ef6" executionId="9e16c904-bc56-4f77-9ff1-bb9db2dacf31" testListId="8c84fa94-04c1-424b-9868-57a2d4851a1d" />
    <TestEntry testId="1bc68377-98f3-3224-550a-3a1f98831502" executionId="99235d15-76b5-4f6d-8d1c-d58f0c3b5a98" testListId="8c84fa94-04c1-424b-9868-57a2d4851a1d" />
    <TestEntry testId="63eafbb5-a30b-37a9-e05f-fe5729a00075" executionId="c64ca8ef-b4ec-4794-9e29-12c6ac4ba26a" testListId="8c84fa94-04c1-424b-9868-57a2d4851a1d" />
    <TestEntry testId="ab4d4b6f-92a9-ebf0-6ec0-d3699092cfc4" executionId="c2068534-6088-4239-bfae-e850c59bdfea" testListId="8c84fa94-04c1-424b-9868-57a2d4851a1d" />
    <TestEntry testId="316b5766-01a4-b945-df1a-1d07ac1dfded" executionId="ede02d5c-ffe9-4f64-b6eb-d936a316501a" testListId="8c84fa94-04c1-424b-9868-57a2d4851a1d" />
    <TestEntry testId="ef813fb4-1132-cb92-7e68-0c9ef045b6b7" executionId="2f3adffd-c413-4be2-898f-529b837daca4" testListId="8c84fa94-04c1-424b-9868-57a2d4851a1d" />
    <TestEntry testId="e1fbd4f1-6ade-f24b-317f-6dbbbf27c5fc" executionId="0a7680ec-638a-433b-9f9f-3a145041338a" testListId="8c84fa94-04c1-424b-9868-57a2d4851a1d" />
    <TestEntry testId="afa476e6-1342-0de1-8963-ea8bca4835e6" executionId="01a39767-4533-4311-86ca-44c0d9d9f91a" testListId="8c84fa94-04c1-424b-9868-57a2d4851a1d" />
    <TestEntry testId="759df637-d080-ef7c-66ad-cd6f487477c1" executionId="9ab15d3f-5725-44ee-a5f5-a2bae30c94c8" testListId="8c84fa94-04c1-424b-9868-57a2d4851a1d" />
    <TestEntry testId="648e89fa-b178-023e-6b9f-b12e893716da" executionId="6f557604-d351-41d7-9383-e51133c1e4d3" testListId="8c84fa94-04c1-424b-9868-57a2d4851a1d" />
    <TestEntry testId="d524aa03-b550-0e62-e27b-5731e05d725f" executionId="bb9787a5-d0a1-463b-a6a8-4f469a40fcb3" testListId="8c84fa94-04c1-424b-9868-57a2d4851a1d" />
    <TestEntry testId="c2cbe4b9-6d25-c7b6-4d02-96a009247a6c" executionId="486f8bbf-dd75-483e-b7c3-324593be7b66" testListId="8c84fa94-04c1-424b-9868-57a2d4851a1d" />
    <TestEntry testId="d13cbe31-bcad-db2e-a448-21033afe455a" executionId="35629144-ea41-49ca-b853-506b02eaf191" testListId="8c84fa94-04c1-424b-9868-57a2d4851a1d" />
    <TestEntry testId="c7997c4b-1968-3efe-299c-4efc84561103" executionId="951c8f92-80e4-40af-831d-9cb737128657" testListId="8c84fa94-04c1-424b-9868-57a2d4851a1d" />
    <TestEntry testId="b62b63b9-c5d3-6cc0-d782-e31396d5ce04" executionId="ad94baec-2fc0-40c0-95ab-7d6f873cdfca" testListId="8c84fa94-04c1-424b-9868-57a2d4851a1d" />
    <TestEntry testId="774d74ba-1e67-8ec3-332f-9829923cf51e" executionId="37b8c66e-8e9e-44a4-bbea-70d37fb36ee3" testListId="8c84fa94-04c1-424b-9868-57a2d4851a1d" />
    <TestEntry testId="ec71cdc8-6d39-61b9-df7b-72c26b499840" executionId="464c6607-2856-4934-8b8f-cb1037f0f4d0" testListId="8c84fa94-04c1-424b-9868-57a2d4851a1d" />
    <TestEntry testId="5f5e4331-0572-1805-5a29-0eb08c589e03" executionId="c179ac8d-b455-43ce-99d0-dad8c3ad3c80" testListId="8c84fa94-04c1-424b-9868-57a2d4851a1d" />
    <TestEntry testId="bda4512a-560a-88ee-9564-f3548aca2761" executionId="fb274c7d-33a5-4d16-9fdd-e18c8cabe8cb" testListId="8c84fa94-04c1-424b-9868-57a2d4851a1d" />
    <TestEntry testId="b633bbb8-7807-8b62-d736-2bf19ee15db3" executionId="ab02cf82-2e24-4cdb-ae59-77a4cdde43fa" testListId="8c84fa94-04c1-424b-9868-57a2d4851a1d" />
    <TestEntry testId="e7afe76e-2983-511f-53e6-ec72c360fd06" executionId="398b283f-c89d-42f5-a694-554991adb70f" testListId="8c84fa94-04c1-424b-9868-57a2d4851a1d" />
    <TestEntry testId="8efef518-8988-e3e1-bb3e-361f08b825e5" executionId="45bea41c-2fc5-42d4-9385-c65cb4021067" testListId="8c84fa94-04c1-424b-9868-57a2d4851a1d" />
    <TestEntry testId="d46fc4ee-0150-cded-8fbb-ceb1d2e0e4ba" executionId="97e14176-d265-442e-83d9-cb8e13d4b678" testListId="8c84fa94-04c1-424b-9868-57a2d4851a1d" />
    <TestEntry testId="746cb85e-f2f9-7142-6ace-897f39374f35" executionId="71a3f379-61e9-42ed-91a3-f867f5971d5b" testListId="8c84fa94-04c1-424b-9868-57a2d4851a1d" />
    <TestEntry testId="ba4d86c4-e56e-4feb-035c-05a39221e7db" executionId="74139eae-b594-49bb-b0eb-c8648316f2cb" testListId="8c84fa94-04c1-424b-9868-57a2d4851a1d" />
    <TestEntry testId="d6ac2798-6340-adbf-8a06-ec62221e80fa" executionId="ae6b9206-0c40-4deb-a5a2-30e120ca5033" testListId="8c84fa94-04c1-424b-9868-57a2d4851a1d" />
    <TestEntry testId="f6814e48-0b49-81a9-5412-aa1c3ac48e00" executionId="b4c14750-bca2-4211-ae98-85b515d7edc9" testListId="8c84fa94-04c1-424b-9868-57a2d4851a1d" />
    <TestEntry testId="7aba6d95-cdac-4d3b-fc1e-d345b65a933b" executionId="02ac5a62-1ba2-4be2-92ab-4bf9b7de589f" testListId="8c84fa94-04c1-424b-9868-57a2d4851a1d" />
    <TestEntry testId="575383ac-a422-d1e5-3903-2da7ffd1b577" executionId="9825acd7-0f07-4e6b-ab15-4689df251af3" testListId="8c84fa94-04c1-424b-9868-57a2d4851a1d" />
    <TestEntry testId="6bc5c69f-1e35-1dda-027a-3965f2238887" executionId="6c45fc55-2ec5-453b-b01b-a6caa1461f26" testListId="8c84fa94-04c1-424b-9868-57a2d4851a1d" />
    <TestEntry testId="825a0899-f60c-7747-10dc-edf9d745369b" executionId="6bfacef0-67f9-4470-8fbe-91825e69f4f7" testListId="8c84fa94-04c1-424b-9868-57a2d4851a1d" />
    <TestEntry testId="5359d170-82fa-d8d2-2f92-97bc053dca0c" executionId="680755e4-2ca8-4883-96b3-91c569c40deb" testListId="8c84fa94-04c1-424b-9868-57a2d4851a1d" />
    <TestEntry testId="af91bfef-d9e3-90f4-bf1f-8322352913ff" executionId="acd26acd-d1ba-4c64-b95b-419f30d62547" testListId="8c84fa94-04c1-424b-9868-57a2d4851a1d" />
    <TestEntry testId="d1ecf483-dfd0-e8fd-412c-75343e5fd3e3" executionId="225e7f7d-b525-49b5-90d4-3cc9dc3c4b36" testListId="8c84fa94-04c1-424b-9868-57a2d4851a1d" />
    <TestEntry testId="3ee85549-4ce4-91ac-066d-ba1d997fe556" executionId="22e963d7-4d4d-4414-9efb-8753094426d4" testListId="8c84fa94-04c1-424b-9868-57a2d4851a1d" />
    <TestEntry testId="cc32e9a5-f3b4-24bc-d94d-c130daf26cd8" executionId="5f67e5cf-8417-4feb-bf6b-e4c87034fba4" testListId="8c84fa94-04c1-424b-9868-57a2d4851a1d" />
    <TestEntry testId="fc84e8aa-81c3-13b2-161d-42cbb3024667" executionId="d293e5ca-e8a6-4e47-bf01-1208f48b358b" testListId="8c84fa94-04c1-424b-9868-57a2d4851a1d" />
    <TestEntry testId="7a415512-eeeb-ad04-a0c8-c1821ba3a362" executionId="22f9dace-cae0-43d5-be81-09048284c04c" testListId="8c84fa94-04c1-424b-9868-57a2d4851a1d" />
    <TestEntry testId="84bddd7b-5fca-ad7f-6631-caa1dc730eca" executionId="8fe71ea1-ee92-4c9c-97ab-f3523e731cd9" testListId="8c84fa94-04c1-424b-9868-57a2d4851a1d" />
    <TestEntry testId="ae3acead-7ea4-7542-c915-3fc15e2059df" executionId="12669f93-ac32-4600-a2ef-76f3b03fe1c9" testListId="8c84fa94-04c1-424b-9868-57a2d4851a1d" />
    <TestEntry testId="deff2b50-b04e-659a-fcb1-aacff92daa42" executionId="51d81c7d-3771-45d3-8391-005b7caeb4a9" testListId="8c84fa94-04c1-424b-9868-57a2d4851a1d" />
    <TestEntry testId="a5cee8d5-e1e7-16a2-597a-8c6cbc2b8be8" executionId="4a23318e-4a61-4a71-8e00-2ceb2d63d5e4" testListId="8c84fa94-04c1-424b-9868-57a2d4851a1d" />
    <TestEntry testId="1c403746-be59-cc80-edd6-df5abff6ba7c" executionId="fbea82cb-70e9-419f-bf5c-911c0f1a9bfe" testListId="8c84fa94-04c1-424b-9868-57a2d4851a1d" />
    <TestEntry testId="69d6d1aa-b426-63fd-4c85-4eac53250980" executionId="8fdb041b-95e4-4964-8825-1737b0a13554" testListId="8c84fa94-04c1-424b-9868-57a2d4851a1d" />
    <TestEntry testId="7fcfcc39-66f5-e59a-53bb-ab760b3d7c57" executionId="b57690b2-5c29-4510-8c3b-c26546de7855" testListId="8c84fa94-04c1-424b-9868-57a2d4851a1d" />
    <TestEntry testId="28045bfa-47ed-87ca-6372-8605f4955481" executionId="e4e60697-f425-47b4-8b57-ea7a99ee1fa9" testListId="8c84fa94-04c1-424b-9868-57a2d4851a1d" />
    <TestEntry testId="d53958d2-43f2-2735-e5ae-d7816cb1d7fe" executionId="66d7e697-2ea1-441a-a9d5-59d22d7038e0" testListId="8c84fa94-04c1-424b-9868-57a2d4851a1d" />
    <TestEntry testId="857822b1-329a-f930-8301-df5e8ea2e201" executionId="b6c75ae2-cb06-4169-b1c9-21c74403788c" testListId="8c84fa94-04c1-424b-9868-57a2d4851a1d" />
    <TestEntry testId="9185c476-4564-e810-71de-61b0e9db2619" executionId="bfcb8b43-96f5-4ac2-a6df-79862e13fdff" testListId="8c84fa94-04c1-424b-9868-57a2d4851a1d" />
    <TestEntry testId="bc8ea8d6-fb65-1feb-f863-faba4dee9ab0" executionId="b75ced7d-4f75-43ea-bde3-fc6c3ff0a149" testListId="8c84fa94-04c1-424b-9868-57a2d4851a1d" />
    <TestEntry testId="8a8a6eda-4d8a-889d-ad1c-f38fbb6735aa" executionId="0c58b36f-646d-4049-bec4-d6e3672db842" testListId="8c84fa94-04c1-424b-9868-57a2d4851a1d" />
    <TestEntry testId="d17c6ea2-3ca4-386f-c6e7-4b216cf89dd5" executionId="a7bdb49e-f190-4fd6-858e-fffc85bcdd53" testListId="8c84fa94-04c1-424b-9868-57a2d4851a1d" />
    <TestEntry testId="066ac360-3a3d-3874-ff81-64082362c1d3" executionId="2d634af0-49b9-447a-900f-eb612db32f1a" testListId="8c84fa94-04c1-424b-9868-57a2d4851a1d" />
    <TestEntry testId="fa553d2f-b63a-f0b3-b6be-024acfc3c3aa" executionId="e2fb00e0-8737-4d53-8977-9129f03f60f2" testListId="8c84fa94-04c1-424b-9868-57a2d4851a1d" />
    <TestEntry testId="0f77d0ed-59fb-971b-4d70-0677c148fa79" executionId="4aa0cbc4-b723-4bd6-bf09-ed5de19bff30" testListId="8c84fa94-04c1-424b-9868-57a2d4851a1d" />
    <TestEntry testId="600d902f-724e-255d-709d-fa76d1ec6f96" executionId="cdb67bcd-763b-4614-a170-220ed476611e" testListId="8c84fa94-04c1-424b-9868-57a2d4851a1d" />
    <TestEntry testId="897198c2-e013-2fdc-4de0-ccbd44dab1f1" executionId="993c7bb1-b12f-4b2d-afdc-a0f5e33a8edd" testListId="8c84fa94-04c1-424b-9868-57a2d4851a1d" />
    <TestEntry testId="c7e17ebe-07f3-5913-71e6-f1c4a943136f" executionId="b7069385-f8f5-4011-be18-b9cda6b8bfb8" testListId="8c84fa94-04c1-424b-9868-57a2d4851a1d" />
    <TestEntry testId="85ef8df4-ffb7-1be1-f178-87b114e78a0e" executionId="2d52a86d-8e80-44cc-b331-9e02b4ba8efb" testListId="8c84fa94-04c1-424b-9868-57a2d4851a1d" />
    <TestEntry testId="1625b824-bf75-ff81-2ccc-b11736dbaaf3" executionId="962b6ace-bb30-4012-8a27-bfb88dcd255a" testListId="8c84fa94-04c1-424b-9868-57a2d4851a1d" />
    <TestEntry testId="dc6251cd-01f9-1cce-a502-df54ce71eba2" executionId="66c9a44b-75c8-49ce-bf07-9c38a2ec837a" testListId="8c84fa94-04c1-424b-9868-57a2d4851a1d" />
    <TestEntry testId="9d96fc0c-9e6a-e1a0-d1d3-66ca4463738d" executionId="a5a93840-6158-448c-acca-2de1b1e06d37" testListId="8c84fa94-04c1-424b-9868-57a2d4851a1d" />
  </TestEntries>
  <TestLists>
    <TestList name="列表中未列出的结果" id="8c84fa94-04c1-424b-9868-57a2d4851a1d" />
    <TestList name="所有已加载的结果" id="19431567-8539-422a-85d7-44ee4e166bda" />
  </TestLists>
  <ResultSummary outcome="Failed">
    <Counters total="77" executed="74" passed="71" failed="3" error="0" timeout="0" aborted="0" inconclusive="0" passedButRunAborted="0" notRunnable="0" notExecuted="0" disconnected="0" warning="0" completed="0" inProgress="0" pending="0" />
    <Output>
      <StdOut>[xUnit.net 00:00:00.00] xUnit.net VSTest Adapter v2.5.3.1+6b60a9e56a (64-bit .NET 8.0.19)&#xD;
[xUnit.net 00:00:00.41]   Discovering: SystemMonitor.Tests&#xD;
[xUnit.net 00:00:00.54]   Discovered:  SystemMonitor.Tests&#xD;
[xUnit.net 00:00:00.55]   Starting:    SystemMonitor.Tests&#xD;
[xUnit.net 00:00:53.87]       expected &gt;=20 successful snapshots, ok=1, err=0&#xD;
[xUnit.net 00:00:53.88]       Stack Trace:&#xD;
[xUnit.net 00:00:53.88]         C:\code\sys-sensor-v3\src\SystemMonitor.Tests\StabilityTests.cs(236,0): at SystemMonitor.Tests.StabilityTests.HighFrequency_Snapshot_Loop_Is_Stable_For_Short_Window()&#xD;
[xUnit.net 00:00:53.88]         --- End of stack trace from previous location ---&#xD;
[xUnit.net 00:00:56.41]       非 M1：后续里程碑接口&#xD;
在测试运行中跳过测试“SystemMonitor.Tests.ContractTests.SetLogLevel_Request_Serializes_To_SnakeCase”。&#xD;
[xUnit.net 00:00:56.44]       非 M1：后续里程碑接口&#xD;
[xUnit.net 00:00:56.44]       非 M1：后续里程碑接口&#xD;
在测试运行中跳过测试“SystemMonitor.Tests.ContractTests.UpdateApply_Request_Serializes_To_SnakeCase”。&#xD;
在测试运行中跳过测试“SystemMonitor.Tests.ContractTests.UpdateCheck_Request_Serializes_To_SnakeCase”。&#xD;
[test][pipe-wait] last-win32=2 elapsed=0.0s&#xD;
[test][pipe-wait] last-win32=2 elapsed=0.2s&#xD;
[svc][out] 正在生成...&#xD;
[test][pipe-wait] last-win32=2 elapsed=0.5s&#xD;
[test][pipe-wait] last-win32=2 elapsed=0.7s&#xD;
[test][pipe-wait] last-win32=2 elapsed=0.9s&#xD;
[test][pipe-wait] last-win32=2 elapsed=1.1s&#xD;
[test][pipe-wait] last-win32=2 elapsed=1.4s&#xD;
[test][pipe-wait] last-win32=2 elapsed=1.6s&#xD;
[test][pipe-wait] last-win32=2 elapsed=1.8s&#xD;
[test][pipe-wait] last-win32=2 elapsed=2.0s&#xD;
[test][pipe-wait] last-win32=2 elapsed=2.2s&#xD;
[test][pipe-wait] last-win32=2 elapsed=2.4s&#xD;
[test][pipe-wait] last-win32=2 elapsed=2.7s&#xD;
[test][pipe-wait] last-win32=2 elapsed=2.9s&#xD;
[test][pipe-wait] last-win32=2 elapsed=3.1s&#xD;
[test][pipe-wait] last-win32=2 elapsed=3.3s&#xD;
[test][pipe-wait] last-win32=2 elapsed=3.6s&#xD;
[test][pipe-wait] last-win32=2 elapsed=3.8s&#xD;
[test][pipe-wait] last-win32=2 elapsed=4.0s&#xD;
[test][pipe-wait] last-win32=2 elapsed=4.2s&#xD;
[test][pipe-wait] last-win32=2 elapsed=4.4s&#xD;
[test][pipe-wait] last-win32=2 elapsed=4.6s&#xD;
[test][pipe-wait] last-win32=2 elapsed=4.9s&#xD;
[test][pipe-wait] last-win32=2 elapsed=5.1s&#xD;
[test][pipe-wait] last-win32=2 elapsed=5.3s&#xD;
[test][pipe-wait] last-win32=2 elapsed=5.5s&#xD;
[test][pipe-wait] last-win32=2 elapsed=5.8s&#xD;
[test][pipe-wait] last-win32=2 elapsed=6.1s&#xD;
[test][pipe-wait] last-win32=2 elapsed=6.3s&#xD;
[test][pipe-wait] last-win32=2 elapsed=6.6s&#xD;
[test][pipe-wait] last-win32=2 elapsed=6.8s&#xD;
[test][pipe-wait] last-win32=2 elapsed=7.0s&#xD;
[test][pipe-wait] last-win32=2 elapsed=7.2s&#xD;
[test][pipe-wait] last-win32=2 elapsed=7.4s&#xD;
[test][pipe-wait] last-win32=2 elapsed=7.7s&#xD;
[svc][out] [BOOT] Program start&#xD;
[svc][out] [BOOT] Invoking root command...&#xD;
[svc][out] [BOOT] Host builder created&#xD;
[svc][out] [BOOT] Building host...&#xD;
[test][pipe-wait] last-win32=2 elapsed=7.9s&#xD;
[test][pipe-wait] last-win32=2 elapsed=8.1s&#xD;
[test][pipe-wait] last-win32=2 elapsed=8.3s&#xD;
[svc][out] [BOOT] Host built&#xD;
[svc][out] [SystemMonitor.Service] Running in CONSOLE mode. Use --service to run as Windows Service.&#xD;
[test][pipe-wait] last-win32=2 elapsed=8.5s&#xD;
[test][pipe-wait] last-win32=2 elapsed=8.7s&#xD;
[test][pipe-wait] last-win32=2 elapsed=8.9s&#xD;
[test][pipe-wait] last-win32=2 elapsed=0.0s&#xD;
[svc][out] 正在生成...&#xD;
[test][pipe-wait] last-win32=2 elapsed=0.2s&#xD;
[test][pipe-wait] last-win32=2 elapsed=0.5s&#xD;
[test][pipe-wait] last-win32=2 elapsed=0.7s&#xD;
[test][pipe-wait] last-win32=2 elapsed=0.9s&#xD;
[test][pipe-wait] last-win32=2 elapsed=1.1s&#xD;
[test][pipe-wait] last-win32=2 elapsed=1.3s&#xD;
[test][pipe-wait] last-win32=2 elapsed=1.5s&#xD;
[test][pipe-wait] last-win32=2 elapsed=1.7s&#xD;
[test][pipe-wait] last-win32=2 elapsed=1.9s&#xD;
[test][pipe-wait] last-win32=2 elapsed=2.2s&#xD;
[test][pipe-wait] last-win32=2 elapsed=2.4s&#xD;
[test][pipe-wait] last-win32=2 elapsed=2.6s&#xD;
[test][pipe-wait] last-win32=2 elapsed=2.8s&#xD;
[test][pipe-wait] last-win32=2 elapsed=3.0s&#xD;
[test][pipe-wait] last-win32=2 elapsed=3.2s&#xD;
[test][pipe-wait] last-win32=2 elapsed=3.4s&#xD;
[test][pipe-wait] last-win32=2 elapsed=3.7s&#xD;
[test][pipe-wait] last-win32=2 elapsed=3.9s&#xD;
[test][pipe-wait] last-win32=2 elapsed=4.1s&#xD;
[test][pipe-wait] last-win32=2 elapsed=4.3s&#xD;
[test][pipe-wait] last-win32=2 elapsed=4.5s&#xD;
[test][pipe-wait] last-win32=2 elapsed=4.7s&#xD;
[test][pipe-wait] last-win32=2 elapsed=4.9s&#xD;
[test][pipe-wait] last-win32=2 elapsed=5.2s&#xD;
[test][pipe-wait] last-win32=2 elapsed=5.5s&#xD;
[test][pipe-wait] last-win32=2 elapsed=5.7s&#xD;
[test][pipe-wait] last-win32=2 elapsed=5.9s&#xD;
[test][pipe-wait] last-win32=2 elapsed=6.1s&#xD;
[test][pipe-wait] last-win32=2 elapsed=6.4s&#xD;
[svc][out] [BOOT] Program start&#xD;
[svc][out] [BOOT] Invoking root command...&#xD;
[test][pipe-wait] last-win32=2 elapsed=6.6s&#xD;
[svc][out] [BOOT] Host builder created&#xD;
[svc][out] [BOOT] Building host...&#xD;
[test][pipe-wait] last-win32=2 elapsed=6.8s&#xD;
[test][pipe-wait] last-win32=2 elapsed=7.0s&#xD;
[test][pipe-wait] last-win32=2 elapsed=7.2s&#xD;
[svc][out] [BOOT] Host built&#xD;
[svc][out] [SystemMonitor.Service] Running in CONSOLE mode. Use --service to run as Windows Service.&#xD;
[test][pipe-wait] last-win32=2 elapsed=7.4s&#xD;
[test][pipe-wait] last-win32=2 elapsed=7.6s&#xD;
[svc][out] 正在生成...&#xD;
[test][pipe-wait] last-win32=2 elapsed=0.0s&#xD;
[test][pipe-wait] last-win32=2 elapsed=0.2s&#xD;
[test][pipe-wait] last-win32=2 elapsed=0.4s&#xD;
[test][pipe-wait] last-win32=2 elapsed=0.6s&#xD;
[test][pipe-wait] last-win32=2 elapsed=0.8s&#xD;
[test][pipe-wait] last-win32=2 elapsed=1.0s&#xD;
[test][pipe-wait] last-win32=2 elapsed=1.3s&#xD;
[test][pipe-wait] last-win32=2 elapsed=1.5s&#xD;
[test][pipe-wait] last-win32=2 elapsed=1.7s&#xD;
[test][pipe-wait] last-win32=2 elapsed=1.9s&#xD;
[test][pipe-wait] last-win32=2 elapsed=2.1s&#xD;
[test][pipe-wait] last-win32=2 elapsed=2.4s&#xD;
[test][pipe-wait] last-win32=2 elapsed=2.6s&#xD;
[test][pipe-wait] last-win32=2 elapsed=2.8s&#xD;
[test][pipe-wait] last-win32=2 elapsed=3.0s&#xD;
[test][pipe-wait] last-win32=2 elapsed=3.2s&#xD;
[test][pipe-wait] last-win32=2 elapsed=3.4s&#xD;
[test][pipe-wait] last-win32=2 elapsed=3.7s&#xD;
[test][pipe-wait] last-win32=2 elapsed=3.9s&#xD;
[test][pipe-wait] last-win32=2 elapsed=4.1s&#xD;
[test][pipe-wait] last-win32=2 elapsed=4.3s&#xD;
[test][pipe-wait] last-win32=2 elapsed=4.5s&#xD;
[test][pipe-wait] last-win32=2 elapsed=4.7s&#xD;
[test][pipe-wait] last-win32=2 elapsed=5.0s&#xD;
[test][pipe-wait] last-win32=2 elapsed=5.2s&#xD;
[test][pipe-wait] last-win32=2 elapsed=5.4s&#xD;
[test][pipe-wait] last-win32=2 elapsed=5.7s&#xD;
[test][pipe-wait] last-win32=2 elapsed=5.9s&#xD;
[test][pipe-wait] last-win32=2 elapsed=6.1s&#xD;
[test][pipe-wait] last-win32=2 elapsed=6.3s&#xD;
[svc][out] [BOOT] Program start&#xD;
[svc][out] [BOOT] Invoking root command...&#xD;
[test][pipe-wait] last-win32=2 elapsed=6.6s&#xD;
[svc][out] [BOOT] Host builder created&#xD;
[svc][out] [BOOT] Building host...&#xD;
[test][pipe-wait] last-win32=2 elapsed=6.8s&#xD;
[test][pipe-wait] last-win32=2 elapsed=7.0s&#xD;
[test][pipe-wait] last-win32=2 elapsed=7.2s&#xD;
[svc][out] [BOOT] Host built&#xD;
[svc][out] [SystemMonitor.Service] Running in CONSOLE mode. Use --service to run as Windows Service.&#xD;
[test][pipe-wait] last-win32=2 elapsed=7.4s&#xD;
[test][pipe-wait] last-win32=2 elapsed=7.7s&#xD;
[test][pipe-wait] last-win32=2 elapsed=7.9s&#xD;
[test][pipe-wait] last-win32=2 elapsed=0.0s&#xD;
[test][pipe-wait] last-win32=2 elapsed=0.2s&#xD;
[test][pipe-wait] last-win32=2 elapsed=0.5s&#xD;
[svc][out] 正在生成...&#xD;
[test][pipe-wait] last-win32=2 elapsed=0.7s&#xD;
[test][pipe-wait] last-win32=2 elapsed=1.0s&#xD;
[test][pipe-wait] last-win32=2 elapsed=1.2s&#xD;
[test][pipe-wait] last-win32=2 elapsed=1.4s&#xD;
[test][pipe-wait] last-win32=2 elapsed=1.6s&#xD;
[test][pipe-wait] last-win32=2 elapsed=1.8s&#xD;
[test][pipe-wait] last-win32=2 elapsed=2.0s&#xD;
[test][pipe-wait] last-win32=2 elapsed=2.2s&#xD;
[test][pipe-wait] last-win32=2 elapsed=2.5s&#xD;
[test][pipe-wait] last-win32=2 elapsed=2.7s&#xD;
[test][pipe-wait] last-win32=2 elapsed=2.9s&#xD;
[test][pipe-wait] last-win32=2 elapsed=3.1s&#xD;
[test][pipe-wait] last-win32=2 elapsed=3.3s&#xD;
[test][pipe-wait] last-win32=2 elapsed=3.5s&#xD;
[test][pipe-wait] last-win32=2 elapsed=3.7s&#xD;
[test][pipe-wait] last-win32=2 elapsed=3.9s&#xD;
[test][pipe-wait] last-win32=2 elapsed=4.2s&#xD;
[test][pipe-wait] last-win32=2 elapsed=4.4s&#xD;
[test][pipe-wait] last-win32=2 elapsed=4.6s&#xD;
[test][pipe-wait] last-win32=2 elapsed=4.8s&#xD;
[test][pipe-wait] last-win32=2 elapsed=5.0s&#xD;
[test][pipe-wait] last-win32=2 elapsed=5.3s&#xD;
[test][pipe-wait] last-win32=2 elapsed=5.5s&#xD;
[test][pipe-wait] last-win32=2 elapsed=5.8s&#xD;
[test][pipe-wait] last-win32=2 elapsed=6.0s&#xD;
[test][pipe-wait] last-win32=2 elapsed=6.2s&#xD;
[test][pipe-wait] last-win32=2 elapsed=6.4s&#xD;
[test][pipe-wait] last-win32=2 elapsed=6.7s&#xD;
[test][pipe-wait] last-win32=2 elapsed=6.9s&#xD;
[test][pipe-wait] last-win32=2 elapsed=7.1s&#xD;
[test][pipe-wait] last-win32=2 elapsed=7.3s&#xD;
[svc][out] [BOOT] Program start&#xD;
[svc][out] [BOOT] Invoking root command...&#xD;
[test][pipe-wait] last-win32=2 elapsed=7.5s&#xD;
[svc][out] [BOOT] Host builder created&#xD;
[svc][out] [BOOT] Building host...&#xD;
[test][pipe-wait] last-win32=2 elapsed=7.7s&#xD;
[test][pipe-wait] last-win32=2 elapsed=7.9s&#xD;
[svc][out] [BOOT] Host built&#xD;
[svc][out] [SystemMonitor.Service] Running in CONSOLE mode. Use --service to run as Windows Service.&#xD;
[test][pipe-wait] last-win32=2 elapsed=8.2s&#xD;
[test][pipe-wait] last-win32=2 elapsed=8.4s&#xD;
[test][pipe-wait] last-win32=2 elapsed=8.6s&#xD;
[test][pipe-wait] last-win32=2 elapsed=0.0s&#xD;
[test][pipe-wait] last-win32=2 elapsed=0.2s&#xD;
[svc][out] 正在生成...&#xD;
[test][pipe-wait] last-win32=2 elapsed=0.4s&#xD;
[test][pipe-wait] last-win32=2 elapsed=0.6s&#xD;
[test][pipe-wait] last-win32=2 elapsed=0.9s&#xD;
[test][pipe-wait] last-win32=2 elapsed=1.1s&#xD;
[test][pipe-wait] last-win32=2 elapsed=1.3s&#xD;
[test][pipe-wait] last-win32=2 elapsed=1.5s&#xD;
[test][pipe-wait] last-win32=2 elapsed=1.7s&#xD;
[test][pipe-wait] last-win32=2 elapsed=1.9s&#xD;
[test][pipe-wait] last-win32=2 elapsed=2.1s&#xD;
[test][pipe-wait] last-win32=2 elapsed=2.3s&#xD;
[test][pipe-wait] last-win32=2 elapsed=2.6s&#xD;
[test][pipe-wait] last-win32=2 elapsed=2.8s&#xD;
[test][pipe-wait] last-win32=2 elapsed=3.0s&#xD;
[test][pipe-wait] last-win32=2 elapsed=3.2s&#xD;
[test][pipe-wait] last-win32=2 elapsed=3.4s&#xD;
[test][pipe-wait] last-win32=2 elapsed=3.6s&#xD;
[test][pipe-wait] last-win32=2 elapsed=3.8s&#xD;
[test][pipe-wait] last-win32=2 elapsed=4.1s&#xD;
[test][pipe-wait] last-win32=2 elapsed=4.3s&#xD;
[test][pipe-wait] last-win32=2 elapsed=4.5s&#xD;
[test][pipe-wait] last-win32=2 elapsed=4.8s&#xD;
[test][pipe-wait] last-win32=2 elapsed=5.0s&#xD;
[test][pipe-wait] last-win32=2 elapsed=5.2s&#xD;
[test][pipe-wait] last-win32=2 elapsed=5.5s&#xD;
[test][pipe-wait] last-win32=2 elapsed=5.7s&#xD;
[test][pipe-wait] last-win32=2 elapsed=5.9s&#xD;
[test][pipe-wait] last-win32=2 elapsed=6.1s&#xD;
[svc][out] [BOOT] Program start&#xD;
[svc][out] [BOOT] Invoking root command...&#xD;
[svc][out] [BOOT] Host builder created&#xD;
[svc][out] [BOOT] Building host...&#xD;
[test][pipe-wait] last-win32=2 elapsed=6.3s&#xD;
[test][pipe-wait] last-win32=2 elapsed=6.5s&#xD;
[test][pipe-wait] last-win32=2 elapsed=6.7s&#xD;
[svc][out] [BOOT] Host built&#xD;
[svc][out] [SystemMonitor.Service] Running in CONSOLE mode. Use --service to run as Windows Service.&#xD;
[test][pipe-wait] last-win32=2 elapsed=7.0s&#xD;
[test][pipe-wait] last-win32=2 elapsed=7.2s&#xD;
[test][pipe-wait] last-win32=2 elapsed=7.4s&#xD;
[test][pipe-wait] last-win32=2 elapsed=0.0s&#xD;
[svc][out] 正在生成...&#xD;
[test][pipe-wait] last-win32=2 elapsed=0.2s&#xD;
[test][pipe-wait] last-win32=2 elapsed=0.4s&#xD;
[test][pipe-wait] last-win32=2 elapsed=0.7s&#xD;
[test][pipe-wait] last-win32=2 elapsed=0.9s&#xD;
[test][pipe-wait] last-win32=2 elapsed=1.1s&#xD;
[test][pipe-wait] last-win32=2 elapsed=1.3s&#xD;
[test][pipe-wait] last-win32=2 elapsed=1.5s&#xD;
[test][pipe-wait] last-win32=2 elapsed=1.7s&#xD;
[test][pipe-wait] last-win32=2 elapsed=2.0s&#xD;
[test][pipe-wait] last-win32=2 elapsed=2.2s&#xD;
[test][pipe-wait] last-win32=2 elapsed=2.4s&#xD;
[test][pipe-wait] last-win32=2 elapsed=2.6s&#xD;
[test][pipe-wait] last-win32=2 elapsed=2.9s&#xD;
[test][pipe-wait] last-win32=2 elapsed=3.1s&#xD;
[test][pipe-wait] last-win32=2 elapsed=3.3s&#xD;
[test][pipe-wait] last-win32=2 elapsed=3.5s&#xD;
[test][pipe-wait] last-win32=2 elapsed=3.7s&#xD;
[test][pipe-wait] last-win32=2 elapsed=4.0s&#xD;
[test][pipe-wait] last-win32=2 elapsed=4.2s&#xD;
[test][pipe-wait] last-win32=2 elapsed=4.4s&#xD;
[test][pipe-wait] last-win32=2 elapsed=4.6s&#xD;
[test][pipe-wait] last-win32=2 elapsed=4.8s&#xD;
[svc][out] [BOOT] Program start&#xD;
[svc][out] [BOOT] Invoking root command...&#xD;
[test][pipe-wait] last-win32=2 elapsed=5.0s&#xD;
[svc][out] [BOOT] Host builder created&#xD;
[svc][out] [BOOT] Building host...&#xD;
[test][pipe-wait] last-win32=2 elapsed=5.2s&#xD;
[test][pipe-wait] last-win32=2 elapsed=5.4s&#xD;
[test][pipe-wait] last-win32=2 elapsed=5.7s&#xD;
[svc][out] [BOOT] Host built&#xD;
[svc][out] [SystemMonitor.Service] Running in CONSOLE mode. Use --service to run as Windows Service.&#xD;
[test][pipe-wait] last-win32=2 elapsed=6.0s&#xD;
[test][pipe-wait] last-win32=2 elapsed=6.2s&#xD;
[test][pipe-wait] last-win32=2 elapsed=6.4s&#xD;
[svc][out] 正在生成...&#xD;
[test][pipe-wait] last-win32=2 elapsed=0.0s&#xD;
[test][pipe-wait] last-win32=2 elapsed=0.2s&#xD;
[test][pipe-wait] last-win32=2 elapsed=0.4s&#xD;
[test][pipe-wait] last-win32=2 elapsed=0.6s&#xD;
[test][pipe-wait] last-win32=2 elapsed=0.8s&#xD;
[test][pipe-wait] last-win32=2 elapsed=1.1s&#xD;
[test][pipe-wait] last-win32=2 elapsed=1.3s&#xD;
[test][pipe-wait] last-win32=2 elapsed=1.5s&#xD;
[test][pipe-wait] last-win32=2 elapsed=1.7s&#xD;
[test][pipe-wait] last-win32=2 elapsed=1.9s&#xD;
[test][pipe-wait] last-win32=2 elapsed=2.1s&#xD;
[test][pipe-wait] last-win32=2 elapsed=2.3s&#xD;
[test][pipe-wait] last-win32=2 elapsed=2.6s&#xD;
[test][pipe-wait] last-win32=2 elapsed=2.8s&#xD;
[test][pipe-wait] last-win32=2 elapsed=3.0s&#xD;
[test][pipe-wait] last-win32=2 elapsed=3.2s&#xD;
[test][pipe-wait] last-win32=2 elapsed=3.4s&#xD;
[test][pipe-wait] last-win32=2 elapsed=3.6s&#xD;
[test][pipe-wait] last-win32=2 elapsed=3.8s&#xD;
[test][pipe-wait] last-win32=2 elapsed=4.0s&#xD;
[test][pipe-wait] last-win32=2 elapsed=4.2s&#xD;
[test][pipe-wait] last-win32=2 elapsed=4.4s&#xD;
[svc][out] [BOOT] Program start&#xD;
[svc][out] [BOOT] Invoking root command...&#xD;
[svc][out] [BOOT] Host builder created&#xD;
[svc][out] [BOOT] Building host...&#xD;
[test][pipe-wait] last-win32=2 elapsed=4.6s&#xD;
[test][pipe-wait] last-win32=2 elapsed=4.9s&#xD;
[test][pipe-wait] last-win32=2 elapsed=5.1s&#xD;
[svc][out] [BOOT] Host built&#xD;
[svc][out] [SystemMonitor.Service] Running in CONSOLE mode. Use --service to run as Windows Service.&#xD;
[test][pipe-wait] last-win32=2 elapsed=5.3s&#xD;
[test][pipe-wait] last-win32=2 elapsed=5.5s&#xD;
[test][pipe-wait] last-win32=2 elapsed=5.7s&#xD;
[test][pipe-wait] last-win32=2 elapsed=0.0s&#xD;
[svc][out] 正在生成...&#xD;
[test][pipe-wait] last-win32=2 elapsed=0.2s&#xD;
[test][pipe-wait] last-win32=2 elapsed=0.4s&#xD;
[test][pipe-wait] last-win32=2 elapsed=0.7s&#xD;
[test][pipe-wait] last-win32=2 elapsed=0.9s&#xD;
[test][pipe-wait] last-win32=2 elapsed=1.1s&#xD;
[test][pipe-wait] last-win32=2 elapsed=1.3s&#xD;
[test][pipe-wait] last-win32=2 elapsed=1.5s&#xD;
[test][pipe-wait] last-win32=2 elapsed=1.7s&#xD;
[test][pipe-wait] last-win32=2 elapsed=1.9s&#xD;
[test][pipe-wait] last-win32=2 elapsed=2.1s&#xD;
[test][pipe-wait] last-win32=2 elapsed=2.4s&#xD;
[test][pipe-wait] last-win32=2 elapsed=2.6s&#xD;
[test][pipe-wait] last-win32=2 elapsed=2.8s&#xD;
[test][pipe-wait] last-win32=2 elapsed=3.1s&#xD;
[test][pipe-wait] last-win32=2 elapsed=3.3s&#xD;
[test][pipe-wait] last-win32=2 elapsed=3.6s&#xD;
[test][pipe-wait] last-win32=2 elapsed=3.8s&#xD;
[test][pipe-wait] last-win32=2 elapsed=4.0s&#xD;
[test][pipe-wait] last-win32=2 elapsed=4.2s&#xD;
[test][pipe-wait] last-win32=2 elapsed=4.4s&#xD;
[test][pipe-wait] last-win32=2 elapsed=4.7s&#xD;
[test][pipe-wait] last-win32=2 elapsed=4.9s&#xD;
[test][pipe-wait] last-win32=2 elapsed=5.1s&#xD;
[test][pipe-wait] last-win32=2 elapsed=5.3s&#xD;
[test][pipe-wait] last-win32=2 elapsed=5.5s&#xD;
[test][pipe-wait] last-win32=2 elapsed=5.7s&#xD;
[svc][out] [BOOT] Program start&#xD;
[svc][out] [BOOT] Invoking root command...&#xD;
[svc][out] [BOOT] Host builder created&#xD;
[svc][out] [BOOT] Building host...&#xD;
[test][pipe-wait] last-win32=2 elapsed=5.9s&#xD;
[test][pipe-wait] last-win32=2 elapsed=6.2s&#xD;
[test][pipe-wait] last-win32=2 elapsed=6.4s&#xD;
[svc][out] [BOOT] Host built&#xD;
[svc][out] [SystemMonitor.Service] Running in CONSOLE mode. Use --service to run as Windows Service.&#xD;
[test][pipe-wait] last-win32=2 elapsed=6.6s&#xD;
[test][pipe-wait] last-win32=2 elapsed=6.8s&#xD;
[test][pipe-wait] last-win32=2 elapsed=7.0s&#xD;
[xUnit.net 00:02:39.32]       expected &gt;=3 during burst (target &gt;=4), got 0&#xD;
[xUnit.net 00:02:39.32]       Stack Trace:&#xD;
[xUnit.net 00:02:39.32]         C:\code\sys-sensor-v3\src\SystemMonitor.Tests\EndToEndTests.cs(602,0): at SystemMonitor.Tests.EndToEndTests.Metrics_Throttle_Burst_Recovery_Works()&#xD;
[xUnit.net 00:02:39.32]         --- End of stack trace from previous location ---&#xD;
[test][pipe-wait] last-win32=2 elapsed=0.0s&#xD;
[svc][out] 正在生成...&#xD;
[test][pipe-wait] last-win32=2 elapsed=0.2s&#xD;
[test][pipe-wait] last-win32=2 elapsed=0.4s&#xD;
[test][pipe-wait] last-win32=2 elapsed=0.6s&#xD;
[test][pipe-wait] last-win32=2 elapsed=0.8s&#xD;
[test][pipe-wait] last-win32=2 elapsed=1.0s&#xD;
[test][pipe-wait] last-win32=2 elapsed=1.3s&#xD;
[test][pipe-wait] last-win32=2 elapsed=1.5s&#xD;
[test][pipe-wait] last-win32=2 elapsed=1.7s&#xD;
[test][pipe-wait] last-win32=2 elapsed=1.9s&#xD;
[test][pipe-wait] last-win32=2 elapsed=2.2s&#xD;
[test][pipe-wait] last-win32=2 elapsed=2.4s&#xD;
[test][pipe-wait] last-win32=2 elapsed=2.7s&#xD;
[test][pipe-wait] last-win32=2 elapsed=2.9s&#xD;
[test][pipe-wait] last-win32=2 elapsed=3.1s&#xD;
[test][pipe-wait] last-win32=2 elapsed=3.4s&#xD;
[test][pipe-wait] last-win32=2 elapsed=3.6s&#xD;
[test][pipe-wait] last-win32=2 elapsed=3.8s&#xD;
[test][pipe-wait] last-win32=2 elapsed=4.0s&#xD;
[test][pipe-wait] last-win32=2 elapsed=4.2s&#xD;
[test][pipe-wait] last-win32=2 elapsed=4.5s&#xD;
[test][pipe-wait] last-win32=2 elapsed=4.8s&#xD;
[test][pipe-wait] last-win32=2 elapsed=5.0s&#xD;
[test][pipe-wait] last-win32=2 elapsed=5.2s&#xD;
[test][pipe-wait] last-win32=2 elapsed=5.4s&#xD;
[test][pipe-wait] last-win32=2 elapsed=5.6s&#xD;
[test][pipe-wait] last-win32=2 elapsed=5.8s&#xD;
[test][pipe-wait] last-win32=2 elapsed=6.0s&#xD;
[svc][out] [BOOT] Program start&#xD;
[svc][out] [BOOT] Invoking root command...&#xD;
[svc][out] [BOOT] Host builder created&#xD;
[svc][out] [BOOT] Building host...&#xD;
[test][pipe-wait] last-win32=2 elapsed=6.2s&#xD;
[test][pipe-wait] last-win32=2 elapsed=6.4s&#xD;
[test][pipe-wait] last-win32=2 elapsed=6.6s&#xD;
[svc][out] [BOOT] Host built&#xD;
[svc][out] [SystemMonitor.Service] Running in CONSOLE mode. Use --service to run as Windows Service.&#xD;
[test][pipe-wait] last-win32=2 elapsed=6.8s&#xD;
[test][pipe-wait] last-win32=2 elapsed=7.1s&#xD;
[svc][out] 正在生成...&#xD;
[test][pipe-wait] last-win32=2 elapsed=0.0s&#xD;
[test][pipe-wait] last-win32=2 elapsed=0.2s&#xD;
[test][pipe-wait] last-win32=2 elapsed=0.4s&#xD;
[test][pipe-wait] last-win32=2 elapsed=0.6s&#xD;
[test][pipe-wait] last-win32=2 elapsed=0.8s&#xD;
[test][pipe-wait] last-win32=2 elapsed=1.1s&#xD;
[test][pipe-wait] last-win32=2 elapsed=1.3s&#xD;
[test][pipe-wait] last-win32=2 elapsed=1.5s&#xD;
[test][pipe-wait] last-win32=2 elapsed=1.7s&#xD;
[test][pipe-wait] last-win32=2 elapsed=1.9s&#xD;
[test][pipe-wait] last-win32=2 elapsed=2.1s&#xD;
[test][pipe-wait] last-win32=2 elapsed=2.3s&#xD;
[test][pipe-wait] last-win32=2 elapsed=2.5s&#xD;
[test][pipe-wait] last-win32=2 elapsed=2.8s&#xD;
[test][pipe-wait] last-win32=2 elapsed=3.0s&#xD;
[test][pipe-wait] last-win32=2 elapsed=3.2s&#xD;
[test][pipe-wait] last-win32=2 elapsed=3.4s&#xD;
[svc][out] [BOOT] Program start&#xD;
[svc][out] [BOOT] Invoking root command...&#xD;
[svc][out] [BOOT] Host builder created&#xD;
[svc][out] [BOOT] Building host...&#xD;
[test][pipe-wait] last-win32=2 elapsed=3.6s&#xD;
[test][pipe-wait] last-win32=2 elapsed=3.8s&#xD;
[svc][out] [BOOT] Host built&#xD;
[svc][out] [SystemMonitor.Service] Running in CONSOLE mode. Use --service to run as Windows Service.&#xD;
[test][pipe-wait] last-win32=2 elapsed=4.1s&#xD;
[test][pipe-wait] last-win32=2 elapsed=4.3s&#xD;
[test][pipe-wait] last-win32=2 elapsed=4.5s&#xD;
[test][pipe-wait] last-win32=2 elapsed=0.0s&#xD;
[test][pipe-wait] last-win32=2 elapsed=0.2s&#xD;
[svc][out] 正在生成...&#xD;
[test][pipe-wait] last-win32=2 elapsed=0.4s&#xD;
[test][pipe-wait] last-win32=2 elapsed=0.6s&#xD;
[test][pipe-wait] last-win32=2 elapsed=0.9s&#xD;
[test][pipe-wait] last-win32=2 elapsed=1.1s&#xD;
[test][pipe-wait] last-win32=2 elapsed=1.3s&#xD;
[test][pipe-wait] last-win32=2 elapsed=1.5s&#xD;
[test][pipe-wait] last-win32=2 elapsed=1.7s&#xD;
[test][pipe-wait] last-win32=2 elapsed=1.9s&#xD;
[test][pipe-wait] last-win32=2 elapsed=2.1s&#xD;
[test][pipe-wait] last-win32=2 elapsed=2.3s&#xD;
[test][pipe-wait] last-win32=2 elapsed=2.5s&#xD;
[test][pipe-wait] last-win32=2 elapsed=2.7s&#xD;
[test][pipe-wait] last-win32=2 elapsed=3.0s&#xD;
[test][pipe-wait] last-win32=2 elapsed=3.2s&#xD;
[test][pipe-wait] last-win32=2 elapsed=3.4s&#xD;
[test][pipe-wait] last-win32=2 elapsed=3.6s&#xD;
[svc][out] [BOOT] Program start&#xD;
[svc][out] [BOOT] Invoking root command...&#xD;
[svc][out] [BOOT] Host builder created&#xD;
[svc][out] [BOOT] Building host...&#xD;
[test][pipe-wait] last-win32=2 elapsed=3.8s&#xD;
[test][pipe-wait] last-win32=2 elapsed=4.0s&#xD;
[test][pipe-wait] last-win32=2 elapsed=4.2s&#xD;
[svc][out] [BOOT] Host built&#xD;
[svc][out] [SystemMonitor.Service] Running in CONSOLE mode. Use --service to run as Windows Service.&#xD;
[test][pipe-wait] last-win32=2 elapsed=4.5s&#xD;
[test][pipe-wait] last-win32=2 elapsed=4.7s&#xD;
[svc][out] 正在生成...&#xD;
[test][pipe-wait] last-win32=2 elapsed=0.0s&#xD;
[test][pipe-wait] last-win32=2 elapsed=0.2s&#xD;
[test][pipe-wait] last-win32=2 elapsed=0.4s&#xD;
[test][pipe-wait] last-win32=2 elapsed=0.6s&#xD;
[test][pipe-wait] last-win32=2 elapsed=0.8s&#xD;
[test][pipe-wait] last-win32=2 elapsed=1.1s&#xD;
[test][pipe-wait] last-win32=2 elapsed=1.3s&#xD;
[test][pipe-wait] last-win32=2 elapsed=1.5s&#xD;
[test][pipe-wait] last-win32=2 elapsed=1.7s&#xD;
[test][pipe-wait] last-win32=2 elapsed=1.9s&#xD;
[xUnit.net 00:03:02.38]       System.InvalidOperationException : Service exited while waiting for pipe. Code=1. Tail:
[svc][out] 姝ｅ湪鐢熸垚...
[file-log-tail]
2025-08-25 05:01:15.180 +08:00 [INF] DESKTOP-J6M8022 49336/8 SystemMonitor.Service.Services.RpcHostedService [startup] 命名管道已创建，等待客户端连接…&#xD;
[xUnit.net 00:03:02.38]       2025-08-25 05:01:15.268 +08:00 [INF] DESKTOP-J6M8022 49336/12 SystemMonitor.Service.Services.RpcHostedService [startup] 接受到一个客户端连接&#xD;
[xUnit.net 00:03:02.38]       2025-08-25 05:01:15.269 +08:00 [INF] DESKTOP-J6M8022 49336/12 SystemMonitor.Service.Services.RpcHostedService 客户端已连接&#xD;
[xUnit.net 00:03:02.38]       2025-08-25 05:01:15.269 +08:00 [INF] DESKTOP-J6M8022 49336/12 SystemMonitor.Service.Services.RpcHostedService 客户端会话建立: conn="09511daf-1ee3-41bf-8de3-eb8dbf96cec5"&#xD;
[xUnit.net 00:03:02.38]       2025-08-25 05:01:15.269 +08:00 [INF] DESKTOP-J6M8022 49336/12 SystemMonitor.Service.Services.RpcHostedService [startup] 创建命名管道实例&#xD;
[xUnit.net 00:03:02.38]       2025-08-25 05:01:15.270 +08:00 [INF] DESKTOP-J6M8022 49336/12 SystemMonitor.Service.Services.RpcHostedService [startup] 命名管道已创建，等待客户端连接…&#xD;
[xUnit.net 00:03:02.38]       2025-08-25 05:01:15.629 +08:00 [INF] DESKTOP-J6M8022 49336/6 SystemMonitor.Service.Worker Worker running at: "2025-08-25T05:01:15.6288710+08:00"&#xD;
[xUnit.net 00:03:02.38]       2025-08-25 05:01:15.645 +08:00 [INF] DESKTOP-J6M8022 49336/6 SystemMonitor.Service.Services.RpcHostedService 客户端断开：已达到流的结尾。 conn="09511daf-1ee3-41bf-8de3-eb8dbf96cec5"&#xD;
[xUnit.net 00:03:02.38]       2025-08-25 05:01:15.859 +08:00 [INF] DESKTOP-J6M8022 49336/6 SystemMonitor.Service.Services.RpcHostedService [startup] 接受到一个客户端连接&#xD;
[xUnit.net 00:03:02.38]       2025-08-25 05:01:15.860 +08:00 [INF] DESKTOP-J6M8022 49336/6 SystemMonitor.Service.Services.RpcHostedService 客户端已连接&#xD;
[xUnit.net 00:03:02.38]       2025-08-25 05:01:15.860 +08:00 [INF] DESKTOP-J6M8022 49336/6 SystemMonitor.Service.Services.RpcHostedService 客户端会话建立: conn="7461ab18-84f3-4934-af59-acd200243bc0"&#xD;
[xUnit.net 00:03:02.38]       2025-08-25 05:01:15.860 +08:00 [INF] DESKTOP-J6M8022 49336/6 SystemMonitor.Service.Services.RpcHostedService [startup] 创建命名管道实例&#xD;
[xUnit.net 00:03:02.38]       2025-08-25 05:01:15.863 +08:00 [INF] DESKTOP-J6M8022 49336/6 SystemMonitor.Service.Services.RpcHostedService [startup] 命名管道已创建，等待客户端连接…&#xD;
[xUnit.net 00:03:02.38]       2025-08-25 05:01:18.056 +08:00 [INF] DESKTOP-J6M8022 49336/9 SystemMonitor.Service.Worker Worker running at: "2025-08-25T05:01:18.0564353+08:00"&#xD;
[xUnit.net 00:03:02.38]       2025-08-25 05:01:18.082 +08:00 [INF] DESKTOP-J6M8022 49336/15 SystemMonitor.Service.Services.RpcHostedService hello: app=tauri-bridge proto=1 caps=[metrics_stream] conn="7461ab18-84f3-4934-af59-acd200243bc0"&#xD;
[xUnit.net 00:03:02.38]       2025-08-25 05:01:18.083 +08:00 [INF] DESKTOP-J6M8022 49336/15 SystemMonitor.Service.Services.RpcHostedService hello ok (bridge): app=tauri-bridge proto=1 caps=[metrics_stream] session_id=9391b803-9447-444f-a151-e1dea003d020 conn="7461ab18-84f3-4934-af59-acd200243bc0"&#xD;
[xUnit.net 00:03:02.38]       2025-08-25 05:01:18.129 +08:00 [INF] DESKTOP-J6M8022 49336/9 SystemMonitor.Service.Services.RpcHostedService subscribe_metrics: enable=true conn="7461ab18-84f3-4934-af59-acd200243bc0"&#xD;
[xUnit.net 00:03:02.38]       2025-08-25 05:01:18.138 +08:00 [INF] DESKTOP-J6M8022 49336/9 SystemMonitor.Service.Services.RpcHostedService subscribe_metrics: enable=true conn="7461ab18-84f3-4934-af59-acd200243bc0"&#xD;
[xUnit.net 00:03:02.38]       2025-08-25 05:01:18.418 +08:00 [INF] DESKTOP-J6M8022 49336/14 SystemMonitor.Service.Services.RpcHostedService prewarm metrics sent after hello: ts=1756069278361 conn="7461ab18-84f3-4934-af59-acd200243bc0"&#xD;
[xUnit.net 00:03:02.38]       2025-08-25 05:01:18.508 +08:00 [INF] DESKTOP-J6M8022 49336/9 SystemMonitor.Service.Services.RpcHostedService prewarm metrics sent after subscribe_metrics: ts=1756069278479 conn="7461ab18-84f3-4934-af59-acd200243bc0"&#xD;
[xUnit.net 00:03:02.38]       2025-08-25 05:01:18.595 +08:00 [INF] DESKTOP-J6M8022 49336/13 SystemMonitor.Service.Services.RpcHostedService start called, modules=cpu,mem,disk,network&#xD;
[xUnit.net 00:03:02.38]       2025-08-25 05:01:18.595 +08:00 [INF] DESKTOP-J6M8022 49336/13 SystemMonitor.Service.Services.RpcHostedService 自动启动采集模块成功&#xD;
[xUnit.net 00:03:02.38]       2025-08-25 05:01:18.629 +08:00 [INF] DESKTOP-J6M8022 49336/12 SystemMonitor.Service.Services.RpcHostedService prewarm metrics sent after subscribe_metrics: ts=1756069278479 conn="7461ab18-84f3-4934-af59-acd200243bc0"&#xD;
[xUnit.net 00:03:02.38]       2025-08-25 05:01:18.663 +08:00 [INF] DESKTOP-J6M8022 49336/8 SystemMonitor.Service.Services.RpcHostedService state emitted: phase=start reason=null&#xD;
[xUnit.net 00:03:02.38]       2025-08-25 05:01:25.292 +08:00 [INF] DESKTOP-J6M8022 4560/1 SystemMonitor.Service.Worker Worker running at: "2025-08-25T05:01:25.2509257+08:00"&#xD;
[xUnit.net 00:03:02.38]       2025-08-25 05:01:25.502 +08:00 [INF] DESKTOP-J6M8022 4560/1 SystemMonitor.Service.Services.RpcHostedService [startup] RPC HostedService 启动&#xD;
[xUnit.net 00:03:02.38]       2025-08-25 05:01:25.502 +08:00 [INF] DESKTOP-J6M8022 4560/1 SystemMonitor.Service.Services.RpcHostedService [startup] 初始化 HistoryStore 开始&#xD;
[xUnit.net 00:03:02.38]       2025-08-25 05:01:25.851 +08:00 [INF] DESKTOP-J6M8022 4560/1 SystemMonitor.Service.Services.HistoryStore HistoryStore initialized at C:\code\sys-sensor-v3\src\SystemMonitor.Service\bin\Release\net8.0\data\metrics.db&#xD;
[xUnit.net 00:03:02.38]       2025-08-25 05:01:25.855 +08:00 [INF] DESKTOP-J6M8022 4560/1 SystemMonitor.Service.Services.RpcHostedService [startup] 初始化 HistoryStore 结束，用时 352ms&#xD;
[xUnit.net 00:03:02.38]       2025-08-25 05:01:25.857 +08:00 [INF] DESKTOP-J6M8022 4560/1 SystemMonitor.Service.Services.RpcHostedService [startup] 创建命名管道实例&#xD;
[xUnit.net 00:03:02.38]       2025-08-25 05:01:25.867 +08:00 [INF] DESKTOP-J6M8022 4560/1 SystemMonitor.Service.Services.RpcHostedService [startup] 命名管道已创建，等待客户端连接…&#xD;
[xUnit.net 00:03:02.38]       2025-08-25 05:01:25.937 +08:00 [INF] DESKTOP-J6M8022 4560/9 SystemMonitor.Service.Services.RpcHostedService [startup] 接受到一个客户端连接&#xD;
[xUnit.net 00:03:02.38]       2025-08-25 05:01:25.945 +08:00 [INF] DESKTOP-J6M8022 4560/9 SystemMonitor.Service.Services.RpcHostedService 客户端已连接&#xD;
[xUnit.net 00:03:02.38]       2025-08-25 05:01:25.960 +08:00 [INF] DESKTOP-J6M8022 4560/9 SystemMonitor.Service.Services.RpcHostedService 客户端会话建立: conn="b2a843aa-c30b-4c98-9325-cd2276b54d01"&#xD;
[xUnit.net 00:03:02.38]       2025-08-25 05:01:26.032 +08:00 [INF] DESKTOP-J6M8022 4560/9 SystemMonitor.Service.Services.RpcHostedService [startup] 创建命名管道实例&#xD;
[xUnit.net 00:03:02.38]       2025-08-25 05:01:26.032 +08:00 [INF] DESKTOP-J6M8022 4560/9 SystemMonitor.Service.Services.RpcHostedService [startup] 命名管道已创建，等待客户端连接…&#xD;
[xUnit.net 00:03:02.38]       2025-08-25 05:01:26.036 +08:00 [INF] DESKTOP-J6M8022 4560/10 SystemMonitor.Service.Services.RpcHostedService [startup] 接受到一个客户端连接&#xD;
[xUnit.net 00:03:02.38]       2025-08-25 05:01:26.036 +08:00 [INF] DESKTOP-J6M8022 4560/10 SystemMonitor.Service.Services.RpcHostedService 客户端已连接&#xD;
[xUnit.net 00:03:02.38]       2025-08-25 05:01:26.036 +08:00 [INF] DESKTOP-J6M8022 4560/10 SystemMonitor.Service.Services.RpcHostedService 客户端会话建立: conn="1147dbfa-51d4-423b-bbd6-23105608b80d"&#xD;
[xUnit.net 00:03:02.38]       2025-08-25 05:01:26.038 +08:00 [INF] DESKTOP-J6M8022 4560/10 SystemMonitor.Service.Services.RpcHostedService [startup] 创建命名管道实例&#xD;
[xUnit.net 00:03:02.38]       2025-08-25 05:01:26.039 +08:00 [INF] DESKTOP-J6M8022 4560/10 SystemMonitor.Service.Services.RpcHostedService [startup] 命名管道已创建，等待客户端连接…&#xD;
[xUnit.net 00:03:02.38]       2025-08-25 05:01:26.108 +08:00 [INF] DESKTOP-J6M8022 4560/12 SystemMonitor.Service.Services.RpcHostedService [startup] 接受到一个客户端连接&#xD;
[xUnit.net 00:03:02.38]       2025-08-25 05:01:26.109 +08:00 [INF] DESKTOP-J6M8022 4560/12 SystemMonitor.Service.Services.RpcHostedService 客户端已连接&#xD;
[xUnit.net 00:03:02.38]       2025-08-25 05:01:26.109 +08:00 [INF] DESKTOP-J6M8022 4560/12 SystemMonitor.Service.Services.RpcHostedService 客户端会话建立: conn="9bc06dcc-c745-4d9c-8f7b-e793970a1a2a"&#xD;
[xUnit.net 00:03:02.38]       2025-08-25 05:01:26.109 +08:00 [INF] DESKTOP-J6M8022 4560/12 SystemMonitor.Service.Services.RpcHostedService [startup] 创建命名管道实例&#xD;
[xUnit.net 00:03:02.38]       2025-08-25 05:01:26.109 +08:00 [INF] DESKTOP-J6M8022 4560/12 SystemMonitor.Service.Services.RpcHostedService [startup] 命名管道已创建，等待客户端连接…&#xD;
[xUnit.net 00:03:02.38]       2025-08-25 05:01:26.186 +08:00 [INF] DESKTOP-J6M8022 4560/11 SystemMonitor.Service.Services.RpcHostedService hello: app=1.0.0 proto=1 caps=[metrics_stream] conn="1147dbfa-51d4-423b-bbd6-23105608b80d"&#xD;
[xUnit.net 00:03:02.38]       2025-08-25 05:01:26.187 +08:00 [INF] DESKTOP-J6M8022 4560/11 SystemMonitor.Service.Services.RpcHostedService hello ok (bridge): app=1.0.0 proto=1 caps=[metrics_stream] session_id=a7f05aa9-568d-4f94-adbf-b99d47c0dd66 conn="1147dbfa-51d4-423b-bbd6-23105608b80d"&#xD;
[xUnit.net 00:03:02.38]       2025-08-25 05:01:26.583 +08:00 [INF] DESKTOP-J6M8022 4560/9 SystemMonitor.Service.Services.RpcHostedService prewarm metrics sent after hello: ts=1756069286511 conn="1147dbfa-51d4-423b-bbd6-23105608b80d"&#xD;
[xUnit.net 00:03:02.38]       2025-08-25 05:01:28.143 +08:00 [INF] DESKTOP-J6M8022 4560/8 SystemMonitor.Service.Services.RpcHostedService [startup] 接受到一个客户端连接&#xD;
[xUnit.net 00:03:02.38]       2025-08-25 05:01:28.143 +08:00 [INF] DESKTOP-J6M8022 4560/8 SystemMonitor.Service.Services.RpcHostedService 客户端已连接&#xD;
[xUnit.net 00:03:02.38]       2025-08-25 05:01:28.143 +08:00 [INF] DESKTOP-J6M8022 4560/8 SystemMonitor.Service.Services.RpcHostedService 客户端会话建立: conn="d661b79f-9113-4e7d-ac4d-3d0f6f6f8a34"&#xD;
[xUnit.net 00:03:02.38]       2025-08-25 05:01:28.144 +08:00 [INF] DESKTOP-J6M8022 4560/8 SystemMonitor.Service.Services.RpcHostedService [startup] 创建命名管道实例&#xD;
[xUnit.net 00:03:02.38]       2025-08-25 05:01:28.144 +08:00 [INF] DESKTOP-J6M8022 4560/8 SystemMonitor.Service.Services.RpcHostedService [startup] 命名管道已创建，等待客户端连接…&#xD;
[xUnit.net 00:03:02.38]       2025-08-25 05:01:28.222 +08:00 [INF] DESKTOP-J6M8022 4560/14 SystemMonitor.Service.Worker Worker running at: "2025-08-25T05:01:28.2226676+08:00"&#xD;
[xUnit.net 00:03:02.38]       2025-08-25 05:01:28.224 +08:00 [INF] DESKTOP-J6M8022 4560/14 SystemMonitor.Service.Services.RpcHostedService start called, modules=cpu,mem,disk,network&#xD;
[xUnit.net 00:03:02.38]       2025-08-25 05:01:28.225 +08:00 [INF] DESKTOP-J6M8022 4560/14 SystemMonitor.Service.Services.RpcHostedService 自动启动采集模块成功&#xD;
[xUnit.net 00:03:02.38]       2025-08-25 05:01:28.278 +08:00 [INF] DESKTOP-J6M8022 4560/15 SystemMonitor.Service.Services.RpcHostedService 客户端断开：已达到流的结尾。 conn="b2a843aa-c30b-4c98-9325-cd2276b54d01"&#xD;
[xUnit.net 00:03:02.38]       2025-08-25 05:01:28.283 +08:00 [INF] DESKTOP-J6M8022 4560/12 SystemMonitor.Service.Services.RpcHostedService hello: app=tauri-bridge proto=1 caps=[metrics_stream] conn="d661b79f-9113-4e7d-ac4d-3d0f6f6f8a34"&#xD;
[xUnit.net 00:03:02.38]       2025-08-25 05:01:28.283 +08:00 [INF] DESKTOP-J6M8022 4560/12 SystemMonitor.Service.Services.RpcHostedService hello ok (bridge): app=tauri-bridge proto=1 caps=[metrics_stream] session_id=3621d6a1-a226-4968-8b10-7554cea330a1 conn="d661b79f-9113-4e7d-ac4d-3d0f6f6f8a34"&#xD;
[xUnit.net 00:03:02.38]       2025-08-25 05:01:28.290 +08:00 [INF] DESKTOP-J6M8022 4560/12 SystemMonitor.Service.Services.RpcHostedService state emitted: phase=start reason=null&#xD;
[xUnit.net 00:03:02.38]       2025-08-25 05:01:28.311 +08:00 [INF] DESKTOP-J6M8022 4560/15 SystemMonitor.Service.Services.RpcHostedService subscribe_metrics: enable=true conn="d661b79f-9113-4e7d-ac4d-3d0f6f6f8a34"&#xD;
[xUnit.net 00:03:02.38]       2025-08-25 05:01:28.374 +08:00 [INF] DESKTOP-J6M8022 4560/6 SystemMonitor.Service.Services.RpcHostedService subscribe_metrics: enable=true conn="d661b79f-9113-4e7d-ac4d-3d0f6f6f8a34"&#xD;
[xUnit.net 00:03:02.38]       2025-08-25 05:01:28.593 +08:00 [INF] DESKTOP-J6M8022 4560/6 SystemMonitor.Service.Services.RpcHostedService prewarm metrics sent after hello: ts=1756069288585 conn="d661b79f-9113-4e7d-ac4d-3d0f6f6f8a34"&#xD;
[xUnit.net 00:03:02.38]       2025-08-25 05:01:28.685 +08:00 [INF] DESKTOP-J6M8022 4560/15 SystemMonitor.Service.Services.RpcHostedService prewarm metrics sent after subscribe_metrics: ts=1756069288663 conn="d661b79f-9113-4e7d-ac4d-3d0f6f6f8a34"&#xD;
[xUnit.net 00:03:02.38]       2025-08-25 05:01:28.694 +08:00 [INF] DESKTOP-J6M8022 4560/11 SystemMonitor.Service.Services.RpcHostedService prewarm metrics sent after subscribe_metrics: ts=1756069288679 conn="d661b79f-9113-4e7d-ac4d-3d0f6f6f8a34"&#xD;
[xUnit.net 00:03:02.38]       2025-08-25 05:01:28.792 +08:00 [INF] DESKTOP-J6M8022 4560/11 SystemMonitor.Service.Services.RpcHostedService [startup] 接受到一个客户端连接&#xD;
[xUnit.net 00:03:02.38]       2025-08-25 05:01:28.793 +08:00 [INF] DESKTOP-J6M8022 4560/11 SystemMonitor.Service.Services.RpcHostedService 客户端已连接&#xD;
[xUnit.net 00:03:02.38]       2025-08-25 05:01:28.793 +08:00 [INF] DESKTOP-J6M8022 4560/11 SystemMonitor.Service.Services.RpcHostedService 客户端会话建立: conn="84b5468f-6a3d-414b-bf82-9f0d16333b6e"&#xD;
[xUnit.net 00:03:02.38]       2025-08-25 05:01:28.794 +08:00 [INF] DESKTOP-J6M8022 4560/11 SystemMonitor.Service.Services.RpcHostedService [startup] 创建命名管道实例&#xD;
[xUnit.net 00:03:02.38]       2025-08-25 05:01:28.794 +08:00 [INF] DESKTOP-J6M8022 4560/11 SystemMonitor.Service.Services.RpcHostedService [startup] 命名管道已创建，等待客户端连接…&#xD;
[xUnit.net 00:03:02.38]       2025-08-25 05:01:28.795 +08:00 [INF] DESKTOP-J6M8022 4560/15 SystemMonitor.Service.Services.RpcHostedService start called, modules=cpu,mem,disk,network&#xD;
[xUnit.net 00:03:02.38]       2025-08-25 05:01:28.795 +08:00 [INF] DESKTOP-J6M8022 4560/15 SystemMonitor.Service.Services.RpcHostedService 自动启动采集模块成功&#xD;
[xUnit.net 00:03:02.38]       2025-08-25 05:01:28.804 +08:00 [INF] DESKTOP-J6M8022 4560/15 SystemMonitor.Service.Services.RpcHostedService 客户端断开：已达到流的结尾。 conn="84b5468f-6a3d-414b-bf82-9f0d16333b6e"&#xD;
[xUnit.net 00:03:02.38]       2025-08-25 05:01:28.849 +08:00 [INF] DESKTOP-J6M8022 4560/15 SystemMonitor.Service.Services.RpcHostedService state emitted: phase=start reason=null&#xD;
[xUnit.net 00:03:02.38]       2025-08-25 05:01:30.775 +08:00 [INF] DESKTOP-J6M8022 4560/12 SystemMonitor.Service.Worker Worker running at: "2025-08-25T05:01:30.7755475+08:00"&#xD;
[xUnit.net 00:03:02.38]       2025-08-25 05:01:31.269 +08:00 [INF] DESKTOP-J6M8022 4560/13 SystemMonitor.Service.Services.RpcHostedService 客户端断开：已达到流的结尾。 conn="9bc06dcc-c745-4d9c-8f7b-e793970a1a2a"&#xD;
[xUnit.net 00:03:02.38]       2025-08-25 05:01:31.419 +08:00 [INF] DESKTOP-J6M8022 4560/13 SystemMonitor.Service.Services.RpcHostedService snapshot called, modules=cpu&#xD;
[xUnit.net 00:03:02.38]       2025-08-25 05:01:31.818 +08:00 [INF] DESKTOP-J6M8022 4560/8 SystemMonitor.Service.Worker Worker running at: "2025-08-25T05:01:31.8188139+08:00"&#xD;
[xUnit.net 00:03:02.38]       2025-08-25 05:01:37.834 +08:00 [INF] DESKTOP-J6M8022 34732/1 SystemMonitor.Service.Worker Worker running at: "2025-08-25T05:01:37.8079607+08:00"&#xD;
[xUnit.net 00:03:02.38]       2025-08-25 05:01:37.935 +08:00 [INF] DESKTOP-J6M8022 34732/1 SystemMonitor.Service.Services.RpcHostedService [startup] RPC HostedService 启动&#xD;
[xUnit.net 00:03:02.38]       2025-08-25 05:01:37.935 +08:00 [INF] DESKTOP-J6M8022 34732/1 SystemMonitor.Service.Services.RpcHostedService [startup] 初始化 HistoryStore 开始&#xD;
[xUnit.net 00:03:02.38]       2025-08-25 05:01:38.398 +08:00 [INF] DESKTOP-J6M8022 34732/1 SystemMonitor.Service.Services.HistoryStore HistoryStore initialized at C:\code\sys-sensor-v3\src\SystemMonitor.Service\bin\Release\net8.0\data\metrics.db&#xD;
[xUnit.net 00:03:02.38]       2025-08-25 05:01:38.405 +08:00 [INF] DESKTOP-J6M8022 34732/1 SystemMonitor.Service.Services.RpcHostedService [startup] 初始化 HistoryStore 结束，用时 469ms&#xD;
[xUnit.net 00:03:02.38]       2025-08-25 05:01:38.407 +08:00 [INF] DESKTOP-J6M8022 34732/1 SystemMonitor.Service.Services.RpcHostedService [startup] 创建命名管道实例&#xD;
[xUnit.net 00:03:02.39]       2025-08-25 05:01:38.419 +08:00 [INF] DESKTOP-J6M8022 34732/1 SystemMonitor.Service.Services.RpcHostedService [startup] 命名管道已创建，等待客户端连接…&#xD;
[xUnit.net 00:03:02.39]       2025-08-25 05:01:38.444 +08:00 [INF] DESKTOP-J6M8022 34732/6 SystemMonitor.Service.Services.RpcHostedService [startup] 接受到一个客户端连接&#xD;
[xUnit.net 00:03:02.39]       2025-08-25 05:01:38.453 +08:00 [INF] DESKTOP-J6M8022 34732/6 SystemMonitor.Service.Services.RpcHostedService 客户端已连接&#xD;
[xUnit.net 00:03:02.39]       2025-08-25 05:01:38.471 +08:00 [INF] DESKTOP-J6M8022 34732/6 SystemMonitor.Service.Services.RpcHostedService 客户端会话建立: conn="734b55e5-728f-48e4-9b62-8a9413075dca"&#xD;
[xUnit.net 00:03:02.39]       2025-08-25 05:01:38.562 +08:00 [INF] DESKTOP-J6M8022 34732/6 SystemMonitor.Service.Services.RpcHostedService [startup] 创建命名管道实例&#xD;
[xUnit.net 00:03:02.39]       2025-08-25 05:01:38.562 +08:00 [INF] DESKTOP-J6M8022 34732/6 SystemMonitor.Service.Services.RpcHostedService [startup] 命名管道已创建，等待客户端连接…&#xD;
[xUnit.net 00:03:02.39]       2025-08-25 05:01:38.610 +08:00 [INF] DESKTOP-J6M8022 34732/10 SystemMonitor.Service.Services.RpcHostedService [startup] 接受到一个客户端连接&#xD;
[xUnit.net 00:03:02.39]       2025-08-25 05:01:38.610 +08:00 [INF] DESKTOP-J6M8022 34732/10 SystemMonitor.Service.Services.RpcHostedService 客户端已连接&#xD;
[xUnit.net 00:03:02.39]       2025-08-25 05:01:38.610 +08:00 [INF] DESKTOP-J6M8022 34732/10 SystemMonitor.Service.Services.RpcHostedService 客户端会话建立: conn="fb66b4fa-8001-471c-b2ed-81bf956028a1"&#xD;
[xUnit.net 00:03:02.39]       2025-08-25 05:01:38.612 +08:00 [INF] DESKTOP-J6M8022 34732/10 SystemMonitor.Service.Services.RpcHostedService [startup] 创建命名管道实例&#xD;
[xUnit.net 00:03:02.39]       2025-08-25 05:01:38.612 +08:00 [INF] DESKTOP-J6M8022 34732/10 SystemMonitor.Service.Services.RpcHostedService [startup] 命名管道已创建，等待客户端连接…&#xD;
[xUnit.net 00:03:02.39]       2025-08-25 05:01:38.622 +08:00 [INF] DESKTOP-J6M8022 34732/6 SystemMonitor.Service.Services.RpcHostedService [startup] 接受到一个客户端连接&#xD;
[xUnit.net 00:03:02.39]       2025-08-25 05:01:38.623 +08:00 [INF] DESKTOP-J6M8022 34732/6 SystemMonitor.Service.Services.RpcHostedService 客户端已连接&#xD;
[xUnit.net 00:03:02.39]       2025-08-25 05:01:38.623 +08:00 [INF] DESKTOP-J6M8022 34732/6 SystemMonitor.Service.Services.RpcHostedService 客户端会话建立: conn="8c1b8b00-1cb6-45fb-94e4-94ff9aa76566"&#xD;
[xUnit.net 00:03:02.39]       2025-08-25 05:01:38.626 +08:00 [INF] DESKTOP-J6M8022 34732/6 SystemMonitor.Service.Services.RpcHostedService [startup] 创建命名管道实例&#xD;
[xUnit.net 00:03:02.39]       2025-08-25 05:01:38.627 +08:00 [INF] DESKTOP-J6M8022 34732/6 SystemMonitor.Service.Services.RpcHostedService [startup] 命名管道已创建，等待客户端连接…&#xD;
[xUnit.net 00:03:02.39]       2025-08-25 05:01:38.703 +08:00 [INF] DESKTOP-J6M8022 34732/12 SystemMonitor.Service.Services.RpcHostedService set_config 收到: base_interval_ms=0, max_concurrency=null, enabled_modules=[null], sync_exempt_modules=[null], module_intervals=[], peripherals_winrt_fallback_enabled=null&#xD;
[xUnit.net 00:03:02.39]       2025-08-25 05:01:38.779 +08:00 [INF] DESKTOP-J6M8022 34732/13 SystemMonitor.Service.Services.RpcHostedService [startup] 接受到一个客户端连接&#xD;
[xUnit.net 00:03:02.39]       2025-08-25 05:01:38.779 +08:00 [INF] DESKTOP-J6M8022 34732/13 SystemMonitor.Service.Services.RpcHostedService 客户端已连接&#xD;
[xUnit.net 00:03:02.39]       2025-08-25 05:01:38.779 +08:00 [INF] DESKTOP-J6M8022 34732/13 SystemMonitor.Service.Services.RpcHostedService 客户端会话建立: conn="daa91532-48d2-47c3-8f71-ad1df30245f6"&#xD;
[xUnit.net 00:03:02.39]       2025-08-25 05:01:38.780 +08:00 [INF] DESKTOP-J6M8022 34732/13 SystemMonitor.Service.Services.RpcHostedService [startup] 创建命名管道实例&#xD;
[xUnit.net 00:03:02.39]       2025-08-25 05:01:38.780 +08:00 [INF] DESKTOP-J6M8022 34732/13 SystemMonitor.Service.Services.RpcHostedService [startup] 命名管道已创建，等待客户端连接…&#xD;
[xUnit.net 00:03:02.39]       2025-08-25 05:01:38.855 +08:00 [INF] DESKTOP-J6M8022 34732/11 SystemMonitor.Service.Services.RpcHostedService 客户端断开：已达到流的结尾。 conn="daa91532-48d2-47c3-8f71-ad1df30245f6"&#xD;
[xUnit.net 00:03:02.39]       2025-08-25 05:01:38.944 +08:00 [INF] DESKTOP-J6M8022 34732/11 SystemMonitor.Service.Worker Worker running at: "2025-08-25T05:01:38.9441306+08:00"&#xD;
[xUnit.net 00:03:02.39]       2025-08-25 05:01:46.318 +08:00 [INF] DESKTOP-J6M8022 49332/1 SystemMonitor.Service.Worker Worker running at: "2025-08-25T05:01:46.2795639+08:00"&#xD;
[xUnit.net 00:03:02.39]       2025-08-25 05:01:46.416 +08:00 [INF] DESKTOP-J6M8022 49332/1 SystemMonitor.Service.Services.RpcHostedService [startup] RPC HostedService 启动&#xD;
[xUnit.net 00:03:02.39]       2025-08-25 05:01:46.417 +08:00 [INF] DESKTOP-J6M8022 49332/1 SystemMonitor.Service.Services.RpcHostedService [startup] 初始化 HistoryStore 开始&#xD;
[xUnit.net 00:03:02.39]       2025-08-25 05:01:46.778 +08:00 [INF] DESKTOP-J6M8022 49332/1 SystemMonitor.Service.Services.HistoryStore HistoryStore initialized at C:\code\sys-sensor-v3\src\SystemMonitor.Service\bin\Release\net8.0\data\metrics.db&#xD;
[xUnit.net 00:03:02.39]       2025-08-25 05:01:46.785 +08:00 [INF] DESKTOP-J6M8022 49332/1 SystemMonitor.Service.Services.RpcHostedService [startup] 初始化 HistoryStore 结束，用时 368ms&#xD;
[xUnit.net 00:03:02.39]       2025-08-25 05:01:46.787 +08:00 [INF] DESKTOP-J6M8022 49332/1 SystemMonitor.Service.Services.RpcHostedService [startup] 创建命名管道实例&#xD;
[xUnit.net 00:03:02.39]       2025-08-25 05:01:46.801 +08:00 [INF] DESKTOP-J6M8022 49332/1 SystemMonitor.Service.Services.RpcHostedService [startup] 命名管道已创建，等待客户端连接…&#xD;
[xUnit.net 00:03:02.39]       2025-08-25 05:01:46.829 +08:00 [INF] DESKTOP-J6M8022 49332/9 SystemMonitor.Service.Services.RpcHostedService [startup] 接受到一个客户端连接&#xD;
[xUnit.net 00:03:02.39]       2025-08-25 05:01:46.838 +08:00 [INF] DESKTOP-J6M8022 49332/9 SystemMonitor.Service.Services.RpcHostedService 客户端已连接&#xD;
[xUnit.net 00:03:02.39]       2025-08-25 05:01:46.857 +08:00 [INF] DESKTOP-J6M8022 49332/9 SystemMonitor.Service.Services.RpcHostedService 客户端会话建立: conn="bb4acf8a-7288-42fd-904c-86c5499097c0"&#xD;
[xUnit.net 00:03:02.39]       2025-08-25 05:01:46.995 +08:00 [INF] DESKTOP-J6M8022 49332/9 SystemMonitor.Service.Services.RpcHostedService [startup] 创建命名管道实例&#xD;
[xUnit.net 00:03:02.39]       2025-08-25 05:01:46.996 +08:00 [INF] DESKTOP-J6M8022 49332/9 SystemMonitor.Service.Services.RpcHostedService [startup] 命名管道已创建，等待客户端连接…&#xD;
[xUnit.net 00:03:02.39]       2025-08-25 05:01:47.028 +08:00 [INF] DESKTOP-J6M8022 49332/6 SystemMonitor.Service.Services.RpcHostedService [startup] 接受到一个客户端连接&#xD;
[xUnit.net 00:03:02.39]       2025-08-25 05:01:47.029 +08:00 [INF] DESKTOP-J6M8022 49332/6 SystemMonitor.Service.Services.RpcHostedService 客户端已连接&#xD;
[xUnit.net 00:03:02.39]       2025-08-25 05:01:47.029 +08:00 [INF] DESKTOP-J6M8022 49332/6 SystemMonitor.Service.Services.RpcHostedService 客户端会话建立: conn="d3477ebd-6224-4d32-809b-baa84259ec9c"&#xD;
[xUnit.net 00:03:02.39]       2025-08-25 05:01:47.036 +08:00 [INF] DESKTOP-J6M8022 49332/6 SystemMonitor.Service.Services.RpcHostedService [startup] 创建命名管道实例&#xD;
[xUnit.net 00:03:02.39]       2025-08-25 05:01:47.036 +08:00 [INF] DESKTOP-J6M8022 49332/6 SystemMonitor.Service.Services.RpcHostedService [startup] 命名管道已创建，等待客户端连接…&#xD;
[xUnit.net 00:03:02.39]       2025-08-25 05:01:47.139 +08:00 [INF] DESKTOP-J6M8022 49332/9 SystemMonitor.Service.Services.RpcHostedService hello: app=1.0.0 proto=1 caps=[metrics_stream] conn="d3477ebd-6224-4d32-809b-baa84259ec9c"&#xD;
[xUnit.net 00:03:02.39]       2025-08-25 05:01:47.141 +08:00 [INF] DESKTOP-J6M8022 49332/9 SystemMonitor.Service.Services.RpcHostedService hello ok (bridge): app=1.0.0 proto=1 caps=[metrics_stream] session_id=f67766d5-91c2-4dbd-93d3-b9dfb1d326d7 conn="d3477ebd-6224-4d32-809b-baa84259ec9c"&#xD;
[xUnit.net 00:03:02.39]       2025-08-25 05:01:47.207 +08:00 [INF] DESKTOP-J6M8022 49332/8 SystemMonitor.Service.Services.RpcHostedService subscribe_metrics: enable=true conn="d3477ebd-6224-4d32-809b-baa84259ec9c"&#xD;
[xUnit.net 00:03:02.39]       2025-08-25 05:01:47.236 +08:00 [INF] DESKTOP-J6M8022 49332/9 SystemMonitor.Service.Services.RpcHostedService set_config 收到: base_interval_ms=400, max_concurrency=null, enabled_modules=[null], sync_exempt_modules=[null], module_intervals=[], peripherals_winrt_fallback_enabled=null&#xD;
[xUnit.net 00:03:02.39]       2025-08-25 05:01:47.236 +08:00 [INF] DESKTOP-J6M8022 49332/9 SystemMonitor.Service.Services.RpcHostedService set_config: base_interval_ms -&gt; 400ms&#xD;
[xUnit.net 00:03:02.39]       2025-08-25 05:01:47.393 +08:00 [INF] DESKTOP-J6M8022 49332/9 SystemMonitor.Service.Services.RpcHostedService [startup] 接受到一个客户端连接&#xD;
[xUnit.net 00:03:02.39]       2025-08-25 05:01:47.393 +08:00 [INF] DESKTOP-J6M8022 49332/9 SystemMonitor.Service.Services.RpcHostedService 客户端已连接&#xD;
[xUnit.net 00:03:02.39]       2025-08-25 05:01:47.393 +08:00 [INF] DESKTOP-J6M8022 49332/9 SystemMonitor.Service.Services.RpcHostedService 客户端会话建立: conn="30ca990e-d13a-4804-a692-33883dddf796"&#xD;
[xUnit.net 00:03:02.39]       2025-08-25 05:01:47.394 +08:00 [INF] DESKTOP-J6M8022 49332/9 SystemMonitor.Service.Services.RpcHostedService [startup] 创建命名管道实例&#xD;
[xUnit.net 00:03:02.39]       2025-08-25 05:01:47.394 +08:00 [INF] DESKTOP-J6M8022 49332/9 SystemMonitor.Service.Services.RpcHostedService [startup] 命名管道已创建，等待客户端连接…&#xD;
[xUnit.net 00:03:02.39]       2025-08-25 05:01:47.405 +08:00 [INF] DESKTOP-J6M8022 49332/13 SystemMonitor.Service.Services.RpcHostedService hello: app=tauri-bridge proto=1 caps=[metrics_stream] conn="30ca990e-d13a-4804-a692-33883dddf796"&#xD;
[xUnit.net 00:03:02.39]       2025-08-25 05:01:47.405 +08:00 [INF] DESKTOP-J6M8022 49332/13 SystemMonitor.Service.Services.RpcHostedService hello ok (bridge): app=tauri-bridge proto=1 caps=[metrics_stream] session_id=bb11c9f4-7cf1-49a1-94d6-d850c7f3916f conn="30ca990e-d13a-4804-a692-33883dddf796"&#xD;
[xUnit.net 00:03:02.39]       2025-08-25 05:01:47.409 +08:00 [INF] DESKTOP-J6M8022 49332/13 SystemMonitor.Service.Worker Worker running at: "2025-08-25T05:01:47.4097555+08:00"&#xD;
[xUnit.net 00:03:02.39]       2025-08-25 05:01:47.462 +08:00 [INF] DESKTOP-J6M8022 49332/8 SystemMonitor.Service.Services.RpcHostedService subscribe_metrics: enable=true conn="30ca990e-d13a-4804-a692-33883dddf796"&#xD;
[xUnit.net 00:03:02.39]       2025-08-25 05:01:47.526 +08:00 [INF] DESKTOP-J6M8022 49332/13 SystemMonitor.Service.Services.RpcHostedService prewarm metrics sent after hello: ts=1756069307442 conn="d3477ebd-6224-4d32-809b-baa84259ec9c"&#xD;
[xUnit.net 00:03:02.39]       2025-08-25 05:01:47.635 +08:00 [INF] DESKTOP-J6M8022 49332/13 SystemMonitor.Service.Services.RpcHostedService subscribe_metrics: enable=true conn="30ca990e-d13a-4804-a692-33883dddf796"&#xD;
[xUnit.net 00:03:02.39]       2025-08-25 05:01:47.642 +08:00 [INF] DESKTOP-J6M8022 49332/15 SystemMonitor.Service.Services.RpcHostedService prewarm metrics sent after set_config: ts=1756069307461 conn="d3477ebd-6224-4d32-809b-baa84259ec9c"&#xD;
[xUnit.net 00:03:02.39]       2025-08-25 05:01:47.644 +08:00 [INF] DESKTOP-J6M8022 49332/15 SystemMonitor.Service.Services.RpcHostedService prewarm metrics sent after subscribe_metrics: ts=1756069307527 conn="d3477ebd-6224-4d32-809b-baa84259ec9c"&#xD;
[xUnit.net 00:03:02.39]       2025-08-25 05:01:47.728 +08:00 [INF] DESKTOP-J6M8022 49332/15 SystemMonitor.Service.Services.RpcHostedService start called, modules=cpu,mem,disk,network&#xD;
[xUnit.net 00:03:02.39]       2025-08-25 05:01:47.728 +08:00 [INF] DESKTOP-J6M8022 49332/15 SystemMonitor.Service.Services.RpcHostedService 自动启动采集模块成功&#xD;
[xUnit.net 00:03:02.39]       2025-08-25 05:01:47.736 +08:00 [INF] DESKTOP-J6M8022 49332/15 SystemMonitor.Service.Services.RpcHostedService burst_subscribe: interval=100ms ttl=600ms -&gt; expires_at=1756069308336&#xD;
[xUnit.net 00:03:02.39]       2025-08-25 05:01:47.766 +08:00 [INF] DESKTOP-J6M8022 49332/15 SystemMonitor.Service.Services.RpcHostedService burst tick metrics sent: ts=1756069307743 interval=100 conn="d3477ebd-6224-4d32-809b-baa84259ec9c"&#xD;
[xUnit.net 00:03:02.39]       2025-08-25 05:01:47.812 +08:00 [INF] DESKTOP-J6M8022 49332/15 SystemMonitor.Service.Services.RpcHostedService state emitted: phase=start reason=null&#xD;
[xUnit.net 00:03:02.39]       2025-08-25 05:01:47.929 +08:00 [INF] DESKTOP-J6M8022 49332/15 SystemMonitor.Service.Services.RpcHostedService prewarm metrics sent after hello: ts=1756069307898 conn="30ca990e-d13a-4804-a692-33883dddf796"&#xD;
[xUnit.net 00:03:02.39]       2025-08-25 05:01:56.730 +08:00 [INF] DESKTOP-J6M8022 48268/1 SystemMonitor.Service.Worker Worker running at: "2025-08-25T05:01:56.6915136+08:00"&#xD;
[xUnit.net 00:03:02.39]       2025-08-25 05:01:56.832 +08:00 [INF] DESKTOP-J6M8022 48268/1 SystemMonitor.Service.Services.RpcHostedService [startup] RPC HostedService 启动&#xD;
[xUnit.net 00:03:02.39]       2025-08-25 05:01:56.833 +08:00 [INF] DESKTOP-J6M8022 48268/1 SystemMonitor.Service.Services.RpcHostedService [startup] 初始化 HistoryStore 开始&#xD;
[xUnit.net 00:03:02.39]       2025-08-25 05:01:57.112 +08:00 [INF] DESKTOP-J6M8022 48268/1 SystemMonitor.Service.Services.HistoryStore HistoryStore initialized at C:\code\sys-sensor-v3\src\SystemMonitor.Service\bin\Release\net8.0\data\metrics.db&#xD;
[xUnit.net 00:03:02.39]       2025-08-25 05:01:57.115 +08:00 [INF] DESKTOP-J6M8022 48268/1 SystemMonitor.Service.Services.RpcHostedService [startup] 初始化 HistoryStore 结束，用时 282ms&#xD;
[xUnit.net 00:03:02.39]       2025-08-25 05:01:57.117 +08:00 [INF] DESKTOP-J6M8022 48268/1 SystemMonitor.Service.Services.RpcHostedService [startup] 创建命名管道实例&#xD;
[xUnit.net 00:03:02.39]       2025-08-25 05:01:57.123 +08:00 [INF] DESKTOP-J6M8022 48268/1 SystemMonitor.Service.Services.RpcHostedService [startup] 命名管道已创建，等待客户端连接…&#xD;
[xUnit.net 00:03:02.39]       2025-08-25 05:01:57.151 +08:00 [INF] DESKTOP-J6M8022 48268/9 SystemMonitor.Service.Services.RpcHostedService [startup] 接受到一个客户端连接&#xD;
[xUnit.net 00:03:02.39]       2025-08-25 05:01:57.157 +08:00 [INF] DESKTOP-J6M8022 48268/9 SystemMonitor.Service.Services.RpcHostedService 客户端已连接&#xD;
[xUnit.net 00:03:02.39]       2025-08-25 05:01:57.169 +08:00 [INF] DESKTOP-J6M8022 48268/9 SystemMonitor.Service.Services.RpcHostedService 客户端会话建立: conn="fce8a0b2-79d9-496d-8128-2b3cbe6c3f2f"&#xD;
[xUnit.net 00:03:02.39]       2025-08-25 05:01:57.221 +08:00 [INF] DESKTOP-J6M8022 48268/9 SystemMonitor.Service.Services.RpcHostedService [startup] 创建命名管道实例&#xD;
[xUnit.net 00:03:02.39]       2025-08-25 05:01:57.221 +08:00 [INF] DESKTOP-J6M8022 48268/9 SystemMonitor.Service.Services.RpcHostedService [startup] 命名管道已创建，等待客户端连接…&#xD;
[xUnit.net 00:03:02.39]       2025-08-25 05:01:57.235 +08:00 [INF] DESKTOP-J6M8022 48268/10 SystemMonitor.Service.Services.RpcHostedService [startup] 接受到一个客户端连接&#xD;
[xUnit.net 00:03:02.39]       2025-08-25 05:01:57.235 +08:00 [INF] DESKTOP-J6M8022 48268/10 SystemMonitor.Service.Services.RpcHostedService 客户端已连接&#xD;
[xUnit.net 00:03:02.39]       2025-08-25 05:01:57.235 +08:00 [INF] DESKTOP-J6M8022 48268/10 SystemMonitor.Service.Services.RpcHostedService 客户端会话建立: conn="a4a14ed4-09a8-4d74-a018-8d10c8e3443f"&#xD;
[xUnit.net 00:03:02.39]       2025-08-25 05:01:57.236 +08:00 [INF] DESKTOP-J6M8022 48268/10 SystemMonitor.Service.Services.RpcHostedService [startup] 创建命名管道实例&#xD;
[xUnit.net 00:03:02.39]       2025-08-25 05:01:57.237 +08:00 [INF] DESKTOP-J6M8022 48268/10 SystemMonitor.Service.Services.RpcHostedService [startup] 命名管道已创建，等待客户端连接…&#xD;
[xUnit.net 00:03:02.39]       2025-08-25 05:01:57.329 +08:00 [INF] DESKTOP-J6M8022 48268/12 SystemMonitor.Service.Services.RpcHostedService hello: app=1.0.0 proto=2 caps=[] conn="a4a14ed4-09a8-4d74-a018-8d10c8e3443f"&#xD;
[xUnit.net 00:03:02.39]       2025-08-25 05:01:57.330 +08:00 [WRN] DESKTOP-J6M8022 48268/12 SystemMonitor.Service.Services.RpcHostedService hello validation failed: unsupported protocol_version=2&#xD;
[xUnit.net 00:03:02.39]       2025-08-25 05:02:02.301 +08:00 [INF] DESKTOP-J6M8022 41948/1 SystemMonitor.Service.Worker Worker running at: "2025-08-25T05:02:02.2724216+08:00"&#xD;
[xUnit.net 00:03:02.39]       2025-08-25 05:02:02.399 +08:00 [INF] DESKTOP-J6M8022 41948/1 SystemMonitor.Service.Services.RpcHostedService [startup] RPC HostedService 启动&#xD;
[xUnit.net 00:03:02.39]       2025-08-25 05:02:02.399 +08:00 [INF] DESKTOP-J6M8022 41948/1 SystemMonitor.Service.Services.RpcHostedService [startup] 初始化 HistoryStore 开始&#xD;
[xUnit.net 00:03:02.39]       2025-08-25 05:02:02.687 +08:00 [INF] DESKTOP-J6M8022 41948/1 SystemMonitor.Service.Services.HistoryStore HistoryStore initialized at C:\code\sys-sensor-v3\src\SystemMonitor.Service\bin\Release\net8.0\data\metrics.db&#xD;
[xUnit.net 00:03:02.39]       2025-08-25 05:02:02.693 +08:00 [INF] DESKTOP-J6M8022 41948/1 SystemMonitor.Service.Services.RpcHostedService [startup] 初始化 HistoryStore 结束，用时 293ms&#xD;
[xUnit.net 00:03:02.39]       2025-08-25 05:02:02.696 +08:00 [INF] DESKTOP-J6M8022 41948/1 SystemMonitor.Service.Services.RpcHostedService [startup] 创建命名管道实例&#xD;
[xUnit.net 00:03:02.39]       2025-08-25 05:02:02.703 +08:00 [INF] DESKTOP-J6M8022 41948/1 SystemMonitor.Service.Services.RpcHostedService [startup] 命名管道已创建，等待客户端连接…&#xD;
[xUnit.net 00:03:02.39]       2025-08-25 05:02:02.918 +08:00 [INF] DESKTOP-J6M8022 41948/6 SystemMonitor.Service.Services.RpcHostedService [startup] 接受到一个客户端连接&#xD;
[xUnit.net 00:03:02.39]       2025-08-25 05:02:02.927 +08:00 [INF] DESKTOP-J6M8022 41948/6 SystemMonitor.Service.Services.RpcHostedService 客户端已连接&#xD;
[xUnit.net 00:03:02.39]       2025-08-25 05:02:02.940 +08:00 [INF] DESKTOP-J6M8022 41948/6 SystemMonitor.Service.Services.RpcHostedService 客户端会话建立: conn="429f62b1-c11d-4137-ac2e-751f272b0c63"&#xD;
[xUnit.net 00:03:02.39]       2025-08-25 05:02:03.019 +08:00 [INF] DESKTOP-J6M8022 41948/6 SystemMonitor.Service.Services.RpcHostedService [startup] 创建命名管道实例&#xD;
[xUnit.net 00:03:02.39]       2025-08-25 05:02:03.019 +08:00 [INF] DESKTOP-J6M8022 41948/6 SystemMonitor.Service.Services.RpcHostedService [startup] 命名管道已创建，等待客户端连接…&#xD;
[xUnit.net 00:03:02.39]       2025-08-25 05:02:03.213 +08:00 [INF] DESKTOP-J6M8022 41948/10 SystemMonitor.Service.Services.RpcHostedService set_config 收到: base_interval_ms=200, max_concurrency=null, enabled_modules=[null], sync_exempt_modules=[null], module_intervals=[], peripherals_winrt_fallback_enabled=null&#xD;
[xUnit.net 00:03:02.39]       2025-08-25 05:02:03.214 +08:00 [INF] DESKTOP-J6M8022 41948/10 SystemMonitor.Service.Services.RpcHostedService set_config: base_interval_ms -&gt; 200ms&#xD;
[xUnit.net 00:03:02.39]       2025-08-25 05:02:03.383 +08:00 [INF] DESKTOP-J6M8022 41948/10 SystemMonitor.Service.Services.RpcHostedService burst_subscribe: interval=200ms ttl=1500ms -&gt; expires_at=1756069324883&#xD;
[xUnit.net 00:03:02.39]       2025-08-25 05:02:03.496 +08:00 [INF] DESKTOP-J6M8022 41948/10 SystemMonitor.Service.Worker Worker running at: "2025-08-25T05:02:03.4963600+08:00"&#xD;
[xUnit.net 00:03:02.39]       2025-08-25 05:02:03.581 +08:00 [INF] DESKTOP-J6M8022 41948/12 SystemMonitor.Service.Services.RpcHostedService state emitted: phase=burst reason=null&#xD;
[xUnit.net 00:03:02.39]       2025-08-25 05:02:08.745 +08:00 [INF] DESKTOP-J6M8022 14320/1 SystemMonitor.Service.Worker Worker running at: "2025-08-25T05:02:08.6943326+08:00"&#xD;
[xUnit.net 00:03:02.39]       2025-08-25 05:02:08.912 +08:00 [INF] DESKTOP-J6M8022 14320/1 SystemMonitor.Service.Services.RpcHostedService [startup] RPC HostedService 启动&#xD;
[xUnit.net 00:03:02.39]       2025-08-25 05:02:08.912 +08:00 [INF] DESKTOP-J6M8022 14320/1 SystemMonitor.Service.Services.RpcHostedService [startup] 初始化 HistoryStore 开始&#xD;
[xUnit.net 00:03:02.39]       2025-08-25 05:02:09.188 +08:00 [INF] DESKTOP-J6M8022 14320/1 SystemMonitor.Service.Services.HistoryStore HistoryStore initialized at C:\code\sys-sensor-v3\src\SystemMonitor.Service\bin\Release\net8.0\data\metrics.db&#xD;
[xUnit.net 00:03:02.39]       2025-08-25 05:02:09.192 +08:00 [INF] DESKTOP-J6M8022 14320/1 SystemMonitor.Service.Services.RpcHostedService [startup] 初始化 HistoryStore 结束，用时 279ms&#xD;
[xUnit.net 00:03:02.39]       2025-08-25 05:02:09.194 +08:00 [INF] DESKTOP-J6M8022 14320/1 SystemMonitor.Service.Services.RpcHostedService [startup] 创建命名管道实例&#xD;
[xUnit.net 00:03:02.39]       2025-08-25 05:02:09.200 +08:00 [INF] DESKTOP-J6M8022 14320/1 SystemMonitor.Service.Services.RpcHostedService [startup] 命名管道已创建，等待客户端连接…&#xD;
[xUnit.net 00:03:02.39]       2025-08-25 05:02:09.213 +08:00 [INF] DESKTOP-J6M8022 14320/6 SystemMonitor.Service.Services.RpcHostedService [startup] 接受到一个客户端连接&#xD;
[xUnit.net 00:03:02.39]       2025-08-25 05:02:09.221 +08:00 [INF] DESKTOP-J6M8022 14320/6 SystemMonitor.Service.Services.RpcHostedService 客户端已连接&#xD;
[xUnit.net 00:03:02.39]       2025-08-25 05:02:09.234 +08:00 [INF] DESKTOP-J6M8022 14320/6 SystemMonitor.Service.Services.RpcHostedService 客户端会话建立: conn="017e2d7e-096d-4b53-b4d9-9be7de31e873"&#xD;
[xUnit.net 00:03:02.39]       2025-08-25 05:02:09.302 +08:00 [INF] DESKTOP-J6M8022 14320/6 SystemMonitor.Service.Services.RpcHostedService [startup] 创建命名管道实例&#xD;
[xUnit.net 00:03:02.39]       2025-08-25 05:02:09.303 +08:00 [INF] DESKTOP-J6M8022 14320/6 SystemMonitor.Service.Services.RpcHostedService [startup] 命名管道已创建，等待客户端连接…&#xD;
[xUnit.net 00:03:02.39]       2025-08-25 05:02:09.474 +08:00 [INF] DESKTOP-J6M8022 14320/10 SystemMonitor.Service.Services.RpcHostedService hello: app=1.0.0 proto=1 caps=[unknown_cap] conn="017e2d7e-096d-4b53-b4d9-9be7de31e873"&#xD;
[xUnit.net 00:03:02.39]       2025-08-25 05:02:09.475 +08:00 [WRN] DESKTOP-J6M8022 14320/10 SystemMonitor.Service.Services.RpcHostedService hello validation failed: unsupported capabilities=unknown_cap&#xD;
[xUnit.net 00:03:02.39]       Stack Trace:&#xD;
[xUnit.net 00:03:02.39]         C:\code\sys-sensor-v3\src\SystemMonitor.Tests\EndToEndTests.cs(151,0): at SystemMonitor.Tests.EndToEndTests.WaitPipeReadyAsync(TimeSpan timeout)&#xD;
[xUnit.net 00:03:02.39]         C:\code\sys-sensor-v3\src\SystemMonitor.Tests\EndToEndTests.cs(278,0): at SystemMonitor.Tests.EndToEndTests.InitializeAsync()&#xD;
[test][pipe-wait] last-win32=2 elapsed=0.0s&#xD;
[svc][out] 正在生成...&#xD;
[test][pipe-wait] last-win32=2 elapsed=0.2s&#xD;
[test][pipe-wait] last-win32=2 elapsed=0.4s&#xD;
[test][pipe-wait] last-win32=2 elapsed=0.6s&#xD;
[test][pipe-wait] last-win32=2 elapsed=0.9s&#xD;
[test][pipe-wait] last-win32=2 elapsed=1.1s&#xD;
[test][pipe-wait] last-win32=2 elapsed=1.3s&#xD;
[test][pipe-wait] last-win32=2 elapsed=1.5s&#xD;
[test][pipe-wait] last-win32=2 elapsed=1.7s&#xD;
[test][pipe-wait] last-win32=2 elapsed=1.9s&#xD;
[test][pipe-wait] last-win32=2 elapsed=2.2s&#xD;
[test][pipe-wait] last-win32=2 elapsed=2.4s&#xD;
[test][pipe-wait] last-win32=2 elapsed=2.6s&#xD;
[test][pipe-wait] last-win32=2 elapsed=2.9s&#xD;
[test][pipe-wait] last-win32=2 elapsed=3.1s&#xD;
[test][pipe-wait] last-win32=2 elapsed=3.4s&#xD;
[test][pipe-wait] last-win32=2 elapsed=3.6s&#xD;
[test][pipe-wait] last-win32=2 elapsed=3.8s&#xD;
[test][pipe-wait] last-win32=2 elapsed=4.0s&#xD;
[test][pipe-wait] last-win32=2 elapsed=4.2s&#xD;
[test][pipe-wait] last-win32=2 elapsed=4.5s&#xD;
[test][pipe-wait] last-win32=2 elapsed=4.7s&#xD;
[svc][out] [BOOT] Program start&#xD;
[svc][out] [BOOT] Invoking root command...&#xD;
[svc][out] [BOOT] Host builder created&#xD;
[svc][out] [BOOT] Building host...&#xD;
[test][pipe-wait] last-win32=2 elapsed=4.9s&#xD;
[test][pipe-wait] last-win32=2 elapsed=5.1s&#xD;
[svc][out] [BOOT] Host built&#xD;
[svc][out] [SystemMonitor.Service] Running in CONSOLE mode. Use --service to run as Windows Service.&#xD;
[test][pipe-wait] last-win32=2 elapsed=5.4s&#xD;
[test][pipe-wait] last-win32=2 elapsed=5.6s&#xD;
[test][pipe-wait] last-win32=2 elapsed=5.8s&#xD;
[test][pipe-wait] last-win32=2 elapsed=0.0s&#xD;
[svc][out] 正在生成...&#xD;
[test][pipe-wait] last-win32=2 elapsed=0.2s&#xD;
[test][pipe-wait] last-win32=2 elapsed=0.4s&#xD;
[test][pipe-wait] last-win32=2 elapsed=0.6s&#xD;
[test][pipe-wait] last-win32=2 elapsed=0.9s&#xD;
[test][pipe-wait] last-win32=2 elapsed=1.1s&#xD;
[test][pipe-wait] last-win32=2 elapsed=1.3s&#xD;
[test][pipe-wait] last-win32=2 elapsed=1.5s&#xD;
[test][pipe-wait] last-win32=2 elapsed=1.8s&#xD;
[test][pipe-wait] last-win32=2 elapsed=2.0s&#xD;
[test][pipe-wait] last-win32=2 elapsed=2.2s&#xD;
[test][pipe-wait] last-win32=2 elapsed=2.5s&#xD;
[test][pipe-wait] last-win32=2 elapsed=2.7s&#xD;
[test][pipe-wait] last-win32=2 elapsed=3.0s&#xD;
[xUnit.net 00:03:15.08]   Finished:    SystemMonitor.Tests&#xD;
</StdOut>
    </Output>
    <RunInfos>
      <RunInfo computerName="DESKTOP-J6M8022" outcome="Error" timestamp="2025-08-25T05:00:03.8885616+08:00">
        <Text>[xUnit.net 00:00:53.87]     SystemMonitor.Tests.StabilityTests.HighFrequency_Snapshot_Loop_Is_Stable_For_Short_Window [FAIL]</Text>
      </RunInfo>
      <RunInfo computerName="DESKTOP-J6M8022" outcome="Warning" timestamp="2025-08-25T05:00:06.4256887+08:00">
        <Text>[xUnit.net 00:00:56.41]     SystemMonitor.Tests.ContractTests.SetLogLevel_Request_Serializes_To_SnakeCase [SKIP]</Text>
      </RunInfo>
      <RunInfo computerName="DESKTOP-J6M8022" outcome="Warning" timestamp="2025-08-25T05:00:06.4536090+08:00">
        <Text>[xUnit.net 00:00:56.44]     SystemMonitor.Tests.ContractTests.UpdateApply_Request_Serializes_To_SnakeCase [SKIP]</Text>
      </RunInfo>
      <RunInfo computerName="DESKTOP-J6M8022" outcome="Warning" timestamp="2025-08-25T05:00:06.4555962+08:00">
        <Text>[xUnit.net 00:00:56.44]     SystemMonitor.Tests.ContractTests.UpdateCheck_Request_Serializes_To_SnakeCase [SKIP]</Text>
      </RunInfo>
      <RunInfo computerName="DESKTOP-J6M8022" outcome="Error" timestamp="2025-08-25T05:01:49.3304795+08:00">
        <Text>[xUnit.net 00:02:39.32]     SystemMonitor.Tests.EndToEndTests.Metrics_Throttle_Burst_Recovery_Works [FAIL]</Text>
      </RunInfo>
      <RunInfo computerName="DESKTOP-J6M8022" outcome="Error" timestamp="2025-08-25T05:02:12.3948422+08:00">
        <Text>[xUnit.net 00:03:02.38]     SystemMonitor.Tests.EndToEndTests.Hello_Then_Snapshot_Works [FAIL]</Text>
      </RunInfo>
    </RunInfos>
  </ResultSummary>
</TestRun>